2026-07-21 15:40:56,559 INFO Saved: data/2026-07-21/tradeSummary_2026-07-21.json
2026-07-21 15:40:57,502 INFO Saved: data/2026-07-21/todaySharePrice_2026-07-21.json
2026-07-21 15:40:58,764 INFO Saved: data/2026-07-21/topGainers_2026-07-21.json
2026-07-21 15:40:59,287 INFO Saved: data/2026-07-21/topLooses_2026-07-21.json
2026-07-21 15:41:00,187 INFO Saved: data/2026-07-21/mostActiveTrades_2026-07-21.json
2026-07-21 15:41:01,071 INFO Saved: data/2026-07-21/marketSummery_2026-07-21.json
2026-07-21 15:41:06,317 INFO Saved: data/2026-07-21/aspiData_2026-07-21.json
2026-07-21 15:41:07,291 INFO Saved: data/2026-07-21/snpData_2026-07-21.json
2026-07-21 15:41:08,176 INFO Saved: data/2026-07-21/allSectors_2026-07-21.json
2026-07-21 15:41:09,629 INFO Saved: data/2026-07-21/detailedTrades_2026-07-21.json
2026-07-21 15:41:10,642 INFO Saved: data/2026-07-21/dailyMarketSummery_2026-07-21.json
2026-07-21 15:41:11,782 INFO Saved: data/2026-07-21/getContributors_2026-07-21.json
2026-07-21 15:41:13,006 INFO Saved: data/2026-07-21/getContributorsChart_2026-07-21.json
2026-07-21 15:41:13,006 INFO Saved 13 files (0 errors)
2026-07-21 15:41:14,148 INFO APLA.N0000 OK
2026-07-21 15:41:14,149 INFO ACL.N0000 OK
2026-07-21 15:41:14,164 INFO ABAN.N0000 OK
2026-07-21 15:41:14,168 INFO AEL.N0000 OK
2026-07-21 15:41:14,175 INFO AFSL.N0000 OK
2026-07-21 15:41:14,179 INFO ACME.N0000 OK
2026-07-21 15:41:14,641 INFO AGST.X0000 OK
2026-07-21 15:41:14,646 INFO AGST.N0000 OK
2026-07-21 15:41:14,660 INFO AGAL.N0000 OK
2026-07-21 15:41:14,665 INFO AGPL.N0000 OK
2026-07-21 15:41:14,701 INFO SPEN.N0000 OK
2026-07-21 15:41:14,739 INFO ABL.N0000 OK
2026-07-21 15:41:14,784 INFO AHUN.N0000 OK
2026-07-21 15:41:14,797 INFO ALLI.N0000 OK
2026-07-21 15:41:14,799 INFO AFS.N0000 OK
2026-07-21 15:41:14,809 INFO ALUM.N0000 OK
2026-07-21 15:41:15,262 INFO ATLL.N0000 OK
2026-07-21 15:41:15,275 INFO ATL.N0000 OK
2026-07-21 15:41:15,278 INFO TAP.N0000 OK
2026-07-21 15:41:15,917 INFO ALHP.N0000 OK
2026-07-21 15:41:15,929 INFO GREG.N0000 OK
2026-07-21 15:41:15,939 INFO ACAP.N0000 OK
2026-07-21 15:41:15,951 INFO AMCL.N0000 OK
2026-07-21 15:41:15,973 INFO ASIR.N0000 OK
2026-07-21 15:41:15,990 INFO AHPL.N0000 OK
2026-07-21 15:41:16,001 INFO AMSL.N0000 OK
2026-07-21 15:41:16,006 INFO ASIY.N0000 OK
2026-07-21 15:41:16,019 INFO AAF.N0000 OK
2026-07-21 15:41:16,020 INFO AINS.N0000 OK
2026-07-21 15:41:16,528 INFO BPPL.N0000 OK
2026-07-21 15:41:16,531 INFO AMF.N0000 OK
2026-07-21 15:41:16,539 INFO BFL.N0000 OK
2026-07-21 15:41:16,763 INFO BLUE.N0000 OK
2026-07-21 15:41:16,806 INFO BLUE.X0000 OK
2026-07-21 15:41:16,807 INFO BLI.N0000 OK
2026-07-21 15:41:16,821 INFO BERU.N0000 OK
2026-07-21 15:41:16,827 INFO BRR.N0000 OK
2026-07-21 15:41:16,860 INFO BOGA.N0000 OK
2026-07-21 15:41:16,868 INFO BALA.N0000 OK
2026-07-21 15:41:17,128 INFO BRWN.N0000 OK
2026-07-21 15:41:17,143 INFO BOPL.N0000 OK
2026-07-21 15:41:17,160 INFO BIL.N0000 OK
2026-07-21 15:41:17,353 INFO BUKI.N0000 OK
2026-07-21 15:41:17,409 INFO CIC.X0000 OK
2026-07-21 15:41:17,418 INFO CIC.N0000 OK
2026-07-21 15:41:17,782 INFO CTHR.N0000 OK
2026-07-21 15:41:17,785 INFO CWM.N0000 OK
2026-07-21 15:41:17,813 INFO CTLD.N0000 OK
2026-07-21 15:41:17,834 INFO CSLK.N0000 OK
2026-07-21 15:41:17,841 INFO CALT.N0000 OK
2026-07-21 15:41:17,860 INFO CALH.N0000 OK
2026-07-21 15:41:17,863 INFO COLO.N0000 OK
2026-07-21 15:41:17,956 INFO CARG.N0000 OK
2026-07-21 15:41:18,016 INFO CBNK.N0000 OK
2026-07-21 15:41:18,019 INFO CABO.N0000 OK
2026-07-21 15:41:18,325 INFO CFIN.N0000 OK
2026-07-21 15:41:18,381 INFO CARS.N0000 OK
2026-07-21 15:41:18,398 INFO CIND.N0000 OK
2026-07-21 15:41:18,445 INFO CINS.N0000 OK
2026-07-21 15:41:18,457 INFO CINS.X0000 OK
2026-07-21 15:41:18,473 INFO CCS.N0000 OK
2026-07-21 15:41:18,481 INFO BREW.N0000 OK
2026-07-21 15:41:18,552 INFO GRAN.N0000 OK
2026-07-21 15:41:18,611 INFO GUAR.N0000 OK
2026-07-21 15:41:18,653 INFO CHL.N0000 OK
2026-07-21 15:41:18,909 INFO CHL.X0000 OK
2026-07-21 15:41:18,969 INFO CHOT.N0000 OK
2026-07-21 15:41:18,980 INFO CINV.N0000 OK
2026-07-21 15:41:19,043 INFO KZOO.N0000 OK
2026-07-21 15:41:19,058 INFO CTBL.N0000 OK
2026-07-21 15:41:19,079 INFO CTC.N0000 OK
2026-07-21 15:41:19,087 INFO CHMX.N0000 OK
2026-07-21 15:41:19,141 INFO LLUB.N0000 OK
2026-07-21 15:41:19,194 INFO CWL.N0000 OK
2026-07-21 15:41:19,309 INFO CDB.N0000 OK
2026-07-21 15:41:19,503 INFO CDB.X0000 OK
2026-07-21 15:41:19,516 INFO CHOU.N0000 OK
2026-07-21 15:41:19,567 INFO REEF.N0000 OK
2026-07-21 15:41:19,590 INFO PHAR.N0000 OK
2026-07-21 15:41:19,643 INFO COOP.N0000 OK
2026-07-21 15:41:19,673 INFO DOCK.N0000 OK
2026-07-21 15:41:19,678 INFO CFI.N0000 OK
2026-07-21 15:41:19,725 INFO CIT.N0000 OK
2026-07-21 15:41:19,785 INFO CLND.N0000 OK
2026-07-21 15:41:19,899 INFO COMB.N0000 OK
2026-07-21 15:41:20,037 INFO COMB.X0000 OK
2026-07-21 15:41:20,043 INFO COCR.N0000 OK
2026-07-21 15:41:20,429 INFO DFCC.N0000 OK
2026-07-21 15:41:20,450 INFO CALF.N0000 OK
2026-07-21 15:41:20,453 INFO DPL.N0000 OK
2026-07-21 15:41:20,458 INFO COMD.N0000 OK
2026-07-21 15:41:20,474 INFO SOY.N0000 OK
2026-07-21 15:41:20,498 INFO DIAL.N0000 OK
2026-07-21 15:41:20,501 INFO PKME.N0000 OK
2026-07-21 15:41:20,509 INFO DIMO.N0000 OK
2026-07-21 15:41:20,644 INFO CTEA.N0000 OK
2026-07-21 15:41:20,645 INFO DIPD.N0000 OK
2026-07-21 15:41:21,024 INFO DIST.N0000 OK
2026-07-21 15:41:21,045 INFO EMER.N0000 OK
2026-07-21 15:41:21,093 INFO STAF.N0000 OK
2026-07-21 15:41:21,096 INFO ECL.N0000 OK
2026-07-21 15:41:21,112 INFO EBCR.N0000 OK
2026-07-21 15:41:21,133 INFO EAST.N0000 OK
2026-07-21 15:41:21,135 INFO EML.N0000 OK
2026-07-21 15:41:21,821 INFO PACK.N0000 OK
2026-07-21 15:41:21,932 INFO ETWO.N0000 OK
2026-07-21 15:41:21,933 INFO WAPO.N0000 OK
2026-07-21 15:41:21,965 INFO GHLL.N0000 OK
2026-07-21 15:41:21,981 INFO FCT.N0000 OK
2026-07-21 15:41:21,984 INFO EXT.N0000 OK
2026-07-21 15:41:21,987 INFO CFVF.N0000 OK
2026-07-21 15:41:22,005 INFO ELPL.N0000 OK
2026-07-21 15:41:22,018 INFO GEST.N0000 OK
2026-07-21 15:41:22,031 INFO EDEN.N0000 OK
2026-07-21 15:41:22,352 INFO MEL.N0000 OK
2026-07-21 15:41:22,534 INFO HNB.X0000 OK
2026-07-21 15:41:22,537 INFO HAPU.N0000 OK
2026-07-21 15:41:22,542 INFO HARI.N0000 OK
2026-07-21 15:41:22,560 INFO HNB.N0000 OK
2026-07-21 15:41:22,601 INFO HPL.N0000 OK
2026-07-21 15:41:22,614 INFO HAYC.N0000 OK
2026-07-21 15:41:22,642 INFO MGT.N0000 OK
2026-07-21 15:41:22,647 INFO CONN.N0000 OK
2026-07-21 15:41:22,649 INFO HEXP.N0000 OK
2026-07-21 15:41:22,943 INFO HAYL.N0000 OK
2026-07-21 15:41:23,074 INFO HELA.N0000 OK
2026-07-21 15:41:23,094 INFO HHL.N0000 OK
2026-07-21 15:41:23,214 INFO CITH.N0000 OK
2026-07-21 15:41:23,268 INFO HNBF.X0000 OK
2026-07-21 15:41:23,280 INFO HASU.N0000 OK
2026-07-21 15:41:23,287 INFO HNBF.N0000 OK
2026-07-21 15:41:23,317 INFO HDFC.N0000 OK
2026-07-21 15:41:23,336 INFO HSIG.N0000 OK
2026-07-21 15:41:23,365 INFO HOPL.N0000 OK
2026-07-21 15:41:23,535 INFO HBS.N0000 OK
2026-07-21 15:41:23,659 INFO HUNA.N0000 OK
2026-07-21 15:41:23,686 INFO HUNT.N0000 OK
2026-07-21 15:41:23,812 INFO HVA.N0000 OK
2026-07-21 15:41:23,853 INFO ASPH.N0000 OK
2026-07-21 15:41:23,865 INFO BFN.N0000 OK
2026-07-21 15:41:23,873 INFO INME.N0000 OK
2026-07-21 15:41:23,917 INFO JINS.N0000 OK
2026-07-21 15:41:23,920 INFO JAT.N0000 OK
2026-07-21 15:41:23,952 INFO JETS.N0000 OK
2026-07-21 15:41:24,119 INFO JFP.N0000 OK
2026-07-21 15:41:24,244 INFO JKH.N0000 OK
2026-07-21 15:41:24,267 INFO KHL.N0000 OK
2026-07-21 15:41:24,406 INFO JKL.N0000 OK
2026-07-21 15:41:24,463 INFO KAHA.N0000 OK
2026-07-21 15:41:24,478 INFO KFP.N0000 OK
2026-07-21 15:41:24,492 INFO KPHL.N0000 OK
2026-07-21 15:41:24,518 INFO KCAB.N0000 OK
2026-07-21 15:41:24,522 INFO KGAL.N0000 OK
2026-07-21 15:41:24,534 INFO TYRE.N0000 OK
2026-07-21 15:41:24,706 INFO KVAL.N0000 OK
2026-07-21 15:41:24,771 INFO KDL.N0000 OK
2026-07-21 15:41:24,917 INFO CPRT.N0000 OK
2026-07-21 15:41:25,011 INFO LOLC.N0000 OK
2026-07-21 15:41:25,040 INFO LAMB.N0000 OK
2026-07-21 15:41:25,072 INFO KOTA.N0000 OK
2026-07-21 15:41:25,088 INFO LVEF.N0000 OK
2026-07-21 15:41:25,118 INFO LPRT.N0000 OK
2026-07-21 15:41:25,127 INFO ASHO.N0000 OK
2026-07-21 15:41:25,130 INFO LALU.N0000 OK
2026-07-21 15:41:25,293 INFO CERA.N0000 OK
2026-07-21 15:41:25,359 INFO LCBF.N0000 OK
2026-07-21 15:41:25,510 INFO LIOC.N0000 OK
2026-07-21 15:41:25,536 INFO LMF.N0000 OK
2026-07-21 15:41:25,597 INFO TILE.N0000 OK
2026-07-21 15:41:25,615 INFO LVEN.N0000 OK
2026-07-21 15:41:25,622 INFO ASCO.N0000 OK
2026-07-21 15:41:25,653 INFO LWL.N0000 OK
2026-07-21 15:41:25,736 INFO LDEV.N0000 OK
2026-07-21 15:41:25,736 INFO LCEY.N0000 OK
2026-07-21 15:41:25,886 INFO LGL.N0000 OK
2026-07-21 15:41:25,945 INFO LGL.X0000 OK
2026-07-21 15:41:26,091 INFO LPL.N0000 OK
2026-07-21 15:41:26,130 INFO LPL.X0000 OK
2026-07-21 15:41:26,151 INFO SHAW.N0000 OK
2026-07-21 15:41:26,183 INFO LITE.N0000 OK
2026-07-21 15:41:26,208 INFO LFIN.N0000 OK
2026-07-21 15:41:26,234 INFO LION.N0000 OK
2026-07-21 15:41:26,324 INFO LOFC.N0000 OK
2026-07-21 15:41:26,335 INFO LGIL.N0000 OK
2026-07-21 15:41:26,468 INFO HPFL.N0000 OK
2026-07-21 15:41:26,525 INFO LUMX.N0000 OK
2026-07-21 15:41:26,683 INFO MADU.N0000 OK
2026-07-21 15:41:26,754 INFO MCPL.N0000 OK
2026-07-21 15:41:26,779 INFO MRH.N0000 OK
2026-07-21 15:41:26,802 INFO MAL.N0000 OK
2026-07-21 15:41:26,815 INFO MFPE.N0000 OK
2026-07-21 15:41:26,879 INFO MAL.X0000 OK
2026-07-21 15:41:26,942 INFO MASK.N0000 OK
2026-07-21 15:41:26,946 INFO MARA.N0000 OK
2026-07-21 15:41:26,997 INFO MELS.N0000 OK
2026-07-21 15:41:27,120 INFO MERC.N0000 OK
2026-07-21 15:41:27,273 INFO MSL.N0000 OK
2026-07-21 15:41:27,317 INFO MHDL.N0000 OK
2026-07-21 15:41:27,331 INFO MULL.N0000 OK
2026-07-21 15:41:27,335 INFO MBSL.N0000 OK
2026-07-21 15:41:27,406 INFO MDL.N0000 OK
2026-07-21 15:41:27,456 INFO NAMU.N0000 OK
2026-07-21 15:41:27,482 INFO NDB.N0000 OK
2026-07-21 15:41:27,489 INFO CSF.N0000 OK
2026-07-21 15:41:27,581 INFO NTB.N0000 OK
2026-07-21 15:41:27,648 INFO NTB.X0000 OK
2026-07-21 15:41:27,866 INFO NHL.N0000 OK
2026-07-21 15:41:27,875 INFO ONAL.N0000 OK
2026-07-21 15:41:27,876 INFO OFEQ.N0000 OK
2026-07-21 15:41:27,918 INFO ODEL.N0000 OK
2026-07-21 15:41:27,938 INFO OSEA.N0000 OK
2026-07-21 15:41:28,023 INFO PABC.N0000 OK
2026-07-21 15:41:28,026 INFO PALM.N0000 OK
2026-07-21 15:41:28,030 INFO PAP.N0000 OK
2026-07-21 15:41:28,200 INFO PARA.N0000 OK
2026-07-21 15:41:28,234 INFO PEG.N0000 OK
2026-07-21 15:41:28,410 INFO PINS.N0000 OK
2026-07-21 15:41:28,443 INFO PMB.N0000 OK
2026-07-21 15:41:28,452 INFO PLC.N0000 OK
2026-07-21 15:41:28,464 INFO PLR.N0000 OK
2026-07-21 15:41:28,478 INFO GLAS.N0000 OK
2026-07-21 15:41:28,586 INFO RGEM.N0000 OK
2026-07-21 15:41:28,616 INFO CARE.N0000 OK
2026-07-21 15:41:28,636 INFO RIL.N0000 OK
2026-07-21 15:41:28,731 INFO RWSL.N0000 OK
2026-07-21 15:41:28,761 INFO RFL.N0000 OK
2026-07-21 15:41:28,981 INFO RENU.N0000 OK
2026-07-21 15:41:29,014 INFO RHL.N0000 OK
2026-07-21 15:41:29,041 INFO RAL.N0000 OK
2026-07-21 15:41:29,070 INFO COCO.N0000 OK
2026-07-21 15:41:29,087 INFO COCO.X0000 OK
2026-07-21 15:41:29,117 INFO RHL.X0000 OK
2026-07-21 15:41:29,202 INFO RCH.N0000 OK
2026-07-21 15:41:29,224 INFO HPWR.N0000 OK
2026-07-21 15:41:29,316 INFO RICH.N0000 OK
2026-07-21 15:41:29,343 INFO REXP.N0000 OK
2026-07-21 15:41:29,570 INFO RCL.N0000 OK
2026-07-21 15:41:29,598 INFO SIL.N0000 OK
2026-07-21 15:41:29,623 INFO RPBH.N0000 OK
2026-07-21 15:41:29,628 INFO SAMP.N0000 OK
2026-07-21 15:41:29,690 INFO SDB.N0000 OK
2026-07-21 15:41:29,709 INFO SDF.N0000 OK
2026-07-21 15:41:29,790 INFO SMOT.N0000 OK
2026-07-21 15:41:29,811 INFO SFCL.N0000 OK
2026-07-21 15:41:29,911 INFO SHOT.N0000 OK
2026-07-21 15:41:30,005 INFO SHOT.X0000 OK
2026-07-21 15:41:30,163 INFO SEYB.X0000 OK
2026-07-21 15:41:30,163 INFO SLND.N0000 OK
2026-07-21 15:41:30,185 INFO SEYB.N0000 OK
2026-07-21 15:41:30,239 INFO CSD.N0000 OK
2026-07-21 15:41:30,279 INFO SIRA.N0000 OK
2026-07-21 15:41:30,309 INFO SIGV.N0000 OK
2026-07-21 15:41:30,374 INFO SINS.N0000 OK
2026-07-21 15:41:30,414 INFO SFIN.N0000 OK
2026-07-21 15:41:30,433 INFO SINH.N0000 OK
2026-07-21 15:41:30,529 INFO SEMB.N0000 OK
2026-07-21 15:41:30,704 INFO SEMB.X0000 OK
2026-07-21 15:41:30,765 INFO SHL.N0000 OK
2026-07-21 15:41:30,776 INFO SCAP.N0000 OK
2026-07-21 15:41:30,788 INFO CRL.N0000 OK
2026-07-21 15:41:30,804 INFO AAIC.N0000 OK
2026-07-21 15:41:30,858 INFO SLTL.N0000 OK
2026-07-21 15:41:30,901 INFO SING.N0000 OK
2026-07-21 15:41:30,949 INFO SUN.N0000 OK
2026-07-21 15:41:30,962 INFO SWAD.N0000 OK
2026-07-21 15:41:31,127 INFO PARQ.N0000 OK
2026-07-21 15:41:31,287 INFO TAJ.N0000 OK
2026-07-21 15:41:31,292 INFO TPL.N0000 OK
2026-07-21 15:41:31,310 INFO TANG.N0000 OK
2026-07-21 15:41:31,332 INFO TSML.N0000 OK
2026-07-21 15:41:31,404 INFO TJL.N0000 OK
2026-07-21 15:41:31,440 INFO TESS.N0000 OK
2026-07-21 15:41:31,498 INFO TESS.X0000 OK
2026-07-21 15:41:31,549 INFO LHL.N0000 OK
2026-07-21 15:41:31,553 INFO AUTO.N0000 OK
2026-07-21 15:41:31,657 INFO CFLB.N0000 OK
2026-07-21 15:41:31,850 INFO SERV.N0000 OK
2026-07-21 15:41:31,892 INFO RHTL.N0000 OK
2026-07-21 15:41:31,913 INFO KHC.N0000 OK
2026-07-21 15:41:31,921 INFO LHCL.N0000 OK
2026-07-21 15:41:31,965 INFO NEH.N0000 OK
2026-07-21 15:41:31,982 INFO TAFL.N0000 OK
2026-07-21 15:41:32,089 INFO TKYO.X0000 OK
2026-07-21 15:41:32,103 INFO TRAN.N0000 OK
2026-07-21 15:41:32,137 INFO TKYO.N0000 OK
2026-07-21 15:41:32,198 INFO UBF.N0000 OK
2026-07-21 15:41:32,373 INFO UDPL.N0000 OK
2026-07-21 15:41:32,488 INFO UAL.N0000 OK
2026-07-21 15:41:32,514 INFO UML.N0000 OK
2026-07-21 15:41:32,520 INFO UBC.N0000 OK
2026-07-21 15:41:32,541 INFO UCAR.N0000 OK
2026-07-21 15:41:32,579 INFO VFIN.N0000 OK
2026-07-21 15:41:32,629 INFO VPEL.N0000 OK
2026-07-21 15:41:32,658 INFO VLL.N0000 OK
2026-07-21 15:41:32,711 INFO VONE.N0000 OK
2026-07-21 15:41:32,794 INFO VLL.X0000 OK
2026-07-21 15:41:32,987 INFO CITW.N0000 OK
2026-07-21 15:41:33,011 INFO WATA.N0000 OK
2026-07-21 15:41:33,051 INFO WIND.N0000 OK
2026-07-21 15:41:33,054 INFO YORK.N0000 OK
2026-07-21 15:41:33,149 INFO WLTH.N0000 OK
2026-07-21 15:41:33,175 INFO JXG.N0000 OK
2026-07-21 15:41:33,192 INFO Wrote 302 rows to /home/runner/work/cse-scraper/cse-scraper/data/2026-07-21/all_company_info_2026-07-21.csv
2026-07-21 15:41:33,192 INFO Symbols: 302, success: 302, failures: 0
