2026-05-25 16:20:43,917 INFO Saved: data/2026-05-25/tradeSummary_2026-05-25.json
2026-05-25 16:20:45,090 INFO Saved: data/2026-05-25/todaySharePrice_2026-05-25.json
2026-05-25 16:20:46,123 INFO Saved: data/2026-05-25/topGainers_2026-05-25.json
2026-05-25 16:20:47,209 INFO Saved: data/2026-05-25/topLooses_2026-05-25.json
2026-05-25 16:20:47,812 INFO Saved: data/2026-05-25/mostActiveTrades_2026-05-25.json
2026-05-25 16:20:48,644 INFO Saved: data/2026-05-25/marketSummery_2026-05-25.json
2026-05-25 16:20:49,230 INFO Saved: data/2026-05-25/aspiData_2026-05-25.json
2026-05-25 16:20:49,820 INFO Saved: data/2026-05-25/snpData_2026-05-25.json
2026-05-25 16:20:50,889 INFO Saved: data/2026-05-25/allSectors_2026-05-25.json
2026-05-25 16:20:52,395 INFO Saved: data/2026-05-25/detailedTrades_2026-05-25.json
2026-05-25 16:20:53,290 INFO Saved: data/2026-05-25/dailyMarketSummery_2026-05-25.json
2026-05-25 16:20:53,968 INFO Saved: data/2026-05-25/getContributors_2026-05-25.json
2026-05-25 16:20:55,610 INFO Saved: data/2026-05-25/getContributorsChart_2026-05-25.json
2026-05-25 16:20:55,610 INFO Saved 13 files (0 errors)
2026-05-25 16:20:56,689 INFO APLA.N0000 OK
2026-05-25 16:20:56,728 INFO AFSL.N0000 OK
2026-05-25 16:20:56,798 INFO AEL.N0000 OK
2026-05-25 16:20:56,807 INFO ABAN.N0000 OK
2026-05-25 16:20:56,816 INFO ACL.N0000 OK
2026-05-25 16:20:57,188 INFO AGST.N0000 OK
2026-05-25 16:20:57,255 INFO AGST.X0000 OK
2026-05-25 16:20:57,261 INFO AGPL.N0000 OK
2026-05-25 16:20:57,263 INFO AGAL.N0000 OK
2026-05-25 16:20:57,310 INFO SPEN.N0000 OK
2026-05-25 16:20:57,407 INFO ACME.N0000 OK
2026-05-25 16:20:57,422 INFO AHUN.N0000 OK
2026-05-25 16:20:57,759 INFO ALUM.N0000 OK
2026-05-25 16:20:57,774 INFO ALLI.N0000 OK
2026-05-25 16:20:57,863 INFO AFS.N0000 OK
2026-05-25 16:20:57,877 INFO ABL.N0000 OK
2026-05-25 16:20:58,379 INFO ATLL.N0000 OK
2026-05-25 16:20:58,393 INFO ALHP.N0000 OK
2026-05-25 16:20:58,432 INFO AMCL.N0000 OK
2026-05-25 16:20:58,447 INFO TAP.N0000 OK
2026-05-25 16:20:58,490 INFO GREG.N0000 OK
2026-05-25 16:20:58,509 INFO ATL.N0000 OK
2026-05-25 16:20:58,876 INFO AINS.N0000 OK
2026-05-25 16:20:58,880 INFO ACAP.N0000 OK
2026-05-25 16:20:58,966 INFO AAF.N0000 OK
2026-05-25 16:20:58,979 INFO AHPL.N0000 OK
2026-05-25 16:20:59,032 INFO AMF.N0000 OK
2026-05-25 16:20:59,038 INFO ASIY.N0000 OK
2026-05-25 16:20:59,093 INFO ASIR.N0000 OK
2026-05-25 16:20:59,119 INFO AMSL.N0000 OK
2026-05-25 16:20:59,514 INFO BPPL.N0000 OK
2026-05-25 16:20:59,540 INFO BFL.N0000 OK
2026-05-25 16:20:59,549 INFO BRR.N0000 OK
2026-05-25 16:20:59,619 INFO BALA.N0000 OK
2026-05-25 16:20:59,620 INFO BERU.N0000 OK
2026-05-25 16:21:00,179 INFO BIL.N0000 OK
2026-05-25 16:21:00,182 INFO BLUE.X0000 OK
2026-05-25 16:21:00,192 INFO BRWN.N0000 OK
2026-05-25 16:21:00,195 INFO BLI.N0000 OK
2026-05-25 16:21:00,197 INFO BOPL.N0000 OK
2026-05-25 16:21:00,206 INFO BOGA.N0000 OK
2026-05-25 16:21:00,209 INFO BLUE.N0000 OK
2026-05-25 16:21:00,560 INFO CIC.X0000 OK
2026-05-25 16:21:00,569 INFO CIC.N0000 OK
2026-05-25 16:21:00,571 INFO BUKI.N0000 OK
2026-05-25 16:21:00,787 INFO CTHR.N0000 OK
2026-05-25 16:21:00,797 INFO CTLD.N0000 OK
2026-05-25 16:21:00,837 INFO CSLK.N0000 OK
2026-05-25 16:21:00,862 INFO COLO.N0000 OK
2026-05-25 16:21:00,872 INFO CALH.N0000 OK
2026-05-25 16:21:00,917 INFO CALT.N0000 OK
2026-05-25 16:21:00,924 INFO CWM.N0000 OK
2026-05-25 16:21:01,215 INFO CARG.N0000 OK
2026-05-25 16:21:01,486 INFO CBNK.N0000 OK
2026-05-25 16:21:01,517 INFO CFIN.N0000 OK
2026-05-25 16:21:01,520 INFO CARS.N0000 OK
2026-05-25 16:21:01,520 INFO CIND.N0000 OK
2026-05-25 16:21:01,584 INFO CABO.N0000 OK
2026-05-25 16:21:01,794 INFO CINS.N0000 OK
2026-05-25 16:21:01,868 INFO CINS.X0000 OK
2026-05-25 16:21:01,892 INFO BREW.N0000 OK
2026-05-25 16:21:01,896 INFO GRAN.N0000 OK
2026-05-25 16:21:01,898 INFO CCS.N0000 OK
2026-05-25 16:21:02,073 INFO GUAR.N0000 OK
2026-05-25 16:21:02,120 INFO CHL.N0000 OK
2026-05-25 16:21:02,139 INFO CHOT.N0000 OK
2026-05-25 16:21:02,187 INFO CHL.X0000 OK
2026-05-25 16:21:02,248 INFO CINV.N0000 OK
2026-05-25 16:21:02,398 INFO KZOO.N0000 OK
2026-05-25 16:21:02,501 INFO CHMX.N0000 OK
2026-05-25 16:21:02,504 INFO CTC.N0000 OK
2026-05-25 16:21:02,527 INFO CTBL.N0000 OK
2026-05-25 16:21:02,577 INFO LLUB.N0000 OK
2026-05-25 16:21:02,660 INFO CWL.N0000 OK
2026-05-25 16:21:02,722 INFO CDB.X0000 OK
2026-05-25 16:21:02,732 INFO CDB.N0000 OK
2026-05-25 16:21:02,774 INFO REEF.N0000 OK
2026-05-25 16:21:03,372 INFO COCR.N0000 OK
2026-05-25 16:21:03,403 INFO CHOU.N0000 OK
2026-05-25 16:21:03,420 INFO CFI.N0000 OK
2026-05-25 16:21:03,423 INFO COMB.X0000 OK
2026-05-25 16:21:03,460 INFO CIT.N0000 OK
2026-05-25 16:21:03,480 INFO COOP.N0000 OK
2026-05-25 16:21:03,514 INFO CLND.N0000 OK
2026-05-25 16:21:03,533 INFO DOCK.N0000 OK
2026-05-25 16:21:03,537 INFO PHAR.N0000 OK
2026-05-25 16:21:03,559 INFO COMB.N0000 OK
2026-05-25 16:21:04,063 INFO COMD.N0000 OK
2026-05-25 16:21:04,088 INFO SOY.N0000 OK
2026-05-25 16:21:04,113 INFO DPL.N0000 OK
2026-05-25 16:21:04,113 INFO DFCC.N0000 OK
2026-05-25 16:21:04,127 INFO DIAL.N0000 OK
2026-05-25 16:21:04,160 INFO CALF.N0000 OK
2026-05-25 16:21:04,779 INFO PKME.N0000 OK
2026-05-25 16:21:04,785 INFO DIMO.N0000 OK
2026-05-25 16:21:04,790 INFO ECL.N0000 OK
2026-05-25 16:21:04,794 INFO DIST.N0000 OK
2026-05-25 16:21:04,797 INFO CTEA.N0000 OK
2026-05-25 16:21:04,868 INFO DIPD.N0000 OK
2026-05-25 16:21:04,898 INFO STAF.N0000 OK
2026-05-25 16:21:04,906 INFO EBCR.N0000 OK
2026-05-25 16:21:04,908 INFO EML.N0000 OK
2026-05-25 16:21:04,927 INFO EAST.N0000 OK
2026-05-25 16:21:05,364 INFO EMER.N0000 OK
2026-05-25 16:21:05,381 INFO EDEN.N0000 OK
2026-05-25 16:21:05,397 INFO PACK.N0000 OK
2026-05-25 16:21:05,406 INFO ELPL.N0000 OK
2026-05-25 16:21:05,465 INFO EXT.N0000 OK
2026-05-25 16:21:05,487 INFO ETWO.N0000 OK
2026-05-25 16:21:06,295 INFO HNB.X0000 OK
2026-05-25 16:21:06,307 INFO WAPO.N0000 OK
2026-05-25 16:21:06,314 INFO CFVF.N0000 OK
2026-05-25 16:21:06,320 INFO GHLL.N0000 OK
2026-05-25 16:21:06,327 INFO HAPU.N0000 OK
2026-05-25 16:21:06,393 INFO HNB.N0000 OK
2026-05-25 16:21:06,408 INFO FCT.N0000 OK
2026-05-25 16:21:06,419 INFO MEL.N0000 OK
2026-05-25 16:21:06,433 INFO GEST.N0000 OK
2026-05-25 16:21:06,437 INFO HARI.N0000 OK
2026-05-25 16:21:06,910 INFO HAYC.N0000 OK
2026-05-25 16:21:06,913 INFO MGT.N0000 OK
2026-05-25 16:21:06,967 INFO HPL.N0000 OK
2026-05-25 16:21:07,657 INFO HNBF.X0000 OK
2026-05-25 16:21:07,658 INFO HELA.N0000 OK
2026-05-25 16:21:07,662 INFO HASU.N0000 OK
2026-05-25 16:21:07,664 INFO CITH.N0000 OK
2026-05-25 16:21:07,665 INFO HNBF.N0000 OK
2026-05-25 16:21:07,665 INFO HAYL.N0000 OK
2026-05-25 16:21:07,672 INFO CONN.N0000 OK
2026-05-25 16:21:07,674 INFO HHL.N0000 OK
2026-05-25 16:21:07,726 INFO HEXP.N0000 OK
2026-05-25 16:21:07,743 INFO HOPL.N0000 OK
2026-05-25 16:21:09,026 INFO HUNT.N0000 OK
2026-05-25 16:21:09,033 INFO HBS.N0000 OK
2026-05-25 16:21:09,035 INFO JINS.N0000 OK
2026-05-25 16:21:09,121 INFO HUNA.N0000 OK
2026-05-25 16:21:09,124 INFO HDFC.N0000 OK
2026-05-25 16:21:09,141 INFO ASPH.N0000 OK
2026-05-25 16:21:09,143 INFO HSIG.N0000 OK
2026-05-25 16:21:09,189 INFO BFN.N0000 OK
2026-05-25 16:21:09,251 INFO INME.N0000 OK
2026-05-25 16:21:09,252 INFO HVA.N0000 OK
2026-05-25 16:21:09,626 INFO JAT.N0000 OK
2026-05-25 16:21:09,640 INFO JFP.N0000 OK
2026-05-25 16:21:09,717 INFO KHL.N0000 OK
2026-05-25 16:21:09,719 INFO JKH.N0000 OK
2026-05-25 16:21:09,746 INFO JETS.N0000 OK
2026-05-25 16:21:10,253 INFO JKL.N0000 OK
2026-05-25 16:21:10,262 INFO KFP.N0000 OK
2026-05-25 16:21:10,287 INFO KGAL.N0000 OK
2026-05-25 16:21:10,331 INFO CPRT.N0000 OK
2026-05-25 16:21:10,340 INFO KDL.N0000 OK
2026-05-25 16:21:10,358 INFO KPHL.N0000 OK
2026-05-25 16:21:10,366 INFO KCAB.N0000 OK
2026-05-25 16:21:10,372 INFO KAHA.N0000 OK
2026-05-25 16:21:10,390 INFO TYRE.N0000 OK
2026-05-25 16:21:10,446 INFO KVAL.N0000 OK
2026-05-25 16:21:10,852 INFO KOTA.N0000 OK
2026-05-25 16:21:10,908 INFO LAMB.N0000 OK
2026-05-25 16:21:10,926 INFO LVEF.N0000 OK
2026-05-25 16:21:10,969 INFO LOLC.N0000 OK
2026-05-25 16:21:10,999 INFO LPRT.N0000 OK
2026-05-25 16:21:11,270 INFO LALU.N0000 OK
2026-05-25 16:21:11,377 INFO LCBF.N0000 OK
2026-05-25 16:21:11,380 INFO LIOC.N0000 OK
2026-05-25 16:21:11,383 INFO ASHO.N0000 OK
2026-05-25 16:21:11,394 INFO CERA.N0000 OK
2026-05-25 16:21:11,546 INFO LMF.N0000 OK
2026-05-25 16:21:11,549 INFO ASCO.N0000 OK
2026-05-25 16:21:11,551 INFO LVEN.N0000 OK
2026-05-25 16:21:11,584 INFO TILE.N0000 OK
2026-05-25 16:21:11,647 INFO LWL.N0000 OK
2026-05-25 16:21:11,931 INFO LCEY.N0000 OK
2026-05-25 16:21:12,004 INFO LPL.N0000 OK
2026-05-25 16:21:12,060 INFO LGL.X0000 OK
2026-05-25 16:21:12,082 INFO LGL.N0000 OK
2026-05-25 16:21:12,093 INFO LDEV.N0000 OK
2026-05-25 16:21:12,137 INFO LPL.X0000 OK
2026-05-25 16:21:12,156 INFO LFIN.N0000 OK
2026-05-25 16:21:12,224 INFO LITE.N0000 OK
2026-05-25 16:21:12,260 INFO SHAW.N0000 OK
2026-05-25 16:21:12,356 INFO LION.N0000 OK
2026-05-25 16:21:12,598 INFO LGIL.N0000 OK
2026-05-25 16:21:12,606 INFO LOFC.N0000 OK
2026-05-25 16:21:12,746 INFO HPFL.N0000 OK
2026-05-25 16:21:13,336 INFO LUMX.N0000 OK
2026-05-25 16:21:13,336 INFO MASK.N0000 OK
2026-05-25 16:21:13,340 INFO MCPL.N0000 OK
2026-05-25 16:21:13,364 INFO MADU.N0000 OK
2026-05-25 16:21:13,366 INFO MRH.N0000 OK
2026-05-25 16:21:13,425 INFO MAL.X0000 OK
2026-05-25 16:21:13,447 INFO MFPE.N0000 OK
2026-05-25 16:21:13,451 INFO MARA.N0000 OK
2026-05-25 16:21:13,480 INFO MAL.N0000 OK
2026-05-25 16:21:13,488 INFO MELS.N0000 OK
2026-05-25 16:21:13,963 INFO MSL.N0000 OK
2026-05-25 16:21:13,965 INFO MHDL.N0000 OK
2026-05-25 16:21:14,006 INFO MDL.N0000 OK
2026-05-25 16:21:14,031 INFO NAMU.N0000 OK
2026-05-25 16:21:14,040 INFO CSF.N0000 OK
2026-05-25 16:21:14,042 INFO MERC.N0000 OK
2026-05-25 16:21:14,059 INFO MBSL.N0000 OK
2026-05-25 16:21:14,066 INFO MULL.N0000 OK
2026-05-25 16:21:14,076 INFO NDB.N0000 OK
2026-05-25 16:21:14,167 INFO NTB.N0000 OK
2026-05-25 16:21:14,554 INFO NTB.X0000 OK
2026-05-25 16:21:14,561 INFO NHL.N0000 OK
2026-05-25 16:21:14,640 INFO OSEA.N0000 OK
2026-05-25 16:21:14,700 INFO ODEL.N0000 OK
2026-05-25 16:21:14,737 INFO ONAL.N0000 OK
2026-05-25 16:21:14,739 INFO OFEQ.N0000 OK
2026-05-25 16:21:14,792 INFO PAP.N0000 OK
2026-05-25 16:21:14,829 INFO PALM.N0000 OK
2026-05-25 16:21:14,845 INFO PABC.N0000 OK
2026-05-25 16:21:14,851 INFO PARA.N0000 OK
2026-05-25 16:21:15,153 INFO PINS.N0000 OK
2026-05-25 16:21:15,173 INFO PEG.N0000 OK
2026-05-25 16:21:15,287 INFO GLAS.N0000 OK
2026-05-25 16:21:15,332 INFO PLR.N0000 OK
2026-05-25 16:21:15,340 INFO PLC.N0000 OK
2026-05-25 16:21:15,369 INFO CARE.N0000 OK
2026-05-25 16:21:15,420 INFO RIL.N0000 OK
2026-05-25 16:21:15,447 INFO PMB.N0000 OK
2026-05-25 16:21:15,452 INFO RWSL.N0000 OK
2026-05-25 16:21:15,519 INFO RGEM.N0000 OK
2026-05-25 16:21:16,232 INFO COCO.N0000 OK
2026-05-25 16:21:16,254 INFO RICH.N0000 OK
2026-05-25 16:21:16,289 INFO RENU.N0000 OK
2026-05-25 16:21:16,333 INFO RHL.N0000 OK
2026-05-25 16:21:16,364 INFO RHL.X0000 OK
2026-05-25 16:21:16,395 INFO RFL.N0000 OK
2026-05-25 16:21:16,408 INFO RAL.N0000 OK
2026-05-25 16:21:16,431 INFO RCH.N0000 OK
2026-05-25 16:21:16,438 INFO COCO.X0000 OK
2026-05-25 16:21:16,460 INFO HPWR.N0000 OK
2026-05-25 16:21:16,819 INFO REXP.N0000 OK
2026-05-25 16:21:16,870 INFO RPBH.N0000 OK
2026-05-25 16:21:16,935 INFO SAMP.N0000 OK
2026-05-25 16:21:16,955 INFO RCL.N0000 OK
2026-05-25 16:21:17,017 INFO SDF.N0000 OK
2026-05-25 16:21:17,039 INFO SIL.N0000 OK
2026-05-25 16:21:17,039 INFO SFCL.N0000 OK
2026-05-25 16:21:17,056 INFO SDB.N0000 OK
2026-05-25 16:21:17,083 INFO SMOT.N0000 OK
2026-05-25 16:21:17,871 INFO SIRA.N0000 OK
2026-05-25 16:21:17,944 INFO SHOT.X0000 OK
2026-05-25 16:21:17,944 INFO SEYB.N0000 OK
2026-05-25 16:21:17,948 INFO SIGV.N0000 OK
2026-05-25 16:21:17,951 INFO SEYB.X0000 OK
2026-05-25 16:21:17,951 INFO SLND.N0000 OK
2026-05-25 16:21:17,954 INFO SINS.N0000 OK
2026-05-25 16:21:17,997 INFO SFIN.N0000 OK
2026-05-25 16:21:17,999 INFO CSD.N0000 OK
2026-05-25 16:21:18,002 INFO SHOT.N0000 OK
2026-05-25 16:21:18,464 INFO SINH.N0000 OK
2026-05-25 16:21:18,612 INFO SHL.N0000 OK
2026-05-25 16:21:18,615 INFO SEMB.X0000 OK
2026-05-25 16:21:18,624 INFO SUN.N0000 OK
2026-05-25 16:21:18,637 INFO SING.N0000 OK
2026-05-25 16:21:18,646 INFO SLTL.N0000 OK
2026-05-25 16:21:18,690 INFO AAIC.N0000 OK
2026-05-25 16:21:18,698 INFO CRL.N0000 OK
2026-05-25 16:21:18,718 INFO SCAP.N0000 OK
2026-05-25 16:21:18,727 INFO SEMB.N0000 OK
2026-05-25 16:21:19,123 INFO SWAD.N0000 OK
2026-05-25 16:21:19,209 INFO PARQ.N0000 OK
2026-05-25 16:21:19,209 INFO TAJ.N0000 OK
2026-05-25 16:21:19,250 INFO TANG.N0000 OK
2026-05-25 16:21:19,275 INFO TJL.N0000 OK
2026-05-25 16:21:19,294 INFO TESS.N0000 OK
2026-05-25 16:21:19,311 INFO TPL.N0000 OK
2026-05-25 16:21:19,313 INFO TSML.N0000 OK
2026-05-25 16:21:19,316 INFO TESS.X0000 OK
2026-05-25 16:21:19,319 INFO LHL.N0000 OK
2026-05-25 16:21:19,811 INFO AUTO.N0000 OK
2026-05-25 16:21:19,858 INFO RHTL.N0000 OK
2026-05-25 16:21:19,862 INFO SERV.N0000 OK
2026-05-25 16:21:19,903 INFO CFLB.N0000 OK
2026-05-25 16:21:19,945 INFO KHC.N0000 OK
2026-05-25 16:21:19,961 INFO LHCL.N0000 OK
2026-05-25 16:21:20,667 INFO TAFL.N0000 OK
2026-05-25 16:21:20,670 INFO TKYO.N0000 OK
2026-05-25 16:21:20,690 INFO TKYO.X0000 OK
2026-05-25 16:21:20,710 INFO UDPL.N0000 OK
2026-05-25 16:21:20,762 INFO TRAN.N0000 OK
2026-05-25 16:21:20,805 INFO UAL.N0000 OK
2026-05-25 16:21:20,807 INFO UCAR.N0000 OK
2026-05-25 16:21:20,824 INFO UBC.N0000 OK
2026-05-25 16:21:20,832 INFO NEH.N0000 OK
2026-05-25 16:21:20,834 INFO UBF.N0000 OK
2026-05-25 16:21:21,258 INFO VFIN.N0000 OK
2026-05-25 16:21:21,269 INFO UML.N0000 OK
2026-05-25 16:21:21,290 INFO VPEL.N0000 OK
2026-05-25 16:21:21,357 INFO VONE.N0000 OK
2026-05-25 16:21:21,376 INFO VLL.N0000 OK
2026-05-25 16:21:21,428 INFO WATA.N0000 OK
2026-05-25 16:21:21,444 INFO YORK.N0000 OK
2026-05-25 16:21:21,498 INFO CITW.N0000 OK
2026-05-25 16:21:21,504 INFO VLL.X0000 OK
2026-05-25 16:21:21,540 INFO WIND.N0000 OK
2026-05-25 16:21:21,951 INFO WLTH.N0000 OK
2026-05-25 16:21:21,958 INFO JXG.N0000 OK
2026-05-25 16:21:21,972 INFO Wrote 302 rows to /home/runner/work/cse-scraper/cse-scraper/data/2026-05-25/all_company_info_2026-05-25.csv
2026-05-25 16:21:21,972 INFO Symbols: 302, success: 302, failures: 0
