2026-07-09 16:25:21,273 INFO Saved: data/2026-07-09/tradeSummary_2026-07-09.json
2026-07-09 16:25:22,283 INFO Saved: data/2026-07-09/todaySharePrice_2026-07-09.json
2026-07-09 16:25:24,025 INFO Saved: data/2026-07-09/topGainers_2026-07-09.json
2026-07-09 16:25:25,144 INFO Saved: data/2026-07-09/topLooses_2026-07-09.json
2026-07-09 16:25:25,866 INFO Saved: data/2026-07-09/mostActiveTrades_2026-07-09.json
2026-07-09 16:25:26,865 INFO Saved: data/2026-07-09/marketSummery_2026-07-09.json
2026-07-09 16:25:28,017 INFO Saved: data/2026-07-09/aspiData_2026-07-09.json
2026-07-09 16:25:29,086 INFO Saved: data/2026-07-09/snpData_2026-07-09.json
2026-07-09 16:25:30,139 INFO Saved: data/2026-07-09/allSectors_2026-07-09.json
2026-07-09 16:25:31,876 INFO Saved: data/2026-07-09/detailedTrades_2026-07-09.json
2026-07-09 16:25:32,876 INFO Saved: data/2026-07-09/dailyMarketSummery_2026-07-09.json
2026-07-09 16:25:33,715 INFO Saved: data/2026-07-09/getContributors_2026-07-09.json
2026-07-09 16:25:34,545 INFO Saved: data/2026-07-09/getContributorsChart_2026-07-09.json
2026-07-09 16:25:34,546 INFO Saved 13 files (0 errors)
2026-07-09 16:25:35,948 INFO ABAN.N0000 OK
2026-07-09 16:25:36,012 INFO AEL.N0000 OK
2026-07-09 16:25:36,013 INFO AFSL.N0000 OK
2026-07-09 16:25:36,029 INFO ACL.N0000 OK
2026-07-09 16:25:36,207 INFO AGPL.N0000 OK
2026-07-09 16:25:36,210 INFO APLA.N0000 OK
2026-07-09 16:25:36,272 INFO AGAL.N0000 OK
2026-07-09 16:25:36,278 INFO ACME.N0000 OK
2026-07-09 16:25:36,290 INFO AGST.N0000 OK
2026-07-09 16:25:36,303 INFO AGST.X0000 OK
2026-07-09 16:25:37,005 INFO AHUN.N0000 OK
2026-07-09 16:25:37,009 INFO ALLI.N0000 OK
2026-07-09 16:25:37,012 INFO SPEN.N0000 OK
2026-07-09 16:25:37,036 INFO ALUM.N0000 OK
2026-07-09 16:25:37,043 INFO ABL.N0000 OK
2026-07-09 16:25:37,083 INFO AFS.N0000 OK
2026-07-09 16:25:37,408 INFO ATL.N0000 OK
2026-07-09 16:25:37,411 INFO TAP.N0000 OK
2026-07-09 16:25:37,414 INFO ATLL.N0000 OK
2026-07-09 16:25:37,471 INFO GREG.N0000 OK
2026-07-09 16:25:38,041 INFO ACAP.N0000 OK
2026-07-09 16:25:38,048 INFO AINS.N0000 OK
2026-07-09 16:25:38,065 INFO AMCL.N0000 OK
2026-07-09 16:25:38,068 INFO ALHP.N0000 OK
2026-07-09 16:25:38,112 INFO ASIY.N0000 OK
2026-07-09 16:25:38,131 INFO AAF.N0000 OK
2026-07-09 16:25:38,131 INFO AHPL.N0000 OK
2026-07-09 16:25:38,203 INFO ASIR.N0000 OK
2026-07-09 16:25:39,485 INFO BLUE.N0000 OK
2026-07-09 16:25:39,525 INFO BLUE.X0000 OK
2026-07-09 16:25:39,529 INFO BLI.N0000 OK
2026-07-09 16:25:39,555 INFO AMSL.N0000 OK
2026-07-09 16:25:39,597 INFO AMF.N0000 OK
2026-07-09 16:25:39,611 INFO BRR.N0000 OK
2026-07-09 16:25:39,620 INFO BPPL.N0000 OK
2026-07-09 16:25:39,637 INFO BALA.N0000 OK
2026-07-09 16:25:39,677 INFO BERU.N0000 OK
2026-07-09 16:25:39,677 INFO BFL.N0000 OK
2026-07-09 16:25:40,213 INFO BOGA.N0000 OK
2026-07-09 16:25:40,251 INFO BOPL.N0000 OK
2026-07-09 16:25:40,260 INFO BIL.N0000 OK
2026-07-09 16:25:40,313 INFO BRWN.N0000 OK
2026-07-09 16:25:40,755 INFO BUKI.N0000 OK
2026-07-09 16:25:40,783 INFO CTLD.N0000 OK
2026-07-09 16:25:40,790 INFO CIC.X0000 OK
2026-07-09 16:25:40,801 INFO CTHR.N0000 OK
2026-07-09 16:25:40,820 INFO CIC.N0000 OK
2026-07-09 16:25:40,828 INFO COLO.N0000 OK
2026-07-09 16:25:40,991 INFO CWM.N0000 OK
2026-07-09 16:25:41,398 INFO CALT.N0000 OK
2026-07-09 16:25:41,437 INFO CSLK.N0000 OK
2026-07-09 16:25:41,442 INFO CALH.N0000 OK
2026-07-09 16:25:41,853 INFO CARS.N0000 OK
2026-07-09 16:25:41,916 INFO CINS.N0000 OK
2026-07-09 16:25:41,920 INFO CBNK.N0000 OK
2026-07-09 16:25:41,964 INFO CARG.N0000 OK
2026-07-09 16:25:41,972 INFO CFIN.N0000 OK
2026-07-09 16:25:41,982 INFO CIND.N0000 OK
2026-07-09 16:25:41,983 INFO CABO.N0000 OK
2026-07-09 16:25:42,744 INFO CHOT.N0000 OK
2026-07-09 16:25:42,802 INFO KZOO.N0000 OK
2026-07-09 16:25:42,826 INFO GRAN.N0000 OK
2026-07-09 16:25:42,830 INFO CINS.X0000 OK
2026-07-09 16:25:42,830 INFO CCS.N0000 OK
2026-07-09 16:25:42,836 INFO CINV.N0000 OK
2026-07-09 16:25:42,899 INFO CHL.X0000 OK
2026-07-09 16:25:42,909 INFO BREW.N0000 OK
2026-07-09 16:25:42,913 INFO CHL.N0000 OK
2026-07-09 16:25:42,923 INFO GUAR.N0000 OK
2026-07-09 16:25:43,522 INFO CTBL.N0000 OK
2026-07-09 16:25:44,008 INFO CTC.N0000 OK
2026-07-09 16:25:44,068 INFO CHOU.N0000 OK
2026-07-09 16:25:44,126 INFO CHMX.N0000 OK
2026-07-09 16:25:44,132 INFO COOP.N0000 OK
2026-07-09 16:25:44,139 INFO CDB.N0000 OK
2026-07-09 16:25:44,140 INFO CWL.N0000 OK
2026-07-09 16:25:44,150 INFO REEF.N0000 OK
2026-07-09 16:25:44,160 INFO CDB.X0000 OK
2026-07-09 16:25:44,200 INFO LLUB.N0000 OK
2026-07-09 16:25:44,285 INFO PHAR.N0000 OK
2026-07-09 16:25:44,782 INFO DOCK.N0000 OK
2026-07-09 16:25:44,854 INFO CFI.N0000 OK
2026-07-09 16:25:45,216 INFO DPL.N0000 OK
2026-07-09 16:25:45,231 INFO CIT.N0000 OK
2026-07-09 16:25:45,234 INFO COCR.N0000 OK
2026-07-09 16:25:45,248 INFO COMD.N0000 OK
2026-07-09 16:25:45,252 INFO SOY.N0000 OK
2026-07-09 16:25:45,269 INFO COMB.X0000 OK
2026-07-09 16:25:45,276 INFO COMB.N0000 OK
2026-07-09 16:25:45,284 INFO CLND.N0000 OK
2026-07-09 16:25:45,551 INFO DFCC.N0000 OK
2026-07-09 16:25:45,917 INFO DIAL.N0000 OK
2026-07-09 16:25:46,068 INFO CALF.N0000 OK
2026-07-09 16:25:46,301 INFO PKME.N0000 OK
2026-07-09 16:25:46,304 INFO DIPD.N0000 OK
2026-07-09 16:25:46,307 INFO STAF.N0000 OK
2026-07-09 16:25:46,326 INFO ECL.N0000 OK
2026-07-09 16:25:46,351 INFO DIMO.N0000 OK
2026-07-09 16:25:46,410 INFO CTEA.N0000 OK
2026-07-09 16:25:46,413 INFO DIST.N0000 OK
2026-07-09 16:25:46,416 INFO EBCR.N0000 OK
2026-07-09 16:25:46,690 INFO EML.N0000 OK
2026-07-09 16:25:47,108 INFO PACK.N0000 OK
2026-07-09 16:25:47,154 INFO ETWO.N0000 OK
2026-07-09 16:25:47,156 INFO EMER.N0000 OK
2026-07-09 16:25:47,198 INFO ELPL.N0000 OK
2026-07-09 16:25:47,204 INFO EAST.N0000 OK
2026-07-09 16:25:47,207 INFO EDEN.N0000 OK
2026-07-09 16:25:47,222 INFO EXT.N0000 OK
2026-07-09 16:25:47,227 INFO FCT.N0000 OK
2026-07-09 16:25:47,236 INFO CFVF.N0000 OK
2026-07-09 16:25:47,464 INFO GHLL.N0000 OK
2026-07-09 16:25:47,841 INFO WAPO.N0000 OK
2026-07-09 16:25:48,282 INFO HAPU.N0000 OK
2026-07-09 16:25:48,311 INFO GEST.N0000 OK
2026-07-09 16:25:48,323 INFO HNB.N0000 OK
2026-07-09 16:25:48,333 INFO HPL.N0000 OK
2026-07-09 16:25:48,337 INFO HAYC.N0000 OK
2026-07-09 16:25:48,339 INFO HNB.X0000 OK
2026-07-09 16:25:48,355 INFO MGT.N0000 OK
2026-07-09 16:25:48,378 INFO MEL.N0000 OK
2026-07-09 16:25:48,383 INFO HARI.N0000 OK
2026-07-09 16:25:48,574 INFO HEXP.N0000 OK
2026-07-09 16:25:53,609 INFO HELA.N0000 OK
2026-07-09 16:25:53,654 INFO HHL.N0000 OK
2026-07-09 16:25:53,655 INFO CITH.N0000 OK
2026-07-09 16:25:53,663 INFO HOPL.N0000 OK
2026-07-09 16:25:53,703 INFO HASU.N0000 OK
2026-07-09 16:25:53,724 INFO HSIG.N0000 OK
2026-07-09 16:25:53,758 INFO HAYL.N0000 OK
2026-07-09 16:25:53,766 INFO CONN.N0000 OK
2026-07-09 16:25:53,786 INFO HNBF.N0000 OK
2026-07-09 16:25:53,786 INFO HNBF.X0000 OK
2026-07-09 16:25:54,442 INFO HUNT.N0000 OK
2026-07-09 16:25:54,487 INFO HUNA.N0000 OK
2026-07-09 16:25:54,490 INFO HBS.N0000 OK
2026-07-09 16:25:54,495 INFO HVA.N0000 OK
2026-07-09 16:25:54,520 INFO ASPH.N0000 OK
2026-07-09 16:25:54,539 INFO INME.N0000 OK
2026-07-09 16:25:54,555 INFO BFN.N0000 OK
2026-07-09 16:25:54,558 INFO HDFC.N0000 OK
2026-07-09 16:25:54,880 INFO JINS.N0000 OK
2026-07-09 16:25:54,881 INFO JAT.N0000 OK
2026-07-09 16:25:55,226 INFO JKH.N0000 OK
2026-07-09 16:25:55,322 INFO JETS.N0000 OK
2026-07-09 16:25:55,327 INFO KHL.N0000 OK
2026-07-09 16:25:55,330 INFO JFP.N0000 OK
2026-07-09 16:25:55,359 INFO JKL.N0000 OK
2026-07-09 16:25:55,376 INFO KAHA.N0000 OK
2026-07-09 16:25:55,382 INFO KPHL.N0000 OK
2026-07-09 16:25:55,500 INFO KFP.N0000 OK
2026-07-09 16:25:55,965 INFO KCAB.N0000 OK
2026-07-09 16:25:55,975 INFO KGAL.N0000 OK
2026-07-09 16:25:56,017 INFO TYRE.N0000 OK
2026-07-09 16:25:56,068 INFO KDL.N0000 OK
2026-07-09 16:25:56,081 INFO KOTA.N0000 OK
2026-07-09 16:25:56,103 INFO KVAL.N0000 OK
2026-07-09 16:25:56,126 INFO CPRT.N0000 OK
2026-07-09 16:25:56,164 INFO LAMB.N0000 OK
2026-07-09 16:25:56,167 INFO LOLC.N0000 OK
2026-07-09 16:25:56,343 INFO LVEF.N0000 OK
2026-07-09 16:25:56,737 INFO LPRT.N0000 OK
2026-07-09 16:25:56,767 INFO LALU.N0000 OK
2026-07-09 16:25:56,804 INFO ASHO.N0000 OK
2026-07-09 16:25:56,834 INFO LMF.N0000 OK
2026-07-09 16:25:56,851 INFO CERA.N0000 OK
2026-07-09 16:25:56,865 INFO LCBF.N0000 OK
2026-07-09 16:25:56,893 INFO LIOC.N0000 OK
2026-07-09 16:25:56,937 INFO TILE.N0000 OK
2026-07-09 16:25:56,963 INFO ASCO.N0000 OK
2026-07-09 16:25:57,131 INFO LVEN.N0000 OK
2026-07-09 16:25:57,461 INFO LWL.N0000 OK
2026-07-09 16:25:57,540 INFO LCEY.N0000 OK
2026-07-09 16:25:57,575 INFO LDEV.N0000 OK
2026-07-09 16:25:57,612 INFO LGL.N0000 OK
2026-07-09 16:25:57,630 INFO LGL.X0000 OK
2026-07-09 16:25:57,634 INFO LPL.N0000 OK
2026-07-09 16:25:57,671 INFO LPL.X0000 OK
2026-07-09 16:25:57,700 INFO LITE.N0000 OK
2026-07-09 16:25:57,732 INFO LFIN.N0000 OK
2026-07-09 16:25:57,899 INFO SHAW.N0000 OK
2026-07-09 16:25:58,235 INFO LION.N0000 OK
2026-07-09 16:25:58,308 INFO LOFC.N0000 OK
2026-07-09 16:25:58,339 INFO LGIL.N0000 OK
2026-07-09 16:25:58,381 INFO HPFL.N0000 OK
2026-07-09 16:25:58,424 INFO MADU.N0000 OK
2026-07-09 16:25:58,447 INFO LUMX.N0000 OK
2026-07-09 16:25:58,461 INFO MFPE.N0000 OK
2026-07-09 16:25:58,497 INFO MCPL.N0000 OK
2026-07-09 16:25:58,515 INFO MRH.N0000 OK
2026-07-09 16:25:58,692 INFO MAL.N0000 OK
2026-07-09 16:25:59,001 INFO MAL.X0000 OK
2026-07-09 16:25:59,084 INFO MELS.N0000 OK
2026-07-09 16:25:59,087 INFO MARA.N0000 OK
2026-07-09 16:25:59,116 INFO MASK.N0000 OK
2026-07-09 16:25:59,184 INFO MERC.N0000 OK
2026-07-09 16:25:59,214 INFO MSL.N0000 OK
2026-07-09 16:25:59,265 INFO MBSL.N0000 OK
2026-07-09 16:25:59,298 INFO MULL.N0000 OK
2026-07-09 16:25:59,309 INFO MHDL.N0000 OK
2026-07-09 16:25:59,494 INFO MDL.N0000 OK
2026-07-09 16:25:59,767 INFO NAMU.N0000 OK
2026-07-09 16:25:59,804 INFO CSF.N0000 OK
2026-07-09 16:25:59,807 INFO NDB.N0000 OK
2026-07-09 16:25:59,909 INFO NTB.N0000 OK
2026-07-09 16:25:59,948 INFO NTB.X0000 OK
2026-07-09 16:25:59,975 INFO NHL.N0000 OK
2026-07-09 16:26:00,060 INFO ODEL.N0000 OK
2026-07-09 16:26:00,086 INFO OFEQ.N0000 OK
2026-07-09 16:26:00,099 INFO ONAL.N0000 OK
2026-07-09 16:26:00,261 INFO OSEA.N0000 OK
2026-07-09 16:26:00,537 INFO PALM.N0000 OK
2026-07-09 16:26:00,613 INFO PAP.N0000 OK
2026-07-09 16:26:00,617 INFO PABC.N0000 OK
2026-07-09 16:26:00,672 INFO PARA.N0000 OK
2026-07-09 16:26:01,057 INFO PLC.N0000 OK
2026-07-09 16:26:01,146 INFO PLR.N0000 OK
2026-07-09 16:26:01,174 INFO GLAS.N0000 OK
2026-07-09 16:26:01,185 INFO PINS.N0000 OK
2026-07-09 16:26:01,215 INFO PMB.N0000 OK
2026-07-09 16:26:01,263 INFO PEG.N0000 OK
2026-07-09 16:26:01,317 INFO CARE.N0000 OK
2026-07-09 16:26:01,333 INFO RIL.N0000 OK
2026-07-09 16:26:01,409 INFO RGEM.N0000 OK
2026-07-09 16:26:01,446 INFO RWSL.N0000 OK
2026-07-09 16:26:01,832 INFO RFL.N0000 OK
2026-07-09 16:26:01,883 INFO RAL.N0000 OK
2026-07-09 16:26:01,954 INFO RENU.N0000 OK
2026-07-09 16:26:01,958 INFO COCO.N0000 OK
2026-07-09 16:26:02,005 INFO COCO.X0000 OK
2026-07-09 16:26:02,036 INFO RHL.N0000 OK
2026-07-09 16:26:02,059 INFO RHL.X0000 OK
2026-07-09 16:26:02,103 INFO RCH.N0000 OK
2026-07-09 16:26:02,174 INFO HPWR.N0000 OK
2026-07-09 16:26:02,212 INFO RICH.N0000 OK
2026-07-09 16:26:02,610 INFO REXP.N0000 OK
2026-07-09 16:26:02,662 INFO RCL.N0000 OK
2026-07-09 16:26:02,752 INFO RPBH.N0000 OK
2026-07-09 16:26:02,764 INFO SAMP.N0000 OK
2026-07-09 16:26:02,804 INFO SIL.N0000 OK
2026-07-09 16:26:02,836 INFO SDB.N0000 OK
2026-07-09 16:26:02,848 INFO SDF.N0000 OK
2026-07-09 16:26:02,909 INFO SMOT.N0000 OK
2026-07-09 16:26:02,943 INFO SFCL.N0000 OK
2026-07-09 16:26:03,002 INFO SHOT.N0000 OK
2026-07-09 16:26:03,396 INFO SHOT.X0000 OK
2026-07-09 16:26:03,447 INFO SLND.N0000 OK
2026-07-09 16:26:03,536 INFO SEYB.N0000 OK
2026-07-09 16:26:03,544 INFO SEYB.X0000 OK
2026-07-09 16:26:03,590 INFO CSD.N0000 OK
2026-07-09 16:26:03,615 INFO SIRA.N0000 OK
2026-07-09 16:26:03,627 INFO SIGV.N0000 OK
2026-07-09 16:26:03,681 INFO SINS.N0000 OK
2026-07-09 16:26:03,722 INFO SFIN.N0000 OK
2026-07-09 16:26:03,784 INFO SINH.N0000 OK
2026-07-09 16:26:04,192 INFO SEMB.N0000 OK
2026-07-09 16:26:04,231 INFO SEMB.X0000 OK
2026-07-09 16:26:04,317 INFO SCAP.N0000 OK
2026-07-09 16:26:04,338 INFO SLTL.N0000 OK
2026-07-09 16:26:04,346 INFO CRL.N0000 OK
2026-07-09 16:26:04,376 INFO SHL.N0000 OK
2026-07-09 16:26:04,388 INFO AAIC.N0000 OK
2026-07-09 16:26:04,389 INFO SING.N0000 OK
2026-07-09 16:26:04,428 INFO SUN.N0000 OK
2026-07-09 16:26:04,576 INFO SWAD.N0000 OK
2026-07-09 16:26:04,980 INFO PARQ.N0000 OK
2026-07-09 16:26:05,008 INFO TAJ.N0000 OK
2026-07-09 16:26:05,101 INFO TPL.N0000 OK
2026-07-09 16:26:05,132 INFO TANG.N0000 OK
2026-07-09 16:26:05,139 INFO TSML.N0000 OK
2026-07-09 16:26:05,184 INFO TJL.N0000 OK
2026-07-09 16:26:05,187 INFO TESS.N0000 OK
2026-07-09 16:26:05,193 INFO TESS.X0000 OK
2026-07-09 16:26:05,222 INFO LHL.N0000 OK
2026-07-09 16:26:05,350 INFO AUTO.N0000 OK
2026-07-09 16:26:05,786 INFO RHTL.N0000 OK
2026-07-09 16:26:05,789 INFO CFLB.N0000 OK
2026-07-09 16:26:05,809 INFO KHC.N0000 OK
2026-07-09 16:26:05,917 INFO SERV.N0000 OK
2026-07-09 16:26:05,942 INFO LHCL.N0000 OK
2026-07-09 16:26:05,974 INFO NEH.N0000 OK
2026-07-09 16:26:05,992 INFO TKYO.N0000 OK
2026-07-09 16:26:06,007 INFO TKYO.X0000 OK
2026-07-09 16:26:06,033 INFO TAFL.N0000 OK
2026-07-09 16:26:06,132 INFO TRAN.N0000 OK
2026-07-09 16:26:06,579 INFO UBF.N0000 OK
2026-07-09 16:26:06,604 INFO UDPL.N0000 OK
2026-07-09 16:26:06,612 INFO UAL.N0000 OK
2026-07-09 16:26:06,790 INFO UML.N0000 OK
2026-07-09 16:26:06,813 INFO UCAR.N0000 OK
2026-07-09 16:26:06,848 INFO UBC.N0000 OK
2026-07-09 16:26:06,852 INFO VONE.N0000 OK
2026-07-09 16:26:06,873 INFO VPEL.N0000 OK
2026-07-09 16:26:06,873 INFO VFIN.N0000 OK
2026-07-09 16:26:06,943 INFO VLL.N0000 OK
2026-07-09 16:26:07,353 INFO VLL.X0000 OK
2026-07-09 16:26:07,390 INFO CITW.N0000 OK
2026-07-09 16:26:07,414 INFO WATA.N0000 OK
2026-07-09 16:26:07,493 INFO WIND.N0000 OK
2026-07-09 16:26:07,591 INFO YORK.N0000 OK
2026-07-09 16:26:07,711 INFO WLTH.N0000 OK
2026-07-09 16:26:07,718 INFO JXG.N0000 OK
2026-07-09 16:26:07,735 INFO Wrote 302 rows to /home/runner/work/cse-scraper/cse-scraper/data/2026-07-09/all_company_info_2026-07-09.csv
2026-07-09 16:26:07,735 INFO Symbols: 302, success: 302, failures: 0
