2026-07-20 15:47:24,681 INFO Saved: data/2026-07-20/tradeSummary_2026-07-20.json
2026-07-20 15:47:25,597 INFO Saved: data/2026-07-20/todaySharePrice_2026-07-20.json
2026-07-20 15:47:26,568 INFO Saved: data/2026-07-20/topGainers_2026-07-20.json
2026-07-20 15:47:27,465 INFO Saved: data/2026-07-20/topLooses_2026-07-20.json
2026-07-20 15:47:28,031 INFO Saved: data/2026-07-20/mostActiveTrades_2026-07-20.json
2026-07-20 15:47:28,584 INFO Saved: data/2026-07-20/marketSummery_2026-07-20.json
2026-07-20 15:47:29,132 INFO Saved: data/2026-07-20/aspiData_2026-07-20.json
2026-07-20 15:47:30,051 INFO Saved: data/2026-07-20/snpData_2026-07-20.json
2026-07-20 15:47:30,981 INFO Saved: data/2026-07-20/allSectors_2026-07-20.json
2026-07-20 15:47:32,205 INFO Saved: data/2026-07-20/detailedTrades_2026-07-20.json
2026-07-20 15:47:33,113 INFO Saved: data/2026-07-20/dailyMarketSummery_2026-07-20.json
2026-07-20 15:47:33,739 INFO Saved: data/2026-07-20/getContributors_2026-07-20.json
2026-07-20 15:47:34,366 INFO Saved: data/2026-07-20/getContributorsChart_2026-07-20.json
2026-07-20 15:47:34,366 INFO Saved 13 files (0 errors)
2026-07-20 15:47:35,606 INFO ABAN.N0000 OK
2026-07-20 15:47:35,633 INFO AEL.N0000 OK
2026-07-20 15:47:35,638 INFO AFSL.N0000 OK
2026-07-20 15:47:36,004 INFO AGST.N0000 OK
2026-07-20 15:47:36,042 INFO ACL.N0000 OK
2026-07-20 15:47:36,055 INFO ACME.N0000 OK
2026-07-20 15:47:36,081 INFO AGPL.N0000 OK
2026-07-20 15:47:36,082 INFO AGST.X0000 OK
2026-07-20 15:47:36,103 INFO AGAL.N0000 OK
2026-07-20 15:47:36,106 INFO APLA.N0000 OK
2026-07-20 15:47:36,223 INFO AHUN.N0000 OK
2026-07-20 15:47:36,249 INFO SPEN.N0000 OK
2026-07-20 15:47:36,253 INFO ALLI.N0000 OK
2026-07-20 15:47:36,617 INFO AFS.N0000 OK
2026-07-20 15:47:36,992 INFO ALHP.N0000 OK
2026-07-20 15:47:37,012 INFO TAP.N0000 OK
2026-07-20 15:47:37,062 INFO AINS.N0000 OK
2026-07-20 15:47:37,066 INFO GREG.N0000 OK
2026-07-20 15:47:37,072 INFO AMCL.N0000 OK
2026-07-20 15:47:37,093 INFO ATLL.N0000 OK
2026-07-20 15:47:37,101 INFO ABL.N0000 OK
2026-07-20 15:47:37,108 INFO ALUM.N0000 OK
2026-07-20 15:47:37,111 INFO ATL.N0000 OK
2026-07-20 15:47:37,536 INFO AAF.N0000 OK
2026-07-20 15:47:37,539 INFO ACAP.N0000 OK
2026-07-20 15:47:37,646 INFO ASIY.N0000 OK
2026-07-20 15:47:37,694 INFO ASIR.N0000 OK
2026-07-20 15:47:37,696 INFO AHPL.N0000 OK
2026-07-20 15:47:37,700 INFO AMSL.N0000 OK
2026-07-20 15:47:38,118 INFO BPPL.N0000 OK
2026-07-20 15:47:38,121 INFO AMF.N0000 OK
2026-07-20 15:47:38,124 INFO BALA.N0000 OK
2026-07-20 15:47:38,127 INFO BFL.N0000 OK
2026-07-20 15:47:38,178 INFO BRR.N0000 OK
2026-07-20 15:47:38,195 INFO BERU.N0000 OK
2026-07-20 15:47:38,667 INFO BLI.N0000 OK
2026-07-20 15:47:38,679 INFO BLUE.X0000 OK
2026-07-20 15:47:38,696 INFO BLUE.N0000 OK
2026-07-20 15:47:38,730 INFO BOGA.N0000 OK
2026-07-20 15:47:38,799 INFO BRWN.N0000 OK
2026-07-20 15:47:38,805 INFO BIL.N0000 OK
2026-07-20 15:47:38,808 INFO BUKI.N0000 OK
2026-07-20 15:47:38,811 INFO BOPL.N0000 OK
2026-07-20 15:47:38,836 INFO CIC.N0000 OK
2026-07-20 15:47:38,837 INFO CIC.X0000 OK
2026-07-20 15:47:39,277 INFO COLO.N0000 OK
2026-07-20 15:47:39,333 INFO CWM.N0000 OK
2026-07-20 15:47:39,415 INFO CTHR.N0000 OK
2026-07-20 15:47:39,415 INFO CSLK.N0000 OK
2026-07-20 15:47:39,442 INFO CALH.N0000 OK
2026-07-20 15:47:39,444 INFO CTLD.N0000 OK
2026-07-20 15:47:39,803 INFO CALT.N0000 OK
2026-07-20 15:47:39,827 INFO CARG.N0000 OK
2026-07-20 15:47:39,836 INFO CABO.N0000 OK
2026-07-20 15:47:39,870 INFO CBNK.N0000 OK
2026-07-20 15:47:39,883 INFO CARS.N0000 OK
2026-07-20 15:47:39,936 INFO CFIN.N0000 OK
2026-07-20 15:47:40,035 INFO CIND.N0000 OK
2026-07-20 15:47:40,058 INFO CINS.N0000 OK
2026-07-20 15:47:40,068 INFO CINS.X0000 OK
2026-07-20 15:47:40,082 INFO BREW.N0000 OK
2026-07-20 15:47:40,433 INFO GRAN.N0000 OK
2026-07-20 15:47:40,443 INFO CCS.N0000 OK
2026-07-20 15:47:40,877 INFO CTBL.N0000 OK
2026-07-20 15:47:40,917 INFO CINV.N0000 OK
2026-07-20 15:47:40,945 INFO CTC.N0000 OK
2026-07-20 15:47:40,972 INFO CHL.N0000 OK
2026-07-20 15:47:40,975 INFO CHL.X0000 OK
2026-07-20 15:47:40,977 INFO GUAR.N0000 OK
2026-07-20 15:47:40,990 INFO CHOT.N0000 OK
2026-07-20 15:47:41,004 INFO KZOO.N0000 OK
2026-07-20 15:47:41,060 INFO CHMX.N0000 OK
2026-07-20 15:47:41,072 INFO LLUB.N0000 OK
2026-07-20 15:47:41,487 INFO CWL.N0000 OK
2026-07-20 15:47:41,492 INFO CDB.X0000 OK
2026-07-20 15:47:41,524 INFO CDB.N0000 OK
2026-07-20 15:47:41,549 INFO CHOU.N0000 OK
2026-07-20 15:47:41,613 INFO REEF.N0000 OK
2026-07-20 15:47:41,634 INFO COOP.N0000 OK
2026-07-20 15:47:41,651 INFO PHAR.N0000 OK
2026-07-20 15:47:41,654 INFO DOCK.N0000 OK
2026-07-20 15:47:41,678 INFO CFI.N0000 OK
2026-07-20 15:47:41,708 INFO CIT.N0000 OK
2026-07-20 15:47:42,103 INFO COMB.N0000 OK
2026-07-20 15:47:42,106 INFO CLND.N0000 OK
2026-07-20 15:47:42,151 INFO COMB.X0000 OK
2026-07-20 15:47:42,160 INFO COCR.N0000 OK
2026-07-20 15:47:42,215 INFO DFCC.N0000 OK
2026-07-20 15:47:42,256 INFO COMD.N0000 OK
2026-07-20 15:47:42,270 INFO SOY.N0000 OK
2026-07-20 15:47:42,297 INFO DPL.N0000 OK
2026-07-20 15:47:42,328 INFO DIAL.N0000 OK
2026-07-20 15:47:42,336 INFO CALF.N0000 OK
2026-07-20 15:47:42,761 INFO DIMO.N0000 OK
2026-07-20 15:47:42,767 INFO PKME.N0000 OK
2026-07-20 15:47:42,795 INFO CTEA.N0000 OK
2026-07-20 15:47:42,798 INFO DIPD.N0000 OK
2026-07-20 15:47:42,834 INFO DIST.N0000 OK
2026-07-20 15:47:42,877 INFO STAF.N0000 OK
2026-07-20 15:47:42,918 INFO EBCR.N0000 OK
2026-07-20 15:47:42,959 INFO EAST.N0000 OK
2026-07-20 15:47:42,959 INFO EML.N0000 OK
2026-07-20 15:47:42,970 INFO ECL.N0000 OK
2026-07-20 15:47:43,389 INFO EDEN.N0000 OK
2026-07-20 15:47:43,392 INFO EMER.N0000 OK
2026-07-20 15:47:43,430 INFO ETWO.N0000 OK
2026-07-20 15:47:43,459 INFO PACK.N0000 OK
2026-07-20 15:47:43,474 INFO ELPL.N0000 OK
2026-07-20 15:47:43,498 INFO EXT.N0000 OK
2026-07-20 15:47:43,523 INFO CFVF.N0000 OK
2026-07-20 15:47:43,582 INFO FCT.N0000 OK
2026-07-20 15:47:43,588 INFO WAPO.N0000 OK
2026-07-20 15:47:43,632 INFO GHLL.N0000 OK
2026-07-20 15:47:44,009 INFO MEL.N0000 OK
2026-07-20 15:47:44,013 INFO GEST.N0000 OK
2026-07-20 15:47:44,034 INFO HAPU.N0000 OK
2026-07-20 15:47:44,097 INFO HNB.N0000 OK
2026-07-20 15:47:44,100 INFO HNB.X0000 OK
2026-07-20 15:47:44,115 INFO HARI.N0000 OK
2026-07-20 15:47:44,152 INFO HPL.N0000 OK
2026-07-20 15:47:44,202 INFO MGT.N0000 OK
2026-07-20 15:47:44,219 INFO HAYC.N0000 OK
2026-07-20 15:47:44,238 INFO HEXP.N0000 OK
2026-07-20 15:47:44,593 INFO HELA.N0000 OK
2026-07-20 15:47:44,626 INFO CONN.N0000 OK
2026-07-20 15:47:44,639 INFO HAYL.N0000 OK
2026-07-20 15:47:44,711 INFO HHL.N0000 OK
2026-07-20 15:47:44,714 INFO CITH.N0000 OK
2026-07-20 15:47:44,741 INFO HASU.N0000 OK
2026-07-20 15:47:44,779 INFO HNBF.N0000 OK
2026-07-20 15:47:44,829 INFO HNBF.X0000 OK
2026-07-20 15:47:44,854 INFO HSIG.N0000 OK
2026-07-20 15:47:44,894 INFO HOPL.N0000 OK
2026-07-20 15:47:45,141 INFO HDFC.N0000 OK
2026-07-20 15:47:45,172 INFO HBS.N0000 OK
2026-07-20 15:47:45,234 INFO HUNA.N0000 OK
2026-07-20 15:47:45,324 INFO HVA.N0000 OK
2026-07-20 15:47:45,367 INFO HUNT.N0000 OK
2026-07-20 15:47:45,378 INFO BFN.N0000 OK
2026-07-20 15:47:45,394 INFO JINS.N0000 OK
2026-07-20 15:47:45,405 INFO ASPH.N0000 OK
2026-07-20 15:47:45,449 INFO INME.N0000 OK
2026-07-20 15:47:45,525 INFO JAT.N0000 OK
2026-07-20 15:47:45,759 INFO JETS.N0000 OK
2026-07-20 15:47:45,785 INFO JFP.N0000 OK
2026-07-20 15:47:45,787 INFO JKH.N0000 OK
2026-07-20 15:47:45,953 INFO KHL.N0000 OK
2026-07-20 15:47:46,045 INFO JKL.N0000 OK
2026-07-20 15:47:46,062 INFO KAHA.N0000 OK
2026-07-20 15:47:46,062 INFO KPHL.N0000 OK
2026-07-20 15:47:46,066 INFO KFP.N0000 OK
2026-07-20 15:47:46,087 INFO KGAL.N0000 OK
2026-07-20 15:47:46,136 INFO KCAB.N0000 OK
2026-07-20 15:47:46,339 INFO KDL.N0000 OK
2026-07-20 15:47:46,371 INFO TYRE.N0000 OK
2026-07-20 15:47:46,396 INFO KVAL.N0000 OK
2026-07-20 15:47:46,569 INFO CPRT.N0000 OK
2026-07-20 15:47:46,655 INFO KOTA.N0000 OK
2026-07-20 15:47:46,680 INFO LAMB.N0000 OK
2026-07-20 15:47:46,700 INFO LOLC.N0000 OK
2026-07-20 15:47:46,727 INFO LVEF.N0000 OK
2026-07-20 15:47:46,732 INFO LPRT.N0000 OK
2026-07-20 15:47:46,742 INFO LALU.N0000 OK
2026-07-20 15:47:46,947 INFO ASHO.N0000 OK
2026-07-20 15:47:46,975 INFO CERA.N0000 OK
2026-07-20 15:47:47,003 INFO LCBF.N0000 OK
2026-07-20 15:47:47,178 INFO LIOC.N0000 OK
2026-07-20 15:47:47,244 INFO TILE.N0000 OK
2026-07-20 15:47:47,264 INFO LMF.N0000 OK
2026-07-20 15:47:47,279 INFO ASCO.N0000 OK
2026-07-20 15:47:47,363 INFO LVEN.N0000 OK
2026-07-20 15:47:47,371 INFO LWL.N0000 OK
2026-07-20 15:47:47,375 INFO LCEY.N0000 OK
2026-07-20 15:47:47,518 INFO LGL.N0000 OK
2026-07-20 15:47:47,559 INFO LDEV.N0000 OK
2026-07-20 15:47:47,613 INFO LGL.X0000 OK
2026-07-20 15:47:47,787 INFO LPL.N0000 OK
2026-07-20 15:47:47,850 INFO LPL.X0000 OK
2026-07-20 15:47:47,868 INFO LITE.N0000 OK
2026-07-20 15:47:47,894 INFO LFIN.N0000 OK
2026-07-20 15:47:47,989 INFO SHAW.N0000 OK
2026-07-20 15:47:47,991 INFO LOFC.N0000 OK
2026-07-20 15:47:47,994 INFO LION.N0000 OK
2026-07-20 15:47:48,127 INFO LGIL.N0000 OK
2026-07-20 15:47:48,164 INFO HPFL.N0000 OK
2026-07-20 15:47:48,222 INFO LUMX.N0000 OK
2026-07-20 15:47:48,404 INFO MADU.N0000 OK
2026-07-20 15:47:48,470 INFO MCPL.N0000 OK
2026-07-20 15:47:48,482 INFO MFPE.N0000 OK
2026-07-20 15:47:48,500 INFO MRH.N0000 OK
2026-07-20 15:47:48,619 INFO MAL.N0000 OK
2026-07-20 15:47:48,620 INFO MARA.N0000 OK
2026-07-20 15:47:48,634 INFO MAL.X0000 OK
2026-07-20 15:47:48,740 INFO MASK.N0000 OK
2026-07-20 15:47:48,775 INFO MELS.N0000 OK
2026-07-20 15:47:48,834 INFO MERC.N0000 OK
2026-07-20 15:47:49,019 INFO MSL.N0000 OK
2026-07-20 15:47:49,077 INFO MBSL.N0000 OK
2026-07-20 15:47:49,088 INFO MHDL.N0000 OK
2026-07-20 15:47:49,122 INFO MULL.N0000 OK
2026-07-20 15:47:49,200 INFO CSF.N0000 OK
2026-07-20 15:47:49,238 INFO NAMU.N0000 OK
2026-07-20 15:47:49,293 INFO MDL.N0000 OK
2026-07-20 15:47:49,338 INFO NDB.N0000 OK
2026-07-20 15:47:49,378 INFO NTB.N0000 OK
2026-07-20 15:47:49,437 INFO NTB.X0000 OK
2026-07-20 15:47:49,628 INFO NHL.N0000 OK
2026-07-20 15:47:49,685 INFO ODEL.N0000 OK
2026-07-20 15:47:49,703 INFO OFEQ.N0000 OK
2026-07-20 15:47:49,750 INFO OSEA.N0000 OK
2026-07-20 15:47:49,754 INFO ONAL.N0000 OK
2026-07-20 15:47:49,850 INFO PALM.N0000 OK
2026-07-20 15:47:49,895 INFO PABC.N0000 OK
2026-07-20 15:47:49,958 INFO PAP.N0000 OK
2026-07-20 15:47:49,968 INFO PARA.N0000 OK
2026-07-20 15:47:50,090 INFO PEG.N0000 OK
2026-07-20 15:47:50,241 INFO PINS.N0000 OK
2026-07-20 15:47:50,329 INFO PLC.N0000 OK
2026-07-20 15:47:50,335 INFO GLAS.N0000 OK
2026-07-20 15:47:50,379 INFO PLR.N0000 OK
2026-07-20 15:47:50,392 INFO PMB.N0000 OK
2026-07-20 15:47:50,451 INFO CARE.N0000 OK
2026-07-20 15:47:50,498 INFO RIL.N0000 OK
2026-07-20 15:47:50,560 INFO RGEM.N0000 OK
2026-07-20 15:47:50,612 INFO RWSL.N0000 OK
2026-07-20 15:47:50,698 INFO RFL.N0000 OK
2026-07-20 15:47:50,863 INFO RAL.N0000 OK
2026-07-20 15:47:50,940 INFO RENU.N0000 OK
2026-07-20 15:47:50,950 INFO COCO.N0000 OK
2026-07-20 15:47:50,987 INFO COCO.X0000 OK
2026-07-20 15:47:51,051 INFO RHL.N0000 OK
2026-07-20 15:47:51,052 INFO RHL.X0000 OK
2026-07-20 15:47:51,088 INFO RCH.N0000 OK
2026-07-20 15:47:51,181 INFO HPWR.N0000 OK
2026-07-20 15:47:51,236 INFO RICH.N0000 OK
2026-07-20 15:47:51,318 INFO REXP.N0000 OK
2026-07-20 15:47:51,475 INFO RCL.N0000 OK
2026-07-20 15:47:51,499 INFO SAMP.N0000 OK
2026-07-20 15:47:51,549 INFO RPBH.N0000 OK
2026-07-20 15:47:51,601 INFO SIL.N0000 OK
2026-07-20 15:47:51,697 INFO SDB.N0000 OK
2026-07-20 15:47:51,710 INFO SDF.N0000 OK
2026-07-20 15:47:51,717 INFO SMOT.N0000 OK
2026-07-20 15:47:51,813 INFO SFCL.N0000 OK
2026-07-20 15:47:51,843 INFO SHOT.N0000 OK
2026-07-20 15:47:51,906 INFO SHOT.X0000 OK
2026-07-20 15:47:52,098 INFO SEYB.N0000 OK
2026-07-20 15:47:52,110 INFO SLND.N0000 OK
2026-07-20 15:47:52,155 INFO SEYB.X0000 OK
2026-07-20 15:47:52,201 INFO CSD.N0000 OK
2026-07-20 15:47:52,329 INFO SIRA.N0000 OK
2026-07-20 15:47:52,347 INFO SINS.N0000 OK
2026-07-20 15:47:52,350 INFO SIGV.N0000 OK
2026-07-20 15:47:52,423 INFO SFIN.N0000 OK
2026-07-20 15:47:52,484 INFO SINH.N0000 OK
2026-07-20 15:47:52,519 INFO SEMB.N0000 OK
2026-07-20 15:47:52,725 INFO SEMB.X0000 OK
2026-07-20 15:47:52,731 INFO SCAP.N0000 OK
2026-07-20 15:47:52,778 INFO CRL.N0000 OK
2026-07-20 15:47:52,807 INFO SHL.N0000 OK
2026-07-20 15:47:52,882 INFO AAIC.N0000 OK
2026-07-20 15:47:52,910 INFO SING.N0000 OK
2026-07-20 15:47:52,975 INFO SLTL.N0000 OK
2026-07-20 15:47:53,052 INFO SUN.N0000 OK
2026-07-20 15:47:53,112 INFO SWAD.N0000 OK
2026-07-20 15:47:53,126 INFO PARQ.N0000 OK
2026-07-20 15:47:53,357 INFO TAJ.N0000 OK
2026-07-20 15:47:53,397 INFO TANG.N0000 OK
2026-07-20 15:47:53,431 INFO TSML.N0000 OK
2026-07-20 15:47:53,502 INFO TPL.N0000 OK
2026-07-20 15:47:53,505 INFO TJL.N0000 OK
2026-07-20 15:47:53,526 INFO TESS.N0000 OK
2026-07-20 15:47:53,578 INFO TESS.X0000 OK
2026-07-20 15:47:53,654 INFO LHL.N0000 OK
2026-07-20 15:47:53,712 INFO AUTO.N0000 OK
2026-07-20 15:47:53,729 INFO CFLB.N0000 OK
2026-07-20 15:47:53,971 INFO RHTL.N0000 OK
2026-07-20 15:47:54,019 INFO KHC.N0000 OK
2026-07-20 15:47:54,032 INFO SERV.N0000 OK
2026-07-20 15:47:54,123 INFO LHCL.N0000 OK
2026-07-20 15:47:54,130 INFO NEH.N0000 OK
2026-07-20 15:47:54,169 INFO TAFL.N0000 OK
2026-07-20 15:47:54,199 INFO TKYO.N0000 OK
2026-07-20 15:47:54,259 INFO TKYO.X0000 OK
2026-07-20 15:47:54,327 INFO TRAN.N0000 OK
2026-07-20 15:47:54,353 INFO UBF.N0000 OK
2026-07-20 15:47:54,577 INFO UDPL.N0000 OK
2026-07-20 15:47:54,645 INFO UAL.N0000 OK
2026-07-20 15:47:54,725 INFO UBC.N0000 OK
2026-07-20 15:47:54,769 INFO UML.N0000 OK
2026-07-20 15:47:54,807 INFO UCAR.N0000 OK
2026-07-20 15:47:54,810 INFO VFIN.N0000 OK
2026-07-20 15:47:54,825 INFO VONE.N0000 OK
2026-07-20 15:47:54,880 INFO VPEL.N0000 OK
2026-07-20 15:47:54,945 INFO VLL.N0000 OK
2026-07-20 15:47:54,982 INFO VLL.X0000 OK
2026-07-20 15:47:55,194 INFO CITW.N0000 OK
2026-07-20 15:47:55,290 INFO WATA.N0000 OK
2026-07-20 15:47:55,413 INFO YORK.N0000 OK
2026-07-20 15:47:55,432 INFO WIND.N0000 OK
2026-07-20 15:47:55,447 INFO WLTH.N0000 OK
2026-07-20 15:47:55,456 INFO JXG.N0000 OK
2026-07-20 15:47:55,472 INFO Wrote 302 rows to /home/runner/work/cse-scraper/cse-scraper/data/2026-07-20/all_company_info_2026-07-20.csv
2026-07-20 15:47:55,472 INFO Symbols: 302, success: 302, failures: 0
