2026-05-20 16:50:33,010 INFO Saved: data/2026-05-20/tradeSummary_2026-05-20.json
2026-05-20 16:50:33,816 INFO Saved: data/2026-05-20/todaySharePrice_2026-05-20.json
2026-05-20 16:50:35,159 INFO Saved: data/2026-05-20/topGainers_2026-05-20.json
2026-05-20 16:50:35,746 INFO Saved: data/2026-05-20/topLooses_2026-05-20.json
2026-05-20 16:50:36,802 INFO Saved: data/2026-05-20/mostActiveTrades_2026-05-20.json
2026-05-20 16:50:37,358 INFO Saved: data/2026-05-20/marketSummery_2026-05-20.json
2026-05-20 16:50:38,319 INFO Saved: data/2026-05-20/aspiData_2026-05-20.json
2026-05-20 16:50:39,372 INFO Saved: data/2026-05-20/snpData_2026-05-20.json
2026-05-20 16:50:40,282 INFO Saved: data/2026-05-20/allSectors_2026-05-20.json
2026-05-20 16:50:41,576 INFO Saved: data/2026-05-20/detailedTrades_2026-05-20.json
2026-05-20 16:50:43,839 INFO Saved: data/2026-05-20/dailyMarketSummery_2026-05-20.json
2026-05-20 16:50:44,502 INFO Saved: data/2026-05-20/getContributors_2026-05-20.json
2026-05-20 16:50:45,172 INFO Saved: data/2026-05-20/getContributorsChart_2026-05-20.json
2026-05-20 16:50:45,172 INFO Saved 13 files (0 errors)
2026-05-20 16:50:46,416 INFO ABAN.N0000 OK
2026-05-20 16:50:46,424 INFO ACL.N0000 OK
2026-05-20 16:50:46,427 INFO AEL.N0000 OK
2026-05-20 16:50:46,459 INFO AFSL.N0000 OK
2026-05-20 16:50:46,464 INFO ACME.N0000 OK
2026-05-20 16:50:46,479 INFO APLA.N0000 OK
2026-05-20 16:50:46,624 INFO AGST.X0000 OK
2026-05-20 16:50:46,634 INFO AGAL.N0000 OK
2026-05-20 16:50:46,636 INFO AGPL.N0000 OK
2026-05-20 16:50:46,637 INFO AGST.N0000 OK
2026-05-20 16:50:47,084 INFO AHUN.N0000 OK
2026-05-20 16:50:47,085 INFO SPEN.N0000 OK
2026-05-20 16:50:47,359 INFO TAP.N0000 OK
2026-05-20 16:50:47,362 INFO GREG.N0000 OK
2026-05-20 16:50:47,387 INFO ATLL.N0000 OK
2026-05-20 16:50:47,473 INFO ALLI.N0000 OK
2026-05-20 16:50:47,476 INFO AFS.N0000 OK
2026-05-20 16:50:47,507 INFO ABL.N0000 OK
2026-05-20 16:50:47,508 INFO ATL.N0000 OK
2026-05-20 16:50:47,516 INFO ALUM.N0000 OK
2026-05-20 16:50:48,518 INFO ALHP.N0000 OK
2026-05-20 16:50:48,549 INFO ACAP.N0000 OK
2026-05-20 16:50:48,677 INFO ASIY.N0000 OK
2026-05-20 16:50:48,677 INFO AAF.N0000 OK
2026-05-20 16:50:48,682 INFO AMCL.N0000 OK
2026-05-20 16:50:48,718 INFO AMSL.N0000 OK
2026-05-20 16:50:48,730 INFO AMF.N0000 OK
2026-05-20 16:50:48,741 INFO ASIR.N0000 OK
2026-05-20 16:50:48,868 INFO AINS.N0000 OK
2026-05-20 16:50:48,870 INFO AHPL.N0000 OK
2026-05-20 16:50:49,165 INFO BPPL.N0000 OK
2026-05-20 16:50:49,451 INFO BLUE.X0000 OK
2026-05-20 16:50:49,489 INFO BLUE.N0000 OK
2026-05-20 16:50:49,493 INFO BLI.N0000 OK
2026-05-20 16:50:49,587 INFO BFL.N0000 OK
2026-05-20 16:50:49,596 INFO BERU.N0000 OK
2026-05-20 16:50:49,615 INFO BOGA.N0000 OK
2026-05-20 16:50:49,625 INFO BOPL.N0000 OK
2026-05-20 16:50:49,629 INFO BRR.N0000 OK
2026-05-20 16:50:49,640 INFO BALA.N0000 OK
2026-05-20 16:50:49,865 INFO BRWN.N0000 OK
2026-05-20 16:50:50,005 INFO BIL.N0000 OK
2026-05-20 16:50:50,162 INFO BUKI.N0000 OK
2026-05-20 16:50:50,180 INFO CIC.N0000 OK
2026-05-20 16:50:50,245 INFO CIC.X0000 OK
2026-05-20 16:50:50,660 INFO CSLK.N0000 OK
2026-05-20 16:50:50,678 INFO CTLD.N0000 OK
2026-05-20 16:50:50,746 INFO CTHR.N0000 OK
2026-05-20 16:50:50,766 INFO COLO.N0000 OK
2026-05-20 16:50:50,768 INFO CALH.N0000 OK
2026-05-20 16:50:50,778 INFO CWM.N0000 OK
2026-05-20 16:50:50,827 INFO CALT.N0000 OK
2026-05-20 16:50:50,888 INFO CBNK.N0000 OK
2026-05-20 16:50:50,912 INFO CABO.N0000 OK
2026-05-20 16:50:50,915 INFO CARG.N0000 OK
2026-05-20 16:50:51,321 INFO CFIN.N0000 OK
2026-05-20 16:50:51,398 INFO CIND.N0000 OK
2026-05-20 16:50:51,406 INFO CARS.N0000 OK
2026-05-20 16:50:51,422 INFO CINS.N0000 OK
2026-05-20 16:50:51,491 INFO BREW.N0000 OK
2026-05-20 16:50:51,534 INFO CCS.N0000 OK
2026-05-20 16:50:51,562 INFO CINS.X0000 OK
2026-05-20 16:50:51,566 INFO GRAN.N0000 OK
2026-05-20 16:50:51,602 INFO CHL.N0000 OK
2026-05-20 16:50:51,615 INFO GUAR.N0000 OK
2026-05-20 16:50:51,968 INFO CHL.X0000 OK
2026-05-20 16:50:52,065 INFO CHOT.N0000 OK
2026-05-20 16:50:52,074 INFO KZOO.N0000 OK
2026-05-20 16:50:52,101 INFO CINV.N0000 OK
2026-05-20 16:50:52,152 INFO CTBL.N0000 OK
2026-05-20 16:50:52,183 INFO CTC.N0000 OK
2026-05-20 16:50:52,260 INFO CWL.N0000 OK
2026-05-20 16:50:52,268 INFO CDB.N0000 OK
2026-05-20 16:50:52,273 INFO CHMX.N0000 OK
2026-05-20 16:50:52,279 INFO LLUB.N0000 OK
2026-05-20 16:50:52,619 INFO CDB.X0000 OK
2026-05-20 16:50:52,644 INFO CHOU.N0000 OK
2026-05-20 16:50:52,741 INFO REEF.N0000 OK
2026-05-20 16:50:53,159 INFO DOCK.N0000 OK
2026-05-20 16:50:53,310 INFO COOP.N0000 OK
2026-05-20 16:50:53,313 INFO COMB.N0000 OK
2026-05-20 16:50:53,315 INFO CFI.N0000 OK
2026-05-20 16:50:53,323 INFO PHAR.N0000 OK
2026-05-20 16:50:53,368 INFO CIT.N0000 OK
2026-05-20 16:50:53,378 INFO CLND.N0000 OK
2026-05-20 16:50:53,382 INFO COMB.X0000 OK
2026-05-20 16:50:53,390 INFO COCR.N0000 OK
2026-05-20 16:50:53,401 INFO COMD.N0000 OK
2026-05-20 16:50:53,836 INFO SOY.N0000 OK
2026-05-20 16:50:53,992 INFO DIPD.N0000 OK
2026-05-20 16:50:54,026 INFO DIAL.N0000 OK
2026-05-20 16:50:54,041 INFO DPL.N0000 OK
2026-05-20 16:50:54,061 INFO DFCC.N0000 OK
2026-05-20 16:50:54,079 INFO CALF.N0000 OK
2026-05-20 16:50:54,124 INFO PKME.N0000 OK
2026-05-20 16:50:54,126 INFO DIST.N0000 OK
2026-05-20 16:50:54,139 INFO DIMO.N0000 OK
2026-05-20 16:50:54,153 INFO CTEA.N0000 OK
2026-05-20 16:50:54,478 INFO STAF.N0000 OK
2026-05-20 16:50:54,678 INFO ECL.N0000 OK
2026-05-20 16:50:54,698 INFO EBCR.N0000 OK
2026-05-20 16:50:54,723 INFO EML.N0000 OK
2026-05-20 16:50:54,761 INFO EAST.N0000 OK
2026-05-20 16:50:54,778 INFO EMER.N0000 OK
2026-05-20 16:50:54,837 INFO ETWO.N0000 OK
2026-05-20 16:50:54,846 INFO EDEN.N0000 OK
2026-05-20 16:50:54,853 INFO PACK.N0000 OK
2026-05-20 16:50:54,859 INFO ELPL.N0000 OK
2026-05-20 16:50:55,127 INFO EXT.N0000 OK
2026-05-20 16:50:55,235 INFO CFVF.N0000 OK
2026-05-20 16:50:55,348 INFO FCT.N0000 OK
2026-05-20 16:50:55,378 INFO GHLL.N0000 OK
2026-05-20 16:50:55,417 INFO WAPO.N0000 OK
2026-05-20 16:50:55,435 INFO GEST.N0000 OK
2026-05-20 16:50:55,533 INFO HAPU.N0000 OK
2026-05-20 16:50:55,537 INFO HARI.N0000 OK
2026-05-20 16:50:55,538 INFO MEL.N0000 OK
2026-05-20 16:50:55,565 INFO HNB.N0000 OK
2026-05-20 16:50:55,779 INFO HNB.X0000 OK
2026-05-20 16:50:55,952 INFO HPL.N0000 OK
2026-05-20 16:50:56,008 INFO HAYC.N0000 OK
2026-05-20 16:50:56,047 INFO MGT.N0000 OK
2026-05-20 16:50:56,054 INFO HEXP.N0000 OK
2026-05-20 16:50:56,098 INFO CONN.N0000 OK
2026-05-20 16:50:56,272 INFO HHL.N0000 OK
2026-05-20 16:50:56,275 INFO HELA.N0000 OK
2026-05-20 16:50:56,297 INFO HAYL.N0000 OK
2026-05-20 16:50:56,299 INFO CITH.N0000 OK
2026-05-20 16:50:56,431 INFO HASU.N0000 OK
2026-05-20 16:50:56,591 INFO HNBF.N0000 OK
2026-05-20 16:50:56,649 INFO HNBF.X0000 OK
2026-05-20 16:50:56,703 INFO HOPL.N0000 OK
2026-05-20 16:50:56,711 INFO HSIG.N0000 OK
2026-05-20 16:50:56,743 INFO HDFC.N0000 OK
2026-05-20 16:50:56,957 INFO HBS.N0000 OK
2026-05-20 16:50:56,978 INFO HUNA.N0000 OK
2026-05-20 16:50:57,005 INFO HUNT.N0000 OK
2026-05-20 16:50:57,020 INFO HVA.N0000 OK
2026-05-20 16:50:57,070 INFO ASPH.N0000 OK
2026-05-20 16:50:57,229 INFO INME.N0000 OK
2026-05-20 16:50:57,303 INFO BFN.N0000 OK
2026-05-20 16:50:57,361 INFO JAT.N0000 OK
2026-05-20 16:50:57,369 INFO JINS.N0000 OK
2026-05-20 16:50:57,387 INFO JETS.N0000 OK
2026-05-20 16:50:57,617 INFO JFP.N0000 OK
2026-05-20 16:50:57,668 INFO JKL.N0000 OK
2026-05-20 16:50:57,669 INFO JKH.N0000 OK
2026-05-20 16:50:57,694 INFO KHL.N0000 OK
2026-05-20 16:50:57,712 INFO KAHA.N0000 OK
2026-05-20 16:50:57,875 INFO KPHL.N0000 OK
2026-05-20 16:50:57,949 INFO KFP.N0000 OK
2026-05-20 16:50:58,022 INFO KGAL.N0000 OK
2026-05-20 16:50:58,027 INFO KCAB.N0000 OK
2026-05-20 16:50:58,045 INFO TYRE.N0000 OK
2026-05-20 16:50:58,263 INFO KVAL.N0000 OK
2026-05-20 16:50:58,330 INFO KDL.N0000 OK
2026-05-20 16:50:58,375 INFO CPRT.N0000 OK
2026-05-20 16:50:58,378 INFO LAMB.N0000 OK
2026-05-20 16:50:58,458 INFO KOTA.N0000 OK
2026-05-20 16:50:58,609 INFO LVEF.N0000 OK
2026-05-20 16:50:58,619 INFO LOLC.N0000 OK
2026-05-20 16:50:58,667 INFO LPRT.N0000 OK
2026-05-20 16:50:58,980 INFO LCBF.N0000 OK
2026-05-20 16:50:59,005 INFO LALU.N0000 OK
2026-05-20 16:50:59,007 INFO ASHO.N0000 OK
2026-05-20 16:50:59,043 INFO CERA.N0000 OK
2026-05-20 16:50:59,154 INFO ASCO.N0000 OK
2026-05-20 16:50:59,190 INFO LMF.N0000 OK
2026-05-20 16:50:59,195 INFO LIOC.N0000 OK
2026-05-20 16:50:59,275 INFO TILE.N0000 OK
2026-05-20 16:50:59,289 INFO LVEN.N0000 OK
2026-05-20 16:50:59,318 INFO LWL.N0000 OK
2026-05-20 16:50:59,632 INFO LCEY.N0000 OK
2026-05-20 16:50:59,666 INFO LGL.N0000 OK
2026-05-20 16:50:59,707 INFO LDEV.N0000 OK
2026-05-20 16:50:59,725 INFO LGL.X0000 OK
2026-05-20 16:50:59,803 INFO LPL.N0000 OK
2026-05-20 16:50:59,901 INFO LITE.N0000 OK
2026-05-20 16:50:59,904 INFO LPL.X0000 OK
2026-05-20 16:50:59,962 INFO LFIN.N0000 OK
2026-05-20 16:50:59,985 INFO SHAW.N0000 OK
2026-05-20 16:51:00,001 INFO LION.N0000 OK
2026-05-20 16:51:00,298 INFO LOFC.N0000 OK
2026-05-20 16:51:00,355 INFO LGIL.N0000 OK
2026-05-20 16:51:00,392 INFO LUMX.N0000 OK
2026-05-20 16:51:00,404 INFO HPFL.N0000 OK
2026-05-20 16:51:00,476 INFO MADU.N0000 OK
2026-05-20 16:51:00,598 INFO MFPE.N0000 OK
2026-05-20 16:51:00,608 INFO MCPL.N0000 OK
2026-05-20 16:51:00,660 INFO MRH.N0000 OK
2026-05-20 16:51:00,724 INFO MAL.N0000 OK
2026-05-20 16:51:00,725 INFO MAL.X0000 OK
2026-05-20 16:51:00,977 INFO MARA.N0000 OK
2026-05-20 16:51:01,055 INFO MASK.N0000 OK
2026-05-20 16:51:01,113 INFO MERC.N0000 OK
2026-05-20 16:51:01,113 INFO MELS.N0000 OK
2026-05-20 16:51:01,211 INFO MSL.N0000 OK
2026-05-20 16:51:01,311 INFO MHDL.N0000 OK
2026-05-20 16:51:01,337 INFO MBSL.N0000 OK
2026-05-20 16:51:01,388 INFO MULL.N0000 OK
2026-05-20 16:51:01,453 INFO MDL.N0000 OK
2026-05-20 16:51:01,474 INFO NAMU.N0000 OK
2026-05-20 16:51:01,529 INFO CSF.N0000 OK
2026-05-20 16:51:01,850 INFO NTB.X0000 OK
2026-05-20 16:51:01,876 INFO NDB.N0000 OK
2026-05-20 16:51:01,923 INFO NTB.N0000 OK
2026-05-20 16:51:01,970 INFO NHL.N0000 OK
2026-05-20 16:51:02,003 INFO ODEL.N0000 OK
2026-05-20 16:51:02,056 INFO OFEQ.N0000 OK
2026-05-20 16:51:02,060 INFO ONAL.N0000 OK
2026-05-20 16:51:02,128 INFO OSEA.N0000 OK
2026-05-20 16:51:02,170 INFO PALM.N0000 OK
2026-05-20 16:51:02,208 INFO PABC.N0000 OK
2026-05-20 16:51:02,554 INFO PAP.N0000 OK
2026-05-20 16:51:02,600 INFO PARA.N0000 OK
2026-05-20 16:51:02,642 INFO PEG.N0000 OK
2026-05-20 16:51:02,674 INFO PINS.N0000 OK
2026-05-20 16:51:02,763 INFO PLC.N0000 OK
2026-05-20 16:51:02,932 INFO PMB.N0000 OK
2026-05-20 16:51:02,934 INFO PLR.N0000 OK
2026-05-20 16:51:02,942 INFO CARE.N0000 OK
2026-05-20 16:51:02,945 INFO GLAS.N0000 OK
2026-05-20 16:51:03,010 INFO RIL.N0000 OK
2026-05-20 16:51:03,236 INFO RGEM.N0000 OK
2026-05-20 16:51:03,289 INFO RWSL.N0000 OK
2026-05-20 16:51:03,321 INFO RFL.N0000 OK
2026-05-20 16:51:03,361 INFO RAL.N0000 OK
2026-05-20 16:51:03,449 INFO RENU.N0000 OK
2026-05-20 16:51:03,676 INFO RHL.X0000 OK
2026-05-20 16:51:03,710 INFO COCO.N0000 OK
2026-05-20 16:51:03,745 INFO RCH.N0000 OK
2026-05-20 16:51:03,782 INFO RHL.N0000 OK
2026-05-20 16:51:03,806 INFO COCO.X0000 OK
2026-05-20 16:51:03,994 INFO HPWR.N0000 OK
2026-05-20 16:51:04,060 INFO RCL.N0000 OK
2026-05-20 16:51:04,133 INFO RICH.N0000 OK
2026-05-20 16:51:04,149 INFO REXP.N0000 OK
2026-05-20 16:51:04,252 INFO RPBH.N0000 OK
2026-05-20 16:51:04,478 INFO SIL.N0000 OK
2026-05-20 16:51:04,512 INFO SDB.N0000 OK
2026-05-20 16:51:04,527 INFO SDF.N0000 OK
2026-05-20 16:51:04,529 INFO SAMP.N0000 OK
2026-05-20 16:51:04,543 INFO SMOT.N0000 OK
2026-05-20 16:51:04,648 INFO SFCL.N0000 OK
2026-05-20 16:51:04,853 INFO SHOT.X0000 OK
2026-05-20 16:51:04,864 INFO SLND.N0000 OK
2026-05-20 16:51:04,868 INFO SHOT.N0000 OK
2026-05-20 16:51:04,951 INFO SEYB.N0000 OK
2026-05-20 16:51:05,261 INFO SEYB.X0000 OK
2026-05-20 16:51:05,296 INFO CSD.N0000 OK
2026-05-20 16:51:05,347 INFO SINS.N0000 OK
2026-05-20 16:51:05,348 INFO SIGV.N0000 OK
2026-05-20 16:51:05,353 INFO SIRA.N0000 OK
2026-05-20 16:51:05,390 INFO SFIN.N0000 OK
2026-05-20 16:51:05,615 INFO SINH.N0000 OK
2026-05-20 16:51:05,616 INFO SEMB.X0000 OK
2026-05-20 16:51:05,706 INFO SEMB.N0000 OK
2026-05-20 16:51:05,763 INFO SCAP.N0000 OK
2026-05-20 16:51:05,944 INFO CRL.N0000 OK
2026-05-20 16:51:05,947 INFO SING.N0000 OK
2026-05-20 16:51:05,953 INFO SUN.N0000 OK
2026-05-20 16:51:05,997 INFO SHL.N0000 OK
2026-05-20 16:51:06,067 INFO AAIC.N0000 OK
2026-05-20 16:51:06,074 INFO SLTL.N0000 OK
2026-05-20 16:51:06,327 INFO SWAD.N0000 OK
2026-05-20 16:51:06,376 INFO TAJ.N0000 OK
2026-05-20 16:51:06,378 INFO PARQ.N0000 OK
2026-05-20 16:51:06,452 INFO TPL.N0000 OK
2026-05-20 16:51:06,681 INFO TANG.N0000 OK
2026-05-20 16:51:06,763 INFO TJL.N0000 OK
2026-05-20 16:51:06,767 INFO TESS.N0000 OK
2026-05-20 16:51:06,780 INFO TSML.N0000 OK
2026-05-20 16:51:06,794 INFO TESS.X0000 OK
2026-05-20 16:51:06,839 INFO LHL.N0000 OK
2026-05-20 16:51:07,001 INFO AUTO.N0000 OK
2026-05-20 16:51:07,113 INFO CFLB.N0000 OK
2026-05-20 16:51:07,116 INFO RHTL.N0000 OK
2026-05-20 16:51:07,137 INFO KHC.N0000 OK
2026-05-20 16:51:07,416 INFO SERV.N0000 OK
2026-05-20 16:51:07,495 INFO LHCL.N0000 OK
2026-05-20 16:51:07,515 INFO TAFL.N0000 OK
2026-05-20 16:51:07,544 INFO NEH.N0000 OK
2026-05-20 16:51:07,552 INFO TKYO.N0000 OK
2026-05-20 16:51:07,567 INFO TKYO.X0000 OK
2026-05-20 16:51:07,635 INFO TRAN.N0000 OK
2026-05-20 16:51:07,843 INFO UBF.N0000 OK
2026-05-20 16:51:07,845 INFO UAL.N0000 OK
2026-05-20 16:51:07,853 INFO UDPL.N0000 OK
2026-05-20 16:51:08,113 INFO UBC.N0000 OK
2026-05-20 16:51:08,160 INFO UCAR.N0000 OK
2026-05-20 16:51:08,197 INFO UML.N0000 OK
2026-05-20 16:51:08,258 INFO VFIN.N0000 OK
2026-05-20 16:51:08,289 INFO VPEL.N0000 OK
2026-05-20 16:51:08,322 INFO VLL.N0000 OK
2026-05-20 16:51:08,365 INFO VONE.N0000 OK
2026-05-20 16:51:08,594 INFO WATA.N0000 OK
2026-05-20 16:51:08,624 INFO VLL.X0000 OK
2026-05-20 16:51:08,655 INFO CITW.N0000 OK
2026-05-20 16:51:08,800 INFO WIND.N0000 OK
2026-05-20 16:51:08,842 INFO YORK.N0000 OK
2026-05-20 16:51:08,888 INFO WLTH.N0000 OK
2026-05-20 16:51:08,957 INFO JXG.N0000 OK
2026-05-20 16:51:08,973 INFO Wrote 302 rows to /home/runner/work/cse-scraper/cse-scraper/data/2026-05-20/all_company_info_2026-05-20.csv
2026-05-20 16:51:08,973 INFO Symbols: 302, success: 302, failures: 0
