2026-06-11 17:34:56,688 INFO Saved: data/2026-06-11/tradeSummary_2026-06-11.json
2026-06-11 17:34:57,876 INFO Saved: data/2026-06-11/todaySharePrice_2026-06-11.json
2026-06-11 17:34:58,664 INFO Saved: data/2026-06-11/topGainers_2026-06-11.json
2026-06-11 17:34:59,210 INFO Saved: data/2026-06-11/topLooses_2026-06-11.json
2026-06-11 17:35:00,133 INFO Saved: data/2026-06-11/mostActiveTrades_2026-06-11.json
2026-06-11 17:35:00,687 INFO Saved: data/2026-06-11/marketSummery_2026-06-11.json
2026-06-11 17:35:01,501 INFO Saved: data/2026-06-11/aspiData_2026-06-11.json
2026-06-11 17:35:02,062 INFO Saved: data/2026-06-11/snpData_2026-06-11.json
2026-06-11 17:35:02,618 INFO Saved: data/2026-06-11/allSectors_2026-06-11.json
2026-06-11 17:35:03,538 INFO Saved: data/2026-06-11/detailedTrades_2026-06-11.json
2026-06-11 17:35:04,541 INFO Saved: data/2026-06-11/dailyMarketSummery_2026-06-11.json
2026-06-11 17:35:05,185 INFO Saved: data/2026-06-11/getContributors_2026-06-11.json
2026-06-11 17:35:06,325 INFO Saved: data/2026-06-11/getContributorsChart_2026-06-11.json
2026-06-11 17:35:06,325 INFO Saved 13 files (0 errors)
2026-06-11 17:35:07,892 INFO AEL.N0000 OK
2026-06-11 17:35:07,991 INFO ACL.N0000 OK
2026-06-11 17:35:07,994 INFO ACME.N0000 OK
2026-06-11 17:35:08,008 INFO AGST.N0000 OK
2026-06-11 17:35:08,011 INFO AGPL.N0000 OK
2026-06-11 17:35:08,035 INFO AGAL.N0000 OK
2026-06-11 17:35:08,041 INFO AFSL.N0000 OK
2026-06-11 17:35:08,044 INFO APLA.N0000 OK
2026-06-11 17:35:08,057 INFO AGST.X0000 OK
2026-06-11 17:35:08,067 INFO ABAN.N0000 OK
2026-06-11 17:35:08,531 INFO AHUN.N0000 OK
2026-06-11 17:35:08,624 INFO SPEN.N0000 OK
2026-06-11 17:35:08,629 INFO ALLI.N0000 OK
2026-06-11 17:35:08,942 INFO ALUM.N0000 OK
2026-06-11 17:35:09,069 INFO AFS.N0000 OK
2026-06-11 17:35:09,070 INFO GREG.N0000 OK
2026-06-11 17:35:09,077 INFO ATL.N0000 OK
2026-06-11 17:35:09,101 INFO ATLL.N0000 OK
2026-06-11 17:35:09,111 INFO TAP.N0000 OK
2026-06-11 17:35:09,127 INFO ABL.N0000 OK
2026-06-11 17:35:09,484 INFO ALHP.N0000 OK
2026-06-11 17:35:09,497 INFO AINS.N0000 OK
2026-06-11 17:35:09,513 INFO AMCL.N0000 OK
2026-06-11 17:35:09,559 INFO AAF.N0000 OK
2026-06-11 17:35:09,654 INFO ACAP.N0000 OK
2026-06-11 17:35:10,051 INFO ASIR.N0000 OK
2026-06-11 17:35:10,199 INFO BALA.N0000 OK
2026-06-11 17:35:10,200 INFO AMSL.N0000 OK
2026-06-11 17:35:10,207 INFO AMF.N0000 OK
2026-06-11 17:35:10,243 INFO AHPL.N0000 OK
2026-06-11 17:35:10,265 INFO BRR.N0000 OK
2026-06-11 17:35:10,273 INFO ASIY.N0000 OK
2026-06-11 17:35:10,275 INFO BPPL.N0000 OK
2026-06-11 17:35:10,300 INFO BFL.N0000 OK
2026-06-11 17:35:10,324 INFO BERU.N0000 OK
2026-06-11 17:35:11,129 INFO CIC.X0000 OK
2026-06-11 17:35:11,139 INFO CIC.N0000 OK
2026-06-11 17:35:11,150 INFO BLI.N0000 OK
2026-06-11 17:35:11,191 INFO BLUE.N0000 OK
2026-06-11 17:35:11,200 INFO BLUE.X0000 OK
2026-06-11 17:35:11,218 INFO BUKI.N0000 OK
2026-06-11 17:35:11,261 INFO BIL.N0000 OK
2026-06-11 17:35:11,268 INFO BRWN.N0000 OK
2026-06-11 17:35:11,275 INFO BOGA.N0000 OK
2026-06-11 17:35:11,278 INFO BOPL.N0000 OK
2026-06-11 17:35:11,783 INFO COLO.N0000 OK
2026-06-11 17:35:11,801 INFO CTHR.N0000 OK
2026-06-11 17:35:11,820 INFO CTLD.N0000 OK
2026-06-11 17:35:11,836 INFO CWM.N0000 OK
2026-06-11 17:35:11,862 INFO CSLK.N0000 OK
2026-06-11 17:35:11,876 INFO CALH.N0000 OK
2026-06-11 17:35:11,922 INFO CARG.N0000 OK
2026-06-11 17:35:11,931 INFO CALT.N0000 OK
2026-06-11 17:35:11,955 INFO CABO.N0000 OK
2026-06-11 17:35:11,955 INFO CBNK.N0000 OK
2026-06-11 17:35:12,428 INFO CARS.N0000 OK
2026-06-11 17:35:12,468 INFO CFIN.N0000 OK
2026-06-11 17:35:12,476 INFO CINS.N0000 OK
2026-06-11 17:35:12,482 INFO CIND.N0000 OK
2026-06-11 17:35:12,524 INFO BREW.N0000 OK
2026-06-11 17:35:12,528 INFO CINS.X0000 OK
2026-06-11 17:35:12,584 INFO CCS.N0000 OK
2026-06-11 17:35:12,618 INFO GUAR.N0000 OK
2026-06-11 17:35:12,626 INFO GRAN.N0000 OK
2026-06-11 17:35:12,633 INFO CHL.N0000 OK
2026-06-11 17:35:13,087 INFO CHOT.N0000 OK
2026-06-11 17:35:13,185 INFO CHL.X0000 OK
2026-06-11 17:35:13,572 INFO CINV.N0000 OK
2026-06-11 17:35:13,579 INFO CHMX.N0000 OK
2026-06-11 17:35:13,582 INFO CTC.N0000 OK
2026-06-11 17:35:13,591 INFO KZOO.N0000 OK
2026-06-11 17:35:13,601 INFO LLUB.N0000 OK
2026-06-11 17:35:13,617 INFO CTBL.N0000 OK
2026-06-11 17:35:13,620 INFO CDB.N0000 OK
2026-06-11 17:35:13,626 INFO CWL.N0000 OK
2026-06-11 17:35:13,729 INFO CDB.X0000 OK
2026-06-11 17:35:13,799 INFO REEF.N0000 OK
2026-06-11 17:35:14,209 INFO CHOU.N0000 OK
2026-06-11 17:35:14,268 INFO COOP.N0000 OK
2026-06-11 17:35:14,305 INFO PHAR.N0000 OK
2026-06-11 17:35:14,329 INFO DOCK.N0000 OK
2026-06-11 17:35:14,357 INFO COMB.N0000 OK
2026-06-11 17:35:14,372 INFO CLND.N0000 OK
2026-06-11 17:35:14,393 INFO CFI.N0000 OK
2026-06-11 17:35:14,397 INFO CIT.N0000 OK
2026-06-11 17:35:14,398 INFO COMB.X0000 OK
2026-06-11 17:35:14,447 INFO COCR.N0000 OK
2026-06-11 17:35:14,833 INFO COMD.N0000 OK
2026-06-11 17:35:14,882 INFO SOY.N0000 OK
2026-06-11 17:35:14,910 INFO DIAL.N0000 OK
2026-06-11 17:35:14,935 INFO DFCC.N0000 OK
2026-06-11 17:35:14,939 INFO DPL.N0000 OK
2026-06-11 17:35:14,963 INFO PKME.N0000 OK
2026-06-11 17:35:14,993 INFO CALF.N0000 OK
2026-06-11 17:35:15,055 INFO CTEA.N0000 OK
2026-06-11 17:35:15,059 INFO DIMO.N0000 OK
2026-06-11 17:35:15,078 INFO DIPD.N0000 OK
2026-06-11 17:35:15,447 INFO DIST.N0000 OK
2026-06-11 17:35:15,495 INFO STAF.N0000 OK
2026-06-11 17:35:15,531 INFO ECL.N0000 OK
2026-06-11 17:35:15,565 INFO EML.N0000 OK
2026-06-11 17:35:15,576 INFO EBCR.N0000 OK
2026-06-11 17:35:15,627 INFO EAST.N0000 OK
2026-06-11 17:35:15,629 INFO EMER.N0000 OK
2026-06-11 17:35:15,704 INFO ELPL.N0000 OK
2026-06-11 17:35:15,725 INFO EDEN.N0000 OK
2026-06-11 17:35:15,729 INFO ETWO.N0000 OK
2026-06-11 17:35:16,070 INFO PACK.N0000 OK
2026-06-11 17:35:16,109 INFO EXT.N0000 OK
2026-06-11 17:35:16,139 INFO GHLL.N0000 OK
2026-06-11 17:35:16,147 INFO CFVF.N0000 OK
2026-06-11 17:35:16,189 INFO FCT.N0000 OK
2026-06-11 17:35:16,265 INFO GEST.N0000 OK
2026-06-11 17:35:16,276 INFO WAPO.N0000 OK
2026-06-11 17:35:16,329 INFO MEL.N0000 OK
2026-06-11 17:35:16,359 INFO HAPU.N0000 OK
2026-06-11 17:35:16,365 INFO HARI.N0000 OK
2026-06-11 17:35:16,701 INFO HNB.N0000 OK
2026-06-11 17:35:16,736 INFO HNB.X0000 OK
2026-06-11 17:35:16,811 INFO MGT.N0000 OK
2026-06-11 17:35:16,837 INFO HPL.N0000 OK
2026-06-11 17:35:16,839 INFO HAYC.N0000 OK
2026-06-11 17:35:16,883 INFO HAYL.N0000 OK
2026-06-11 17:35:16,889 INFO HEXP.N0000 OK
2026-06-11 17:35:16,913 INFO CONN.N0000 OK
2026-06-11 17:35:16,995 INFO HELA.N0000 OK
2026-06-11 17:35:16,997 INFO HHL.N0000 OK
2026-06-11 17:35:17,333 INFO CITH.N0000 OK
2026-06-11 17:35:17,347 INFO HASU.N0000 OK
2026-06-11 17:35:17,435 INFO HNBF.N0000 OK
2026-06-11 17:35:17,461 INFO HOPL.N0000 OK
2026-06-11 17:35:17,483 INFO HNBF.X0000 OK
2026-06-11 17:35:17,518 INFO HDFC.N0000 OK
2026-06-11 17:35:17,530 INFO HSIG.N0000 OK
2026-06-11 17:35:17,533 INFO HBS.N0000 OK
2026-06-11 17:35:17,624 INFO HUNA.N0000 OK
2026-06-11 17:35:17,637 INFO HUNT.N0000 OK
2026-06-11 17:35:17,974 INFO HVA.N0000 OK
2026-06-11 17:35:18,043 INFO ASPH.N0000 OK
2026-06-11 17:35:18,069 INFO INME.N0000 OK
2026-06-11 17:35:18,094 INFO BFN.N0000 OK
2026-06-11 17:35:18,109 INFO JINS.N0000 OK
2026-06-11 17:35:18,169 INFO JAT.N0000 OK
2026-06-11 17:35:18,184 INFO JETS.N0000 OK
2026-06-11 17:35:18,189 INFO JKH.N0000 OK
2026-06-11 17:35:18,191 INFO JFP.N0000 OK
2026-06-11 17:35:18,267 INFO KHL.N0000 OK
2026-06-11 17:35:18,626 INFO JKL.N0000 OK
2026-06-11 17:35:18,694 INFO KPHL.N0000 OK
2026-06-11 17:35:18,698 INFO KAHA.N0000 OK
2026-06-11 17:35:18,727 INFO KFP.N0000 OK
2026-06-11 17:35:18,738 INFO KGAL.N0000 OK
2026-06-11 17:35:18,800 INFO KCAB.N0000 OK
2026-06-11 17:35:18,813 INFO KDL.N0000 OK
2026-06-11 17:35:18,838 INFO TYRE.N0000 OK
2026-06-11 17:35:18,864 INFO KVAL.N0000 OK
2026-06-11 17:35:18,891 INFO CPRT.N0000 OK
2026-06-11 17:35:19,322 INFO KOTA.N0000 OK
2026-06-11 17:35:19,342 INFO LOLC.N0000 OK
2026-06-11 17:35:19,356 INFO LAMB.N0000 OK
2026-06-11 17:35:19,364 INFO LVEF.N0000 OK
2026-06-11 17:35:19,394 INFO LPRT.N0000 OK
2026-06-11 17:35:19,428 INFO LALU.N0000 OK
2026-06-11 17:35:19,429 INFO ASHO.N0000 OK
2026-06-11 17:35:19,458 INFO CERA.N0000 OK
2026-06-11 17:35:19,513 INFO LCBF.N0000 OK
2026-06-11 17:35:19,518 INFO LIOC.N0000 OK
2026-06-11 17:35:19,922 INFO TILE.N0000 OK
2026-06-11 17:35:19,970 INFO LMF.N0000 OK
2026-06-11 17:35:19,989 INFO ASCO.N0000 OK
2026-06-11 17:35:20,021 INFO LVEN.N0000 OK
2026-06-11 17:35:20,061 INFO LWL.N0000 OK
2026-06-11 17:35:20,079 INFO LCEY.N0000 OK
2026-06-11 17:35:20,089 INFO LDEV.N0000 OK
2026-06-11 17:35:20,093 INFO LGL.N0000 OK
2026-06-11 17:35:20,149 INFO LPL.N0000 OK
2026-06-11 17:35:20,159 INFO LGL.X0000 OK
2026-06-11 17:35:20,551 INFO LPL.X0000 OK
2026-06-11 17:35:20,614 INFO LFIN.N0000 OK
2026-06-11 17:35:20,614 INFO LITE.N0000 OK
2026-06-11 17:35:20,659 INFO SHAW.N0000 OK
2026-06-11 17:35:20,692 INFO LION.N0000 OK
2026-06-11 17:35:20,730 INFO LGIL.N0000 OK
2026-06-11 17:35:20,746 INFO LOFC.N0000 OK
2026-06-11 17:35:20,756 INFO HPFL.N0000 OK
2026-06-11 17:35:20,770 INFO LUMX.N0000 OK
2026-06-11 17:35:20,795 INFO MADU.N0000 OK
2026-06-11 17:35:21,173 INFO MFPE.N0000 OK
2026-06-11 17:35:21,256 INFO MCPL.N0000 OK
2026-06-11 17:35:21,259 INFO MRH.N0000 OK
2026-06-11 17:35:21,271 INFO MAL.N0000 OK
2026-06-11 17:35:21,319 INFO MAL.X0000 OK
2026-06-11 17:35:21,362 INFO MARA.N0000 OK
2026-06-11 17:35:21,405 INFO MASK.N0000 OK
2026-06-11 17:35:21,405 INFO MELS.N0000 OK
2026-06-11 17:35:21,415 INFO MERC.N0000 OK
2026-06-11 17:35:21,436 INFO MSL.N0000 OK
2026-06-11 17:35:21,793 INFO MBSL.N0000 OK
2026-06-11 17:35:21,922 INFO MDL.N0000 OK
2026-06-11 17:35:21,928 INFO MHDL.N0000 OK
2026-06-11 17:35:21,940 INFO MULL.N0000 OK
2026-06-11 17:35:21,945 INFO NAMU.N0000 OK
2026-06-11 17:35:21,951 INFO CSF.N0000 OK
2026-06-11 17:35:22,035 INFO NTB.N0000 OK
2026-06-11 17:35:22,075 INFO NTB.X0000 OK
2026-06-11 17:35:22,092 INFO NDB.N0000 OK
2026-06-11 17:35:22,113 INFO NHL.N0000 OK
2026-06-11 17:35:22,414 INFO ODEL.N0000 OK
2026-06-11 17:35:22,542 INFO PABC.N0000 OK
2026-06-11 17:35:22,591 INFO ONAL.N0000 OK
2026-06-11 17:35:22,598 INFO OFEQ.N0000 OK
2026-06-11 17:35:22,614 INFO OSEA.N0000 OK
2026-06-11 17:35:22,620 INFO PALM.N0000 OK
2026-06-11 17:35:22,667 INFO PAP.N0000 OK
2026-06-11 17:35:22,706 INFO PARA.N0000 OK
2026-06-11 17:35:22,714 INFO PEG.N0000 OK
2026-06-11 17:35:22,743 INFO PINS.N0000 OK
2026-06-11 17:35:23,043 INFO PLC.N0000 OK
2026-06-11 17:35:23,207 INFO GLAS.N0000 OK
2026-06-11 17:35:23,231 INFO PMB.N0000 OK
2026-06-11 17:35:23,275 INFO RIL.N0000 OK
2026-06-11 17:35:23,309 INFO CARE.N0000 OK
2026-06-11 17:35:23,312 INFO PLR.N0000 OK
2026-06-11 17:35:23,313 INFO RGEM.N0000 OK
2026-06-11 17:35:23,342 INFO RWSL.N0000 OK
2026-06-11 17:35:23,352 INFO RFL.N0000 OK
2026-06-11 17:35:23,398 INFO RAL.N0000 OK
2026-06-11 17:35:23,659 INFO RENU.N0000 OK
2026-06-11 17:35:23,827 INFO COCO.N0000 OK
2026-06-11 17:35:23,841 INFO COCO.X0000 OK
2026-06-11 17:35:23,886 INFO RHL.N0000 OK
2026-06-11 17:35:23,926 INFO REXP.N0000 OK
2026-06-11 17:35:23,973 INFO RCH.N0000 OK
2026-06-11 17:35:23,999 INFO RICH.N0000 OK
2026-06-11 17:35:24,011 INFO RCL.N0000 OK
2026-06-11 17:35:24,015 INFO HPWR.N0000 OK
2026-06-11 17:35:24,063 INFO RHL.X0000 OK
2026-06-11 17:35:24,329 INFO RPBH.N0000 OK
2026-06-11 17:35:24,384 INFO SAMP.N0000 OK
2026-06-11 17:35:24,467 INFO SIL.N0000 OK
2026-06-11 17:35:24,514 INFO SDB.N0000 OK
2026-06-11 17:35:24,548 INFO SDF.N0000 OK
2026-06-11 17:35:24,597 INFO SMOT.N0000 OK
2026-06-11 17:35:24,657 INFO SHOT.N0000 OK
2026-06-11 17:35:24,660 INFO SFCL.N0000 OK
2026-06-11 17:35:24,664 INFO SHOT.X0000 OK
2026-06-11 17:35:24,690 INFO SLND.N0000 OK
2026-06-11 17:35:24,896 INFO SEYB.N0000 OK
2026-06-11 17:35:25,004 INFO SEYB.X0000 OK
2026-06-11 17:35:25,095 INFO CSD.N0000 OK
2026-06-11 17:35:25,163 INFO SIGV.N0000 OK
2026-06-11 17:35:25,164 INFO SIRA.N0000 OK
2026-06-11 17:35:25,209 INFO SINS.N0000 OK
2026-06-11 17:35:25,317 INFO SINH.N0000 OK
2026-06-11 17:35:25,333 INFO SFIN.N0000 OK
2026-06-11 17:35:25,360 INFO SEMB.N0000 OK
2026-06-11 17:35:25,365 INFO SEMB.X0000 OK
2026-06-11 17:35:25,533 INFO SCAP.N0000 OK
2026-06-11 17:35:25,623 INFO CRL.N0000 OK
2026-06-11 17:35:25,721 INFO SHL.N0000 OK
2026-06-11 17:35:25,779 INFO SING.N0000 OK
2026-06-11 17:35:25,821 INFO SLTL.N0000 OK
2026-06-11 17:35:25,824 INFO AAIC.N0000 OK
2026-06-11 17:35:25,887 INFO SUN.N0000 OK
2026-06-11 17:35:25,960 INFO SWAD.N0000 OK
2026-06-11 17:35:25,999 INFO TAJ.N0000 OK
2026-06-11 17:35:26,008 INFO PARQ.N0000 OK
2026-06-11 17:35:26,256 INFO TANG.N0000 OK
2026-06-11 17:35:26,305 INFO TPL.N0000 OK
2026-06-11 17:35:26,356 INFO TSML.N0000 OK
2026-06-11 17:35:26,436 INFO TJL.N0000 OK
2026-06-11 17:35:26,456 INFO TESS.N0000 OK
2026-06-11 17:35:26,487 INFO TESS.X0000 OK
2026-06-11 17:35:26,529 INFO LHL.N0000 OK
2026-06-11 17:35:26,595 INFO AUTO.N0000 OK
2026-06-11 17:35:26,632 INFO CFLB.N0000 OK
2026-06-11 17:35:26,652 INFO RHTL.N0000 OK
2026-06-11 17:35:26,883 INFO KHC.N0000 OK
2026-06-11 17:35:26,950 INFO SERV.N0000 OK
2026-06-11 17:35:26,984 INFO LHCL.N0000 OK
2026-06-11 17:35:27,037 INFO TKYO.N0000 OK
2026-06-11 17:35:27,193 INFO NEH.N0000 OK
2026-06-11 17:35:27,202 INFO TAFL.N0000 OK
2026-06-11 17:35:27,272 INFO TKYO.X0000 OK
2026-06-11 17:35:27,303 INFO UDPL.N0000 OK
2026-06-11 17:35:27,342 INFO UBF.N0000 OK
2026-06-11 17:35:27,343 INFO TRAN.N0000 OK
2026-06-11 17:35:27,507 INFO UAL.N0000 OK
2026-06-11 17:35:27,577 INFO UBC.N0000 OK
2026-06-11 17:35:27,598 INFO UCAR.N0000 OK
2026-06-11 17:35:27,663 INFO UML.N0000 OK
2026-06-11 17:35:27,821 INFO VFIN.N0000 OK
2026-06-11 17:35:27,832 INFO VONE.N0000 OK
2026-06-11 17:35:27,896 INFO VPEL.N0000 OK
2026-06-11 17:35:27,916 INFO VLL.N0000 OK
2026-06-11 17:35:27,970 INFO CITW.N0000 OK
2026-06-11 17:35:27,978 INFO VLL.X0000 OK
2026-06-11 17:35:28,143 INFO WATA.N0000 OK
2026-06-11 17:35:28,190 INFO WIND.N0000 OK
2026-06-11 17:35:28,210 INFO YORK.N0000 OK
2026-06-11 17:35:28,283 INFO WLTH.N0000 OK
2026-06-11 17:35:28,441 INFO JXG.N0000 OK
2026-06-11 17:35:28,458 INFO Wrote 302 rows to /home/runner/work/cse-scraper/cse-scraper/data/2026-06-11/all_company_info_2026-06-11.csv
2026-06-11 17:35:28,459 INFO Symbols: 302, success: 302, failures: 0
