2026-06-03 18:20:59,748 INFO Saved: data/2026-06-03/tradeSummary_2026-06-03.json
2026-06-03 18:21:00,990 INFO Saved: data/2026-06-03/todaySharePrice_2026-06-03.json
2026-06-03 18:21:02,034 INFO Saved: data/2026-06-03/topGainers_2026-06-03.json
2026-06-03 18:21:03,044 INFO Saved: data/2026-06-03/topLooses_2026-06-03.json
2026-06-03 18:21:04,271 INFO Saved: data/2026-06-03/mostActiveTrades_2026-06-03.json
2026-06-03 18:21:05,252 INFO Saved: data/2026-06-03/marketSummery_2026-06-03.json
2026-06-03 18:21:06,318 INFO Saved: data/2026-06-03/aspiData_2026-06-03.json
2026-06-03 18:21:07,310 INFO Saved: data/2026-06-03/snpData_2026-06-03.json
2026-06-03 18:21:08,346 INFO Saved: data/2026-06-03/allSectors_2026-06-03.json
2026-06-03 18:21:09,911 INFO Saved: data/2026-06-03/detailedTrades_2026-06-03.json
2026-06-03 18:21:11,231 INFO Saved: data/2026-06-03/dailyMarketSummery_2026-06-03.json
2026-06-03 18:21:12,012 INFO Saved: data/2026-06-03/getContributors_2026-06-03.json
2026-06-03 18:21:13,452 INFO Saved: data/2026-06-03/getContributorsChart_2026-06-03.json
2026-06-03 18:21:13,453 INFO Saved 13 files (0 errors)
2026-06-03 18:21:15,228 INFO ACL.N0000 OK
2026-06-03 18:21:15,302 INFO ABAN.N0000 OK
2026-06-03 18:21:15,329 INFO AFSL.N0000 OK
2026-06-03 18:21:15,338 INFO AGPL.N0000 OK
2026-06-03 18:21:15,344 INFO ACME.N0000 OK
2026-06-03 18:21:15,349 INFO AGST.X0000 OK
2026-06-03 18:21:15,392 INFO AEL.N0000 OK
2026-06-03 18:21:15,488 INFO AGST.N0000 OK
2026-06-03 18:21:15,491 INFO APLA.N0000 OK
2026-06-03 18:21:15,494 INFO AGAL.N0000 OK
2026-06-03 18:21:16,294 INFO ATLL.N0000 OK
2026-06-03 18:21:16,328 INFO TAP.N0000 OK
2026-06-03 18:21:16,361 INFO ATL.N0000 OK
2026-06-03 18:21:16,380 INFO SPEN.N0000 OK
2026-06-03 18:21:16,385 INFO ALUM.N0000 OK
2026-06-03 18:21:16,392 INFO AFS.N0000 OK
2026-06-03 18:21:16,409 INFO ABL.N0000 OK
2026-06-03 18:21:16,461 INFO GREG.N0000 OK
2026-06-03 18:21:16,464 INFO ALLI.N0000 OK
2026-06-03 18:21:16,486 INFO AHUN.N0000 OK
2026-06-03 18:21:17,081 INFO AMCL.N0000 OK
2026-06-03 18:21:17,523 INFO ASIR.N0000 OK
2026-06-03 18:21:17,556 INFO AMSL.N0000 OK
2026-06-03 18:21:17,574 INFO ACAP.N0000 OK
2026-06-03 18:21:17,584 INFO ALHP.N0000 OK
2026-06-03 18:21:17,654 INFO AHPL.N0000 OK
2026-06-03 18:21:17,672 INFO AINS.N0000 OK
2026-06-03 18:21:17,676 INFO AMF.N0000 OK
2026-06-03 18:21:17,685 INFO AAF.N0000 OK
2026-06-03 18:21:17,689 INFO ASIY.N0000 OK
2026-06-03 18:21:18,243 INFO BPPL.N0000 OK
2026-06-03 18:21:18,611 INFO BLI.N0000 OK
2026-06-03 18:21:18,633 INFO BERU.N0000 OK
2026-06-03 18:21:18,638 INFO BLUE.X0000 OK
2026-06-03 18:21:18,641 INFO BFL.N0000 OK
2026-06-03 18:21:18,643 INFO BLUE.N0000 OK
2026-06-03 18:21:18,658 INFO BALA.N0000 OK
2026-06-03 18:21:18,680 INFO BOPL.N0000 OK
2026-06-03 18:21:18,700 INFO BRR.N0000 OK
2026-06-03 18:21:18,728 INFO BOGA.N0000 OK
2026-06-03 18:21:19,383 INFO CIC.X0000 OK
2026-06-03 18:21:19,409 INFO CIC.N0000 OK
2026-06-03 18:21:19,432 INFO BIL.N0000 OK
2026-06-03 18:21:19,439 INFO BRWN.N0000 OK
2026-06-03 18:21:19,507 INFO BUKI.N0000 OK
2026-06-03 18:21:19,892 INFO CSLK.N0000 OK
2026-06-03 18:21:19,974 INFO CTHR.N0000 OK
2026-06-03 18:21:19,977 INFO CWM.N0000 OK
2026-06-03 18:21:19,995 INFO CTLD.N0000 OK
2026-06-03 18:21:20,007 INFO COLO.N0000 OK
2026-06-03 18:21:20,445 INFO CBNK.N0000 OK
2026-06-03 18:21:20,500 INFO CALH.N0000 OK
2026-06-03 18:21:20,507 INFO CARG.N0000 OK
2026-06-03 18:21:20,517 INFO CABO.N0000 OK
2026-06-03 18:21:20,538 INFO CALT.N0000 OK
2026-06-03 18:21:21,029 INFO CFIN.N0000 OK
2026-06-03 18:21:21,044 INFO CINS.N0000 OK
2026-06-03 18:21:21,047 INFO CINS.X0000 OK
2026-06-03 18:21:21,057 INFO CIND.N0000 OK
2026-06-03 18:21:21,060 INFO CARS.N0000 OK
2026-06-03 18:21:21,287 INFO CCS.N0000 OK
2026-06-03 18:21:21,310 INFO BREW.N0000 OK
2026-06-03 18:21:21,512 INFO GUAR.N0000 OK
2026-06-03 18:21:21,531 INFO GRAN.N0000 OK
2026-06-03 18:21:21,601 INFO CHL.N0000 OK
2026-06-03 18:21:22,258 INFO CINV.N0000 OK
2026-06-03 18:21:22,323 INFO CHMX.N0000 OK
2026-06-03 18:21:22,333 INFO CHL.X0000 OK
2026-06-03 18:21:22,341 INFO KZOO.N0000 OK
2026-06-03 18:21:22,348 INFO CTBL.N0000 OK
2026-06-03 18:21:22,350 INFO CTC.N0000 OK
2026-06-03 18:21:22,355 INFO CHOT.N0000 OK
2026-06-03 18:21:22,592 INFO LLUB.N0000 OK
2026-06-03 18:21:22,601 INFO CDB.N0000 OK
2026-06-03 18:21:22,613 INFO CWL.N0000 OK
2026-06-03 18:21:23,046 INFO CDB.X0000 OK
2026-06-03 18:21:23,102 INFO CHOU.N0000 OK
2026-06-03 18:21:23,105 INFO REEF.N0000 OK
2026-06-03 18:21:23,140 INFO PHAR.N0000 OK
2026-06-03 18:21:23,210 INFO CFI.N0000 OK
2026-06-03 18:21:23,213 INFO COOP.N0000 OK
2026-06-03 18:21:23,243 INFO DOCK.N0000 OK
2026-06-03 18:21:23,423 INFO COMB.N0000 OK
2026-06-03 18:21:23,451 INFO CIT.N0000 OK
2026-06-03 18:21:23,456 INFO CLND.N0000 OK
2026-06-03 18:21:23,833 INFO COMB.X0000 OK
2026-06-03 18:21:23,899 INFO COMD.N0000 OK
2026-06-03 18:21:23,917 INFO SOY.N0000 OK
2026-06-03 18:21:23,952 INFO COCR.N0000 OK
2026-06-03 18:21:24,041 INFO DPL.N0000 OK
2026-06-03 18:21:24,049 INFO DIAL.N0000 OK
2026-06-03 18:21:24,053 INFO DFCC.N0000 OK
2026-06-03 18:21:24,664 INFO PKME.N0000 OK
2026-06-03 18:21:24,692 INFO STAF.N0000 OK
2026-06-03 18:21:24,745 INFO DIMO.N0000 OK
2026-06-03 18:21:24,834 INFO DIST.N0000 OK
2026-06-03 18:21:24,837 INFO DIPD.N0000 OK
2026-06-03 18:21:24,865 INFO CTEA.N0000 OK
2026-06-03 18:21:24,905 INFO CALF.N0000 OK
2026-06-03 18:21:24,911 INFO ECL.N0000 OK
2026-06-03 18:21:24,915 INFO EBCR.N0000 OK
2026-06-03 18:21:24,919 INFO EML.N0000 OK
2026-06-03 18:21:25,462 INFO EAST.N0000 OK
2026-06-03 18:21:25,488 INFO EMER.N0000 OK
2026-06-03 18:21:25,528 INFO EDEN.N0000 OK
2026-06-03 18:21:25,598 INFO PACK.N0000 OK
2026-06-03 18:21:25,628 INFO ETWO.N0000 OK
2026-06-03 18:21:25,655 INFO ELPL.N0000 OK
2026-06-03 18:21:25,672 INFO CFVF.N0000 OK
2026-06-03 18:21:25,740 INFO EXT.N0000 OK
2026-06-03 18:21:25,762 INFO GHLL.N0000 OK
2026-06-03 18:21:25,765 INFO FCT.N0000 OK
2026-06-03 18:21:26,180 INFO WAPO.N0000 OK
2026-06-03 18:21:26,275 INFO MEL.N0000 OK
2026-06-03 18:21:26,276 INFO GEST.N0000 OK
2026-06-03 18:21:26,382 INFO HAPU.N0000 OK
2026-06-03 18:21:26,406 INFO HNB.X0000 OK
2026-06-03 18:21:26,430 INFO HNB.N0000 OK
2026-06-03 18:21:26,464 INFO HARI.N0000 OK
2026-06-03 18:21:26,490 INFO HAYC.N0000 OK
2026-06-03 18:21:26,510 INFO MGT.N0000 OK
2026-06-03 18:21:26,526 INFO HPL.N0000 OK
2026-06-03 18:21:26,966 INFO HEXP.N0000 OK
2026-06-03 18:21:27,071 INFO HAYL.N0000 OK
2026-06-03 18:21:27,089 INFO CONN.N0000 OK
2026-06-03 18:21:27,164 INFO HELA.N0000 OK
2026-06-03 18:21:27,191 INFO HHL.N0000 OK
2026-06-03 18:21:27,256 INFO CITH.N0000 OK
2026-06-03 18:21:27,259 INFO HASU.N0000 OK
2026-06-03 18:21:27,282 INFO HNBF.N0000 OK
2026-06-03 18:21:27,311 INFO HNBF.X0000 OK
2026-06-03 18:21:31,567 INFO BFN.N0000 OK
2026-06-03 18:21:31,649 INFO INME.N0000 OK
2026-06-03 18:21:31,652 INFO HSIG.N0000 OK
2026-06-03 18:21:31,746 INFO HOPL.N0000 OK
2026-06-03 18:21:31,752 INFO ASPH.N0000 OK
2026-06-03 18:21:31,765 INFO HUNT.N0000 OK
2026-06-03 18:21:31,768 INFO HVA.N0000 OK
2026-06-03 18:21:31,782 INFO HUNA.N0000 OK
2026-06-03 18:21:31,799 INFO HBS.N0000 OK
2026-06-03 18:21:31,801 INFO HDFC.N0000 OK
2026-06-03 18:21:32,374 INFO JINS.N0000 OK
2026-06-03 18:21:32,450 INFO JETS.N0000 OK
2026-06-03 18:21:32,464 INFO JAT.N0000 OK
2026-06-03 18:21:32,547 INFO JFP.N0000 OK
2026-06-03 18:21:32,597 INFO KHL.N0000 OK
2026-06-03 18:21:32,602 INFO JKH.N0000 OK
2026-06-03 18:21:32,896 INFO KPHL.N0000 OK
2026-06-03 18:21:32,899 INFO KFP.N0000 OK
2026-06-03 18:21:32,906 INFO KAHA.N0000 OK
2026-06-03 18:21:32,918 INFO JKL.N0000 OK
2026-06-03 18:21:33,178 INFO KGAL.N0000 OK
2026-06-03 18:21:33,247 INFO KCAB.N0000 OK
2026-06-03 18:21:33,587 INFO KDL.N0000 OK
2026-06-03 18:21:33,605 INFO TYRE.N0000 OK
2026-06-03 18:21:33,623 INFO CPRT.N0000 OK
2026-06-03 18:21:33,660 INFO KVAL.N0000 OK
2026-06-03 18:21:33,692 INFO LAMB.N0000 OK
2026-06-03 18:21:33,739 INFO KOTA.N0000 OK
2026-06-03 18:21:33,755 INFO LVEF.N0000 OK
2026-06-03 18:21:33,763 INFO LOLC.N0000 OK
2026-06-03 18:21:33,954 INFO LPRT.N0000 OK
2026-06-03 18:21:33,979 INFO LALU.N0000 OK
2026-06-03 18:21:34,305 INFO ASHO.N0000 OK
2026-06-03 18:21:34,428 INFO LCBF.N0000 OK
2026-06-03 18:21:34,442 INFO CERA.N0000 OK
2026-06-03 18:21:34,445 INFO LIOC.N0000 OK
2026-06-03 18:21:34,488 INFO TILE.N0000 OK
2026-06-03 18:21:34,529 INFO ASCO.N0000 OK
2026-06-03 18:21:34,582 INFO LVEN.N0000 OK
2026-06-03 18:21:34,589 INFO LMF.N0000 OK
2026-06-03 18:21:34,668 INFO LWL.N0000 OK
2026-06-03 18:21:34,997 INFO LCEY.N0000 OK
2026-06-03 18:21:35,091 INFO LDEV.N0000 OK
2026-06-03 18:21:35,242 INFO LGL.N0000 OK
2026-06-03 18:21:35,274 INFO LPL.X0000 OK
2026-06-03 18:21:35,300 INFO LGL.X0000 OK
2026-06-03 18:21:35,307 INFO LPL.N0000 OK
2026-06-03 18:21:35,313 INFO SHAW.N0000 OK
2026-06-03 18:21:35,326 INFO LITE.N0000 OK
2026-06-03 18:21:35,386 INFO LFIN.N0000 OK
2026-06-03 18:21:35,469 INFO LION.N0000 OK
2026-06-03 18:21:35,786 INFO LOFC.N0000 OK
2026-06-03 18:21:35,888 INFO LGIL.N0000 OK
2026-06-03 18:21:36,025 INFO HPFL.N0000 OK
2026-06-03 18:21:36,064 INFO LUMX.N0000 OK
2026-06-03 18:21:36,106 INFO MADU.N0000 OK
2026-06-03 18:21:36,124 INFO MFPE.N0000 OK
2026-06-03 18:21:36,135 INFO MRH.N0000 OK
2026-06-03 18:21:36,176 INFO MCPL.N0000 OK
2026-06-03 18:21:36,185 INFO MAL.N0000 OK
2026-06-03 18:21:36,271 INFO MAL.X0000 OK
2026-06-03 18:21:36,572 INFO MARA.N0000 OK
2026-06-03 18:21:36,699 INFO MASK.N0000 OK
2026-06-03 18:21:36,759 INFO MELS.N0000 OK
2026-06-03 18:21:36,840 INFO MERC.N0000 OK
2026-06-03 18:21:36,842 INFO MSL.N0000 OK
2026-06-03 18:21:36,918 INFO MBSL.N0000 OK
2026-06-03 18:21:36,930 INFO MHDL.N0000 OK
2026-06-03 18:21:36,970 INFO MULL.N0000 OK
2026-06-03 18:21:37,001 INFO MDL.N0000 OK
2026-06-03 18:21:37,076 INFO NAMU.N0000 OK
2026-06-03 18:21:37,287 INFO CSF.N0000 OK
2026-06-03 18:21:37,497 INFO NDB.N0000 OK
2026-06-03 18:21:37,549 INFO NTB.N0000 OK
2026-06-03 18:21:37,641 INFO NTB.X0000 OK
2026-06-03 18:21:37,659 INFO NHL.N0000 OK
2026-06-03 18:21:37,706 INFO OFEQ.N0000 OK
2026-06-03 18:21:37,723 INFO ODEL.N0000 OK
2026-06-03 18:21:37,759 INFO ONAL.N0000 OK
2026-06-03 18:21:37,785 INFO OSEA.N0000 OK
2026-06-03 18:21:37,852 INFO PALM.N0000 OK
2026-06-03 18:21:38,089 INFO PABC.N0000 OK
2026-06-03 18:21:38,284 INFO PAP.N0000 OK
2026-06-03 18:21:38,328 INFO PARA.N0000 OK
2026-06-03 18:21:38,444 INFO PINS.N0000 OK
2026-06-03 18:21:38,447 INFO PEG.N0000 OK
2026-06-03 18:21:38,498 INFO PLC.N0000 OK
2026-06-03 18:21:38,527 INFO GLAS.N0000 OK
2026-06-03 18:21:38,580 INFO PMB.N0000 OK
2026-06-03 18:21:38,585 INFO PLR.N0000 OK
2026-06-03 18:21:38,644 INFO CARE.N0000 OK
2026-06-03 18:21:38,927 INFO RIL.N0000 OK
2026-06-03 18:21:39,086 INFO RGEM.N0000 OK
2026-06-03 18:21:39,106 INFO RWSL.N0000 OK
2026-06-03 18:21:39,235 INFO RFL.N0000 OK
2026-06-03 18:21:39,256 INFO RAL.N0000 OK
2026-06-03 18:21:39,297 INFO RENU.N0000 OK
2026-06-03 18:21:39,315 INFO COCO.N0000 OK
2026-06-03 18:21:39,366 INFO COCO.X0000 OK
2026-06-03 18:21:39,392 INFO RHL.N0000 OK
2026-06-03 18:21:39,460 INFO RHL.X0000 OK
2026-06-03 18:21:39,727 INFO RCH.N0000 OK
2026-06-03 18:21:39,885 INFO HPWR.N0000 OK
2026-06-03 18:21:39,886 INFO RICH.N0000 OK
2026-06-03 18:21:40,044 INFO REXP.N0000 OK
2026-06-03 18:21:40,051 INFO SAMP.N0000 OK
2026-06-03 18:21:40,054 INFO RCL.N0000 OK
2026-06-03 18:21:40,086 INFO RPBH.N0000 OK
2026-06-03 18:21:40,097 INFO SIL.N0000 OK
2026-06-03 18:21:40,174 INFO SDB.N0000 OK
2026-06-03 18:21:40,263 INFO SDF.N0000 OK
2026-06-03 18:21:40,533 INFO SMOT.N0000 OK
2026-06-03 18:21:40,682 INFO SFCL.N0000 OK
2026-06-03 18:21:40,697 INFO SHOT.N0000 OK
2026-06-03 18:21:40,852 INFO SHOT.X0000 OK
2026-06-03 18:21:40,853 INFO SLND.N0000 OK
2026-06-03 18:21:40,873 INFO SEYB.N0000 OK
2026-06-03 18:21:40,937 INFO CSD.N0000 OK
2026-06-03 18:21:40,962 INFO SIRA.N0000 OK
2026-06-03 18:21:41,001 INFO SEYB.X0000 OK
2026-06-03 18:21:41,045 INFO SIGV.N0000 OK
2026-06-03 18:21:41,360 INFO SINS.N0000 OK
2026-06-03 18:21:41,512 INFO SFIN.N0000 OK
2026-06-03 18:21:41,640 INFO SINH.N0000 OK
2026-06-03 18:21:41,680 INFO SEMB.N0000 OK
2026-06-03 18:21:41,686 INFO SEMB.X0000 OK
2026-06-03 18:21:41,708 INFO SCAP.N0000 OK
2026-06-03 18:21:41,748 INFO SHL.N0000 OK
2026-06-03 18:21:41,753 INFO CRL.N0000 OK
2026-06-03 18:21:41,762 INFO SLTL.N0000 OK
2026-06-03 18:21:41,822 INFO AAIC.N0000 OK
2026-06-03 18:21:42,081 INFO SING.N0000 OK
2026-06-03 18:21:42,324 INFO SUN.N0000 OK
2026-06-03 18:21:42,401 INFO PARQ.N0000 OK
2026-06-03 18:21:42,444 INFO SWAD.N0000 OK
2026-06-03 18:21:42,475 INFO TAJ.N0000 OK
2026-06-03 18:21:42,527 INFO TPL.N0000 OK
2026-06-03 18:21:42,542 INFO TANG.N0000 OK
2026-06-03 18:21:42,598 INFO TJL.N0000 OK
2026-06-03 18:21:42,602 INFO TSML.N0000 OK
2026-06-03 18:21:42,605 INFO TESS.N0000 OK
2026-06-03 18:21:42,877 INFO TESS.X0000 OK
2026-06-03 18:21:43,116 INFO LHL.N0000 OK
2026-06-03 18:21:43,181 INFO AUTO.N0000 OK
2026-06-03 18:21:43,256 INFO CFLB.N0000 OK
2026-06-03 18:21:43,274 INFO RHTL.N0000 OK
2026-06-03 18:21:43,330 INFO KHC.N0000 OK
2026-06-03 18:21:43,343 INFO SERV.N0000 OK
2026-06-03 18:21:43,380 INFO NEH.N0000 OK
2026-06-03 18:21:43,443 INFO LHCL.N0000 OK
2026-06-03 18:21:43,449 INFO TAFL.N0000 OK
2026-06-03 18:21:43,673 INFO TKYO.N0000 OK
2026-06-03 18:21:43,904 INFO TKYO.X0000 OK
2026-06-03 18:21:43,988 INFO TRAN.N0000 OK
2026-06-03 18:21:44,055 INFO UDPL.N0000 OK
2026-06-03 18:21:44,061 INFO UBF.N0000 OK
2026-06-03 18:21:44,123 INFO UAL.N0000 OK
2026-06-03 18:21:44,129 INFO UBC.N0000 OK
2026-06-03 18:21:44,192 INFO UCAR.N0000 OK
2026-06-03 18:21:44,244 INFO UML.N0000 OK
2026-06-03 18:21:44,248 INFO VFIN.N0000 OK
2026-06-03 18:21:44,471 INFO VONE.N0000 OK
2026-06-03 18:21:44,690 INFO VPEL.N0000 OK
2026-06-03 18:21:44,774 INFO VLL.N0000 OK
2026-06-03 18:21:44,860 INFO CITW.N0000 OK
2026-06-03 18:21:44,861 INFO VLL.X0000 OK
2026-06-03 18:21:44,930 INFO WATA.N0000 OK
2026-06-03 18:21:44,947 INFO WIND.N0000 OK
2026-06-03 18:21:44,984 INFO YORK.N0000 OK
2026-06-03 18:21:45,042 INFO JXG.N0000 OK
2026-06-03 18:21:45,053 INFO WLTH.N0000 OK
2026-06-03 18:21:45,070 INFO Wrote 302 rows to /home/runner/work/cse-scraper/cse-scraper/data/2026-06-03/all_company_info_2026-06-03.csv
2026-06-03 18:21:45,070 INFO Symbols: 302, success: 302, failures: 0
