2026-05-13 16:16:22,175 INFO Saved: data/2026-05-13/tradeSummary_2026-05-13.json
2026-05-13 16:16:23,038 INFO Saved: data/2026-05-13/todaySharePrice_2026-05-13.json
2026-05-13 16:16:23,844 INFO Saved: data/2026-05-13/topGainers_2026-05-13.json
2026-05-13 16:16:24,698 INFO Saved: data/2026-05-13/topLooses_2026-05-13.json
2026-05-13 16:16:25,579 INFO Saved: data/2026-05-13/mostActiveTrades_2026-05-13.json
2026-05-13 16:16:26,530 INFO Saved: data/2026-05-13/marketSummery_2026-05-13.json
2026-05-13 16:16:27,105 INFO Saved: data/2026-05-13/aspiData_2026-05-13.json
2026-05-13 16:16:28,116 INFO Saved: data/2026-05-13/snpData_2026-05-13.json
2026-05-13 16:16:28,658 INFO Saved: data/2026-05-13/allSectors_2026-05-13.json
2026-05-13 16:16:29,612 INFO Saved: data/2026-05-13/detailedTrades_2026-05-13.json
2026-05-13 16:16:31,603 INFO Saved: data/2026-05-13/dailyMarketSummery_2026-05-13.json
2026-05-13 16:16:32,768 INFO Saved: data/2026-05-13/getContributors_2026-05-13.json
2026-05-13 16:16:33,458 INFO Saved: data/2026-05-13/getContributorsChart_2026-05-13.json
2026-05-13 16:16:33,459 INFO Saved 13 files (0 errors)
2026-05-13 16:16:34,550 INFO ABAN.N0000 OK
2026-05-13 16:16:34,895 INFO AFSL.N0000 OK
2026-05-13 16:16:34,917 INFO AGPL.N0000 OK
2026-05-13 16:16:34,919 INFO AGST.N0000 OK
2026-05-13 16:16:34,955 INFO AEL.N0000 OK
2026-05-13 16:16:35,022 INFO APLA.N0000 OK
2026-05-13 16:16:35,029 INFO ACL.N0000 OK
2026-05-13 16:16:35,035 INFO ACME.N0000 OK
2026-05-13 16:16:35,050 INFO AGST.X0000 OK
2026-05-13 16:16:35,053 INFO AGAL.N0000 OK
2026-05-13 16:16:35,190 INFO AHUN.N0000 OK
2026-05-13 16:16:36,324 INFO ABL.N0000 OK
2026-05-13 16:16:36,362 INFO GREG.N0000 OK
2026-05-13 16:16:36,379 INFO ATLL.N0000 OK
2026-05-13 16:16:36,437 INFO ATL.N0000 OK
2026-05-13 16:16:36,463 INFO AFS.N0000 OK
2026-05-13 16:16:36,471 INFO ALUM.N0000 OK
2026-05-13 16:16:36,474 INFO AMCL.N0000 OK
2026-05-13 16:16:36,507 INFO TAP.N0000 OK
2026-05-13 16:16:36,521 INFO ALLI.N0000 OK
2026-05-13 16:16:36,525 INFO SPEN.N0000 OK
2026-05-13 16:16:37,277 INFO ALHP.N0000 OK
2026-05-13 16:16:37,285 INFO ASIY.N0000 OK
2026-05-13 16:16:37,313 INFO ACAP.N0000 OK
2026-05-13 16:16:37,364 INFO AMSL.N0000 OK
2026-05-13 16:16:37,392 INFO AINS.N0000 OK
2026-05-13 16:16:37,395 INFO BPPL.N0000 OK
2026-05-13 16:16:37,397 INFO AMF.N0000 OK
2026-05-13 16:16:37,408 INFO AHPL.N0000 OK
2026-05-13 16:16:37,431 INFO ASIR.N0000 OK
2026-05-13 16:16:37,436 INFO AAF.N0000 OK
2026-05-13 16:16:38,113 INFO BLI.N0000 OK
2026-05-13 16:16:38,221 INFO BLUE.X0000 OK
2026-05-13 16:16:38,224 INFO BLUE.N0000 OK
2026-05-13 16:16:38,232 INFO BOGA.N0000 OK
2026-05-13 16:16:38,306 INFO BRR.N0000 OK
2026-05-13 16:16:38,334 INFO BRWN.N0000 OK
2026-05-13 16:16:38,345 INFO BOPL.N0000 OK
2026-05-13 16:16:38,348 INFO BERU.N0000 OK
2026-05-13 16:16:38,351 INFO BFL.N0000 OK
2026-05-13 16:16:38,355 INFO BALA.N0000 OK
2026-05-13 16:16:39,156 INFO CTLD.N0000 OK
2026-05-13 16:16:39,185 INFO CIC.N0000 OK
2026-05-13 16:16:39,185 INFO CSLK.N0000 OK
2026-05-13 16:16:39,201 INFO CIC.X0000 OK
2026-05-13 16:16:39,260 INFO COLO.N0000 OK
2026-05-13 16:16:39,263 INFO CTHR.N0000 OK
2026-05-13 16:16:39,267 INFO BUKI.N0000 OK
2026-05-13 16:16:39,267 INFO CALH.N0000 OK
2026-05-13 16:16:39,279 INFO CWM.N0000 OK
2026-05-13 16:16:39,296 INFO BIL.N0000 OK
2026-05-13 16:16:40,598 INFO CFIN.N0000 OK
2026-05-13 16:16:40,598 INFO CARS.N0000 OK
2026-05-13 16:16:40,612 INFO CABO.N0000 OK
2026-05-13 16:16:40,615 INFO CINS.X0000 OK
2026-05-13 16:16:40,638 INFO CINS.N0000 OK
2026-05-13 16:16:40,653 INFO CIND.N0000 OK
2026-05-13 16:16:40,654 INFO CARG.N0000 OK
2026-05-13 16:16:40,660 INFO BREW.N0000 OK
2026-05-13 16:16:40,664 INFO CBNK.N0000 OK
2026-05-13 16:16:40,670 INFO CALT.N0000 OK
2026-05-13 16:16:41,932 INFO CINV.N0000 OK
2026-05-13 16:16:41,938 INFO CTBL.N0000 OK
2026-05-13 16:16:42,015 INFO CHOT.N0000 OK
2026-05-13 16:16:42,018 INFO CHL.N0000 OK
2026-05-13 16:16:42,021 INFO CTC.N0000 OK
2026-05-13 16:16:42,035 INFO CHL.X0000 OK
2026-05-13 16:16:42,061 INFO GUAR.N0000 OK
2026-05-13 16:16:42,064 INFO GRAN.N0000 OK
2026-05-13 16:16:42,067 INFO CCS.N0000 OK
2026-05-13 16:16:42,078 INFO KZOO.N0000 OK
2026-05-13 16:16:42,902 INFO REEF.N0000 OK
2026-05-13 16:16:42,914 INFO CHOU.N0000 OK
2026-05-13 16:16:43,018 INFO PHAR.N0000 OK
2026-05-13 16:16:43,021 INFO CHMX.N0000 OK
2026-05-13 16:16:43,024 INFO COOP.N0000 OK
2026-05-13 16:16:43,079 INFO CDB.X0000 OK
2026-05-13 16:16:43,087 INFO DOCK.N0000 OK
2026-05-13 16:16:43,090 INFO CWL.N0000 OK
2026-05-13 16:16:43,095 INFO CDB.N0000 OK
2026-05-13 16:16:43,129 INFO LLUB.N0000 OK
2026-05-13 16:16:44,184 INFO SOY.N0000 OK
2026-05-13 16:16:44,195 INFO COMD.N0000 OK
2026-05-13 16:16:44,293 INFO DFCC.N0000 OK
2026-05-13 16:16:44,294 INFO DPL.N0000 OK
2026-05-13 16:16:44,297 INFO COCR.N0000 OK
2026-05-13 16:16:44,303 INFO COMB.X0000 OK
2026-05-13 16:16:44,350 INFO CLND.N0000 OK
2026-05-13 16:16:44,355 INFO CIT.N0000 OK
2026-05-13 16:16:44,364 INFO CFI.N0000 OK
2026-05-13 16:16:44,370 INFO COMB.N0000 OK
2026-05-13 16:16:44,855 INFO CALF.N0000 OK
2026-05-13 16:16:44,863 INFO DIAL.N0000 OK
2026-05-13 16:16:45,762 INFO DIPD.N0000 OK
2026-05-13 16:16:45,875 INFO DIST.N0000 OK
2026-05-13 16:16:45,882 INFO STAF.N0000 OK
2026-05-13 16:16:45,917 INFO EML.N0000 OK
2026-05-13 16:16:45,928 INFO ECL.N0000 OK
2026-05-13 16:16:45,941 INFO CTEA.N0000 OK
2026-05-13 16:16:45,959 INFO EBCR.N0000 OK
2026-05-13 16:16:45,967 INFO DIMO.N0000 OK
2026-05-13 16:16:45,970 INFO PKME.N0000 OK
2026-05-13 16:16:45,979 INFO EAST.N0000 OK
2026-05-13 16:16:46,406 INFO EMER.N0000 OK
2026-05-13 16:16:46,507 INFO EDEN.N0000 OK
2026-05-13 16:16:46,541 INFO ELPL.N0000 OK
2026-05-13 16:16:47,518 INFO ETWO.N0000 OK
2026-05-13 16:16:47,549 INFO GEST.N0000 OK
2026-05-13 16:16:47,605 INFO FCT.N0000 OK
2026-05-13 16:16:47,635 INFO GHLL.N0000 OK
2026-05-13 16:16:47,638 INFO CFVF.N0000 OK
2026-05-13 16:16:47,657 INFO HAPU.N0000 OK
2026-05-13 16:16:47,675 INFO EXT.N0000 OK
2026-05-13 16:16:47,679 INFO PACK.N0000 OK
2026-05-13 16:16:47,707 INFO WAPO.N0000 OK
2026-05-13 16:16:47,711 INFO MEL.N0000 OK
2026-05-13 16:16:48,178 INFO HARI.N0000 OK
2026-05-13 16:16:48,196 INFO HNB.N0000 OK
2026-05-13 16:16:48,251 INFO HNB.X0000 OK
2026-05-13 16:16:48,270 INFO HPL.N0000 OK
2026-05-13 16:16:48,661 INFO MGT.N0000 OK
2026-05-13 16:16:48,700 INFO HELA.N0000 OK
2026-05-13 16:16:48,733 INFO CONN.N0000 OK
2026-05-13 16:16:48,795 INFO HAYC.N0000 OK
2026-05-13 16:16:48,815 INFO HAYL.N0000 OK
2026-05-13 16:16:48,838 INFO HEXP.N0000 OK
2026-05-13 16:16:48,882 INFO CITH.N0000 OK
2026-05-13 16:16:48,896 INFO HHL.N0000 OK
2026-05-13 16:16:48,925 INFO HNBF.N0000 OK
2026-05-13 16:16:48,967 INFO HASU.N0000 OK
2026-05-13 16:16:49,666 INFO HUNT.N0000 OK
2026-05-13 16:16:49,706 INFO HDFC.N0000 OK
2026-05-13 16:16:49,770 INFO HOPL.N0000 OK
2026-05-13 16:16:49,772 INFO HNBF.X0000 OK
2026-05-13 16:16:49,781 INFO HSIG.N0000 OK
2026-05-13 16:16:49,788 INFO HVA.N0000 OK
2026-05-13 16:16:49,796 INFO ASPH.N0000 OK
2026-05-13 16:16:49,800 INFO HUNA.N0000 OK
2026-05-13 16:16:49,843 INFO HBS.N0000 OK
2026-05-13 16:16:49,870 INFO INME.N0000 OK
2026-05-13 16:16:50,309 INFO BFN.N0000 OK
2026-05-13 16:16:50,376 INFO JINS.N0000 OK
2026-05-13 16:16:50,880 INFO JKH.N0000 OK
2026-05-13 16:16:50,886 INFO JKL.N0000 OK
2026-05-13 16:16:50,951 INFO JAT.N0000 OK
2026-05-13 16:16:50,971 INFO JETS.N0000 OK
2026-05-13 16:16:50,971 INFO KPHL.N0000 OK
2026-05-13 16:16:51,010 INFO JFP.N0000 OK
2026-05-13 16:16:51,063 INFO KFP.N0000 OK
2026-05-13 16:16:51,075 INFO KGAL.N0000 OK
2026-05-13 16:16:51,119 INFO KAHA.N0000 OK
2026-05-13 16:16:51,120 INFO KHL.N0000 OK
2026-05-13 16:16:51,567 INFO KCAB.N0000 OK
2026-05-13 16:16:51,579 INFO TYRE.N0000 OK
2026-05-13 16:16:52,057 INFO KDL.N0000 OK
2026-05-13 16:16:52,073 INFO LOLC.N0000 OK
2026-05-13 16:16:52,146 INFO CPRT.N0000 OK
2026-05-13 16:16:52,149 INFO KVAL.N0000 OK
2026-05-13 16:16:52,152 INFO KOTA.N0000 OK
2026-05-13 16:16:52,186 INFO LPRT.N0000 OK
2026-05-13 16:16:52,197 INFO LAMB.N0000 OK
2026-05-13 16:16:52,210 INFO LVEF.N0000 OK
2026-05-13 16:16:52,279 INFO LALU.N0000 OK
2026-05-13 16:16:52,303 INFO ASHO.N0000 OK
2026-05-13 16:16:52,713 INFO CERA.N0000 OK
2026-05-13 16:16:52,858 INFO LCBF.N0000 OK
2026-05-13 16:16:52,861 INFO LMF.N0000 OK
2026-05-13 16:16:52,889 INFO LWL.N0000 OK
2026-05-13 16:16:52,891 INFO ASCO.N0000 OK
2026-05-13 16:16:52,890 INFO TILE.N0000 OK
2026-05-13 16:16:52,930 INFO LIOC.N0000 OK
2026-05-13 16:16:52,946 INFO LVEN.N0000 OK
2026-05-13 16:16:52,980 INFO LCEY.N0000 OK
2026-05-13 16:16:53,025 INFO LDEV.N0000 OK
2026-05-13 16:16:53,345 INFO LGL.N0000 OK
2026-05-13 16:16:53,535 INFO LGL.X0000 OK
2026-05-13 16:16:53,539 INFO LPL.N0000 OK
2026-05-13 16:16:53,573 INFO LPL.X0000 OK
2026-05-13 16:16:53,591 INFO LITE.N0000 OK
2026-05-13 16:16:53,643 INFO LFIN.N0000 OK
2026-05-13 16:16:53,687 INFO SHAW.N0000 OK
2026-05-13 16:16:53,865 INFO LGIL.N0000 OK
2026-05-13 16:16:53,872 INFO LOFC.N0000 OK
2026-05-13 16:16:53,876 INFO LION.N0000 OK
2026-05-13 16:16:54,030 INFO HPFL.N0000 OK
2026-05-13 16:16:54,175 INFO LUMX.N0000 OK
2026-05-13 16:16:54,210 INFO MFPE.N0000 OK
2026-05-13 16:16:54,266 INFO MCPL.N0000 OK
2026-05-13 16:16:54,289 INFO MADU.N0000 OK
2026-05-13 16:16:54,312 INFO MRH.N0000 OK
2026-05-13 16:16:54,353 INFO MAL.N0000 OK
2026-05-13 16:16:54,510 INFO MARA.N0000 OK
2026-05-13 16:16:54,562 INFO MAL.X0000 OK
2026-05-13 16:16:54,572 INFO MASK.N0000 OK
2026-05-13 16:16:54,678 INFO MELS.N0000 OK
2026-05-13 16:16:54,817 INFO MERC.N0000 OK
2026-05-13 16:16:54,871 INFO MSL.N0000 OK
2026-05-13 16:16:54,925 INFO MHDL.N0000 OK
2026-05-13 16:16:54,931 INFO MBSL.N0000 OK
2026-05-13 16:16:54,957 INFO MULL.N0000 OK
2026-05-13 16:16:55,009 INFO MDL.N0000 OK
2026-05-13 16:16:55,117 INFO CSF.N0000 OK
2026-05-13 16:16:55,231 INFO NAMU.N0000 OK
2026-05-13 16:16:55,237 INFO NDB.N0000 OK
2026-05-13 16:16:55,346 INFO NTB.N0000 OK
2026-05-13 16:16:55,460 INFO NTB.X0000 OK
2026-05-13 16:16:55,609 INFO OFEQ.N0000 OK
2026-05-13 16:16:55,624 INFO ODEL.N0000 OK
2026-05-13 16:16:55,649 INFO ONAL.N0000 OK
2026-05-13 16:16:55,671 INFO OSEA.N0000 OK
2026-05-13 16:16:55,699 INFO NHL.N0000 OK
2026-05-13 16:16:55,766 INFO PALM.N0000 OK
2026-05-13 16:16:55,882 INFO PAP.N0000 OK
2026-05-13 16:16:55,889 INFO PABC.N0000 OK
2026-05-13 16:16:55,979 INFO PARA.N0000 OK
2026-05-13 16:16:56,122 INFO PEG.N0000 OK
2026-05-13 16:16:56,249 INFO PINS.N0000 OK
2026-05-13 16:16:56,255 INFO PLC.N0000 OK
2026-05-13 16:16:56,297 INFO PMB.N0000 OK
2026-05-13 16:16:56,366 INFO GLAS.N0000 OK
2026-05-13 16:16:56,367 INFO PLR.N0000 OK
2026-05-13 16:16:56,391 INFO CARE.N0000 OK
2026-05-13 16:16:56,519 INFO RIL.N0000 OK
2026-05-13 16:16:56,526 INFO RGEM.N0000 OK
2026-05-13 16:16:56,613 INFO RWSL.N0000 OK
2026-05-13 16:16:56,943 INFO RAL.N0000 OK
2026-05-13 16:16:56,964 INFO COCO.N0000 OK
2026-05-13 16:16:56,967 INFO RFL.N0000 OK
2026-05-13 16:16:56,970 INFO RENU.N0000 OK
2026-05-13 16:16:57,013 INFO RHL.N0000 OK
2026-05-13 16:16:57,031 INFO COCO.X0000 OK
2026-05-13 16:16:57,047 INFO RHL.X0000 OK
2026-05-13 16:16:57,163 INFO HPWR.N0000 OK
2026-05-13 16:16:57,172 INFO RCH.N0000 OK
2026-05-13 16:16:57,232 INFO RICH.N0000 OK
2026-05-13 16:16:57,583 INFO REXP.N0000 OK
2026-05-13 16:16:57,657 INFO SAMP.N0000 OK
2026-05-13 16:16:57,664 INFO RPBH.N0000 OK
2026-05-13 16:16:57,677 INFO RCL.N0000 OK
2026-05-13 16:16:57,697 INFO SIL.N0000 OK
2026-05-13 16:16:57,711 INFO SDF.N0000 OK
2026-05-13 16:16:57,716 INFO SDB.N0000 OK
2026-05-13 16:16:57,749 INFO SMOT.N0000 OK
2026-05-13 16:16:57,855 INFO SFCL.N0000 OK
2026-05-13 16:16:57,896 INFO SHOT.N0000 OK
2026-05-13 16:16:58,225 INFO SHOT.X0000 OK
2026-05-13 16:16:58,226 INFO SLND.N0000 OK
2026-05-13 16:16:58,318 INFO SIRA.N0000 OK
2026-05-13 16:16:58,362 INFO SEYB.N0000 OK
2026-05-13 16:16:58,381 INFO SEYB.X0000 OK
2026-05-13 16:16:58,394 INFO CSD.N0000 OK
2026-05-13 16:16:58,422 INFO SIGV.N0000 OK
2026-05-13 16:16:58,430 INFO SINS.N0000 OK
2026-05-13 16:16:58,501 INFO SFIN.N0000 OK
2026-05-13 16:16:58,556 INFO SINH.N0000 OK
2026-05-13 16:16:58,909 INFO SEMB.N0000 OK
2026-05-13 16:16:58,912 INFO SEMB.X0000 OK
2026-05-13 16:16:58,971 INFO SCAP.N0000 OK
2026-05-13 16:16:58,994 INFO SING.N0000 OK
2026-05-13 16:16:59,013 INFO CRL.N0000 OK
2026-05-13 16:16:59,110 INFO SLTL.N0000 OK
2026-05-13 16:16:59,153 INFO SUN.N0000 OK
2026-05-13 16:16:59,157 INFO SHL.N0000 OK
2026-05-13 16:16:59,159 INFO AAIC.N0000 OK
2026-05-13 16:16:59,194 INFO SWAD.N0000 OK
2026-05-13 16:16:59,561 INFO TAJ.N0000 OK
2026-05-13 16:16:59,655 INFO TANG.N0000 OK
2026-05-13 16:16:59,663 INFO PARQ.N0000 OK
2026-05-13 16:16:59,666 INFO TPL.N0000 OK
2026-05-13 16:16:59,679 INFO TSML.N0000 OK
2026-05-13 16:16:59,736 INFO TESS.N0000 OK
2026-05-13 16:16:59,740 INFO TJL.N0000 OK
2026-05-13 16:16:59,821 INFO LHL.N0000 OK
2026-05-13 16:16:59,825 INFO TESS.X0000 OK
2026-05-13 16:16:59,835 INFO AUTO.N0000 OK
2026-05-13 16:17:00,237 INFO CFLB.N0000 OK
2026-05-13 16:17:00,352 INFO RHTL.N0000 OK
2026-05-13 16:17:00,364 INFO SERV.N0000 OK
2026-05-13 16:17:00,367 INFO LHCL.N0000 OK
2026-05-13 16:17:00,377 INFO KHC.N0000 OK
2026-05-13 16:17:00,400 INFO NEH.N0000 OK
2026-05-13 16:17:00,452 INFO TAFL.N0000 OK
2026-05-13 16:17:00,470 INFO TKYO.N0000 OK
2026-05-13 16:17:00,480 INFO TRAN.N0000 OK
2026-05-13 16:17:00,507 INFO TKYO.X0000 OK
2026-05-13 16:17:00,867 INFO UBF.N0000 OK
2026-05-13 16:17:00,999 INFO UDPL.N0000 OK
2026-05-13 16:17:01,039 INFO UAL.N0000 OK
2026-05-13 16:17:01,088 INFO UBC.N0000 OK
2026-05-13 16:17:01,092 INFO UCAR.N0000 OK
2026-05-13 16:17:01,092 INFO UML.N0000 OK
2026-05-13 16:17:01,125 INFO VONE.N0000 OK
2026-05-13 16:17:01,148 INFO VFIN.N0000 OK
2026-05-13 16:17:01,163 INFO VPEL.N0000 OK
2026-05-13 16:17:01,176 INFO VLL.N0000 OK
2026-05-13 16:17:01,527 INFO VLL.X0000 OK
2026-05-13 16:17:01,648 INFO CITW.N0000 OK
2026-05-13 16:17:01,682 INFO WATA.N0000 OK
2026-05-13 16:17:01,696 INFO JXG.N0000 OK
2026-05-13 16:17:01,778 INFO YORK.N0000 OK
2026-05-13 16:17:01,784 INFO WLTH.N0000 OK
2026-05-13 16:17:01,792 INFO WIND.N0000 OK
2026-05-13 16:17:01,810 INFO Wrote 302 rows to /home/runner/work/cse-scraper/cse-scraper/data/2026-05-13/all_company_info_2026-05-13.csv
2026-05-13 16:17:01,810 INFO Symbols: 302, success: 302, failures: 0
