2026-05-12 16:16:36,143 INFO Saved: data/2026-05-12/tradeSummary_2026-05-12.json
2026-05-12 16:16:37,063 INFO Saved: data/2026-05-12/todaySharePrice_2026-05-12.json
2026-05-12 16:16:38,239 INFO Saved: data/2026-05-12/topGainers_2026-05-12.json
2026-05-12 16:16:39,201 INFO Saved: data/2026-05-12/topLooses_2026-05-12.json
2026-05-12 16:16:40,244 INFO Saved: data/2026-05-12/mostActiveTrades_2026-05-12.json
2026-05-12 16:16:41,275 INFO Saved: data/2026-05-12/marketSummery_2026-05-12.json
2026-05-12 16:16:41,931 INFO Saved: data/2026-05-12/aspiData_2026-05-12.json
2026-05-12 16:16:42,863 INFO Saved: data/2026-05-12/snpData_2026-05-12.json
2026-05-12 16:16:43,917 INFO Saved: data/2026-05-12/allSectors_2026-05-12.json
2026-05-12 16:16:45,347 INFO Saved: data/2026-05-12/detailedTrades_2026-05-12.json
2026-05-12 16:16:47,259 INFO Saved: data/2026-05-12/dailyMarketSummery_2026-05-12.json
2026-05-12 16:16:48,006 INFO Saved: data/2026-05-12/getContributors_2026-05-12.json
2026-05-12 16:16:48,750 INFO Saved: data/2026-05-12/getContributorsChart_2026-05-12.json
2026-05-12 16:16:48,750 INFO Saved 13 files (0 errors)
2026-05-12 16:16:50,573 INFO AGAL.N0000 OK
2026-05-12 16:16:50,624 INFO AGPL.N0000 OK
2026-05-12 16:16:50,660 INFO APLA.N0000 OK
2026-05-12 16:16:50,661 INFO AFSL.N0000 OK
2026-05-12 16:16:50,664 INFO AGST.X0000 OK
2026-05-12 16:16:50,759 INFO AGST.N0000 OK
2026-05-12 16:16:50,763 INFO ABAN.N0000 OK
2026-05-12 16:16:50,765 INFO ACL.N0000 OK
2026-05-12 16:16:50,766 INFO AEL.N0000 OK
2026-05-12 16:16:50,820 INFO ACME.N0000 OK
2026-05-12 16:16:51,885 INFO ATL.N0000 OK
2026-05-12 16:16:51,887 INFO GREG.N0000 OK
2026-05-12 16:16:51,999 INFO AHUN.N0000 OK
2026-05-12 16:16:52,011 INFO ABL.N0000 OK
2026-05-12 16:16:52,014 INFO SPEN.N0000 OK
2026-05-12 16:16:52,017 INFO TAP.N0000 OK
2026-05-12 16:16:52,063 INFO ATLL.N0000 OK
2026-05-12 16:16:52,066 INFO ALUM.N0000 OK
2026-05-12 16:16:52,070 INFO ALLI.N0000 OK
2026-05-12 16:16:52,113 INFO AFS.N0000 OK
2026-05-12 16:16:52,570 INFO ALHP.N0000 OK
2026-05-12 16:16:52,618 INFO AMCL.N0000 OK
2026-05-12 16:16:53,248 INFO AHPL.N0000 OK
2026-05-12 16:16:53,251 INFO AINS.N0000 OK
2026-05-12 16:16:53,254 INFO AMF.N0000 OK
2026-05-12 16:16:53,299 INFO AMSL.N0000 OK
2026-05-12 16:16:53,311 INFO ASIY.N0000 OK
2026-05-12 16:16:53,331 INFO BPPL.N0000 OK
2026-05-12 16:16:53,356 INFO ACAP.N0000 OK
2026-05-12 16:16:53,390 INFO BFL.N0000 OK
2026-05-12 16:16:53,390 INFO AAF.N0000 OK
2026-05-12 16:16:53,433 INFO ASIR.N0000 OK
2026-05-12 16:16:53,972 INFO BLI.N0000 OK
2026-05-12 16:16:53,993 INFO BLUE.X0000 OK
2026-05-12 16:16:53,998 INFO BLUE.N0000 OK
2026-05-12 16:16:54,010 INFO BALA.N0000 OK
2026-05-12 16:16:54,026 INFO BRR.N0000 OK
2026-05-12 16:16:54,027 INFO BERU.N0000 OK
2026-05-12 16:16:54,133 INFO BIL.N0000 OK
2026-05-12 16:16:54,143 INFO BRWN.N0000 OK
2026-05-12 16:16:54,164 INFO BOPL.N0000 OK
2026-05-12 16:16:54,257 INFO BOGA.N0000 OK
2026-05-12 16:16:54,730 INFO BUKI.N0000 OK
2026-05-12 16:16:54,786 INFO CIC.N0000 OK
2026-05-12 16:16:54,799 INFO CIC.X0000 OK
2026-05-12 16:16:54,825 INFO CTLD.N0000 OK
2026-05-12 16:16:54,830 INFO COLO.N0000 OK
2026-05-12 16:16:54,834 INFO CTHR.N0000 OK
2026-05-12 16:16:54,897 INFO CWM.N0000 OK
2026-05-12 16:16:54,901 INFO CSLK.N0000 OK
2026-05-12 16:16:54,922 INFO CALH.N0000 OK
2026-05-12 16:16:54,997 INFO CALT.N0000 OK
2026-05-12 16:16:55,474 INFO CARG.N0000 OK
2026-05-12 16:16:55,538 INFO CBNK.N0000 OK
2026-05-12 16:16:55,560 INFO CABO.N0000 OK
2026-05-12 16:16:55,608 INFO CARS.N0000 OK
2026-05-12 16:16:55,618 INFO CFIN.N0000 OK
2026-05-12 16:16:55,626 INFO CIND.N0000 OK
2026-05-12 16:16:55,677 INFO CINS.N0000 OK
2026-05-12 16:16:55,701 INFO BREW.N0000 OK
2026-05-12 16:16:55,704 INFO CINS.X0000 OK
2026-05-12 16:16:55,750 INFO CCS.N0000 OK
2026-05-12 16:16:56,292 INFO GUAR.N0000 OK
2026-05-12 16:16:56,359 INFO GRAN.N0000 OK
2026-05-12 16:16:56,396 INFO CHL.N0000 OK
2026-05-12 16:16:56,410 INFO CHL.X0000 OK
2026-05-12 16:16:56,413 INFO CHOT.N0000 OK
2026-05-12 16:16:56,426 INFO CINV.N0000 OK
2026-05-12 16:16:56,468 INFO CTBL.N0000 OK
2026-05-12 16:16:56,471 INFO KZOO.N0000 OK
2026-05-12 16:16:56,487 INFO CTC.N0000 OK
2026-05-12 16:16:56,525 INFO CHMX.N0000 OK
2026-05-12 16:16:57,026 INFO CWL.N0000 OK
2026-05-12 16:16:57,092 INFO LLUB.N0000 OK
2026-05-12 16:16:57,116 INFO CHOU.N0000 OK
2026-05-12 16:16:57,174 INFO DOCK.N0000 OK
2026-05-12 16:16:57,175 INFO CDB.X0000 OK
2026-05-12 16:16:57,185 INFO REEF.N0000 OK
2026-05-12 16:16:57,197 INFO CDB.N0000 OK
2026-05-12 16:16:57,237 INFO COOP.N0000 OK
2026-05-12 16:16:57,253 INFO PHAR.N0000 OK
2026-05-12 16:16:57,289 INFO CFI.N0000 OK
2026-05-12 16:16:57,828 INFO CIT.N0000 OK
2026-05-12 16:16:57,848 INFO COMB.N0000 OK
2026-05-12 16:16:57,870 INFO CLND.N0000 OK
2026-05-12 16:16:57,919 INFO COMB.X0000 OK
2026-05-12 16:16:57,999 INFO COCR.N0000 OK
2026-05-12 16:16:58,021 INFO COMD.N0000 OK
2026-05-12 16:16:58,024 INFO DFCC.N0000 OK
2026-05-12 16:16:58,046 INFO SOY.N0000 OK
2026-05-12 16:16:58,052 INFO DPL.N0000 OK
2026-05-12 16:16:58,056 INFO DIAL.N0000 OK
2026-05-12 16:16:58,602 INFO CALF.N0000 OK
2026-05-12 16:16:58,608 INFO DIMO.N0000 OK
2026-05-12 16:16:58,632 INFO PKME.N0000 OK
2026-05-12 16:16:58,658 INFO DIPD.N0000 OK
2026-05-12 16:16:58,667 INFO CTEA.N0000 OK
2026-05-12 16:16:58,814 INFO STAF.N0000 OK
2026-05-12 16:16:58,828 INFO DIST.N0000 OK
2026-05-12 16:16:58,862 INFO ECL.N0000 OK
2026-05-12 16:16:58,867 INFO EBCR.N0000 OK
2026-05-12 16:16:58,882 INFO EML.N0000 OK
2026-05-12 16:16:59,292 INFO EMER.N0000 OK
2026-05-12 16:16:59,376 INFO EAST.N0000 OK
2026-05-12 16:16:59,406 INFO EDEN.N0000 OK
2026-05-12 16:16:59,447 INFO ELPL.N0000 OK
2026-05-12 16:16:59,451 INFO ETWO.N0000 OK
2026-05-12 16:16:59,553 INFO PACK.N0000 OK
2026-05-12 16:16:59,580 INFO EXT.N0000 OK
2026-05-12 16:16:59,627 INFO CFVF.N0000 OK
2026-05-12 16:16:59,637 INFO FCT.N0000 OK
2026-05-12 16:16:59,641 INFO GHLL.N0000 OK
2026-05-12 16:17:00,059 INFO WAPO.N0000 OK
2026-05-12 16:17:00,394 INFO HNB.X0000 OK
2026-05-12 16:17:00,529 INFO HNB.N0000 OK
2026-05-12 16:17:00,532 INFO GEST.N0000 OK
2026-05-12 16:17:00,541 INFO HAYC.N0000 OK
2026-05-12 16:17:00,554 INFO HAPU.N0000 OK
2026-05-12 16:17:00,568 INFO HPL.N0000 OK
2026-05-12 16:17:00,608 INFO MEL.N0000 OK
2026-05-12 16:17:00,613 INFO MGT.N0000 OK
2026-05-12 16:17:00,614 INFO HARI.N0000 OK
2026-05-12 16:17:00,815 INFO HEXP.N0000 OK
2026-05-12 16:17:01,152 INFO CONN.N0000 OK
2026-05-12 16:17:01,242 INFO CITH.N0000 OK
2026-05-12 16:17:01,259 INFO HHL.N0000 OK
2026-05-12 16:17:01,305 INFO HELA.N0000 OK
2026-05-12 16:17:01,328 INFO HAYL.N0000 OK
2026-05-12 16:17:01,367 INFO HNBF.N0000 OK
2026-05-12 16:17:01,411 INFO HASU.N0000 OK
2026-05-12 16:17:01,426 INFO HNBF.X0000 OK
2026-05-12 16:17:01,435 INFO HOPL.N0000 OK
2026-05-12 16:17:01,586 INFO HSIG.N0000 OK
2026-05-12 16:17:01,908 INFO HDFC.N0000 OK
2026-05-12 16:17:01,989 INFO HBS.N0000 OK
2026-05-12 16:17:02,000 INFO HUNA.N0000 OK
2026-05-12 16:17:02,083 INFO HUNT.N0000 OK
2026-05-12 16:17:02,102 INFO HVA.N0000 OK
2026-05-12 16:17:02,140 INFO ASPH.N0000 OK
2026-05-12 16:17:02,205 INFO BFN.N0000 OK
2026-05-12 16:17:02,206 INFO INME.N0000 OK
2026-05-12 16:17:02,225 INFO JINS.N0000 OK
2026-05-12 16:17:02,358 INFO JAT.N0000 OK
2026-05-12 16:17:02,660 INFO JETS.N0000 OK
2026-05-12 16:17:02,677 INFO JKH.N0000 OK
2026-05-12 16:17:02,777 INFO JFP.N0000 OK
2026-05-12 16:17:02,849 INFO JKL.N0000 OK
2026-05-12 16:17:02,867 INFO KHL.N0000 OK
2026-05-12 16:17:02,914 INFO KAHA.N0000 OK
2026-05-12 16:17:02,973 INFO KPHL.N0000 OK
2026-05-12 16:17:02,998 INFO KFP.N0000 OK
2026-05-12 16:17:03,019 INFO KGAL.N0000 OK
2026-05-12 16:17:03,115 INFO KCAB.N0000 OK
2026-05-12 16:17:03,424 INFO TYRE.N0000 OK
2026-05-12 16:17:03,431 INFO KVAL.N0000 OK
2026-05-12 16:17:03,437 INFO KDL.N0000 OK
2026-05-12 16:17:03,629 INFO KOTA.N0000 OK
2026-05-12 16:17:03,675 INFO LAMB.N0000 OK
2026-05-12 16:17:03,717 INFO CPRT.N0000 OK
2026-05-12 16:17:03,747 INFO LOLC.N0000 OK
2026-05-12 16:17:03,757 INFO LPRT.N0000 OK
2026-05-12 16:17:03,773 INFO LVEF.N0000 OK
2026-05-12 16:17:03,877 INFO LALU.N0000 OK
2026-05-12 16:17:04,203 INFO CERA.N0000 OK
2026-05-12 16:17:04,218 INFO ASHO.N0000 OK
2026-05-12 16:17:04,238 INFO LCBF.N0000 OK
2026-05-12 16:17:04,377 INFO LIOC.N0000 OK
2026-05-12 16:17:04,434 INFO LMF.N0000 OK
2026-05-12 16:17:04,470 INFO ASCO.N0000 OK
2026-05-12 16:17:04,508 INFO LVEN.N0000 OK
2026-05-12 16:17:04,521 INFO LWL.N0000 OK
2026-05-12 16:17:04,535 INFO TILE.N0000 OK
2026-05-12 16:17:04,636 INFO LCEY.N0000 OK
2026-05-12 16:17:04,971 INFO LGL.N0000 OK
2026-05-12 16:17:04,986 INFO LDEV.N0000 OK
2026-05-12 16:17:05,005 INFO LGL.X0000 OK
2026-05-12 16:17:05,127 INFO LPL.N0000 OK
2026-05-12 16:17:05,202 INFO LPL.X0000 OK
2026-05-12 16:17:05,229 INFO LITE.N0000 OK
2026-05-12 16:17:05,304 INFO LFIN.N0000 OK
2026-05-12 16:17:05,320 INFO SHAW.N0000 OK
2026-05-12 16:17:05,330 INFO LION.N0000 OK
2026-05-12 16:17:05,397 INFO LOFC.N0000 OK
2026-05-12 16:17:05,735 INFO LGIL.N0000 OK
2026-05-12 16:17:05,767 INFO HPFL.N0000 OK
2026-05-12 16:17:05,783 INFO LUMX.N0000 OK
2026-05-12 16:17:05,955 INFO MFPE.N0000 OK
2026-05-12 16:17:05,972 INFO MADU.N0000 OK
2026-05-12 16:17:06,030 INFO MCPL.N0000 OK
2026-05-12 16:17:06,099 INFO MRH.N0000 OK
2026-05-12 16:17:06,102 INFO MAL.N0000 OK
2026-05-12 16:17:06,115 INFO MAL.X0000 OK
2026-05-12 16:17:06,138 INFO MARA.N0000 OK
2026-05-12 16:17:06,520 INFO MELS.N0000 OK
2026-05-12 16:17:06,523 INFO MASK.N0000 OK
2026-05-12 16:17:06,545 INFO MERC.N0000 OK
2026-05-12 16:17:06,713 INFO MBSL.N0000 OK
2026-05-12 16:17:06,720 INFO MSL.N0000 OK
2026-05-12 16:17:06,806 INFO MHDL.N0000 OK
2026-05-12 16:17:06,815 INFO CSF.N0000 OK
2026-05-12 16:17:06,896 INFO MDL.N0000 OK
2026-05-12 16:17:06,913 INFO MULL.N0000 OK
2026-05-12 16:17:06,938 INFO NAMU.N0000 OK
2026-05-12 16:17:07,290 INFO NDB.N0000 OK
2026-05-12 16:17:07,304 INFO NTB.X0000 OK
2026-05-12 16:17:07,313 INFO NTB.N0000 OK
2026-05-12 16:17:07,485 INFO NHL.N0000 OK
2026-05-12 16:17:07,486 INFO ODEL.N0000 OK
2026-05-12 16:17:07,571 INFO OFEQ.N0000 OK
2026-05-12 16:17:07,579 INFO ONAL.N0000 OK
2026-05-12 16:17:07,663 INFO OSEA.N0000 OK
2026-05-12 16:17:07,680 INFO PALM.N0000 OK
2026-05-12 16:17:07,711 INFO PABC.N0000 OK
2026-05-12 16:17:08,067 INFO PEG.N0000 OK
2026-05-12 16:17:08,080 INFO PAP.N0000 OK
2026-05-12 16:17:08,087 INFO PARA.N0000 OK
2026-05-12 16:17:08,270 INFO PLC.N0000 OK
2026-05-12 16:17:08,277 INFO PINS.N0000 OK
2026-05-12 16:17:08,334 INFO GLAS.N0000 OK
2026-05-12 16:17:08,343 INFO PMB.N0000 OK
2026-05-12 16:17:08,422 INFO PLR.N0000 OK
2026-05-12 16:17:08,439 INFO CARE.N0000 OK
2026-05-12 16:17:08,490 INFO RIL.N0000 OK
2026-05-12 16:17:08,822 INFO RGEM.N0000 OK
2026-05-12 16:17:08,860 INFO RWSL.N0000 OK
2026-05-12 16:17:08,881 INFO RFL.N0000 OK
2026-05-12 16:17:09,038 INFO RAL.N0000 OK
2026-05-12 16:17:09,039 INFO RENU.N0000 OK
2026-05-12 16:17:09,089 INFO COCO.N0000 OK
2026-05-12 16:17:09,093 INFO RHL.N0000 OK
2026-05-12 16:17:09,122 INFO COCO.X0000 OK
2026-05-12 16:17:09,277 INFO RHL.X0000 OK
2026-05-12 16:17:09,334 INFO RCH.N0000 OK
2026-05-12 16:17:09,618 INFO HPWR.N0000 OK
2026-05-12 16:17:09,636 INFO RICH.N0000 OK
2026-05-12 16:17:09,674 INFO REXP.N0000 OK
2026-05-12 16:17:09,767 INFO SAMP.N0000 OK
2026-05-12 16:17:09,848 INFO RPBH.N0000 OK
2026-05-12 16:17:09,870 INFO RCL.N0000 OK
2026-05-12 16:17:09,901 INFO SIL.N0000 OK
2026-05-12 16:17:09,907 INFO SDB.N0000 OK
2026-05-12 16:17:10,035 INFO SDF.N0000 OK
2026-05-12 16:17:10,091 INFO SMOT.N0000 OK
2026-05-12 16:17:10,363 INFO SFCL.N0000 OK
2026-05-12 16:17:10,387 INFO SHOT.N0000 OK
2026-05-12 16:17:10,419 INFO SHOT.X0000 OK
2026-05-12 16:17:10,521 INFO SLND.N0000 OK
2026-05-12 16:17:10,611 INFO SEYB.N0000 OK
2026-05-12 16:17:10,651 INFO SEYB.X0000 OK
2026-05-12 16:17:10,678 INFO CSD.N0000 OK
2026-05-12 16:17:10,682 INFO SIRA.N0000 OK
2026-05-12 16:17:10,761 INFO SINS.N0000 OK
2026-05-12 16:17:10,888 INFO SIGV.N0000 OK
2026-05-12 16:17:11,047 INFO SINH.N0000 OK
2026-05-12 16:17:11,099 INFO SFIN.N0000 OK
2026-05-12 16:17:11,155 INFO SEMB.N0000 OK
2026-05-12 16:17:11,258 INFO SEMB.X0000 OK
2026-05-12 16:17:11,360 INFO SCAP.N0000 OK
2026-05-12 16:17:11,416 INFO CRL.N0000 OK
2026-05-12 16:17:11,444 INFO SHL.N0000 OK
2026-05-12 16:17:11,462 INFO AAIC.N0000 OK
2026-05-12 16:17:11,521 INFO SLTL.N0000 OK
2026-05-12 16:17:11,551 INFO SING.N0000 OK
2026-05-12 16:17:11,709 INFO SUN.N0000 OK
2026-05-12 16:17:11,815 INFO SWAD.N0000 OK
2026-05-12 16:17:11,894 INFO PARQ.N0000 OK
2026-05-12 16:17:12,024 INFO TAJ.N0000 OK
2026-05-12 16:17:12,108 INFO TPL.N0000 OK
2026-05-12 16:17:12,159 INFO TANG.N0000 OK
2026-05-12 16:17:12,193 INFO TSML.N0000 OK
2026-05-12 16:17:12,209 INFO TJL.N0000 OK
2026-05-12 16:17:12,256 INFO TESS.N0000 OK
2026-05-12 16:17:12,285 INFO TESS.X0000 OK
2026-05-12 16:17:12,473 INFO LHL.N0000 OK
2026-05-12 16:17:12,563 INFO AUTO.N0000 OK
2026-05-12 16:17:12,651 INFO CFLB.N0000 OK
2026-05-12 16:17:12,782 INFO RHTL.N0000 OK
2026-05-12 16:17:12,901 INFO SERV.N0000 OK
2026-05-12 16:17:12,971 INFO KHC.N0000 OK
2026-05-12 16:17:12,972 INFO LHCL.N0000 OK
2026-05-12 16:17:13,001 INFO NEH.N0000 OK
2026-05-12 16:17:13,040 INFO TAFL.N0000 OK
2026-05-12 16:17:13,059 INFO TKYO.N0000 OK
2026-05-12 16:17:13,233 INFO TKYO.X0000 OK
2026-05-12 16:17:13,321 INFO TRAN.N0000 OK
2026-05-12 16:17:13,414 INFO UBF.N0000 OK
2026-05-12 16:17:13,543 INFO UDPL.N0000 OK
2026-05-12 16:17:13,651 INFO UAL.N0000 OK
2026-05-12 16:17:13,664 INFO UML.N0000 OK
2026-05-12 16:17:13,736 INFO UBC.N0000 OK
2026-05-12 16:17:13,760 INFO UCAR.N0000 OK
2026-05-12 16:17:13,788 INFO VFIN.N0000 OK
2026-05-12 16:17:13,911 INFO VONE.N0000 OK
2026-05-12 16:17:14,040 INFO VPEL.N0000 OK
2026-05-12 16:17:14,085 INFO VLL.N0000 OK
2026-05-12 16:17:14,183 INFO VLL.X0000 OK
2026-05-12 16:17:14,293 INFO CITW.N0000 OK
2026-05-12 16:17:14,408 INFO WATA.N0000 OK
2026-05-12 16:17:14,439 INFO WIND.N0000 OK
2026-05-12 16:17:14,492 INFO YORK.N0000 OK
2026-05-12 16:17:14,534 INFO WLTH.N0000 OK
2026-05-12 16:17:14,573 INFO JXG.N0000 OK
2026-05-12 16:17:14,590 INFO Wrote 302 rows to /home/runner/work/cse-scraper/cse-scraper/data/2026-05-12/all_company_info_2026-05-12.csv
2026-05-12 16:17:14,590 INFO Symbols: 302, success: 302, failures: 0
