2026-06-12 16:42:42,255 INFO Saved: data/2026-06-12/tradeSummary_2026-06-12.json
2026-06-12 16:42:43,232 INFO Saved: data/2026-06-12/todaySharePrice_2026-06-12.json
2026-06-12 16:42:44,462 INFO Saved: data/2026-06-12/topGainers_2026-06-12.json
2026-06-12 16:42:45,543 INFO Saved: data/2026-06-12/topLooses_2026-06-12.json
2026-06-12 16:42:46,536 INFO Saved: data/2026-06-12/mostActiveTrades_2026-06-12.json
2026-06-12 16:42:47,247 INFO Saved: data/2026-06-12/marketSummery_2026-06-12.json
2026-06-12 16:42:48,601 INFO Saved: data/2026-06-12/aspiData_2026-06-12.json
2026-06-12 16:42:49,843 INFO Saved: data/2026-06-12/snpData_2026-06-12.json
2026-06-12 16:42:50,795 INFO Saved: data/2026-06-12/allSectors_2026-06-12.json
2026-06-12 16:42:52,580 INFO Saved: data/2026-06-12/detailedTrades_2026-06-12.json
2026-06-12 16:42:55,121 INFO Saved: data/2026-06-12/dailyMarketSummery_2026-06-12.json
2026-06-12 16:42:57,018 INFO Saved: data/2026-06-12/getContributors_2026-06-12.json
2026-06-12 16:42:58,100 INFO Saved: data/2026-06-12/getContributorsChart_2026-06-12.json
2026-06-12 16:42:58,100 INFO Saved 13 files (0 errors)
2026-06-12 16:42:59,512 INFO ACME.N0000 OK
2026-06-12 16:42:59,516 INFO AGAL.N0000 OK
2026-06-12 16:42:59,519 INFO ACL.N0000 OK
2026-06-12 16:42:59,570 INFO AGPL.N0000 OK
2026-06-12 16:42:59,577 INFO ABAN.N0000 OK
2026-06-12 16:42:59,577 INFO AFSL.N0000 OK
2026-06-12 16:42:59,582 INFO AGST.X0000 OK
2026-06-12 16:42:59,585 INFO AEL.N0000 OK
2026-06-12 16:42:59,597 INFO AGST.N0000 OK
2026-06-12 16:42:59,610 INFO APLA.N0000 OK
2026-06-12 16:43:00,782 INFO ATL.N0000 OK
2026-06-12 16:43:00,788 INFO AHUN.N0000 OK
2026-06-12 16:43:00,826 INFO GREG.N0000 OK
2026-06-12 16:43:00,829 INFO ABL.N0000 OK
2026-06-12 16:43:00,832 INFO TAP.N0000 OK
2026-06-12 16:43:00,834 INFO SPEN.N0000 OK
2026-06-12 16:43:00,842 INFO ATLL.N0000 OK
2026-06-12 16:43:00,846 INFO ALUM.N0000 OK
2026-06-12 16:43:00,849 INFO ALLI.N0000 OK
2026-06-12 16:43:00,852 INFO AFS.N0000 OK
2026-06-12 16:43:01,978 INFO ALHP.N0000 OK
2026-06-12 16:43:01,979 INFO AHPL.N0000 OK
2026-06-12 16:43:01,984 INFO ACAP.N0000 OK
2026-06-12 16:43:01,998 INFO AMCL.N0000 OK
2026-06-12 16:43:02,004 INFO ASIY.N0000 OK
2026-06-12 16:43:02,065 INFO AMF.N0000 OK
2026-06-12 16:43:02,072 INFO AMSL.N0000 OK
2026-06-12 16:43:02,075 INFO AAF.N0000 OK
2026-06-12 16:43:02,077 INFO AINS.N0000 OK
2026-06-12 16:43:02,087 INFO ASIR.N0000 OK
2026-06-12 16:43:03,149 INFO BLUE.X0000 OK
2026-06-12 16:43:03,171 INFO BPPL.N0000 OK
2026-06-12 16:43:03,173 INFO BLUE.N0000 OK
2026-06-12 16:43:03,174 INFO BLI.N0000 OK
2026-06-12 16:43:03,249 INFO BOGA.N0000 OK
2026-06-12 16:43:03,256 INFO BERU.N0000 OK
2026-06-12 16:43:03,269 INFO BALA.N0000 OK
2026-06-12 16:43:03,276 INFO BRR.N0000 OK
2026-06-12 16:43:03,283 INFO BFL.N0000 OK
2026-06-12 16:43:03,293 INFO BOPL.N0000 OK
2026-06-12 16:43:03,923 INFO BRWN.N0000 OK
2026-06-12 16:43:04,231 INFO BIL.N0000 OK
2026-06-12 16:43:04,249 INFO CIC.X0000 OK
2026-06-12 16:43:04,326 INFO BUKI.N0000 OK
2026-06-12 16:43:04,333 INFO CWM.N0000 OK
2026-06-12 16:43:04,352 INFO CIC.N0000 OK
2026-06-12 16:43:04,366 INFO COLO.N0000 OK
2026-06-12 16:43:04,374 INFO CSLK.N0000 OK
2026-06-12 16:43:04,388 INFO CTLD.N0000 OK
2026-06-12 16:43:04,390 INFO CTHR.N0000 OK
2026-06-12 16:43:04,632 INFO CALH.N0000 OK
2026-06-12 16:43:05,461 INFO CINS.N0000 OK
2026-06-12 16:43:05,509 INFO CABO.N0000 OK
2026-06-12 16:43:05,517 INFO CARS.N0000 OK
2026-06-12 16:43:05,527 INFO CFIN.N0000 OK
2026-06-12 16:43:05,543 INFO CARG.N0000 OK
2026-06-12 16:43:05,548 INFO CALT.N0000 OK
2026-06-12 16:43:05,551 INFO CINS.X0000 OK
2026-06-12 16:43:05,573 INFO CBNK.N0000 OK
2026-06-12 16:43:05,663 INFO CIND.N0000 OK
2026-06-12 16:43:05,703 INFO BREW.N0000 OK
2026-06-12 16:43:06,292 INFO CCS.N0000 OK
2026-06-12 16:43:06,693 INFO CHOT.N0000 OK
2026-06-12 16:43:06,699 INFO CINV.N0000 OK
2026-06-12 16:43:06,735 INFO GUAR.N0000 OK
2026-06-12 16:43:06,758 INFO CHL.X0000 OK
2026-06-12 16:43:06,775 INFO CTC.N0000 OK
2026-06-12 16:43:06,786 INFO KZOO.N0000 OK
2026-06-12 16:43:06,789 INFO CHL.N0000 OK
2026-06-12 16:43:06,789 INFO CTBL.N0000 OK
2026-06-12 16:43:06,809 INFO GRAN.N0000 OK
2026-06-12 16:43:07,348 INFO CHMX.N0000 OK
2026-06-12 16:43:07,482 INFO LLUB.N0000 OK
2026-06-12 16:43:07,491 INFO CWL.N0000 OK
2026-06-12 16:43:08,376 INFO CHOU.N0000 OK
2026-06-12 16:43:08,401 INFO CIT.N0000 OK
2026-06-12 16:43:08,416 INFO CFI.N0000 OK
2026-06-12 16:43:08,422 INFO DOCK.N0000 OK
2026-06-12 16:43:08,427 INFO CDB.X0000 OK
2026-06-12 16:43:08,486 INFO CLND.N0000 OK
2026-06-12 16:43:08,491 INFO REEF.N0000 OK
2026-06-12 16:43:08,494 INFO CDB.N0000 OK
2026-06-12 16:43:08,497 INFO COOP.N0000 OK
2026-06-12 16:43:08,508 INFO PHAR.N0000 OK
2026-06-12 16:43:09,163 INFO COMB.N0000 OK
2026-06-12 16:43:09,188 INFO COMB.X0000 OK
2026-06-12 16:43:09,703 INFO COMD.N0000 OK
2026-06-12 16:43:09,719 INFO CALF.N0000 OK
2026-06-12 16:43:09,727 INFO SOY.N0000 OK
2026-06-12 16:43:09,733 INFO DFCC.N0000 OK
2026-06-12 16:43:09,747 INFO DIAL.N0000 OK
2026-06-12 16:43:09,762 INFO COCR.N0000 OK
2026-06-12 16:43:09,764 INFO DPL.N0000 OK
2026-06-12 16:43:09,777 INFO DIMO.N0000 OK
2026-06-12 16:43:09,964 INFO CTEA.N0000 OK
2026-06-12 16:43:09,970 INFO PKME.N0000 OK
2026-06-12 16:43:10,439 INFO DIPD.N0000 OK
2026-06-12 16:43:11,095 INFO ELPL.N0000 OK
2026-06-12 16:43:11,139 INFO DIST.N0000 OK
2026-06-12 16:43:11,142 INFO EAST.N0000 OK
2026-06-12 16:43:11,143 INFO ECL.N0000 OK
2026-06-12 16:43:11,165 INFO EML.N0000 OK
2026-06-12 16:43:11,168 INFO EDEN.N0000 OK
2026-06-12 16:43:11,171 INFO EBCR.N0000 OK
2026-06-12 16:43:11,175 INFO STAF.N0000 OK
2026-06-12 16:43:11,178 INFO EMER.N0000 OK
2026-06-12 16:43:11,238 INFO ETWO.N0000 OK
2026-06-12 16:43:11,896 INFO PACK.N0000 OK
2026-06-12 16:43:11,958 INFO CFVF.N0000 OK
2026-06-12 16:43:11,975 INFO WAPO.N0000 OK
2026-06-12 16:43:12,006 INFO FCT.N0000 OK
2026-06-12 16:43:12,011 INFO GHLL.N0000 OK
2026-06-12 16:43:12,016 INFO EXT.N0000 OK
2026-06-12 16:43:12,212 INFO MEL.N0000 OK
2026-06-12 16:43:12,216 INFO HARI.N0000 OK
2026-06-12 16:43:12,249 INFO HAPU.N0000 OK
2026-06-12 16:43:12,288 INFO GEST.N0000 OK
2026-06-12 16:43:12,610 INFO HNB.N0000 OK
2026-06-12 16:43:13,204 INFO MGT.N0000 OK
2026-06-12 16:43:13,222 INFO CONN.N0000 OK
2026-06-12 16:43:13,242 INFO HELA.N0000 OK
2026-06-12 16:43:13,245 INFO HNB.X0000 OK
2026-06-12 16:43:13,298 INFO HAYC.N0000 OK
2026-06-12 16:43:13,305 INFO HAYL.N0000 OK
2026-06-12 16:43:13,316 INFO HPL.N0000 OK
2026-06-12 16:43:13,320 INFO CITH.N0000 OK
2026-06-12 16:43:13,330 INFO HHL.N0000 OK
2026-06-12 16:43:13,334 INFO HEXP.N0000 OK
2026-06-12 16:43:14,014 INFO HASU.N0000 OK
2026-06-12 16:43:14,017 INFO HNBF.X0000 OK
2026-06-12 16:43:14,090 INFO HNBF.N0000 OK
2026-06-12 16:43:14,370 INFO HUNT.N0000 OK
2026-06-12 16:43:14,386 INFO HDFC.N0000 OK
2026-06-12 16:43:14,393 INFO HOPL.N0000 OK
2026-06-12 16:43:14,396 INFO HUNA.N0000 OK
2026-06-12 16:43:14,478 INFO HVA.N0000 OK
2026-06-12 16:43:14,481 INFO HBS.N0000 OK
2026-06-12 16:43:14,484 INFO HSIG.N0000 OK
2026-06-12 16:43:14,820 INFO INME.N0000 OK
2026-06-12 16:43:14,823 INFO ASPH.N0000 OK
2026-06-12 16:43:14,874 INFO BFN.N0000 OK
2026-06-12 16:43:15,176 INFO JAT.N0000 OK
2026-06-12 16:43:15,228 INFO JETS.N0000 OK
2026-06-12 16:43:15,232 INFO JINS.N0000 OK
2026-06-12 16:43:15,431 INFO JKH.N0000 OK
2026-06-12 16:43:15,464 INFO JKL.N0000 OK
2026-06-12 16:43:15,513 INFO JFP.N0000 OK
2026-06-12 16:43:15,513 INFO KHL.N0000 OK
2026-06-12 16:43:15,628 INFO KPHL.N0000 OK
2026-06-12 16:43:15,630 INFO KAHA.N0000 OK
2026-06-12 16:43:15,652 INFO KFP.N0000 OK
2026-06-12 16:43:15,956 INFO KGAL.N0000 OK
2026-06-12 16:43:16,022 INFO KCAB.N0000 OK
2026-06-12 16:43:16,026 INFO TYRE.N0000 OK
2026-06-12 16:43:16,204 INFO KDL.N0000 OK
2026-06-12 16:43:16,211 INFO KVAL.N0000 OK
2026-06-12 16:43:16,319 INFO CPRT.N0000 OK
2026-06-12 16:43:16,328 INFO KOTA.N0000 OK
2026-06-12 16:43:16,370 INFO LOLC.N0000 OK
2026-06-12 16:43:16,377 INFO LVEF.N0000 OK
2026-06-12 16:43:16,446 INFO LAMB.N0000 OK
2026-06-12 16:43:16,768 INFO LPRT.N0000 OK
2026-06-12 16:43:16,823 INFO ASHO.N0000 OK
2026-06-12 16:43:16,829 INFO LALU.N0000 OK
2026-06-12 16:43:16,997 INFO CERA.N0000 OK
2026-06-12 16:43:17,014 INFO LCBF.N0000 OK
2026-06-12 16:43:17,122 INFO LIOC.N0000 OK
2026-06-12 16:43:17,128 INFO LMF.N0000 OK
2026-06-12 16:43:17,177 INFO ASCO.N0000 OK
2026-06-12 16:43:17,187 INFO TILE.N0000 OK
2026-06-12 16:43:17,234 INFO LVEN.N0000 OK
2026-06-12 16:43:17,550 INFO LWL.N0000 OK
2026-06-12 16:43:17,616 INFO LDEV.N0000 OK
2026-06-12 16:43:17,620 INFO LCEY.N0000 OK
2026-06-12 16:43:18,419 INFO LPL.N0000 OK
2026-06-12 16:43:18,462 INFO LITE.N0000 OK
2026-06-12 16:43:18,466 INFO LGL.X0000 OK
2026-06-12 16:43:18,496 INFO LFIN.N0000 OK
2026-06-12 16:43:18,508 INFO LGL.N0000 OK
2026-06-12 16:43:18,514 INFO LPL.X0000 OK
2026-06-12 16:43:18,517 INFO LION.N0000 OK
2026-06-12 16:43:18,522 INFO LGIL.N0000 OK
2026-06-12 16:43:18,533 INFO SHAW.N0000 OK
2026-06-12 16:43:18,557 INFO LOFC.N0000 OK
2026-06-12 16:43:19,688 INFO MADU.N0000 OK
2026-06-12 16:43:19,706 INFO MAL.X0000 OK
2026-06-12 16:43:19,739 INFO MCPL.N0000 OK
2026-06-12 16:43:19,761 INFO MRH.N0000 OK
2026-06-12 16:43:19,763 INFO MAL.N0000 OK
2026-06-12 16:43:19,795 INFO MASK.N0000 OK
2026-06-12 16:43:19,797 INFO HPFL.N0000 OK
2026-06-12 16:43:19,803 INFO MARA.N0000 OK
2026-06-12 16:43:19,814 INFO LUMX.N0000 OK
2026-06-12 16:43:19,836 INFO MFPE.N0000 OK
2026-06-12 16:43:20,391 INFO MELS.N0000 OK
2026-06-12 16:43:20,500 INFO MERC.N0000 OK
2026-06-12 16:43:20,547 INFO MSL.N0000 OK
2026-06-12 16:43:20,550 INFO NAMU.N0000 OK
2026-06-12 16:43:20,558 INFO CSF.N0000 OK
2026-06-12 16:43:20,561 INFO MHDL.N0000 OK
2026-06-12 16:43:20,568 INFO NDB.N0000 OK
2026-06-12 16:43:20,570 INFO MBSL.N0000 OK
2026-06-12 16:43:20,621 INFO MDL.N0000 OK
2026-06-12 16:43:20,633 INFO MULL.N0000 OK
2026-06-12 16:43:21,103 INFO NTB.N0000 OK
2026-06-12 16:43:21,267 INFO ODEL.N0000 OK
2026-06-12 16:43:21,291 INFO NTB.X0000 OK
2026-06-12 16:43:21,323 INFO NHL.N0000 OK
2026-06-12 16:43:21,361 INFO ONAL.N0000 OK
2026-06-12 16:43:21,364 INFO PAP.N0000 OK
2026-06-12 16:43:21,370 INFO OSEA.N0000 OK
2026-06-12 16:43:21,398 INFO OFEQ.N0000 OK
2026-06-12 16:43:21,446 INFO PALM.N0000 OK
2026-06-12 16:43:21,449 INFO PABC.N0000 OK
2026-06-12 16:43:21,817 INFO PARA.N0000 OK
2026-06-12 16:43:22,028 INFO PLC.N0000 OK
2026-06-12 16:43:22,064 INFO PEG.N0000 OK
2026-06-12 16:43:22,070 INFO PINS.N0000 OK
2026-06-12 16:43:22,105 INFO GLAS.N0000 OK
2026-06-12 16:43:22,108 INFO PLR.N0000 OK
2026-06-12 16:43:22,115 INFO CARE.N0000 OK
2026-06-12 16:43:22,158 INFO PMB.N0000 OK
2026-06-12 16:43:22,172 INFO RGEM.N0000 OK
2026-06-12 16:43:22,248 INFO RIL.N0000 OK
2026-06-12 16:43:22,522 INFO RWSL.N0000 OK
2026-06-12 16:43:22,791 INFO RAL.N0000 OK
2026-06-12 16:43:22,802 INFO RFL.N0000 OK
2026-06-12 16:43:22,810 INFO RENU.N0000 OK
2026-06-12 16:43:22,852 INFO COCO.N0000 OK
2026-06-12 16:43:22,904 INFO COCO.X0000 OK
2026-06-12 16:43:22,929 INFO RHL.N0000 OK
2026-06-12 16:43:22,938 INFO RHL.X0000 OK
2026-06-12 16:43:22,968 INFO RCH.N0000 OK
2026-06-12 16:43:23,035 INFO HPWR.N0000 OK
2026-06-12 16:43:23,255 INFO RICH.N0000 OK
2026-06-12 16:43:23,547 INFO RPBH.N0000 OK
2026-06-12 16:43:23,577 INFO SAMP.N0000 OK
2026-06-12 16:43:23,603 INFO RCL.N0000 OK
2026-06-12 16:43:23,604 INFO REXP.N0000 OK
2026-06-12 16:43:23,623 INFO SIL.N0000 OK
2026-06-12 16:43:23,666 INFO SDB.N0000 OK
2026-06-12 16:43:23,724 INFO SDF.N0000 OK
2026-06-12 16:43:23,742 INFO SMOT.N0000 OK
2026-06-12 16:43:23,745 INFO SFCL.N0000 OK
2026-06-12 16:43:24,033 INFO SHOT.N0000 OK
2026-06-12 16:43:24,281 INFO SHOT.X0000 OK
2026-06-12 16:43:24,331 INFO SEYB.X0000 OK
2026-06-12 16:43:24,354 INFO SLND.N0000 OK
2026-06-12 16:43:24,404 INFO SEYB.N0000 OK
2026-06-12 16:43:24,412 INFO CSD.N0000 OK
2026-06-12 16:43:24,444 INFO SIGV.N0000 OK
2026-06-12 16:43:24,460 INFO SIRA.N0000 OK
2026-06-12 16:43:24,472 INFO SFIN.N0000 OK
2026-06-12 16:43:24,529 INFO SINS.N0000 OK
2026-06-12 16:43:24,807 INFO SINH.N0000 OK
2026-06-12 16:43:25,037 INFO SEMB.X0000 OK
2026-06-12 16:43:25,058 INFO SEMB.N0000 OK
2026-06-12 16:43:25,084 INFO SCAP.N0000 OK
2026-06-12 16:43:25,188 INFO SING.N0000 OK
2026-06-12 16:43:25,217 INFO SHL.N0000 OK
2026-06-12 16:43:25,229 INFO CRL.N0000 OK
2026-06-12 16:43:25,251 INFO AAIC.N0000 OK
2026-06-12 16:43:25,255 INFO SUN.N0000 OK
2026-06-12 16:43:25,266 INFO SLTL.N0000 OK
2026-06-12 16:43:25,597 INFO SWAD.N0000 OK
2026-06-12 16:43:25,827 INFO PARQ.N0000 OK
2026-06-12 16:43:25,830 INFO TAJ.N0000 OK
2026-06-12 16:43:25,876 INFO TPL.N0000 OK
2026-06-12 16:43:26,002 INFO TANG.N0000 OK
2026-06-12 16:43:26,025 INFO TSML.N0000 OK
2026-06-12 16:43:26,034 INFO TESS.X0000 OK
2026-06-12 16:43:26,045 INFO TJL.N0000 OK
2026-06-12 16:43:26,084 INFO TESS.N0000 OK
2026-06-12 16:43:26,090 INFO LHL.N0000 OK
2026-06-12 16:43:26,391 INFO AUTO.N0000 OK
2026-06-12 16:43:26,617 INFO CFLB.N0000 OK
2026-06-12 16:43:26,637 INFO RHTL.N0000 OK
2026-06-12 16:43:26,657 INFO KHC.N0000 OK
2026-06-12 16:43:26,786 INFO SERV.N0000 OK
2026-06-12 16:43:26,815 INFO NEH.N0000 OK
2026-06-12 16:43:26,830 INFO LHCL.N0000 OK
2026-06-12 16:43:26,844 INFO TAFL.N0000 OK
2026-06-12 16:43:26,907 INFO TKYO.N0000 OK
2026-06-12 16:43:26,911 INFO TKYO.X0000 OK
2026-06-12 16:43:27,174 INFO TRAN.N0000 OK
2026-06-12 16:43:27,340 INFO UBF.N0000 OK
2026-06-12 16:43:27,420 INFO UDPL.N0000 OK
2026-06-12 16:43:27,435 INFO UAL.N0000 OK
2026-06-12 16:43:27,574 INFO UBC.N0000 OK
2026-06-12 16:43:27,578 INFO VFIN.N0000 OK
2026-06-12 16:43:27,651 INFO UCAR.N0000 OK
2026-06-12 16:43:27,668 INFO UML.N0000 OK
2026-06-12 16:43:27,699 INFO VONE.N0000 OK
2026-06-12 16:43:27,702 INFO VPEL.N0000 OK
2026-06-12 16:43:27,952 INFO VLL.N0000 OK
2026-06-12 16:43:28,132 INFO VLL.X0000 OK
2026-06-12 16:43:28,198 INFO CITW.N0000 OK
2026-06-12 16:43:28,230 INFO WATA.N0000 OK
2026-06-12 16:43:28,382 INFO WIND.N0000 OK
2026-06-12 16:43:28,384 INFO YORK.N0000 OK
2026-06-12 16:43:28,440 INFO WLTH.N0000 OK
2026-06-12 16:43:28,456 INFO JXG.N0000 OK
2026-06-12 16:43:28,473 INFO Wrote 302 rows to /home/runner/work/cse-scraper/cse-scraper/data/2026-06-12/all_company_info_2026-06-12.csv
2026-06-12 16:43:28,473 INFO Symbols: 302, success: 302, failures: 0
