2026-06-09 16:29:27,729 INFO Saved: data/2026-06-09/tradeSummary_2026-06-09.json
2026-06-09 16:29:28,821 INFO Saved: data/2026-06-09/todaySharePrice_2026-06-09.json
2026-06-09 16:29:29,884 INFO Saved: data/2026-06-09/topGainers_2026-06-09.json
2026-06-09 16:29:31,218 INFO Saved: data/2026-06-09/topLooses_2026-06-09.json
2026-06-09 16:29:32,421 INFO Saved: data/2026-06-09/mostActiveTrades_2026-06-09.json
2026-06-09 16:29:33,253 INFO Saved: data/2026-06-09/marketSummery_2026-06-09.json
2026-06-09 16:29:34,943 INFO Saved: data/2026-06-09/aspiData_2026-06-09.json
2026-06-09 16:29:36,148 INFO Saved: data/2026-06-09/snpData_2026-06-09.json
2026-06-09 16:29:37,609 INFO Saved: data/2026-06-09/allSectors_2026-06-09.json
2026-06-09 16:29:38,911 INFO Saved: data/2026-06-09/detailedTrades_2026-06-09.json
2026-06-09 16:29:39,526 INFO Saved: data/2026-06-09/dailyMarketSummery_2026-06-09.json
2026-06-09 16:29:40,206 INFO Saved: data/2026-06-09/getContributors_2026-06-09.json
2026-06-09 16:29:40,866 INFO Saved: data/2026-06-09/getContributorsChart_2026-06-09.json
2026-06-09 16:29:40,866 INFO Saved 13 files (0 errors)
2026-06-09 16:29:42,879 INFO AGPL.N0000 OK
2026-06-09 16:29:42,890 INFO AGST.N0000 OK
2026-06-09 16:29:42,898 INFO ABAN.N0000 OK
2026-06-09 16:29:42,910 INFO AEL.N0000 OK
2026-06-09 16:29:42,959 INFO ACME.N0000 OK
2026-06-09 16:29:42,970 INFO AGST.X0000 OK
2026-06-09 16:29:42,971 INFO APLA.N0000 OK
2026-06-09 16:29:42,982 INFO AFSL.N0000 OK
2026-06-09 16:29:42,995 INFO AGAL.N0000 OK
2026-06-09 16:29:42,998 INFO ACL.N0000 OK
2026-06-09 16:29:43,542 INFO AHUN.N0000 OK
2026-06-09 16:29:44,462 INFO ABL.N0000 OK
2026-06-09 16:29:44,476 INFO AMCL.N0000 OK
2026-06-09 16:29:44,483 INFO ATLL.N0000 OK
2026-06-09 16:29:44,499 INFO TAP.N0000 OK
2026-06-09 16:29:44,514 INFO ALLI.N0000 OK
2026-06-09 16:29:44,549 INFO GREG.N0000 OK
2026-06-09 16:29:44,550 INFO SPEN.N0000 OK
2026-06-09 16:29:44,550 INFO AFS.N0000 OK
2026-06-09 16:29:44,567 INFO ALUM.N0000 OK
2026-06-09 16:29:44,570 INFO ATL.N0000 OK
2026-06-09 16:29:45,050 INFO ALHP.N0000 OK
2026-06-09 16:29:45,658 INFO ACAP.N0000 OK
2026-06-09 16:29:45,678 INFO AMF.N0000 OK
2026-06-09 16:29:45,681 INFO AINS.N0000 OK
2026-06-09 16:29:45,697 INFO AHPL.N0000 OK
2026-06-09 16:29:45,717 INFO ASIY.N0000 OK
2026-06-09 16:29:45,733 INFO AMSL.N0000 OK
2026-06-09 16:29:45,745 INFO AAF.N0000 OK
2026-06-09 16:29:45,762 INFO BFL.N0000 OK
2026-06-09 16:29:45,765 INFO ASIR.N0000 OK
2026-06-09 16:29:45,767 INFO BPPL.N0000 OK
2026-06-09 16:29:47,000 INFO BLUE.N0000 OK
2026-06-09 16:29:47,020 INFO BLI.N0000 OK
2026-06-09 16:29:47,047 INFO BLUE.X0000 OK
2026-06-09 16:29:47,087 INFO BALA.N0000 OK
2026-06-09 16:29:47,107 INFO BIL.N0000 OK
2026-06-09 16:29:47,114 INFO BOPL.N0000 OK
2026-06-09 16:29:47,123 INFO BOGA.N0000 OK
2026-06-09 16:29:47,129 INFO BRWN.N0000 OK
2026-06-09 16:29:47,138 INFO BRR.N0000 OK
2026-06-09 16:29:47,144 INFO BERU.N0000 OK
2026-06-09 16:29:48,431 INFO CALT.N0000 OK
2026-06-09 16:29:48,442 INFO CWM.N0000 OK
2026-06-09 16:29:48,446 INFO CTHR.N0000 OK
2026-06-09 16:29:48,449 INFO BUKI.N0000 OK
2026-06-09 16:29:48,522 INFO CIC.X0000 OK
2026-06-09 16:29:48,523 INFO CTLD.N0000 OK
2026-06-09 16:29:48,524 INFO CSLK.N0000 OK
2026-06-09 16:29:48,529 INFO CIC.N0000 OK
2026-06-09 16:29:48,529 INFO CALH.N0000 OK
2026-06-09 16:29:48,530 INFO COLO.N0000 OK
2026-06-09 16:29:49,704 INFO CIND.N0000 OK
2026-06-09 16:29:49,772 INFO CBNK.N0000 OK
2026-06-09 16:29:49,798 INFO CARS.N0000 OK
2026-06-09 16:29:49,815 INFO CFIN.N0000 OK
2026-06-09 16:29:49,844 INFO CINS.N0000 OK
2026-06-09 16:29:49,848 INFO BREW.N0000 OK
2026-06-09 16:29:49,853 INFO CCS.N0000 OK
2026-06-09 16:29:49,861 INFO CINS.X0000 OK
2026-06-09 16:29:49,866 INFO CARG.N0000 OK
2026-06-09 16:29:49,869 INFO CABO.N0000 OK
2026-06-09 16:29:51,011 INFO CINV.N0000 OK
2026-06-09 16:29:51,012 INFO CHMX.N0000 OK
2026-06-09 16:29:51,048 INFO CHL.X0000 OK
2026-06-09 16:29:51,073 INFO CTBL.N0000 OK
2026-06-09 16:29:51,084 INFO GUAR.N0000 OK
2026-06-09 16:29:51,087 INFO GRAN.N0000 OK
2026-06-09 16:29:51,089 INFO CHL.N0000 OK
2026-06-09 16:29:51,092 INFO CTC.N0000 OK
2026-06-09 16:29:51,098 INFO KZOO.N0000 OK
2026-06-09 16:29:51,100 INFO CHOT.N0000 OK
2026-06-09 16:29:51,670 INFO LLUB.N0000 OK
2026-06-09 16:29:51,683 INFO CWL.N0000 OK
2026-06-09 16:29:51,696 INFO CHOU.N0000 OK
2026-06-09 16:29:51,707 INFO CDB.N0000 OK
2026-06-09 16:29:51,734 INFO CDB.X0000 OK
2026-06-09 16:29:51,755 INFO REEF.N0000 OK
2026-06-09 16:29:52,898 INFO COMB.N0000 OK
2026-06-09 16:29:52,950 INFO CIT.N0000 OK
2026-06-09 16:29:52,954 INFO COOP.N0000 OK
2026-06-09 16:29:52,965 INFO DOCK.N0000 OK
2026-06-09 16:29:52,969 INFO COMD.N0000 OK
2026-06-09 16:29:53,003 INFO CFI.N0000 OK
2026-06-09 16:29:53,012 INFO CLND.N0000 OK
2026-06-09 16:29:53,016 INFO PHAR.N0000 OK
2026-06-09 16:29:53,022 INFO COMB.X0000 OK
2026-06-09 16:29:53,024 INFO COCR.N0000 OK
2026-06-09 16:29:53,558 INFO SOY.N0000 OK
2026-06-09 16:29:53,626 INFO DIAL.N0000 OK
2026-06-09 16:29:53,633 INFO DFCC.N0000 OK
2026-06-09 16:29:53,662 INFO DPL.N0000 OK
2026-06-09 16:29:53,671 INFO CALF.N0000 OK
2026-06-09 16:29:53,708 INFO PKME.N0000 OK
2026-06-09 16:29:53,729 INFO DIMO.N0000 OK
2026-06-09 16:29:54,097 INFO CTEA.N0000 OK
2026-06-09 16:29:54,110 INFO DIST.N0000 OK
2026-06-09 16:29:54,113 INFO DIPD.N0000 OK
2026-06-09 16:29:54,217 INFO STAF.N0000 OK
2026-06-09 16:29:54,300 INFO ECL.N0000 OK
2026-06-09 16:29:54,307 INFO EBCR.N0000 OK
2026-06-09 16:29:54,899 INFO CFVF.N0000 OK
2026-06-09 16:29:54,919 INFO ETWO.N0000 OK
2026-06-09 16:29:54,923 INFO EDEN.N0000 OK
2026-06-09 16:29:54,940 INFO EAST.N0000 OK
2026-06-09 16:29:54,944 INFO PACK.N0000 OK
2026-06-09 16:29:54,945 INFO EML.N0000 OK
2026-06-09 16:29:54,960 INFO ELPL.N0000 OK
2026-06-09 16:29:54,963 INFO EMER.N0000 OK
2026-06-09 16:29:54,967 INFO EXT.N0000 OK
2026-06-09 16:29:55,618 INFO GHLL.N0000 OK
2026-06-09 16:29:55,658 INFO HNB.N0000 OK
2026-06-09 16:29:55,696 INFO HAPU.N0000 OK
2026-06-09 16:29:55,703 INFO FCT.N0000 OK
2026-06-09 16:29:55,733 INFO MEL.N0000 OK
2026-06-09 16:29:55,733 INFO HARI.N0000 OK
2026-06-09 16:29:55,738 INFO WAPO.N0000 OK
2026-06-09 16:29:55,742 INFO GEST.N0000 OK
2026-06-09 16:29:56,167 INFO HPL.N0000 OK
2026-06-09 16:29:56,222 INFO HNB.X0000 OK
2026-06-09 16:29:56,589 INFO CITH.N0000 OK
2026-06-09 16:29:56,707 INFO HELA.N0000 OK
2026-06-09 16:29:56,713 INFO MGT.N0000 OK
2026-06-09 16:29:56,718 INFO HEXP.N0000 OK
2026-06-09 16:29:56,722 INFO HAYC.N0000 OK
2026-06-09 16:29:56,739 INFO HAYL.N0000 OK
2026-06-09 16:29:56,746 INFO HHL.N0000 OK
2026-06-09 16:29:56,759 INFO CONN.N0000 OK
2026-06-09 16:29:56,846 INFO HASU.N0000 OK
2026-06-09 16:29:56,893 INFO HNBF.N0000 OK
2026-06-09 16:29:57,240 INFO HNBF.X0000 OK
2026-06-09 16:29:57,391 INFO HOPL.N0000 OK
2026-06-09 16:29:57,892 INFO ASPH.N0000 OK
2026-06-09 16:29:57,918 INFO HVA.N0000 OK
2026-06-09 16:29:57,974 INFO HBS.N0000 OK
2026-06-09 16:29:57,980 INFO HDFC.N0000 OK
2026-06-09 16:29:57,989 INFO BFN.N0000 OK
2026-06-09 16:29:57,994 INFO HUNA.N0000 OK
2026-06-09 16:29:58,011 INFO HUNT.N0000 OK
2026-06-09 16:29:58,032 INFO HSIG.N0000 OK
2026-06-09 16:29:58,044 INFO INME.N0000 OK
2026-06-09 16:29:58,065 INFO JINS.N0000 OK
2026-06-09 16:29:58,559 INFO JAT.N0000 OK
2026-06-09 16:29:58,578 INFO JETS.N0000 OK
2026-06-09 16:29:58,579 INFO JKH.N0000 OK
2026-06-09 16:29:58,630 INFO JFP.N0000 OK
2026-06-09 16:29:59,184 INFO JKL.N0000 OK
2026-06-09 16:29:59,244 INFO KPHL.N0000 OK
2026-06-09 16:29:59,258 INFO KAHA.N0000 OK
2026-06-09 16:29:59,274 INFO KGAL.N0000 OK
2026-06-09 16:29:59,283 INFO KFP.N0000 OK
2026-06-09 16:29:59,283 INFO KHL.N0000 OK
2026-06-09 16:30:00,207 INFO KDL.N0000 OK
2026-06-09 16:30:00,302 INFO KCAB.N0000 OK
2026-06-09 16:30:00,335 INFO KOTA.N0000 OK
2026-06-09 16:30:00,377 INFO CPRT.N0000 OK
2026-06-09 16:30:00,390 INFO LAMB.N0000 OK
2026-06-09 16:30:00,394 INFO LOLC.N0000 OK
2026-06-09 16:30:00,398 INFO LVEF.N0000 OK
2026-06-09 16:30:00,412 INFO TYRE.N0000 OK
2026-06-09 16:30:00,416 INFO KVAL.N0000 OK
2026-06-09 16:30:00,428 INFO LPRT.N0000 OK
2026-06-09 16:30:00,914 INFO LALU.N0000 OK
2026-06-09 16:30:01,073 INFO LCBF.N0000 OK
2026-06-09 16:30:01,074 INFO ASHO.N0000 OK
2026-06-09 16:30:01,074 INFO CERA.N0000 OK
2026-06-09 16:30:01,207 INFO LMF.N0000 OK
2026-06-09 16:30:01,210 INFO LIOC.N0000 OK
2026-06-09 16:30:01,254 INFO LVEN.N0000 OK
2026-06-09 16:30:01,294 INFO LWL.N0000 OK
2026-06-09 16:30:01,302 INFO ASCO.N0000 OK
2026-06-09 16:30:01,312 INFO TILE.N0000 OK
2026-06-09 16:30:01,693 INFO LCEY.N0000 OK
2026-06-09 16:30:01,774 INFO LGL.N0000 OK
2026-06-09 16:30:01,791 INFO LGL.X0000 OK
2026-06-09 16:30:01,814 INFO LDEV.N0000 OK
2026-06-09 16:30:01,815 INFO LPL.N0000 OK
2026-06-09 16:30:01,895 INFO LPL.X0000 OK
2026-06-09 16:30:01,954 INFO LITE.N0000 OK
2026-06-09 16:30:02,009 INFO SHAW.N0000 OK
2026-06-09 16:30:02,025 INFO LFIN.N0000 OK
2026-06-09 16:30:02,028 INFO LION.N0000 OK
2026-06-09 16:30:02,955 INFO LOFC.N0000 OK
2026-06-09 16:30:03,044 INFO LUMX.N0000 OK
2026-06-09 16:30:03,057 INFO MAL.X0000 OK
2026-06-09 16:30:03,065 INFO MAL.N0000 OK
2026-06-09 16:30:03,105 INFO MADU.N0000 OK
2026-06-09 16:30:03,129 INFO HPFL.N0000 OK
2026-06-09 16:30:03,135 INFO MCPL.N0000 OK
2026-06-09 16:30:03,137 INFO LGIL.N0000 OK
2026-06-09 16:30:03,155 INFO MFPE.N0000 OK
2026-06-09 16:30:03,159 INFO MRH.N0000 OK
2026-06-09 16:30:03,654 INFO MARA.N0000 OK
2026-06-09 16:30:03,761 INFO MELS.N0000 OK
2026-06-09 16:30:03,766 INFO MASK.N0000 OK
2026-06-09 16:30:03,768 INFO MERC.N0000 OK
2026-06-09 16:30:04,322 INFO MDL.N0000 OK
2026-06-09 16:30:04,323 INFO NAMU.N0000 OK
2026-06-09 16:30:04,412 INFO MHDL.N0000 OK
2026-06-09 16:30:04,416 INFO MULL.N0000 OK
2026-06-09 16:30:04,425 INFO CSF.N0000 OK
2026-06-09 16:30:04,432 INFO MSL.N0000 OK
2026-06-09 16:30:04,462 INFO MBSL.N0000 OK
2026-06-09 16:30:04,555 INFO NDB.N0000 OK
2026-06-09 16:30:04,613 INFO NTB.N0000 OK
2026-06-09 16:30:04,649 INFO NTB.X0000 OK
2026-06-09 16:30:05,409 INFO OFEQ.N0000 OK
2026-06-09 16:30:05,554 INFO ONAL.N0000 OK
2026-06-09 16:30:05,571 INFO PAP.N0000 OK
2026-06-09 16:30:05,603 INFO NHL.N0000 OK
2026-06-09 16:30:05,614 INFO PARA.N0000 OK
2026-06-09 16:30:05,661 INFO PEG.N0000 OK
2026-06-09 16:30:05,720 INFO OSEA.N0000 OK
2026-06-09 16:30:05,723 INFO ODEL.N0000 OK
2026-06-09 16:30:05,727 INFO PABC.N0000 OK
2026-06-09 16:30:05,728 INFO PALM.N0000 OK
2026-06-09 16:30:06,061 INFO PINS.N0000 OK
2026-06-09 16:30:06,200 INFO GLAS.N0000 OK
2026-06-09 16:30:06,234 INFO PLC.N0000 OK
2026-06-09 16:30:06,305 INFO PMB.N0000 OK
2026-06-09 16:30:06,387 INFO PLR.N0000 OK
2026-06-09 16:30:06,483 INFO CARE.N0000 OK
2026-06-09 16:30:06,500 INFO RWSL.N0000 OK
2026-06-09 16:30:06,513 INFO RGEM.N0000 OK
2026-06-09 16:30:06,572 INFO RIL.N0000 OK
2026-06-09 16:30:06,878 INFO RENU.N0000 OK
2026-06-09 16:30:06,943 INFO RAL.N0000 OK
2026-06-09 16:30:06,966 INFO RFL.N0000 OK
2026-06-09 16:30:06,979 INFO COCO.N0000 OK
2026-06-09 16:30:07,646 INFO RICH.N0000 OK
2026-06-09 16:30:07,665 INFO RCH.N0000 OK
2026-06-09 16:30:07,669 INFO REXP.N0000 OK
2026-06-09 16:30:07,671 INFO RCL.N0000 OK
2026-06-09 16:30:07,722 INFO RHL.N0000 OK
2026-06-09 16:30:07,766 INFO RHL.X0000 OK
2026-06-09 16:30:07,842 INFO SAMP.N0000 OK
2026-06-09 16:30:07,898 INFO RPBH.N0000 OK
2026-06-09 16:30:07,903 INFO HPWR.N0000 OK
2026-06-09 16:30:07,906 INFO COCO.X0000 OK
2026-06-09 16:30:08,803 INFO SHOT.X0000 OK
2026-06-09 16:30:08,809 INFO SMOT.N0000 OK
2026-06-09 16:30:08,822 INFO SEYB.X0000 OK
2026-06-09 16:30:08,836 INFO SHOT.N0000 OK
2026-06-09 16:30:08,844 INFO SIL.N0000 OK
2026-06-09 16:30:09,014 INFO SLND.N0000 OK
2026-06-09 16:30:09,060 INFO SFCL.N0000 OK
2026-06-09 16:30:09,089 INFO SDB.N0000 OK
2026-06-09 16:30:09,101 INFO SEYB.N0000 OK
2026-06-09 16:30:09,109 INFO SDF.N0000 OK
2026-06-09 16:30:09,458 INFO CSD.N0000 OK
2026-06-09 16:30:09,938 INFO SEMB.N0000 OK
2026-06-09 16:30:09,941 INFO SIRA.N0000 OK
2026-06-09 16:30:09,977 INFO SINS.N0000 OK
2026-06-09 16:30:09,980 INFO SIGV.N0000 OK
2026-06-09 16:30:10,000 INFO SFIN.N0000 OK
2026-06-09 16:30:10,005 INFO CRL.N0000 OK
2026-06-09 16:30:10,008 INFO SCAP.N0000 OK
2026-06-09 16:30:10,067 INFO SEMB.X0000 OK
2026-06-09 16:30:10,071 INFO SHL.N0000 OK
2026-06-09 16:30:10,129 INFO SINH.N0000 OK
2026-06-09 16:30:10,552 INFO AAIC.N0000 OK
2026-06-09 16:30:10,580 INFO SING.N0000 OK
2026-06-09 16:30:10,608 INFO SUN.N0000 OK
2026-06-09 16:30:10,630 INFO SLTL.N0000 OK
2026-06-09 16:30:10,644 INFO PARQ.N0000 OK
2026-06-09 16:30:10,683 INFO TPL.N0000 OK
2026-06-09 16:30:10,687 INFO SWAD.N0000 OK
2026-06-09 16:30:10,764 INFO TAJ.N0000 OK
2026-06-09 16:30:10,775 INFO TANG.N0000 OK
2026-06-09 16:30:10,901 INFO TSML.N0000 OK
2026-06-09 16:30:11,178 INFO TESS.N0000 OK
2026-06-09 16:30:11,187 INFO TJL.N0000 OK
2026-06-09 16:30:11,195 INFO TESS.X0000 OK
2026-06-09 16:30:12,743 INFO KHC.N0000 OK
2026-06-09 16:30:12,753 INFO LHL.N0000 OK
2026-06-09 16:30:12,795 INFO TAFL.N0000 OK
2026-06-09 16:30:12,798 INFO AUTO.N0000 OK
2026-06-09 16:30:12,798 INFO TKYO.N0000 OK
2026-06-09 16:30:12,803 INFO NEH.N0000 OK
2026-06-09 16:30:12,807 INFO SERV.N0000 OK
2026-06-09 16:30:12,807 INFO LHCL.N0000 OK
2026-06-09 16:30:12,810 INFO CFLB.N0000 OK
2026-06-09 16:30:12,824 INFO RHTL.N0000 OK
2026-06-09 16:30:13,357 INFO TRAN.N0000 OK
2026-06-09 16:30:13,414 INFO TKYO.X0000 OK
2026-06-09 16:30:13,481 INFO UAL.N0000 OK
2026-06-09 16:30:13,516 INFO UDPL.N0000 OK
2026-06-09 16:30:13,520 INFO UBC.N0000 OK
2026-06-09 16:30:13,525 INFO UML.N0000 OK
2026-06-09 16:30:13,529 INFO VONE.N0000 OK
2026-06-09 16:30:13,583 INFO UBF.N0000 OK
2026-06-09 16:30:13,588 INFO VFIN.N0000 OK
2026-06-09 16:30:13,704 INFO UCAR.N0000 OK
2026-06-09 16:30:14,518 INFO WIND.N0000 OK
2026-06-09 16:30:14,552 INFO WATA.N0000 OK
2026-06-09 16:30:14,609 INFO VPEL.N0000 OK
2026-06-09 16:30:14,610 INFO JXG.N0000 OK
2026-06-09 16:30:14,675 INFO CITW.N0000 OK
2026-06-09 16:30:14,677 INFO VLL.X0000 OK
2026-06-09 16:30:14,678 INFO YORK.N0000 OK
2026-06-09 16:30:14,685 INFO WLTH.N0000 OK
2026-06-09 16:30:14,782 INFO VLL.N0000 OK
2026-06-09 16:30:14,799 INFO Wrote 302 rows to /home/runner/work/cse-scraper/cse-scraper/data/2026-06-09/all_company_info_2026-06-09.csv
2026-06-09 16:30:14,799 INFO Symbols: 302, success: 302, failures: 0
