2026-05-05 15:51:32,785 INFO Saved: data/2026-05-05/tradeSummary_2026-05-05.json
2026-05-05 15:51:33,800 INFO Saved: data/2026-05-05/todaySharePrice_2026-05-05.json
2026-05-05 15:51:34,617 INFO Saved: data/2026-05-05/topGainers_2026-05-05.json
2026-05-05 15:51:35,682 INFO Saved: data/2026-05-05/topLooses_2026-05-05.json
2026-05-05 15:51:36,541 INFO Saved: data/2026-05-05/mostActiveTrades_2026-05-05.json
2026-05-05 15:51:37,511 INFO Saved: data/2026-05-05/marketSummery_2026-05-05.json
2026-05-05 15:51:38,575 INFO Saved: data/2026-05-05/aspiData_2026-05-05.json
2026-05-05 15:51:39,551 INFO Saved: data/2026-05-05/snpData_2026-05-05.json
2026-05-05 15:51:40,093 INFO Saved: data/2026-05-05/allSectors_2026-05-05.json
2026-05-05 15:51:41,026 INFO Saved: data/2026-05-05/detailedTrades_2026-05-05.json
2026-05-05 15:51:41,933 INFO Saved: data/2026-05-05/dailyMarketSummery_2026-05-05.json
2026-05-05 15:51:42,592 INFO Saved: data/2026-05-05/getContributors_2026-05-05.json
2026-05-05 15:51:43,237 INFO Saved: data/2026-05-05/getContributorsChart_2026-05-05.json
2026-05-05 15:51:43,237 INFO Saved 13 files (0 errors)
2026-05-05 15:51:44,474 INFO AFSL.N0000 OK
2026-05-05 15:51:44,530 INFO ABAN.N0000 OK
2026-05-05 15:51:44,575 INFO AGAL.N0000 OK
2026-05-05 15:51:44,593 INFO AGST.N0000 OK
2026-05-05 15:51:44,635 INFO AGST.X0000 OK
2026-05-05 15:51:44,636 INFO ACL.N0000 OK
2026-05-05 15:51:44,654 INFO AGPL.N0000 OK
2026-05-05 15:51:44,693 INFO AEL.N0000 OK
2026-05-05 15:51:44,694 INFO APLA.N0000 OK
2026-05-05 15:51:44,700 INFO ACME.N0000 OK
2026-05-05 15:51:45,479 INFO TAP.N0000 OK
2026-05-05 15:51:45,554 INFO GREG.N0000 OK
2026-05-05 15:51:45,591 INFO ABL.N0000 OK
2026-05-05 15:51:45,599 INFO ALLI.N0000 OK
2026-05-05 15:51:45,608 INFO AHUN.N0000 OK
2026-05-05 15:51:45,647 INFO SPEN.N0000 OK
2026-05-05 15:51:45,663 INFO ATLL.N0000 OK
2026-05-05 15:51:45,676 INFO ATL.N0000 OK
2026-05-05 15:51:45,747 INFO AFS.N0000 OK
2026-05-05 15:51:45,842 INFO ALUM.N0000 OK
2026-05-05 15:51:46,577 INFO ALHP.N0000 OK
2026-05-05 15:51:46,619 INFO ACAP.N0000 OK
2026-05-05 15:51:46,692 INFO AHPL.N0000 OK
2026-05-05 15:51:46,715 INFO AINS.N0000 OK
2026-05-05 15:51:46,716 INFO AAF.N0000 OK
2026-05-05 15:51:46,730 INFO AMCL.N0000 OK
2026-05-05 15:51:46,733 INFO AMSL.N0000 OK
2026-05-05 15:51:46,739 INFO ASIY.N0000 OK
2026-05-05 15:51:46,739 INFO AMF.N0000 OK
2026-05-05 15:51:46,751 INFO ASIR.N0000 OK
2026-05-05 15:51:47,242 INFO BFL.N0000 OK
2026-05-05 15:51:47,256 INFO BPPL.N0000 OK
2026-05-05 15:51:47,330 INFO BALA.N0000 OK
2026-05-05 15:51:47,659 INFO BLI.N0000 OK
2026-05-05 15:51:47,669 INFO BLUE.X0000 OK
2026-05-05 15:51:47,674 INFO BLUE.N0000 OK
2026-05-05 15:51:47,693 INFO BRR.N0000 OK
2026-05-05 15:51:47,728 INFO BOGA.N0000 OK
2026-05-05 15:51:47,743 INFO BERU.N0000 OK
2026-05-05 15:51:47,785 INFO BOPL.N0000 OK
2026-05-05 15:51:47,807 INFO BIL.N0000 OK
2026-05-05 15:51:48,234 INFO BUKI.N0000 OK
2026-05-05 15:51:48,263 INFO BRWN.N0000 OK
2026-05-05 15:51:48,368 INFO CIC.N0000 OK
2026-05-05 15:51:48,404 INFO CTLD.N0000 OK
2026-05-05 15:51:48,405 INFO COLO.N0000 OK
2026-05-05 15:51:48,405 INFO CIC.X0000 OK
2026-05-05 15:51:48,408 INFO CTHR.N0000 OK
2026-05-05 15:51:48,425 INFO CWM.N0000 OK
2026-05-05 15:51:48,448 INFO CSLK.N0000 OK
2026-05-05 15:51:48,463 INFO CALH.N0000 OK
2026-05-05 15:51:48,876 INFO CALT.N0000 OK
2026-05-05 15:51:49,452 INFO CIND.N0000 OK
2026-05-05 15:51:49,456 INFO CINS.X0000 OK
2026-05-05 15:51:49,503 INFO CFIN.N0000 OK
2026-05-05 15:51:49,504 INFO CBNK.N0000 OK
2026-05-05 15:51:49,531 INFO CINS.N0000 OK
2026-05-05 15:51:49,532 INFO BREW.N0000 OK
2026-05-05 15:51:49,537 INFO CARG.N0000 OK
2026-05-05 15:51:49,550 INFO CARS.N0000 OK
2026-05-05 15:51:49,553 INFO CABO.N0000 OK
2026-05-05 15:51:49,558 INFO CCS.N0000 OK
2026-05-05 15:51:50,019 INFO GUAR.N0000 OK
2026-05-05 15:51:50,101 INFO GRAN.N0000 OK
2026-05-05 15:51:50,603 INFO CHMX.N0000 OK
2026-05-05 15:51:50,730 INFO CHOT.N0000 OK
2026-05-05 15:51:50,734 INFO CINV.N0000 OK
2026-05-05 15:51:50,796 INFO CTBL.N0000 OK
2026-05-05 15:51:50,800 INFO CHL.N0000 OK
2026-05-05 15:51:50,807 INFO CHL.X0000 OK
2026-05-05 15:51:50,810 INFO KZOO.N0000 OK
2026-05-05 15:51:50,816 INFO LLUB.N0000 OK
2026-05-05 15:51:50,819 INFO CWL.N0000 OK
2026-05-05 15:51:50,838 INFO CTC.N0000 OK
2026-05-05 15:51:51,234 INFO CDB.N0000 OK
2026-05-05 15:51:51,411 INFO CDB.X0000 OK
2026-05-05 15:51:51,413 INFO REEF.N0000 OK
2026-05-05 15:51:51,450 INFO CHOU.N0000 OK
2026-05-05 15:51:51,470 INFO COOP.N0000 OK
2026-05-05 15:51:51,501 INFO CIT.N0000 OK
2026-05-05 15:51:51,534 INFO CFI.N0000 OK
2026-05-05 15:51:51,552 INFO PHAR.N0000 OK
2026-05-05 15:51:51,608 INFO CLND.N0000 OK
2026-05-05 15:51:51,629 INFO DOCK.N0000 OK
2026-05-05 15:51:51,872 INFO COMB.N0000 OK
2026-05-05 15:51:52,052 INFO COMB.X0000 OK
2026-05-05 15:51:52,060 INFO COCR.N0000 OK
2026-05-05 15:51:52,117 INFO COMD.N0000 OK
2026-05-05 15:51:52,118 INFO SOY.N0000 OK
2026-05-05 15:51:52,123 INFO DPL.N0000 OK
2026-05-05 15:51:52,193 INFO DIAL.N0000 OK
2026-05-05 15:51:52,196 INFO DFCC.N0000 OK
2026-05-05 15:51:52,248 INFO CALF.N0000 OK
2026-05-05 15:51:52,390 INFO DIMO.N0000 OK
2026-05-05 15:51:52,444 INFO PKME.N0000 OK
2026-05-05 15:51:52,661 INFO DIPD.N0000 OK
2026-05-05 15:51:52,758 INFO CTEA.N0000 OK
2026-05-05 15:51:52,801 INFO ECL.N0000 OK
2026-05-05 15:51:52,804 INFO DIST.N0000 OK
2026-05-05 15:51:52,807 INFO STAF.N0000 OK
2026-05-05 15:51:52,862 INFO EML.N0000 OK
2026-05-05 15:51:52,865 INFO EBCR.N0000 OK
2026-05-05 15:51:52,916 INFO EAST.N0000 OK
2026-05-05 15:51:53,019 INFO EMER.N0000 OK
2026-05-05 15:51:53,094 INFO EDEN.N0000 OK
2026-05-05 15:51:53,289 INFO ELPL.N0000 OK
2026-05-05 15:51:53,383 INFO ETWO.N0000 OK
2026-05-05 15:51:53,478 INFO CFVF.N0000 OK
2026-05-05 15:51:53,483 INFO PACK.N0000 OK
2026-05-05 15:51:53,510 INFO EXT.N0000 OK
2026-05-05 15:51:53,526 INFO FCT.N0000 OK
2026-05-05 15:51:53,545 INFO WAPO.N0000 OK
2026-05-05 15:51:53,548 INFO GHLL.N0000 OK
2026-05-05 15:51:53,645 INFO GEST.N0000 OK
2026-05-05 15:51:53,728 INFO MEL.N0000 OK
2026-05-05 15:51:53,937 INFO HAPU.N0000 OK
2026-05-05 15:51:54,016 INFO HARI.N0000 OK
2026-05-05 15:51:54,157 INFO HNB.N0000 OK
2026-05-05 15:51:54,164 INFO HNB.X0000 OK
2026-05-05 15:51:54,172 INFO HPL.N0000 OK
2026-05-05 15:51:54,212 INFO HAYC.N0000 OK
2026-05-05 15:51:54,213 INFO HEXP.N0000 OK
2026-05-05 15:51:54,227 INFO MGT.N0000 OK
2026-05-05 15:51:54,278 INFO CONN.N0000 OK
2026-05-05 15:51:54,365 INFO HAYL.N0000 OK
2026-05-05 15:51:54,584 INFO HELA.N0000 OK
2026-05-05 15:51:54,695 INFO HHL.N0000 OK
2026-05-05 15:51:54,827 INFO CITH.N0000 OK
2026-05-05 15:51:54,843 INFO HASU.N0000 OK
2026-05-05 15:51:54,876 INFO HOPL.N0000 OK
2026-05-05 15:51:54,911 INFO HNBF.X0000 OK
2026-05-05 15:51:54,937 INFO HDFC.N0000 OK
2026-05-05 15:51:54,948 INFO HSIG.N0000 OK
2026-05-05 15:51:54,965 INFO HNBF.N0000 OK
2026-05-05 15:51:54,996 INFO HBS.N0000 OK
2026-05-05 15:51:55,216 INFO HUNA.N0000 OK
2026-05-05 15:51:55,344 INFO HUNT.N0000 OK
2026-05-05 15:51:55,452 INFO HVA.N0000 OK
2026-05-05 15:51:55,475 INFO ASPH.N0000 OK
2026-05-05 15:51:55,521 INFO INME.N0000 OK
2026-05-05 15:51:55,530 INFO BFN.N0000 OK
2026-05-05 15:51:55,593 INFO JAT.N0000 OK
2026-05-05 15:51:55,594 INFO JINS.N0000 OK
2026-05-05 15:51:55,621 INFO JETS.N0000 OK
2026-05-05 15:51:55,650 INFO JFP.N0000 OK
2026-05-05 15:51:55,839 INFO JKH.N0000 OK
2026-05-05 15:51:55,974 INFO KHL.N0000 OK
2026-05-05 15:51:56,095 INFO KAHA.N0000 OK
2026-05-05 15:51:56,109 INFO JKL.N0000 OK
2026-05-05 15:51:56,165 INFO KFP.N0000 OK
2026-05-05 15:51:56,170 INFO KPHL.N0000 OK
2026-05-05 15:51:56,256 INFO KGAL.N0000 OK
2026-05-05 15:51:56,268 INFO KVAL.N0000 OK
2026-05-05 15:51:56,271 INFO KCAB.N0000 OK
2026-05-05 15:51:56,275 INFO TYRE.N0000 OK
2026-05-05 15:51:56,395 INFO KDL.N0000 OK
2026-05-05 15:51:56,598 INFO CPRT.N0000 OK
2026-05-05 15:51:56,758 INFO KOTA.N0000 OK
2026-05-05 15:51:56,793 INFO LAMB.N0000 OK
2026-05-05 15:51:56,836 INFO LVEF.N0000 OK
2026-05-05 15:51:56,885 INFO LOLC.N0000 OK
2026-05-05 15:51:56,888 INFO LPRT.N0000 OK
2026-05-05 15:51:56,975 INFO CERA.N0000 OK
2026-05-05 15:51:56,981 INFO ASHO.N0000 OK
2026-05-05 15:51:56,988 INFO LALU.N0000 OK
2026-05-05 15:51:57,137 INFO LCBF.N0000 OK
2026-05-05 15:51:57,259 INFO LIOC.N0000 OK
2026-05-05 15:51:57,359 INFO ASCO.N0000 OK
2026-05-05 15:51:57,401 INFO LMF.N0000 OK
2026-05-05 15:51:57,491 INFO TILE.N0000 OK
2026-05-05 15:51:57,530 INFO LWL.N0000 OK
2026-05-05 15:51:57,559 INFO LVEN.N0000 OK
2026-05-05 15:51:57,655 INFO LGL.N0000 OK
2026-05-05 15:51:57,656 INFO LDEV.N0000 OK
2026-05-05 15:51:57,661 INFO LCEY.N0000 OK
2026-05-05 15:51:57,764 INFO LGL.X0000 OK
2026-05-05 15:51:57,888 INFO LPL.N0000 OK
2026-05-05 15:51:57,988 INFO LPL.X0000 OK
2026-05-05 15:51:58,024 INFO LITE.N0000 OK
2026-05-05 15:51:58,125 INFO LFIN.N0000 OK
2026-05-05 15:51:58,161 INFO SHAW.N0000 OK
2026-05-05 15:51:58,208 INFO LION.N0000 OK
2026-05-05 15:51:58,327 INFO LOFC.N0000 OK
2026-05-05 15:51:58,335 INFO LGIL.N0000 OK
2026-05-05 15:51:58,354 INFO HPFL.N0000 OK
2026-05-05 15:51:58,403 INFO LUMX.N0000 OK
2026-05-05 15:51:58,517 INFO MADU.N0000 OK
2026-05-05 15:51:58,617 INFO MFPE.N0000 OK
2026-05-05 15:51:58,650 INFO MCPL.N0000 OK
2026-05-05 15:51:58,756 INFO MRH.N0000 OK
2026-05-05 15:51:58,814 INFO MAL.N0000 OK
2026-05-05 15:51:58,861 INFO MAL.X0000 OK
2026-05-05 15:51:59,006 INFO MARA.N0000 OK
2026-05-05 15:51:59,009 INFO MASK.N0000 OK
2026-05-05 15:51:59,042 INFO MELS.N0000 OK
2026-05-05 15:51:59,061 INFO MERC.N0000 OK
2026-05-05 15:51:59,142 INFO MSL.N0000 OK
2026-05-05 15:51:59,246 INFO MBSL.N0000 OK
2026-05-05 15:51:59,371 INFO MULL.N0000 OK
2026-05-05 15:51:59,439 INFO MHDL.N0000 OK
2026-05-05 15:51:59,487 INFO MDL.N0000 OK
2026-05-05 15:51:59,496 INFO NAMU.N0000 OK
2026-05-05 15:51:59,574 INFO CSF.N0000 OK
2026-05-05 15:51:59,656 INFO NDB.N0000 OK
2026-05-05 15:51:59,672 INFO NTB.N0000 OK
2026-05-05 15:51:59,691 INFO NTB.X0000 OK
2026-05-05 15:51:59,765 INFO NHL.N0000 OK
2026-05-05 15:51:59,900 INFO ODEL.N0000 OK
2026-05-05 15:52:00,015 INFO OFEQ.N0000 OK
2026-05-05 15:52:00,063 INFO ONAL.N0000 OK
2026-05-05 15:52:00,129 INFO PALM.N0000 OK
2026-05-05 15:52:00,133 INFO OSEA.N0000 OK
2026-05-05 15:52:00,192 INFO PABC.N0000 OK
2026-05-05 15:52:00,286 INFO PAP.N0000 OK
2026-05-05 15:52:00,314 INFO PARA.N0000 OK
2026-05-05 15:52:00,324 INFO PEG.N0000 OK
2026-05-05 15:52:00,394 INFO PINS.N0000 OK
2026-05-05 15:52:00,531 INFO PLC.N0000 OK
2026-05-05 15:52:00,634 INFO GLAS.N0000 OK
2026-05-05 15:52:00,675 INFO PMB.N0000 OK
2026-05-05 15:52:00,778 INFO PLR.N0000 OK
2026-05-05 15:52:00,816 INFO RIL.N0000 OK
2026-05-05 15:52:00,866 INFO CARE.N0000 OK
2026-05-05 15:52:00,916 INFO RGEM.N0000 OK
2026-05-05 15:52:00,979 INFO RWSL.N0000 OK
2026-05-05 15:52:00,982 INFO RFL.N0000 OK
2026-05-05 15:52:01,020 INFO RAL.N0000 OK
2026-05-05 15:52:01,181 INFO RENU.N0000 OK
2026-05-05 15:52:01,265 INFO COCO.N0000 OK
2026-05-05 15:52:01,298 INFO COCO.X0000 OK
2026-05-05 15:52:01,402 INFO RHL.N0000 OK
2026-05-05 15:52:01,444 INFO RHL.X0000 OK
2026-05-05 15:52:01,488 INFO RCH.N0000 OK
2026-05-05 15:52:01,534 INFO HPWR.N0000 OK
2026-05-05 15:52:01,631 INFO RICH.N0000 OK
2026-05-05 15:52:01,635 INFO REXP.N0000 OK
2026-05-05 15:52:01,643 INFO RCL.N0000 OK
2026-05-05 15:52:01,814 INFO RPBH.N0000 OK
2026-05-05 15:52:01,890 INFO SAMP.N0000 OK
2026-05-05 15:52:01,940 INFO SIL.N0000 OK
2026-05-05 15:52:02,025 INFO SDB.N0000 OK
2026-05-05 15:52:02,100 INFO SDF.N0000 OK
2026-05-05 15:52:02,116 INFO SMOT.N0000 OK
2026-05-05 15:52:02,174 INFO SFCL.N0000 OK
2026-05-05 15:52:02,279 INFO SHOT.N0000 OK
2026-05-05 15:52:02,314 INFO SHOT.X0000 OK
2026-05-05 15:52:02,482 INFO SEYB.N0000 OK
2026-05-05 15:52:02,553 INFO SEYB.X0000 OK
2026-05-05 15:52:02,571 INFO SLND.N0000 OK
2026-05-05 15:52:02,603 INFO CSD.N0000 OK
2026-05-05 15:52:02,701 INFO SIRA.N0000 OK
2026-05-05 15:52:02,747 INFO SIGV.N0000 OK
2026-05-05 15:52:02,752 INFO SINS.N0000 OK
2026-05-05 15:52:02,807 INFO SFIN.N0000 OK
2026-05-05 15:52:02,930 INFO SINH.N0000 OK
2026-05-05 15:52:02,936 INFO SEMB.N0000 OK
2026-05-05 15:52:03,119 INFO SEMB.X0000 OK
2026-05-05 15:52:03,185 INFO SCAP.N0000 OK
2026-05-05 15:52:03,229 INFO CRL.N0000 OK
2026-05-05 15:52:03,255 INFO SHL.N0000 OK
2026-05-05 15:52:03,324 INFO SING.N0000 OK
2026-05-05 15:52:03,356 INFO SUN.N0000 OK
2026-05-05 15:52:03,367 INFO AAIC.N0000 OK
2026-05-05 15:52:03,405 INFO SLTL.N0000 OK
2026-05-05 15:52:03,575 INFO SWAD.N0000 OK
2026-05-05 15:52:03,606 INFO PARQ.N0000 OK
2026-05-05 15:52:03,756 INFO TAJ.N0000 OK
2026-05-05 15:52:03,817 INFO TPL.N0000 OK
2026-05-05 15:52:03,868 INFO TANG.N0000 OK
2026-05-05 15:52:03,887 INFO TSML.N0000 OK
2026-05-05 15:52:03,979 INFO TJL.N0000 OK
2026-05-05 15:52:04,026 INFO TESS.N0000 OK
2026-05-05 15:52:04,027 INFO TESS.X0000 OK
2026-05-05 15:52:04,032 INFO LHL.N0000 OK
2026-05-05 15:52:04,224 INFO AUTO.N0000 OK
2026-05-05 15:52:04,230 INFO CFLB.N0000 OK
2026-05-05 15:52:04,389 INFO RHTL.N0000 OK
2026-05-05 15:52:04,467 INFO KHC.N0000 OK
2026-05-05 15:52:04,519 INFO LHCL.N0000 OK
2026-05-05 15:52:04,520 INFO SERV.N0000 OK
2026-05-05 15:52:04,609 INFO NEH.N0000 OK
2026-05-05 15:52:04,674 INFO TKYO.N0000 OK
2026-05-05 15:52:04,690 INFO TKYO.X0000 OK
2026-05-05 15:52:04,733 INFO TAFL.N0000 OK
2026-05-05 15:52:04,873 INFO TRAN.N0000 OK
2026-05-05 15:52:04,980 INFO UBF.N0000 OK
2026-05-05 15:52:05,017 INFO UDPL.N0000 OK
2026-05-05 15:52:05,096 INFO UAL.N0000 OK
2026-05-05 15:52:05,165 INFO UBC.N0000 OK
2026-05-05 15:52:05,185 INFO UCAR.N0000 OK
2026-05-05 15:52:05,231 INFO UML.N0000 OK
2026-05-05 15:52:05,344 INFO VFIN.N0000 OK
2026-05-05 15:52:05,352 INFO VONE.N0000 OK
2026-05-05 15:52:05,379 INFO VPEL.N0000 OK
2026-05-05 15:52:05,511 INFO VLL.N0000 OK
2026-05-05 15:52:05,661 INFO CITW.N0000 OK
2026-05-05 15:52:05,695 INFO VLL.X0000 OK
2026-05-05 15:52:05,717 INFO WATA.N0000 OK
2026-05-05 15:52:05,797 INFO WIND.N0000 OK
2026-05-05 15:52:05,839 INFO YORK.N0000 OK
2026-05-05 15:52:05,861 INFO WLTH.N0000 OK
2026-05-05 15:52:05,886 INFO JXG.N0000 OK
2026-05-05 15:52:05,903 INFO Wrote 302 rows to /home/runner/work/cse-scraper/cse-scraper/data/2026-05-05/all_company_info_2026-05-05.csv
2026-05-05 15:52:05,903 INFO Symbols: 302, success: 302, failures: 0
