2026-07-17 15:10:32,035 INFO Saved: data/2026-07-17/tradeSummary_2026-07-17.json
2026-07-17 15:10:33,035 INFO Saved: data/2026-07-17/todaySharePrice_2026-07-17.json
2026-07-17 15:10:33,756 INFO Saved: data/2026-07-17/topGainers_2026-07-17.json
2026-07-17 15:10:34,770 INFO Saved: data/2026-07-17/topLooses_2026-07-17.json
2026-07-17 15:10:35,861 INFO Saved: data/2026-07-17/mostActiveTrades_2026-07-17.json
2026-07-17 15:10:36,876 INFO Saved: data/2026-07-17/marketSummery_2026-07-17.json
2026-07-17 15:10:37,935 INFO Saved: data/2026-07-17/aspiData_2026-07-17.json
2026-07-17 15:10:38,916 INFO Saved: data/2026-07-17/snpData_2026-07-17.json
2026-07-17 15:10:40,054 INFO Saved: data/2026-07-17/allSectors_2026-07-17.json
2026-07-17 15:10:41,374 INFO Saved: data/2026-07-17/detailedTrades_2026-07-17.json
2026-07-17 15:10:42,402 INFO Saved: data/2026-07-17/dailyMarketSummery_2026-07-17.json
2026-07-17 15:10:43,468 INFO Saved: data/2026-07-17/getContributors_2026-07-17.json
2026-07-17 15:10:44,247 INFO Saved: data/2026-07-17/getContributorsChart_2026-07-17.json
2026-07-17 15:10:44,247 INFO Saved 13 files (0 errors)
2026-07-17 15:10:45,804 INFO ABAN.N0000 OK
2026-07-17 15:10:45,809 INFO APLA.N0000 OK
2026-07-17 15:10:45,834 INFO AGST.X0000 OK
2026-07-17 15:10:45,873 INFO AGAL.N0000 OK
2026-07-17 15:10:45,873 INFO ACL.N0000 OK
2026-07-17 15:10:45,877 INFO AEL.N0000 OK
2026-07-17 15:10:45,886 INFO AGST.N0000 OK
2026-07-17 15:10:45,899 INFO AGPL.N0000 OK
2026-07-17 15:10:45,908 INFO AFSL.N0000 OK
2026-07-17 15:10:45,955 INFO ACME.N0000 OK
2026-07-17 15:10:47,006 INFO ALUM.N0000 OK
2026-07-17 15:10:47,008 INFO ALLI.N0000 OK
2026-07-17 15:10:47,043 INFO AFS.N0000 OK
2026-07-17 15:10:47,066 INFO AHUN.N0000 OK
2026-07-17 15:10:47,068 INFO ABL.N0000 OK
2026-07-17 15:10:47,070 INFO TAP.N0000 OK
2026-07-17 15:10:47,073 INFO SPEN.N0000 OK
2026-07-17 15:10:47,076 INFO ATLL.N0000 OK
2026-07-17 15:10:47,095 INFO ATL.N0000 OK
2026-07-17 15:10:47,101 INFO GREG.N0000 OK
2026-07-17 15:10:48,061 INFO AHPL.N0000 OK
2026-07-17 15:10:48,085 INFO ALHP.N0000 OK
2026-07-17 15:10:48,087 INFO AAF.N0000 OK
2026-07-17 15:10:48,097 INFO ACAP.N0000 OK
2026-07-17 15:10:48,117 INFO AINS.N0000 OK
2026-07-17 15:10:48,125 INFO ASIY.N0000 OK
2026-07-17 15:10:48,132 INFO AMSL.N0000 OK
2026-07-17 15:10:48,134 INFO AMCL.N0000 OK
2026-07-17 15:10:48,143 INFO AMF.N0000 OK
2026-07-17 15:10:48,159 INFO ASIR.N0000 OK
2026-07-17 15:10:48,834 INFO BPPL.N0000 OK
2026-07-17 15:10:48,864 INFO BFL.N0000 OK
2026-07-17 15:10:48,886 INFO BALA.N0000 OK
2026-07-17 15:10:48,892 INFO BRR.N0000 OK
2026-07-17 15:10:49,120 INFO BLUE.X0000 OK
2026-07-17 15:10:49,143 INFO BLUE.N0000 OK
2026-07-17 15:10:49,146 INFO BLI.N0000 OK
2026-07-17 15:10:49,153 INFO BOPL.N0000 OK
2026-07-17 15:10:49,201 INFO BERU.N0000 OK
2026-07-17 15:10:49,204 INFO BOGA.N0000 OK
2026-07-17 15:10:51,066 INFO CTHR.N0000 OK
2026-07-17 15:10:51,069 INFO CIC.N0000 OK
2026-07-17 15:10:51,078 INFO BIL.N0000 OK
2026-07-17 15:10:51,143 INFO CWM.N0000 OK
2026-07-17 15:10:51,146 INFO CTLD.N0000 OK
2026-07-17 15:10:51,149 INFO COLO.N0000 OK
2026-07-17 15:10:51,161 INFO CIC.X0000 OK
2026-07-17 15:10:51,164 INFO CSLK.N0000 OK
2026-07-17 15:10:51,194 INFO BRWN.N0000 OK
2026-07-17 15:10:51,196 INFO BUKI.N0000 OK
2026-07-17 15:10:51,857 INFO CALT.N0000 OK
2026-07-17 15:10:51,862 INFO CARG.N0000 OK
2026-07-17 15:10:51,866 INFO CALH.N0000 OK
2026-07-17 15:10:51,910 INFO CBNK.N0000 OK
2026-07-17 15:10:52,023 INFO CABO.N0000 OK
2026-07-17 15:10:52,158 INFO CIND.N0000 OK
2026-07-17 15:10:52,208 INFO CINS.N0000 OK
2026-07-17 15:10:52,235 INFO CARS.N0000 OK
2026-07-17 15:10:52,320 INFO CINS.X0000 OK
2026-07-17 15:10:52,322 INFO CFIN.N0000 OK
2026-07-17 15:10:52,662 INFO BREW.N0000 OK
2026-07-17 15:10:52,932 INFO CHL.N0000 OK
2026-07-17 15:10:52,934 INFO CCS.N0000 OK
2026-07-17 15:10:52,962 INFO GUAR.N0000 OK
2026-07-17 15:10:52,965 INFO GRAN.N0000 OK
2026-07-17 15:10:53,308 INFO CHOT.N0000 OK
2026-07-17 15:10:53,322 INFO CTBL.N0000 OK
2026-07-17 15:10:53,326 INFO CHL.X0000 OK
2026-07-17 15:10:53,353 INFO KZOO.N0000 OK
2026-07-17 15:10:53,360 INFO CINV.N0000 OK
2026-07-17 15:10:53,457 INFO CTC.N0000 OK
2026-07-17 15:10:53,677 INFO CHMX.N0000 OK
2026-07-17 15:10:53,696 INFO LLUB.N0000 OK
2026-07-17 15:10:53,732 INFO CDB.N0000 OK
2026-07-17 15:10:53,735 INFO CWL.N0000 OK
2026-07-17 15:10:54,022 INFO CDB.X0000 OK
2026-07-17 15:10:54,043 INFO CHOU.N0000 OK
2026-07-17 15:10:54,088 INFO REEF.N0000 OK
2026-07-17 15:10:54,450 INFO CFI.N0000 OK
2026-07-17 15:10:54,466 INFO PHAR.N0000 OK
2026-07-17 15:10:54,470 INFO DOCK.N0000 OK
2026-07-17 15:10:54,474 INFO COOP.N0000 OK
2026-07-17 15:10:54,516 INFO CLND.N0000 OK
2026-07-17 15:10:54,571 INFO CIT.N0000 OK
2026-07-17 15:10:54,913 INFO COMD.N0000 OK
2026-07-17 15:10:54,926 INFO COCR.N0000 OK
2026-07-17 15:10:54,933 INFO COMB.X0000 OK
2026-07-17 15:10:54,939 INFO COMB.N0000 OK
2026-07-17 15:10:55,217 INFO SOY.N0000 OK
2026-07-17 15:10:55,225 INFO DPL.N0000 OK
2026-07-17 15:10:55,492 INFO DFCC.N0000 OK
2026-07-17 15:10:55,532 INFO DIMO.N0000 OK
2026-07-17 15:10:55,535 INFO DIAL.N0000 OK
2026-07-17 15:10:55,545 INFO CALF.N0000 OK
2026-07-17 15:10:55,653 INFO CTEA.N0000 OK
2026-07-17 15:10:55,656 INFO DIPD.N0000 OK
2026-07-17 15:10:55,678 INFO PKME.N0000 OK
2026-07-17 15:10:55,719 INFO DIST.N0000 OK
2026-07-17 15:10:55,993 INFO ECL.N0000 OK
2026-07-17 15:10:55,997 INFO STAF.N0000 OK
2026-07-17 15:10:56,251 INFO EBCR.N0000 OK
2026-07-17 15:10:56,287 INFO EAST.N0000 OK
2026-07-17 15:10:56,308 INFO EMER.N0000 OK
2026-07-17 15:10:56,312 INFO EML.N0000 OK
2026-07-17 15:10:56,745 INFO ELPL.N0000 OK
2026-07-17 15:10:56,817 INFO EXT.N0000 OK
2026-07-17 15:10:56,831 INFO CFVF.N0000 OK
2026-07-17 15:10:56,838 INFO ETWO.N0000 OK
2026-07-17 15:10:56,852 INFO PACK.N0000 OK
2026-07-17 15:10:56,854 INFO EDEN.N0000 OK
2026-07-17 15:10:57,028 INFO FCT.N0000 OK
2026-07-17 15:10:57,069 INFO GHLL.N0000 OK
2026-07-17 15:10:57,083 INFO GEST.N0000 OK
2026-07-17 15:10:57,086 INFO WAPO.N0000 OK
2026-07-17 15:10:57,501 INFO MEL.N0000 OK
2026-07-17 15:10:57,526 INFO HAPU.N0000 OK
2026-07-17 15:10:57,610 INFO HNB.N0000 OK
2026-07-17 15:10:57,616 INFO HARI.N0000 OK
2026-07-17 15:10:57,933 INFO MGT.N0000 OK
2026-07-17 15:10:58,005 INFO HNB.X0000 OK
2026-07-17 15:10:58,026 INFO CONN.N0000 OK
2026-07-17 15:10:58,028 INFO HAYC.N0000 OK
2026-07-17 15:10:58,029 INFO HPL.N0000 OK
2026-07-17 15:10:58,041 INFO HEXP.N0000 OK
2026-07-17 15:10:58,201 INFO HAYL.N0000 OK
2026-07-17 15:10:58,279 INFO HELA.N0000 OK
2026-07-17 15:10:58,566 INFO HHL.N0000 OK
2026-07-17 15:10:58,627 INFO CITH.N0000 OK
2026-07-17 15:10:58,639 INFO HASU.N0000 OK
2026-07-17 15:10:58,773 INFO HNBF.N0000 OK
2026-07-17 15:10:58,822 INFO HOPL.N0000 OK
2026-07-17 15:10:58,835 INFO HNBF.X0000 OK
2026-07-17 15:10:58,837 INFO HSIG.N0000 OK
2026-07-17 15:10:58,840 INFO HDFC.N0000 OK
2026-07-17 15:10:58,970 INFO HBS.N0000 OK
2026-07-17 15:10:59,065 INFO HUNA.N0000 OK
2026-07-17 15:10:59,342 INFO HUNT.N0000 OK
2026-07-17 15:10:59,676 INFO JAT.N0000 OK
2026-07-17 15:10:59,700 INFO BFN.N0000 OK
2026-07-17 15:10:59,738 INFO HVA.N0000 OK
2026-07-17 15:10:59,750 INFO JETS.N0000 OK
2026-07-17 15:10:59,755 INFO JINS.N0000 OK
2026-07-17 15:10:59,762 INFO ASPH.N0000 OK
2026-07-17 15:10:59,765 INFO INME.N0000 OK
2026-07-17 15:10:59,767 INFO JFP.N0000 OK
2026-07-17 15:10:59,777 INFO JKH.N0000 OK
2026-07-17 15:11:00,102 INFO KHL.N0000 OK
2026-07-17 15:11:00,412 INFO KAHA.N0000 OK
2026-07-17 15:11:00,445 INFO JKL.N0000 OK
2026-07-17 15:11:00,525 INFO KVAL.N0000 OK
2026-07-17 15:11:00,535 INFO KDL.N0000 OK
2026-07-17 15:11:00,538 INFO KPHL.N0000 OK
2026-07-17 15:11:00,556 INFO KFP.N0000 OK
2026-07-17 15:11:00,565 INFO KCAB.N0000 OK
2026-07-17 15:11:00,574 INFO KGAL.N0000 OK
2026-07-17 15:11:00,580 INFO TYRE.N0000 OK
2026-07-17 15:11:00,869 INFO CPRT.N0000 OK
2026-07-17 15:11:01,116 INFO KOTA.N0000 OK
2026-07-17 15:11:01,199 INFO LAMB.N0000 OK
2026-07-17 15:11:01,307 INFO LOLC.N0000 OK
2026-07-17 15:11:01,332 INFO ASHO.N0000 OK
2026-07-17 15:11:01,356 INFO LALU.N0000 OK
2026-07-17 15:11:01,372 INFO CERA.N0000 OK
2026-07-17 15:11:01,385 INFO LPRT.N0000 OK
2026-07-17 15:11:01,391 INFO LVEF.N0000 OK
2026-07-17 15:11:01,771 INFO LIOC.N0000 OK
2026-07-17 15:11:01,774 INFO LCBF.N0000 OK
2026-07-17 15:11:01,817 INFO LMF.N0000 OK
2026-07-17 15:11:01,964 INFO ASCO.N0000 OK
2026-07-17 15:11:02,032 INFO LVEN.N0000 OK
2026-07-17 15:11:02,071 INFO TILE.N0000 OK
2026-07-17 15:11:02,104 INFO LDEV.N0000 OK
2026-07-17 15:11:02,142 INFO LCEY.N0000 OK
2026-07-17 15:11:02,144 INFO LWL.N0000 OK
2026-07-17 15:11:02,516 INFO LPL.X0000 OK
2026-07-17 15:11:02,526 INFO LGL.N0000 OK
2026-07-17 15:11:02,586 INFO LGL.X0000 OK
2026-07-17 15:11:02,614 INFO LPL.N0000 OK
2026-07-17 15:11:02,766 INFO LITE.N0000 OK
2026-07-17 15:11:02,827 INFO LFIN.N0000 OK
2026-07-17 15:11:02,850 INFO SHAW.N0000 OK
2026-07-17 15:11:02,873 INFO LION.N0000 OK
2026-07-17 15:11:02,928 INFO LOFC.N0000 OK
2026-07-17 15:11:02,933 INFO LGIL.N0000 OK
2026-07-17 15:11:03,312 INFO MFPE.N0000 OK
2026-07-17 15:11:03,344 INFO LUMX.N0000 OK
2026-07-17 15:11:03,346 INFO HPFL.N0000 OK
2026-07-17 15:11:03,458 INFO MADU.N0000 OK
2026-07-17 15:11:03,568 INFO MCPL.N0000 OK
2026-07-17 15:11:03,660 INFO MRH.N0000 OK
2026-07-17 15:11:03,669 INFO MAL.X0000 OK
2026-07-17 15:11:03,689 INFO MAL.N0000 OK
2026-07-17 15:11:03,747 INFO MASK.N0000 OK
2026-07-17 15:11:03,750 INFO MARA.N0000 OK
2026-07-17 15:11:04,118 INFO MELS.N0000 OK
2026-07-17 15:11:04,142 INFO MERC.N0000 OK
2026-07-17 15:11:04,166 INFO MSL.N0000 OK
2026-07-17 15:11:04,247 INFO MBSL.N0000 OK
2026-07-17 15:11:04,343 INFO MHDL.N0000 OK
2026-07-17 15:11:04,427 INFO MULL.N0000 OK
2026-07-17 15:11:04,461 INFO CSF.N0000 OK
2026-07-17 15:11:04,463 INFO NAMU.N0000 OK
2026-07-17 15:11:04,466 INFO NDB.N0000 OK
2026-07-17 15:11:04,499 INFO MDL.N0000 OK
2026-07-17 15:11:04,889 INFO NTB.N0000 OK
2026-07-17 15:11:04,927 INFO NTB.X0000 OK
2026-07-17 15:11:04,930 INFO NHL.N0000 OK
2026-07-17 15:11:05,018 INFO ODEL.N0000 OK
2026-07-17 15:11:05,160 INFO OFEQ.N0000 OK
2026-07-17 15:11:05,208 INFO PAP.N0000 OK
2026-07-17 15:11:05,210 INFO ONAL.N0000 OK
2026-07-17 15:11:05,249 INFO PABC.N0000 OK
2026-07-17 15:11:05,262 INFO OSEA.N0000 OK
2026-07-17 15:11:05,265 INFO PALM.N0000 OK
2026-07-17 15:11:05,654 INFO PARA.N0000 OK
2026-07-17 15:11:05,696 INFO PINS.N0000 OK
2026-07-17 15:11:05,730 INFO PEG.N0000 OK
2026-07-17 15:11:05,788 INFO PLC.N0000 OK
2026-07-17 15:11:05,880 INFO GLAS.N0000 OK
2026-07-17 15:11:06,047 INFO CARE.N0000 OK
2026-07-17 15:11:06,063 INFO RIL.N0000 OK
2026-07-17 15:11:06,067 INFO PMB.N0000 OK
2026-07-17 15:11:06,068 INFO PLR.N0000 OK
2026-07-17 15:11:06,073 INFO RGEM.N0000 OK
2026-07-17 15:11:06,443 INFO RWSL.N0000 OK
2026-07-17 15:11:06,454 INFO RFL.N0000 OK
2026-07-17 15:11:06,496 INFO RAL.N0000 OK
2026-07-17 15:11:06,567 INFO RENU.N0000 OK
2026-07-17 15:11:06,580 INFO COCO.N0000 OK
2026-07-17 15:11:06,747 INFO COCO.X0000 OK
2026-07-17 15:11:06,868 INFO RHL.N0000 OK
2026-07-17 15:11:06,876 INFO RHL.X0000 OK
2026-07-17 15:11:06,883 INFO RCH.N0000 OK
2026-07-17 15:11:06,889 INFO HPWR.N0000 OK
2026-07-17 15:11:07,222 INFO RICH.N0000 OK
2026-07-17 15:11:07,226 INFO REXP.N0000 OK
2026-07-17 15:11:07,275 INFO RCL.N0000 OK
2026-07-17 15:11:07,337 INFO RPBH.N0000 OK
2026-07-17 15:11:07,349 INFO SAMP.N0000 OK
2026-07-17 15:11:07,512 INFO SIL.N0000 OK
2026-07-17 15:11:07,644 INFO SDB.N0000 OK
2026-07-17 15:11:07,681 INFO SFCL.N0000 OK
2026-07-17 15:11:07,683 INFO SMOT.N0000 OK
2026-07-17 15:11:07,691 INFO SDF.N0000 OK
2026-07-17 15:11:07,994 INFO SHOT.X0000 OK
2026-07-17 15:11:08,004 INFO SHOT.N0000 OK
2026-07-17 15:11:08,042 INFO SLND.N0000 OK
2026-07-17 15:11:08,098 INFO SEYB.N0000 OK
2026-07-17 15:11:08,123 INFO SEYB.X0000 OK
2026-07-17 15:11:08,211 INFO CSD.N0000 OK
2026-07-17 15:11:08,409 INFO SIRA.N0000 OK
2026-07-17 15:11:08,461 INFO SINS.N0000 OK
2026-07-17 15:11:08,463 INFO SFIN.N0000 OK
2026-07-17 15:11:08,483 INFO SIGV.N0000 OK
2026-07-17 15:11:08,761 INFO SINH.N0000 OK
2026-07-17 15:11:08,788 INFO SEMB.N0000 OK
2026-07-17 15:11:08,817 INFO CRL.N0000 OK
2026-07-17 15:11:08,820 INFO SEMB.X0000 OK
2026-07-17 15:11:08,873 INFO SCAP.N0000 OK
2026-07-17 15:11:08,983 INFO SHL.N0000 OK
2026-07-17 15:11:09,112 INFO AAIC.N0000 OK
2026-07-17 15:11:09,184 INFO SING.N0000 OK
2026-07-17 15:11:09,189 INFO SUN.N0000 OK
2026-07-17 15:11:09,253 INFO SLTL.N0000 OK
2026-07-17 15:11:09,532 INFO SWAD.N0000 OK
2026-07-17 15:11:09,546 INFO PARQ.N0000 OK
2026-07-17 15:11:09,596 INFO TPL.N0000 OK
2026-07-17 15:11:09,598 INFO TAJ.N0000 OK
2026-07-17 15:11:09,629 INFO TANG.N0000 OK
2026-07-17 15:11:09,748 INFO TSML.N0000 OK
2026-07-17 15:11:09,868 INFO TJL.N0000 OK
2026-07-17 15:11:09,968 INFO TESS.N0000 OK
2026-07-17 15:11:09,976 INFO TESS.X0000 OK
2026-07-17 15:11:10,039 INFO LHL.N0000 OK
2026-07-17 15:11:10,325 INFO AUTO.N0000 OK
2026-07-17 15:11:10,338 INFO CFLB.N0000 OK
2026-07-17 15:11:10,359 INFO RHTL.N0000 OK
2026-07-17 15:11:10,371 INFO KHC.N0000 OK
2026-07-17 15:11:10,680 INFO LHCL.N0000 OK
2026-07-17 15:11:10,715 INFO SERV.N0000 OK
2026-07-17 15:11:10,736 INFO TKYO.X0000 OK
2026-07-17 15:11:10,748 INFO TAFL.N0000 OK
2026-07-17 15:11:10,754 INFO NEH.N0000 OK
2026-07-17 15:11:10,765 INFO TKYO.N0000 OK
2026-07-17 15:11:11,114 INFO TRAN.N0000 OK
2026-07-17 15:11:11,142 INFO UBF.N0000 OK
2026-07-17 15:11:11,146 INFO UAL.N0000 OK
2026-07-17 15:11:11,149 INFO UDPL.N0000 OK
2026-07-17 15:11:11,454 INFO UBC.N0000 OK
2026-07-17 15:11:11,509 INFO UCAR.N0000 OK
2026-07-17 15:11:11,545 INFO UML.N0000 OK
2026-07-17 15:11:11,555 INFO VONE.N0000 OK
2026-07-17 15:11:11,567 INFO VFIN.N0000 OK
2026-07-17 15:11:11,575 INFO VPEL.N0000 OK
2026-07-17 15:11:11,864 INFO CITW.N0000 OK
2026-07-17 15:11:11,890 INFO VLL.N0000 OK
2026-07-17 15:11:11,913 INFO WATA.N0000 OK
2026-07-17 15:11:11,929 INFO VLL.X0000 OK
2026-07-17 15:11:12,225 INFO WIND.N0000 OK
2026-07-17 15:11:12,253 INFO JXG.N0000 OK
2026-07-17 15:11:12,287 INFO YORK.N0000 OK
2026-07-17 15:11:12,327 INFO WLTH.N0000 OK
2026-07-17 15:11:12,343 INFO Wrote 302 rows to /home/runner/work/cse-scraper/cse-scraper/data/2026-07-17/all_company_info_2026-07-17.csv
2026-07-17 15:11:12,343 INFO Symbols: 302, success: 302, failures: 0
