2026-06-30 16:21:50,220 INFO Saved: data/2026-06-30/tradeSummary_2026-06-30.json
2026-06-30 16:21:51,219 INFO Saved: data/2026-06-30/todaySharePrice_2026-06-30.json
2026-06-30 16:21:52,246 INFO Saved: data/2026-06-30/topGainers_2026-06-30.json
2026-06-30 16:21:53,256 INFO Saved: data/2026-06-30/topLooses_2026-06-30.json
2026-06-30 16:21:54,288 INFO Saved: data/2026-06-30/mostActiveTrades_2026-06-30.json
2026-06-30 16:21:55,351 INFO Saved: data/2026-06-30/marketSummery_2026-06-30.json
2026-06-30 16:21:56,061 INFO Saved: data/2026-06-30/aspiData_2026-06-30.json
2026-06-30 16:21:57,051 INFO Saved: data/2026-06-30/snpData_2026-06-30.json
2026-06-30 16:21:58,042 INFO Saved: data/2026-06-30/allSectors_2026-06-30.json
2026-06-30 16:21:59,491 INFO Saved: data/2026-06-30/detailedTrades_2026-06-30.json
2026-06-30 16:22:00,463 INFO Saved: data/2026-06-30/dailyMarketSummery_2026-06-30.json
2026-06-30 16:22:01,239 INFO Saved: data/2026-06-30/getContributors_2026-06-30.json
2026-06-30 16:22:02,288 INFO Saved: data/2026-06-30/getContributorsChart_2026-06-30.json
2026-06-30 16:22:02,288 INFO Saved 13 files (0 errors)
2026-06-30 16:22:04,097 INFO AFSL.N0000 OK
2026-06-30 16:22:04,101 INFO AGST.N0000 OK
2026-06-30 16:22:04,111 INFO AEL.N0000 OK
2026-06-30 16:22:04,114 INFO AGST.X0000 OK
2026-06-30 16:22:04,120 INFO APLA.N0000 OK
2026-06-30 16:22:04,138 INFO ACME.N0000 OK
2026-06-30 16:22:04,228 INFO ACL.N0000 OK
2026-06-30 16:22:04,231 INFO AGAL.N0000 OK
2026-06-30 16:22:04,247 INFO AGPL.N0000 OK
2026-06-30 16:22:04,259 INFO ABAN.N0000 OK
2026-06-30 16:22:04,919 INFO SPEN.N0000 OK
2026-06-30 16:22:04,943 INFO AHUN.N0000 OK
2026-06-30 16:22:04,950 INFO ALLI.N0000 OK
2026-06-30 16:22:04,980 INFO AFS.N0000 OK
2026-06-30 16:22:05,323 INFO ATLL.N0000 OK
2026-06-30 16:22:05,329 INFO ATL.N0000 OK
2026-06-30 16:22:05,361 INFO ABL.N0000 OK
2026-06-30 16:22:05,467 INFO ALUM.N0000 OK
2026-06-30 16:22:05,505 INFO TAP.N0000 OK
2026-06-30 16:22:05,506 INFO GREG.N0000 OK
2026-06-30 16:22:05,666 INFO AMCL.N0000 OK
2026-06-30 16:22:05,667 INFO ALHP.N0000 OK
2026-06-30 16:22:05,751 INFO AINS.N0000 OK
2026-06-30 16:22:06,073 INFO AAF.N0000 OK
2026-06-30 16:22:06,510 INFO ACAP.N0000 OK
2026-06-30 16:22:06,545 INFO BALA.N0000 OK
2026-06-30 16:22:06,548 INFO AMSL.N0000 OK
2026-06-30 16:22:06,550 INFO BFL.N0000 OK
2026-06-30 16:22:06,576 INFO ASIY.N0000 OK
2026-06-30 16:22:06,604 INFO BPPL.N0000 OK
2026-06-30 16:22:06,625 INFO AHPL.N0000 OK
2026-06-30 16:22:06,788 INFO AMF.N0000 OK
2026-06-30 16:22:06,811 INFO ASIR.N0000 OK
2026-06-30 16:22:06,892 INFO BRR.N0000 OK
2026-06-30 16:22:07,603 INFO BOPL.N0000 OK
2026-06-30 16:22:07,606 INFO BLUE.N0000 OK
2026-06-30 16:22:07,614 INFO BRWN.N0000 OK
2026-06-30 16:22:07,629 INFO BLUE.X0000 OK
2026-06-30 16:22:07,634 INFO BLI.N0000 OK
2026-06-30 16:22:07,641 INFO BOGA.N0000 OK
2026-06-30 16:22:07,681 INFO BERU.N0000 OK
2026-06-30 16:22:07,689 INFO BIL.N0000 OK
2026-06-30 16:22:07,822 INFO CIC.N0000 OK
2026-06-30 16:22:07,900 INFO BUKI.N0000 OK
2026-06-30 16:22:08,336 INFO CIC.X0000 OK
2026-06-30 16:22:08,379 INFO CTLD.N0000 OK
2026-06-30 16:22:08,385 INFO CTHR.N0000 OK
2026-06-30 16:22:08,472 INFO COLO.N0000 OK
2026-06-30 16:22:08,878 INFO CBNK.N0000 OK
2026-06-30 16:22:08,901 INFO CARG.N0000 OK
2026-06-30 16:22:08,950 INFO CWM.N0000 OK
2026-06-30 16:22:08,997 INFO CALT.N0000 OK
2026-06-30 16:22:09,012 INFO CSLK.N0000 OK
2026-06-30 16:22:09,027 INFO CALH.N0000 OK
2026-06-30 16:22:09,063 INFO CABO.N0000 OK
2026-06-30 16:22:09,481 INFO CARS.N0000 OK
2026-06-30 16:22:09,522 INFO CFIN.N0000 OK
2026-06-30 16:22:09,576 INFO CIND.N0000 OK
2026-06-30 16:22:09,647 INFO CINS.N0000 OK
2026-06-30 16:22:09,695 INFO CINS.X0000 OK
2026-06-30 16:22:10,148 INFO GRAN.N0000 OK
2026-06-30 16:22:10,199 INFO BREW.N0000 OK
2026-06-30 16:22:10,256 INFO GUAR.N0000 OK
2026-06-30 16:22:10,258 INFO CHL.N0000 OK
2026-06-30 16:22:10,309 INFO CHL.X0000 OK
2026-06-30 16:22:10,338 INFO CHOT.N0000 OK
2026-06-30 16:22:10,358 INFO CCS.N0000 OK
2026-06-30 16:22:10,417 INFO KZOO.N0000 OK
2026-06-30 16:22:10,524 INFO CTBL.N0000 OK
2026-06-30 16:22:10,558 INFO CINV.N0000 OK
2026-06-30 16:22:10,956 INFO CTC.N0000 OK
2026-06-30 16:22:10,965 INFO CHMX.N0000 OK
2026-06-30 16:22:11,006 INFO LLUB.N0000 OK
2026-06-30 16:22:11,058 INFO CWL.N0000 OK
2026-06-30 16:22:11,452 INFO PHAR.N0000 OK
2026-06-30 16:22:11,461 INFO CDB.N0000 OK
2026-06-30 16:22:11,461 INFO CHOU.N0000 OK
2026-06-30 16:22:11,520 INFO REEF.N0000 OK
2026-06-30 16:22:11,530 INFO CDB.X0000 OK
2026-06-30 16:22:11,535 INFO COOP.N0000 OK
2026-06-30 16:22:11,677 INFO DOCK.N0000 OK
2026-06-30 16:22:11,685 INFO CFI.N0000 OK
2026-06-30 16:22:11,735 INFO CIT.N0000 OK
2026-06-30 16:22:11,763 INFO CLND.N0000 OK
2026-06-30 16:22:12,576 INFO DIAL.N0000 OK
2026-06-30 16:22:12,588 INFO COMB.X0000 OK
2026-06-30 16:22:12,591 INFO DFCC.N0000 OK
2026-06-30 16:22:12,594 INFO SOY.N0000 OK
2026-06-30 16:22:12,598 INFO COCR.N0000 OK
2026-06-30 16:22:12,600 INFO DPL.N0000 OK
2026-06-30 16:22:12,664 INFO DIMO.N0000 OK
2026-06-30 16:22:12,667 INFO CALF.N0000 OK
2026-06-30 16:22:12,670 INFO COMD.N0000 OK
2026-06-30 16:22:12,673 INFO COMB.N0000 OK
2026-06-30 16:22:13,288 INFO PKME.N0000 OK
2026-06-30 16:22:13,809 INFO EMER.N0000 OK
2026-06-30 16:22:13,822 INFO EAST.N0000 OK
2026-06-30 16:22:13,828 INFO EML.N0000 OK
2026-06-30 16:22:13,831 INFO DIPD.N0000 OK
2026-06-30 16:22:13,887 INFO STAF.N0000 OK
2026-06-30 16:22:13,889 INFO EBCR.N0000 OK
2026-06-30 16:22:13,895 INFO CTEA.N0000 OK
2026-06-30 16:22:13,911 INFO DIST.N0000 OK
2026-06-30 16:22:13,913 INFO ECL.N0000 OK
2026-06-30 16:22:14,482 INFO EDEN.N0000 OK
2026-06-30 16:22:14,899 INFO ETWO.N0000 OK
2026-06-30 16:22:14,962 INFO WAPO.N0000 OK
2026-06-30 16:22:14,978 INFO GHLL.N0000 OK
2026-06-30 16:22:15,046 INFO FCT.N0000 OK
2026-06-30 16:22:15,049 INFO GEST.N0000 OK
2026-06-30 16:22:15,057 INFO EXT.N0000 OK
2026-06-30 16:22:15,060 INFO PACK.N0000 OK
2026-06-30 16:22:15,073 INFO ELPL.N0000 OK
2026-06-30 16:22:15,075 INFO CFVF.N0000 OK
2026-06-30 16:22:15,278 INFO MEL.N0000 OK
2026-06-30 16:22:15,612 INFO HAPU.N0000 OK
2026-06-30 16:22:15,675 INFO HARI.N0000 OK
2026-06-30 16:22:15,802 INFO HNB.N0000 OK
2026-06-30 16:22:16,209 INFO HAYL.N0000 OK
2026-06-30 16:22:16,271 INFO HEXP.N0000 OK
2026-06-30 16:22:16,273 INFO MGT.N0000 OK
2026-06-30 16:22:16,273 INFO CONN.N0000 OK
2026-06-30 16:22:16,281 INFO HAYC.N0000 OK
2026-06-30 16:22:16,297 INFO HPL.N0000 OK
2026-06-30 16:22:16,337 INFO HELA.N0000 OK
2026-06-30 16:22:16,353 INFO HNB.X0000 OK
2026-06-30 16:22:16,396 INFO HHL.N0000 OK
2026-06-30 16:22:16,513 INFO CITH.N0000 OK
2026-06-30 16:22:16,919 INFO HASU.N0000 OK
2026-06-30 16:22:17,010 INFO HNBF.N0000 OK
2026-06-30 16:22:17,068 INFO HNBF.X0000 OK
2026-06-30 16:22:17,072 INFO HSIG.N0000 OK
2026-06-30 16:22:17,075 INFO HOPL.N0000 OK
2026-06-30 16:22:17,081 INFO HDFC.N0000 OK
2026-06-30 16:22:17,096 INFO HUNA.N0000 OK
2026-06-30 16:22:17,099 INFO HBS.N0000 OK
2026-06-30 16:22:17,157 INFO HUNT.N0000 OK
2026-06-30 16:22:17,232 INFO HVA.N0000 OK
2026-06-30 16:22:17,705 INFO ASPH.N0000 OK
2026-06-30 16:22:17,750 INFO INME.N0000 OK
2026-06-30 16:22:17,881 INFO JFP.N0000 OK
2026-06-30 16:22:17,927 INFO JAT.N0000 OK
2026-06-30 16:22:17,933 INFO JINS.N0000 OK
2026-06-30 16:22:17,946 INFO BFN.N0000 OK
2026-06-30 16:22:17,955 INFO JETS.N0000 OK
2026-06-30 16:22:17,959 INFO JKH.N0000 OK
2026-06-30 16:22:17,970 INFO KHL.N0000 OK
2026-06-30 16:22:18,023 INFO JKL.N0000 OK
2026-06-30 16:22:18,483 INFO KAHA.N0000 OK
2026-06-30 16:22:18,525 INFO KPHL.N0000 OK
2026-06-30 16:22:18,653 INFO KFP.N0000 OK
2026-06-30 16:22:18,975 INFO KDL.N0000 OK
2026-06-30 16:22:18,987 INFO TYRE.N0000 OK
2026-06-30 16:22:18,990 INFO KOTA.N0000 OK
2026-06-30 16:22:18,993 INFO KCAB.N0000 OK
2026-06-30 16:22:19,040 INFO KVAL.N0000 OK
2026-06-30 16:22:19,044 INFO CPRT.N0000 OK
2026-06-30 16:22:19,052 INFO KGAL.N0000 OK
2026-06-30 16:22:19,212 INFO LAMB.N0000 OK
2026-06-30 16:22:19,236 INFO LOLC.N0000 OK
2026-06-30 16:22:19,433 INFO LVEF.N0000 OK
2026-06-30 16:22:19,706 INFO LPRT.N0000 OK
2026-06-30 16:22:19,733 INFO ASHO.N0000 OK
2026-06-30 16:22:19,747 INFO LALU.N0000 OK
2026-06-30 16:22:19,750 INFO CERA.N0000 OK
2026-06-30 16:22:19,775 INFO LCBF.N0000 OK
2026-06-30 16:22:19,854 INFO LIOC.N0000 OK
2026-06-30 16:22:19,897 INFO LMF.N0000 OK
2026-06-30 16:22:19,935 INFO ASCO.N0000 OK
2026-06-30 16:22:19,954 INFO TILE.N0000 OK
2026-06-30 16:22:20,138 INFO LVEN.N0000 OK
2026-06-30 16:22:20,420 INFO LWL.N0000 OK
2026-06-30 16:22:20,445 INFO LCEY.N0000 OK
2026-06-30 16:22:20,481 INFO LDEV.N0000 OK
2026-06-30 16:22:20,485 INFO LGL.N0000 OK
2026-06-30 16:22:20,494 INFO LGL.X0000 OK
2026-06-30 16:22:20,563 INFO LPL.N0000 OK
2026-06-30 16:22:20,607 INFO LPL.X0000 OK
2026-06-30 16:22:20,641 INFO LITE.N0000 OK
2026-06-30 16:22:20,726 INFO LFIN.N0000 OK
2026-06-30 16:22:20,844 INFO SHAW.N0000 OK
2026-06-30 16:22:21,128 INFO LION.N0000 OK
2026-06-30 16:22:21,154 INFO LOFC.N0000 OK
2026-06-30 16:22:21,204 INFO LGIL.N0000 OK
2026-06-30 16:22:21,272 INFO MADU.N0000 OK
2026-06-30 16:22:21,283 INFO HPFL.N0000 OK
2026-06-30 16:22:21,289 INFO LUMX.N0000 OK
2026-06-30 16:22:21,662 INFO MRH.N0000 OK
2026-06-30 16:22:21,715 INFO MFPE.N0000 OK
2026-06-30 16:22:21,735 INFO MAL.N0000 OK
2026-06-30 16:22:21,738 INFO MCPL.N0000 OK
2026-06-30 16:22:21,842 INFO MAL.X0000 OK
2026-06-30 16:22:22,369 INFO MSL.N0000 OK
2026-06-30 16:22:22,375 INFO MASK.N0000 OK
2026-06-30 16:22:22,375 INFO MARA.N0000 OK
2026-06-30 16:22:22,383 INFO MELS.N0000 OK
2026-06-30 16:22:22,392 INFO MBSL.N0000 OK
2026-06-30 16:22:22,420 INFO MHDL.N0000 OK
2026-06-30 16:22:22,434 INFO MERC.N0000 OK
2026-06-30 16:22:22,522 INFO MULL.N0000 OK
2026-06-30 16:22:22,525 INFO MDL.N0000 OK
2026-06-30 16:22:22,615 INFO NAMU.N0000 OK
2026-06-30 16:22:23,165 INFO CSF.N0000 OK
2026-06-30 16:22:23,194 INFO NHL.N0000 OK
2026-06-30 16:22:23,247 INFO ONAL.N0000 OK
2026-06-30 16:22:23,250 INFO OSEA.N0000 OK
2026-06-30 16:22:23,253 INFO NDB.N0000 OK
2026-06-30 16:22:23,258 INFO OFEQ.N0000 OK
2026-06-30 16:22:23,275 INFO NTB.N0000 OK
2026-06-30 16:22:23,293 INFO NTB.X0000 OK
2026-06-30 16:22:23,303 INFO ODEL.N0000 OK
2026-06-30 16:22:23,328 INFO PALM.N0000 OK
2026-06-30 16:22:23,905 INFO PAP.N0000 OK
2026-06-30 16:22:23,938 INFO PABC.N0000 OK
2026-06-30 16:22:24,011 INFO GLAS.N0000 OK
2026-06-30 16:22:24,040 INFO PARA.N0000 OK
2026-06-30 16:22:24,048 INFO PEG.N0000 OK
2026-06-30 16:22:24,059 INFO PINS.N0000 OK
2026-06-30 16:22:24,062 INFO PMB.N0000 OK
2026-06-30 16:22:24,069 INFO PLR.N0000 OK
2026-06-30 16:22:24,113 INFO PLC.N0000 OK
2026-06-30 16:22:24,143 INFO CARE.N0000 OK
2026-06-30 16:22:24,617 INFO RIL.N0000 OK
2026-06-30 16:22:24,724 INFO RGEM.N0000 OK
2026-06-30 16:22:24,777 INFO RWSL.N0000 OK
2026-06-30 16:22:24,829 INFO COCO.X0000 OK
2026-06-30 16:22:24,858 INFO RHL.X0000 OK
2026-06-30 16:22:24,862 INFO RAL.N0000 OK
2026-06-30 16:22:24,863 INFO RFL.N0000 OK
2026-06-30 16:22:24,915 INFO RHL.N0000 OK
2026-06-30 16:22:24,918 INFO RENU.N0000 OK
2026-06-30 16:22:24,968 INFO COCO.N0000 OK
2026-06-30 16:22:25,338 INFO RCH.N0000 OK
2026-06-30 16:22:25,446 INFO HPWR.N0000 OK
2026-06-30 16:22:25,486 INFO RICH.N0000 OK
2026-06-30 16:22:25,539 INFO REXP.N0000 OK
2026-06-30 16:22:25,600 INFO SAMP.N0000 OK
2026-06-30 16:22:25,604 INFO RCL.N0000 OK
2026-06-30 16:22:25,607 INFO RPBH.N0000 OK
2026-06-30 16:22:25,701 INFO SDB.N0000 OK
2026-06-30 16:22:25,708 INFO SIL.N0000 OK
2026-06-30 16:22:25,738 INFO SDF.N0000 OK
2026-06-30 16:22:26,048 INFO SMOT.N0000 OK
2026-06-30 16:22:26,228 INFO SFCL.N0000 OK
2026-06-30 16:22:26,268 INFO SHOT.N0000 OK
2026-06-30 16:22:26,345 INFO SEYB.X0000 OK
2026-06-30 16:22:26,371 INFO SEYB.N0000 OK
2026-06-30 16:22:26,417 INFO SLND.N0000 OK
2026-06-30 16:22:26,418 INFO CSD.N0000 OK
2026-06-30 16:22:26,433 INFO SIRA.N0000 OK
2026-06-30 16:22:26,433 INFO SHOT.X0000 OK
2026-06-30 16:22:26,445 INFO SIGV.N0000 OK
2026-06-30 16:22:26,754 INFO SINS.N0000 OK
2026-06-30 16:22:26,936 INFO SFIN.N0000 OK
2026-06-30 16:22:26,984 INFO SINH.N0000 OK
2026-06-30 16:22:27,057 INFO SEMB.N0000 OK
2026-06-30 16:22:27,078 INFO SEMB.X0000 OK
2026-06-30 16:22:27,142 INFO SCAP.N0000 OK
2026-06-30 16:22:27,201 INFO CRL.N0000 OK
2026-06-30 16:22:27,204 INFO SLTL.N0000 OK
2026-06-30 16:22:27,207 INFO SHL.N0000 OK
2026-06-30 16:22:27,258 INFO AAIC.N0000 OK
2026-06-30 16:22:27,475 INFO SING.N0000 OK
2026-06-30 16:22:27,646 INFO SUN.N0000 OK
2026-06-30 16:22:27,791 INFO SWAD.N0000 OK
2026-06-30 16:22:27,818 INFO TAJ.N0000 OK
2026-06-30 16:22:27,915 INFO PARQ.N0000 OK
2026-06-30 16:22:27,940 INFO TPL.N0000 OK
2026-06-30 16:22:27,969 INFO TESS.N0000 OK
2026-06-30 16:22:28,007 INFO TSML.N0000 OK
2026-06-30 16:22:28,044 INFO TANG.N0000 OK
2026-06-30 16:22:28,060 INFO TJL.N0000 OK
2026-06-30 16:22:28,227 INFO TESS.X0000 OK
2026-06-30 16:22:28,350 INFO LHL.N0000 OK
2026-06-30 16:22:28,596 INFO AUTO.N0000 OK
2026-06-30 16:22:28,600 INFO CFLB.N0000 OK
2026-06-30 16:22:28,625 INFO RHTL.N0000 OK
2026-06-30 16:22:28,733 INFO KHC.N0000 OK
2026-06-30 16:22:28,760 INFO SERV.N0000 OK
2026-06-30 16:22:28,768 INFO TAFL.N0000 OK
2026-06-30 16:22:28,788 INFO LHCL.N0000 OK
2026-06-30 16:22:28,841 INFO NEH.N0000 OK
2026-06-30 16:22:28,940 INFO TKYO.N0000 OK
2026-06-30 16:22:29,064 INFO TKYO.X0000 OK
2026-06-30 16:22:29,363 INFO UBF.N0000 OK
2026-06-30 16:22:29,415 INFO TRAN.N0000 OK
2026-06-30 16:22:29,438 INFO UAL.N0000 OK
2026-06-30 16:22:29,456 INFO UDPL.N0000 OK
2026-06-30 16:22:29,489 INFO UCAR.N0000 OK
2026-06-30 16:22:29,492 INFO UBC.N0000 OK
2026-06-30 16:22:29,502 INFO UML.N0000 OK
2026-06-30 16:22:29,569 INFO VFIN.N0000 OK
2026-06-30 16:22:29,655 INFO VONE.N0000 OK
2026-06-30 16:22:29,767 INFO VPEL.N0000 OK
2026-06-30 16:22:30,129 INFO VLL.X0000 OK
2026-06-30 16:22:30,159 INFO VLL.N0000 OK
2026-06-30 16:22:30,162 INFO WATA.N0000 OK
2026-06-30 16:22:30,219 INFO WIND.N0000 OK
2026-06-30 16:22:30,232 INFO YORK.N0000 OK
2026-06-30 16:22:30,236 INFO WLTH.N0000 OK
2026-06-30 16:22:30,247 INFO CITW.N0000 OK
2026-06-30 16:22:30,315 INFO JXG.N0000 OK
2026-06-30 16:22:30,332 INFO Wrote 302 rows to /home/runner/work/cse-scraper/cse-scraper/data/2026-06-30/all_company_info_2026-06-30.csv
2026-06-30 16:22:30,332 INFO Symbols: 302, success: 302, failures: 0
