2026-07-23 15:52:37,700 INFO Saved: data/2026-07-23/tradeSummary_2026-07-23.json
2026-07-23 15:52:38,643 INFO Saved: data/2026-07-23/todaySharePrice_2026-07-23.json
2026-07-23 15:52:39,604 INFO Saved: data/2026-07-23/topGainers_2026-07-23.json
2026-07-23 15:52:40,473 INFO Saved: data/2026-07-23/topLooses_2026-07-23.json
2026-07-23 15:52:41,592 INFO Saved: data/2026-07-23/mostActiveTrades_2026-07-23.json
2026-07-23 15:52:42,507 INFO Saved: data/2026-07-23/marketSummery_2026-07-23.json
2026-07-23 15:52:43,083 INFO Saved: data/2026-07-23/aspiData_2026-07-23.json
2026-07-23 15:52:43,661 INFO Saved: data/2026-07-23/snpData_2026-07-23.json
2026-07-23 15:52:44,779 INFO Saved: data/2026-07-23/allSectors_2026-07-23.json
2026-07-23 15:52:45,567 INFO Saved: data/2026-07-23/detailedTrades_2026-07-23.json
2026-07-23 15:52:47,542 INFO Saved: data/2026-07-23/dailyMarketSummery_2026-07-23.json
2026-07-23 15:52:48,225 INFO Saved: data/2026-07-23/getContributors_2026-07-23.json
2026-07-23 15:52:49,192 INFO Saved: data/2026-07-23/getContributorsChart_2026-07-23.json
2026-07-23 15:52:49,192 INFO Saved 13 files (0 errors)
2026-07-23 15:52:50,711 INFO APLA.N0000 OK
2026-07-23 15:52:50,714 INFO AGAL.N0000 OK
2026-07-23 15:52:50,726 INFO ABAN.N0000 OK
2026-07-23 15:52:50,728 INFO AEL.N0000 OK
2026-07-23 15:52:50,743 INFO ACME.N0000 OK
2026-07-23 15:52:50,749 INFO ACL.N0000 OK
2026-07-23 15:52:50,751 INFO AFSL.N0000 OK
2026-07-23 15:52:50,906 INFO AGST.N0000 OK
2026-07-23 15:52:50,913 INFO AGPL.N0000 OK
2026-07-23 15:52:50,918 INFO AGST.X0000 OK
2026-07-23 15:52:51,842 INFO ABL.N0000 OK
2026-07-23 15:52:51,873 INFO ATLL.N0000 OK
2026-07-23 15:52:51,910 INFO GREG.N0000 OK
2026-07-23 15:52:51,970 INFO AFS.N0000 OK
2026-07-23 15:52:51,976 INFO AHUN.N0000 OK
2026-07-23 15:52:51,979 INFO ATL.N0000 OK
2026-07-23 15:52:51,981 INFO ALLI.N0000 OK
2026-07-23 15:52:51,983 INFO TAP.N0000 OK
2026-07-23 15:52:51,988 INFO SPEN.N0000 OK
2026-07-23 15:52:52,006 INFO ALUM.N0000 OK
2026-07-23 15:52:52,453 INFO ALHP.N0000 OK
2026-07-23 15:52:52,457 INFO AMCL.N0000 OK
2026-07-23 15:52:52,553 INFO AINS.N0000 OK
2026-07-23 15:52:52,574 INFO ACAP.N0000 OK
2026-07-23 15:52:52,649 INFO AAF.N0000 OK
2026-07-23 15:52:52,660 INFO AHPL.N0000 OK
2026-07-23 15:52:52,681 INFO AMSL.N0000 OK
2026-07-23 15:52:52,692 INFO ASIR.N0000 OK
2026-07-23 15:52:52,696 INFO ASIY.N0000 OK
2026-07-23 15:52:52,718 INFO AMF.N0000 OK
2026-07-23 15:52:53,675 INFO BLI.N0000 OK
2026-07-23 15:52:53,686 INFO BLUE.X0000 OK
2026-07-23 15:52:53,696 INFO BRR.N0000 OK
2026-07-23 15:52:53,705 INFO BLUE.N0000 OK
2026-07-23 15:52:53,709 INFO BERU.N0000 OK
2026-07-23 15:52:53,728 INFO BPPL.N0000 OK
2026-07-23 15:52:53,736 INFO BALA.N0000 OK
2026-07-23 15:52:53,747 INFO BOGA.N0000 OK
2026-07-23 15:52:53,762 INFO BOPL.N0000 OK
2026-07-23 15:52:53,768 INFO BFL.N0000 OK
2026-07-23 15:52:54,298 INFO CIC.X0000 OK
2026-07-23 15:52:54,318 INFO BIL.N0000 OK
2026-07-23 15:52:54,325 INFO BRWN.N0000 OK
2026-07-23 15:52:54,356 INFO BUKI.N0000 OK
2026-07-23 15:52:54,361 INFO CIC.N0000 OK
2026-07-23 15:52:54,392 INFO COLO.N0000 OK
2026-07-23 15:52:54,398 INFO CTHR.N0000 OK
2026-07-23 15:52:54,407 INFO CSLK.N0000 OK
2026-07-23 15:52:54,413 INFO CTLD.N0000 OK
2026-07-23 15:52:54,423 INFO CWM.N0000 OK
2026-07-23 15:52:54,943 INFO CALT.N0000 OK
2026-07-23 15:52:54,943 INFO CALH.N0000 OK
2026-07-23 15:52:54,963 INFO CARG.N0000 OK
2026-07-23 15:52:54,997 INFO CABO.N0000 OK
2026-07-23 15:52:55,001 INFO CBNK.N0000 OK
2026-07-23 15:52:55,057 INFO CFIN.N0000 OK
2026-07-23 15:52:55,063 INFO CIND.N0000 OK
2026-07-23 15:52:55,066 INFO CARS.N0000 OK
2026-07-23 15:52:55,083 INFO CINS.X0000 OK
2026-07-23 15:52:55,101 INFO CINS.N0000 OK
2026-07-23 15:52:55,609 INFO GRAN.N0000 OK
2026-07-23 15:52:55,617 INFO BREW.N0000 OK
2026-07-23 15:52:55,621 INFO CCS.N0000 OK
2026-07-23 15:52:55,629 INFO GUAR.N0000 OK
2026-07-23 15:52:55,649 INFO CHL.N0000 OK
2026-07-23 15:52:55,732 INFO CHOT.N0000 OK
2026-07-23 15:52:55,739 INFO KZOO.N0000 OK
2026-07-23 15:52:55,745 INFO CINV.N0000 OK
2026-07-23 15:52:55,748 INFO CHL.X0000 OK
2026-07-23 15:52:55,760 INFO CTBL.N0000 OK
2026-07-23 15:52:56,195 INFO CTC.N0000 OK
2026-07-23 15:52:56,266 INFO CHMX.N0000 OK
2026-07-23 15:52:56,279 INFO LLUB.N0000 OK
2026-07-23 15:52:56,351 INFO CHOU.N0000 OK
2026-07-23 15:52:56,373 INFO CWL.N0000 OK
2026-07-23 15:52:56,375 INFO CDB.N0000 OK
2026-07-23 15:52:56,393 INFO REEF.N0000 OK
2026-07-23 15:52:56,404 INFO CDB.X0000 OK
2026-07-23 15:52:56,437 INFO COOP.N0000 OK
2026-07-23 15:52:56,442 INFO PHAR.N0000 OK
2026-07-23 15:52:56,778 INFO DOCK.N0000 OK
2026-07-23 15:52:56,922 INFO CFI.N0000 OK
2026-07-23 15:52:56,945 INFO CIT.N0000 OK
2026-07-23 15:52:56,992 INFO CLND.N0000 OK
2026-07-23 15:52:57,018 INFO COMB.N0000 OK
2026-07-23 15:52:57,029 INFO COMB.X0000 OK
2026-07-23 15:52:57,057 INFO COCR.N0000 OK
2026-07-23 15:52:57,069 INFO COMD.N0000 OK
2026-07-23 15:52:57,086 INFO DPL.N0000 OK
2026-07-23 15:52:57,094 INFO SOY.N0000 OK
2026-07-23 15:52:57,434 INFO DFCC.N0000 OK
2026-07-23 15:52:57,556 INFO DIAL.N0000 OK
2026-07-23 15:52:57,578 INFO CALF.N0000 OK
2026-07-23 15:52:57,623 INFO DIMO.N0000 OK
2026-07-23 15:52:57,634 INFO DIPD.N0000 OK
2026-07-23 15:52:57,695 INFO PKME.N0000 OK
2026-07-23 15:52:57,698 INFO CTEA.N0000 OK
2026-07-23 15:52:57,716 INFO DIST.N0000 OK
2026-07-23 15:52:57,727 INFO ECL.N0000 OK
2026-07-23 15:52:57,740 INFO STAF.N0000 OK
2026-07-23 15:52:58,102 INFO EBCR.N0000 OK
2026-07-23 15:52:58,204 INFO EML.N0000 OK
2026-07-23 15:52:58,233 INFO EAST.N0000 OK
2026-07-23 15:52:58,280 INFO EMER.N0000 OK
2026-07-23 15:52:58,284 INFO EDEN.N0000 OK
2026-07-23 15:52:58,350 INFO ETWO.N0000 OK
2026-07-23 15:52:58,352 INFO ELPL.N0000 OK
2026-07-23 15:52:58,366 INFO PACK.N0000 OK
2026-07-23 15:52:58,384 INFO CFVF.N0000 OK
2026-07-23 15:52:58,394 INFO EXT.N0000 OK
2026-07-23 15:52:58,739 INFO FCT.N0000 OK
2026-07-23 15:52:58,864 INFO GHLL.N0000 OK
2026-07-23 15:52:58,881 INFO WAPO.N0000 OK
2026-07-23 15:52:58,931 INFO MEL.N0000 OK
2026-07-23 15:52:58,938 INFO GEST.N0000 OK
2026-07-23 15:52:59,018 INFO HAPU.N0000 OK
2026-07-23 15:52:59,018 INFO HNB.N0000 OK
2026-07-23 15:52:59,021 INFO HARI.N0000 OK
2026-07-23 15:52:59,048 INFO HNB.X0000 OK
2026-07-23 15:52:59,057 INFO HPL.N0000 OK
2026-07-23 15:52:59,884 INFO CITH.N0000 OK
2026-07-23 15:52:59,903 INFO HAYL.N0000 OK
2026-07-23 15:52:59,903 INFO HNBF.N0000 OK
2026-07-23 15:52:59,922 INFO MGT.N0000 OK
2026-07-23 15:52:59,928 INFO HELA.N0000 OK
2026-07-23 15:52:59,982 INFO HASU.N0000 OK
2026-07-23 15:52:59,984 INFO HEXP.N0000 OK
2026-07-23 15:52:59,990 INFO HHL.N0000 OK
2026-07-23 15:53:00,004 INFO HAYC.N0000 OK
2026-07-23 15:53:00,012 INFO CONN.N0000 OK
2026-07-23 15:53:00,935 INFO HOPL.N0000 OK
2026-07-23 15:53:00,942 INFO ASPH.N0000 OK
2026-07-23 15:53:00,994 INFO INME.N0000 OK
2026-07-23 15:53:01,005 INFO HUNA.N0000 OK
2026-07-23 15:53:01,014 INFO HNBF.X0000 OK
2026-07-23 15:53:01,016 INFO HSIG.N0000 OK
2026-07-23 15:53:01,019 INFO HDFC.N0000 OK
2026-07-23 15:53:01,022 INFO HBS.N0000 OK
2026-07-23 15:53:01,027 INFO HUNT.N0000 OK
2026-07-23 15:53:01,047 INFO HVA.N0000 OK
2026-07-23 15:53:01,527 INFO JINS.N0000 OK
2026-07-23 15:53:01,606 INFO BFN.N0000 OK
2026-07-23 15:53:01,993 INFO JETS.N0000 OK
2026-07-23 15:53:01,998 INFO JKH.N0000 OK
2026-07-23 15:53:02,054 INFO JAT.N0000 OK
2026-07-23 15:53:02,057 INFO KAHA.N0000 OK
2026-07-23 15:53:02,060 INFO JFP.N0000 OK
2026-07-23 15:53:02,060 INFO KHL.N0000 OK
2026-07-23 15:53:02,062 INFO JKL.N0000 OK
2026-07-23 15:53:02,065 INFO KPHL.N0000 OK
2026-07-23 15:53:02,876 INFO KDL.N0000 OK
2026-07-23 15:53:02,934 INFO CPRT.N0000 OK
2026-07-23 15:53:03,024 INFO LOLC.N0000 OK
2026-07-23 15:53:03,042 INFO KCAB.N0000 OK
2026-07-23 15:53:03,046 INFO LAMB.N0000 OK
2026-07-23 15:53:03,070 INFO KFP.N0000 OK
2026-07-23 15:53:03,070 INFO KGAL.N0000 OK
2026-07-23 15:53:03,076 INFO TYRE.N0000 OK
2026-07-23 15:53:03,078 INFO KOTA.N0000 OK
2026-07-23 15:53:03,081 INFO KVAL.N0000 OK
2026-07-23 15:53:03,800 INFO LPRT.N0000 OK
2026-07-23 15:53:03,886 INFO TILE.N0000 OK
2026-07-23 15:53:03,901 INFO ASCO.N0000 OK
2026-07-23 15:53:03,930 INFO LIOC.N0000 OK
2026-07-23 15:53:03,972 INFO LALU.N0000 OK
2026-07-23 15:53:03,984 INFO LMF.N0000 OK
2026-07-23 15:53:03,992 INFO CERA.N0000 OK
2026-07-23 15:53:04,000 INFO ASHO.N0000 OK
2026-07-23 15:53:04,002 INFO LVEF.N0000 OK
2026-07-23 15:53:04,006 INFO LCBF.N0000 OK
2026-07-23 15:53:05,081 INFO LWL.N0000 OK
2026-07-23 15:53:05,099 INFO LPL.N0000 OK
2026-07-23 15:53:05,119 INFO LGL.N0000 OK
2026-07-23 15:53:05,126 INFO LDEV.N0000 OK
2026-07-23 15:53:05,130 INFO LGL.X0000 OK
2026-07-23 15:53:05,151 INFO LITE.N0000 OK
2026-07-23 15:53:05,154 INFO LPL.X0000 OK
2026-07-23 15:53:05,162 INFO LCEY.N0000 OK
2026-07-23 15:53:05,166 INFO LFIN.N0000 OK
2026-07-23 15:53:05,170 INFO LVEN.N0000 OK
2026-07-23 15:53:05,717 INFO SHAW.N0000 OK
2026-07-23 15:53:05,737 INFO LION.N0000 OK
2026-07-23 15:53:06,139 INFO MADU.N0000 OK
2026-07-23 15:53:06,202 INFO LOFC.N0000 OK
2026-07-23 15:53:06,208 INFO MRH.N0000 OK
2026-07-23 15:53:06,210 INFO MCPL.N0000 OK
2026-07-23 15:53:06,210 INFO HPFL.N0000 OK
2026-07-23 15:53:06,224 INFO LUMX.N0000 OK
2026-07-23 15:53:06,226 INFO LGIL.N0000 OK
2026-07-23 15:53:06,243 INFO MFPE.N0000 OK
2026-07-23 15:53:06,348 INFO MAL.N0000 OK
2026-07-23 15:53:06,824 INFO MARA.N0000 OK
2026-07-23 15:53:06,826 INFO MAL.X0000 OK
2026-07-23 15:53:06,856 INFO MASK.N0000 OK
2026-07-23 15:53:06,873 INFO MELS.N0000 OK
2026-07-23 15:53:06,886 INFO MERC.N0000 OK
2026-07-23 15:53:06,889 INFO MSL.N0000 OK
2026-07-23 15:53:06,898 INFO MBSL.N0000 OK
2026-07-23 15:53:07,340 INFO MHDL.N0000 OK
2026-07-23 15:53:07,344 INFO MULL.N0000 OK
2026-07-23 15:53:07,346 INFO MDL.N0000 OK
2026-07-23 15:53:07,423 INFO CSF.N0000 OK
2026-07-23 15:53:07,484 INFO NAMU.N0000 OK
2026-07-23 15:53:07,499 INFO NDB.N0000 OK
2026-07-23 15:53:07,524 INFO NTB.N0000 OK
2026-07-23 15:53:08,316 INFO NTB.X0000 OK
2026-07-23 15:53:08,318 INFO PALM.N0000 OK
2026-07-23 15:53:08,356 INFO OSEA.N0000 OK
2026-07-23 15:53:08,363 INFO OFEQ.N0000 OK
2026-07-23 15:53:08,370 INFO NHL.N0000 OK
2026-07-23 15:53:08,379 INFO PARA.N0000 OK
2026-07-23 15:53:08,416 INFO PAP.N0000 OK
2026-07-23 15:53:08,423 INFO ONAL.N0000 OK
2026-07-23 15:53:08,430 INFO PABC.N0000 OK
2026-07-23 15:53:08,434 INFO ODEL.N0000 OK
2026-07-23 15:53:08,975 INFO PEG.N0000 OK
2026-07-23 15:53:09,000 INFO PINS.N0000 OK
2026-07-23 15:53:09,022 INFO GLAS.N0000 OK
2026-07-23 15:53:09,022 INFO PLC.N0000 OK
2026-07-23 15:53:09,648 INFO RGEM.N0000 OK
2026-07-23 15:53:09,655 INFO RIL.N0000 OK
2026-07-23 15:53:09,739 INFO RFL.N0000 OK
2026-07-23 15:53:09,748 INFO RWSL.N0000 OK
2026-07-23 15:53:09,752 INFO RENU.N0000 OK
2026-07-23 15:53:09,756 INFO CARE.N0000 OK
2026-07-23 15:53:09,763 INFO PLR.N0000 OK
2026-07-23 15:53:09,780 INFO RAL.N0000 OK
2026-07-23 15:53:09,791 INFO PMB.N0000 OK
2026-07-23 15:53:09,796 INFO COCO.N0000 OK
2026-07-23 15:53:10,319 INFO COCO.X0000 OK
2026-07-23 15:53:10,325 INFO RHL.N0000 OK
2026-07-23 15:53:10,385 INFO SAMP.N0000 OK
2026-07-23 15:53:10,398 INFO RHL.X0000 OK
2026-07-23 15:53:10,422 INFO RCH.N0000 OK
2026-07-23 15:53:10,432 INFO HPWR.N0000 OK
2026-07-23 15:53:10,435 INFO RICH.N0000 OK
2026-07-23 15:53:10,452 INFO REXP.N0000 OK
2026-07-23 15:53:10,495 INFO RCL.N0000 OK
2026-07-23 15:53:10,499 INFO RPBH.N0000 OK
2026-07-23 15:53:10,966 INFO SIL.N0000 OK
2026-07-23 15:53:10,982 INFO SDB.N0000 OK
2026-07-23 15:53:11,052 INFO SMOT.N0000 OK
2026-07-23 15:53:11,060 INFO SFCL.N0000 OK
2026-07-23 15:53:11,090 INFO SHOT.N0000 OK
2026-07-23 15:53:11,097 INFO SHOT.X0000 OK
2026-07-23 15:53:11,118 INFO SDF.N0000 OK
2026-07-23 15:53:11,164 INFO SEYB.X0000 OK
2026-07-23 15:53:11,198 INFO SEYB.N0000 OK
2026-07-23 15:53:11,202 INFO SLND.N0000 OK
2026-07-23 15:53:11,630 INFO CSD.N0000 OK
2026-07-23 15:53:11,633 INFO SIRA.N0000 OK
2026-07-23 15:53:11,696 INFO SIGV.N0000 OK
2026-07-23 15:53:11,710 INFO SINS.N0000 OK
2026-07-23 15:53:11,758 INFO SINH.N0000 OK
2026-07-23 15:53:11,761 INFO SEMB.N0000 OK
2026-07-23 15:53:11,769 INFO SFIN.N0000 OK
2026-07-23 15:53:11,791 INFO SEMB.X0000 OK
2026-07-23 15:53:11,841 INFO SCAP.N0000 OK
2026-07-23 15:53:11,858 INFO CRL.N0000 OK
2026-07-23 15:53:12,273 INFO SHL.N0000 OK
2026-07-23 15:53:12,291 INFO AAIC.N0000 OK
2026-07-23 15:53:12,335 INFO SLTL.N0000 OK
2026-07-23 15:53:12,359 INFO SING.N0000 OK
2026-07-23 15:53:12,385 INFO SWAD.N0000 OK
2026-07-23 15:53:12,399 INFO SUN.N0000 OK
2026-07-23 15:53:12,433 INFO TAJ.N0000 OK
2026-07-23 15:53:12,503 INFO TANG.N0000 OK
2026-07-23 15:53:12,568 INFO PARQ.N0000 OK
2026-07-23 15:53:12,576 INFO TPL.N0000 OK
2026-07-23 15:53:12,920 INFO TJL.N0000 OK
2026-07-23 15:53:12,930 INFO TSML.N0000 OK
2026-07-23 15:53:12,973 INFO TESS.N0000 OK
2026-07-23 15:53:13,010 INFO TESS.X0000 OK
2026-07-23 15:53:13,023 INFO AUTO.N0000 OK
2026-07-23 15:53:13,026 INFO LHL.N0000 OK
2026-07-23 15:53:13,095 INFO CFLB.N0000 OK
2026-07-23 15:53:13,153 INFO RHTL.N0000 OK
2026-07-23 15:53:13,269 INFO KHC.N0000 OK
2026-07-23 15:53:13,280 INFO SERV.N0000 OK
2026-07-23 15:53:13,607 INFO TAFL.N0000 OK
2026-07-23 15:53:13,638 INFO LHCL.N0000 OK
2026-07-23 15:53:13,642 INFO NEH.N0000 OK
2026-07-23 15:53:13,664 INFO TKYO.N0000 OK
2026-07-23 15:53:13,692 INFO TKYO.X0000 OK
2026-07-23 15:53:13,715 INFO TRAN.N0000 OK
2026-07-23 15:53:13,727 INFO UDPL.N0000 OK
2026-07-23 15:53:13,783 INFO UBF.N0000 OK
2026-07-23 15:53:13,911 INFO UAL.N0000 OK
2026-07-23 15:53:13,953 INFO UBC.N0000 OK
2026-07-23 15:53:14,245 INFO UCAR.N0000 OK
2026-07-23 15:53:14,274 INFO UML.N0000 OK
2026-07-23 15:53:14,298 INFO VFIN.N0000 OK
2026-07-23 15:53:14,303 INFO VONE.N0000 OK
2026-07-23 15:53:14,344 INFO VPEL.N0000 OK
2026-07-23 15:53:14,355 INFO VLL.N0000 OK
2026-07-23 15:53:14,365 INFO VLL.X0000 OK
2026-07-23 15:53:14,410 INFO CITW.N0000 OK
2026-07-23 15:53:14,547 INFO WATA.N0000 OK
2026-07-23 15:53:14,598 INFO WIND.N0000 OK
2026-07-23 15:53:14,915 INFO WLTH.N0000 OK
2026-07-23 15:53:14,943 INFO YORK.N0000 OK
2026-07-23 15:53:14,945 INFO JXG.N0000 OK
2026-07-23 15:53:14,958 INFO Wrote 302 rows to /home/runner/work/cse-scraper/cse-scraper/data/2026-07-23/all_company_info_2026-07-23.csv
2026-07-23 15:53:14,958 INFO Symbols: 302, success: 302, failures: 0
