2026-05-11 16:31:26,929 INFO Saved: data/2026-05-11/tradeSummary_2026-05-11.json
2026-05-11 16:31:27,516 INFO Saved: data/2026-05-11/todaySharePrice_2026-05-11.json
2026-05-11 16:31:29,166 INFO Saved: data/2026-05-11/topGainers_2026-05-11.json
2026-05-11 16:31:30,007 INFO Saved: data/2026-05-11/topLooses_2026-05-11.json
2026-05-11 16:31:30,612 INFO Saved: data/2026-05-11/mostActiveTrades_2026-05-11.json
2026-05-11 16:31:31,504 INFO Saved: data/2026-05-11/marketSummery_2026-05-11.json
2026-05-11 16:31:32,376 INFO Saved: data/2026-05-11/aspiData_2026-05-11.json
2026-05-11 16:31:33,341 INFO Saved: data/2026-05-11/snpData_2026-05-11.json
2026-05-11 16:31:34,191 INFO Saved: data/2026-05-11/allSectors_2026-05-11.json
2026-05-11 16:31:35,714 INFO Saved: data/2026-05-11/detailedTrades_2026-05-11.json
2026-05-11 16:31:37,657 INFO Saved: data/2026-05-11/dailyMarketSummery_2026-05-11.json
2026-05-11 16:31:38,347 INFO Saved: data/2026-05-11/getContributors_2026-05-11.json
2026-05-11 16:31:39,013 INFO Saved: data/2026-05-11/getContributorsChart_2026-05-11.json
2026-05-11 16:31:39,013 INFO Saved 13 files (0 errors)
2026-05-11 16:31:40,629 INFO ABAN.N0000 OK
2026-05-11 16:31:40,683 INFO APLA.N0000 OK
2026-05-11 16:31:40,770 INFO AGAL.N0000 OK
2026-05-11 16:31:40,772 INFO AGST.N0000 OK
2026-05-11 16:31:40,820 INFO ACL.N0000 OK
2026-05-11 16:31:40,834 INFO AGST.X0000 OK
2026-05-11 16:31:40,844 INFO AEL.N0000 OK
2026-05-11 16:31:40,863 INFO AFSL.N0000 OK
2026-05-11 16:31:40,917 INFO AGPL.N0000 OK
2026-05-11 16:31:40,923 INFO ACME.N0000 OK
2026-05-11 16:31:42,027 INFO TAP.N0000 OK
2026-05-11 16:31:42,031 INFO GREG.N0000 OK
2026-05-11 16:31:42,077 INFO AFS.N0000 OK
2026-05-11 16:31:42,083 INFO SPEN.N0000 OK
2026-05-11 16:31:42,098 INFO ATL.N0000 OK
2026-05-11 16:31:42,107 INFO ATLL.N0000 OK
2026-05-11 16:31:42,128 INFO AHUN.N0000 OK
2026-05-11 16:31:42,133 INFO ABL.N0000 OK
2026-05-11 16:31:42,168 INFO ALLI.N0000 OK
2026-05-11 16:31:42,181 INFO ALUM.N0000 OK
2026-05-11 16:31:42,659 INFO ALHP.N0000 OK
2026-05-11 16:31:42,710 INFO AMCL.N0000 OK
2026-05-11 16:31:42,744 INFO AAF.N0000 OK
2026-05-11 16:31:42,745 INFO ACAP.N0000 OK
2026-05-11 16:31:42,767 INFO AINS.N0000 OK
2026-05-11 16:31:42,843 INFO AHPL.N0000 OK
2026-05-11 16:31:42,881 INFO ASIY.N0000 OK
2026-05-11 16:31:42,955 INFO ASIR.N0000 OK
2026-05-11 16:31:43,348 INFO AMF.N0000 OK
2026-05-11 16:31:43,386 INFO AMSL.N0000 OK
2026-05-11 16:31:43,666 INFO BLUE.X0000 OK
2026-05-11 16:31:43,670 INFO BLUE.N0000 OK
2026-05-11 16:31:43,690 INFO BLI.N0000 OK
2026-05-11 16:31:43,721 INFO BALA.N0000 OK
2026-05-11 16:31:43,771 INFO BRR.N0000 OK
2026-05-11 16:31:43,773 INFO BERU.N0000 OK
2026-05-11 16:31:43,833 INFO BPPL.N0000 OK
2026-05-11 16:31:43,839 INFO BFL.N0000 OK
2026-05-11 16:31:44,336 INFO BOPL.N0000 OK
2026-05-11 16:31:44,390 INFO BOGA.N0000 OK
2026-05-11 16:31:44,417 INFO BRWN.N0000 OK
2026-05-11 16:31:44,436 INFO BIL.N0000 OK
2026-05-11 16:31:44,726 INFO CTHR.N0000 OK
2026-05-11 16:31:44,830 INFO CTLD.N0000 OK
2026-05-11 16:31:44,848 INFO COLO.N0000 OK
2026-05-11 16:31:44,868 INFO BUKI.N0000 OK
2026-05-11 16:31:44,888 INFO CIC.X0000 OK
2026-05-11 16:31:44,897 INFO CIC.N0000 OK
2026-05-11 16:31:46,372 INFO CWM.N0000 OK
2026-05-11 16:31:46,406 INFO CABO.N0000 OK
2026-05-11 16:31:46,434 INFO CALH.N0000 OK
2026-05-11 16:31:46,454 INFO CSLK.N0000 OK
2026-05-11 16:31:46,456 INFO CARG.N0000 OK
2026-05-11 16:31:46,459 INFO CARS.N0000 OK
2026-05-11 16:31:46,500 INFO CBNK.N0000 OK
2026-05-11 16:31:46,503 INFO CALT.N0000 OK
2026-05-11 16:31:46,509 INFO CIND.N0000 OK
2026-05-11 16:31:46,512 INFO CFIN.N0000 OK
2026-05-11 16:31:47,645 INFO CCS.N0000 OK
2026-05-11 16:31:47,664 INFO CHOT.N0000 OK
2026-05-11 16:31:47,671 INFO CINS.X0000 OK
2026-05-11 16:31:47,710 INFO CHL.N0000 OK
2026-05-11 16:31:47,713 INFO GRAN.N0000 OK
2026-05-11 16:31:47,714 INFO CHL.X0000 OK
2026-05-11 16:31:47,717 INFO BREW.N0000 OK
2026-05-11 16:31:47,746 INFO CINV.N0000 OK
2026-05-11 16:31:47,748 INFO GUAR.N0000 OK
2026-05-11 16:31:47,757 INFO CINS.N0000 OK
2026-05-11 16:31:48,233 INFO KZOO.N0000 OK
2026-05-11 16:31:48,325 INFO CTBL.N0000 OK
2026-05-11 16:31:48,696 INFO CHOU.N0000 OK
2026-05-11 16:31:48,812 INFO LLUB.N0000 OK
2026-05-11 16:31:48,839 INFO CDB.N0000 OK
2026-05-11 16:31:48,845 INFO CHMX.N0000 OK
2026-05-11 16:31:48,863 INFO CTC.N0000 OK
2026-05-11 16:31:48,865 INFO CWL.N0000 OK
2026-05-11 16:31:48,874 INFO REEF.N0000 OK
2026-05-11 16:31:48,897 INFO CDB.X0000 OK
2026-05-11 16:31:49,351 INFO COOP.N0000 OK
2026-05-11 16:31:49,408 INFO PHAR.N0000 OK
2026-05-11 16:31:49,807 INFO COMB.N0000 OK
2026-05-11 16:31:49,832 INFO DOCK.N0000 OK
2026-05-11 16:31:49,842 INFO CLND.N0000 OK
2026-05-11 16:31:49,939 INFO COMB.X0000 OK
2026-05-11 16:31:49,942 INFO CIT.N0000 OK
2026-05-11 16:31:49,962 INFO COMD.N0000 OK
2026-05-11 16:31:49,963 INFO CFI.N0000 OK
2026-05-11 16:31:49,969 INFO COCR.N0000 OK
2026-05-11 16:31:50,045 INFO SOY.N0000 OK
2026-05-11 16:31:50,409 INFO DPL.N0000 OK
2026-05-11 16:31:50,882 INFO DFCC.N0000 OK
2026-05-11 16:31:50,963 INFO DIST.N0000 OK
2026-05-11 16:31:50,972 INFO DIMO.N0000 OK
2026-05-11 16:31:50,990 INFO STAF.N0000 OK
2026-05-11 16:31:50,993 INFO CALF.N0000 OK
2026-05-11 16:31:51,009 INFO PKME.N0000 OK
2026-05-11 16:31:51,013 INFO DIAL.N0000 OK
2026-05-11 16:31:51,030 INFO DIPD.N0000 OK
2026-05-11 16:31:51,042 INFO CTEA.N0000 OK
2026-05-11 16:31:51,114 INFO ECL.N0000 OK
2026-05-11 16:31:51,556 INFO EBCR.N0000 OK
2026-05-11 16:31:51,670 INFO EML.N0000 OK
2026-05-11 16:31:51,681 INFO EAST.N0000 OK
2026-05-11 16:31:52,068 INFO EDEN.N0000 OK
2026-05-11 16:31:52,070 INFO CFVF.N0000 OK
2026-05-11 16:31:52,079 INFO EMER.N0000 OK
2026-05-11 16:31:52,100 INFO PACK.N0000 OK
2026-05-11 16:31:52,112 INFO ETWO.N0000 OK
2026-05-11 16:31:52,126 INFO ELPL.N0000 OK
2026-05-11 16:31:52,132 INFO EXT.N0000 OK
2026-05-11 16:31:52,228 INFO FCT.N0000 OK
2026-05-11 16:31:52,330 INFO GHLL.N0000 OK
2026-05-11 16:31:52,739 INFO WAPO.N0000 OK
2026-05-11 16:31:52,804 INFO GEST.N0000 OK
2026-05-11 16:31:52,826 INFO HARI.N0000 OK
2026-05-11 16:31:52,831 INFO HAPU.N0000 OK
2026-05-11 16:31:52,881 INFO HNB.N0000 OK
2026-05-11 16:31:52,884 INFO HPL.N0000 OK
2026-05-11 16:31:52,909 INFO HAYC.N0000 OK
2026-05-11 16:31:52,928 INFO HNB.X0000 OK
2026-05-11 16:31:52,930 INFO MEL.N0000 OK
2026-05-11 16:31:53,424 INFO MGT.N0000 OK
2026-05-11 16:31:53,439 INFO HEXP.N0000 OK
2026-05-11 16:31:53,479 INFO CONN.N0000 OK
2026-05-11 16:31:53,878 INFO HNBF.X0000 OK
2026-05-11 16:31:54,014 INFO CITH.N0000 OK
2026-05-11 16:31:54,025 INFO HAYL.N0000 OK
2026-05-11 16:31:54,040 INFO HHL.N0000 OK
2026-05-11 16:31:54,068 INFO HELA.N0000 OK
2026-05-11 16:31:54,117 INFO HSIG.N0000 OK
2026-05-11 16:31:54,138 INFO HOPL.N0000 OK
2026-05-11 16:31:54,143 INFO HNBF.N0000 OK
2026-05-11 16:31:54,144 INFO HASU.N0000 OK
2026-05-11 16:31:54,165 INFO HDFC.N0000 OK
2026-05-11 16:31:54,590 INFO HBS.N0000 OK
2026-05-11 16:31:54,657 INFO HUNA.N0000 OK
2026-05-11 16:31:54,711 INFO HVA.N0000 OK
2026-05-11 16:31:54,730 INFO HUNT.N0000 OK
2026-05-11 16:31:54,744 INFO ASPH.N0000 OK
2026-05-11 16:31:54,771 INFO JAT.N0000 OK
2026-05-11 16:31:54,805 INFO INME.N0000 OK
2026-05-11 16:31:54,832 INFO BFN.N0000 OK
2026-05-11 16:31:54,840 INFO JINS.N0000 OK
2026-05-11 16:31:54,890 INFO JETS.N0000 OK
2026-05-11 16:31:55,270 INFO JFP.N0000 OK
2026-05-11 16:31:55,376 INFO JKH.N0000 OK
2026-05-11 16:31:55,801 INFO KCAB.N0000 OK
2026-05-11 16:31:55,832 INFO KHL.N0000 OK
2026-05-11 16:31:55,848 INFO KPHL.N0000 OK
2026-05-11 16:31:55,871 INFO JKL.N0000 OK
2026-05-11 16:31:55,874 INFO KGAL.N0000 OK
2026-05-11 16:31:55,883 INFO KFP.N0000 OK
2026-05-11 16:31:55,935 INFO TYRE.N0000 OK
2026-05-11 16:31:55,937 INFO KAHA.N0000 OK
2026-05-11 16:31:55,963 INFO KDL.N0000 OK
2026-05-11 16:31:56,102 INFO KVAL.N0000 OK
2026-05-11 16:31:56,471 INFO CPRT.N0000 OK
2026-05-11 16:31:56,524 INFO KOTA.N0000 OK
2026-05-11 16:31:56,540 INFO LPRT.N0000 OK
2026-05-11 16:31:56,544 INFO LAMB.N0000 OK
2026-05-11 16:31:56,621 INFO LOLC.N0000 OK
2026-05-11 16:31:56,625 INFO LVEF.N0000 OK
2026-05-11 16:31:56,680 INFO CERA.N0000 OK
2026-05-11 16:31:56,689 INFO LALU.N0000 OK
2026-05-11 16:31:56,692 INFO ASHO.N0000 OK
2026-05-11 16:31:56,817 INFO LCBF.N0000 OK
2026-05-11 16:31:57,136 INFO LIOC.N0000 OK
2026-05-11 16:31:57,229 INFO LMF.N0000 OK
2026-05-11 16:31:57,250 INFO TILE.N0000 OK
2026-05-11 16:31:57,258 INFO ASCO.N0000 OK
2026-05-11 16:31:57,276 INFO LVEN.N0000 OK
2026-05-11 16:31:57,335 INFO LWL.N0000 OK
2026-05-11 16:31:57,356 INFO LCEY.N0000 OK
2026-05-11 16:31:57,375 INFO LDEV.N0000 OK
2026-05-11 16:31:57,398 INFO LGL.N0000 OK
2026-05-11 16:31:57,495 INFO LGL.X0000 OK
2026-05-11 16:31:57,836 INFO LPL.N0000 OK
2026-05-11 16:31:57,901 INFO LPL.X0000 OK
2026-05-11 16:31:57,930 INFO SHAW.N0000 OK
2026-05-11 16:31:57,939 INFO LITE.N0000 OK
2026-05-11 16:31:57,978 INFO LFIN.N0000 OK
2026-05-11 16:31:58,013 INFO LION.N0000 OK
2026-05-11 16:31:58,049 INFO LGIL.N0000 OK
2026-05-11 16:31:58,057 INFO HPFL.N0000 OK
2026-05-11 16:31:58,060 INFO LOFC.N0000 OK
2026-05-11 16:31:58,182 INFO LUMX.N0000 OK
2026-05-11 16:31:58,526 INFO MADU.N0000 OK
2026-05-11 16:31:58,583 INFO MFPE.N0000 OK
2026-05-11 16:31:58,586 INFO MRH.N0000 OK
2026-05-11 16:31:58,668 INFO MAL.X0000 OK
2026-05-11 16:31:58,671 INFO MAL.N0000 OK
2026-05-11 16:31:58,703 INFO MCPL.N0000 OK
2026-05-11 16:31:58,726 INFO MASK.N0000 OK
2026-05-11 16:31:58,743 INFO MELS.N0000 OK
2026-05-11 16:31:58,750 INFO MARA.N0000 OK
2026-05-11 16:31:58,838 INFO MERC.N0000 OK
2026-05-11 16:31:59,235 INFO MBSL.N0000 OK
2026-05-11 16:31:59,239 INFO MSL.N0000 OK
2026-05-11 16:31:59,275 INFO MHDL.N0000 OK
2026-05-11 16:31:59,334 INFO CSF.N0000 OK
2026-05-11 16:31:59,375 INFO MDL.N0000 OK
2026-05-11 16:31:59,402 INFO MULL.N0000 OK
2026-05-11 16:31:59,465 INFO NAMU.N0000 OK
2026-05-11 16:31:59,468 INFO NDB.N0000 OK
2026-05-11 16:31:59,472 INFO NTB.N0000 OK
2026-05-11 16:31:59,516 INFO NTB.X0000 OK
2026-05-11 16:31:59,906 INFO NHL.N0000 OK
2026-05-11 16:31:59,914 INFO OFEQ.N0000 OK
2026-05-11 16:31:59,926 INFO ODEL.N0000 OK
2026-05-11 16:32:00,004 INFO ONAL.N0000 OK
2026-05-11 16:32:00,081 INFO OSEA.N0000 OK
2026-05-11 16:32:00,103 INFO PALM.N0000 OK
2026-05-11 16:32:00,137 INFO PAP.N0000 OK
2026-05-11 16:32:00,182 INFO PARA.N0000 OK
2026-05-11 16:32:00,195 INFO PABC.N0000 OK
2026-05-11 16:32:00,221 INFO PEG.N0000 OK
2026-05-11 16:32:00,597 INFO PLC.N0000 OK
2026-05-11 16:32:00,610 INFO PINS.N0000 OK
2026-05-11 16:32:00,638 INFO GLAS.N0000 OK
2026-05-11 16:32:00,715 INFO PLR.N0000 OK
2026-05-11 16:32:00,757 INFO PMB.N0000 OK
2026-05-11 16:32:00,790 INFO CARE.N0000 OK
2026-05-11 16:32:00,806 INFO RIL.N0000 OK
2026-05-11 16:32:00,877 INFO RGEM.N0000 OK
2026-05-11 16:32:00,910 INFO RFL.N0000 OK
2026-05-11 16:32:01,021 INFO RWSL.N0000 OK
2026-05-11 16:32:01,345 INFO RENU.N0000 OK
2026-05-11 16:32:01,377 INFO COCO.N0000 OK
2026-05-11 16:32:01,429 INFO RHL.N0000 OK
2026-05-11 16:32:01,447 INFO COCO.X0000 OK
2026-05-11 16:32:01,457 INFO RHL.X0000 OK
2026-05-11 16:32:01,489 INFO RCH.N0000 OK
2026-05-11 16:32:01,576 INFO RICH.N0000 OK
2026-05-11 16:32:01,607 INFO RAL.N0000 OK
2026-05-11 16:32:01,618 INFO HPWR.N0000 OK
2026-05-11 16:32:01,674 INFO REXP.N0000 OK
2026-05-11 16:32:02,022 INFO SAMP.N0000 OK
2026-05-11 16:32:02,042 INFO RCL.N0000 OK
2026-05-11 16:32:02,124 INFO SDB.N0000 OK
2026-05-11 16:32:02,127 INFO SIL.N0000 OK
2026-05-11 16:32:02,151 INFO SDF.N0000 OK
2026-05-11 16:32:02,199 INFO RPBH.N0000 OK
2026-05-11 16:32:02,262 INFO SHOT.N0000 OK
2026-05-11 16:32:02,351 INFO SHOT.X0000 OK
2026-05-11 16:32:02,354 INFO SFCL.N0000 OK
2026-05-11 16:32:02,356 INFO SMOT.N0000 OK
2026-05-11 16:32:02,730 INFO SLND.N0000 OK
2026-05-11 16:32:02,768 INFO SEYB.N0000 OK
2026-05-11 16:32:02,820 INFO SEYB.X0000 OK
2026-05-11 16:32:02,845 INFO CSD.N0000 OK
2026-05-11 16:32:02,870 INFO SIRA.N0000 OK
2026-05-11 16:32:02,898 INFO SIGV.N0000 OK
2026-05-11 16:32:02,966 INFO SFIN.N0000 OK
2026-05-11 16:32:02,976 INFO SINS.N0000 OK
2026-05-11 16:32:03,080 INFO SEMB.N0000 OK
2026-05-11 16:32:03,142 INFO SINH.N0000 OK
2026-05-11 16:32:03,526 INFO SEMB.X0000 OK
2026-05-11 16:32:03,531 INFO CRL.N0000 OK
2026-05-11 16:32:03,548 INFO SUN.N0000 OK
2026-05-11 16:32:03,572 INFO SING.N0000 OK
2026-05-11 16:32:03,609 INFO AAIC.N0000 OK
2026-05-11 16:32:03,654 INFO SLTL.N0000 OK
2026-05-11 16:32:03,665 INFO SCAP.N0000 OK
2026-05-11 16:32:03,699 INFO SHL.N0000 OK
2026-05-11 16:32:03,751 INFO SWAD.N0000 OK
2026-05-11 16:32:03,876 INFO PARQ.N0000 OK
2026-05-11 16:32:04,217 INFO TAJ.N0000 OK
2026-05-11 16:32:04,251 INFO TPL.N0000 OK
2026-05-11 16:32:04,276 INFO TSML.N0000 OK
2026-05-11 16:32:04,282 INFO TANG.N0000 OK
2026-05-11 16:32:04,306 INFO TJL.N0000 OK
2026-05-11 16:32:04,347 INFO TESS.X0000 OK
2026-05-11 16:32:04,388 INFO LHL.N0000 OK
2026-05-11 16:32:04,395 INFO TESS.N0000 OK
2026-05-11 16:32:04,455 INFO AUTO.N0000 OK
2026-05-11 16:32:04,577 INFO CFLB.N0000 OK
2026-05-11 16:32:04,937 INFO RHTL.N0000 OK
2026-05-11 16:32:04,937 INFO KHC.N0000 OK
2026-05-11 16:32:04,986 INFO NEH.N0000 OK
2026-05-11 16:32:04,998 INFO LHCL.N0000 OK
2026-05-11 16:32:05,024 INFO TAFL.N0000 OK
2026-05-11 16:32:05,052 INFO SERV.N0000 OK
2026-05-11 16:32:05,076 INFO TKYO.N0000 OK
2026-05-11 16:32:05,089 INFO TKYO.X0000 OK
2026-05-11 16:32:05,145 INFO TRAN.N0000 OK
2026-05-11 16:32:05,284 INFO UBF.N0000 OK
2026-05-11 16:32:05,604 INFO UDPL.N0000 OK
2026-05-11 16:32:05,651 INFO UAL.N0000 OK
2026-05-11 16:32:05,686 INFO UBC.N0000 OK
2026-05-11 16:32:05,697 INFO UCAR.N0000 OK
2026-05-11 16:32:05,750 INFO VONE.N0000 OK
2026-05-11 16:32:05,753 INFO UML.N0000 OK
2026-05-11 16:32:05,768 INFO VFIN.N0000 OK
2026-05-11 16:32:05,815 INFO VPEL.N0000 OK
2026-05-11 16:32:05,851 INFO VLL.N0000 OK
2026-05-11 16:32:05,980 INFO VLL.X0000 OK
2026-05-11 16:32:06,281 INFO CITW.N0000 OK
2026-05-11 16:32:06,375 INFO WATA.N0000 OK
2026-05-11 16:32:06,410 INFO YORK.N0000 OK
2026-05-11 16:32:06,432 INFO WIND.N0000 OK
2026-05-11 16:32:06,473 INFO JXG.N0000 OK
2026-05-11 16:32:06,479 INFO WLTH.N0000 OK
2026-05-11 16:32:06,496 INFO Wrote 302 rows to /home/runner/work/cse-scraper/cse-scraper/data/2026-05-11/all_company_info_2026-05-11.csv
2026-05-11 16:32:06,496 INFO Symbols: 302, success: 302, failures: 0
