2026-07-07 16:27:58,878 INFO Saved: data/2026-07-07/tradeSummary_2026-07-07.json
2026-07-07 16:27:59,738 INFO Saved: data/2026-07-07/todaySharePrice_2026-07-07.json
2026-07-07 16:28:00,610 INFO Saved: data/2026-07-07/topGainers_2026-07-07.json
2026-07-07 16:28:01,581 INFO Saved: data/2026-07-07/topLooses_2026-07-07.json
2026-07-07 16:28:02,743 INFO Saved: data/2026-07-07/mostActiveTrades_2026-07-07.json
2026-07-07 16:28:03,297 INFO Saved: data/2026-07-07/marketSummery_2026-07-07.json
2026-07-07 16:28:04,173 INFO Saved: data/2026-07-07/aspiData_2026-07-07.json
2026-07-07 16:28:04,977 INFO Saved: data/2026-07-07/snpData_2026-07-07.json
2026-07-07 16:28:05,523 INFO Saved: data/2026-07-07/allSectors_2026-07-07.json
2026-07-07 16:28:06,423 INFO Saved: data/2026-07-07/detailedTrades_2026-07-07.json
2026-07-07 16:28:09,323 INFO Saved: data/2026-07-07/dailyMarketSummery_2026-07-07.json
2026-07-07 16:28:09,955 INFO Saved: data/2026-07-07/getContributors_2026-07-07.json
2026-07-07 16:28:10,825 INFO Saved: data/2026-07-07/getContributorsChart_2026-07-07.json
2026-07-07 16:28:10,825 INFO Saved 13 files (0 errors)
2026-07-07 16:28:12,055 INFO ACL.N0000 OK
2026-07-07 16:28:12,193 INFO AFSL.N0000 OK
2026-07-07 16:28:12,200 INFO ABAN.N0000 OK
2026-07-07 16:28:12,206 INFO AEL.N0000 OK
2026-07-07 16:28:12,332 INFO APLA.N0000 OK
2026-07-07 16:28:12,336 INFO ACME.N0000 OK
2026-07-07 16:28:12,348 INFO AGAL.N0000 OK
2026-07-07 16:28:12,351 INFO AGST.X0000 OK
2026-07-07 16:28:12,547 INFO AGST.N0000 OK
2026-07-07 16:28:12,554 INFO AGPL.N0000 OK
2026-07-07 16:28:12,661 INFO AHUN.N0000 OK
2026-07-07 16:28:12,749 INFO SPEN.N0000 OK
2026-07-07 16:28:12,768 INFO ALLI.N0000 OK
2026-07-07 16:28:12,840 INFO AFS.N0000 OK
2026-07-07 16:28:12,880 INFO ALUM.N0000 OK
2026-07-07 16:28:13,500 INFO GREG.N0000 OK
2026-07-07 16:28:13,504 INFO AINS.N0000 OK
2026-07-07 16:28:13,523 INFO ATL.N0000 OK
2026-07-07 16:28:13,526 INFO ALHP.N0000 OK
2026-07-07 16:28:13,527 INFO AAF.N0000 OK
2026-07-07 16:28:13,530 INFO ACAP.N0000 OK
2026-07-07 16:28:13,586 INFO AMCL.N0000 OK
2026-07-07 16:28:13,615 INFO ATLL.N0000 OK
2026-07-07 16:28:13,619 INFO TAP.N0000 OK
2026-07-07 16:28:13,621 INFO ABL.N0000 OK
2026-07-07 16:28:14,104 INFO AHPL.N0000 OK
2026-07-07 16:28:14,112 INFO ASIY.N0000 OK
2026-07-07 16:28:14,212 INFO AMSL.N0000 OK
2026-07-07 16:28:14,221 INFO BPPL.N0000 OK
2026-07-07 16:28:14,229 INFO BFL.N0000 OK
2026-07-07 16:28:14,339 INFO AMF.N0000 OK
2026-07-07 16:28:14,344 INFO ASIR.N0000 OK
2026-07-07 16:28:14,509 INFO BRR.N0000 OK
2026-07-07 16:28:14,557 INFO BERU.N0000 OK
2026-07-07 16:28:14,577 INFO BALA.N0000 OK
2026-07-07 16:28:15,248 INFO BIL.N0000 OK
2026-07-07 16:28:15,248 INFO CIC.N0000 OK
2026-07-07 16:28:15,257 INFO BLUE.N0000 OK
2026-07-07 16:28:15,297 INFO BLUE.X0000 OK
2026-07-07 16:28:15,302 INFO BOGA.N0000 OK
2026-07-07 16:28:15,305 INFO BLI.N0000 OK
2026-07-07 16:28:15,307 INFO BOPL.N0000 OK
2026-07-07 16:28:15,311 INFO CIC.X0000 OK
2026-07-07 16:28:15,313 INFO BRWN.N0000 OK
2026-07-07 16:28:15,358 INFO BUKI.N0000 OK
2026-07-07 16:28:16,234 INFO CALT.N0000 OK
2026-07-07 16:28:16,237 INFO COLO.N0000 OK
2026-07-07 16:28:16,238 INFO CARG.N0000 OK
2026-07-07 16:28:16,250 INFO CABO.N0000 OK
2026-07-07 16:28:16,255 INFO CTLD.N0000 OK
2026-07-07 16:28:16,267 INFO CALH.N0000 OK
2026-07-07 16:28:16,269 INFO CBNK.N0000 OK
2026-07-07 16:28:16,297 INFO CSLK.N0000 OK
2026-07-07 16:28:16,308 INFO CWM.N0000 OK
2026-07-07 16:28:16,324 INFO CTHR.N0000 OK
2026-07-07 16:28:17,351 INFO CARS.N0000 OK
2026-07-07 16:28:17,370 INFO CINS.X0000 OK
2026-07-07 16:28:17,386 INFO CIND.N0000 OK
2026-07-07 16:28:17,393 INFO CCS.N0000 OK
2026-07-07 16:28:17,396 INFO CFIN.N0000 OK
2026-07-07 16:28:17,399 INFO CHL.N0000 OK
2026-07-07 16:28:17,415 INFO GRAN.N0000 OK
2026-07-07 16:28:17,446 INFO CINS.N0000 OK
2026-07-07 16:28:17,446 INFO BREW.N0000 OK
2026-07-07 16:28:17,453 INFO GUAR.N0000 OK
2026-07-07 16:28:18,471 INFO KZOO.N0000 OK
2026-07-07 16:28:18,472 INFO CHMX.N0000 OK
2026-07-07 16:28:18,478 INFO CWL.N0000 OK
2026-07-07 16:28:18,542 INFO CINV.N0000 OK
2026-07-07 16:28:18,543 INFO CHL.X0000 OK
2026-07-07 16:28:18,547 INFO CTC.N0000 OK
2026-07-07 16:28:18,577 INFO CHOT.N0000 OK
2026-07-07 16:28:18,600 INFO LLUB.N0000 OK
2026-07-07 16:28:18,620 INFO CDB.N0000 OK
2026-07-07 16:28:18,626 INFO CTBL.N0000 OK
2026-07-07 16:28:19,521 INFO CHOU.N0000 OK
2026-07-07 16:28:19,522 INFO CIT.N0000 OK
2026-07-07 16:28:19,527 INFO CDB.X0000 OK
2026-07-07 16:28:19,530 INFO PHAR.N0000 OK
2026-07-07 16:28:19,533 INFO CFI.N0000 OK
2026-07-07 16:28:19,534 INFO COOP.N0000 OK
2026-07-07 16:28:19,600 INFO REEF.N0000 OK
2026-07-07 16:28:19,606 INFO DOCK.N0000 OK
2026-07-07 16:28:19,606 INFO CLND.N0000 OK
2026-07-07 16:28:19,622 INFO COMB.N0000 OK
2026-07-07 16:28:20,086 INFO COCR.N0000 OK
2026-07-07 16:28:20,094 INFO COMB.X0000 OK
2026-07-07 16:28:20,456 INFO DFCC.N0000 OK
2026-07-07 16:28:20,468 INFO DIMO.N0000 OK
2026-07-07 16:28:20,490 INFO COMD.N0000 OK
2026-07-07 16:28:20,503 INFO PKME.N0000 OK
2026-07-07 16:28:20,506 INFO DIAL.N0000 OK
2026-07-07 16:28:20,540 INFO SOY.N0000 OK
2026-07-07 16:28:20,576 INFO CALF.N0000 OK
2026-07-07 16:28:20,579 INFO DPL.N0000 OK
2026-07-07 16:28:21,144 INFO EAST.N0000 OK
2026-07-07 16:28:21,179 INFO ECL.N0000 OK
2026-07-07 16:28:21,184 INFO CTEA.N0000 OK
2026-07-07 16:28:21,201 INFO EBCR.N0000 OK
2026-07-07 16:28:21,213 INFO STAF.N0000 OK
2026-07-07 16:28:21,224 INFO DIST.N0000 OK
2026-07-07 16:28:21,257 INFO EMER.N0000 OK
2026-07-07 16:28:21,279 INFO DIPD.N0000 OK
2026-07-07 16:28:21,282 INFO EML.N0000 OK
2026-07-07 16:28:22,171 INFO PACK.N0000 OK
2026-07-07 16:28:22,183 INFO ETWO.N0000 OK
2026-07-07 16:28:22,186 INFO FCT.N0000 OK
2026-07-07 16:28:22,189 INFO EXT.N0000 OK
2026-07-07 16:28:22,193 INFO GEST.N0000 OK
2026-07-07 16:28:22,196 INFO CFVF.N0000 OK
2026-07-07 16:28:22,230 INFO ELPL.N0000 OK
2026-07-07 16:28:22,253 INFO GHLL.N0000 OK
2026-07-07 16:28:22,263 INFO WAPO.N0000 OK
2026-07-07 16:28:22,272 INFO EDEN.N0000 OK
2026-07-07 16:28:22,717 INFO MEL.N0000 OK
2026-07-07 16:28:23,167 INFO HNB.N0000 OK
2026-07-07 16:28:23,170 INFO HNB.X0000 OK
2026-07-07 16:28:23,173 INFO HARI.N0000 OK
2026-07-07 16:28:23,181 INFO CONN.N0000 OK
2026-07-07 16:28:23,186 INFO HPL.N0000 OK
2026-07-07 16:28:23,241 INFO MGT.N0000 OK
2026-07-07 16:28:23,245 INFO HAYC.N0000 OK
2026-07-07 16:28:23,248 INFO HEXP.N0000 OK
2026-07-07 16:28:23,270 INFO HAPU.N0000 OK
2026-07-07 16:28:23,962 INFO CITH.N0000 OK
2026-07-07 16:28:23,975 INFO HASU.N0000 OK
2026-07-07 16:28:23,979 INFO HAYL.N0000 OK
2026-07-07 16:28:23,981 INFO HOPL.N0000 OK
2026-07-07 16:28:23,987 INFO HELA.N0000 OK
2026-07-07 16:28:23,990 INFO HHL.N0000 OK
2026-07-07 16:28:23,993 INFO HSIG.N0000 OK
2026-07-07 16:28:23,996 INFO HDFC.N0000 OK
2026-07-07 16:28:24,044 INFO HNBF.N0000 OK
2026-07-07 16:28:24,048 INFO HNBF.X0000 OK
2026-07-07 16:28:24,569 INFO HUNT.N0000 OK
2026-07-07 16:28:24,584 INFO HBS.N0000 OK
2026-07-07 16:28:24,587 INFO JINS.N0000 OK
2026-07-07 16:28:24,638 INFO HVA.N0000 OK
2026-07-07 16:28:24,706 INFO ASPH.N0000 OK
2026-07-07 16:28:24,707 INFO HUNA.N0000 OK
2026-07-07 16:28:24,712 INFO INME.N0000 OK
2026-07-07 16:28:24,741 INFO BFN.N0000 OK
2026-07-07 16:28:25,195 INFO JETS.N0000 OK
2026-07-07 16:28:25,220 INFO JFP.N0000 OK
2026-07-07 16:28:25,228 INFO JKL.N0000 OK
2026-07-07 16:28:25,269 INFO KPHL.N0000 OK
2026-07-07 16:28:25,283 INFO JKH.N0000 OK
2026-07-07 16:28:25,297 INFO JAT.N0000 OK
2026-07-07 16:28:25,305 INFO KHL.N0000 OK
2026-07-07 16:28:25,328 INFO KAHA.N0000 OK
2026-07-07 16:28:25,532 INFO KFP.N0000 OK
2026-07-07 16:28:25,596 INFO KGAL.N0000 OK
2026-07-07 16:28:25,822 INFO KDL.N0000 OK
2026-07-07 16:28:25,831 INFO KCAB.N0000 OK
2026-07-07 16:28:25,848 INFO TYRE.N0000 OK
2026-07-07 16:28:25,856 INFO KVAL.N0000 OK
2026-07-07 16:28:25,859 INFO KOTA.N0000 OK
2026-07-07 16:28:25,859 INFO CPRT.N0000 OK
2026-07-07 16:28:25,876 INFO LAMB.N0000 OK
2026-07-07 16:28:25,891 INFO LOLC.N0000 OK
2026-07-07 16:28:26,161 INFO LVEF.N0000 OK
2026-07-07 16:28:26,219 INFO LPRT.N0000 OK
2026-07-07 16:28:26,841 INFO LALU.N0000 OK
2026-07-07 16:28:26,848 INFO LIOC.N0000 OK
2026-07-07 16:28:26,849 INFO CERA.N0000 OK
2026-07-07 16:28:26,851 INFO LMF.N0000 OK
2026-07-07 16:28:26,857 INFO LCBF.N0000 OK
2026-07-07 16:28:26,861 INFO TILE.N0000 OK
2026-07-07 16:28:26,861 INFO ASCO.N0000 OK
2026-07-07 16:28:26,880 INFO ASHO.N0000 OK
2026-07-07 16:28:26,887 INFO LVEN.N0000 OK
2026-07-07 16:28:26,926 INFO LWL.N0000 OK
2026-07-07 16:28:27,453 INFO LDEV.N0000 OK
2026-07-07 16:28:27,456 INFO LGL.N0000 OK
2026-07-07 16:28:27,460 INFO LGL.X0000 OK
2026-07-07 16:28:27,460 INFO LPL.N0000 OK
2026-07-07 16:28:27,465 INFO LCEY.N0000 OK
2026-07-07 16:28:28,298 INFO LION.N0000 OK
2026-07-07 16:28:28,299 INFO LGIL.N0000 OK
2026-07-07 16:28:28,313 INFO MADU.N0000 OK
2026-07-07 16:28:28,385 INFO LPL.X0000 OK
2026-07-07 16:28:28,388 INFO LOFC.N0000 OK
2026-07-07 16:28:28,419 INFO LFIN.N0000 OK
2026-07-07 16:28:28,429 INFO HPFL.N0000 OK
2026-07-07 16:28:28,432 INFO SHAW.N0000 OK
2026-07-07 16:28:28,435 INFO LITE.N0000 OK
2026-07-07 16:28:28,438 INFO LUMX.N0000 OK
2026-07-07 16:28:28,866 INFO MCPL.N0000 OK
2026-07-07 16:28:28,885 INFO MFPE.N0000 OK
2026-07-07 16:28:28,958 INFO MRH.N0000 OK
2026-07-07 16:28:29,006 INFO MAL.X0000 OK
2026-07-07 16:28:29,067 INFO MAL.N0000 OK
2026-07-07 16:28:29,070 INFO MARA.N0000 OK
2026-07-07 16:28:29,090 INFO MERC.N0000 OK
2026-07-07 16:28:29,140 INFO MASK.N0000 OK
2026-07-07 16:28:29,144 INFO MELS.N0000 OK
2026-07-07 16:28:29,149 INFO MSL.N0000 OK
2026-07-07 16:28:29,435 INFO MHDL.N0000 OK
2026-07-07 16:28:29,472 INFO MBSL.N0000 OK
2026-07-07 16:28:29,512 INFO MULL.N0000 OK
2026-07-07 16:28:29,616 INFO MDL.N0000 OK
2026-07-07 16:28:29,639 INFO CSF.N0000 OK
2026-07-07 16:28:29,655 INFO NDB.N0000 OK
2026-07-07 16:28:29,742 INFO NAMU.N0000 OK
2026-07-07 16:28:30,098 INFO NTB.X0000 OK
2026-07-07 16:28:30,110 INFO ODEL.N0000 OK
2026-07-07 16:28:30,111 INFO NHL.N0000 OK
2026-07-07 16:28:30,116 INFO OFEQ.N0000 OK
2026-07-07 16:28:30,138 INFO ONAL.N0000 OK
2026-07-07 16:28:30,167 INFO OSEA.N0000 OK
2026-07-07 16:28:30,168 INFO NTB.N0000 OK
2026-07-07 16:28:30,258 INFO PALM.N0000 OK
2026-07-07 16:28:30,281 INFO PABC.N0000 OK
2026-07-07 16:28:30,366 INFO PAP.N0000 OK
2026-07-07 16:28:30,681 INFO PARA.N0000 OK
2026-07-07 16:28:30,737 INFO PINS.N0000 OK
2026-07-07 16:28:30,740 INFO GLAS.N0000 OK
2026-07-07 16:28:30,754 INFO PEG.N0000 OK
2026-07-07 16:28:30,758 INFO PLR.N0000 OK
2026-07-07 16:28:30,761 INFO PMB.N0000 OK
2026-07-07 16:28:30,805 INFO PLC.N0000 OK
2026-07-07 16:28:30,865 INFO CARE.N0000 OK
2026-07-07 16:28:30,890 INFO RIL.N0000 OK
2026-07-07 16:28:30,988 INFO RGEM.N0000 OK
2026-07-07 16:28:31,295 INFO RWSL.N0000 OK
2026-07-07 16:28:31,319 INFO RAL.N0000 OK
2026-07-07 16:28:31,399 INFO RFL.N0000 OK
2026-07-07 16:28:31,410 INFO RHL.X0000 OK
2026-07-07 16:28:31,424 INFO RENU.N0000 OK
2026-07-07 16:28:31,438 INFO RCH.N0000 OK
2026-07-07 16:28:31,441 INFO COCO.N0000 OK
2026-07-07 16:28:31,444 INFO RHL.N0000 OK
2026-07-07 16:28:31,461 INFO COCO.X0000 OK
2026-07-07 16:28:31,539 INFO HPWR.N0000 OK
2026-07-07 16:28:31,909 INFO RICH.N0000 OK
2026-07-07 16:28:31,940 INFO REXP.N0000 OK
2026-07-07 16:28:31,950 INFO RCL.N0000 OK
2026-07-07 16:28:31,977 INFO RPBH.N0000 OK
2026-07-07 16:28:32,035 INFO SAMP.N0000 OK
2026-07-07 16:28:32,045 INFO SDF.N0000 OK
2026-07-07 16:28:32,052 INFO SMOT.N0000 OK
2026-07-07 16:28:32,058 INFO SIL.N0000 OK
2026-07-07 16:28:32,112 INFO SDB.N0000 OK
2026-07-07 16:28:32,153 INFO SFCL.N0000 OK
2026-07-07 16:28:32,455 INFO SHOT.N0000 OK
2026-07-07 16:28:32,508 INFO SLND.N0000 OK
2026-07-07 16:28:32,561 INFO SHOT.X0000 OK
2026-07-07 16:28:32,599 INFO SEYB.N0000 OK
2026-07-07 16:28:32,636 INFO SIRA.N0000 OK
2026-07-07 16:28:32,645 INFO SEYB.X0000 OK
2026-07-07 16:28:32,679 INFO SIGV.N0000 OK
2026-07-07 16:28:32,699 INFO SFIN.N0000 OK
2026-07-07 16:28:32,705 INFO CSD.N0000 OK
2026-07-07 16:28:32,741 INFO SINS.N0000 OK
2026-07-07 16:28:33,118 INFO SEMB.N0000 OK
2026-07-07 16:28:33,136 INFO SINH.N0000 OK
2026-07-07 16:28:33,144 INFO SCAP.N0000 OK
2026-07-07 16:28:33,177 INFO SEMB.X0000 OK
2026-07-07 16:28:33,223 INFO AAIC.N0000 OK
2026-07-07 16:28:33,251 INFO CRL.N0000 OK
2026-07-07 16:28:33,257 INFO SHL.N0000 OK
2026-07-07 16:28:33,265 INFO SING.N0000 OK
2026-07-07 16:28:33,313 INFO SLTL.N0000 OK
2026-07-07 16:28:33,347 INFO SUN.N0000 OK
2026-07-07 16:28:33,677 INFO SWAD.N0000 OK
2026-07-07 16:28:33,788 INFO PARQ.N0000 OK
2026-07-07 16:28:33,799 INFO TAJ.N0000 OK
2026-07-07 16:28:33,802 INFO TPL.N0000 OK
2026-07-07 16:28:33,833 INFO TSML.N0000 OK
2026-07-07 16:28:33,839 INFO TJL.N0000 OK
2026-07-07 16:28:33,866 INFO TESS.X0000 OK
2026-07-07 16:28:33,868 INFO TANG.N0000 OK
2026-07-07 16:28:33,891 INFO LHL.N0000 OK
2026-07-07 16:28:33,924 INFO TESS.N0000 OK
2026-07-07 16:28:34,289 INFO AUTO.N0000 OK
2026-07-07 16:28:34,370 INFO RHTL.N0000 OK
2026-07-07 16:28:34,374 INFO KHC.N0000 OK
2026-07-07 16:28:34,409 INFO CFLB.N0000 OK
2026-07-07 16:28:34,414 INFO LHCL.N0000 OK
2026-07-07 16:28:34,463 INFO NEH.N0000 OK
2026-07-07 16:28:34,476 INFO TAFL.N0000 OK
2026-07-07 16:28:34,479 INFO SERV.N0000 OK
2026-07-07 16:28:34,514 INFO TKYO.N0000 OK
2026-07-07 16:28:34,535 INFO TKYO.X0000 OK
2026-07-07 16:28:34,967 INFO UAL.N0000 OK
2026-07-07 16:28:35,027 INFO UCAR.N0000 OK
2026-07-07 16:28:35,030 INFO TRAN.N0000 OK
2026-07-07 16:28:35,049 INFO UDPL.N0000 OK
2026-07-07 16:28:35,055 INFO UML.N0000 OK
2026-07-07 16:28:35,063 INFO UBF.N0000 OK
2026-07-07 16:28:35,065 INFO VFIN.N0000 OK
2026-07-07 16:28:35,075 INFO VONE.N0000 OK
2026-07-07 16:28:35,085 INFO VPEL.N0000 OK
2026-07-07 16:28:35,155 INFO UBC.N0000 OK
2026-07-07 16:28:35,515 INFO VLL.N0000 OK
2026-07-07 16:28:35,630 INFO VLL.X0000 OK
2026-07-07 16:28:35,653 INFO WATA.N0000 OK
2026-07-07 16:28:35,675 INFO WLTH.N0000 OK
2026-07-07 16:28:35,679 INFO WIND.N0000 OK
2026-07-07 16:28:35,683 INFO CITW.N0000 OK
2026-07-07 16:28:35,725 INFO JXG.N0000 OK
2026-07-07 16:28:35,738 INFO YORK.N0000 OK
2026-07-07 16:28:35,755 INFO Wrote 302 rows to /home/runner/work/cse-scraper/cse-scraper/data/2026-07-07/all_company_info_2026-07-07.csv
2026-07-07 16:28:35,755 INFO Symbols: 302, success: 302, failures: 0
