2026-06-26 16:13:33,038 INFO Saved: data/2026-06-26/tradeSummary_2026-06-26.json
2026-06-26 16:13:34,113 INFO Saved: data/2026-06-26/todaySharePrice_2026-06-26.json
2026-06-26 16:13:35,431 INFO Saved: data/2026-06-26/topGainers_2026-06-26.json
2026-06-26 16:13:36,594 INFO Saved: data/2026-06-26/topLooses_2026-06-26.json
2026-06-26 16:13:38,109 INFO Saved: data/2026-06-26/mostActiveTrades_2026-06-26.json
2026-06-26 16:13:38,835 INFO Saved: data/2026-06-26/marketSummery_2026-06-26.json
2026-06-26 16:13:39,930 INFO Saved: data/2026-06-26/aspiData_2026-06-26.json
2026-06-26 16:13:41,410 INFO Saved: data/2026-06-26/snpData_2026-06-26.json
2026-06-26 16:13:42,377 INFO Saved: data/2026-06-26/allSectors_2026-06-26.json
2026-06-26 16:13:43,902 INFO Saved: data/2026-06-26/detailedTrades_2026-06-26.json
2026-06-26 16:13:46,271 INFO Saved: data/2026-06-26/dailyMarketSummery_2026-06-26.json
2026-06-26 16:13:47,055 INFO Saved: data/2026-06-26/getContributors_2026-06-26.json
2026-06-26 16:13:48,577 INFO Saved: data/2026-06-26/getContributorsChart_2026-06-26.json
2026-06-26 16:13:48,578 INFO Saved 13 files (0 errors)
2026-06-26 16:13:50,325 INFO AGPL.N0000 OK
2026-06-26 16:13:50,389 INFO AEL.N0000 OK
2026-06-26 16:13:50,465 INFO AFSL.N0000 OK
2026-06-26 16:13:50,478 INFO ACL.N0000 OK
2026-06-26 16:13:50,481 INFO AGST.N0000 OK
2026-06-26 16:13:50,483 INFO AGST.X0000 OK
2026-06-26 16:13:50,509 INFO APLA.N0000 OK
2026-06-26 16:13:50,516 INFO AGAL.N0000 OK
2026-06-26 16:13:50,519 INFO ABAN.N0000 OK
2026-06-26 16:13:50,525 INFO ACME.N0000 OK
2026-06-26 16:13:51,832 INFO SPEN.N0000 OK
2026-06-26 16:13:51,858 INFO ALLI.N0000 OK
2026-06-26 16:13:51,883 INFO AHUN.N0000 OK
2026-06-26 16:13:51,886 INFO GREG.N0000 OK
2026-06-26 16:13:51,889 INFO ATL.N0000 OK
2026-06-26 16:13:51,900 INFO TAP.N0000 OK
2026-06-26 16:13:51,906 INFO ATLL.N0000 OK
2026-06-26 16:13:51,914 INFO ABL.N0000 OK
2026-06-26 16:13:51,914 INFO AFS.N0000 OK
2026-06-26 16:13:51,918 INFO ALUM.N0000 OK
2026-06-26 16:13:52,587 INFO ALHP.N0000 OK
2026-06-26 16:13:52,591 INFO AMCL.N0000 OK
2026-06-26 16:13:52,738 INFO ACAP.N0000 OK
2026-06-26 16:13:52,802 INFO AINS.N0000 OK
2026-06-26 16:13:52,811 INFO AMF.N0000 OK
2026-06-26 16:13:52,815 INFO AHPL.N0000 OK
2026-06-26 16:13:52,835 INFO AAF.N0000 OK
2026-06-26 16:13:52,840 INFO ASIR.N0000 OK
2026-06-26 16:13:52,843 INFO ASIY.N0000 OK
2026-06-26 16:13:52,873 INFO AMSL.N0000 OK
2026-06-26 16:13:53,373 INFO BPPL.N0000 OK
2026-06-26 16:13:53,607 INFO BLI.N0000 OK
2026-06-26 16:13:53,623 INFO BALA.N0000 OK
2026-06-26 16:13:53,655 INFO BRR.N0000 OK
2026-06-26 16:13:53,731 INFO BERU.N0000 OK
2026-06-26 16:13:53,743 INFO BFL.N0000 OK
2026-06-26 16:13:53,900 INFO BLUE.N0000 OK
2026-06-26 16:13:53,912 INFO BLUE.X0000 OK
2026-06-26 16:13:53,973 INFO BOPL.N0000 OK
2026-06-26 16:13:54,000 INFO BOGA.N0000 OK
2026-06-26 16:13:54,178 INFO BRWN.N0000 OK
2026-06-26 16:13:54,394 INFO BIL.N0000 OK
2026-06-26 16:13:54,404 INFO BUKI.N0000 OK
2026-06-26 16:13:54,446 INFO CIC.N0000 OK
2026-06-26 16:13:54,533 INFO CIC.X0000 OK
2026-06-26 16:13:54,541 INFO COLO.N0000 OK
2026-06-26 16:13:54,680 INFO CTHR.N0000 OK
2026-06-26 16:13:55,014 INFO CSLK.N0000 OK
2026-06-26 16:13:55,034 INFO CTLD.N0000 OK
2026-06-26 16:13:55,053 INFO CWM.N0000 OK
2026-06-26 16:13:55,062 INFO CALH.N0000 OK
2026-06-26 16:13:55,187 INFO CALT.N0000 OK
2026-06-26 16:13:55,446 INFO CABO.N0000 OK
2026-06-26 16:13:55,481 INFO CARG.N0000 OK
2026-06-26 16:13:55,494 INFO CBNK.N0000 OK
2026-06-26 16:13:55,498 INFO CARS.N0000 OK
2026-06-26 16:13:56,011 INFO BREW.N0000 OK
2026-06-26 16:13:56,024 INFO CINS.X0000 OK
2026-06-26 16:13:56,044 INFO CINS.N0000 OK
2026-06-26 16:13:56,047 INFO CFIN.N0000 OK
2026-06-26 16:13:56,050 INFO CIND.N0000 OK
2026-06-26 16:13:56,232 INFO CCS.N0000 OK
2026-06-26 16:13:56,260 INFO GRAN.N0000 OK
2026-06-26 16:13:56,537 INFO CHL.X0000 OK
2026-06-26 16:13:56,545 INFO GUAR.N0000 OK
2026-06-26 16:13:56,568 INFO CHL.N0000 OK
2026-06-26 16:13:56,806 INFO CHOT.N0000 OK
2026-06-26 16:13:56,857 INFO CINV.N0000 OK
2026-06-26 16:13:56,887 INFO CTBL.N0000 OK
2026-06-26 16:13:56,890 INFO KZOO.N0000 OK
2026-06-26 16:13:56,895 INFO CTC.N0000 OK
2026-06-26 16:13:57,297 INFO LLUB.N0000 OK
2026-06-26 16:13:57,302 INFO CHMX.N0000 OK
2026-06-26 16:13:57,342 INFO CWL.N0000 OK
2026-06-26 16:13:57,361 INFO CDB.X0000 OK
2026-06-26 16:13:57,376 INFO CDB.N0000 OK
2026-06-26 16:13:57,577 INFO CHOU.N0000 OK
2026-06-26 16:13:57,604 INFO REEF.N0000 OK
2026-06-26 16:13:57,702 INFO PHAR.N0000 OK
2026-06-26 16:13:57,712 INFO COOP.N0000 OK
2026-06-26 16:13:57,869 INFO DOCK.N0000 OK
2026-06-26 16:13:58,089 INFO CFI.N0000 OK
2026-06-26 16:13:58,553 INFO COCR.N0000 OK
2026-06-26 16:13:58,556 INFO COMB.X0000 OK
2026-06-26 16:13:58,596 INFO COMB.N0000 OK
2026-06-26 16:13:58,602 INFO COMD.N0000 OK
2026-06-26 16:13:58,614 INFO SOY.N0000 OK
2026-06-26 16:13:58,617 INFO CLND.N0000 OK
2026-06-26 16:13:58,617 INFO DPL.N0000 OK
2026-06-26 16:13:58,698 INFO DFCC.N0000 OK
2026-06-26 16:13:58,713 INFO CIT.N0000 OK
2026-06-26 16:13:58,808 INFO DIAL.N0000 OK
2026-06-26 16:13:59,359 INFO DIMO.N0000 OK
2026-06-26 16:13:59,375 INFO CALF.N0000 OK
2026-06-26 16:13:59,803 INFO DIST.N0000 OK
2026-06-26 16:13:59,806 INFO STAF.N0000 OK
2026-06-26 16:13:59,847 INFO DIPD.N0000 OK
2026-06-26 16:13:59,849 INFO CTEA.N0000 OK
2026-06-26 16:13:59,853 INFO PKME.N0000 OK
2026-06-26 16:13:59,853 INFO EML.N0000 OK
2026-06-26 16:13:59,873 INFO EBCR.N0000 OK
2026-06-26 16:13:59,878 INFO ECL.N0000 OK
2026-06-26 16:14:00,151 INFO EAST.N0000 OK
2026-06-26 16:14:00,182 INFO EMER.N0000 OK
2026-06-26 16:14:00,629 INFO EDEN.N0000 OK
2026-06-26 16:14:00,640 INFO ELPL.N0000 OK
2026-06-26 16:14:00,683 INFO GHLL.N0000 OK
2026-06-26 16:14:00,693 INFO PACK.N0000 OK
2026-06-26 16:14:00,703 INFO CFVF.N0000 OK
2026-06-26 16:14:00,733 INFO FCT.N0000 OK
2026-06-26 16:14:00,738 INFO ETWO.N0000 OK
2026-06-26 16:14:00,759 INFO EXT.N0000 OK
2026-06-26 16:14:00,970 INFO GEST.N0000 OK
2026-06-26 16:14:00,972 INFO WAPO.N0000 OK
2026-06-26 16:14:01,457 INFO MEL.N0000 OK
2026-06-26 16:14:01,459 INFO HAPU.N0000 OK
2026-06-26 16:14:01,488 INFO HARI.N0000 OK
2026-06-26 16:14:01,499 INFO HPL.N0000 OK
2026-06-26 16:14:01,517 INFO HNB.N0000 OK
2026-06-26 16:14:01,560 INFO HAYC.N0000 OK
2026-06-26 16:14:01,572 INFO MGT.N0000 OK
2026-06-26 16:14:01,580 INFO HNB.X0000 OK
2026-06-26 16:14:01,792 INFO HEXP.N0000 OK
2026-06-26 16:14:01,871 INFO CONN.N0000 OK
2026-06-26 16:14:02,196 INFO HAYL.N0000 OK
2026-06-26 16:14:02,197 INFO HELA.N0000 OK
2026-06-26 16:14:02,324 INFO HHL.N0000 OK
2026-06-26 16:14:02,340 INFO CITH.N0000 OK
2026-06-26 16:14:02,351 INFO HASU.N0000 OK
2026-06-26 16:14:02,376 INFO HNBF.N0000 OK
2026-06-26 16:14:02,389 INFO HOPL.N0000 OK
2026-06-26 16:14:02,395 INFO HNBF.X0000 OK
2026-06-26 16:14:02,517 INFO HSIG.N0000 OK
2026-06-26 16:14:02,590 INFO HDFC.N0000 OK
2026-06-26 16:14:02,946 INFO HUNA.N0000 OK
2026-06-26 16:14:03,010 INFO HBS.N0000 OK
2026-06-26 16:14:03,058 INFO HUNT.N0000 OK
2026-06-26 16:14:03,074 INFO HVA.N0000 OK
2026-06-26 16:14:03,116 INFO INME.N0000 OK
2026-06-26 16:14:03,167 INFO ASPH.N0000 OK
2026-06-26 16:14:03,232 INFO JINS.N0000 OK
2026-06-26 16:14:03,243 INFO BFN.N0000 OK
2026-06-26 16:14:03,309 INFO JAT.N0000 OK
2026-06-26 16:14:03,313 INFO JETS.N0000 OK
2026-06-26 16:14:03,726 INFO JKH.N0000 OK
2026-06-26 16:14:03,772 INFO JFP.N0000 OK
2026-06-26 16:14:03,867 INFO JKL.N0000 OK
2026-06-26 16:14:03,879 INFO KHL.N0000 OK
2026-06-26 16:14:03,931 INFO KAHA.N0000 OK
2026-06-26 16:14:03,969 INFO KPHL.N0000 OK
2026-06-26 16:14:04,046 INFO KFP.N0000 OK
2026-06-26 16:14:04,049 INFO KGAL.N0000 OK
2026-06-26 16:14:04,137 INFO TYRE.N0000 OK
2026-06-26 16:14:04,145 INFO KCAB.N0000 OK
2026-06-26 16:14:04,491 INFO KDL.N0000 OK
2026-06-26 16:14:04,541 INFO KVAL.N0000 OK
2026-06-26 16:14:04,660 INFO CPRT.N0000 OK
2026-06-26 16:14:04,688 INFO KOTA.N0000 OK
2026-06-26 16:14:04,699 INFO LAMB.N0000 OK
2026-06-26 16:14:04,773 INFO LOLC.N0000 OK
2026-06-26 16:14:05,264 INFO LALU.N0000 OK
2026-06-26 16:14:05,320 INFO CERA.N0000 OK
2026-06-26 16:14:05,348 INFO ASHO.N0000 OK
2026-06-26 16:14:05,350 INFO LPRT.N0000 OK
2026-06-26 16:14:05,378 INFO LVEF.N0000 OK
2026-06-26 16:14:05,382 INFO LCBF.N0000 OK
2026-06-26 16:14:05,490 INFO LIOC.N0000 OK
2026-06-26 16:14:05,509 INFO LMF.N0000 OK
2026-06-26 16:14:05,529 INFO ASCO.N0000 OK
2026-06-26 16:14:05,582 INFO TILE.N0000 OK
2026-06-26 16:14:06,084 INFO LVEN.N0000 OK
2026-06-26 16:14:06,131 INFO LWL.N0000 OK
2026-06-26 16:14:06,182 INFO LDEV.N0000 OK
2026-06-26 16:14:06,185 INFO LCEY.N0000 OK
2026-06-26 16:14:06,188 INFO LGL.X0000 OK
2026-06-26 16:14:06,209 INFO LGL.N0000 OK
2026-06-26 16:14:06,274 INFO LPL.N0000 OK
2026-06-26 16:14:06,300 INFO LPL.X0000 OK
2026-06-26 16:14:06,340 INFO LITE.N0000 OK
2026-06-26 16:14:06,391 INFO LFIN.N0000 OK
2026-06-26 16:14:06,875 INFO SHAW.N0000 OK
2026-06-26 16:14:06,916 INFO LION.N0000 OK
2026-06-26 16:14:07,001 INFO LOFC.N0000 OK
2026-06-26 16:14:07,024 INFO LGIL.N0000 OK
2026-06-26 16:14:07,053 INFO HPFL.N0000 OK
2026-06-26 16:14:07,066 INFO MADU.N0000 OK
2026-06-26 16:14:07,073 INFO LUMX.N0000 OK
2026-06-26 16:14:07,102 INFO MFPE.N0000 OK
2026-06-26 16:14:07,126 INFO MCPL.N0000 OK
2026-06-26 16:14:07,189 INFO MRH.N0000 OK
2026-06-26 16:14:07,663 INFO MAL.N0000 OK
2026-06-26 16:14:07,677 INFO MAL.X0000 OK
2026-06-26 16:14:07,803 INFO MARA.N0000 OK
2026-06-26 16:14:07,824 INFO MASK.N0000 OK
2026-06-26 16:14:07,860 INFO MELS.N0000 OK
2026-06-26 16:14:07,892 INFO MERC.N0000 OK
2026-06-26 16:14:07,896 INFO MSL.N0000 OK
2026-06-26 16:14:07,984 INFO MHDL.N0000 OK
2026-06-26 16:14:07,996 INFO MULL.N0000 OK
2026-06-26 16:14:08,036 INFO MBSL.N0000 OK
2026-06-26 16:14:08,469 INFO NAMU.N0000 OK
2026-06-26 16:14:08,492 INFO MDL.N0000 OK
2026-06-26 16:14:08,533 INFO CSF.N0000 OK
2026-06-26 16:14:08,681 INFO NTB.N0000 OK
2026-06-26 16:14:08,713 INFO NTB.X0000 OK
2026-06-26 16:14:08,716 INFO NHL.N0000 OK
2026-06-26 16:14:08,725 INFO NDB.N0000 OK
2026-06-26 16:14:08,798 INFO ODEL.N0000 OK
2026-06-26 16:14:08,817 INFO ONAL.N0000 OK
2026-06-26 16:14:08,944 INFO OFEQ.N0000 OK
2026-06-26 16:14:09,271 INFO OSEA.N0000 OK
2026-06-26 16:14:09,277 INFO PALM.N0000 OK
2026-06-26 16:14:09,322 INFO PABC.N0000 OK
2026-06-26 16:14:09,487 INFO PAP.N0000 OK
2026-06-26 16:14:09,526 INFO PLC.N0000 OK
2026-06-26 16:14:09,533 INFO PARA.N0000 OK
2026-06-26 16:14:09,557 INFO PEG.N0000 OK
2026-06-26 16:14:09,561 INFO PINS.N0000 OK
2026-06-26 16:14:09,603 INFO GLAS.N0000 OK
2026-06-26 16:14:09,747 INFO PMB.N0000 OK
2026-06-26 16:14:10,076 INFO PLR.N0000 OK
2026-06-26 16:14:10,103 INFO CARE.N0000 OK
2026-06-26 16:14:10,125 INFO RIL.N0000 OK
2026-06-26 16:14:10,279 INFO RGEM.N0000 OK
2026-06-26 16:14:10,359 INFO RFL.N0000 OK
2026-06-26 16:14:10,367 INFO RWSL.N0000 OK
2026-06-26 16:14:10,375 INFO RENU.N0000 OK
2026-06-26 16:14:10,396 INFO RAL.N0000 OK
2026-06-26 16:14:10,411 INFO COCO.N0000 OK
2026-06-26 16:14:10,534 INFO COCO.X0000 OK
2026-06-26 16:14:10,877 INFO RHL.N0000 OK
2026-06-26 16:14:10,891 INFO RHL.X0000 OK
2026-06-26 16:14:10,919 INFO RCH.N0000 OK
2026-06-26 16:14:10,998 INFO HPWR.N0000 OK
2026-06-26 16:14:11,150 INFO SAMP.N0000 OK
2026-06-26 16:14:11,183 INFO RCL.N0000 OK
2026-06-26 16:14:11,190 INFO RICH.N0000 OK
2026-06-26 16:14:11,198 INFO REXP.N0000 OK
2026-06-26 16:14:11,210 INFO RPBH.N0000 OK
2026-06-26 16:14:11,331 INFO SIL.N0000 OK
2026-06-26 16:14:11,659 INFO SDB.N0000 OK
2026-06-26 16:14:11,682 INFO SDF.N0000 OK
2026-06-26 16:14:11,707 INFO SMOT.N0000 OK
2026-06-26 16:14:11,784 INFO SFCL.N0000 OK
2026-06-26 16:14:11,941 INFO SHOT.N0000 OK
2026-06-26 16:14:12,025 INFO SEYB.X0000 OK
2026-06-26 16:14:12,028 INFO SHOT.X0000 OK
2026-06-26 16:14:12,031 INFO SLND.N0000 OK
2026-06-26 16:14:12,062 INFO SEYB.N0000 OK
2026-06-26 16:14:12,133 INFO CSD.N0000 OK
2026-06-26 16:14:12,453 INFO SIRA.N0000 OK
2026-06-26 16:14:12,472 INFO SIGV.N0000 OK
2026-06-26 16:14:12,502 INFO SINS.N0000 OK
2026-06-26 16:14:12,599 INFO SFIN.N0000 OK
2026-06-26 16:14:12,741 INFO SINH.N0000 OK
2026-06-26 16:14:12,852 INFO SEMB.X0000 OK
2026-06-26 16:14:12,862 INFO SEMB.N0000 OK
2026-06-26 16:14:12,871 INFO SCAP.N0000 OK
2026-06-26 16:14:12,901 INFO CRL.N0000 OK
2026-06-26 16:14:12,920 INFO SHL.N0000 OK
2026-06-26 16:14:13,227 INFO SING.N0000 OK
2026-06-26 16:14:13,244 INFO AAIC.N0000 OK
2026-06-26 16:14:13,254 INFO SLTL.N0000 OK
2026-06-26 16:14:13,316 INFO SUN.N0000 OK
2026-06-26 16:14:13,509 INFO SWAD.N0000 OK
2026-06-26 16:14:13,683 INFO TANG.N0000 OK
2026-06-26 16:14:13,686 INFO TAJ.N0000 OK
2026-06-26 16:14:13,687 INFO PARQ.N0000 OK
2026-06-26 16:14:13,704 INFO TPL.N0000 OK
2026-06-26 16:14:13,724 INFO TSML.N0000 OK
2026-06-26 16:14:14,038 INFO TJL.N0000 OK
2026-06-26 16:14:14,049 INFO TESS.X0000 OK
2026-06-26 16:14:14,082 INFO TESS.N0000 OK
2026-06-26 16:14:14,101 INFO LHL.N0000 OK
2026-06-26 16:14:14,292 INFO AUTO.N0000 OK
2026-06-26 16:14:14,499 INFO KHC.N0000 OK
2026-06-26 16:14:14,503 INFO RHTL.N0000 OK
2026-06-26 16:14:14,531 INFO CFLB.N0000 OK
2026-06-26 16:14:14,556 INFO SERV.N0000 OK
2026-06-26 16:14:14,564 INFO LHCL.N0000 OK
2026-06-26 16:14:14,801 INFO TKYO.N0000 OK
2026-06-26 16:14:14,808 INFO NEH.N0000 OK
2026-06-26 16:14:14,839 INFO TAFL.N0000 OK
2026-06-26 16:14:14,888 INFO TKYO.X0000 OK
2026-06-26 16:14:15,060 INFO TRAN.N0000 OK
2026-06-26 16:14:15,307 INFO UBF.N0000 OK
2026-06-26 16:14:15,323 INFO UDPL.N0000 OK
2026-06-26 16:14:15,343 INFO UAL.N0000 OK
2026-06-26 16:14:15,370 INFO UBC.N0000 OK
2026-06-26 16:14:15,373 INFO UCAR.N0000 OK
2026-06-26 16:14:15,614 INFO UML.N0000 OK
2026-06-26 16:14:15,626 INFO VONE.N0000 OK
2026-06-26 16:14:15,632 INFO VFIN.N0000 OK
2026-06-26 16:14:15,676 INFO VPEL.N0000 OK
2026-06-26 16:14:15,868 INFO VLL.N0000 OK
2026-06-26 16:14:16,092 INFO VLL.X0000 OK
2026-06-26 16:14:16,109 INFO CITW.N0000 OK
2026-06-26 16:14:16,126 INFO WATA.N0000 OK
2026-06-26 16:14:16,182 INFO YORK.N0000 OK
2026-06-26 16:14:16,186 INFO WIND.N0000 OK
2026-06-26 16:14:16,434 INFO JXG.N0000 OK
2026-06-26 16:14:16,435 INFO WLTH.N0000 OK
2026-06-26 16:14:16,451 INFO Wrote 302 rows to /home/runner/work/cse-scraper/cse-scraper/data/2026-06-26/all_company_info_2026-06-26.csv
2026-06-26 16:14:16,452 INFO Symbols: 302, success: 302, failures: 0
