2026-06-05 16:28:18,503 INFO Saved: data/2026-06-05/tradeSummary_2026-06-05.json
2026-06-05 16:28:19,466 INFO Saved: data/2026-06-05/todaySharePrice_2026-06-05.json
2026-06-05 16:28:20,468 INFO Saved: data/2026-06-05/topGainers_2026-06-05.json
2026-06-05 16:28:21,457 INFO Saved: data/2026-06-05/topLooses_2026-06-05.json
2026-06-05 16:28:22,451 INFO Saved: data/2026-06-05/mostActiveTrades_2026-06-05.json
2026-06-05 16:28:23,461 INFO Saved: data/2026-06-05/marketSummery_2026-06-05.json
2026-06-05 16:28:24,539 INFO Saved: data/2026-06-05/aspiData_2026-06-05.json
2026-06-05 16:28:25,753 INFO Saved: data/2026-06-05/snpData_2026-06-05.json
2026-06-05 16:28:26,730 INFO Saved: data/2026-06-05/allSectors_2026-06-05.json
2026-06-05 16:28:27,922 INFO Saved: data/2026-06-05/detailedTrades_2026-06-05.json
2026-06-05 16:28:30,117 INFO Saved: data/2026-06-05/dailyMarketSummery_2026-06-05.json
2026-06-05 16:28:30,895 INFO Saved: data/2026-06-05/getContributors_2026-06-05.json
2026-06-05 16:28:31,952 INFO Saved: data/2026-06-05/getContributorsChart_2026-06-05.json
2026-06-05 16:28:31,952 INFO Saved 13 files (0 errors)
2026-06-05 16:28:33,662 INFO AEL.N0000 OK
2026-06-05 16:28:33,685 INFO AGAL.N0000 OK
2026-06-05 16:28:33,722 INFO AGPL.N0000 OK
2026-06-05 16:28:33,730 INFO AFSL.N0000 OK
2026-06-05 16:28:33,749 INFO AGST.X0000 OK
2026-06-05 16:28:33,764 INFO ACL.N0000 OK
2026-06-05 16:28:33,764 INFO ABAN.N0000 OK
2026-06-05 16:28:33,771 INFO APLA.N0000 OK
2026-06-05 16:28:33,782 INFO ACME.N0000 OK
2026-06-05 16:28:33,784 INFO AGST.N0000 OK
2026-06-05 16:28:34,583 INFO AHUN.N0000 OK
2026-06-05 16:28:34,793 INFO SPEN.N0000 OK
2026-06-05 16:28:34,858 INFO AFS.N0000 OK
2026-06-05 16:28:34,873 INFO ABL.N0000 OK
2026-06-05 16:28:34,888 INFO ATL.N0000 OK
2026-06-05 16:28:34,903 INFO TAP.N0000 OK
2026-06-05 16:28:34,915 INFO ALLI.N0000 OK
2026-06-05 16:28:34,924 INFO GREG.N0000 OK
2026-06-05 16:28:34,927 INFO ALUM.N0000 OK
2026-06-05 16:28:34,932 INFO ATLL.N0000 OK
2026-06-05 16:28:35,734 INFO ACAP.N0000 OK
2026-06-05 16:28:35,753 INFO ASIR.N0000 OK
2026-06-05 16:28:35,800 INFO ALHP.N0000 OK
2026-06-05 16:28:35,908 INFO AINS.N0000 OK
2026-06-05 16:28:35,911 INFO ASIY.N0000 OK
2026-06-05 16:28:35,913 INFO AMCL.N0000 OK
2026-06-05 16:28:35,943 INFO AAF.N0000 OK
2026-06-05 16:28:35,964 INFO AHPL.N0000 OK
2026-06-05 16:28:35,982 INFO AMSL.N0000 OK
2026-06-05 16:28:35,996 INFO AMF.N0000 OK
2026-06-05 16:28:37,105 INFO BLUE.X0000 OK
2026-06-05 16:28:37,119 INFO BLUE.N0000 OK
2026-06-05 16:28:37,127 INFO BLI.N0000 OK
2026-06-05 16:28:37,137 INFO BRR.N0000 OK
2026-06-05 16:28:37,138 INFO BERU.N0000 OK
2026-06-05 16:28:37,155 INFO BFL.N0000 OK
2026-06-05 16:28:37,171 INFO BOPL.N0000 OK
2026-06-05 16:28:37,195 INFO BALA.N0000 OK
2026-06-05 16:28:37,208 INFO BOGA.N0000 OK
2026-06-05 16:28:37,209 INFO BPPL.N0000 OK
2026-06-05 16:28:38,322 INFO CWM.N0000 OK
2026-06-05 16:28:38,347 INFO CTHR.N0000 OK
2026-06-05 16:28:38,366 INFO CTLD.N0000 OK
2026-06-05 16:28:38,387 INFO BRWN.N0000 OK
2026-06-05 16:28:38,390 INFO COLO.N0000 OK
2026-06-05 16:28:38,401 INFO CIC.X0000 OK
2026-06-05 16:28:38,407 INFO BUKI.N0000 OK
2026-06-05 16:28:38,412 INFO BIL.N0000 OK
2026-06-05 16:28:38,415 INFO CIC.N0000 OK
2026-06-05 16:28:38,418 INFO CSLK.N0000 OK
2026-06-05 16:28:39,495 INFO CARS.N0000 OK
2026-06-05 16:28:39,535 INFO CIND.N0000 OK
2026-06-05 16:28:39,548 INFO CINS.X0000 OK
2026-06-05 16:28:39,550 INFO CALT.N0000 OK
2026-06-05 16:28:39,578 INFO CABO.N0000 OK
2026-06-05 16:28:39,581 INFO CALH.N0000 OK
2026-06-05 16:28:39,602 INFO CINS.N0000 OK
2026-06-05 16:28:39,607 INFO CFIN.N0000 OK
2026-06-05 16:28:39,610 INFO CARG.N0000 OK
2026-06-05 16:28:39,614 INFO CBNK.N0000 OK
2026-06-05 16:28:40,625 INFO GUAR.N0000 OK
2026-06-05 16:28:40,685 INFO KZOO.N0000 OK
2026-06-05 16:28:40,696 INFO CCS.N0000 OK
2026-06-05 16:28:40,717 INFO CHL.N0000 OK
2026-06-05 16:28:40,723 INFO CHL.X0000 OK
2026-06-05 16:28:40,728 INFO BREW.N0000 OK
2026-06-05 16:28:40,758 INFO GRAN.N0000 OK
2026-06-05 16:28:40,769 INFO CINV.N0000 OK
2026-06-05 16:28:40,772 INFO CTBL.N0000 OK
2026-06-05 16:28:40,776 INFO CHOT.N0000 OK
2026-06-05 16:28:41,697 INFO CHOU.N0000 OK
2026-06-05 16:28:41,762 INFO CHMX.N0000 OK
2026-06-05 16:28:41,819 INFO REEF.N0000 OK
2026-06-05 16:28:41,851 INFO PHAR.N0000 OK
2026-06-05 16:28:41,854 INFO CDB.N0000 OK
2026-06-05 16:28:41,873 INFO COOP.N0000 OK
2026-06-05 16:28:41,877 INFO LLUB.N0000 OK
2026-06-05 16:28:41,892 INFO CTC.N0000 OK
2026-06-05 16:28:41,903 INFO CWL.N0000 OK
2026-06-05 16:28:41,905 INFO CDB.X0000 OK
2026-06-05 16:28:42,957 INFO COMB.X0000 OK
2026-06-05 16:28:43,006 INFO COMD.N0000 OK
2026-06-05 16:28:43,043 INFO CFI.N0000 OK
2026-06-05 16:28:43,065 INFO DPL.N0000 OK
2026-06-05 16:28:43,070 INFO SOY.N0000 OK
2026-06-05 16:28:43,074 INFO COCR.N0000 OK
2026-06-05 16:28:43,081 INFO COMB.N0000 OK
2026-06-05 16:28:43,138 INFO DOCK.N0000 OK
2026-06-05 16:28:43,201 INFO CLND.N0000 OK
2026-06-05 16:28:43,209 INFO CIT.N0000 OK
2026-06-05 16:28:43,751 INFO DFCC.N0000 OK
2026-06-05 16:28:44,232 INFO DIPD.N0000 OK
2026-06-05 16:28:44,248 INFO CTEA.N0000 OK
2026-06-05 16:28:44,256 INFO ECL.N0000 OK
2026-06-05 16:28:44,287 INFO DIST.N0000 OK
2026-06-05 16:28:44,316 INFO PKME.N0000 OK
2026-06-05 16:28:44,330 INFO CALF.N0000 OK
2026-06-05 16:28:44,366 INFO DIMO.N0000 OK
2026-06-05 16:28:44,368 INFO DIAL.N0000 OK
2026-06-05 16:28:44,371 INFO STAF.N0000 OK
2026-06-05 16:28:44,558 INFO EBCR.N0000 OK
2026-06-05 16:28:45,016 INFO EML.N0000 OK
2026-06-05 16:28:45,034 INFO EAST.N0000 OK
2026-06-05 16:28:45,425 INFO EDEN.N0000 OK
2026-06-05 16:28:45,471 INFO FCT.N0000 OK
2026-06-05 16:28:45,502 INFO ETWO.N0000 OK
2026-06-05 16:28:45,519 INFO ELPL.N0000 OK
2026-06-05 16:28:45,529 INFO PACK.N0000 OK
2026-06-05 16:28:45,532 INFO CFVF.N0000 OK
2026-06-05 16:28:45,536 INFO EXT.N0000 OK
2026-06-05 16:28:45,559 INFO EMER.N0000 OK
2026-06-05 16:28:45,816 INFO WAPO.N0000 OK
2026-06-05 16:28:45,821 INFO GHLL.N0000 OK
2026-06-05 16:28:46,192 INFO GEST.N0000 OK
2026-06-05 16:28:46,981 INFO HAYC.N0000 OK
2026-06-05 16:28:46,986 INFO MGT.N0000 OK
2026-06-05 16:28:47,002 INFO HARI.N0000 OK
2026-06-05 16:28:47,056 INFO HPL.N0000 OK
2026-06-05 16:28:47,061 INFO MEL.N0000 OK
2026-06-05 16:28:47,069 INFO HEXP.N0000 OK
2026-06-05 16:28:47,077 INFO HAPU.N0000 OK
2026-06-05 16:28:47,080 INFO HNB.N0000 OK
2026-06-05 16:28:47,084 INFO CONN.N0000 OK
2026-06-05 16:28:47,090 INFO HNB.X0000 OK
2026-06-05 16:28:47,787 INFO HELA.N0000 OK
2026-06-05 16:28:47,794 INFO HAYL.N0000 OK
2026-06-05 16:28:48,068 INFO CITH.N0000 OK
2026-06-05 16:28:48,146 INFO HNBF.N0000 OK
2026-06-05 16:28:48,172 INFO HSIG.N0000 OK
2026-06-05 16:28:48,178 INFO HHL.N0000 OK
2026-06-05 16:28:48,181 INFO HASU.N0000 OK
2026-06-05 16:28:48,185 INFO HDFC.N0000 OK
2026-06-05 16:28:48,206 INFO HNBF.X0000 OK
2026-06-05 16:28:48,209 INFO HOPL.N0000 OK
2026-06-05 16:28:48,585 INFO HUNA.N0000 OK
2026-06-05 16:28:48,598 INFO HBS.N0000 OK
2026-06-05 16:28:48,822 INFO HUNT.N0000 OK
2026-06-05 16:28:48,952 INFO HVA.N0000 OK
2026-06-05 16:28:48,978 INFO ASPH.N0000 OK
2026-06-05 16:28:48,986 INFO INME.N0000 OK
2026-06-05 16:28:49,034 INFO JAT.N0000 OK
2026-06-05 16:28:49,056 INFO JETS.N0000 OK
2026-06-05 16:28:49,061 INFO JINS.N0000 OK
2026-06-05 16:28:49,064 INFO BFN.N0000 OK
2026-06-05 16:28:49,375 INFO JFP.N0000 OK
2026-06-05 16:28:49,379 INFO JKH.N0000 OK
2026-06-05 16:28:49,596 INFO KHL.N0000 OK
2026-06-05 16:28:49,749 INFO JKL.N0000 OK
2026-06-05 16:28:49,766 INFO KAHA.N0000 OK
2026-06-05 16:28:49,783 INFO KPHL.N0000 OK
2026-06-05 16:28:49,815 INFO KFP.N0000 OK
2026-06-05 16:28:49,875 INFO KCAB.N0000 OK
2026-06-05 16:28:49,879 INFO KGAL.N0000 OK
2026-06-05 16:28:50,127 INFO TYRE.N0000 OK
2026-06-05 16:28:50,137 INFO KDL.N0000 OK
2026-06-05 16:28:50,180 INFO KVAL.N0000 OK
2026-06-05 16:28:50,396 INFO CPRT.N0000 OK
2026-06-05 16:28:50,905 INFO LAMB.N0000 OK
2026-06-05 16:28:50,919 INFO LPRT.N0000 OK
2026-06-05 16:28:50,924 INFO LOLC.N0000 OK
2026-06-05 16:28:50,929 INFO LVEF.N0000 OK
2026-06-05 16:28:50,938 INFO KOTA.N0000 OK
2026-06-05 16:28:50,965 INFO LALU.N0000 OK
2026-06-05 16:28:50,982 INFO ASHO.N0000 OK
2026-06-05 16:28:50,988 INFO CERA.N0000 OK
2026-06-05 16:28:50,993 INFO LCBF.N0000 OK
2026-06-05 16:28:51,191 INFO LIOC.N0000 OK
2026-06-05 16:28:51,724 INFO LMF.N0000 OK
2026-06-05 16:28:51,749 INFO LWL.N0000 OK
2026-06-05 16:28:51,767 INFO LGL.N0000 OK
2026-06-05 16:28:51,803 INFO ASCO.N0000 OK
2026-06-05 16:28:51,822 INFO LVEN.N0000 OK
2026-06-05 16:28:51,839 INFO TILE.N0000 OK
2026-06-05 16:28:51,852 INFO LDEV.N0000 OK
2026-06-05 16:28:51,854 INFO LGL.X0000 OK
2026-06-05 16:28:51,918 INFO LPL.N0000 OK
2026-06-05 16:28:51,946 INFO LCEY.N0000 OK
2026-06-05 16:28:52,947 INFO LFIN.N0000 OK
2026-06-05 16:28:52,964 INFO LITE.N0000 OK
2026-06-05 16:28:53,046 INFO HPFL.N0000 OK
2026-06-05 16:28:53,049 INFO LPL.X0000 OK
2026-06-05 16:28:53,051 INFO LGIL.N0000 OK
2026-06-05 16:28:53,054 INFO MADU.N0000 OK
2026-06-05 16:28:53,057 INFO LUMX.N0000 OK
2026-06-05 16:28:53,084 INFO LOFC.N0000 OK
2026-06-05 16:28:53,087 INFO SHAW.N0000 OK
2026-06-05 16:28:53,090 INFO LION.N0000 OK
2026-06-05 16:28:53,740 INFO MCPL.N0000 OK
2026-06-05 16:28:53,745 INFO MFPE.N0000 OK
2026-06-05 16:28:53,898 INFO MAL.N0000 OK
2026-06-05 16:28:53,915 INFO MRH.N0000 OK
2026-06-05 16:28:53,993 INFO MSL.N0000 OK
2026-06-05 16:28:54,000 INFO MASK.N0000 OK
2026-06-05 16:28:54,007 INFO MELS.N0000 OK
2026-06-05 16:28:54,017 INFO MAL.X0000 OK
2026-06-05 16:28:54,021 INFO MARA.N0000 OK
2026-06-05 16:28:54,027 INFO MERC.N0000 OK
2026-06-05 16:28:54,551 INFO MBSL.N0000 OK
2026-06-05 16:28:54,566 INFO MHDL.N0000 OK
2026-06-05 16:28:54,680 INFO MULL.N0000 OK
2026-06-05 16:28:54,738 INFO MDL.N0000 OK
2026-06-05 16:28:54,789 INFO CSF.N0000 OK
2026-06-05 16:28:54,869 INFO NDB.N0000 OK
2026-06-05 16:28:54,872 INFO NTB.X0000 OK
2026-06-05 16:28:54,875 INFO NHL.N0000 OK
2026-06-05 16:28:54,961 INFO NTB.N0000 OK
2026-06-05 16:28:54,966 INFO NAMU.N0000 OK
2026-06-05 16:28:55,363 INFO ODEL.N0000 OK
2026-06-05 16:28:55,394 INFO OFEQ.N0000 OK
2026-06-05 16:28:55,477 INFO ONAL.N0000 OK
2026-06-05 16:28:55,520 INFO OSEA.N0000 OK
2026-06-05 16:28:55,657 INFO PABC.N0000 OK
2026-06-05 16:28:55,710 INFO PALM.N0000 OK
2026-06-05 16:28:55,976 INFO PARA.N0000 OK
2026-06-05 16:28:55,994 INFO PAP.N0000 OK
2026-06-05 16:28:55,997 INFO PINS.N0000 OK
2026-06-05 16:28:56,008 INFO PEG.N0000 OK
2026-06-05 16:28:56,138 INFO PLC.N0000 OK
2026-06-05 16:28:56,169 INFO GLAS.N0000 OK
2026-06-05 16:28:56,262 INFO PMB.N0000 OK
2026-06-05 16:28:56,290 INFO PLR.N0000 OK
2026-06-05 16:28:56,985 INFO RGEM.N0000 OK
2026-06-05 16:28:56,988 INFO RIL.N0000 OK
2026-06-05 16:28:57,006 INFO CARE.N0000 OK
2026-06-05 16:28:57,008 INFO RFL.N0000 OK
2026-06-05 16:28:57,042 INFO COCO.N0000 OK
2026-06-05 16:28:57,047 INFO RWSL.N0000 OK
2026-06-05 16:28:57,060 INFO RAL.N0000 OK
2026-06-05 16:28:57,075 INFO RHL.N0000 OK
2026-06-05 16:28:57,078 INFO COCO.X0000 OK
2026-06-05 16:28:57,168 INFO RENU.N0000 OK
2026-06-05 16:28:57,823 INFO RCH.N0000 OK
2026-06-05 16:28:57,829 INFO HPWR.N0000 OK
2026-06-05 16:28:57,832 INFO SAMP.N0000 OK
2026-06-05 16:28:57,847 INFO RHL.X0000 OK
2026-06-05 16:28:57,885 INFO RICH.N0000 OK
2026-06-05 16:28:57,887 INFO REXP.N0000 OK
2026-06-05 16:28:57,909 INFO RPBH.N0000 OK
2026-06-05 16:28:57,912 INFO SIL.N0000 OK
2026-06-05 16:28:57,941 INFO RCL.N0000 OK
2026-06-05 16:28:57,957 INFO SDB.N0000 OK
2026-06-05 16:28:58,658 INFO SFCL.N0000 OK
2026-06-05 16:28:58,659 INFO SDF.N0000 OK
2026-06-05 16:28:58,679 INFO SMOT.N0000 OK
2026-06-05 16:28:58,686 INFO SHOT.N0000 OK
2026-06-05 16:28:58,707 INFO SIRA.N0000 OK
2026-06-05 16:28:58,718 INFO SEYB.X0000 OK
2026-06-05 16:28:58,740 INFO SHOT.X0000 OK
2026-06-05 16:28:58,747 INFO SEYB.N0000 OK
2026-06-05 16:28:58,756 INFO SLND.N0000 OK
2026-06-05 16:28:58,773 INFO CSD.N0000 OK
2026-06-05 16:28:59,471 INFO SIGV.N0000 OK
2026-06-05 16:28:59,474 INFO SINS.N0000 OK
2026-06-05 16:28:59,498 INFO SINH.N0000 OK
2026-06-05 16:28:59,518 INFO SFIN.N0000 OK
2026-06-05 16:28:59,537 INFO SEMB.N0000 OK
2026-06-05 16:28:59,574 INFO SEMB.X0000 OK
2026-06-05 16:28:59,577 INFO SCAP.N0000 OK
2026-06-05 16:28:59,581 INFO CRL.N0000 OK
2026-06-05 16:28:59,613 INFO SHL.N0000 OK
2026-06-05 16:28:59,620 INFO AAIC.N0000 OK
2026-06-05 16:29:00,227 INFO SING.N0000 OK
2026-06-05 16:29:00,246 INFO SUN.N0000 OK
2026-06-05 16:29:00,285 INFO SLTL.N0000 OK
2026-06-05 16:29:00,319 INFO PARQ.N0000 OK
2026-06-05 16:29:00,331 INFO SWAD.N0000 OK
2026-06-05 16:29:00,380 INFO TANG.N0000 OK
2026-06-05 16:29:00,408 INFO TPL.N0000 OK
2026-06-05 16:29:00,435 INFO TAJ.N0000 OK
2026-06-05 16:29:00,440 INFO TSML.N0000 OK
2026-06-05 16:29:00,441 INFO TJL.N0000 OK
2026-06-05 16:29:01,019 INFO TESS.N0000 OK
2026-06-05 16:29:01,042 INFO TESS.X0000 OK
2026-06-05 16:29:01,077 INFO LHL.N0000 OK
2026-06-05 16:29:01,086 INFO AUTO.N0000 OK
2026-06-05 16:29:01,122 INFO CFLB.N0000 OK
2026-06-05 16:29:01,156 INFO RHTL.N0000 OK
2026-06-05 16:29:01,203 INFO KHC.N0000 OK
2026-06-05 16:29:01,235 INFO LHCL.N0000 OK
2026-06-05 16:29:01,245 INFO SERV.N0000 OK
2026-06-05 16:29:01,258 INFO NEH.N0000 OK
2026-06-05 16:29:01,755 INFO TKYO.N0000 OK
2026-06-05 16:29:01,816 INFO TAFL.N0000 OK
2026-06-05 16:29:01,852 INFO TKYO.X0000 OK
2026-06-05 16:29:01,883 INFO TRAN.N0000 OK
2026-06-05 16:29:01,929 INFO UBF.N0000 OK
2026-06-05 16:29:01,944 INFO UDPL.N0000 OK
2026-06-05 16:29:01,982 INFO UAL.N0000 OK
2026-06-05 16:29:02,054 INFO UCAR.N0000 OK
2026-06-05 16:29:02,057 INFO UML.N0000 OK
2026-06-05 16:29:02,066 INFO UBC.N0000 OK
2026-06-05 16:29:02,521 INFO VFIN.N0000 OK
2026-06-05 16:29:02,622 INFO VONE.N0000 OK
2026-06-05 16:29:02,638 INFO VPEL.N0000 OK
2026-06-05 16:29:02,669 INFO VLL.N0000 OK
2026-06-05 16:29:02,698 INFO WATA.N0000 OK
2026-06-05 16:29:02,726 INFO VLL.X0000 OK
2026-06-05 16:29:02,731 INFO CITW.N0000 OK
2026-06-05 16:29:02,866 INFO WIND.N0000 OK
2026-06-05 16:29:02,872 INFO YORK.N0000 OK
2026-06-05 16:29:02,877 INFO WLTH.N0000 OK
2026-06-05 16:29:03,327 INFO JXG.N0000 OK
2026-06-05 16:29:03,343 INFO Wrote 302 rows to /home/runner/work/cse-scraper/cse-scraper/data/2026-06-05/all_company_info_2026-06-05.csv
2026-06-05 16:29:03,343 INFO Symbols: 302, success: 302, failures: 0
