2026-06-18 16:54:44,084 INFO Saved: data/2026-06-18/tradeSummary_2026-06-18.json
2026-06-18 16:54:45,259 INFO Saved: data/2026-06-18/todaySharePrice_2026-06-18.json
2026-06-18 16:54:46,213 INFO Saved: data/2026-06-18/topGainers_2026-06-18.json
2026-06-18 16:54:47,135 INFO Saved: data/2026-06-18/topLooses_2026-06-18.json
2026-06-18 16:54:48,066 INFO Saved: data/2026-06-18/mostActiveTrades_2026-06-18.json
2026-06-18 16:54:48,625 INFO Saved: data/2026-06-18/marketSummery_2026-06-18.json
2026-06-18 16:54:49,414 INFO Saved: data/2026-06-18/aspiData_2026-06-18.json
2026-06-18 16:54:50,262 INFO Saved: data/2026-06-18/snpData_2026-06-18.json
2026-06-18 16:54:50,806 INFO Saved: data/2026-06-18/allSectors_2026-06-18.json
2026-06-18 16:54:51,766 INFO Saved: data/2026-06-18/detailedTrades_2026-06-18.json
2026-06-18 16:54:52,671 INFO Saved: data/2026-06-18/dailyMarketSummery_2026-06-18.json
2026-06-18 16:54:53,646 INFO Saved: data/2026-06-18/getContributors_2026-06-18.json
2026-06-18 16:54:54,262 INFO Saved: data/2026-06-18/getContributorsChart_2026-06-18.json
2026-06-18 16:54:54,262 INFO Saved 13 files (0 errors)
2026-06-18 16:54:55,941 INFO ABAN.N0000 OK
2026-06-18 16:54:55,981 INFO AFSL.N0000 OK
2026-06-18 16:54:56,329 INFO AEL.N0000 OK
2026-06-18 16:54:56,378 INFO APLA.N0000 OK
2026-06-18 16:54:56,399 INFO AGST.X0000 OK
2026-06-18 16:54:56,410 INFO ACME.N0000 OK
2026-06-18 16:54:56,425 INFO AGPL.N0000 OK
2026-06-18 16:54:56,445 INFO AGAL.N0000 OK
2026-06-18 16:54:56,459 INFO AGST.N0000 OK
2026-06-18 16:54:56,466 INFO ACL.N0000 OK
2026-06-18 16:54:56,913 INFO ALLI.N0000 OK
2026-06-18 16:54:56,956 INFO AHUN.N0000 OK
2026-06-18 16:54:57,002 INFO SPEN.N0000 OK
2026-06-18 16:54:57,021 INFO AFS.N0000 OK
2026-06-18 16:54:57,024 INFO ALUM.N0000 OK
2026-06-18 16:54:57,383 INFO ATLL.N0000 OK
2026-06-18 16:54:57,399 INFO ABL.N0000 OK
2026-06-18 16:54:57,413 INFO GREG.N0000 OK
2026-06-18 16:54:57,419 INFO TAP.N0000 OK
2026-06-18 16:54:57,422 INFO ATL.N0000 OK
2026-06-18 16:54:57,509 INFO AMCL.N0000 OK
2026-06-18 16:54:58,097 INFO ALHP.N0000 OK
2026-06-18 16:54:58,127 INFO ACAP.N0000 OK
2026-06-18 16:54:58,164 INFO ASIY.N0000 OK
2026-06-18 16:54:58,167 INFO AMF.N0000 OK
2026-06-18 16:54:58,187 INFO AINS.N0000 OK
2026-06-18 16:54:58,216 INFO AHPL.N0000 OK
2026-06-18 16:54:58,224 INFO AMSL.N0000 OK
2026-06-18 16:54:58,231 INFO BPPL.N0000 OK
2026-06-18 16:54:58,233 INFO AAF.N0000 OK
2026-06-18 16:54:58,234 INFO ASIR.N0000 OK
2026-06-18 16:54:58,729 INFO BFL.N0000 OK
2026-06-18 16:54:58,753 INFO BALA.N0000 OK
2026-06-18 16:54:59,144 INFO BLUE.X0000 OK
2026-06-18 16:54:59,165 INFO BLUE.N0000 OK
2026-06-18 16:54:59,195 INFO BLI.N0000 OK
2026-06-18 16:54:59,221 INFO BRWN.N0000 OK
2026-06-18 16:54:59,242 INFO BERU.N0000 OK
2026-06-18 16:54:59,265 INFO BRR.N0000 OK
2026-06-18 16:54:59,273 INFO BOGA.N0000 OK
2026-06-18 16:54:59,279 INFO BOPL.N0000 OK
2026-06-18 16:54:59,286 INFO BIL.N0000 OK
2026-06-18 16:54:59,737 INFO BUKI.N0000 OK
2026-06-18 16:54:59,752 INFO CIC.N0000 OK
2026-06-18 16:54:59,792 INFO CIC.X0000 OK
2026-06-18 16:54:59,868 INFO COLO.N0000 OK
2026-06-18 16:54:59,879 INFO CTLD.N0000 OK
2026-06-18 16:54:59,882 INFO CTHR.N0000 OK
2026-06-18 16:54:59,919 INFO CWM.N0000 OK
2026-06-18 16:54:59,940 INFO CSLK.N0000 OK
2026-06-18 16:54:59,956 INFO CALH.N0000 OK
2026-06-18 16:54:59,965 INFO CALT.N0000 OK
2026-06-18 16:55:00,388 INFO CBNK.N0000 OK
2026-06-18 16:55:00,392 INFO CARG.N0000 OK
2026-06-18 16:55:00,431 INFO CABO.N0000 OK
2026-06-18 16:55:00,500 INFO CARS.N0000 OK
2026-06-18 16:55:00,546 INFO CFIN.N0000 OK
2026-06-18 16:55:00,548 INFO CIND.N0000 OK
2026-06-18 16:55:00,552 INFO CINS.N0000 OK
2026-06-18 16:55:00,600 INFO CINS.X0000 OK
2026-06-18 16:55:00,618 INFO BREW.N0000 OK
2026-06-18 16:55:00,623 INFO CCS.N0000 OK
2026-06-18 16:55:01,020 INFO GRAN.N0000 OK
2026-06-18 16:55:01,057 INFO GUAR.N0000 OK
2026-06-18 16:55:01,086 INFO CHL.N0000 OK
2026-06-18 16:55:01,114 INFO CHL.X0000 OK
2026-06-18 16:55:01,205 INFO CHOT.N0000 OK
2026-06-18 16:55:01,209 INFO CTC.N0000 OK
2026-06-18 16:55:01,229 INFO CINV.N0000 OK
2026-06-18 16:55:01,249 INFO CTBL.N0000 OK
2026-06-18 16:55:01,292 INFO CHMX.N0000 OK
2026-06-18 16:55:01,308 INFO KZOO.N0000 OK
2026-06-18 16:55:01,673 INFO LLUB.N0000 OK
2026-06-18 16:55:01,677 INFO CWL.N0000 OK
2026-06-18 16:55:01,696 INFO CDB.N0000 OK
2026-06-18 16:55:01,749 INFO CDB.X0000 OK
2026-06-18 16:55:01,791 INFO CHOU.N0000 OK
2026-06-18 16:55:01,840 INFO DOCK.N0000 OK
2026-06-18 16:55:01,880 INFO PHAR.N0000 OK
2026-06-18 16:55:01,925 INFO CFI.N0000 OK
2026-06-18 16:55:01,978 INFO REEF.N0000 OK
2026-06-18 16:55:02,055 INFO COOP.N0000 OK
2026-06-18 16:55:02,316 INFO CLND.N0000 OK
2026-06-18 16:55:02,337 INFO CIT.N0000 OK
2026-06-18 16:55:02,344 INFO COMB.N0000 OK
2026-06-18 16:55:02,369 INFO COMB.X0000 OK
2026-06-18 16:55:02,460 INFO COMD.N0000 OK
2026-06-18 16:55:02,505 INFO SOY.N0000 OK
2026-06-18 16:55:02,524 INFO DFCC.N0000 OK
2026-06-18 16:55:02,525 INFO COCR.N0000 OK
2026-06-18 16:55:02,536 INFO DPL.N0000 OK
2026-06-18 16:55:02,602 INFO DIAL.N0000 OK
2026-06-18 16:55:02,946 INFO CALF.N0000 OK
2026-06-18 16:55:02,992 INFO DIMO.N0000 OK
2026-06-18 16:55:03,003 INFO PKME.N0000 OK
2026-06-18 16:55:03,007 INFO DIPD.N0000 OK
2026-06-18 16:55:03,021 INFO CTEA.N0000 OK
2026-06-18 16:55:03,127 INFO DIST.N0000 OK
2026-06-18 16:55:03,196 INFO STAF.N0000 OK
2026-06-18 16:55:03,231 INFO ECL.N0000 OK
2026-06-18 16:55:03,243 INFO EBCR.N0000 OK
2026-06-18 16:55:03,250 INFO EML.N0000 OK
2026-06-18 16:55:03,558 INFO EAST.N0000 OK
2026-06-18 16:55:03,676 INFO EMER.N0000 OK
2026-06-18 16:55:03,688 INFO ELPL.N0000 OK
2026-06-18 16:55:03,720 INFO ETWO.N0000 OK
2026-06-18 16:55:03,742 INFO EDEN.N0000 OK
2026-06-18 16:55:03,773 INFO PACK.N0000 OK
2026-06-18 16:55:03,816 INFO GHLL.N0000 OK
2026-06-18 16:55:03,843 INFO EXT.N0000 OK
2026-06-18 16:55:03,884 INFO CFVF.N0000 OK
2026-06-18 16:55:03,902 INFO FCT.N0000 OK
2026-06-18 16:55:04,176 INFO WAPO.N0000 OK
2026-06-18 16:55:04,325 INFO GEST.N0000 OK
2026-06-18 16:55:04,342 INFO MEL.N0000 OK
2026-06-18 16:55:04,390 INFO HAPU.N0000 OK
2026-06-18 16:55:04,405 INFO HARI.N0000 OK
2026-06-18 16:55:04,408 INFO HNB.N0000 OK
2026-06-18 16:55:04,442 INFO HNB.X0000 OK
2026-06-18 16:55:04,465 INFO HPL.N0000 OK
2026-06-18 16:55:04,518 INFO HAYC.N0000 OK
2026-06-18 16:55:04,662 INFO MGT.N0000 OK
2026-06-18 16:55:04,798 INFO HEXP.N0000 OK
2026-06-18 16:55:04,939 INFO HELA.N0000 OK
2026-06-18 16:55:04,942 INFO CONN.N0000 OK
2026-06-18 16:55:04,987 INFO HAYL.N0000 OK
2026-06-18 16:55:05,010 INFO HNBF.N0000 OK
2026-06-18 16:55:05,049 INFO CITH.N0000 OK
2026-06-18 16:55:05,076 INFO HHL.N0000 OK
2026-06-18 16:55:05,085 INFO HASU.N0000 OK
2026-06-18 16:55:05,170 INFO HNBF.X0000 OK
2026-06-18 16:55:05,301 INFO HOPL.N0000 OK
2026-06-18 16:55:05,418 INFO HSIG.N0000 OK
2026-06-18 16:55:05,578 INFO HDFC.N0000 OK
2026-06-18 16:55:05,594 INFO HBS.N0000 OK
2026-06-18 16:55:05,603 INFO HUNA.N0000 OK
2026-06-18 16:55:05,649 INFO HUNT.N0000 OK
2026-06-18 16:55:05,694 INFO INME.N0000 OK
2026-06-18 16:55:05,698 INFO HVA.N0000 OK
2026-06-18 16:55:05,725 INFO ASPH.N0000 OK
2026-06-18 16:55:05,792 INFO BFN.N0000 OK
2026-06-18 16:55:05,941 INFO JINS.N0000 OK
2026-06-18 16:55:06,081 INFO JAT.N0000 OK
2026-06-18 16:55:06,172 INFO JKH.N0000 OK
2026-06-18 16:55:06,214 INFO JETS.N0000 OK
2026-06-18 16:55:06,255 INFO JFP.N0000 OK
2026-06-18 16:55:06,282 INFO KHL.N0000 OK
2026-06-18 16:55:06,334 INFO KAHA.N0000 OK
2026-06-18 16:55:06,344 INFO JKL.N0000 OK
2026-06-18 16:55:06,367 INFO KPHL.N0000 OK
2026-06-18 16:55:06,412 INFO KFP.N0000 OK
2026-06-18 16:55:06,584 INFO KGAL.N0000 OK
2026-06-18 16:55:06,711 INFO KCAB.N0000 OK
2026-06-18 16:55:06,785 INFO TYRE.N0000 OK
2026-06-18 16:55:06,809 INFO KDL.N0000 OK
2026-06-18 16:55:06,826 INFO CPRT.N0000 OK
2026-06-18 16:55:06,845 INFO KVAL.N0000 OK
2026-06-18 16:55:06,886 INFO KOTA.N0000 OK
2026-06-18 16:55:06,967 INFO LAMB.N0000 OK
2026-06-18 16:55:06,993 INFO LOLC.N0000 OK
2026-06-18 16:55:07,050 INFO LVEF.N0000 OK
2026-06-18 16:55:07,208 INFO LPRT.N0000 OK
2026-06-18 16:55:07,334 INFO ASHO.N0000 OK
2026-06-18 16:55:07,344 INFO LALU.N0000 OK
2026-06-18 16:55:07,449 INFO CERA.N0000 OK
2026-06-18 16:55:07,469 INFO LCBF.N0000 OK
2026-06-18 16:55:07,481 INFO LIOC.N0000 OK
2026-06-18 16:55:07,519 INFO LMF.N0000 OK
2026-06-18 16:55:07,605 INFO TILE.N0000 OK
2026-06-18 16:55:07,608 INFO ASCO.N0000 OK
2026-06-18 16:55:07,678 INFO LVEN.N0000 OK
2026-06-18 16:55:07,821 INFO LWL.N0000 OK
2026-06-18 16:55:07,955 INFO LCEY.N0000 OK
2026-06-18 16:55:07,989 INFO LDEV.N0000 OK
2026-06-18 16:55:07,994 INFO LGL.N0000 OK
2026-06-18 16:55:08,103 INFO LGL.X0000 OK
2026-06-18 16:55:08,127 INFO LPL.N0000 OK
2026-06-18 16:55:08,156 INFO LPL.X0000 OK
2026-06-18 16:55:08,254 INFO LITE.N0000 OK
2026-06-18 16:55:08,272 INFO LFIN.N0000 OK
2026-06-18 16:55:08,311 INFO SHAW.N0000 OK
2026-06-18 16:55:08,451 INFO LION.N0000 OK
2026-06-18 16:55:08,583 INFO LOFC.N0000 OK
2026-06-18 16:55:08,620 INFO LGIL.N0000 OK
2026-06-18 16:55:08,635 INFO HPFL.N0000 OK
2026-06-18 16:55:08,644 INFO LUMX.N0000 OK
2026-06-18 16:55:08,769 INFO MFPE.N0000 OK
2026-06-18 16:55:08,773 INFO MADU.N0000 OK
2026-06-18 16:55:08,855 INFO MAL.N0000 OK
2026-06-18 16:55:08,888 INFO MCPL.N0000 OK
2026-06-18 16:55:08,908 INFO MRH.N0000 OK
2026-06-18 16:55:09,072 INFO MAL.X0000 OK
2026-06-18 16:55:09,222 INFO MARA.N0000 OK
2026-06-18 16:55:09,232 INFO MASK.N0000 OK
2026-06-18 16:55:09,287 INFO MELS.N0000 OK
2026-06-18 16:55:09,311 INFO MERC.N0000 OK
2026-06-18 16:55:09,395 INFO MSL.N0000 OK
2026-06-18 16:55:09,401 INFO MHDL.N0000 OK
2026-06-18 16:55:09,406 INFO MBSL.N0000 OK
2026-06-18 16:55:09,459 INFO MDL.N0000 OK
2026-06-18 16:55:09,508 INFO MULL.N0000 OK
2026-06-18 16:55:09,698 INFO NAMU.N0000 OK
2026-06-18 16:55:09,781 INFO CSF.N0000 OK
2026-06-18 16:55:09,878 INFO NDB.N0000 OK
2026-06-18 16:55:09,898 INFO NTB.N0000 OK
2026-06-18 16:55:09,911 INFO NTB.X0000 OK
2026-06-18 16:55:09,978 INFO OFEQ.N0000 OK
2026-06-18 16:55:10,016 INFO NHL.N0000 OK
2026-06-18 16:55:10,062 INFO ODEL.N0000 OK
2026-06-18 16:55:10,076 INFO ONAL.N0000 OK
2026-06-18 16:55:10,132 INFO OSEA.N0000 OK
2026-06-18 16:55:10,308 INFO PALM.N0000 OK
2026-06-18 16:55:10,402 INFO PABC.N0000 OK
2026-06-18 16:55:10,537 INFO PAP.N0000 OK
2026-06-18 16:55:10,560 INFO PARA.N0000 OK
2026-06-18 16:55:10,613 INFO PINS.N0000 OK
2026-06-18 16:55:10,616 INFO GLAS.N0000 OK
2026-06-18 16:55:10,640 INFO PLC.N0000 OK
2026-06-18 16:55:10,645 INFO PEG.N0000 OK
2026-06-18 16:55:10,680 INFO PLR.N0000 OK
2026-06-18 16:55:10,687 INFO PMB.N0000 OK
2026-06-18 16:55:10,942 INFO CARE.N0000 OK
2026-06-18 16:55:10,945 INFO RIL.N0000 OK
2026-06-18 16:55:11,145 INFO RGEM.N0000 OK
2026-06-18 16:55:11,166 INFO RWSL.N0000 OK
2026-06-18 16:55:11,245 INFO RHL.N0000 OK
2026-06-18 16:55:11,254 INFO RAL.N0000 OK
2026-06-18 16:55:11,277 INFO RFL.N0000 OK
2026-06-18 16:55:11,296 INFO COCO.N0000 OK
2026-06-18 16:55:11,317 INFO COCO.X0000 OK
2026-06-18 16:55:11,325 INFO RENU.N0000 OK
2026-06-18 16:55:11,576 INFO RCH.N0000 OK
2026-06-18 16:55:11,594 INFO RHL.X0000 OK
2026-06-18 16:55:11,773 INFO HPWR.N0000 OK
2026-06-18 16:55:11,798 INFO REXP.N0000 OK
2026-06-18 16:55:11,891 INFO RPBH.N0000 OK
2026-06-18 16:55:11,915 INFO RICH.N0000 OK
2026-06-18 16:55:11,945 INFO SIL.N0000 OK
2026-06-18 16:55:11,962 INFO SDB.N0000 OK
2026-06-18 16:55:12,000 INFO SAMP.N0000 OK
2026-06-18 16:55:12,007 INFO RCL.N0000 OK
2026-06-18 16:55:12,148 INFO SMOT.N0000 OK
2026-06-18 16:55:12,182 INFO SDF.N0000 OK
2026-06-18 16:55:12,395 INFO SFCL.N0000 OK
2026-06-18 16:55:12,406 INFO SHOT.N0000 OK
2026-06-18 16:55:12,495 INFO SHOT.X0000 OK
2026-06-18 16:55:12,553 INFO SLND.N0000 OK
2026-06-18 16:55:12,589 INFO SEYB.X0000 OK
2026-06-18 16:55:12,627 INFO CSD.N0000 OK
2026-06-18 16:55:12,653 INFO SEYB.N0000 OK
2026-06-18 16:55:12,726 INFO SIRA.N0000 OK
2026-06-18 16:55:12,767 INFO SIGV.N0000 OK
2026-06-18 16:55:12,874 INFO SINS.N0000 OK
2026-06-18 16:55:12,963 INFO SINH.N0000 OK
2026-06-18 16:55:13,015 INFO SFIN.N0000 OK
2026-06-18 16:55:13,111 INFO SEMB.N0000 OK
2026-06-18 16:55:13,182 INFO SEMB.X0000 OK
2026-06-18 16:55:13,236 INFO SCAP.N0000 OK
2026-06-18 16:55:13,259 INFO CRL.N0000 OK
2026-06-18 16:55:13,266 INFO SHL.N0000 OK
2026-06-18 16:55:13,349 INFO AAIC.N0000 OK
2026-06-18 16:55:13,427 INFO SING.N0000 OK
2026-06-18 16:55:13,431 INFO SLTL.N0000 OK
2026-06-18 16:55:13,510 INFO SUN.N0000 OK
2026-06-18 16:55:13,629 INFO SWAD.N0000 OK
2026-06-18 16:55:13,735 INFO PARQ.N0000 OK
2026-06-18 16:55:13,819 INFO TAJ.N0000 OK
2026-06-18 16:55:13,877 INFO TPL.N0000 OK
2026-06-18 16:55:13,891 INFO TJL.N0000 OK
2026-06-18 16:55:13,917 INFO TANG.N0000 OK
2026-06-18 16:55:13,923 INFO TSML.N0000 OK
2026-06-18 16:55:14,068 INFO TESS.N0000 OK
2026-06-18 16:55:14,077 INFO TESS.X0000 OK
2026-06-18 16:55:14,119 INFO LHL.N0000 OK
2026-06-18 16:55:14,334 INFO AUTO.N0000 OK
2026-06-18 16:55:14,346 INFO CFLB.N0000 OK
2026-06-18 16:55:14,452 INFO RHTL.N0000 OK
2026-06-18 16:55:14,496 INFO KHC.N0000 OK
2026-06-18 16:55:14,531 INFO SERV.N0000 OK
2026-06-18 16:55:14,549 INFO LHCL.N0000 OK
2026-06-18 16:55:14,559 INFO NEH.N0000 OK
2026-06-18 16:55:14,699 INFO TAFL.N0000 OK
2026-06-18 16:55:14,725 INFO TKYO.N0000 OK
2026-06-18 16:55:14,748 INFO TKYO.X0000 OK
2026-06-18 16:55:14,974 INFO TRAN.N0000 OK
2026-06-18 16:55:14,994 INFO UBF.N0000 OK
2026-06-18 16:55:14,997 INFO UDPL.N0000 OK
2026-06-18 16:55:15,115 INFO UAL.N0000 OK
2026-06-18 16:55:15,123 INFO UCAR.N0000 OK
2026-06-18 16:55:15,163 INFO UBC.N0000 OK
2026-06-18 16:55:15,191 INFO UML.N0000 OK
2026-06-18 16:55:15,309 INFO VFIN.N0000 OK
2026-06-18 16:55:15,368 INFO VONE.N0000 OK
2026-06-18 16:55:15,380 INFO VPEL.N0000 OK
2026-06-18 16:55:15,544 INFO VLL.N0000 OK
2026-06-18 16:55:15,625 INFO CITW.N0000 OK
2026-06-18 16:55:15,637 INFO VLL.X0000 OK
2026-06-18 16:55:15,709 INFO YORK.N0000 OK
2026-06-18 16:55:15,745 INFO WIND.N0000 OK
2026-06-18 16:55:15,753 INFO WATA.N0000 OK
2026-06-18 16:55:15,806 INFO WLTH.N0000 OK
2026-06-18 16:55:15,976 INFO JXG.N0000 OK
2026-06-18 16:55:15,993 INFO Wrote 302 rows to /home/runner/work/cse-scraper/cse-scraper/data/2026-06-18/all_company_info_2026-06-18.csv
2026-06-18 16:55:15,993 INFO Symbols: 302, success: 302, failures: 0
