2026-07-10 16:23:06,381 INFO Saved: data/2026-07-10/tradeSummary_2026-07-10.json
2026-07-10 16:23:07,374 INFO Saved: data/2026-07-10/todaySharePrice_2026-07-10.json
2026-07-10 16:23:08,360 INFO Saved: data/2026-07-10/topGainers_2026-07-10.json
2026-07-10 16:23:09,595 INFO Saved: data/2026-07-10/topLooses_2026-07-10.json
2026-07-10 16:23:10,586 INFO Saved: data/2026-07-10/mostActiveTrades_2026-07-10.json
2026-07-10 16:23:11,572 INFO Saved: data/2026-07-10/marketSummery_2026-07-10.json
2026-07-10 16:23:12,719 INFO Saved: data/2026-07-10/aspiData_2026-07-10.json
2026-07-10 16:23:13,436 INFO Saved: data/2026-07-10/snpData_2026-07-10.json
2026-07-10 16:23:14,642 INFO Saved: data/2026-07-10/allSectors_2026-07-10.json
2026-07-10 16:23:16,279 INFO Saved: data/2026-07-10/detailedTrades_2026-07-10.json
2026-07-10 16:23:16,982 INFO Saved: data/2026-07-10/dailyMarketSummery_2026-07-10.json
2026-07-10 16:23:17,834 INFO Saved: data/2026-07-10/getContributors_2026-07-10.json
2026-07-10 16:23:18,625 INFO Saved: data/2026-07-10/getContributorsChart_2026-07-10.json
2026-07-10 16:23:18,625 INFO Saved 13 files (0 errors)
2026-07-10 16:23:20,180 INFO AEL.N0000 OK
2026-07-10 16:23:20,181 INFO AGAL.N0000 OK
2026-07-10 16:23:20,280 INFO APLA.N0000 OK
2026-07-10 16:23:20,284 INFO ABAN.N0000 OK
2026-07-10 16:23:20,287 INFO ACME.N0000 OK
2026-07-10 16:23:20,291 INFO AGPL.N0000 OK
2026-07-10 16:23:20,294 INFO AGST.X0000 OK
2026-07-10 16:23:20,310 INFO AFSL.N0000 OK
2026-07-10 16:23:20,313 INFO AGST.N0000 OK
2026-07-10 16:23:20,348 INFO ACL.N0000 OK
2026-07-10 16:23:21,249 INFO AFS.N0000 OK
2026-07-10 16:23:21,269 INFO ALUM.N0000 OK
2026-07-10 16:23:21,288 INFO ATLL.N0000 OK
2026-07-10 16:23:21,345 INFO TAP.N0000 OK
2026-07-10 16:23:21,348 INFO AHUN.N0000 OK
2026-07-10 16:23:21,354 INFO ABL.N0000 OK
2026-07-10 16:23:21,370 INFO GREG.N0000 OK
2026-07-10 16:23:21,370 INFO ALLI.N0000 OK
2026-07-10 16:23:21,375 INFO SPEN.N0000 OK
2026-07-10 16:23:21,398 INFO ATL.N0000 OK
2026-07-10 16:23:22,314 INFO ALHP.N0000 OK
2026-07-10 16:23:22,344 INFO ACAP.N0000 OK
2026-07-10 16:23:22,401 INFO AMCL.N0000 OK
2026-07-10 16:23:22,425 INFO AMSL.N0000 OK
2026-07-10 16:23:22,449 INFO ASIY.N0000 OK
2026-07-10 16:23:22,455 INFO AINS.N0000 OK
2026-07-10 16:23:22,455 INFO AAF.N0000 OK
2026-07-10 16:23:22,461 INFO ASIR.N0000 OK
2026-07-10 16:23:22,520 INFO AMF.N0000 OK
2026-07-10 16:23:22,524 INFO AHPL.N0000 OK
2026-07-10 16:23:23,371 INFO BFL.N0000 OK
2026-07-10 16:23:23,380 INFO BLI.N0000 OK
2026-07-10 16:23:23,383 INFO BLUE.X0000 OK
2026-07-10 16:23:23,391 INFO BLUE.N0000 OK
2026-07-10 16:23:23,402 INFO BPPL.N0000 OK
2026-07-10 16:23:23,433 INFO BRR.N0000 OK
2026-07-10 16:23:23,437 INFO BOPL.N0000 OK
2026-07-10 16:23:23,455 INFO BERU.N0000 OK
2026-07-10 16:23:23,464 INFO BALA.N0000 OK
2026-07-10 16:23:23,467 INFO BOGA.N0000 OK
2026-07-10 16:23:24,891 INFO CWM.N0000 OK
2026-07-10 16:23:24,909 INFO CIC.X0000 OK
2026-07-10 16:23:24,931 INFO BIL.N0000 OK
2026-07-10 16:23:24,966 INFO CTHR.N0000 OK
2026-07-10 16:23:24,987 INFO BUKI.N0000 OK
2026-07-10 16:23:24,991 INFO COLO.N0000 OK
2026-07-10 16:23:24,998 INFO CTLD.N0000 OK
2026-07-10 16:23:25,001 INFO CIC.N0000 OK
2026-07-10 16:23:25,009 INFO CSLK.N0000 OK
2026-07-10 16:23:25,012 INFO BRWN.N0000 OK
2026-07-10 16:23:25,661 INFO CALH.N0000 OK
2026-07-10 16:23:25,956 INFO CIND.N0000 OK
2026-07-10 16:23:25,960 INFO CABO.N0000 OK
2026-07-10 16:23:26,024 INFO CFIN.N0000 OK
2026-07-10 16:23:26,034 INFO CARG.N0000 OK
2026-07-10 16:23:26,038 INFO CINS.N0000 OK
2026-07-10 16:23:26,041 INFO CARS.N0000 OK
2026-07-10 16:23:26,041 INFO CALT.N0000 OK
2026-07-10 16:23:26,065 INFO CINS.X0000 OK
2026-07-10 16:23:26,072 INFO CBNK.N0000 OK
2026-07-10 16:23:26,430 INFO BREW.N0000 OK
2026-07-10 16:23:27,122 INFO CINV.N0000 OK
2026-07-10 16:23:27,176 INFO CHL.N0000 OK
2026-07-10 16:23:27,192 INFO GRAN.N0000 OK
2026-07-10 16:23:27,209 INFO CHOT.N0000 OK
2026-07-10 16:23:27,214 INFO CTBL.N0000 OK
2026-07-10 16:23:27,217 INFO KZOO.N0000 OK
2026-07-10 16:23:27,230 INFO CHL.X0000 OK
2026-07-10 16:23:27,242 INFO CCS.N0000 OK
2026-07-10 16:23:27,275 INFO GUAR.N0000 OK
2026-07-10 16:23:27,762 INFO CTC.N0000 OK
2026-07-10 16:23:28,225 INFO CHOU.N0000 OK
2026-07-10 16:23:28,257 INFO CDB.X0000 OK
2026-07-10 16:23:28,303 INFO REEF.N0000 OK
2026-07-10 16:23:28,323 INFO COOP.N0000 OK
2026-07-10 16:23:28,327 INFO CDB.N0000 OK
2026-07-10 16:23:28,330 INFO CHMX.N0000 OK
2026-07-10 16:23:28,333 INFO PHAR.N0000 OK
2026-07-10 16:23:28,335 INFO CWL.N0000 OK
2026-07-10 16:23:28,338 INFO LLUB.N0000 OK
2026-07-10 16:23:28,533 INFO DOCK.N0000 OK
2026-07-10 16:23:29,304 INFO DPL.N0000 OK
2026-07-10 16:23:29,361 INFO COMB.X0000 OK
2026-07-10 16:23:29,377 INFO CFI.N0000 OK
2026-07-10 16:23:29,384 INFO CLND.N0000 OK
2026-07-10 16:23:29,397 INFO CIT.N0000 OK
2026-07-10 16:23:29,429 INFO SOY.N0000 OK
2026-07-10 16:23:29,432 INFO COMB.N0000 OK
2026-07-10 16:23:29,487 INFO COCR.N0000 OK
2026-07-10 16:23:29,496 INFO COMD.N0000 OK
2026-07-10 16:23:29,605 INFO DFCC.N0000 OK
2026-07-10 16:23:30,080 INFO DIAL.N0000 OK
2026-07-10 16:23:30,128 INFO CALF.N0000 OK
2026-07-10 16:23:30,142 INFO DIMO.N0000 OK
2026-07-10 16:23:30,459 INFO ECL.N0000 OK
2026-07-10 16:23:30,482 INFO STAF.N0000 OK
2026-07-10 16:23:30,489 INFO PKME.N0000 OK
2026-07-10 16:23:30,493 INFO DIST.N0000 OK
2026-07-10 16:23:30,497 INFO EBCR.N0000 OK
2026-07-10 16:23:30,532 INFO CTEA.N0000 OK
2026-07-10 16:23:30,539 INFO DIPD.N0000 OK
2026-07-10 16:23:31,210 INFO EML.N0000 OK
2026-07-10 16:23:31,226 INFO EMER.N0000 OK
2026-07-10 16:23:31,234 INFO EAST.N0000 OK
2026-07-10 16:23:31,268 INFO EDEN.N0000 OK
2026-07-10 16:23:31,290 INFO ELPL.N0000 OK
2026-07-10 16:23:31,557 INFO FCT.N0000 OK
2026-07-10 16:23:31,560 INFO CFVF.N0000 OK
2026-07-10 16:23:31,568 INFO ETWO.N0000 OK
2026-07-10 16:23:31,577 INFO PACK.N0000 OK
2026-07-10 16:23:31,581 INFO EXT.N0000 OK
2026-07-10 16:23:31,979 INFO GHLL.N0000 OK
2026-07-10 16:23:32,011 INFO GEST.N0000 OK
2026-07-10 16:23:32,039 INFO WAPO.N0000 OK
2026-07-10 16:23:33,014 INFO HEXP.N0000 OK
2026-07-10 16:23:33,023 INFO CONN.N0000 OK
2026-07-10 16:23:33,045 INFO MEL.N0000 OK
2026-07-10 16:23:33,083 INFO HPL.N0000 OK
2026-07-10 16:23:33,120 INFO MGT.N0000 OK
2026-07-10 16:23:33,140 INFO HARI.N0000 OK
2026-07-10 16:23:33,144 INFO HAYC.N0000 OK
2026-07-10 16:23:33,147 INFO HAPU.N0000 OK
2026-07-10 16:23:33,156 INFO HNB.N0000 OK
2026-07-10 16:23:33,169 INFO HNB.X0000 OK
2026-07-10 16:23:33,738 INFO HELA.N0000 OK
2026-07-10 16:23:33,748 INFO HHL.N0000 OK
2026-07-10 16:23:33,802 INFO HAYL.N0000 OK
2026-07-10 16:23:33,845 INFO CITH.N0000 OK
2026-07-10 16:23:33,888 INFO HASU.N0000 OK
2026-07-10 16:23:33,941 INFO HNBF.N0000 OK
2026-07-10 16:23:33,947 INFO HOPL.N0000 OK
2026-07-10 16:23:33,965 INFO HNBF.X0000 OK
2026-07-10 16:23:33,981 INFO HDFC.N0000 OK
2026-07-10 16:23:33,984 INFO HSIG.N0000 OK
2026-07-10 16:23:34,553 INFO HUNT.N0000 OK
2026-07-10 16:23:34,584 INFO HBS.N0000 OK
2026-07-10 16:23:34,592 INFO HUNA.N0000 OK
2026-07-10 16:23:34,603 INFO HVA.N0000 OK
2026-07-10 16:23:34,652 INFO ASPH.N0000 OK
2026-07-10 16:23:34,702 INFO INME.N0000 OK
2026-07-10 16:23:34,744 INFO BFN.N0000 OK
2026-07-10 16:23:34,760 INFO JAT.N0000 OK
2026-07-10 16:23:34,764 INFO JINS.N0000 OK
2026-07-10 16:23:34,768 INFO JETS.N0000 OK
2026-07-10 16:23:35,319 INFO JFP.N0000 OK
2026-07-10 16:23:35,382 INFO JKL.N0000 OK
2026-07-10 16:23:35,385 INFO JKH.N0000 OK
2026-07-10 16:23:35,402 INFO KHL.N0000 OK
2026-07-10 16:23:35,424 INFO KAHA.N0000 OK
2026-07-10 16:23:35,502 INFO KPHL.N0000 OK
2026-07-10 16:23:35,562 INFO KFP.N0000 OK
2026-07-10 16:23:35,566 INFO TYRE.N0000 OK
2026-07-10 16:23:35,587 INFO KCAB.N0000 OK
2026-07-10 16:23:35,592 INFO KGAL.N0000 OK
2026-07-10 16:23:36,097 INFO KVAL.N0000 OK
2026-07-10 16:23:36,111 INFO KDL.N0000 OK
2026-07-10 16:23:36,187 INFO CPRT.N0000 OK
2026-07-10 16:23:36,214 INFO LAMB.N0000 OK
2026-07-10 16:23:36,227 INFO KOTA.N0000 OK
2026-07-10 16:23:36,594 INFO ASHO.N0000 OK
2026-07-10 16:23:36,601 INFO LPRT.N0000 OK
2026-07-10 16:23:36,605 INFO LALU.N0000 OK
2026-07-10 16:23:36,624 INFO LOLC.N0000 OK
2026-07-10 16:23:36,634 INFO LVEF.N0000 OK
2026-07-10 16:23:36,866 INFO CERA.N0000 OK
2026-07-10 16:23:37,172 INFO ASCO.N0000 OK
2026-07-10 16:23:37,181 INFO LMF.N0000 OK
2026-07-10 16:23:37,194 INFO LCBF.N0000 OK
2026-07-10 16:23:37,212 INFO LIOC.N0000 OK
2026-07-10 16:23:37,426 INFO LDEV.N0000 OK
2026-07-10 16:23:37,432 INFO LWL.N0000 OK
2026-07-10 16:23:37,434 INFO TILE.N0000 OK
2026-07-10 16:23:37,438 INFO LVEN.N0000 OK
2026-07-10 16:23:37,442 INFO LCEY.N0000 OK
2026-07-10 16:23:37,642 INFO LGL.N0000 OK
2026-07-10 16:23:37,903 INFO LPL.N0000 OK
2026-07-10 16:23:37,938 INFO LPL.X0000 OK
2026-07-10 16:23:37,956 INFO LGL.X0000 OK
2026-07-10 16:23:37,983 INFO LITE.N0000 OK
2026-07-10 16:23:38,237 INFO LFIN.N0000 OK
2026-07-10 16:23:38,260 INFO SHAW.N0000 OK
2026-07-10 16:23:38,264 INFO LGIL.N0000 OK
2026-07-10 16:23:38,268 INFO LION.N0000 OK
2026-07-10 16:23:38,286 INFO LOFC.N0000 OK
2026-07-10 16:23:38,426 INFO HPFL.N0000 OK
2026-07-10 16:23:38,670 INFO LUMX.N0000 OK
2026-07-10 16:23:38,703 INFO MADU.N0000 OK
2026-07-10 16:23:38,726 INFO MFPE.N0000 OK
2026-07-10 16:23:38,740 INFO MCPL.N0000 OK
2026-07-10 16:23:39,019 INFO MRH.N0000 OK
2026-07-10 16:23:39,047 INFO MAL.X0000 OK
2026-07-10 16:23:39,078 INFO MASK.N0000 OK
2026-07-10 16:23:39,096 INFO MARA.N0000 OK
2026-07-10 16:23:39,110 INFO MAL.N0000 OK
2026-07-10 16:23:39,192 INFO MELS.N0000 OK
2026-07-10 16:23:39,443 INFO MERC.N0000 OK
2026-07-10 16:23:39,472 INFO MSL.N0000 OK
2026-07-10 16:23:39,517 INFO MBSL.N0000 OK
2026-07-10 16:23:39,793 INFO MULL.N0000 OK
2026-07-10 16:23:39,803 INFO MHDL.N0000 OK
2026-07-10 16:23:39,808 INFO MDL.N0000 OK
2026-07-10 16:23:39,811 INFO CSF.N0000 OK
2026-07-10 16:23:39,860 INFO NAMU.N0000 OK
2026-07-10 16:23:39,898 INFO NDB.N0000 OK
2026-07-10 16:23:39,981 INFO NTB.N0000 OK
2026-07-10 16:23:40,217 INFO NTB.X0000 OK
2026-07-10 16:23:40,273 INFO NHL.N0000 OK
2026-07-10 16:23:40,277 INFO ODEL.N0000 OK
2026-07-10 16:23:40,595 INFO OFEQ.N0000 OK
2026-07-10 16:23:40,606 INFO PAP.N0000 OK
2026-07-10 16:23:40,615 INFO OSEA.N0000 OK
2026-07-10 16:23:40,622 INFO ONAL.N0000 OK
2026-07-10 16:23:40,625 INFO PALM.N0000 OK
2026-07-10 16:23:40,628 INFO PABC.N0000 OK
2026-07-10 16:23:40,726 INFO PARA.N0000 OK
2026-07-10 16:23:41,016 INFO PEG.N0000 OK
2026-07-10 16:23:41,505 INFO PMB.N0000 OK
2026-07-10 16:23:41,505 INFO RIL.N0000 OK
2026-07-10 16:23:41,563 INFO PINS.N0000 OK
2026-07-10 16:23:41,566 INFO CARE.N0000 OK
2026-07-10 16:23:41,582 INFO PLR.N0000 OK
2026-07-10 16:23:41,585 INFO PLC.N0000 OK
2026-07-10 16:23:41,589 INFO RGEM.N0000 OK
2026-07-10 16:23:41,592 INFO GLAS.N0000 OK
2026-07-10 16:23:41,856 INFO RWSL.N0000 OK
2026-07-10 16:23:41,865 INFO RFL.N0000 OK
2026-07-10 16:23:42,306 INFO RENU.N0000 OK
2026-07-10 16:23:42,310 INFO RAL.N0000 OK
2026-07-10 16:23:42,342 INFO HPWR.N0000 OK
2026-07-10 16:23:42,405 INFO COCO.X0000 OK
2026-07-10 16:23:42,417 INFO RCH.N0000 OK
2026-07-10 16:23:42,427 INFO RHL.X0000 OK
2026-07-10 16:23:42,432 INFO RHL.N0000 OK
2026-07-10 16:23:42,435 INFO COCO.N0000 OK
2026-07-10 16:23:42,646 INFO REXP.N0000 OK
2026-07-10 16:23:42,667 INFO RICH.N0000 OK
2026-07-10 16:23:43,057 INFO SAMP.N0000 OK
2026-07-10 16:23:43,089 INFO RPBH.N0000 OK
2026-07-10 16:23:43,112 INFO RCL.N0000 OK
2026-07-10 16:23:43,182 INFO SIL.N0000 OK
2026-07-10 16:23:43,221 INFO SDB.N0000 OK
2026-07-10 16:23:43,233 INFO SFCL.N0000 OK
2026-07-10 16:23:43,246 INFO SDF.N0000 OK
2026-07-10 16:23:43,249 INFO SMOT.N0000 OK
2026-07-10 16:23:43,433 INFO SHOT.N0000 OK
2026-07-10 16:23:43,434 INFO SHOT.X0000 OK
2026-07-10 16:23:43,834 INFO SLND.N0000 OK
2026-07-10 16:23:43,859 INFO SEYB.N0000 OK
2026-07-10 16:23:43,877 INFO SEYB.X0000 OK
2026-07-10 16:23:43,973 INFO SINS.N0000 OK
2026-07-10 16:23:43,987 INFO CSD.N0000 OK
2026-07-10 16:23:43,994 INFO SIRA.N0000 OK
2026-07-10 16:23:44,026 INFO SIGV.N0000 OK
2026-07-10 16:23:44,034 INFO SFIN.N0000 OK
2026-07-10 16:23:44,216 INFO SINH.N0000 OK
2026-07-10 16:23:44,224 INFO SEMB.N0000 OK
2026-07-10 16:23:44,585 INFO CRL.N0000 OK
2026-07-10 16:23:44,608 INFO SEMB.X0000 OK
2026-07-10 16:23:44,624 INFO SCAP.N0000 OK
2026-07-10 16:23:44,745 INFO SING.N0000 OK
2026-07-10 16:23:44,801 INFO SHL.N0000 OK
2026-07-10 16:23:44,806 INFO AAIC.N0000 OK
2026-07-10 16:23:44,806 INFO SLTL.N0000 OK
2026-07-10 16:23:44,811 INFO SUN.N0000 OK
2026-07-10 16:23:44,989 INFO SWAD.N0000 OK
2026-07-10 16:23:44,998 INFO PARQ.N0000 OK
2026-07-10 16:23:45,364 INFO TAJ.N0000 OK
2026-07-10 16:23:45,381 INFO TPL.N0000 OK
2026-07-10 16:23:45,400 INFO TANG.N0000 OK
2026-07-10 16:23:45,518 INFO TSML.N0000 OK
2026-07-10 16:23:45,608 INFO TJL.N0000 OK
2026-07-10 16:23:45,609 INFO LHL.N0000 OK
2026-07-10 16:23:45,610 INFO TESS.X0000 OK
2026-07-10 16:23:45,622 INFO TESS.N0000 OK
2026-07-10 16:23:45,777 INFO CFLB.N0000 OK
2026-07-10 16:23:45,800 INFO AUTO.N0000 OK
2026-07-10 16:23:46,127 INFO RHTL.N0000 OK
2026-07-10 16:23:46,179 INFO KHC.N0000 OK
2026-07-10 16:23:46,187 INFO SERV.N0000 OK
2026-07-10 16:23:46,300 INFO LHCL.N0000 OK
2026-07-10 16:23:46,419 INFO TAFL.N0000 OK
2026-07-10 16:23:46,423 INFO NEH.N0000 OK
2026-07-10 16:23:46,446 INFO TKYO.N0000 OK
2026-07-10 16:23:46,455 INFO TKYO.X0000 OK
2026-07-10 16:23:46,522 INFO TRAN.N0000 OK
2026-07-10 16:23:46,564 INFO UBF.N0000 OK
2026-07-10 16:23:46,905 INFO UDPL.N0000 OK
2026-07-10 16:23:46,968 INFO UAL.N0000 OK
2026-07-10 16:23:46,968 INFO UBC.N0000 OK
2026-07-10 16:23:47,094 INFO UCAR.N0000 OK
2026-07-10 16:23:47,170 INFO VONE.N0000 OK
2026-07-10 16:23:47,197 INFO VFIN.N0000 OK
2026-07-10 16:23:47,213 INFO UML.N0000 OK
2026-07-10 16:23:47,222 INFO VLL.N0000 OK
2026-07-10 16:23:47,236 INFO VPEL.N0000 OK
2026-07-10 16:23:47,269 INFO VLL.X0000 OK
2026-07-10 16:23:47,672 INFO CITW.N0000 OK
2026-07-10 16:23:47,752 INFO WIND.N0000 OK
2026-07-10 16:23:47,767 INFO WATA.N0000 OK
2026-07-10 16:23:47,868 INFO YORK.N0000 OK
2026-07-10 16:23:47,942 INFO WLTH.N0000 OK
2026-07-10 16:23:47,979 INFO JXG.N0000 OK
2026-07-10 16:23:47,998 INFO Wrote 302 rows to /home/runner/work/cse-scraper/cse-scraper/data/2026-07-10/all_company_info_2026-07-10.csv
2026-07-10 16:23:47,998 INFO Symbols: 302, success: 302, failures: 0
