2026-05-04 16:00:34,512 INFO Saved: data/2026-05-04/tradeSummary_2026-05-04.json
2026-05-04 16:00:35,541 INFO Saved: data/2026-05-04/todaySharePrice_2026-05-04.json
2026-05-04 16:00:36,598 INFO Saved: data/2026-05-04/topGainers_2026-05-04.json
2026-05-04 16:00:37,519 INFO Saved: data/2026-05-04/topLooses_2026-05-04.json
2026-05-04 16:00:38,351 INFO Saved: data/2026-05-04/mostActiveTrades_2026-05-04.json
2026-05-04 16:00:39,498 INFO Saved: data/2026-05-04/marketSummery_2026-05-04.json
2026-05-04 16:00:40,520 INFO Saved: data/2026-05-04/aspiData_2026-05-04.json
2026-05-04 16:00:41,465 INFO Saved: data/2026-05-04/snpData_2026-05-04.json
2026-05-04 16:00:42,123 INFO Saved: data/2026-05-04/allSectors_2026-05-04.json
2026-05-04 16:00:43,537 INFO Saved: data/2026-05-04/detailedTrades_2026-05-04.json
2026-05-04 16:00:45,610 INFO Saved: data/2026-05-04/dailyMarketSummery_2026-05-04.json
2026-05-04 16:00:46,608 INFO Saved: data/2026-05-04/getContributors_2026-05-04.json
2026-05-04 16:00:48,119 INFO Saved: data/2026-05-04/getContributorsChart_2026-05-04.json
2026-05-04 16:00:48,119 INFO Saved 13 files (0 errors)
2026-05-04 16:00:49,666 INFO AGPL.N0000 OK
2026-05-04 16:00:49,772 INFO APLA.N0000 OK
2026-05-04 16:00:49,858 INFO AEL.N0000 OK
2026-05-04 16:00:49,863 INFO AGST.N0000 OK
2026-05-04 16:00:49,887 INFO AFSL.N0000 OK
2026-05-04 16:00:49,890 INFO AGAL.N0000 OK
2026-05-04 16:00:49,906 INFO ACL.N0000 OK
2026-05-04 16:00:49,909 INFO AGST.X0000 OK
2026-05-04 16:00:49,911 INFO ACME.N0000 OK
2026-05-04 16:00:49,920 INFO ABAN.N0000 OK
2026-05-04 16:00:50,670 INFO ATL.N0000 OK
2026-05-04 16:00:50,673 INFO AHUN.N0000 OK
2026-05-04 16:00:50,702 INFO AFS.N0000 OK
2026-05-04 16:00:50,706 INFO ABL.N0000 OK
2026-05-04 16:00:50,737 INFO ATLL.N0000 OK
2026-05-04 16:00:50,740 INFO GREG.N0000 OK
2026-05-04 16:00:50,859 INFO SPEN.N0000 OK
2026-05-04 16:00:50,862 INFO ALLI.N0000 OK
2026-05-04 16:00:50,869 INFO ALUM.N0000 OK
2026-05-04 16:00:50,870 INFO TAP.N0000 OK
2026-05-04 16:00:51,361 INFO AMCL.N0000 OK
2026-05-04 16:00:51,366 INFO ALHP.N0000 OK
2026-05-04 16:00:51,928 INFO AAF.N0000 OK
2026-05-04 16:00:51,943 INFO ASIR.N0000 OK
2026-05-04 16:00:51,946 INFO ACAP.N0000 OK
2026-05-04 16:00:51,950 INFO ASIY.N0000 OK
2026-05-04 16:00:51,968 INFO AHPL.N0000 OK
2026-05-04 16:00:51,970 INFO AINS.N0000 OK
2026-05-04 16:00:51,978 INFO AMF.N0000 OK
2026-05-04 16:00:52,048 INFO AMSL.N0000 OK
2026-05-04 16:00:52,532 INFO BPPL.N0000 OK
2026-05-04 16:00:52,603 INFO BFL.N0000 OK
2026-05-04 16:00:52,693 INFO BALA.N0000 OK
2026-05-04 16:00:53,053 INFO BRR.N0000 OK
2026-05-04 16:00:53,084 INFO BLUE.X0000 OK
2026-05-04 16:00:53,113 INFO BOGA.N0000 OK
2026-05-04 16:00:53,122 INFO BLUE.N0000 OK
2026-05-04 16:00:53,125 INFO BLI.N0000 OK
2026-05-04 16:00:53,172 INFO BOPL.N0000 OK
2026-05-04 16:00:53,244 INFO BERU.N0000 OK
2026-05-04 16:00:53,528 INFO BIL.N0000 OK
2026-05-04 16:00:53,598 INFO BUKI.N0000 OK
2026-05-04 16:00:53,613 INFO BRWN.N0000 OK
2026-05-04 16:00:53,842 INFO CIC.N0000 OK
2026-05-04 16:00:53,862 INFO CIC.X0000 OK
2026-05-04 16:00:54,360 INFO CALT.N0000 OK
2026-05-04 16:00:54,381 INFO CTHR.N0000 OK
2026-05-04 16:00:54,384 INFO CARG.N0000 OK
2026-05-04 16:00:54,388 INFO CSLK.N0000 OK
2026-05-04 16:00:54,400 INFO CALH.N0000 OK
2026-05-04 16:00:54,494 INFO CTLD.N0000 OK
2026-05-04 16:00:54,511 INFO COLO.N0000 OK
2026-05-04 16:00:54,531 INFO CWM.N0000 OK
2026-05-04 16:00:54,646 INFO CBNK.N0000 OK
2026-05-04 16:00:54,660 INFO CABO.N0000 OK
2026-05-04 16:00:55,079 INFO CFIN.N0000 OK
2026-05-04 16:00:55,158 INFO CARS.N0000 OK
2026-05-04 16:00:55,226 INFO CIND.N0000 OK
2026-05-04 16:00:55,242 INFO CINS.N0000 OK
2026-05-04 16:00:55,336 INFO CINS.X0000 OK
2026-05-04 16:00:55,337 INFO BREW.N0000 OK
2026-05-04 16:00:55,342 INFO CCS.N0000 OK
2026-05-04 16:00:55,345 INFO GRAN.N0000 OK
2026-05-04 16:00:55,420 INFO GUAR.N0000 OK
2026-05-04 16:00:55,433 INFO CHL.N0000 OK
2026-05-04 16:00:55,841 INFO CHL.X0000 OK
2026-05-04 16:00:55,939 INFO CHOT.N0000 OK
2026-05-04 16:00:56,542 INFO KZOO.N0000 OK
2026-05-04 16:00:56,590 INFO CHMX.N0000 OK
2026-05-04 16:00:56,606 INFO CTC.N0000 OK
2026-05-04 16:00:56,644 INFO CTBL.N0000 OK
2026-05-04 16:00:56,646 INFO LLUB.N0000 OK
2026-05-04 16:00:56,648 INFO CDB.X0000 OK
2026-05-04 16:00:56,688 INFO CWL.N0000 OK
2026-05-04 16:00:56,702 INFO CINV.N0000 OK
2026-05-04 16:00:56,730 INFO CDB.N0000 OK
2026-05-04 16:00:56,731 INFO REEF.N0000 OK
2026-05-04 16:00:57,208 INFO CHOU.N0000 OK
2026-05-04 16:00:57,404 INFO COOP.N0000 OK
2026-05-04 16:00:57,471 INFO PHAR.N0000 OK
2026-05-04 16:00:57,520 INFO CFI.N0000 OK
2026-05-04 16:00:57,525 INFO CLND.N0000 OK
2026-05-04 16:00:57,526 INFO CIT.N0000 OK
2026-05-04 16:00:57,546 INFO DOCK.N0000 OK
2026-05-04 16:00:57,573 INFO COCR.N0000 OK
2026-05-04 16:00:57,581 INFO COMB.N0000 OK
2026-05-04 16:00:57,588 INFO COMB.X0000 OK
2026-05-04 16:00:58,003 INFO COMD.N0000 OK
2026-05-04 16:00:58,159 INFO SOY.N0000 OK
2026-05-04 16:00:58,310 INFO DPL.N0000 OK
2026-05-04 16:00:58,370 INFO DIAL.N0000 OK
2026-05-04 16:00:58,456 INFO PKME.N0000 OK
2026-05-04 16:00:58,488 INFO CTEA.N0000 OK
2026-05-04 16:00:58,503 INFO CALF.N0000 OK
2026-05-04 16:00:58,520 INFO DIMO.N0000 OK
2026-05-04 16:00:58,523 INFO DIPD.N0000 OK
2026-05-04 16:00:58,525 INFO DFCC.N0000 OK
2026-05-04 16:00:58,781 INFO DIST.N0000 OK
2026-05-04 16:00:59,020 INFO STAF.N0000 OK
2026-05-04 16:00:59,110 INFO ECL.N0000 OK
2026-05-04 16:00:59,210 INFO EBCR.N0000 OK
2026-05-04 16:00:59,233 INFO EML.N0000 OK
2026-05-04 16:00:59,292 INFO EMER.N0000 OK
2026-05-04 16:00:59,328 INFO EAST.N0000 OK
2026-05-04 16:00:59,361 INFO ETWO.N0000 OK
2026-05-04 16:00:59,393 INFO ELPL.N0000 OK
2026-05-04 16:00:59,411 INFO EDEN.N0000 OK
2026-05-04 16:00:59,562 INFO PACK.N0000 OK
2026-05-04 16:00:59,853 INFO EXT.N0000 OK
2026-05-04 16:00:59,961 INFO CFVF.N0000 OK
2026-05-04 16:01:00,041 INFO GHLL.N0000 OK
2026-05-04 16:01:00,109 INFO GEST.N0000 OK
2026-05-04 16:01:00,134 INFO WAPO.N0000 OK
2026-05-04 16:01:00,141 INFO FCT.N0000 OK
2026-05-04 16:01:00,170 INFO MEL.N0000 OK
2026-05-04 16:01:00,229 INFO HAPU.N0000 OK
2026-05-04 16:01:00,321 INFO HARI.N0000 OK
2026-05-04 16:01:00,360 INFO HNB.N0000 OK
2026-05-04 16:01:00,657 INFO HNB.X0000 OK
2026-05-04 16:01:00,754 INFO HPL.N0000 OK
2026-05-04 16:01:00,805 INFO HAYC.N0000 OK
2026-05-04 16:01:00,852 INFO HAYL.N0000 OK
2026-05-04 16:01:00,920 INFO MGT.N0000 OK
2026-05-04 16:01:00,977 INFO HHL.N0000 OK
2026-05-04 16:01:01,031 INFO HEXP.N0000 OK
2026-05-04 16:01:01,041 INFO CONN.N0000 OK
2026-05-04 16:01:01,157 INFO HELA.N0000 OK
2026-05-04 16:01:01,281 INFO CITH.N0000 OK
2026-05-04 16:01:01,439 INFO HASU.N0000 OK
2026-05-04 16:01:01,523 INFO HOPL.N0000 OK
2026-05-04 16:01:01,547 INFO HNBF.N0000 OK
2026-05-04 16:01:01,580 INFO HNBF.X0000 OK
2026-05-04 16:01:01,676 INFO HSIG.N0000 OK
2026-05-04 16:01:01,793 INFO HDFC.N0000 OK
2026-05-04 16:01:01,873 INFO HUNA.N0000 OK
2026-05-04 16:01:01,925 INFO HBS.N0000 OK
2026-05-04 16:01:01,943 INFO HUNT.N0000 OK
2026-05-04 16:01:02,040 INFO HVA.N0000 OK
2026-05-04 16:01:02,250 INFO ASPH.N0000 OK
2026-05-04 16:01:02,253 INFO JINS.N0000 OK
2026-05-04 16:01:02,285 INFO BFN.N0000 OK
2026-05-04 16:01:02,400 INFO INME.N0000 OK
2026-05-04 16:01:02,475 INFO JAT.N0000 OK
2026-05-04 16:01:02,561 INFO JETS.N0000 OK
2026-05-04 16:01:02,600 INFO JKH.N0000 OK
2026-05-04 16:01:02,654 INFO JFP.N0000 OK
2026-05-04 16:01:02,762 INFO KHL.N0000 OK
2026-05-04 16:01:02,851 INFO JKL.N0000 OK
2026-05-04 16:01:03,084 INFO KAHA.N0000 OK
2026-05-04 16:01:03,102 INFO KPHL.N0000 OK
2026-05-04 16:01:03,146 INFO KFP.N0000 OK
2026-05-04 16:01:03,277 INFO KCAB.N0000 OK
2026-05-04 16:01:03,278 INFO KGAL.N0000 OK
2026-05-04 16:01:03,326 INFO KDL.N0000 OK
2026-05-04 16:01:03,368 INFO TYRE.N0000 OK
2026-05-04 16:01:03,478 INFO KVAL.N0000 OK
2026-05-04 16:01:03,593 INFO CPRT.N0000 OK
2026-05-04 16:01:03,650 INFO KOTA.N0000 OK
2026-05-04 16:01:03,892 INFO LAMB.N0000 OK
2026-05-04 16:01:03,931 INFO LVEF.N0000 OK
2026-05-04 16:01:03,936 INFO LOLC.N0000 OK
2026-05-04 16:01:04,110 INFO LALU.N0000 OK
2026-05-04 16:01:04,167 INFO LPRT.N0000 OK
2026-05-04 16:01:04,170 INFO CERA.N0000 OK
2026-05-04 16:01:04,216 INFO ASHO.N0000 OK
2026-05-04 16:01:04,264 INFO LCBF.N0000 OK
2026-05-04 16:01:04,284 INFO LIOC.N0000 OK
2026-05-04 16:01:04,446 INFO LMF.N0000 OK
2026-05-04 16:01:04,668 INFO ASCO.N0000 OK
2026-05-04 16:01:04,710 INFO TILE.N0000 OK
2026-05-04 16:01:04,751 INFO LVEN.N0000 OK
2026-05-04 16:01:04,929 INFO LWL.N0000 OK
2026-05-04 16:01:04,951 INFO LGL.X0000 OK
2026-05-04 16:01:04,970 INFO LDEV.N0000 OK
2026-05-04 16:01:05,000 INFO LCEY.N0000 OK
2026-05-04 16:01:05,077 INFO LGL.N0000 OK
2026-05-04 16:01:05,127 INFO LPL.N0000 OK
2026-05-04 16:01:05,235 INFO LPL.X0000 OK
2026-05-04 16:01:05,459 INFO LITE.N0000 OK
2026-05-04 16:01:05,473 INFO LFIN.N0000 OK
2026-05-04 16:01:05,534 INFO SHAW.N0000 OK
2026-05-04 16:01:05,646 INFO LOFC.N0000 OK
2026-05-04 16:01:05,743 INFO LION.N0000 OK
2026-05-04 16:01:05,815 INFO LGIL.N0000 OK
2026-05-04 16:01:05,831 INFO HPFL.N0000 OK
2026-05-04 16:01:05,891 INFO LUMX.N0000 OK
2026-05-04 16:01:05,897 INFO MFPE.N0000 OK
2026-05-04 16:01:05,969 INFO MADU.N0000 OK
2026-05-04 16:01:06,245 INFO MCPL.N0000 OK
2026-05-04 16:01:06,274 INFO MRH.N0000 OK
2026-05-04 16:01:06,338 INFO MAL.N0000 OK
2026-05-04 16:01:06,407 INFO MAL.X0000 OK
2026-05-04 16:01:06,505 INFO MELS.N0000 OK
2026-05-04 16:01:06,522 INFO MARA.N0000 OK
2026-05-04 16:01:06,665 INFO MASK.N0000 OK
2026-05-04 16:01:06,693 INFO MERC.N0000 OK
2026-05-04 16:01:06,721 INFO MSL.N0000 OK
2026-05-04 16:01:06,748 INFO MBSL.N0000 OK
2026-05-04 16:01:07,006 INFO MHDL.N0000 OK
2026-05-04 16:01:07,043 INFO MULL.N0000 OK
2026-05-04 16:01:07,138 INFO MDL.N0000 OK
2026-05-04 16:01:07,204 INFO NAMU.N0000 OK
2026-05-04 16:01:07,207 INFO CSF.N0000 OK
2026-05-04 16:01:07,301 INFO NDB.N0000 OK
2026-05-04 16:01:07,508 INFO ODEL.N0000 OK
2026-05-04 16:01:07,511 INFO NHL.N0000 OK
2026-05-04 16:01:07,516 INFO NTB.X0000 OK
2026-05-04 16:01:07,558 INFO NTB.N0000 OK
2026-05-04 16:01:07,808 INFO OFEQ.N0000 OK
2026-05-04 16:01:07,829 INFO OSEA.N0000 OK
2026-05-04 16:01:07,881 INFO PABC.N0000 OK
2026-05-04 16:01:07,885 INFO ONAL.N0000 OK
2026-05-04 16:01:08,047 INFO PALM.N0000 OK
2026-05-04 16:01:08,075 INFO PAP.N0000 OK
2026-05-04 16:01:08,303 INFO PEG.N0000 OK
2026-05-04 16:01:08,336 INFO PINS.N0000 OK
2026-05-04 16:01:08,337 INFO PARA.N0000 OK
2026-05-04 16:01:08,344 INFO PLC.N0000 OK
2026-05-04 16:01:08,718 INFO PMB.N0000 OK
2026-05-04 16:01:08,724 INFO CARE.N0000 OK
2026-05-04 16:01:08,754 INFO PLR.N0000 OK
2026-05-04 16:01:08,760 INFO GLAS.N0000 OK
2026-05-04 16:01:08,842 INFO RIL.N0000 OK
2026-05-04 16:01:08,887 INFO RGEM.N0000 OK
2026-05-04 16:01:09,072 INFO RWSL.N0000 OK
2026-05-04 16:01:09,129 INFO RFL.N0000 OK
2026-05-04 16:01:09,145 INFO RAL.N0000 OK
2026-05-04 16:01:09,156 INFO RENU.N0000 OK
2026-05-04 16:01:09,568 INFO HPWR.N0000 OK
2026-05-04 16:01:09,582 INFO RHL.X0000 OK
2026-05-04 16:01:09,585 INFO RHL.N0000 OK
2026-05-04 16:01:09,625 INFO COCO.X0000 OK
2026-05-04 16:01:09,635 INFO COCO.N0000 OK
2026-05-04 16:01:09,697 INFO RCH.N0000 OK
2026-05-04 16:01:09,889 INFO RICH.N0000 OK
2026-05-04 16:01:09,938 INFO RCL.N0000 OK
2026-05-04 16:01:09,952 INFO RPBH.N0000 OK
2026-05-04 16:01:09,977 INFO REXP.N0000 OK
2026-05-04 16:01:10,257 INFO SAMP.N0000 OK
2026-05-04 16:01:10,286 INFO SDB.N0000 OK
2026-05-04 16:01:10,409 INFO SIL.N0000 OK
2026-05-04 16:01:10,423 INFO SMOT.N0000 OK
2026-05-04 16:01:10,479 INFO SFCL.N0000 OK
2026-05-04 16:01:10,539 INFO SDF.N0000 OK
2026-05-04 16:01:10,705 INFO SHOT.N0000 OK
2026-05-04 16:01:10,730 INFO SHOT.X0000 OK
2026-05-04 16:01:10,744 INFO SEYB.N0000 OK
2026-05-04 16:01:10,752 INFO SLND.N0000 OK
2026-05-04 16:01:11,061 INFO SEYB.X0000 OK
2026-05-04 16:01:11,080 INFO CSD.N0000 OK
2026-05-04 16:01:11,133 INFO SINS.N0000 OK
2026-05-04 16:01:11,214 INFO SIRA.N0000 OK
2026-05-04 16:01:11,217 INFO SIGV.N0000 OK
2026-05-04 16:01:11,308 INFO SFIN.N0000 OK
2026-05-04 16:01:11,508 INFO SINH.N0000 OK
2026-05-04 16:01:11,548 INFO SEMB.N0000 OK
2026-05-04 16:01:11,567 INFO SEMB.X0000 OK
2026-05-04 16:01:11,570 INFO SCAP.N0000 OK
2026-05-04 16:01:11,791 INFO AAIC.N0000 OK
2026-05-04 16:01:11,856 INFO CRL.N0000 OK
2026-05-04 16:01:11,869 INFO SHL.N0000 OK
2026-05-04 16:01:11,886 INFO SING.N0000 OK
2026-05-04 16:01:12,182 INFO SLTL.N0000 OK
2026-05-04 16:01:12,322 INFO SWAD.N0000 OK
2026-05-04 16:01:12,331 INFO SUN.N0000 OK
2026-05-04 16:01:12,373 INFO TAJ.N0000 OK
2026-05-04 16:01:12,398 INFO PARQ.N0000 OK
2026-05-04 16:01:12,416 INFO TPL.N0000 OK
2026-05-04 16:01:12,563 INFO TANG.N0000 OK
2026-05-04 16:01:12,653 INFO TESS.N0000 OK
2026-05-04 16:01:12,656 INFO TJL.N0000 OK
2026-05-04 16:01:12,671 INFO TSML.N0000 OK
2026-05-04 16:01:12,973 INFO TESS.X0000 OK
2026-05-04 16:01:13,130 INFO AUTO.N0000 OK
2026-05-04 16:01:13,140 INFO LHL.N0000 OK
2026-05-04 16:01:13,162 INFO RHTL.N0000 OK
2026-05-04 16:01:13,165 INFO CFLB.N0000 OK
2026-05-04 16:01:13,189 INFO KHC.N0000 OK
2026-05-04 16:01:13,350 INFO SERV.N0000 OK
2026-05-04 16:01:13,361 INFO LHCL.N0000 OK
2026-05-04 16:01:13,454 INFO NEH.N0000 OK
2026-05-04 16:01:13,594 INFO TAFL.N0000 OK
2026-05-04 16:01:13,846 INFO TKYO.N0000 OK
2026-05-04 16:01:13,939 INFO TRAN.N0000 OK
2026-05-04 16:01:13,967 INFO TKYO.X0000 OK
2026-05-04 16:01:13,979 INFO UAL.N0000 OK
2026-05-04 16:01:13,993 INFO UDPL.N0000 OK
2026-05-04 16:01:14,012 INFO UBF.N0000 OK
2026-05-04 16:01:14,122 INFO UBC.N0000 OK
2026-05-04 16:01:14,135 INFO UCAR.N0000 OK
2026-05-04 16:01:14,214 INFO UML.N0000 OK
2026-05-04 16:01:14,340 INFO VFIN.N0000 OK
2026-05-04 16:01:14,498 INFO VONE.N0000 OK
2026-05-04 16:01:14,686 INFO VPEL.N0000 OK
2026-05-04 16:01:14,700 INFO VLL.N0000 OK
2026-05-04 16:01:14,702 INFO WATA.N0000 OK
2026-05-04 16:01:14,768 INFO VLL.X0000 OK
2026-05-04 16:01:14,788 INFO CITW.N0000 OK
2026-05-04 16:01:14,867 INFO WIND.N0000 OK
2026-05-04 16:01:14,888 INFO YORK.N0000 OK
2026-05-04 16:01:14,998 INFO WLTH.N0000 OK
2026-05-04 16:01:15,088 INFO JXG.N0000 OK
2026-05-04 16:01:15,105 INFO Wrote 302 rows to /home/runner/work/cse-scraper/cse-scraper/data/2026-05-04/all_company_info_2026-05-04.csv
2026-05-04 16:01:15,105 INFO Symbols: 302, success: 302, failures: 0
