2026-06-24 16:18:36,942 INFO Saved: data/2026-06-24/tradeSummary_2026-06-24.json
2026-06-24 16:18:38,133 INFO Saved: data/2026-06-24/todaySharePrice_2026-06-24.json
2026-06-24 16:18:39,056 INFO Saved: data/2026-06-24/topGainers_2026-06-24.json
2026-06-24 16:18:39,871 INFO Saved: data/2026-06-24/topLooses_2026-06-24.json
2026-06-24 16:18:40,735 INFO Saved: data/2026-06-24/mostActiveTrades_2026-06-24.json
2026-06-24 16:18:41,999 INFO Saved: data/2026-06-24/marketSummery_2026-06-24.json
2026-06-24 16:18:42,895 INFO Saved: data/2026-06-24/aspiData_2026-06-24.json
2026-06-24 16:18:43,446 INFO Saved: data/2026-06-24/snpData_2026-06-24.json
2026-06-24 16:18:44,019 INFO Saved: data/2026-06-24/allSectors_2026-06-24.json
2026-06-24 16:18:44,921 INFO Saved: data/2026-06-24/detailedTrades_2026-06-24.json
2026-06-24 16:18:47,147 INFO Saved: data/2026-06-24/dailyMarketSummery_2026-06-24.json
2026-06-24 16:18:48,014 INFO Saved: data/2026-06-24/getContributors_2026-06-24.json
2026-06-24 16:18:48,699 INFO Saved: data/2026-06-24/getContributorsChart_2026-06-24.json
2026-06-24 16:18:48,700 INFO Saved 13 files (0 errors)
2026-06-24 16:18:49,825 INFO ABAN.N0000 OK
2026-06-24 16:18:49,831 INFO ACL.N0000 OK
2026-06-24 16:18:49,993 INFO ACME.N0000 OK
2026-06-24 16:18:50,031 INFO AEL.N0000 OK
2026-06-24 16:18:50,050 INFO AFSL.N0000 OK
2026-06-24 16:18:50,057 INFO AGST.N0000 OK
2026-06-24 16:18:50,105 INFO APLA.N0000 OK
2026-06-24 16:18:50,174 INFO AGST.X0000 OK
2026-06-24 16:18:50,185 INFO AGAL.N0000 OK
2026-06-24 16:18:50,292 INFO AGPL.N0000 OK
2026-06-24 16:18:50,964 INFO SPEN.N0000 OK
2026-06-24 16:18:50,972 INFO TAP.N0000 OK
2026-06-24 16:18:51,122 INFO ATLL.N0000 OK
2026-06-24 16:18:51,150 INFO ALUM.N0000 OK
2026-06-24 16:18:51,156 INFO ATL.N0000 OK
2026-06-24 16:18:51,162 INFO AHUN.N0000 OK
2026-06-24 16:18:51,177 INFO ALLI.N0000 OK
2026-06-24 16:18:51,181 INFO GREG.N0000 OK
2026-06-24 16:18:51,234 INFO ABL.N0000 OK
2026-06-24 16:18:51,317 INFO AFS.N0000 OK
2026-06-24 16:18:51,543 INFO ALHP.N0000 OK
2026-06-24 16:18:51,601 INFO AMCL.N0000 OK
2026-06-24 16:18:51,754 INFO AINS.N0000 OK
2026-06-24 16:18:51,757 INFO ACAP.N0000 OK
2026-06-24 16:18:51,794 INFO AHPL.N0000 OK
2026-06-24 16:18:51,818 INFO AAF.N0000 OK
2026-06-24 16:18:51,841 INFO ASIY.N0000 OK
2026-06-24 16:18:51,876 INFO AMF.N0000 OK
2026-06-24 16:18:51,882 INFO ASIR.N0000 OK
2026-06-24 16:18:51,905 INFO AMSL.N0000 OK
2026-06-24 16:18:52,627 INFO BLUE.X0000 OK
2026-06-24 16:18:52,649 INFO BALA.N0000 OK
2026-06-24 16:18:52,685 INFO BOPL.N0000 OK
2026-06-24 16:18:52,716 INFO BERU.N0000 OK
2026-06-24 16:18:52,725 INFO BLI.N0000 OK
2026-06-24 16:18:52,728 INFO BFL.N0000 OK
2026-06-24 16:18:52,729 INFO BLUE.N0000 OK
2026-06-24 16:18:52,741 INFO BRR.N0000 OK
2026-06-24 16:18:52,781 INFO BPPL.N0000 OK
2026-06-24 16:18:52,784 INFO BOGA.N0000 OK
2026-06-24 16:18:53,236 INFO BUKI.N0000 OK
2026-06-24 16:18:53,385 INFO BRWN.N0000 OK
2026-06-24 16:18:53,411 INFO BIL.N0000 OK
2026-06-24 16:18:53,478 INFO CIC.N0000 OK
2026-06-24 16:18:53,520 INFO CIC.X0000 OK
2026-06-24 16:18:53,889 INFO CSLK.N0000 OK
2026-06-24 16:18:53,892 INFO COLO.N0000 OK
2026-06-24 16:18:53,893 INFO CALH.N0000 OK
2026-06-24 16:18:53,913 INFO CTHR.N0000 OK
2026-06-24 16:18:53,916 INFO CWM.N0000 OK
2026-06-24 16:18:53,924 INFO CTLD.N0000 OK
2026-06-24 16:18:53,945 INFO CALT.N0000 OK
2026-06-24 16:18:54,018 INFO CARG.N0000 OK
2026-06-24 16:18:54,092 INFO CBNK.N0000 OK
2026-06-24 16:18:54,149 INFO CABO.N0000 OK
2026-06-24 16:18:54,489 INFO CIND.N0000 OK
2026-06-24 16:18:54,527 INFO CINS.N0000 OK
2026-06-24 16:18:54,545 INFO CCS.N0000 OK
2026-06-24 16:18:54,549 INFO BREW.N0000 OK
2026-06-24 16:18:54,560 INFO CARS.N0000 OK
2026-06-24 16:18:54,584 INFO CFIN.N0000 OK
2026-06-24 16:18:54,588 INFO CINS.X0000 OK
2026-06-24 16:18:54,646 INFO GUAR.N0000 OK
2026-06-24 16:18:54,662 INFO GRAN.N0000 OK
2026-06-24 16:18:54,800 INFO CHL.N0000 OK
2026-06-24 16:18:55,107 INFO CHL.X0000 OK
2026-06-24 16:18:55,118 INFO CINV.N0000 OK
2026-06-24 16:18:55,129 INFO CHOT.N0000 OK
2026-06-24 16:18:55,140 INFO CTBL.N0000 OK
2026-06-24 16:18:55,173 INFO CHMX.N0000 OK
2026-06-24 16:18:55,207 INFO KZOO.N0000 OK
2026-06-24 16:18:55,212 INFO CWL.N0000 OK
2026-06-24 16:18:55,227 INFO CTC.N0000 OK
2026-06-24 16:18:55,263 INFO LLUB.N0000 OK
2026-06-24 16:18:55,364 INFO CDB.N0000 OK
2026-06-24 16:18:55,663 INFO CDB.X0000 OK
2026-06-24 16:18:55,701 INFO CHOU.N0000 OK
2026-06-24 16:18:55,786 INFO PHAR.N0000 OK
2026-06-24 16:18:55,792 INFO CIT.N0000 OK
2026-06-24 16:18:55,795 INFO REEF.N0000 OK
2026-06-24 16:18:55,806 INFO COOP.N0000 OK
2026-06-24 16:18:55,808 INFO CLND.N0000 OK
2026-06-24 16:18:55,834 INFO DOCK.N0000 OK
2026-06-24 16:18:55,838 INFO CFI.N0000 OK
2026-06-24 16:18:55,914 INFO COMB.N0000 OK
2026-06-24 16:18:56,213 INFO COMB.X0000 OK
2026-06-24 16:18:56,246 INFO COCR.N0000 OK
2026-06-24 16:18:56,462 INFO COMD.N0000 OK
2026-06-24 16:18:56,476 INFO DIAL.N0000 OK
2026-06-24 16:18:56,479 INFO CALF.N0000 OK
2026-06-24 16:18:56,482 INFO DPL.N0000 OK
2026-06-24 16:18:56,485 INFO DIMO.N0000 OK
2026-06-24 16:18:56,494 INFO PKME.N0000 OK
2026-06-24 16:18:56,555 INFO SOY.N0000 OK
2026-06-24 16:18:56,560 INFO DFCC.N0000 OK
2026-06-24 16:18:56,768 INFO CTEA.N0000 OK
2026-06-24 16:18:56,788 INFO DIPD.N0000 OK
2026-06-24 16:18:57,085 INFO STAF.N0000 OK
2026-06-24 16:18:57,105 INFO EBCR.N0000 OK
2026-06-24 16:18:57,109 INFO EML.N0000 OK
2026-06-24 16:18:57,115 INFO EAST.N0000 OK
2026-06-24 16:18:57,123 INFO EDEN.N0000 OK
2026-06-24 16:18:57,140 INFO EMER.N0000 OK
2026-06-24 16:18:57,161 INFO DIST.N0000 OK
2026-06-24 16:18:57,181 INFO ECL.N0000 OK
2026-06-24 16:18:57,314 INFO ELPL.N0000 OK
2026-06-24 16:18:57,334 INFO ETWO.N0000 OK
2026-06-24 16:18:57,630 INFO PACK.N0000 OK
2026-06-24 16:18:57,748 INFO FCT.N0000 OK
2026-06-24 16:18:57,749 INFO WAPO.N0000 OK
2026-06-24 16:18:57,763 INFO MEL.N0000 OK
2026-06-24 16:18:57,802 INFO GHLL.N0000 OK
2026-06-24 16:18:57,814 INFO GEST.N0000 OK
2026-06-24 16:18:57,829 INFO EXT.N0000 OK
2026-06-24 16:18:57,869 INFO HAPU.N0000 OK
2026-06-24 16:18:57,889 INFO HARI.N0000 OK
2026-06-24 16:18:57,890 INFO CFVF.N0000 OK
2026-06-24 16:18:58,241 INFO HNB.N0000 OK
2026-06-24 16:18:58,322 INFO HNB.X0000 OK
2026-06-24 16:18:58,351 INFO HAYC.N0000 OK
2026-06-24 16:18:58,367 INFO MGT.N0000 OK
2026-06-24 16:18:58,374 INFO HEXP.N0000 OK
2026-06-24 16:18:58,386 INFO CONN.N0000 OK
2026-06-24 16:18:58,387 INFO HPL.N0000 OK
2026-06-24 16:18:58,414 INFO HAYL.N0000 OK
2026-06-24 16:18:58,451 INFO HHL.N0000 OK
2026-06-24 16:18:58,452 INFO HELA.N0000 OK
2026-06-24 16:18:58,880 INFO CITH.N0000 OK
2026-06-24 16:18:58,895 INFO HNBF.N0000 OK
2026-06-24 16:18:58,940 INFO HASU.N0000 OK
2026-06-24 16:18:58,954 INFO HOPL.N0000 OK
2026-06-24 16:18:58,977 INFO HSIG.N0000 OK
2026-06-24 16:18:58,982 INFO HNBF.X0000 OK
2026-06-24 16:18:58,985 INFO HBS.N0000 OK
2026-06-24 16:18:59,025 INFO HDFC.N0000 OK
2026-06-24 16:18:59,080 INFO HUNT.N0000 OK
2026-06-24 16:18:59,084 INFO HUNA.N0000 OK
2026-06-24 16:18:59,434 INFO HVA.N0000 OK
2026-06-24 16:18:59,515 INFO ASPH.N0000 OK
2026-06-24 16:18:59,546 INFO JINS.N0000 OK
2026-06-24 16:18:59,560 INFO JETS.N0000 OK
2026-06-24 16:18:59,566 INFO INME.N0000 OK
2026-06-24 16:18:59,577 INFO BFN.N0000 OK
2026-06-24 16:18:59,580 INFO JFP.N0000 OK
2026-06-24 16:18:59,658 INFO JAT.N0000 OK
2026-06-24 16:18:59,661 INFO KHL.N0000 OK
2026-06-24 16:18:59,696 INFO JKH.N0000 OK
2026-06-24 16:18:59,992 INFO JKL.N0000 OK
2026-06-24 16:19:00,123 INFO KFP.N0000 OK
2026-06-24 16:19:00,136 INFO KAHA.N0000 OK
2026-06-24 16:19:00,162 INFO TYRE.N0000 OK
2026-06-24 16:19:00,183 INFO KPHL.N0000 OK
2026-06-24 16:19:00,219 INFO KGAL.N0000 OK
2026-06-24 16:19:00,222 INFO KDL.N0000 OK
2026-06-24 16:19:00,264 INFO KCAB.N0000 OK
2026-06-24 16:19:00,298 INFO KVAL.N0000 OK
2026-06-24 16:19:00,316 INFO CPRT.N0000 OK
2026-06-24 16:19:00,610 INFO KOTA.N0000 OK
2026-06-24 16:19:00,697 INFO LOLC.N0000 OK
2026-06-24 16:19:00,776 INFO LVEF.N0000 OK
2026-06-24 16:19:00,777 INFO LAMB.N0000 OK
2026-06-24 16:19:00,793 INFO LALU.N0000 OK
2026-06-24 16:19:00,809 INFO LPRT.N0000 OK
2026-06-24 16:19:00,819 INFO CERA.N0000 OK
2026-06-24 16:19:00,843 INFO LCBF.N0000 OK
2026-06-24 16:19:00,846 INFO ASHO.N0000 OK
2026-06-24 16:19:00,953 INFO LIOC.N0000 OK
2026-06-24 16:19:01,163 INFO LMF.N0000 OK
2026-06-24 16:19:01,305 INFO ASCO.N0000 OK
2026-06-24 16:19:01,369 INFO LVEN.N0000 OK
2026-06-24 16:19:01,430 INFO LDEV.N0000 OK
2026-06-24 16:19:01,433 INFO LGL.N0000 OK
2026-06-24 16:19:01,436 INFO TILE.N0000 OK
2026-06-24 16:19:01,442 INFO LCEY.N0000 OK
2026-06-24 16:19:01,475 INFO LWL.N0000 OK
2026-06-24 16:19:01,501 INFO LPL.N0000 OK
2026-06-24 16:19:01,505 INFO LGL.X0000 OK
2026-06-24 16:19:01,710 INFO LPL.X0000 OK
2026-06-24 16:19:01,914 INFO LFIN.N0000 OK
2026-06-24 16:19:01,960 INFO LITE.N0000 OK
2026-06-24 16:19:02,033 INFO LION.N0000 OK
2026-06-24 16:19:02,071 INFO MADU.N0000 OK
2026-06-24 16:19:02,081 INFO HPFL.N0000 OK
2026-06-24 16:19:02,119 INFO LOFC.N0000 OK
2026-06-24 16:19:02,133 INFO LGIL.N0000 OK
2026-06-24 16:19:02,136 INFO SHAW.N0000 OK
2026-06-24 16:19:02,163 INFO LUMX.N0000 OK
2026-06-24 16:19:02,335 INFO MFPE.N0000 OK
2026-06-24 16:19:02,481 INFO MCPL.N0000 OK
2026-06-24 16:19:02,571 INFO MRH.N0000 OK
2026-06-24 16:19:02,649 INFO MARA.N0000 OK
2026-06-24 16:19:02,666 INFO MAL.N0000 OK
2026-06-24 16:19:02,681 INFO MASK.N0000 OK
2026-06-24 16:19:02,683 INFO MAL.X0000 OK
2026-06-24 16:19:02,716 INFO MERC.N0000 OK
2026-06-24 16:19:02,752 INFO MELS.N0000 OK
2026-06-24 16:19:02,811 INFO MSL.N0000 OK
2026-06-24 16:19:02,886 INFO MBSL.N0000 OK
2026-06-24 16:19:03,030 INFO MHDL.N0000 OK
2026-06-24 16:19:03,224 INFO MULL.N0000 OK
2026-06-24 16:19:03,254 INFO MDL.N0000 OK
2026-06-24 16:19:03,258 INFO CSF.N0000 OK
2026-06-24 16:19:03,261 INFO NAMU.N0000 OK
2026-06-24 16:19:03,275 INFO NTB.N0000 OK
2026-06-24 16:19:03,337 INFO NDB.N0000 OK
2026-06-24 16:19:03,353 INFO NHL.N0000 OK
2026-06-24 16:19:03,391 INFO NTB.X0000 OK
2026-06-24 16:19:03,441 INFO ODEL.N0000 OK
2026-06-24 16:19:03,578 INFO OFEQ.N0000 OK
2026-06-24 16:19:03,854 INFO PALM.N0000 OK
2026-06-24 16:19:03,863 INFO ONAL.N0000 OK
2026-06-24 16:19:03,866 INFO PABC.N0000 OK
2026-06-24 16:19:03,883 INFO PARA.N0000 OK
2026-06-24 16:19:03,941 INFO OSEA.N0000 OK
2026-06-24 16:19:03,942 INFO PINS.N0000 OK
2026-06-24 16:19:03,954 INFO PAP.N0000 OK
2026-06-24 16:19:03,962 INFO PEG.N0000 OK
2026-06-24 16:19:04,053 INFO PLC.N0000 OK
2026-06-24 16:19:04,130 INFO GLAS.N0000 OK
2026-06-24 16:19:04,460 INFO RIL.N0000 OK
2026-06-24 16:19:04,493 INFO PLR.N0000 OK
2026-06-24 16:19:04,525 INFO PMB.N0000 OK
2026-06-24 16:19:04,528 INFO RWSL.N0000 OK
2026-06-24 16:19:04,535 INFO RFL.N0000 OK
2026-06-24 16:19:04,548 INFO CARE.N0000 OK
2026-06-24 16:19:04,583 INFO RGEM.N0000 OK
2026-06-24 16:19:04,611 INFO RAL.N0000 OK
2026-06-24 16:19:04,611 INFO RENU.N0000 OK
2026-06-24 16:19:04,741 INFO COCO.N0000 OK
2026-06-24 16:19:05,038 INFO RHL.N0000 OK
2026-06-24 16:19:05,068 INFO COCO.X0000 OK
2026-06-24 16:19:05,127 INFO RHL.X0000 OK
2026-06-24 16:19:05,145 INFO RICH.N0000 OK
2026-06-24 16:19:05,163 INFO RCH.N0000 OK
2026-06-24 16:19:05,172 INFO RPBH.N0000 OK
2026-06-24 16:19:05,181 INFO RCL.N0000 OK
2026-06-24 16:19:05,202 INFO HPWR.N0000 OK
2026-06-24 16:19:05,249 INFO REXP.N0000 OK
2026-06-24 16:19:05,363 INFO SAMP.N0000 OK
2026-06-24 16:19:05,640 INFO SDB.N0000 OK
2026-06-24 16:19:05,645 INFO SIL.N0000 OK
2026-06-24 16:19:05,676 INFO SDF.N0000 OK
2026-06-24 16:19:05,759 INFO SHOT.N0000 OK
2026-06-24 16:19:05,762 INFO SMOT.N0000 OK
2026-06-24 16:19:05,762 INFO SFCL.N0000 OK
2026-06-24 16:19:05,795 INFO SEYB.N0000 OK
2026-06-24 16:19:05,838 INFO SLND.N0000 OK
2026-06-24 16:19:05,845 INFO SHOT.X0000 OK
2026-06-24 16:19:05,986 INFO SEYB.X0000 OK
2026-06-24 16:19:06,204 INFO CSD.N0000 OK
2026-06-24 16:19:06,234 INFO SIGV.N0000 OK
2026-06-24 16:19:06,302 INFO SIRA.N0000 OK
2026-06-24 16:19:06,321 INFO SFIN.N0000 OK
2026-06-24 16:19:06,343 INFO SINH.N0000 OK
2026-06-24 16:19:06,407 INFO SEMB.X0000 OK
2026-06-24 16:19:06,426 INFO SINS.N0000 OK
2026-06-24 16:19:06,439 INFO SEMB.N0000 OK
2026-06-24 16:19:06,485 INFO SCAP.N0000 OK
2026-06-24 16:19:06,604 INFO CRL.N0000 OK
2026-06-24 16:19:06,822 INFO SHL.N0000 OK
2026-06-24 16:19:06,870 INFO AAIC.N0000 OK
2026-06-24 16:19:06,884 INFO SING.N0000 OK
2026-06-24 16:19:06,888 INFO SUN.N0000 OK
2026-06-24 16:19:06,954 INFO SWAD.N0000 OK
2026-06-24 16:19:06,965 INFO SLTL.N0000 OK
2026-06-24 16:19:07,043 INFO PARQ.N0000 OK
2026-06-24 16:19:07,047 INFO TPL.N0000 OK
2026-06-24 16:19:07,073 INFO TAJ.N0000 OK
2026-06-24 16:19:07,221 INFO TANG.N0000 OK
2026-06-24 16:19:07,370 INFO TSML.N0000 OK
2026-06-24 16:19:07,443 INFO TJL.N0000 OK
2026-06-24 16:19:07,466 INFO TESS.X0000 OK
2026-06-24 16:19:07,522 INFO TESS.N0000 OK
2026-06-24 16:19:07,564 INFO LHL.N0000 OK
2026-06-24 16:19:07,602 INFO AUTO.N0000 OK
2026-06-24 16:19:07,629 INFO RHTL.N0000 OK
2026-06-24 16:19:07,637 INFO KHC.N0000 OK
2026-06-24 16:19:07,679 INFO CFLB.N0000 OK
2026-06-24 16:19:07,831 INFO SERV.N0000 OK
2026-06-24 16:19:07,991 INFO LHCL.N0000 OK
2026-06-24 16:19:07,994 INFO NEH.N0000 OK
2026-06-24 16:19:08,025 INFO TAFL.N0000 OK
2026-06-24 16:19:08,069 INFO TKYO.N0000 OK
2026-06-24 16:19:08,155 INFO TRAN.N0000 OK
2026-06-24 16:19:08,174 INFO TKYO.X0000 OK
2026-06-24 16:19:08,185 INFO UBF.N0000 OK
2026-06-24 16:19:08,240 INFO UAL.N0000 OK
2026-06-24 16:19:08,247 INFO UDPL.N0000 OK
2026-06-24 16:19:08,451 INFO UBC.N0000 OK
2026-06-24 16:19:08,561 INFO UML.N0000 OK
2026-06-24 16:19:08,618 INFO VONE.N0000 OK
2026-06-24 16:19:08,629 INFO UCAR.N0000 OK
2026-06-24 16:19:08,654 INFO VFIN.N0000 OK
2026-06-24 16:19:08,760 INFO VPEL.N0000 OK
2026-06-24 16:19:08,765 INFO VLL.X0000 OK
2026-06-24 16:19:08,802 INFO VLL.N0000 OK
2026-06-24 16:19:08,872 INFO CITW.N0000 OK
2026-06-24 16:19:08,874 INFO WATA.N0000 OK
2026-06-24 16:19:09,111 INFO YORK.N0000 OK
2026-06-24 16:19:09,134 INFO WIND.N0000 OK
2026-06-24 16:19:09,168 INFO WLTH.N0000 OK
2026-06-24 16:19:09,183 INFO JXG.N0000 OK
2026-06-24 16:19:09,200 INFO Wrote 302 rows to /home/runner/work/cse-scraper/cse-scraper/data/2026-06-24/all_company_info_2026-06-24.csv
2026-06-24 16:19:09,200 INFO Symbols: 302, success: 302, failures: 0
