2026-07-14 15:21:21,113 INFO Saved: data/2026-07-14/tradeSummary_2026-07-14.json
2026-07-14 15:21:21,964 INFO Saved: data/2026-07-14/todaySharePrice_2026-07-14.json
2026-07-14 15:21:22,922 INFO Saved: data/2026-07-14/topGainers_2026-07-14.json
2026-07-14 15:21:23,735 INFO Saved: data/2026-07-14/topLooses_2026-07-14.json
2026-07-14 15:21:24,600 INFO Saved: data/2026-07-14/mostActiveTrades_2026-07-14.json
2026-07-14 15:21:25,155 INFO Saved: data/2026-07-14/marketSummery_2026-07-14.json
2026-07-14 15:21:26,010 INFO Saved: data/2026-07-14/aspiData_2026-07-14.json
2026-07-14 15:21:26,566 INFO Saved: data/2026-07-14/snpData_2026-07-14.json
2026-07-14 15:21:27,414 INFO Saved: data/2026-07-14/allSectors_2026-07-14.json
2026-07-14 15:21:28,708 INFO Saved: data/2026-07-14/detailedTrades_2026-07-14.json
2026-07-14 15:21:29,497 INFO Saved: data/2026-07-14/dailyMarketSummery_2026-07-14.json
2026-07-14 15:21:30,172 INFO Saved: data/2026-07-14/getContributors_2026-07-14.json
2026-07-14 15:21:31,351 INFO Saved: data/2026-07-14/getContributorsChart_2026-07-14.json
2026-07-14 15:21:31,351 INFO Saved 13 files (0 errors)
2026-07-14 15:21:32,517 INFO ABAN.N0000 OK
2026-07-14 15:21:32,563 INFO AEL.N0000 OK
2026-07-14 15:21:32,579 INFO AFSL.N0000 OK
2026-07-14 15:21:32,913 INFO APLA.N0000 OK
2026-07-14 15:21:32,925 INFO AGAL.N0000 OK
2026-07-14 15:21:32,929 INFO AGST.X0000 OK
2026-07-14 15:21:32,938 INFO AGPL.N0000 OK
2026-07-14 15:21:32,983 INFO ACME.N0000 OK
2026-07-14 15:21:32,988 INFO ACL.N0000 OK
2026-07-14 15:21:32,990 INFO AGST.N0000 OK
2026-07-14 15:21:33,533 INFO AHUN.N0000 OK
2026-07-14 15:21:33,578 INFO ATL.N0000 OK
2026-07-14 15:21:33,588 INFO ALUM.N0000 OK
2026-07-14 15:21:33,650 INFO ATLL.N0000 OK
2026-07-14 15:21:33,656 INFO SPEN.N0000 OK
2026-07-14 15:21:33,659 INFO AFS.N0000 OK
2026-07-14 15:21:33,661 INFO ABL.N0000 OK
2026-07-14 15:21:33,685 INFO ALLI.N0000 OK
2026-07-14 15:21:33,917 INFO GREG.N0000 OK
2026-07-14 15:21:33,935 INFO TAP.N0000 OK
2026-07-14 15:21:34,580 INFO ALHP.N0000 OK
2026-07-14 15:21:34,591 INFO ASIR.N0000 OK
2026-07-14 15:21:34,594 INFO AAF.N0000 OK
2026-07-14 15:21:34,596 INFO AMCL.N0000 OK
2026-07-14 15:21:34,606 INFO ACAP.N0000 OK
2026-07-14 15:21:34,620 INFO AHPL.N0000 OK
2026-07-14 15:21:34,633 INFO ASIY.N0000 OK
2026-07-14 15:21:34,660 INFO AINS.N0000 OK
2026-07-14 15:21:34,664 INFO AMSL.N0000 OK
2026-07-14 15:21:34,680 INFO AMF.N0000 OK
2026-07-14 15:21:35,191 INFO BPPL.N0000 OK
2026-07-14 15:21:35,244 INFO BFL.N0000 OK
2026-07-14 15:21:35,468 INFO BLUE.N0000 OK
2026-07-14 15:21:35,474 INFO BLI.N0000 OK
2026-07-14 15:21:35,500 INFO BLUE.X0000 OK
2026-07-14 15:21:35,576 INFO BRR.N0000 OK
2026-07-14 15:21:35,584 INFO BOGA.N0000 OK
2026-07-14 15:21:35,595 INFO BOPL.N0000 OK
2026-07-14 15:21:35,599 INFO BALA.N0000 OK
2026-07-14 15:21:35,603 INFO BERU.N0000 OK
2026-07-14 15:21:35,801 INFO BRWN.N0000 OK
2026-07-14 15:21:35,851 INFO BIL.N0000 OK
2026-07-14 15:21:36,034 INFO CIC.N0000 OK
2026-07-14 15:21:36,094 INFO BUKI.N0000 OK
2026-07-14 15:21:36,108 INFO CIC.X0000 OK
2026-07-14 15:21:36,230 INFO CWM.N0000 OK
2026-07-14 15:21:36,244 INFO CTHR.N0000 OK
2026-07-14 15:21:36,244 INFO COLO.N0000 OK
2026-07-14 15:21:36,257 INFO CSLK.N0000 OK
2026-07-14 15:21:36,258 INFO CTLD.N0000 OK
2026-07-14 15:21:36,463 INFO CALH.N0000 OK
2026-07-14 15:21:36,477 INFO CALT.N0000 OK
2026-07-14 15:21:36,651 INFO CARG.N0000 OK
2026-07-14 15:21:36,681 INFO CBNK.N0000 OK
2026-07-14 15:21:36,719 INFO CABO.N0000 OK
2026-07-14 15:21:36,883 INFO CARS.N0000 OK
2026-07-14 15:21:36,892 INFO CIND.N0000 OK
2026-07-14 15:21:36,900 INFO CFIN.N0000 OK
2026-07-14 15:21:36,918 INFO CINS.N0000 OK
2026-07-14 15:21:36,926 INFO CINS.X0000 OK
2026-07-14 15:21:37,035 INFO CCS.N0000 OK
2026-07-14 15:21:37,077 INFO BREW.N0000 OK
2026-07-14 15:21:37,199 INFO GRAN.N0000 OK
2026-07-14 15:21:37,288 INFO GUAR.N0000 OK
2026-07-14 15:21:37,335 INFO CHL.N0000 OK
2026-07-14 15:21:37,540 INFO CINV.N0000 OK
2026-07-14 15:21:37,572 INFO KZOO.N0000 OK
2026-07-14 15:21:37,583 INFO CHL.X0000 OK
2026-07-14 15:21:37,586 INFO CHOT.N0000 OK
2026-07-14 15:21:37,590 INFO CTBL.N0000 OK
2026-07-14 15:21:37,593 INFO CTC.N0000 OK
2026-07-14 15:21:37,690 INFO CHMX.N0000 OK
2026-07-14 15:21:37,816 INFO LLUB.N0000 OK
2026-07-14 15:21:37,902 INFO CWL.N0000 OK
2026-07-14 15:21:37,952 INFO CDB.N0000 OK
2026-07-14 15:21:38,098 INFO CDB.X0000 OK
2026-07-14 15:21:38,159 INFO CHOU.N0000 OK
2026-07-14 15:21:38,199 INFO REEF.N0000 OK
2026-07-14 15:21:38,222 INFO COOP.N0000 OK
2026-07-14 15:21:38,239 INFO PHAR.N0000 OK
2026-07-14 15:21:38,251 INFO DOCK.N0000 OK
2026-07-14 15:21:38,303 INFO CFI.N0000 OK
2026-07-14 15:21:38,438 INFO CIT.N0000 OK
2026-07-14 15:21:38,511 INFO CLND.N0000 OK
2026-07-14 15:21:38,563 INFO COMB.N0000 OK
2026-07-14 15:21:38,650 INFO COMB.X0000 OK
2026-07-14 15:21:38,751 INFO COMD.N0000 OK
2026-07-14 15:21:38,775 INFO COCR.N0000 OK
2026-07-14 15:21:38,796 INFO DPL.N0000 OK
2026-07-14 15:21:38,832 INFO SOY.N0000 OK
2026-07-14 15:21:38,870 INFO DFCC.N0000 OK
2026-07-14 15:21:38,929 INFO DIAL.N0000 OK
2026-07-14 15:21:39,054 INFO CALF.N0000 OK
2026-07-14 15:21:39,133 INFO DIMO.N0000 OK
2026-07-14 15:21:39,185 INFO PKME.N0000 OK
2026-07-14 15:21:39,259 INFO CTEA.N0000 OK
2026-07-14 15:21:39,371 INFO DIPD.N0000 OK
2026-07-14 15:21:39,387 INFO DIST.N0000 OK
2026-07-14 15:21:39,400 INFO STAF.N0000 OK
2026-07-14 15:21:39,443 INFO ECL.N0000 OK
2026-07-14 15:21:39,473 INFO EBCR.N0000 OK
2026-07-14 15:21:39,541 INFO EML.N0000 OK
2026-07-14 15:21:39,662 INFO EAST.N0000 OK
2026-07-14 15:21:39,731 INFO EDEN.N0000 OK
2026-07-14 15:21:39,744 INFO EMER.N0000 OK
2026-07-14 15:21:39,869 INFO ELPL.N0000 OK
2026-07-14 15:21:39,988 INFO ETWO.N0000 OK
2026-07-14 15:21:39,990 INFO CFVF.N0000 OK
2026-07-14 15:21:39,997 INFO PACK.N0000 OK
2026-07-14 15:21:40,022 INFO EXT.N0000 OK
2026-07-14 15:21:40,085 INFO FCT.N0000 OK
2026-07-14 15:21:40,158 INFO GHLL.N0000 OK
2026-07-14 15:21:40,282 INFO WAPO.N0000 OK
2026-07-14 15:21:40,298 INFO MEL.N0000 OK
2026-07-14 15:21:40,344 INFO GEST.N0000 OK
2026-07-14 15:21:40,476 INFO HAPU.N0000 OK
2026-07-14 15:21:40,568 INFO HNB.X0000 OK
2026-07-14 15:21:40,568 INFO HNB.N0000 OK
2026-07-14 15:21:40,577 INFO HPL.N0000 OK
2026-07-14 15:21:40,635 INFO HAYC.N0000 OK
2026-07-14 15:21:40,657 INFO HARI.N0000 OK
2026-07-14 15:21:40,712 INFO MGT.N0000 OK
2026-07-14 15:21:40,830 INFO HEXP.N0000 OK
2026-07-14 15:21:40,855 INFO CONN.N0000 OK
2026-07-14 15:21:40,967 INFO HAYL.N0000 OK
2026-07-14 15:21:41,030 INFO HELA.N0000 OK
2026-07-14 15:21:41,197 INFO HHL.N0000 OK
2026-07-14 15:21:41,203 INFO CITH.N0000 OK
2026-07-14 15:21:41,208 INFO HASU.N0000 OK
2026-07-14 15:21:41,253 INFO HNBF.N0000 OK
2026-07-14 15:21:41,264 INFO HNBF.X0000 OK
2026-07-14 15:21:41,336 INFO HOPL.N0000 OK
2026-07-14 15:21:41,450 INFO HSIG.N0000 OK
2026-07-14 15:21:41,466 INFO HDFC.N0000 OK
2026-07-14 15:21:41,514 INFO HBS.N0000 OK
2026-07-14 15:21:41,652 INFO HUNA.N0000 OK
2026-07-14 15:21:41,821 INFO HVA.N0000 OK
2026-07-14 15:21:41,827 INFO HUNT.N0000 OK
2026-07-14 15:21:41,854 INFO ASPH.N0000 OK
2026-07-14 15:21:41,873 INFO INME.N0000 OK
2026-07-14 15:21:41,894 INFO BFN.N0000 OK
2026-07-14 15:21:41,942 INFO JINS.N0000 OK
2026-07-14 15:21:41,996 INFO JAT.N0000 OK
2026-07-14 15:21:42,076 INFO JETS.N0000 OK
2026-07-14 15:21:42,118 INFO JFP.N0000 OK
2026-07-14 15:21:42,199 INFO JKH.N0000 OK
2026-07-14 15:21:42,435 INFO KHL.N0000 OK
2026-07-14 15:21:42,442 INFO JKL.N0000 OK
2026-07-14 15:21:42,475 INFO KAHA.N0000 OK
2026-07-14 15:21:42,495 INFO KPHL.N0000 OK
2026-07-14 15:21:42,504 INFO KFP.N0000 OK
2026-07-14 15:21:42,566 INFO KGAL.N0000 OK
2026-07-14 15:21:42,600 INFO KCAB.N0000 OK
2026-07-14 15:21:42,681 INFO TYRE.N0000 OK
2026-07-14 15:21:42,731 INFO KVAL.N0000 OK
2026-07-14 15:21:42,766 INFO KDL.N0000 OK
2026-07-14 15:21:43,053 INFO CPRT.N0000 OK
2026-07-14 15:21:43,056 INFO KOTA.N0000 OK
2026-07-14 15:21:43,059 INFO LOLC.N0000 OK
2026-07-14 15:21:43,085 INFO LAMB.N0000 OK
2026-07-14 15:21:43,125 INFO LVEF.N0000 OK
2026-07-14 15:21:43,143 INFO LALU.N0000 OK
2026-07-14 15:21:43,170 INFO LPRT.N0000 OK
2026-07-14 15:21:43,223 INFO ASHO.N0000 OK
2026-07-14 15:21:43,344 INFO CERA.N0000 OK
2026-07-14 15:21:43,370 INFO LCBF.N0000 OK
2026-07-14 15:21:43,642 INFO TILE.N0000 OK
2026-07-14 15:21:43,715 INFO LIOC.N0000 OK
2026-07-14 15:21:43,719 INFO ASCO.N0000 OK
2026-07-14 15:21:43,735 INFO LVEN.N0000 OK
2026-07-14 15:21:43,737 INFO LMF.N0000 OK
2026-07-14 15:21:43,751 INFO LWL.N0000 OK
2026-07-14 15:21:43,780 INFO LCEY.N0000 OK
2026-07-14 15:21:43,827 INFO LDEV.N0000 OK
2026-07-14 15:21:43,971 INFO LGL.N0000 OK
2026-07-14 15:21:43,997 INFO LGL.X0000 OK
2026-07-14 15:21:44,252 INFO LPL.N0000 OK
2026-07-14 15:21:44,332 INFO LOFC.N0000 OK
2026-07-14 15:21:44,362 INFO LPL.X0000 OK
2026-07-14 15:21:44,373 INFO LITE.N0000 OK
2026-07-14 15:21:44,382 INFO LION.N0000 OK
2026-07-14 15:21:44,384 INFO SHAW.N0000 OK
2026-07-14 15:21:44,399 INFO LFIN.N0000 OK
2026-07-14 15:21:44,448 INFO LGIL.N0000 OK
2026-07-14 15:21:44,588 INFO HPFL.N0000 OK
2026-07-14 15:21:44,641 INFO LUMX.N0000 OK
2026-07-14 15:21:44,862 INFO MADU.N0000 OK
2026-07-14 15:21:44,961 INFO MFPE.N0000 OK
2026-07-14 15:21:45,011 INFO MAL.X0000 OK
2026-07-14 15:21:45,015 INFO MCPL.N0000 OK
2026-07-14 15:21:45,018 INFO MAL.N0000 OK
2026-07-14 15:21:45,035 INFO MRH.N0000 OK
2026-07-14 15:21:45,068 INFO MARA.N0000 OK
2026-07-14 15:21:45,079 INFO MASK.N0000 OK
2026-07-14 15:21:45,207 INFO MELS.N0000 OK
2026-07-14 15:21:45,253 INFO MERC.N0000 OK
2026-07-14 15:21:45,476 INFO MSL.N0000 OK
2026-07-14 15:21:45,575 INFO MBSL.N0000 OK
2026-07-14 15:21:45,592 INFO MDL.N0000 OK
2026-07-14 15:21:45,628 INFO CSF.N0000 OK
2026-07-14 15:21:45,639 INFO MHDL.N0000 OK
2026-07-14 15:21:45,655 INFO MULL.N0000 OK
2026-07-14 15:21:45,666 INFO NAMU.N0000 OK
2026-07-14 15:21:45,713 INFO NDB.N0000 OK
2026-07-14 15:21:45,823 INFO NTB.N0000 OK
2026-07-14 15:21:45,887 INFO NTB.X0000 OK
2026-07-14 15:21:46,087 INFO NHL.N0000 OK
2026-07-14 15:21:46,193 INFO ODEL.N0000 OK
2026-07-14 15:21:46,203 INFO OFEQ.N0000 OK
2026-07-14 15:21:46,274 INFO PALM.N0000 OK
2026-07-14 15:21:46,281 INFO OSEA.N0000 OK
2026-07-14 15:21:46,287 INFO ONAL.N0000 OK
2026-07-14 15:21:46,303 INFO PABC.N0000 OK
2026-07-14 15:21:46,341 INFO PAP.N0000 OK
2026-07-14 15:21:46,422 INFO PARA.N0000 OK
2026-07-14 15:21:46,506 INFO PEG.N0000 OK
2026-07-14 15:21:46,631 INFO PINS.N0000 OK
2026-07-14 15:21:46,762 INFO GLAS.N0000 OK
2026-07-14 15:21:46,821 INFO PLC.N0000 OK
2026-07-14 15:21:46,825 INFO PMB.N0000 OK
2026-07-14 15:21:46,864 INFO RIL.N0000 OK
2026-07-14 15:21:46,906 INFO PLR.N0000 OK
2026-07-14 15:21:46,919 INFO CARE.N0000 OK
2026-07-14 15:21:46,924 INFO RGEM.N0000 OK
2026-07-14 15:21:47,037 INFO RWSL.N0000 OK
2026-07-14 15:21:47,093 INFO RFL.N0000 OK
2026-07-14 15:21:47,245 INFO RAL.N0000 OK
2026-07-14 15:21:47,375 INFO RENU.N0000 OK
2026-07-14 15:21:47,437 INFO RHL.N0000 OK
2026-07-14 15:21:47,440 INFO COCO.X0000 OK
2026-07-14 15:21:47,443 INFO COCO.N0000 OK
2026-07-14 15:21:47,546 INFO HPWR.N0000 OK
2026-07-14 15:21:47,558 INFO RHL.X0000 OK
2026-07-14 15:21:47,569 INFO RCH.N0000 OK
2026-07-14 15:21:47,656 INFO RICH.N0000 OK
2026-07-14 15:21:47,707 INFO REXP.N0000 OK
2026-07-14 15:21:47,882 INFO RCL.N0000 OK
2026-07-14 15:21:47,963 INFO RPBH.N0000 OK
2026-07-14 15:21:48,013 INFO SAMP.N0000 OK
2026-07-14 15:21:48,071 INFO SIL.N0000 OK
2026-07-14 15:21:48,090 INFO SDB.N0000 OK
2026-07-14 15:21:48,131 INFO SMOT.N0000 OK
2026-07-14 15:21:48,183 INFO SDF.N0000 OK
2026-07-14 15:21:48,188 INFO SFCL.N0000 OK
2026-07-14 15:21:48,206 INFO SHOT.N0000 OK
2026-07-14 15:21:48,331 INFO SHOT.X0000 OK
2026-07-14 15:21:48,436 INFO SLND.N0000 OK
2026-07-14 15:21:48,513 INFO SEYB.N0000 OK
2026-07-14 15:21:48,572 INFO SEYB.X0000 OK
2026-07-14 15:21:48,633 INFO CSD.N0000 OK
2026-07-14 15:21:48,636 INFO SIRA.N0000 OK
2026-07-14 15:21:48,829 INFO SINH.N0000 OK
2026-07-14 15:21:48,844 INFO SIGV.N0000 OK
2026-07-14 15:21:48,847 INFO SINS.N0000 OK
2026-07-14 15:21:48,849 INFO SFIN.N0000 OK
2026-07-14 15:21:48,950 INFO SEMB.N0000 OK
2026-07-14 15:21:49,047 INFO SEMB.X0000 OK
2026-07-14 15:21:49,143 INFO SCAP.N0000 OK
2026-07-14 15:21:49,185 INFO CRL.N0000 OK
2026-07-14 15:21:49,192 INFO SHL.N0000 OK
2026-07-14 15:21:49,252 INFO AAIC.N0000 OK
2026-07-14 15:21:49,379 INFO SLTL.N0000 OK
2026-07-14 15:21:49,416 INFO SING.N0000 OK
2026-07-14 15:21:49,467 INFO SWAD.N0000 OK
2026-07-14 15:21:49,478 INFO SUN.N0000 OK
2026-07-14 15:21:49,496 INFO PARQ.N0000 OK
2026-07-14 15:21:49,593 INFO TAJ.N0000 OK
2026-07-14 15:21:49,695 INFO TPL.N0000 OK
2026-07-14 15:21:49,748 INFO TANG.N0000 OK
2026-07-14 15:21:49,818 INFO TSML.N0000 OK
2026-07-14 15:21:49,909 INFO TJL.N0000 OK
2026-07-14 15:21:49,934 INFO TESS.N0000 OK
2026-07-14 15:21:50,031 INFO TESS.X0000 OK
2026-07-14 15:21:50,088 INFO LHL.N0000 OK
2026-07-14 15:21:50,097 INFO AUTO.N0000 OK
2026-07-14 15:21:50,103 INFO CFLB.N0000 OK
2026-07-14 15:21:50,136 INFO RHTL.N0000 OK
2026-07-14 15:21:50,302 INFO KHC.N0000 OK
2026-07-14 15:21:50,361 INFO SERV.N0000 OK
2026-07-14 15:21:50,370 INFO LHCL.N0000 OK
2026-07-14 15:21:50,590 INFO NEH.N0000 OK
2026-07-14 15:21:50,592 INFO TAFL.N0000 OK
2026-07-14 15:21:50,644 INFO TKYO.X0000 OK
2026-07-14 15:21:50,666 INFO TKYO.N0000 OK
2026-07-14 15:21:50,717 INFO TRAN.N0000 OK
2026-07-14 15:21:50,722 INFO UBF.N0000 OK
2026-07-14 15:21:50,740 INFO UDPL.N0000 OK
2026-07-14 15:21:50,927 INFO UAL.N0000 OK
2026-07-14 15:21:50,980 INFO UCAR.N0000 OK
2026-07-14 15:21:50,981 INFO UBC.N0000 OK
2026-07-14 15:21:51,145 INFO VFIN.N0000 OK
2026-07-14 15:21:51,209 INFO VPEL.N0000 OK
2026-07-14 15:21:51,209 INFO UML.N0000 OK
2026-07-14 15:21:51,264 INFO VONE.N0000 OK
2026-07-14 15:21:51,331 INFO VLL.N0000 OK
2026-07-14 15:21:51,350 INFO VLL.X0000 OK
2026-07-14 15:21:51,370 INFO CITW.N0000 OK
2026-07-14 15:21:51,530 INFO WATA.N0000 OK
2026-07-14 15:21:51,540 INFO WIND.N0000 OK
2026-07-14 15:21:51,599 INFO YORK.N0000 OK
2026-07-14 15:21:51,824 INFO JXG.N0000 OK
2026-07-14 15:21:51,828 INFO WLTH.N0000 OK
2026-07-14 15:21:51,845 INFO Wrote 302 rows to /home/runner/work/cse-scraper/cse-scraper/data/2026-07-14/all_company_info_2026-07-14.csv
2026-07-14 15:21:51,845 INFO Symbols: 302, success: 302, failures: 0
