2026-06-25 16:21:08,193 INFO Saved: data/2026-06-25/tradeSummary_2026-06-25.json
2026-06-25 16:21:09,344 INFO Saved: data/2026-06-25/todaySharePrice_2026-06-25.json
2026-06-25 16:21:09,958 INFO Saved: data/2026-06-25/topGainers_2026-06-25.json
2026-06-25 16:21:11,037 INFO Saved: data/2026-06-25/topLooses_2026-06-25.json
2026-06-25 16:21:11,639 INFO Saved: data/2026-06-25/mostActiveTrades_2026-06-25.json
2026-06-25 16:21:12,473 INFO Saved: data/2026-06-25/marketSummery_2026-06-25.json
2026-06-25 16:21:13,520 INFO Saved: data/2026-06-25/aspiData_2026-06-25.json
2026-06-25 16:21:14,562 INFO Saved: data/2026-06-25/snpData_2026-06-25.json
2026-06-25 16:21:15,409 INFO Saved: data/2026-06-25/allSectors_2026-06-25.json
2026-06-25 16:21:16,378 INFO Saved: data/2026-06-25/detailedTrades_2026-06-25.json
2026-06-25 16:21:18,309 INFO Saved: data/2026-06-25/dailyMarketSummery_2026-06-25.json
2026-06-25 16:21:19,201 INFO Saved: data/2026-06-25/getContributors_2026-06-25.json
2026-06-25 16:21:20,348 INFO Saved: data/2026-06-25/getContributorsChart_2026-06-25.json
2026-06-25 16:21:20,348 INFO Saved 13 files (0 errors)
2026-06-25 16:21:21,582 INFO AEL.N0000 OK
2026-06-25 16:21:21,634 INFO ACME.N0000 OK
2026-06-25 16:21:21,650 INFO APLA.N0000 OK
2026-06-25 16:21:21,655 INFO ACL.N0000 OK
2026-06-25 16:21:21,671 INFO ABAN.N0000 OK
2026-06-25 16:21:22,055 INFO AGPL.N0000 OK
2026-06-25 16:21:22,073 INFO AGST.N0000 OK
2026-06-25 16:21:22,084 INFO AGST.X0000 OK
2026-06-25 16:21:22,112 INFO AGAL.N0000 OK
2026-06-25 16:21:22,112 INFO AFSL.N0000 OK
2026-06-25 16:21:22,181 INFO AHUN.N0000 OK
2026-06-25 16:21:22,326 INFO ALLI.N0000 OK
2026-06-25 16:21:22,340 INFO AFS.N0000 OK
2026-06-25 16:21:22,350 INFO ALUM.N0000 OK
2026-06-25 16:21:22,446 INFO SPEN.N0000 OK
2026-06-25 16:21:23,011 INFO ALHP.N0000 OK
2026-06-25 16:21:23,089 INFO AMCL.N0000 OK
2026-06-25 16:21:23,094 INFO ATL.N0000 OK
2026-06-25 16:21:23,095 INFO TAP.N0000 OK
2026-06-25 16:21:23,110 INFO ATLL.N0000 OK
2026-06-25 16:21:23,114 INFO GREG.N0000 OK
2026-06-25 16:21:23,115 INFO ABL.N0000 OK
2026-06-25 16:21:23,249 INFO ACAP.N0000 OK
2026-06-25 16:21:23,303 INFO AINS.N0000 OK
2026-06-25 16:21:23,313 INFO AAF.N0000 OK
2026-06-25 16:21:23,667 INFO ASIY.N0000 OK
2026-06-25 16:21:24,028 INFO ASIR.N0000 OK
2026-06-25 16:21:24,031 INFO AMSL.N0000 OK
2026-06-25 16:21:24,056 INFO BPPL.N0000 OK
2026-06-25 16:21:24,112 INFO BRR.N0000 OK
2026-06-25 16:21:24,119 INFO BFL.N0000 OK
2026-06-25 16:21:24,128 INFO BERU.N0000 OK
2026-06-25 16:21:24,134 INFO AHPL.N0000 OK
2026-06-25 16:21:24,137 INFO AMF.N0000 OK
2026-06-25 16:21:24,140 INFO BALA.N0000 OK
2026-06-25 16:21:24,263 INFO BLI.N0000 OK
2026-06-25 16:21:24,631 INFO BLUE.X0000 OK
2026-06-25 16:21:24,639 INFO BLUE.N0000 OK
2026-06-25 16:21:24,722 INFO BOGA.N0000 OK
2026-06-25 16:21:25,813 INFO CIC.X0000 OK
2026-06-25 16:21:25,887 INFO BIL.N0000 OK
2026-06-25 16:21:25,945 INFO CTLD.N0000 OK
2026-06-25 16:21:25,967 INFO BOPL.N0000 OK
2026-06-25 16:21:26,008 INFO BUKI.N0000 OK
2026-06-25 16:21:26,014 INFO BRWN.N0000 OK
2026-06-25 16:21:26,027 INFO CWM.N0000 OK
2026-06-25 16:21:26,032 INFO COLO.N0000 OK
2026-06-25 16:21:26,037 INFO CTHR.N0000 OK
2026-06-25 16:21:26,071 INFO CIC.N0000 OK
2026-06-25 16:21:26,474 INFO CSLK.N0000 OK
2026-06-25 16:21:26,545 INFO CALH.N0000 OK
2026-06-25 16:21:26,612 INFO CALT.N0000 OK
2026-06-25 16:21:26,659 INFO CARG.N0000 OK
2026-06-25 16:21:26,670 INFO CBNK.N0000 OK
2026-06-25 16:21:27,432 INFO GRAN.N0000 OK
2026-06-25 16:21:27,511 INFO CCS.N0000 OK
2026-06-25 16:21:27,532 INFO CINS.N0000 OK
2026-06-25 16:21:27,537 INFO CARS.N0000 OK
2026-06-25 16:21:27,556 INFO CIND.N0000 OK
2026-06-25 16:21:27,561 INFO BREW.N0000 OK
2026-06-25 16:21:27,571 INFO GUAR.N0000 OK
2026-06-25 16:21:27,574 INFO CABO.N0000 OK
2026-06-25 16:21:27,592 INFO CINS.X0000 OK
2026-06-25 16:21:27,593 INFO CFIN.N0000 OK
2026-06-25 16:21:28,111 INFO CHL.N0000 OK
2026-06-25 16:21:28,175 INFO CHL.X0000 OK
2026-06-25 16:21:28,194 INFO CHOT.N0000 OK
2026-06-25 16:21:28,217 INFO LLUB.N0000 OK
2026-06-25 16:21:28,235 INFO CTC.N0000 OK
2026-06-25 16:21:28,244 INFO CINV.N0000 OK
2026-06-25 16:21:28,268 INFO CTBL.N0000 OK
2026-06-25 16:21:28,301 INFO KZOO.N0000 OK
2026-06-25 16:21:28,308 INFO CHMX.N0000 OK
2026-06-25 16:21:28,325 INFO CWL.N0000 OK
2026-06-25 16:21:28,767 INFO CDB.X0000 OK
2026-06-25 16:21:28,781 INFO CDB.N0000 OK
2026-06-25 16:21:28,785 INFO REEF.N0000 OK
2026-06-25 16:21:28,809 INFO CHOU.N0000 OK
2026-06-25 16:21:28,912 INFO PHAR.N0000 OK
2026-06-25 16:21:28,926 INFO COOP.N0000 OK
2026-06-25 16:21:28,954 INFO DOCK.N0000 OK
2026-06-25 16:21:29,376 INFO CIT.N0000 OK
2026-06-25 16:21:29,382 INFO CFI.N0000 OK
2026-06-25 16:21:29,387 INFO CLND.N0000 OK
2026-06-25 16:21:29,447 INFO COMB.X0000 OK
2026-06-25 16:21:29,463 INFO COCR.N0000 OK
2026-06-25 16:21:29,548 INFO COMB.N0000 OK
2026-06-25 16:21:29,556 INFO COMD.N0000 OK
2026-06-25 16:21:29,960 INFO SOY.N0000 OK
2026-06-25 16:21:30,069 INFO DPL.N0000 OK
2026-06-25 16:21:30,085 INFO DFCC.N0000 OK
2026-06-25 16:21:30,106 INFO CALF.N0000 OK
2026-06-25 16:21:30,107 INFO DIAL.N0000 OK
2026-06-25 16:21:30,132 INFO DIMO.N0000 OK
2026-06-25 16:21:30,136 INFO PKME.N0000 OK
2026-06-25 16:21:30,145 INFO CTEA.N0000 OK
2026-06-25 16:21:30,193 INFO DIPD.N0000 OK
2026-06-25 16:21:30,238 INFO DIST.N0000 OK
2026-06-25 16:21:31,364 INFO ETWO.N0000 OK
2026-06-25 16:21:31,388 INFO EML.N0000 OK
2026-06-25 16:21:31,392 INFO EAST.N0000 OK
2026-06-25 16:21:31,398 INFO ELPL.N0000 OK
2026-06-25 16:21:31,402 INFO ECL.N0000 OK
2026-06-25 16:21:31,408 INFO EMER.N0000 OK
2026-06-25 16:21:31,419 INFO STAF.N0000 OK
2026-06-25 16:21:31,423 INFO EDEN.N0000 OK
2026-06-25 16:21:31,427 INFO PACK.N0000 OK
2026-06-25 16:21:31,429 INFO EBCR.N0000 OK
2026-06-25 16:21:32,017 INFO EXT.N0000 OK
2026-06-25 16:21:32,339 INFO MEL.N0000 OK
2026-06-25 16:21:32,376 INFO HAPU.N0000 OK
2026-06-25 16:21:32,377 INFO WAPO.N0000 OK
2026-06-25 16:21:32,390 INFO HNB.N0000 OK
2026-06-25 16:21:32,420 INFO CFVF.N0000 OK
2026-06-25 16:21:32,428 INFO GHLL.N0000 OK
2026-06-25 16:21:32,446 INFO GEST.N0000 OK
2026-06-25 16:21:32,454 INFO FCT.N0000 OK
2026-06-25 16:21:32,459 INFO HARI.N0000 OK
2026-06-25 16:21:33,412 INFO HHL.N0000 OK
2026-06-25 16:21:33,412 INFO HNB.X0000 OK
2026-06-25 16:21:33,420 INFO HAYC.N0000 OK
2026-06-25 16:21:33,449 INFO HELA.N0000 OK
2026-06-25 16:21:33,463 INFO MGT.N0000 OK
2026-06-25 16:21:33,464 INFO HAYL.N0000 OK
2026-06-25 16:21:33,469 INFO CONN.N0000 OK
2026-06-25 16:21:33,479 INFO HEXP.N0000 OK
2026-06-25 16:21:33,524 INFO CITH.N0000 OK
2026-06-25 16:21:33,531 INFO HPL.N0000 OK
2026-06-25 16:21:34,076 INFO HNBF.N0000 OK
2026-06-25 16:21:34,077 INFO HASU.N0000 OK
2026-06-25 16:21:34,114 INFO HOPL.N0000 OK
2026-06-25 16:21:34,149 INFO HBS.N0000 OK
2026-06-25 16:21:34,159 INFO HSIG.N0000 OK
2026-06-25 16:21:34,224 INFO HDFC.N0000 OK
2026-06-25 16:21:34,383 INFO HVA.N0000 OK
2026-06-25 16:21:34,402 INFO HUNT.N0000 OK
2026-06-25 16:21:34,417 INFO HUNA.N0000 OK
2026-06-25 16:21:34,475 INFO HNBF.X0000 OK
2026-06-25 16:21:34,744 INFO INME.N0000 OK
2026-06-25 16:21:34,774 INFO ASPH.N0000 OK
2026-06-25 16:21:34,784 INFO BFN.N0000 OK
2026-06-25 16:21:34,815 INFO JAT.N0000 OK
2026-06-25 16:21:34,818 INFO JINS.N0000 OK
2026-06-25 16:21:34,878 INFO JETS.N0000 OK
2026-06-25 16:21:35,036 INFO JFP.N0000 OK
2026-06-25 16:21:35,056 INFO JKH.N0000 OK
2026-06-25 16:21:35,848 INFO KDL.N0000 OK
2026-06-25 16:21:35,926 INFO KGAL.N0000 OK
2026-06-25 16:21:35,929 INFO KCAB.N0000 OK
2026-06-25 16:21:35,964 INFO KPHL.N0000 OK
2026-06-25 16:21:35,975 INFO KAHA.N0000 OK
2026-06-25 16:21:35,981 INFO JKL.N0000 OK
2026-06-25 16:21:35,983 INFO KHL.N0000 OK
2026-06-25 16:21:35,987 INFO KVAL.N0000 OK
2026-06-25 16:21:35,998 INFO TYRE.N0000 OK
2026-06-25 16:21:36,002 INFO KFP.N0000 OK
2026-06-25 16:21:36,502 INFO CPRT.N0000 OK
2026-06-25 16:21:36,590 INFO KOTA.N0000 OK
2026-06-25 16:21:36,593 INFO LAMB.N0000 OK
2026-06-25 16:21:36,625 INFO LOLC.N0000 OK
2026-06-25 16:21:36,704 INFO LVEF.N0000 OK
2026-06-25 16:21:36,733 INFO ASHO.N0000 OK
2026-06-25 16:21:36,738 INFO LPRT.N0000 OK
2026-06-25 16:21:36,742 INFO LALU.N0000 OK
2026-06-25 16:21:36,744 INFO CERA.N0000 OK
2026-06-25 16:21:36,748 INFO LCBF.N0000 OK
2026-06-25 16:21:37,161 INFO LIOC.N0000 OK
2026-06-25 16:21:37,628 INFO LVEN.N0000 OK
2026-06-25 16:21:37,636 INFO LMF.N0000 OK
2026-06-25 16:21:37,652 INFO LDEV.N0000 OK
2026-06-25 16:21:37,655 INFO LWL.N0000 OK
2026-06-25 16:21:37,658 INFO LGL.N0000 OK
2026-06-25 16:21:37,666 INFO LGL.X0000 OK
2026-06-25 16:21:37,669 INFO TILE.N0000 OK
2026-06-25 16:21:37,720 INFO ASCO.N0000 OK
2026-06-25 16:21:37,765 INFO LCEY.N0000 OK
2026-06-25 16:21:38,087 INFO LPL.N0000 OK
2026-06-25 16:21:38,305 INFO LPL.X0000 OK
2026-06-25 16:21:38,361 INFO LION.N0000 OK
2026-06-25 16:21:38,411 INFO LFIN.N0000 OK
2026-06-25 16:21:38,420 INFO SHAW.N0000 OK
2026-06-25 16:21:38,445 INFO LITE.N0000 OK
2026-06-25 16:21:38,449 INFO LOFC.N0000 OK
2026-06-25 16:21:38,652 INFO LUMX.N0000 OK
2026-06-25 16:21:38,683 INFO HPFL.N0000 OK
2026-06-25 16:21:38,717 INFO LGIL.N0000 OK
2026-06-25 16:21:38,745 INFO MADU.N0000 OK
2026-06-25 16:21:38,980 INFO MFPE.N0000 OK
2026-06-25 16:21:39,028 INFO MCPL.N0000 OK
2026-06-25 16:21:39,042 INFO MRH.N0000 OK
2026-06-25 16:21:39,508 INFO MSL.N0000 OK
2026-06-25 16:21:39,518 INFO MAL.X0000 OK
2026-06-25 16:21:39,530 INFO MAL.N0000 OK
2026-06-25 16:21:39,533 INFO MELS.N0000 OK
2026-06-25 16:21:39,552 INFO MASK.N0000 OK
2026-06-25 16:21:39,555 INFO MARA.N0000 OK
2026-06-25 16:21:39,558 INFO MERC.N0000 OK
2026-06-25 16:21:39,643 INFO MBSL.N0000 OK
2026-06-25 16:21:39,722 INFO MULL.N0000 OK
2026-06-25 16:21:39,745 INFO MHDL.N0000 OK
2026-06-25 16:21:40,135 INFO NAMU.N0000 OK
2026-06-25 16:21:40,171 INFO CSF.N0000 OK
2026-06-25 16:21:40,189 INFO MDL.N0000 OK
2026-06-25 16:21:40,236 INFO NDB.N0000 OK
2026-06-25 16:21:40,251 INFO NTB.N0000 OK
2026-06-25 16:21:40,550 INFO OFEQ.N0000 OK
2026-06-25 16:21:40,552 INFO ODEL.N0000 OK
2026-06-25 16:21:40,570 INFO NTB.X0000 OK
2026-06-25 16:21:40,610 INFO ONAL.N0000 OK
2026-06-25 16:21:40,613 INFO NHL.N0000 OK
2026-06-25 16:21:40,719 INFO OSEA.N0000 OK
2026-06-25 16:21:40,775 INFO PABC.N0000 OK
2026-06-25 16:21:40,826 INFO PALM.N0000 OK
2026-06-25 16:21:40,900 INFO PAP.N0000 OK
2026-06-25 16:21:40,917 INFO PARA.N0000 OK
2026-06-25 16:21:41,233 INFO PINS.N0000 OK
2026-06-25 16:21:41,280 INFO GLAS.N0000 OK
2026-06-25 16:21:41,281 INFO PMB.N0000 OK
2026-06-25 16:21:41,357 INFO PEG.N0000 OK
2026-06-25 16:21:41,360 INFO PLC.N0000 OK
2026-06-25 16:21:41,464 INFO PLR.N0000 OK
2026-06-25 16:21:41,467 INFO CARE.N0000 OK
2026-06-25 16:21:41,765 INFO RWSL.N0000 OK
2026-06-25 16:21:41,769 INFO RGEM.N0000 OK
2026-06-25 16:21:41,777 INFO RIL.N0000 OK
2026-06-25 16:21:41,888 INFO RFL.N0000 OK
2026-06-25 16:21:41,972 INFO RAL.N0000 OK
2026-06-25 16:21:41,997 INFO RENU.N0000 OK
2026-06-25 16:21:42,028 INFO COCO.X0000 OK
2026-06-25 16:21:42,036 INFO COCO.N0000 OK
2026-06-25 16:21:42,132 INFO RHL.X0000 OK
2026-06-25 16:21:42,135 INFO RHL.N0000 OK
2026-06-25 16:21:42,527 INFO RICH.N0000 OK
2026-06-25 16:21:42,527 INFO HPWR.N0000 OK
2026-06-25 16:21:42,528 INFO RCH.N0000 OK
2026-06-25 16:21:42,590 INFO REXP.N0000 OK
2026-06-25 16:21:42,625 INFO RCL.N0000 OK
2026-06-25 16:21:42,651 INFO RPBH.N0000 OK
2026-06-25 16:21:43,409 INFO SAMP.N0000 OK
2026-06-25 16:21:43,447 INFO SEYB.N0000 OK
2026-06-25 16:21:43,534 INFO SMOT.N0000 OK
2026-06-25 16:21:43,554 INFO SDF.N0000 OK
2026-06-25 16:21:43,561 INFO SFCL.N0000 OK
2026-06-25 16:21:43,591 INFO SHOT.X0000 OK
2026-06-25 16:21:43,599 INFO SDB.N0000 OK
2026-06-25 16:21:43,611 INFO SHOT.N0000 OK
2026-06-25 16:21:43,617 INFO SIL.N0000 OK
2026-06-25 16:21:43,639 INFO SLND.N0000 OK
2026-06-25 16:21:44,066 INFO SEYB.X0000 OK
2026-06-25 16:21:44,101 INFO CSD.N0000 OK
2026-06-25 16:21:44,160 INFO SINS.N0000 OK
2026-06-25 16:21:44,255 INFO SIRA.N0000 OK
2026-06-25 16:21:44,282 INFO SINH.N0000 OK
2026-06-25 16:21:44,285 INFO SIGV.N0000 OK
2026-06-25 16:21:44,292 INFO SFIN.N0000 OK
2026-06-25 16:21:44,321 INFO SEMB.X0000 OK
2026-06-25 16:21:44,327 INFO SEMB.N0000 OK
2026-06-25 16:21:44,354 INFO SCAP.N0000 OK
2026-06-25 16:21:44,752 INFO CRL.N0000 OK
2026-06-25 16:21:45,167 INFO SING.N0000 OK
2026-06-25 16:21:45,171 INFO SHL.N0000 OK
2026-06-25 16:21:45,225 INFO PARQ.N0000 OK
2026-06-25 16:21:45,294 INFO TPL.N0000 OK
2026-06-25 16:21:45,301 INFO SLTL.N0000 OK
2026-06-25 16:21:45,319 INFO AAIC.N0000 OK
2026-06-25 16:21:45,325 INFO TAJ.N0000 OK
2026-06-25 16:21:45,326 INFO SWAD.N0000 OK
2026-06-25 16:21:45,331 INFO SUN.N0000 OK
2026-06-25 16:21:45,428 INFO TANG.N0000 OK
2026-06-25 16:21:45,776 INFO TJL.N0000 OK
2026-06-25 16:21:45,855 INFO TSML.N0000 OK
2026-06-25 16:21:45,887 INFO TESS.N0000 OK
2026-06-25 16:21:45,958 INFO TESS.X0000 OK
2026-06-25 16:21:45,978 INFO LHL.N0000 OK
2026-06-25 16:21:46,013 INFO KHC.N0000 OK
2026-06-25 16:21:46,043 INFO AUTO.N0000 OK
2026-06-25 16:21:46,046 INFO CFLB.N0000 OK
2026-06-25 16:21:46,058 INFO RHTL.N0000 OK
2026-06-25 16:21:46,543 INFO NEH.N0000 OK
2026-06-25 16:21:46,546 INFO LHCL.N0000 OK
2026-06-25 16:21:46,562 INFO SERV.N0000 OK
2026-06-25 16:21:46,569 INFO TKYO.X0000 OK
2026-06-25 16:21:46,605 INFO TKYO.N0000 OK
2026-06-25 16:21:46,613 INFO TAFL.N0000 OK
2026-06-25 16:21:46,682 INFO TRAN.N0000 OK
2026-06-25 16:21:47,049 INFO UAL.N0000 OK
2026-06-25 16:21:47,068 INFO UDPL.N0000 OK
2026-06-25 16:21:47,073 INFO UBF.N0000 OK
2026-06-25 16:21:47,463 INFO UML.N0000 OK
2026-06-25 16:21:47,493 INFO VONE.N0000 OK
2026-06-25 16:21:47,531 INFO VLL.N0000 OK
2026-06-25 16:21:47,565 INFO VFIN.N0000 OK
2026-06-25 16:21:47,573 INFO VPEL.N0000 OK
2026-06-25 16:21:47,577 INFO UCAR.N0000 OK
2026-06-25 16:21:47,584 INFO UBC.N0000 OK
2026-06-25 16:21:47,749 INFO WATA.N0000 OK
2026-06-25 16:21:47,757 INFO VLL.X0000 OK
2026-06-25 16:21:47,763 INFO CITW.N0000 OK
2026-06-25 16:21:48,120 INFO WIND.N0000 OK
2026-06-25 16:21:48,153 INFO YORK.N0000 OK
2026-06-25 16:21:48,154 INFO JXG.N0000 OK
2026-06-25 16:21:48,182 INFO WLTH.N0000 OK
2026-06-25 16:21:48,200 INFO Wrote 302 rows to /home/runner/work/cse-scraper/cse-scraper/data/2026-06-25/all_company_info_2026-06-25.csv
2026-06-25 16:21:48,200 INFO Symbols: 302, success: 302, failures: 0
