2026-07-01 16:24:10,568 INFO Saved: data/2026-07-01/tradeSummary_2026-07-01.json
2026-07-01 16:24:11,523 INFO Saved: data/2026-07-01/todaySharePrice_2026-07-01.json
2026-07-01 16:24:12,458 INFO Saved: data/2026-07-01/topGainers_2026-07-01.json
2026-07-01 16:24:13,379 INFO Saved: data/2026-07-01/topLooses_2026-07-01.json
2026-07-01 16:24:14,730 INFO Saved: data/2026-07-01/mostActiveTrades_2026-07-01.json
2026-07-01 16:24:15,332 INFO Saved: data/2026-07-01/marketSummery_2026-07-01.json
2026-07-01 16:24:16,339 INFO Saved: data/2026-07-01/aspiData_2026-07-01.json
2026-07-01 16:24:16,928 INFO Saved: data/2026-07-01/snpData_2026-07-01.json
2026-07-01 16:24:18,037 INFO Saved: data/2026-07-01/allSectors_2026-07-01.json
2026-07-01 16:24:19,429 INFO Saved: data/2026-07-01/detailedTrades_2026-07-01.json
2026-07-01 16:24:22,122 INFO Saved: data/2026-07-01/dailyMarketSummery_2026-07-01.json
2026-07-01 16:24:23,281 INFO Saved: data/2026-07-01/getContributors_2026-07-01.json
2026-07-01 16:24:24,255 INFO Saved: data/2026-07-01/getContributorsChart_2026-07-01.json
2026-07-01 16:24:24,255 INFO Saved 13 files (0 errors)
2026-07-01 16:24:26,329 INFO AEL.N0000 OK
2026-07-01 16:24:26,347 INFO APLA.N0000 OK
2026-07-01 16:24:26,435 INFO AGPL.N0000 OK
2026-07-01 16:24:26,445 INFO AFSL.N0000 OK
2026-07-01 16:24:26,482 INFO AGST.N0000 OK
2026-07-01 16:24:26,497 INFO AGAL.N0000 OK
2026-07-01 16:24:26,512 INFO AGST.X0000 OK
2026-07-01 16:24:26,538 INFO ACME.N0000 OK
2026-07-01 16:24:26,544 INFO ABAN.N0000 OK
2026-07-01 16:24:26,546 INFO ACL.N0000 OK
2026-07-01 16:24:27,113 INFO AHUN.N0000 OK
2026-07-01 16:24:27,118 INFO SPEN.N0000 OK
2026-07-01 16:24:27,211 INFO ALLI.N0000 OK
2026-07-01 16:24:27,232 INFO ALUM.N0000 OK
2026-07-01 16:24:27,274 INFO AFS.N0000 OK
2026-07-01 16:24:27,601 INFO TAP.N0000 OK
2026-07-01 16:24:27,661 INFO ABL.N0000 OK
2026-07-01 16:24:27,665 INFO GREG.N0000 OK
2026-07-01 16:24:27,665 INFO ATLL.N0000 OK
2026-07-01 16:24:27,680 INFO ATL.N0000 OK
2026-07-01 16:24:28,349 INFO ALHP.N0000 OK
2026-07-01 16:24:28,393 INFO ACAP.N0000 OK
2026-07-01 16:24:28,473 INFO ASIY.N0000 OK
2026-07-01 16:24:28,506 INFO AINS.N0000 OK
2026-07-01 16:24:28,520 INFO AMCL.N0000 OK
2026-07-01 16:24:28,524 INFO AAF.N0000 OK
2026-07-01 16:24:29,046 INFO ASIR.N0000 OK
2026-07-01 16:24:29,053 INFO AMF.N0000 OK
2026-07-01 16:24:29,061 INFO AHPL.N0000 OK
2026-07-01 16:24:29,066 INFO AMSL.N0000 OK
2026-07-01 16:24:29,523 INFO BLI.N0000 OK
2026-07-01 16:24:29,590 INFO BPPL.N0000 OK
2026-07-01 16:24:29,636 INFO BRR.N0000 OK
2026-07-01 16:24:29,665 INFO BERU.N0000 OK
2026-07-01 16:24:29,694 INFO BFL.N0000 OK
2026-07-01 16:24:29,699 INFO BALA.N0000 OK
2026-07-01 16:24:29,740 INFO BLUE.X0000 OK
2026-07-01 16:24:29,772 INFO BLUE.N0000 OK
2026-07-01 16:24:29,829 INFO BOPL.N0000 OK
2026-07-01 16:24:29,847 INFO BOGA.N0000 OK
2026-07-01 16:24:30,223 INFO BRWN.N0000 OK
2026-07-01 16:24:30,308 INFO BIL.N0000 OK
2026-07-01 16:24:30,365 INFO BUKI.N0000 OK
2026-07-01 16:24:30,930 INFO CSLK.N0000 OK
2026-07-01 16:24:30,931 INFO CTLD.N0000 OK
2026-07-01 16:24:31,005 INFO CWM.N0000 OK
2026-07-01 16:24:31,070 INFO CIC.X0000 OK
2026-07-01 16:24:31,083 INFO COLO.N0000 OK
2026-07-01 16:24:31,090 INFO CALH.N0000 OK
2026-07-01 16:24:31,108 INFO CTHR.N0000 OK
2026-07-01 16:24:31,124 INFO CIC.N0000 OK
2026-07-01 16:24:31,147 INFO CALT.N0000 OK
2026-07-01 16:24:31,158 INFO CARG.N0000 OK
2026-07-01 16:24:32,505 INFO CIND.N0000 OK
2026-07-01 16:24:32,514 INFO BREW.N0000 OK
2026-07-01 16:24:32,522 INFO CFIN.N0000 OK
2026-07-01 16:24:32,561 INFO CCS.N0000 OK
2026-07-01 16:24:32,597 INFO CARS.N0000 OK
2026-07-01 16:24:32,626 INFO CABO.N0000 OK
2026-07-01 16:24:32,654 INFO CINS.N0000 OK
2026-07-01 16:24:32,663 INFO GRAN.N0000 OK
2026-07-01 16:24:32,679 INFO CINS.X0000 OK
2026-07-01 16:24:32,682 INFO CBNK.N0000 OK
2026-07-01 16:24:33,932 INFO CINV.N0000 OK
2026-07-01 16:24:33,963 INFO KZOO.N0000 OK
2026-07-01 16:24:34,039 INFO CHMX.N0000 OK
2026-07-01 16:24:34,068 INFO CHL.X0000 OK
2026-07-01 16:24:34,081 INFO CHOT.N0000 OK
2026-07-01 16:24:34,091 INFO LLUB.N0000 OK
2026-07-01 16:24:34,091 INFO CTC.N0000 OK
2026-07-01 16:24:34,096 INFO CHL.N0000 OK
2026-07-01 16:24:34,099 INFO GUAR.N0000 OK
2026-07-01 16:24:34,102 INFO CTBL.N0000 OK
2026-07-01 16:24:35,033 INFO DOCK.N0000 OK
2026-07-01 16:24:35,051 INFO CDB.X0000 OK
2026-07-01 16:24:35,058 INFO CHOU.N0000 OK
2026-07-01 16:24:35,188 INFO CFI.N0000 OK
2026-07-01 16:24:35,204 INFO PHAR.N0000 OK
2026-07-01 16:24:35,207 INFO REEF.N0000 OK
2026-07-01 16:24:35,269 INFO COOP.N0000 OK
2026-07-01 16:24:35,296 INFO CWL.N0000 OK
2026-07-01 16:24:35,317 INFO CIT.N0000 OK
2026-07-01 16:24:35,320 INFO CDB.N0000 OK
2026-07-01 16:24:35,739 INFO CLND.N0000 OK
2026-07-01 16:24:36,394 INFO DFCC.N0000 OK
2026-07-01 16:24:36,567 INFO CALF.N0000 OK
2026-07-01 16:24:36,620 INFO COCR.N0000 OK
2026-07-01 16:24:36,623 INFO DIAL.N0000 OK
2026-07-01 16:24:36,629 INFO COMB.N0000 OK
2026-07-01 16:24:36,663 INFO COMD.N0000 OK
2026-07-01 16:24:36,666 INFO DPL.N0000 OK
2026-07-01 16:24:36,714 INFO COMB.X0000 OK
2026-07-01 16:24:36,739 INFO SOY.N0000 OK
2026-07-01 16:24:36,790 INFO DIMO.N0000 OK
2026-07-01 16:24:37,105 INFO PKME.N0000 OK
2026-07-01 16:24:37,750 INFO EAST.N0000 OK
2026-07-01 16:24:37,915 INFO EML.N0000 OK
2026-07-01 16:24:37,918 INFO DIST.N0000 OK
2026-07-01 16:24:37,966 INFO STAF.N0000 OK
2026-07-01 16:24:38,001 INFO DIPD.N0000 OK
2026-07-01 16:24:38,026 INFO ECL.N0000 OK
2026-07-01 16:24:38,030 INFO EBCR.N0000 OK
2026-07-01 16:24:38,034 INFO EMER.N0000 OK
2026-07-01 16:24:38,034 INFO CTEA.N0000 OK
2026-07-01 16:24:38,053 INFO EDEN.N0000 OK
2026-07-01 16:24:38,458 INFO ELPL.N0000 OK
2026-07-01 16:24:38,933 INFO MEL.N0000 OK
2026-07-01 16:24:39,141 INFO FCT.N0000 OK
2026-07-01 16:24:39,236 INFO GHLL.N0000 OK
2026-07-01 16:24:39,252 INFO PACK.N0000 OK
2026-07-01 16:24:39,269 INFO EXT.N0000 OK
2026-07-01 16:24:39,283 INFO WAPO.N0000 OK
2026-07-01 16:24:39,286 INFO ETWO.N0000 OK
2026-07-01 16:24:39,289 INFO CFVF.N0000 OK
2026-07-01 16:24:39,295 INFO GEST.N0000 OK
2026-07-01 16:24:39,368 INFO HAPU.N0000 OK
2026-07-01 16:24:40,341 INFO HELA.N0000 OK
2026-07-01 16:24:40,394 INFO HNB.N0000 OK
2026-07-01 16:24:40,397 INFO HEXP.N0000 OK
2026-07-01 16:24:40,405 INFO HPL.N0000 OK
2026-07-01 16:24:40,449 INFO HARI.N0000 OK
2026-07-01 16:24:40,473 INFO CONN.N0000 OK
2026-07-01 16:24:40,498 INFO HAYL.N0000 OK
2026-07-01 16:24:40,517 INFO HAYC.N0000 OK
2026-07-01 16:24:40,535 INFO HNB.X0000 OK
2026-07-01 16:24:40,543 INFO MGT.N0000 OK
2026-07-01 16:24:41,072 INFO HHL.N0000 OK
2026-07-01 16:24:41,658 INFO HASU.N0000 OK
2026-07-01 16:24:41,830 INFO CITH.N0000 OK
2026-07-01 16:24:41,847 INFO HNBF.N0000 OK
2026-07-01 16:24:41,981 INFO HOPL.N0000 OK
2026-07-01 16:24:41,994 INFO HDFC.N0000 OK
2026-07-01 16:24:42,014 INFO HBS.N0000 OK
2026-07-01 16:24:42,026 INFO HUNA.N0000 OK
2026-07-01 16:24:42,053 INFO HNBF.X0000 OK
2026-07-01 16:24:42,056 INFO HSIG.N0000 OK
2026-07-01 16:24:42,060 INFO HUNT.N0000 OK
2026-07-01 16:24:42,378 INFO HVA.N0000 OK
2026-07-01 16:24:42,546 INFO ASPH.N0000 OK
2026-07-01 16:24:42,571 INFO INME.N0000 OK
2026-07-01 16:24:42,689 INFO BFN.N0000 OK
2026-07-01 16:24:42,751 INFO JINS.N0000 OK
2026-07-01 16:24:42,823 INFO JAT.N0000 OK
2026-07-01 16:24:42,833 INFO JETS.N0000 OK
2026-07-01 16:24:43,384 INFO JFP.N0000 OK
2026-07-01 16:24:43,419 INFO JKH.N0000 OK
2026-07-01 16:24:43,422 INFO JKL.N0000 OK
2026-07-01 16:24:43,440 INFO KAHA.N0000 OK
2026-07-01 16:24:43,468 INFO KHL.N0000 OK
2026-07-01 16:24:43,477 INFO KPHL.N0000 OK
2026-07-01 16:24:43,504 INFO KFP.N0000 OK
2026-07-01 16:24:44,249 INFO KVAL.N0000 OK
2026-07-01 16:24:44,414 INFO KDL.N0000 OK
2026-07-01 16:24:44,460 INFO KOTA.N0000 OK
2026-07-01 16:24:44,463 INFO CPRT.N0000 OK
2026-07-01 16:24:44,526 INFO LVEF.N0000 OK
2026-07-01 16:24:44,529 INFO LAMB.N0000 OK
2026-07-01 16:24:44,545 INFO LOLC.N0000 OK
2026-07-01 16:24:44,546 INFO KGAL.N0000 OK
2026-07-01 16:24:44,549 INFO KCAB.N0000 OK
2026-07-01 16:24:44,553 INFO TYRE.N0000 OK
2026-07-01 16:24:44,947 INFO LPRT.N0000 OK
2026-07-01 16:24:45,118 INFO LALU.N0000 OK
2026-07-01 16:24:45,709 INFO LIOC.N0000 OK
2026-07-01 16:24:45,835 INFO LMF.N0000 OK
2026-07-01 16:24:45,935 INFO ASHO.N0000 OK
2026-07-01 16:24:45,936 INFO LVEN.N0000 OK
2026-07-01 16:24:45,960 INFO ASCO.N0000 OK
2026-07-01 16:24:45,975 INFO LWL.N0000 OK
2026-07-01 16:24:45,992 INFO TILE.N0000 OK
2026-07-01 16:24:46,003 INFO CERA.N0000 OK
2026-07-01 16:24:46,018 INFO LCBF.N0000 OK
2026-07-01 16:24:46,031 INFO LCEY.N0000 OK
2026-07-01 16:24:46,420 INFO LDEV.N0000 OK
2026-07-01 16:24:46,536 INFO LGL.N0000 OK
2026-07-01 16:24:46,709 INFO LPL.N0000 OK
2026-07-01 16:24:46,713 INFO LGL.X0000 OK
2026-07-01 16:24:46,781 INFO LITE.N0000 OK
2026-07-01 16:24:46,973 INFO LPL.X0000 OK
2026-07-01 16:24:47,786 INFO LION.N0000 OK
2026-07-01 16:24:47,826 INFO LFIN.N0000 OK
2026-07-01 16:24:47,906 INFO LOFC.N0000 OK
2026-07-01 16:24:47,955 INFO MCPL.N0000 OK
2026-07-01 16:24:47,963 INFO SHAW.N0000 OK
2026-07-01 16:24:47,983 INFO LUMX.N0000 OK
2026-07-01 16:24:48,018 INFO HPFL.N0000 OK
2026-07-01 16:24:48,023 INFO MFPE.N0000 OK
2026-07-01 16:24:48,051 INFO MADU.N0000 OK
2026-07-01 16:24:48,059 INFO LGIL.N0000 OK
2026-07-01 16:24:48,540 INFO MRH.N0000 OK
2026-07-01 16:24:48,643 INFO MAL.X0000 OK
2026-07-01 16:24:48,663 INFO MAL.N0000 OK
2026-07-01 16:24:48,694 INFO MARA.N0000 OK
2026-07-01 16:24:48,719 INFO MASK.N0000 OK
2026-07-01 16:24:48,727 INFO MELS.N0000 OK
2026-07-01 16:24:49,464 INFO NDB.N0000 OK
2026-07-01 16:24:49,654 INFO MHDL.N0000 OK
2026-07-01 16:24:49,658 INFO CSF.N0000 OK
2026-07-01 16:24:49,671 INFO MBSL.N0000 OK
2026-07-01 16:24:49,677 INFO MULL.N0000 OK
2026-07-01 16:24:49,704 INFO NTB.N0000 OK
2026-07-01 16:24:49,742 INFO NAMU.N0000 OK
2026-07-01 16:24:49,752 INFO MERC.N0000 OK
2026-07-01 16:24:49,767 INFO MDL.N0000 OK
2026-07-01 16:24:49,771 INFO MSL.N0000 OK
2026-07-01 16:24:50,189 INFO NTB.X0000 OK
2026-07-01 16:24:50,391 INFO ODEL.N0000 OK
2026-07-01 16:24:50,405 INFO OFEQ.N0000 OK
2026-07-01 16:24:50,424 INFO NHL.N0000 OK
2026-07-01 16:24:50,464 INFO ONAL.N0000 OK
2026-07-01 16:24:51,063 INFO PEG.N0000 OK
2026-07-01 16:24:51,095 INFO OSEA.N0000 OK
2026-07-01 16:24:51,103 INFO PARA.N0000 OK
2026-07-01 16:24:51,112 INFO PABC.N0000 OK
2026-07-01 16:24:51,115 INFO PALM.N0000 OK
2026-07-01 16:24:51,144 INFO PAP.N0000 OK
2026-07-01 16:24:51,538 INFO GLAS.N0000 OK
2026-07-01 16:24:51,539 INFO PINS.N0000 OK
2026-07-01 16:24:51,566 INFO PLC.N0000 OK
2026-07-01 16:24:51,603 INFO PMB.N0000 OK
2026-07-01 16:24:51,784 INFO PLR.N0000 OK
2026-07-01 16:24:51,811 INFO CARE.N0000 OK
2026-07-01 16:24:51,873 INFO RGEM.N0000 OK
2026-07-01 16:24:51,892 INFO RIL.N0000 OK
2026-07-01 16:24:51,908 INFO RWSL.N0000 OK
2026-07-01 16:24:52,222 INFO RFL.N0000 OK
2026-07-01 16:24:52,259 INFO RAL.N0000 OK
2026-07-01 16:24:52,299 INFO COCO.N0000 OK
2026-07-01 16:24:52,312 INFO RENU.N0000 OK
2026-07-01 16:24:52,349 INFO COCO.X0000 OK
2026-07-01 16:24:57,699 INFO HPWR.N0000 OK
2026-07-01 16:24:57,720 INFO SIL.N0000 OK
2026-07-01 16:24:57,829 INFO RHL.N0000 OK
2026-07-01 16:24:57,838 INFO RCH.N0000 OK
2026-07-01 16:24:57,841 INFO RHL.X0000 OK
2026-07-01 16:24:57,883 INFO SAMP.N0000 OK
2026-07-01 16:24:57,886 INFO REXP.N0000 OK
2026-07-01 16:24:57,911 INFO RCL.N0000 OK
2026-07-01 16:24:57,916 INFO RPBH.N0000 OK
2026-07-01 16:24:57,928 INFO RICH.N0000 OK
2026-07-01 16:24:58,436 INFO SDB.N0000 OK
2026-07-01 16:24:58,439 INFO SDF.N0000 OK
2026-07-01 16:24:59,158 INFO CSD.N0000 OK
2026-07-01 16:24:59,161 INFO SLND.N0000 OK
2026-07-01 16:24:59,246 INFO SEYB.N0000 OK
2026-07-01 16:24:59,266 INFO SHOT.N0000 OK
2026-07-01 16:24:59,317 INFO SMOT.N0000 OK
2026-07-01 16:24:59,332 INFO SHOT.X0000 OK
2026-07-01 16:24:59,335 INFO SIRA.N0000 OK
2026-07-01 16:24:59,340 INFO SFCL.N0000 OK
2026-07-01 16:24:59,354 INFO SEYB.X0000 OK
2026-07-01 16:24:59,614 INFO SIGV.N0000 OK
2026-07-01 16:24:59,890 INFO SFIN.N0000 OK
2026-07-01 16:24:59,898 INFO SINS.N0000 OK
2026-07-01 16:24:59,950 INFO SINH.N0000 OK
2026-07-01 16:25:00,022 INFO SEMB.N0000 OK
2026-07-01 16:25:00,077 INFO SEMB.X0000 OK
2026-07-01 16:25:00,112 INFO CRL.N0000 OK
2026-07-01 16:25:00,145 INFO SCAP.N0000 OK
2026-07-01 16:25:00,181 INFO SHL.N0000 OK
2026-07-01 16:25:00,184 INFO AAIC.N0000 OK
2026-07-01 16:25:00,378 INFO SLTL.N0000 OK
2026-07-01 16:25:00,503 INFO SUN.N0000 OK
2026-07-01 16:25:00,533 INFO SING.N0000 OK
2026-07-01 16:25:01,460 INFO TESS.X0000 OK
2026-07-01 16:25:01,476 INFO TPL.N0000 OK
2026-07-01 16:25:01,498 INFO TJL.N0000 OK
2026-07-01 16:25:01,501 INFO TANG.N0000 OK
2026-07-01 16:25:01,529 INFO TAJ.N0000 OK
2026-07-01 16:25:01,530 INFO TSML.N0000 OK
2026-07-01 16:25:01,532 INFO PARQ.N0000 OK
2026-07-01 16:25:01,581 INFO SWAD.N0000 OK
2026-07-01 16:25:01,581 INFO LHL.N0000 OK
2026-07-01 16:25:01,589 INFO TESS.N0000 OK
2026-07-01 16:25:03,057 INFO SERV.N0000 OK
2026-07-01 16:25:03,216 INFO AUTO.N0000 OK
2026-07-01 16:25:03,286 INFO CFLB.N0000 OK
2026-07-01 16:25:03,289 INFO KHC.N0000 OK
2026-07-01 16:25:03,292 INFO TAFL.N0000 OK
2026-07-01 16:25:03,302 INFO NEH.N0000 OK
2026-07-01 16:25:03,331 INFO LHCL.N0000 OK
2026-07-01 16:25:03,334 INFO RHTL.N0000 OK
2026-07-01 16:25:03,350 INFO TKYO.N0000 OK
2026-07-01 16:25:03,363 INFO TKYO.X0000 OK
2026-07-01 16:25:03,853 INFO TRAN.N0000 OK
2026-07-01 16:25:04,089 INFO UBF.N0000 OK
2026-07-01 16:25:05,136 INFO VLL.N0000 OK
2026-07-01 16:25:05,420 INFO VONE.N0000 OK
2026-07-01 16:25:05,440 INFO UBC.N0000 OK
2026-07-01 16:25:05,446 INFO VPEL.N0000 OK
2026-07-01 16:25:05,448 INFO UML.N0000 OK
2026-07-01 16:25:05,453 INFO VLL.X0000 OK
2026-07-01 16:25:05,459 INFO UAL.N0000 OK
2026-07-01 16:25:05,523 INFO VFIN.N0000 OK
2026-07-01 16:25:05,541 INFO UCAR.N0000 OK
2026-07-01 16:25:05,566 INFO UDPL.N0000 OK
2026-07-01 16:25:06,053 INFO CITW.N0000 OK
2026-07-01 16:25:06,315 INFO JXG.N0000 OK
2026-07-01 16:25:06,337 INFO WATA.N0000 OK
2026-07-01 16:25:06,367 INFO WLTH.N0000 OK
2026-07-01 16:25:06,385 INFO WIND.N0000 OK
2026-07-01 16:25:06,448 INFO YORK.N0000 OK
2026-07-01 16:25:06,466 INFO Wrote 302 rows to /home/runner/work/cse-scraper/cse-scraper/data/2026-07-01/all_company_info_2026-07-01.csv
2026-07-01 16:25:06,466 INFO Symbols: 302, success: 302, failures: 0
