2026-05-18 16:45:47,776 INFO Saved: data/2026-05-18/tradeSummary_2026-05-18.json
2026-05-18 16:45:48,784 INFO Saved: data/2026-05-18/todaySharePrice_2026-05-18.json
2026-05-18 16:45:49,775 INFO Saved: data/2026-05-18/topGainers_2026-05-18.json
2026-05-18 16:45:51,122 INFO Saved: data/2026-05-18/topLooses_2026-05-18.json
2026-05-18 16:45:51,871 INFO Saved: data/2026-05-18/mostActiveTrades_2026-05-18.json
2026-05-18 16:45:52,889 INFO Saved: data/2026-05-18/marketSummery_2026-05-18.json
2026-05-18 16:45:53,959 INFO Saved: data/2026-05-18/aspiData_2026-05-18.json
2026-05-18 16:45:55,117 INFO Saved: data/2026-05-18/snpData_2026-05-18.json
2026-05-18 16:45:56,104 INFO Saved: data/2026-05-18/allSectors_2026-05-18.json
2026-05-18 16:45:57,717 INFO Saved: data/2026-05-18/detailedTrades_2026-05-18.json
2026-05-18 16:46:00,255 INFO Saved: data/2026-05-18/dailyMarketSummery_2026-05-18.json
2026-05-18 16:46:01,376 INFO Saved: data/2026-05-18/getContributors_2026-05-18.json
2026-05-18 16:46:02,480 INFO Saved: data/2026-05-18/getContributorsChart_2026-05-18.json
2026-05-18 16:46:02,480 INFO Saved 13 files (0 errors)
2026-05-18 16:46:04,177 INFO APLA.N0000 OK
2026-05-18 16:46:04,183 INFO AGPL.N0000 OK
2026-05-18 16:46:04,297 INFO AEL.N0000 OK
2026-05-18 16:46:04,324 INFO AGST.N0000 OK
2026-05-18 16:46:04,328 INFO ACL.N0000 OK
2026-05-18 16:46:04,362 INFO AFSL.N0000 OK
2026-05-18 16:46:04,407 INFO ABAN.N0000 OK
2026-05-18 16:46:04,423 INFO AGST.X0000 OK
2026-05-18 16:46:04,434 INFO AGAL.N0000 OK
2026-05-18 16:46:04,488 INFO ACME.N0000 OK
2026-05-18 16:46:05,056 INFO SPEN.N0000 OK
2026-05-18 16:46:05,071 INFO AHUN.N0000 OK
2026-05-18 16:46:05,421 INFO GREG.N0000 OK
2026-05-18 16:46:05,652 INFO ATLL.N0000 OK
2026-05-18 16:46:05,655 INFO TAP.N0000 OK
2026-05-18 16:46:05,762 INFO ATL.N0000 OK
2026-05-18 16:46:05,765 INFO AFS.N0000 OK
2026-05-18 16:46:05,768 INFO ALUM.N0000 OK
2026-05-18 16:46:05,769 INFO ALLI.N0000 OK
2026-05-18 16:46:05,778 INFO ABL.N0000 OK
2026-05-18 16:46:05,788 INFO ALHP.N0000 OK
2026-05-18 16:46:05,866 INFO AMCL.N0000 OK
2026-05-18 16:46:06,441 INFO ACAP.N0000 OK
2026-05-18 16:46:06,556 INFO AAF.N0000 OK
2026-05-18 16:46:06,620 INFO AINS.N0000 OK
2026-05-18 16:46:06,659 INFO AHPL.N0000 OK
2026-05-18 16:46:06,688 INFO ASIY.N0000 OK
2026-05-18 16:46:07,016 INFO BPPL.N0000 OK
2026-05-18 16:46:07,019 INFO AMF.N0000 OK
2026-05-18 16:46:07,025 INFO BFL.N0000 OK
2026-05-18 16:46:07,037 INFO ASIR.N0000 OK
2026-05-18 16:46:07,101 INFO AMSL.N0000 OK
2026-05-18 16:46:07,344 INFO BALA.N0000 OK
2026-05-18 16:46:07,380 INFO BLI.N0000 OK
2026-05-18 16:46:07,408 INFO BLUE.X0000 OK
2026-05-18 16:46:07,456 INFO BRR.N0000 OK
2026-05-18 16:46:07,534 INFO BERU.N0000 OK
2026-05-18 16:46:07,774 INFO BLUE.N0000 OK
2026-05-18 16:46:07,910 INFO BOPL.N0000 OK
2026-05-18 16:46:07,933 INFO BOGA.N0000 OK
2026-05-18 16:46:08,198 INFO BRWN.N0000 OK
2026-05-18 16:46:08,226 INFO BIL.N0000 OK
2026-05-18 16:46:08,272 INFO BUKI.N0000 OK
2026-05-18 16:46:08,649 INFO COLO.N0000 OK
2026-05-18 16:46:08,656 INFO CIC.N0000 OK
2026-05-18 16:46:08,684 INFO CIC.X0000 OK
2026-05-18 16:46:08,750 INFO CTHR.N0000 OK
2026-05-18 16:46:08,756 INFO CTLD.N0000 OK
2026-05-18 16:46:09,012 INFO CARG.N0000 OK
2026-05-18 16:46:09,102 INFO CALH.N0000 OK
2026-05-18 16:46:09,117 INFO CWM.N0000 OK
2026-05-18 16:46:09,162 INFO CALT.N0000 OK
2026-05-18 16:46:09,171 INFO CSLK.N0000 OK
2026-05-18 16:46:09,524 INFO CABO.N0000 OK
2026-05-18 16:46:09,550 INFO CBNK.N0000 OK
2026-05-18 16:46:09,643 INFO CIND.N0000 OK
2026-05-18 16:46:09,652 INFO CARS.N0000 OK
2026-05-18 16:46:09,691 INFO CFIN.N0000 OK
2026-05-18 16:46:10,246 INFO CINS.N0000 OK
2026-05-18 16:46:10,328 INFO CINS.X0000 OK
2026-05-18 16:46:10,334 INFO GRAN.N0000 OK
2026-05-18 16:46:10,339 INFO CCS.N0000 OK
2026-05-18 16:46:10,351 INFO BREW.N0000 OK
2026-05-18 16:46:10,395 INFO GUAR.N0000 OK
2026-05-18 16:46:10,473 INFO CHL.N0000 OK
2026-05-18 16:46:10,550 INFO CHOT.N0000 OK
2026-05-18 16:46:10,567 INFO CINV.N0000 OK
2026-05-18 16:46:10,587 INFO CHL.X0000 OK
2026-05-18 16:46:11,474 INFO CHOU.N0000 OK
2026-05-18 16:46:11,536 INFO CWL.N0000 OK
2026-05-18 16:46:11,543 INFO REEF.N0000 OK
2026-05-18 16:46:11,622 INFO CTBL.N0000 OK
2026-05-18 16:46:11,659 INFO KZOO.N0000 OK
2026-05-18 16:46:11,671 INFO CDB.X0000 OK
2026-05-18 16:46:11,685 INFO LLUB.N0000 OK
2026-05-18 16:46:11,712 INFO CHMX.N0000 OK
2026-05-18 16:46:11,720 INFO CTC.N0000 OK
2026-05-18 16:46:11,755 INFO CDB.N0000 OK
2026-05-18 16:46:12,403 INFO COOP.N0000 OK
2026-05-18 16:46:12,434 INFO PHAR.N0000 OK
2026-05-18 16:46:13,047 INFO DOCK.N0000 OK
2026-05-18 16:46:13,260 INFO COCR.N0000 OK
2026-05-18 16:46:13,347 INFO COMB.N0000 OK
2026-05-18 16:46:13,390 INFO SOY.N0000 OK
2026-05-18 16:46:13,393 INFO COMD.N0000 OK
2026-05-18 16:46:13,396 INFO CIT.N0000 OK
2026-05-18 16:46:13,425 INFO DPL.N0000 OK
2026-05-18 16:46:13,428 INFO CFI.N0000 OK
2026-05-18 16:46:13,442 INFO CLND.N0000 OK
2026-05-18 16:46:13,455 INFO COMB.X0000 OK
2026-05-18 16:46:13,930 INFO DFCC.N0000 OK
2026-05-18 16:46:14,120 INFO DIAL.N0000 OK
2026-05-18 16:46:14,163 INFO DIMO.N0000 OK
2026-05-18 16:46:14,225 INFO CALF.N0000 OK
2026-05-18 16:46:14,282 INFO CTEA.N0000 OK
2026-05-18 16:46:14,319 INFO DIPD.N0000 OK
2026-05-18 16:46:14,320 INFO PKME.N0000 OK
2026-05-18 16:46:14,671 INFO STAF.N0000 OK
2026-05-18 16:46:14,701 INFO DIST.N0000 OK
2026-05-18 16:46:14,704 INFO ECL.N0000 OK
2026-05-18 16:46:14,832 INFO EBCR.N0000 OK
2026-05-18 16:46:15,076 INFO EML.N0000 OK
2026-05-18 16:46:15,083 INFO EAST.N0000 OK
2026-05-18 16:46:15,124 INFO EMER.N0000 OK
2026-05-18 16:46:15,181 INFO ELPL.N0000 OK
2026-05-18 16:46:15,184 INFO EDEN.N0000 OK
2026-05-18 16:46:15,191 INFO ETWO.N0000 OK
2026-05-18 16:46:15,536 INFO PACK.N0000 OK
2026-05-18 16:46:15,599 INFO EXT.N0000 OK
2026-05-18 16:46:15,643 INFO CFVF.N0000 OK
2026-05-18 16:46:15,713 INFO FCT.N0000 OK
2026-05-18 16:46:15,921 INFO MEL.N0000 OK
2026-05-18 16:46:15,947 INFO GHLL.N0000 OK
2026-05-18 16:46:15,967 INFO WAPO.N0000 OK
2026-05-18 16:46:16,013 INFO GEST.N0000 OK
2026-05-18 16:46:16,074 INFO HAPU.N0000 OK
2026-05-18 16:46:16,083 INFO HARI.N0000 OK
2026-05-18 16:46:16,368 INFO HNB.N0000 OK
2026-05-18 16:46:16,478 INFO HNB.X0000 OK
2026-05-18 16:46:16,513 INFO HPL.N0000 OK
2026-05-18 16:46:16,583 INFO HAYC.N0000 OK
2026-05-18 16:46:16,749 INFO HAYL.N0000 OK
2026-05-18 16:46:16,786 INFO HEXP.N0000 OK
2026-05-18 16:46:16,790 INFO MGT.N0000 OK
2026-05-18 16:46:16,808 INFO HHL.N0000 OK
2026-05-18 16:46:16,841 INFO CONN.N0000 OK
2026-05-18 16:46:16,943 INFO HELA.N0000 OK
2026-05-18 16:46:17,375 INFO CITH.N0000 OK
2026-05-18 16:46:17,528 INFO HNBF.X0000 OK
2026-05-18 16:46:17,547 INFO HASU.N0000 OK
2026-05-18 16:46:17,570 INFO HNBF.N0000 OK
2026-05-18 16:46:17,676 INFO HSIG.N0000 OK
2026-05-18 16:46:17,690 INFO HDFC.N0000 OK
2026-05-18 16:46:17,714 INFO HOPL.N0000 OK
2026-05-18 16:46:17,720 INFO HBS.N0000 OK
2026-05-18 16:46:17,737 INFO HUNA.N0000 OK
2026-05-18 16:46:17,814 INFO HUNT.N0000 OK
2026-05-18 16:46:18,205 INFO HVA.N0000 OK
2026-05-18 16:46:18,378 INFO ASPH.N0000 OK
2026-05-18 16:46:18,404 INFO JAT.N0000 OK
2026-05-18 16:46:18,418 INFO INME.N0000 OK
2026-05-18 16:46:18,429 INFO BFN.N0000 OK
2026-05-18 16:46:18,498 INFO JINS.N0000 OK
2026-05-18 16:46:18,772 INFO JKH.N0000 OK
2026-05-18 16:46:18,880 INFO JETS.N0000 OK
2026-05-18 16:46:18,918 INFO JFP.N0000 OK
2026-05-18 16:46:18,931 INFO KHL.N0000 OK
2026-05-18 16:46:19,049 INFO JKL.N0000 OK
2026-05-18 16:46:19,264 INFO KAHA.N0000 OK
2026-05-18 16:46:19,287 INFO KPHL.N0000 OK
2026-05-18 16:46:19,321 INFO KFP.N0000 OK
2026-05-18 16:46:19,333 INFO KGAL.N0000 OK
2026-05-18 16:46:19,367 INFO KCAB.N0000 OK
2026-05-18 16:46:19,637 INFO KDL.N0000 OK
2026-05-18 16:46:19,676 INFO TYRE.N0000 OK
2026-05-18 16:46:19,750 INFO KVAL.N0000 OK
2026-05-18 16:46:19,861 INFO CPRT.N0000 OK
2026-05-18 16:46:19,911 INFO KOTA.N0000 OK
2026-05-18 16:46:20,139 INFO LAMB.N0000 OK
2026-05-18 16:46:20,201 INFO LVEF.N0000 OK
2026-05-18 16:46:20,214 INFO LPRT.N0000 OK
2026-05-18 16:46:20,217 INFO LOLC.N0000 OK
2026-05-18 16:46:20,268 INFO LALU.N0000 OK
2026-05-18 16:46:20,578 INFO ASHO.N0000 OK
2026-05-18 16:46:20,587 INFO LCBF.N0000 OK
2026-05-18 16:46:20,671 INFO CERA.N0000 OK
2026-05-18 16:46:20,698 INFO LIOC.N0000 OK
2026-05-18 16:46:20,790 INFO LMF.N0000 OK
2026-05-18 16:46:21,012 INFO ASCO.N0000 OK
2026-05-18 16:46:21,059 INFO TILE.N0000 OK
2026-05-18 16:46:21,097 INFO LVEN.N0000 OK
2026-05-18 16:46:21,373 INFO LWL.N0000 OK
2026-05-18 16:46:21,411 INFO LCEY.N0000 OK
2026-05-18 16:46:21,778 INFO LPL.X0000 OK
2026-05-18 16:46:21,825 INFO LDEV.N0000 OK
2026-05-18 16:46:21,828 INFO LGL.X0000 OK
2026-05-18 16:46:21,838 INFO LPL.N0000 OK
2026-05-18 16:46:21,839 INFO LGL.N0000 OK
2026-05-18 16:46:22,436 INFO LITE.N0000 OK
2026-05-18 16:46:22,439 INFO SHAW.N0000 OK
2026-05-18 16:46:22,448 INFO LOFC.N0000 OK
2026-05-18 16:46:22,457 INFO LFIN.N0000 OK
2026-05-18 16:46:22,459 INFO LION.N0000 OK
2026-05-18 16:46:22,998 INFO MADU.N0000 OK
2026-05-18 16:46:23,005 INFO LGIL.N0000 OK
2026-05-18 16:46:23,021 INFO MFPE.N0000 OK
2026-05-18 16:46:23,027 INFO LUMX.N0000 OK
2026-05-18 16:46:23,085 INFO HPFL.N0000 OK
2026-05-18 16:46:23,534 INFO MAL.N0000 OK
2026-05-18 16:46:23,664 INFO MRH.N0000 OK
2026-05-18 16:46:23,667 INFO MARA.N0000 OK
2026-05-18 16:46:23,688 INFO MCPL.N0000 OK
2026-05-18 16:46:23,692 INFO MAL.X0000 OK
2026-05-18 16:46:24,280 INFO MBSL.N0000 OK
2026-05-18 16:46:24,420 INFO MASK.N0000 OK
2026-05-18 16:46:24,423 INFO MSL.N0000 OK
2026-05-18 16:46:24,425 INFO MERC.N0000 OK
2026-05-18 16:46:24,439 INFO MELS.N0000 OK
2026-05-18 16:46:24,591 INFO CSF.N0000 OK
2026-05-18 16:46:24,714 INFO MDL.N0000 OK
2026-05-18 16:46:24,728 INFO NAMU.N0000 OK
2026-05-18 16:46:24,738 INFO MULL.N0000 OK
2026-05-18 16:46:24,745 INFO MHDL.N0000 OK
2026-05-18 16:46:25,490 INFO NTB.N0000 OK
2026-05-18 16:46:25,498 INFO NTB.X0000 OK
2026-05-18 16:46:25,502 INFO NDB.N0000 OK
2026-05-18 16:46:25,504 INFO NHL.N0000 OK
2026-05-18 16:46:25,507 INFO ODEL.N0000 OK
2026-05-18 16:46:25,964 INFO ONAL.N0000 OK
2026-05-18 16:46:26,032 INFO PABC.N0000 OK
2026-05-18 16:46:26,040 INFO OFEQ.N0000 OK
2026-05-18 16:46:26,047 INFO OSEA.N0000 OK
2026-05-18 16:46:26,069 INFO PALM.N0000 OK
2026-05-18 16:46:26,678 INFO PARA.N0000 OK
2026-05-18 16:46:26,684 INFO PINS.N0000 OK
2026-05-18 16:46:26,699 INFO PAP.N0000 OK
2026-05-18 16:46:26,708 INFO PLC.N0000 OK
2026-05-18 16:46:26,779 INFO PLR.N0000 OK
2026-05-18 16:46:26,789 INFO PEG.N0000 OK
2026-05-18 16:46:26,829 INFO GLAS.N0000 OK
2026-05-18 16:46:27,050 INFO PMB.N0000 OK
2026-05-18 16:46:27,324 INFO CARE.N0000 OK
2026-05-18 16:46:27,331 INFO RIL.N0000 OK
2026-05-18 16:46:27,574 INFO RGEM.N0000 OK
2026-05-18 16:46:27,591 INFO RAL.N0000 OK
2026-05-18 16:46:27,599 INFO RWSL.N0000 OK
2026-05-18 16:46:27,632 INFO RFL.N0000 OK
2026-05-18 16:46:27,965 INFO COCO.N0000 OK
2026-05-18 16:46:27,989 INFO RHL.N0000 OK
2026-05-18 16:46:28,001 INFO RENU.N0000 OK
2026-05-18 16:46:28,004 INFO COCO.X0000 OK
2026-05-18 16:46:28,484 INFO RCL.N0000 OK
2026-05-18 16:46:28,598 INFO RCH.N0000 OK
2026-05-18 16:46:28,601 INFO RICH.N0000 OK
2026-05-18 16:46:28,613 INFO HPWR.N0000 OK
2026-05-18 16:46:28,641 INFO RHL.X0000 OK
2026-05-18 16:46:28,811 INFO REXP.N0000 OK
2026-05-18 16:46:28,952 INFO RPBH.N0000 OK
2026-05-18 16:46:29,616 INFO SDB.N0000 OK
2026-05-18 16:46:29,691 INFO SHOT.X0000 OK
2026-05-18 16:46:29,727 INFO SHOT.N0000 OK
2026-05-18 16:46:29,727 INFO SAMP.N0000 OK
2026-05-18 16:46:29,732 INFO SDF.N0000 OK
2026-05-18 16:46:29,743 INFO SMOT.N0000 OK
2026-05-18 16:46:29,746 INFO SFCL.N0000 OK
2026-05-18 16:46:29,792 INFO SIL.N0000 OK
2026-05-18 16:46:29,970 INFO SEYB.N0000 OK
2026-05-18 16:46:29,990 INFO SLND.N0000 OK
2026-05-18 16:46:31,230 INFO SEYB.X0000 OK
2026-05-18 16:46:31,338 INFO SFIN.N0000 OK
2026-05-18 16:46:31,446 INFO SINH.N0000 OK
2026-05-18 16:46:31,457 INFO SCAP.N0000 OK
2026-05-18 16:46:31,463 INFO SEMB.X0000 OK
2026-05-18 16:46:31,465 INFO SIGV.N0000 OK
2026-05-18 16:46:31,476 INFO SEMB.N0000 OK
2026-05-18 16:46:31,478 INFO SIRA.N0000 OK
2026-05-18 16:46:31,482 INFO CSD.N0000 OK
2026-05-18 16:46:31,511 INFO SINS.N0000 OK
2026-05-18 16:46:32,383 INFO SWAD.N0000 OK
2026-05-18 16:46:32,432 INFO SUN.N0000 OK
2026-05-18 16:46:32,449 INFO SLTL.N0000 OK
2026-05-18 16:46:32,497 INFO SING.N0000 OK
2026-05-18 16:46:32,593 INFO CRL.N0000 OK
2026-05-18 16:46:32,606 INFO SHL.N0000 OK
2026-05-18 16:46:32,647 INFO TPL.N0000 OK
2026-05-18 16:46:32,654 INFO AAIC.N0000 OK
2026-05-18 16:46:32,656 INFO TAJ.N0000 OK
2026-05-18 16:46:32,669 INFO PARQ.N0000 OK
2026-05-18 16:46:33,516 INFO TESS.N0000 OK
2026-05-18 16:46:33,710 INFO TSML.N0000 OK
2026-05-18 16:46:33,719 INFO LHL.N0000 OK
2026-05-18 16:46:33,729 INFO TJL.N0000 OK
2026-05-18 16:46:33,752 INFO TANG.N0000 OK
2026-05-18 16:46:33,768 INFO KHC.N0000 OK
2026-05-18 16:46:33,790 INFO AUTO.N0000 OK
2026-05-18 16:46:33,794 INFO TESS.X0000 OK
2026-05-18 16:46:33,796 INFO CFLB.N0000 OK
2026-05-18 16:46:33,805 INFO RHTL.N0000 OK
2026-05-18 16:46:34,360 INFO SERV.N0000 OK
2026-05-18 16:46:34,588 INFO LHCL.N0000 OK
2026-05-18 16:46:35,125 INFO TAFL.N0000 OK
2026-05-18 16:46:35,163 INFO TRAN.N0000 OK
2026-05-18 16:46:35,167 INFO UDPL.N0000 OK
2026-05-18 16:46:35,193 INFO TKYO.X0000 OK
2026-05-18 16:46:35,255 INFO NEH.N0000 OK
2026-05-18 16:46:35,276 INFO UAL.N0000 OK
2026-05-18 16:46:35,283 INFO TKYO.N0000 OK
2026-05-18 16:46:35,367 INFO UBF.N0000 OK
2026-05-18 16:46:35,477 INFO UBC.N0000 OK
2026-05-18 16:46:35,513 INFO UCAR.N0000 OK
2026-05-18 16:46:36,063 INFO VFIN.N0000 OK
2026-05-18 16:46:36,071 INFO UML.N0000 OK
2026-05-18 16:46:36,106 INFO VPEL.N0000 OK
2026-05-18 16:46:36,122 INFO VLL.N0000 OK
2026-05-18 16:46:36,186 INFO WATA.N0000 OK
2026-05-18 16:46:36,242 INFO VONE.N0000 OK
2026-05-18 16:46:36,248 INFO VLL.X0000 OK
2026-05-18 16:46:36,389 INFO CITW.N0000 OK
2026-05-18 16:46:36,450 INFO WIND.N0000 OK
2026-05-18 16:46:36,630 INFO YORK.N0000 OK
2026-05-18 16:46:37,425 INFO JXG.N0000 OK
2026-05-18 16:46:37,544 INFO WLTH.N0000 OK
2026-05-18 16:46:37,561 INFO Wrote 302 rows to /home/runner/work/cse-scraper/cse-scraper/data/2026-05-18/all_company_info_2026-05-18.csv
2026-05-18 16:46:37,561 INFO Symbols: 302, success: 302, failures: 0
