2026-07-06 16:50:05,796 INFO Saved: data/2026-07-06/tradeSummary_2026-07-06.json
2026-07-06 16:50:06,805 INFO Saved: data/2026-07-06/todaySharePrice_2026-07-06.json
2026-07-06 16:50:07,900 INFO Saved: data/2026-07-06/topGainers_2026-07-06.json
2026-07-06 16:50:08,911 INFO Saved: data/2026-07-06/topLooses_2026-07-06.json
2026-07-06 16:50:10,069 INFO Saved: data/2026-07-06/mostActiveTrades_2026-07-06.json
2026-07-06 16:50:11,155 INFO Saved: data/2026-07-06/marketSummery_2026-07-06.json
2026-07-06 16:50:12,155 INFO Saved: data/2026-07-06/aspiData_2026-07-06.json
2026-07-06 16:50:13,182 INFO Saved: data/2026-07-06/snpData_2026-07-06.json
2026-07-06 16:50:14,356 INFO Saved: data/2026-07-06/allSectors_2026-07-06.json
2026-07-06 16:50:15,785 INFO Saved: data/2026-07-06/detailedTrades_2026-07-06.json
2026-07-06 16:50:16,772 INFO Saved: data/2026-07-06/dailyMarketSummery_2026-07-06.json
2026-07-06 16:50:17,559 INFO Saved: data/2026-07-06/getContributors_2026-07-06.json
2026-07-06 16:50:18,338 INFO Saved: data/2026-07-06/getContributorsChart_2026-07-06.json
2026-07-06 16:50:18,338 INFO Saved 13 files (0 errors)
2026-07-06 16:50:20,060 INFO ACME.N0000 OK
2026-07-06 16:50:20,087 INFO AEL.N0000 OK
2026-07-06 16:50:20,129 INFO APLA.N0000 OK
2026-07-06 16:50:20,132 INFO AGST.N0000 OK
2026-07-06 16:50:20,152 INFO ACL.N0000 OK
2026-07-06 16:50:20,155 INFO AGST.X0000 OK
2026-07-06 16:50:20,159 INFO AGPL.N0000 OK
2026-07-06 16:50:20,186 INFO AFSL.N0000 OK
2026-07-06 16:50:20,189 INFO AGAL.N0000 OK
2026-07-06 16:50:20,193 INFO ABAN.N0000 OK
2026-07-06 16:50:21,173 INFO ALLI.N0000 OK
2026-07-06 16:50:21,176 INFO GREG.N0000 OK
2026-07-06 16:50:21,226 INFO ABL.N0000 OK
2026-07-06 16:50:21,251 INFO ATL.N0000 OK
2026-07-06 16:50:21,294 INFO AFS.N0000 OK
2026-07-06 16:50:21,295 INFO AHUN.N0000 OK
2026-07-06 16:50:21,300 INFO SPEN.N0000 OK
2026-07-06 16:50:21,303 INFO ALUM.N0000 OK
2026-07-06 16:50:21,320 INFO ATLL.N0000 OK
2026-07-06 16:50:21,323 INFO TAP.N0000 OK
2026-07-06 16:50:22,529 INFO ALHP.N0000 OK
2026-07-06 16:50:22,572 INFO AHPL.N0000 OK
2026-07-06 16:50:22,575 INFO ACAP.N0000 OK
2026-07-06 16:50:22,606 INFO ASIR.N0000 OK
2026-07-06 16:50:22,616 INFO AAF.N0000 OK
2026-07-06 16:50:22,616 INFO AMCL.N0000 OK
2026-07-06 16:50:22,641 INFO AINS.N0000 OK
2026-07-06 16:50:22,644 INFO AMSL.N0000 OK
2026-07-06 16:50:22,648 INFO ASIY.N0000 OK
2026-07-06 16:50:22,657 INFO AMF.N0000 OK
2026-07-06 16:50:23,303 INFO BPPL.N0000 OK
2026-07-06 16:50:23,352 INFO BLI.N0000 OK
2026-07-06 16:50:23,353 INFO BFL.N0000 OK
2026-07-06 16:50:23,361 INFO BRR.N0000 OK
2026-07-06 16:50:23,367 INFO BALA.N0000 OK
2026-07-06 16:50:23,443 INFO BERU.N0000 OK
2026-07-06 16:50:23,648 INFO BLUE.N0000 OK
2026-07-06 16:50:23,666 INFO BLUE.X0000 OK
2026-07-06 16:50:23,689 INFO BOPL.N0000 OK
2026-07-06 16:50:23,733 INFO BOGA.N0000 OK
2026-07-06 16:50:24,164 INFO BRWN.N0000 OK
2026-07-06 16:50:24,171 INFO BUKI.N0000 OK
2026-07-06 16:50:24,183 INFO BIL.N0000 OK
2026-07-06 16:50:24,375 INFO CIC.N0000 OK
2026-07-06 16:50:24,394 INFO COLO.N0000 OK
2026-07-06 16:50:24,474 INFO CIC.X0000 OK
2026-07-06 16:50:24,477 INFO CTLD.N0000 OK
2026-07-06 16:50:24,479 INFO CTHR.N0000 OK
2026-07-06 16:50:24,482 INFO CWM.N0000 OK
2026-07-06 16:50:24,875 INFO CSLK.N0000 OK
2026-07-06 16:50:24,934 INFO CALH.N0000 OK
2026-07-06 16:50:25,450 INFO CFIN.N0000 OK
2026-07-06 16:50:25,508 INFO CINS.N0000 OK
2026-07-06 16:50:25,539 INFO CBNK.N0000 OK
2026-07-06 16:50:25,540 INFO CABO.N0000 OK
2026-07-06 16:50:25,565 INFO CIND.N0000 OK
2026-07-06 16:50:25,568 INFO CALT.N0000 OK
2026-07-06 16:50:25,571 INFO CARG.N0000 OK
2026-07-06 16:50:25,579 INFO CARS.N0000 OK
2026-07-06 16:50:25,674 INFO CINS.X0000 OK
2026-07-06 16:50:25,991 INFO BREW.N0000 OK
2026-07-06 16:50:26,225 INFO CCS.N0000 OK
2026-07-06 16:50:27,008 INFO CINV.N0000 OK
2026-07-06 16:50:27,074 INFO CTC.N0000 OK
2026-07-06 16:50:27,151 INFO GRAN.N0000 OK
2026-07-06 16:50:27,174 INFO CHMX.N0000 OK
2026-07-06 16:50:27,189 INFO KZOO.N0000 OK
2026-07-06 16:50:27,197 INFO CHL.N0000 OK
2026-07-06 16:50:27,201 INFO GUAR.N0000 OK
2026-07-06 16:50:27,251 INFO CTBL.N0000 OK
2026-07-06 16:50:27,255 INFO CHL.X0000 OK
2026-07-06 16:50:27,258 INFO CHOT.N0000 OK
2026-07-06 16:50:27,782 INFO LLUB.N0000 OK
2026-07-06 16:50:27,839 INFO CWL.N0000 OK
2026-07-06 16:50:27,935 INFO CDB.N0000 OK
2026-07-06 16:50:28,477 INFO CHOU.N0000 OK
2026-07-06 16:50:28,528 INFO PHAR.N0000 OK
2026-07-06 16:50:28,555 INFO COOP.N0000 OK
2026-07-06 16:50:28,560 INFO CDB.X0000 OK
2026-07-06 16:50:28,562 INFO REEF.N0000 OK
2026-07-06 16:50:28,564 INFO CFI.N0000 OK
2026-07-06 16:50:28,569 INFO DOCK.N0000 OK
2026-07-06 16:50:28,851 INFO COMB.N0000 OK
2026-07-06 16:50:28,851 INFO CIT.N0000 OK
2026-07-06 16:50:28,880 INFO CLND.N0000 OK
2026-07-06 16:50:29,246 INFO COMB.X0000 OK
2026-07-06 16:50:29,678 INFO DPL.N0000 OK
2026-07-06 16:50:29,701 INFO DFCC.N0000 OK
2026-07-06 16:50:29,715 INFO SOY.N0000 OK
2026-07-06 16:50:29,726 INFO COMD.N0000 OK
2026-07-06 16:50:29,747 INFO DIAL.N0000 OK
2026-07-06 16:50:29,775 INFO PKME.N0000 OK
2026-07-06 16:50:29,776 INFO DIMO.N0000 OK
2026-07-06 16:50:29,786 INFO COCR.N0000 OK
2026-07-06 16:50:29,814 INFO CALF.N0000 OK
2026-07-06 16:50:30,019 INFO CTEA.N0000 OK
2026-07-06 16:50:30,464 INFO DIPD.N0000 OK
2026-07-06 16:50:30,514 INFO DIST.N0000 OK
2026-07-06 16:50:30,976 INFO EDEN.N0000 OK
2026-07-06 16:50:30,981 INFO EAST.N0000 OK
2026-07-06 16:50:30,997 INFO ECL.N0000 OK
2026-07-06 16:50:31,011 INFO EMER.N0000 OK
2026-07-06 16:50:31,017 INFO EML.N0000 OK
2026-07-06 16:50:31,024 INFO EBCR.N0000 OK
2026-07-06 16:50:31,034 INFO STAF.N0000 OK
2026-07-06 16:50:31,035 INFO ELPL.N0000 OK
2026-07-06 16:50:31,263 INFO ETWO.N0000 OK
2026-07-06 16:50:31,518 INFO PACK.N0000 OK
2026-07-06 16:50:31,794 INFO CFVF.N0000 OK
2026-07-06 16:50:31,807 INFO EXT.N0000 OK
2026-07-06 16:50:31,808 INFO FCT.N0000 OK
2026-07-06 16:50:32,081 INFO GHLL.N0000 OK
2026-07-06 16:50:32,159 INFO GEST.N0000 OK
2026-07-06 16:50:32,176 INFO HARI.N0000 OK
2026-07-06 16:50:32,179 INFO HAPU.N0000 OK
2026-07-06 16:50:32,185 INFO WAPO.N0000 OK
2026-07-06 16:50:32,188 INFO MEL.N0000 OK
2026-07-06 16:50:32,302 INFO HNB.N0000 OK
2026-07-06 16:50:32,508 INFO HNB.X0000 OK
2026-07-06 16:50:32,602 INFO HPL.N0000 OK
2026-07-06 16:50:32,626 INFO HAYC.N0000 OK
2026-07-06 16:50:32,878 INFO MGT.N0000 OK
2026-07-06 16:50:32,948 INFO HEXP.N0000 OK
2026-07-06 16:50:33,320 INFO HELA.N0000 OK
2026-07-06 16:50:33,347 INFO CITH.N0000 OK
2026-07-06 16:50:33,350 INFO HASU.N0000 OK
2026-07-06 16:50:33,396 INFO CONN.N0000 OK
2026-07-06 16:50:33,418 INFO HAYL.N0000 OK
2026-07-06 16:50:33,423 INFO HHL.N0000 OK
2026-07-06 16:50:33,451 INFO HNBF.N0000 OK
2026-07-06 16:50:33,476 INFO HNBF.X0000 OK
2026-07-06 16:50:33,679 INFO HOPL.N0000 OK
2026-07-06 16:50:33,712 INFO HSIG.N0000 OK
2026-07-06 16:50:34,095 INFO HDFC.N0000 OK
2026-07-06 16:50:34,141 INFO HBS.N0000 OK
2026-07-06 16:50:34,149 INFO HUNA.N0000 OK
2026-07-06 16:50:34,152 INFO HUNT.N0000 OK
2026-07-06 16:50:34,216 INFO HVA.N0000 OK
2026-07-06 16:50:34,225 INFO INME.N0000 OK
2026-07-06 16:50:34,232 INFO ASPH.N0000 OK
2026-07-06 16:50:34,284 INFO BFN.N0000 OK
2026-07-06 16:50:34,452 INFO JINS.N0000 OK
2026-07-06 16:50:34,486 INFO JAT.N0000 OK
2026-07-06 16:50:34,875 INFO JETS.N0000 OK
2026-07-06 16:50:34,916 INFO JFP.N0000 OK
2026-07-06 16:50:35,293 INFO JKH.N0000 OK
2026-07-06 16:50:35,328 INFO KGAL.N0000 OK
2026-07-06 16:50:35,343 INFO KCAB.N0000 OK
2026-07-06 16:50:35,390 INFO KAHA.N0000 OK
2026-07-06 16:50:35,421 INFO KPHL.N0000 OK
2026-07-06 16:50:35,422 INFO JKL.N0000 OK
2026-07-06 16:50:35,497 INFO KHL.N0000 OK
2026-07-06 16:50:35,497 INFO KFP.N0000 OK
2026-07-06 16:50:35,663 INFO TYRE.N0000 OK
2026-07-06 16:50:35,713 INFO KVAL.N0000 OK
2026-07-06 16:50:36,005 INFO KDL.N0000 OK
2026-07-06 16:50:36,107 INFO CPRT.N0000 OK
2026-07-06 16:50:36,170 INFO KOTA.N0000 OK
2026-07-06 16:50:36,208 INFO LOLC.N0000 OK
2026-07-06 16:50:36,215 INFO LVEF.N0000 OK
2026-07-06 16:50:36,243 INFO LAMB.N0000 OK
2026-07-06 16:50:36,309 INFO LALU.N0000 OK
2026-07-06 16:50:36,319 INFO LPRT.N0000 OK
2026-07-06 16:50:36,446 INFO ASHO.N0000 OK
2026-07-06 16:50:36,516 INFO CERA.N0000 OK
2026-07-06 16:50:36,779 INFO LCBF.N0000 OK
2026-07-06 16:50:36,881 INFO LIOC.N0000 OK
2026-07-06 16:50:36,954 INFO LMF.N0000 OK
2026-07-06 16:50:36,998 INFO TILE.N0000 OK
2026-07-06 16:50:37,019 INFO ASCO.N0000 OK
2026-07-06 16:50:37,027 INFO LVEN.N0000 OK
2026-07-06 16:50:37,081 INFO LWL.N0000 OK
2026-07-06 16:50:37,092 INFO LCEY.N0000 OK
2026-07-06 16:50:37,226 INFO LDEV.N0000 OK
2026-07-06 16:50:37,286 INFO LGL.N0000 OK
2026-07-06 16:50:37,554 INFO LGL.X0000 OK
2026-07-06 16:50:37,650 INFO LPL.N0000 OK
2026-07-06 16:50:37,717 INFO LPL.X0000 OK
2026-07-06 16:50:38,087 INFO LGIL.N0000 OK
2026-07-06 16:50:38,185 INFO SHAW.N0000 OK
2026-07-06 16:50:38,188 INFO LOFC.N0000 OK
2026-07-06 16:50:38,211 INFO LFIN.N0000 OK
2026-07-06 16:50:38,216 INFO HPFL.N0000 OK
2026-07-06 16:50:38,243 INFO LITE.N0000 OK
2026-07-06 16:50:38,244 INFO LION.N0000 OK
2026-07-06 16:50:38,337 INFO LUMX.N0000 OK
2026-07-06 16:50:38,439 INFO MADU.N0000 OK
2026-07-06 16:50:38,519 INFO MFPE.N0000 OK
2026-07-06 16:50:38,881 INFO MCPL.N0000 OK
2026-07-06 16:50:38,997 INFO MRH.N0000 OK
2026-07-06 16:50:39,005 INFO MAL.N0000 OK
2026-07-06 16:50:39,036 INFO MAL.X0000 OK
2026-07-06 16:50:39,045 INFO MARA.N0000 OK
2026-07-06 16:50:39,048 INFO MASK.N0000 OK
2026-07-06 16:50:39,051 INFO MELS.N0000 OK
2026-07-06 16:50:39,107 INFO MERC.N0000 OK
2026-07-06 16:50:39,234 INFO MSL.N0000 OK
2026-07-06 16:50:39,295 INFO MBSL.N0000 OK
2026-07-06 16:50:39,656 INFO MHDL.N0000 OK
2026-07-06 16:50:39,779 INFO MULL.N0000 OK
2026-07-06 16:50:39,784 INFO MDL.N0000 OK
2026-07-06 16:50:39,800 INFO CSF.N0000 OK
2026-07-06 16:50:39,842 INFO NAMU.N0000 OK
2026-07-06 16:50:39,863 INFO NTB.N0000 OK
2026-07-06 16:50:39,877 INFO NDB.N0000 OK
2026-07-06 16:50:39,894 INFO NTB.X0000 OK
2026-07-06 16:50:40,017 INFO NHL.N0000 OK
2026-07-06 16:50:40,065 INFO ODEL.N0000 OK
2026-07-06 16:50:40,428 INFO OFEQ.N0000 OK
2026-07-06 16:50:40,585 INFO ONAL.N0000 OK
2026-07-06 16:50:40,592 INFO OSEA.N0000 OK
2026-07-06 16:50:40,609 INFO PALM.N0000 OK
2026-07-06 16:50:40,629 INFO PABC.N0000 OK
2026-07-06 16:50:40,669 INFO PAP.N0000 OK
2026-07-06 16:50:40,676 INFO PEG.N0000 OK
2026-07-06 16:50:40,690 INFO PARA.N0000 OK
2026-07-06 16:50:40,812 INFO PINS.N0000 OK
2026-07-06 16:50:40,844 INFO PLC.N0000 OK
2026-07-06 16:50:41,201 INFO GLAS.N0000 OK
2026-07-06 16:50:41,323 INFO PLR.N0000 OK
2026-07-06 16:50:41,382 INFO PMB.N0000 OK
2026-07-06 16:50:41,416 INFO CARE.N0000 OK
2026-07-06 16:50:41,429 INFO RIL.N0000 OK
2026-07-06 16:50:41,467 INFO RGEM.N0000 OK
2026-07-06 16:50:41,478 INFO RWSL.N0000 OK
2026-07-06 16:50:41,483 INFO RFL.N0000 OK
2026-07-06 16:50:41,584 INFO RAL.N0000 OK
2026-07-06 16:50:41,648 INFO RENU.N0000 OK
2026-07-06 16:50:41,995 INFO COCO.N0000 OK
2026-07-06 16:50:42,094 INFO COCO.X0000 OK
2026-07-06 16:50:42,155 INFO RHL.N0000 OK
2026-07-06 16:50:42,201 INFO RCH.N0000 OK
2026-07-06 16:50:42,213 INFO RHL.X0000 OK
2026-07-06 16:50:42,253 INFO HPWR.N0000 OK
2026-07-06 16:50:42,277 INFO RICH.N0000 OK
2026-07-06 16:50:42,278 INFO REXP.N0000 OK
2026-07-06 16:50:42,375 INFO RCL.N0000 OK
2026-07-06 16:50:42,438 INFO RPBH.N0000 OK
2026-07-06 16:50:42,715 INFO SAMP.N0000 OK
2026-07-06 16:50:42,870 INFO SIL.N0000 OK
2026-07-06 16:50:42,923 INFO SDB.N0000 OK
2026-07-06 16:50:42,999 INFO SMOT.N0000 OK
2026-07-06 16:50:43,028 INFO SDF.N0000 OK
2026-07-06 16:50:43,055 INFO SFCL.N0000 OK
2026-07-06 16:50:43,075 INFO SHOT.N0000 OK
2026-07-06 16:50:43,081 INFO SHOT.X0000 OK
2026-07-06 16:50:43,150 INFO SLND.N0000 OK
2026-07-06 16:50:43,210 INFO SEYB.N0000 OK
2026-07-06 16:50:43,524 INFO SEYB.X0000 OK
2026-07-06 16:50:43,580 INFO CSD.N0000 OK
2026-07-06 16:50:43,738 INFO SIRA.N0000 OK
2026-07-06 16:50:43,771 INFO SIGV.N0000 OK
2026-07-06 16:50:43,815 INFO SINS.N0000 OK
2026-07-06 16:50:43,855 INFO SFIN.N0000 OK
2026-07-06 16:50:43,872 INFO SEMB.N0000 OK
2026-07-06 16:50:43,875 INFO SINH.N0000 OK
2026-07-06 16:50:43,924 INFO SEMB.X0000 OK
2026-07-06 16:50:43,983 INFO SCAP.N0000 OK
2026-07-06 16:50:44,235 INFO CRL.N0000 OK
2026-07-06 16:50:44,371 INFO SHL.N0000 OK
2026-07-06 16:50:44,524 INFO AAIC.N0000 OK
2026-07-06 16:50:44,539 INFO SLTL.N0000 OK
2026-07-06 16:50:44,559 INFO SING.N0000 OK
2026-07-06 16:50:44,652 INFO SUN.N0000 OK
2026-07-06 16:50:44,681 INFO SWAD.N0000 OK
2026-07-06 16:50:44,689 INFO PARQ.N0000 OK
2026-07-06 16:50:44,779 INFO TAJ.N0000 OK
2026-07-06 16:50:44,783 INFO TPL.N0000 OK
2026-07-06 16:50:44,977 INFO TANG.N0000 OK
2026-07-06 16:50:45,162 INFO TSML.N0000 OK
2026-07-06 16:50:45,313 INFO TJL.N0000 OK
2026-07-06 16:50:45,339 INFO TESS.N0000 OK
2026-07-06 16:50:45,365 INFO TESS.X0000 OK
2026-07-06 16:50:45,403 INFO AUTO.N0000 OK
2026-07-06 16:50:45,407 INFO CFLB.N0000 OK
2026-07-06 16:50:45,423 INFO LHL.N0000 OK
2026-07-06 16:50:45,543 INFO RHTL.N0000 OK
2026-07-06 16:50:45,569 INFO KHC.N0000 OK
2026-07-06 16:50:45,745 INFO SERV.N0000 OK
2026-07-06 16:50:45,959 INFO LHCL.N0000 OK
2026-07-06 16:50:46,088 INFO NEH.N0000 OK
2026-07-06 16:50:46,136 INFO TAFL.N0000 OK
2026-07-06 16:50:46,149 INFO TKYO.N0000 OK
2026-07-06 16:50:46,217 INFO TKYO.X0000 OK
2026-07-06 16:50:46,221 INFO TRAN.N0000 OK
2026-07-06 16:50:46,227 INFO UBF.N0000 OK
2026-07-06 16:50:46,312 INFO UDPL.N0000 OK
2026-07-06 16:50:46,349 INFO UAL.N0000 OK
2026-07-06 16:50:46,546 INFO UBC.N0000 OK
2026-07-06 16:50:46,732 INFO UCAR.N0000 OK
2026-07-06 16:50:46,867 INFO UML.N0000 OK
2026-07-06 16:50:46,917 INFO VFIN.N0000 OK
2026-07-06 16:50:46,964 INFO VONE.N0000 OK
2026-07-06 16:50:46,989 INFO VPEL.N0000 OK
2026-07-06 16:50:47,032 INFO VLL.N0000 OK
2026-07-06 16:50:47,035 INFO VLL.X0000 OK
2026-07-06 16:50:47,121 INFO WATA.N0000 OK
2026-07-06 16:50:47,127 INFO CITW.N0000 OK
2026-07-06 16:50:47,346 INFO WIND.N0000 OK
2026-07-06 16:50:47,521 INFO YORK.N0000 OK
2026-07-06 16:50:47,722 INFO WLTH.N0000 OK
2026-07-06 16:50:47,729 INFO JXG.N0000 OK
2026-07-06 16:50:47,753 INFO Wrote 302 rows to /home/runner/work/cse-scraper/cse-scraper/data/2026-07-06/all_company_info_2026-07-06.csv
2026-07-06 16:50:47,753 INFO Symbols: 302, success: 302, failures: 0
