2026-06-22 18:10:55,595 INFO Saved: data/2026-06-22/tradeSummary_2026-06-22.json
2026-06-22 18:10:56,648 INFO Saved: data/2026-06-22/todaySharePrice_2026-06-22.json
2026-06-22 18:10:58,291 INFO Saved: data/2026-06-22/topGainers_2026-06-22.json
2026-06-22 18:10:58,971 INFO Saved: data/2026-06-22/topLooses_2026-06-22.json
2026-06-22 18:11:00,361 INFO Saved: data/2026-06-22/mostActiveTrades_2026-06-22.json
2026-06-22 18:11:01,561 INFO Saved: data/2026-06-22/marketSummery_2026-06-22.json
2026-06-22 18:11:02,237 INFO Saved: data/2026-06-22/aspiData_2026-06-22.json
2026-06-22 18:11:02,908 INFO Saved: data/2026-06-22/snpData_2026-06-22.json
2026-06-22 18:11:04,122 INFO Saved: data/2026-06-22/allSectors_2026-06-22.json
2026-06-22 18:11:05,216 INFO Saved: data/2026-06-22/detailedTrades_2026-06-22.json
2026-06-22 18:11:05,887 INFO Saved: data/2026-06-22/dailyMarketSummery_2026-06-22.json
2026-06-22 18:11:06,981 INFO Saved: data/2026-06-22/getContributors_2026-06-22.json
2026-06-22 18:11:08,202 INFO Saved: data/2026-06-22/getContributorsChart_2026-06-22.json
2026-06-22 18:11:08,202 INFO Saved 13 files (0 errors)
2026-06-22 18:11:09,703 INFO AGAL.N0000 OK
2026-06-22 18:11:09,706 INFO AGST.N0000 OK
2026-06-22 18:11:09,795 INFO ACME.N0000 OK
2026-06-22 18:11:09,802 INFO ABAN.N0000 OK
2026-06-22 18:11:09,809 INFO AGST.X0000 OK
2026-06-22 18:11:09,852 INFO AFSL.N0000 OK
2026-06-22 18:11:09,864 INFO APLA.N0000 OK
2026-06-22 18:11:09,870 INFO AGPL.N0000 OK
2026-06-22 18:11:09,873 INFO AEL.N0000 OK
2026-06-22 18:11:09,877 INFO ACL.N0000 OK
2026-06-22 18:11:10,453 INFO AHUN.N0000 OK
2026-06-22 18:11:10,461 INFO SPEN.N0000 OK
2026-06-22 18:11:10,466 INFO ALLI.N0000 OK
2026-06-22 18:11:10,799 INFO ABL.N0000 OK
2026-06-22 18:11:10,803 INFO GREG.N0000 OK
2026-06-22 18:11:10,817 INFO TAP.N0000 OK
2026-06-22 18:11:10,821 INFO AFS.N0000 OK
2026-06-22 18:11:10,868 INFO ATL.N0000 OK
2026-06-22 18:11:10,887 INFO ALUM.N0000 OK
2026-06-22 18:11:10,890 INFO ATLL.N0000 OK
2026-06-22 18:11:11,118 INFO AMCL.N0000 OK
2026-06-22 18:11:11,383 INFO ALHP.N0000 OK
2026-06-22 18:11:11,437 INFO AINS.N0000 OK
2026-06-22 18:11:12,051 INFO BPPL.N0000 OK
2026-06-22 18:11:12,054 INFO ACAP.N0000 OK
2026-06-22 18:11:12,087 INFO ASIY.N0000 OK
2026-06-22 18:11:12,117 INFO AMF.N0000 OK
2026-06-22 18:11:12,146 INFO ASIR.N0000 OK
2026-06-22 18:11:12,159 INFO AHPL.N0000 OK
2026-06-22 18:11:12,160 INFO AAF.N0000 OK
2026-06-22 18:11:12,161 INFO BFL.N0000 OK
2026-06-22 18:11:12,167 INFO AMSL.N0000 OK
2026-06-22 18:11:12,179 INFO BALA.N0000 OK
2026-06-22 18:11:12,749 INFO BLI.N0000 OK
2026-06-22 18:11:12,785 INFO BLUE.X0000 OK
2026-06-22 18:11:12,789 INFO BRR.N0000 OK
2026-06-22 18:11:12,798 INFO BERU.N0000 OK
2026-06-22 18:11:12,827 INFO BLUE.N0000 OK
2026-06-22 18:11:12,959 INFO BUKI.N0000 OK
2026-06-22 18:11:12,967 INFO BOGA.N0000 OK
2026-06-22 18:11:12,973 INFO BRWN.N0000 OK
2026-06-22 18:11:12,976 INFO BOPL.N0000 OK
2026-06-22 18:11:12,982 INFO BIL.N0000 OK
2026-06-22 18:11:13,513 INFO CTLD.N0000 OK
2026-06-22 18:11:13,538 INFO COLO.N0000 OK
2026-06-22 18:11:13,542 INFO CIC.N0000 OK
2026-06-22 18:11:13,545 INFO CIC.X0000 OK
2026-06-22 18:11:13,582 INFO CTHR.N0000 OK
2026-06-22 18:11:13,637 INFO CWM.N0000 OK
2026-06-22 18:11:13,703 INFO CSLK.N0000 OK
2026-06-22 18:11:14,172 INFO CALH.N0000 OK
2026-06-22 18:11:14,246 INFO CALT.N0000 OK
2026-06-22 18:11:14,247 INFO CARG.N0000 OK
2026-06-22 18:11:14,255 INFO CBNK.N0000 OK
2026-06-22 18:11:14,272 INFO CIND.N0000 OK
2026-06-22 18:11:14,291 INFO CFIN.N0000 OK
2026-06-22 18:11:14,298 INFO CABO.N0000 OK
2026-06-22 18:11:14,305 INFO CINS.N0000 OK
2026-06-22 18:11:14,322 INFO CARS.N0000 OK
2026-06-22 18:11:14,386 INFO CINS.X0000 OK
2026-06-22 18:11:14,896 INFO BREW.N0000 OK
2026-06-22 18:11:14,963 INFO CCS.N0000 OK
2026-06-22 18:11:14,966 INFO GRAN.N0000 OK
2026-06-22 18:11:15,035 INFO KZOO.N0000 OK
2026-06-22 18:11:15,091 INFO CINV.N0000 OK
2026-06-22 18:11:15,108 INFO GUAR.N0000 OK
2026-06-22 18:11:15,108 INFO CHL.N0000 OK
2026-06-22 18:11:15,130 INFO CHOT.N0000 OK
2026-06-22 18:11:15,141 INFO CHL.X0000 OK
2026-06-22 18:11:15,160 INFO CTBL.N0000 OK
2026-06-22 18:11:15,564 INFO CTC.N0000 OK
2026-06-22 18:11:15,644 INFO LLUB.N0000 OK
2026-06-22 18:11:15,707 INFO CHMX.N0000 OK
2026-06-22 18:11:15,755 INFO CWL.N0000 OK
2026-06-22 18:11:15,756 INFO CDB.N0000 OK
2026-06-22 18:11:15,805 INFO CDB.X0000 OK
2026-06-22 18:11:15,808 INFO REEF.N0000 OK
2026-06-22 18:11:15,825 INFO CHOU.N0000 OK
2026-06-22 18:11:15,843 INFO COOP.N0000 OK
2026-06-22 18:11:15,907 INFO PHAR.N0000 OK
2026-06-22 18:11:16,289 INFO DOCK.N0000 OK
2026-06-22 18:11:16,371 INFO CFI.N0000 OK
2026-06-22 18:11:16,427 INFO CIT.N0000 OK
2026-06-22 18:11:16,495 INFO COCR.N0000 OK
2026-06-22 18:11:16,499 INFO CLND.N0000 OK
2026-06-22 18:11:16,503 INFO COMB.N0000 OK
2026-06-22 18:11:16,523 INFO SOY.N0000 OK
2026-06-22 18:11:16,567 INFO COMB.X0000 OK
2026-06-22 18:11:16,567 INFO COMD.N0000 OK
2026-06-22 18:11:16,667 INFO DPL.N0000 OK
2026-06-22 18:11:16,963 INFO DFCC.N0000 OK
2026-06-22 18:11:17,132 INFO CALF.N0000 OK
2026-06-22 18:11:17,179 INFO DIAL.N0000 OK
2026-06-22 18:11:17,201 INFO PKME.N0000 OK
2026-06-22 18:11:17,227 INFO CTEA.N0000 OK
2026-06-22 18:11:17,255 INFO STAF.N0000 OK
2026-06-22 18:11:17,315 INFO DIST.N0000 OK
2026-06-22 18:11:17,330 INFO ECL.N0000 OK
2026-06-22 18:11:17,334 INFO DIMO.N0000 OK
2026-06-22 18:11:17,336 INFO DIPD.N0000 OK
2026-06-22 18:11:17,707 INFO EBCR.N0000 OK
2026-06-22 18:11:17,853 INFO EML.N0000 OK
2026-06-22 18:11:17,873 INFO EMER.N0000 OK
2026-06-22 18:11:17,904 INFO EAST.N0000 OK
2026-06-22 18:11:17,918 INFO ELPL.N0000 OK
2026-06-22 18:11:17,974 INFO EDEN.N0000 OK
2026-06-22 18:11:18,022 INFO EXT.N0000 OK
2026-06-22 18:11:18,033 INFO PACK.N0000 OK
2026-06-22 18:11:18,053 INFO ETWO.N0000 OK
2026-06-22 18:11:18,093 INFO CFVF.N0000 OK
2026-06-22 18:11:18,372 INFO FCT.N0000 OK
2026-06-22 18:11:18,540 INFO WAPO.N0000 OK
2026-06-22 18:11:18,581 INFO GHLL.N0000 OK
2026-06-22 18:11:18,591 INFO MEL.N0000 OK
2026-06-22 18:11:18,636 INFO GEST.N0000 OK
2026-06-22 18:11:18,697 INFO HAPU.N0000 OK
2026-06-22 18:11:18,760 INFO HPL.N0000 OK
2026-06-22 18:11:18,780 INFO HARI.N0000 OK
2026-06-22 18:11:18,798 INFO HNB.N0000 OK
2026-06-22 18:11:18,804 INFO HNB.X0000 OK
2026-06-22 18:11:19,040 INFO HAYC.N0000 OK
2026-06-22 18:11:19,205 INFO MGT.N0000 OK
2026-06-22 18:11:19,276 INFO HEXP.N0000 OK
2026-06-22 18:11:19,298 INFO HAYL.N0000 OK
2026-06-22 18:11:19,328 INFO CONN.N0000 OK
2026-06-22 18:11:19,369 INFO HELA.N0000 OK
2026-06-22 18:11:19,445 INFO CITH.N0000 OK
2026-06-22 18:11:19,486 INFO HNBF.N0000 OK
2026-06-22 18:11:19,489 INFO HHL.N0000 OK
2026-06-22 18:11:19,539 INFO HASU.N0000 OK
2026-06-22 18:11:19,722 INFO HNBF.X0000 OK
2026-06-22 18:11:19,931 INFO HOPL.N0000 OK
2026-06-22 18:11:20,003 INFO HSIG.N0000 OK
2026-06-22 18:11:20,028 INFO HDFC.N0000 OK
2026-06-22 18:11:20,048 INFO HBS.N0000 OK
2026-06-22 18:11:20,086 INFO HUNA.N0000 OK
2026-06-22 18:11:20,176 INFO HUNT.N0000 OK
2026-06-22 18:11:20,227 INFO HVA.N0000 OK
2026-06-22 18:11:20,233 INFO ASPH.N0000 OK
2026-06-22 18:11:20,275 INFO INME.N0000 OK
2026-06-22 18:11:20,452 INFO BFN.N0000 OK
2026-06-22 18:11:20,653 INFO JINS.N0000 OK
2026-06-22 18:11:20,770 INFO JAT.N0000 OK
2026-06-22 18:11:20,779 INFO JFP.N0000 OK
2026-06-22 18:11:20,792 INFO JETS.N0000 OK
2026-06-22 18:11:20,819 INFO JKH.N0000 OK
2026-06-22 18:11:20,910 INFO KHL.N0000 OK
2026-06-22 18:11:20,964 INFO JKL.N0000 OK
2026-06-22 18:11:21,004 INFO KAHA.N0000 OK
2026-06-22 18:11:21,016 INFO KPHL.N0000 OK
2026-06-22 18:11:21,185 INFO KFP.N0000 OK
2026-06-22 18:11:21,372 INFO KGAL.N0000 OK
2026-06-22 18:11:21,494 INFO KDL.N0000 OK
2026-06-22 18:11:21,513 INFO KCAB.N0000 OK
2026-06-22 18:11:21,535 INFO TYRE.N0000 OK
2026-06-22 18:11:21,535 INFO KVAL.N0000 OK
2026-06-22 18:11:21,629 INFO CPRT.N0000 OK
2026-06-22 18:11:21,689 INFO KOTA.N0000 OK
2026-06-22 18:11:21,740 INFO LAMB.N0000 OK
2026-06-22 18:11:21,746 INFO LOLC.N0000 OK
2026-06-22 18:11:21,905 INFO LVEF.N0000 OK
2026-06-22 18:11:22,156 INFO LPRT.N0000 OK
2026-06-22 18:11:22,216 INFO LALU.N0000 OK
2026-06-22 18:11:22,267 INFO LCBF.N0000 OK
2026-06-22 18:11:22,294 INFO CERA.N0000 OK
2026-06-22 18:11:22,295 INFO ASHO.N0000 OK
2026-06-22 18:11:22,362 INFO LIOC.N0000 OK
2026-06-22 18:11:22,418 INFO LMF.N0000 OK
2026-06-22 18:11:22,481 INFO ASCO.N0000 OK
2026-06-22 18:11:22,485 INFO TILE.N0000 OK
2026-06-22 18:11:22,628 INFO LVEN.N0000 OK
2026-06-22 18:11:22,881 INFO LWL.N0000 OK
2026-06-22 18:11:22,936 INFO LCEY.N0000 OK
2026-06-22 18:11:22,992 INFO LDEV.N0000 OK
2026-06-22 18:11:23,028 INFO LGL.N0000 OK
2026-06-22 18:11:23,029 INFO LGL.X0000 OK
2026-06-22 18:11:23,101 INFO LPL.N0000 OK
2026-06-22 18:11:23,144 INFO LPL.X0000 OK
2026-06-22 18:11:23,226 INFO LFIN.N0000 OK
2026-06-22 18:11:23,230 INFO LITE.N0000 OK
2026-06-22 18:11:23,350 INFO SHAW.N0000 OK
2026-06-22 18:11:23,603 INFO LION.N0000 OK
2026-06-22 18:11:23,659 INFO LOFC.N0000 OK
2026-06-22 18:11:23,712 INFO LGIL.N0000 OK
2026-06-22 18:11:23,765 INFO HPFL.N0000 OK
2026-06-22 18:11:23,767 INFO LUMX.N0000 OK
2026-06-22 18:11:23,822 INFO MADU.N0000 OK
2026-06-22 18:11:23,864 INFO MFPE.N0000 OK
2026-06-22 18:11:23,966 INFO MCPL.N0000 OK
2026-06-22 18:11:23,970 INFO MRH.N0000 OK
2026-06-22 18:11:24,077 INFO MAL.N0000 OK
2026-06-22 18:11:24,310 INFO MAL.X0000 OK
2026-06-22 18:11:24,384 INFO MARA.N0000 OK
2026-06-22 18:11:24,435 INFO MASK.N0000 OK
2026-06-22 18:11:24,509 INFO MERC.N0000 OK
2026-06-22 18:11:24,513 INFO MELS.N0000 OK
2026-06-22 18:11:24,549 INFO MSL.N0000 OK
2026-06-22 18:11:24,606 INFO MBSL.N0000 OK
2026-06-22 18:11:24,706 INFO MHDL.N0000 OK
2026-06-22 18:11:24,712 INFO MULL.N0000 OK
2026-06-22 18:11:24,803 INFO MDL.N0000 OK
2026-06-22 18:11:25,050 INFO NAMU.N0000 OK
2026-06-22 18:11:25,061 INFO CSF.N0000 OK
2026-06-22 18:11:25,162 INFO NDB.N0000 OK
2026-06-22 18:11:25,233 INFO NTB.X0000 OK
2026-06-22 18:11:25,247 INFO NTB.N0000 OK
2026-06-22 18:11:25,273 INFO NHL.N0000 OK
2026-06-22 18:11:25,328 INFO ODEL.N0000 OK
2026-06-22 18:11:25,441 INFO OFEQ.N0000 OK
2026-06-22 18:11:25,448 INFO ONAL.N0000 OK
2026-06-22 18:11:25,522 INFO OSEA.N0000 OK
2026-06-22 18:11:25,792 INFO PALM.N0000 OK
2026-06-22 18:11:25,814 INFO PABC.N0000 OK
2026-06-22 18:11:25,890 INFO PAP.N0000 OK
2026-06-22 18:11:25,988 INFO PEG.N0000 OK
2026-06-22 18:11:25,992 INFO PARA.N0000 OK
2026-06-22 18:11:26,010 INFO PINS.N0000 OK
2026-06-22 18:11:26,060 INFO PLC.N0000 OK
2026-06-22 18:11:26,183 INFO GLAS.N0000 OK
2026-06-22 18:11:26,190 INFO PMB.N0000 OK
2026-06-22 18:11:26,248 INFO PLR.N0000 OK
2026-06-22 18:11:26,524 INFO CARE.N0000 OK
2026-06-22 18:11:26,567 INFO RIL.N0000 OK
2026-06-22 18:11:26,618 INFO RGEM.N0000 OK
2026-06-22 18:11:26,738 INFO RFL.N0000 OK
2026-06-22 18:11:26,743 INFO RWSL.N0000 OK
2026-06-22 18:11:26,762 INFO RAL.N0000 OK
2026-06-22 18:11:26,766 INFO RENU.N0000 OK
2026-06-22 18:11:26,917 INFO COCO.N0000 OK
2026-06-22 18:11:26,921 INFO COCO.X0000 OK
2026-06-22 18:11:26,975 INFO RHL.N0000 OK
2026-06-22 18:11:27,242 INFO RHL.X0000 OK
2026-06-22 18:11:27,279 INFO HPWR.N0000 OK
2026-06-22 18:11:27,288 INFO RCH.N0000 OK
2026-06-22 18:11:27,511 INFO RICH.N0000 OK
2026-06-22 18:11:27,520 INFO REXP.N0000 OK
2026-06-22 18:11:27,532 INFO RPBH.N0000 OK
2026-06-22 18:11:27,535 INFO RCL.N0000 OK
2026-06-22 18:11:27,605 INFO SAMP.N0000 OK
2026-06-22 18:11:27,668 INFO SIL.N0000 OK
2026-06-22 18:11:27,710 INFO SDB.N0000 OK
2026-06-22 18:11:27,964 INFO SDF.N0000 OK
2026-06-22 18:11:28,037 INFO SFCL.N0000 OK
2026-06-22 18:11:28,041 INFO SMOT.N0000 OK
2026-06-22 18:11:28,287 INFO SHOT.X0000 OK
2026-06-22 18:11:28,291 INFO SHOT.N0000 OK
2026-06-22 18:11:28,294 INFO SEYB.N0000 OK
2026-06-22 18:11:28,303 INFO SLND.N0000 OK
2026-06-22 18:11:28,339 INFO SEYB.X0000 OK
2026-06-22 18:11:28,447 INFO SIRA.N0000 OK
2026-06-22 18:11:28,479 INFO CSD.N0000 OK
2026-06-22 18:11:28,688 INFO SIGV.N0000 OK
2026-06-22 18:11:28,772 INFO SINS.N0000 OK
2026-06-22 18:11:28,802 INFO SFIN.N0000 OK
2026-06-22 18:11:29,031 INFO SINH.N0000 OK
2026-06-22 18:11:29,063 INFO SEMB.N0000 OK
2026-06-22 18:11:29,079 INFO SCAP.N0000 OK
2026-06-22 18:11:29,091 INFO CRL.N0000 OK
2026-06-22 18:11:29,134 INFO SEMB.X0000 OK
2026-06-22 18:11:29,194 INFO SHL.N0000 OK
2026-06-22 18:11:29,203 INFO AAIC.N0000 OK
2026-06-22 18:11:29,411 INFO SLTL.N0000 OK
2026-06-22 18:11:29,447 INFO SING.N0000 OK
2026-06-22 18:11:29,475 INFO SUN.N0000 OK
2026-06-22 18:11:29,754 INFO SWAD.N0000 OK
2026-06-22 18:11:29,811 INFO PARQ.N0000 OK
2026-06-22 18:11:29,835 INFO TAJ.N0000 OK
2026-06-22 18:11:29,842 INFO TPL.N0000 OK
2026-06-22 18:11:29,860 INFO TANG.N0000 OK
2026-06-22 18:11:29,938 INFO TJL.N0000 OK
2026-06-22 18:11:29,942 INFO TSML.N0000 OK
2026-06-22 18:11:30,138 INFO TESS.N0000 OK
2026-06-22 18:11:30,183 INFO TESS.X0000 OK
2026-06-22 18:11:30,202 INFO LHL.N0000 OK
2026-06-22 18:11:30,478 INFO AUTO.N0000 OK
2026-06-22 18:11:30,541 INFO CFLB.N0000 OK
2026-06-22 18:11:30,585 INFO RHTL.N0000 OK
2026-06-22 18:11:30,589 INFO KHC.N0000 OK
2026-06-22 18:11:30,595 INFO SERV.N0000 OK
2026-06-22 18:11:30,689 INFO LHCL.N0000 OK
2026-06-22 18:11:30,690 INFO NEH.N0000 OK
2026-06-22 18:11:30,861 INFO TAFL.N0000 OK
2026-06-22 18:11:30,936 INFO TKYO.N0000 OK
2026-06-22 18:11:30,945 INFO TKYO.X0000 OK
2026-06-22 18:11:31,215 INFO TRAN.N0000 OK
2026-06-22 18:11:31,257 INFO UBF.N0000 OK
2026-06-22 18:11:31,331 INFO UDPL.N0000 OK
2026-06-22 18:11:31,334 INFO UAL.N0000 OK
2026-06-22 18:11:31,341 INFO UBC.N0000 OK
2026-06-22 18:11:31,434 INFO UML.N0000 OK
2026-06-22 18:11:31,437 INFO UCAR.N0000 OK
2026-06-22 18:11:31,579 INFO VFIN.N0000 OK
2026-06-22 18:11:31,683 INFO VONE.N0000 OK
2026-06-22 18:11:31,685 INFO VPEL.N0000 OK
2026-06-22 18:11:31,946 INFO VLL.N0000 OK
2026-06-22 18:11:31,978 INFO VLL.X0000 OK
2026-06-22 18:11:32,089 INFO WIND.N0000 OK
2026-06-22 18:11:32,091 INFO CITW.N0000 OK
2026-06-22 18:11:32,104 INFO WATA.N0000 OK
2026-06-22 18:11:32,179 INFO WLTH.N0000 OK
2026-06-22 18:11:32,193 INFO YORK.N0000 OK
2026-06-22 18:11:32,250 INFO JXG.N0000 OK
2026-06-22 18:11:32,268 INFO Wrote 302 rows to /home/runner/work/cse-scraper/cse-scraper/data/2026-06-22/all_company_info_2026-06-22.csv
2026-06-22 18:11:32,268 INFO Symbols: 302, success: 302, failures: 0
