2026-06-02 18:03:38,645 INFO Saved: data/2026-06-02/tradeSummary_2026-06-02.json
2026-06-02 18:03:39,630 INFO Saved: data/2026-06-02/todaySharePrice_2026-06-02.json
2026-06-02 18:03:40,610 INFO Saved: data/2026-06-02/topGainers_2026-06-02.json
2026-06-02 18:03:41,211 INFO Saved: data/2026-06-02/topLooses_2026-06-02.json
2026-06-02 18:03:42,121 INFO Saved: data/2026-06-02/mostActiveTrades_2026-06-02.json
2026-06-02 18:03:43,303 INFO Saved: data/2026-06-02/marketSummery_2026-06-02.json
2026-06-02 18:03:44,208 INFO Saved: data/2026-06-02/aspiData_2026-06-02.json
2026-06-02 18:03:45,110 INFO Saved: data/2026-06-02/snpData_2026-06-02.json
2026-06-02 18:03:45,693 INFO Saved: data/2026-06-02/allSectors_2026-06-02.json
2026-06-02 18:03:46,646 INFO Saved: data/2026-06-02/detailedTrades_2026-06-02.json
2026-06-02 18:03:48,696 INFO Saved: data/2026-06-02/dailyMarketSummery_2026-06-02.json
2026-06-02 18:03:49,365 INFO Saved: data/2026-06-02/getContributors_2026-06-02.json
2026-06-02 18:03:50,520 INFO Saved: data/2026-06-02/getContributorsChart_2026-06-02.json
2026-06-02 18:03:50,520 INFO Saved 13 files (0 errors)
2026-06-02 18:03:52,003 INFO APLA.N0000 OK
2026-06-02 18:03:52,007 INFO ACL.N0000 OK
2026-06-02 18:03:52,008 INFO AGST.X0000 OK
2026-06-02 18:03:52,012 INFO AEL.N0000 OK
2026-06-02 18:03:52,092 INFO ACME.N0000 OK
2026-06-02 18:03:52,113 INFO AGST.N0000 OK
2026-06-02 18:03:52,113 INFO AGAL.N0000 OK
2026-06-02 18:03:52,114 INFO ABAN.N0000 OK
2026-06-02 18:03:52,119 INFO AFSL.N0000 OK
2026-06-02 18:03:52,126 INFO AGPL.N0000 OK
2026-06-02 18:03:53,182 INFO ALLI.N0000 OK
2026-06-02 18:03:53,195 INFO ALUM.N0000 OK
2026-06-02 18:03:53,269 INFO SPEN.N0000 OK
2026-06-02 18:03:53,297 INFO ATLL.N0000 OK
2026-06-02 18:03:53,329 INFO ABL.N0000 OK
2026-06-02 18:03:53,329 INFO AHUN.N0000 OK
2026-06-02 18:03:53,333 INFO AFS.N0000 OK
2026-06-02 18:03:53,336 INFO TAP.N0000 OK
2026-06-02 18:03:53,371 INFO GREG.N0000 OK
2026-06-02 18:03:53,381 INFO ATL.N0000 OK
2026-06-02 18:03:54,245 INFO ACAP.N0000 OK
2026-06-02 18:03:54,280 INFO ALHP.N0000 OK
2026-06-02 18:03:54,293 INFO AMCL.N0000 OK
2026-06-02 18:03:54,353 INFO AMF.N0000 OK
2026-06-02 18:03:54,370 INFO AAF.N0000 OK
2026-06-02 18:03:54,373 INFO ASIR.N0000 OK
2026-06-02 18:03:54,382 INFO AINS.N0000 OK
2026-06-02 18:03:54,384 INFO AMSL.N0000 OK
2026-06-02 18:03:54,399 INFO AHPL.N0000 OK
2026-06-02 18:03:54,402 INFO ASIY.N0000 OK
2026-06-02 18:03:55,608 INFO BLI.N0000 OK
2026-06-02 18:03:55,611 INFO BLUE.X0000 OK
2026-06-02 18:03:55,670 INFO BFL.N0000 OK
2026-06-02 18:03:55,739 INFO BERU.N0000 OK
2026-06-02 18:03:55,739 INFO BPPL.N0000 OK
2026-06-02 18:03:55,772 INFO BOPL.N0000 OK
2026-06-02 18:03:55,776 INFO BLUE.N0000 OK
2026-06-02 18:03:55,776 INFO BALA.N0000 OK
2026-06-02 18:03:55,806 INFO BRR.N0000 OK
2026-06-02 18:03:55,850 INFO BOGA.N0000 OK
2026-06-02 18:03:56,220 INFO BIL.N0000 OK
2026-06-02 18:03:56,366 INFO BRWN.N0000 OK
2026-06-02 18:03:56,692 INFO CIC.N0000 OK
2026-06-02 18:03:56,707 INFO CSLK.N0000 OK
2026-06-02 18:03:56,754 INFO CTLD.N0000 OK
2026-06-02 18:03:56,757 INFO CTHR.N0000 OK
2026-06-02 18:03:56,787 INFO CWM.N0000 OK
2026-06-02 18:03:56,795 INFO COLO.N0000 OK
2026-06-02 18:03:56,795 INFO BUKI.N0000 OK
2026-06-02 18:03:56,812 INFO CIC.X0000 OK
2026-06-02 18:03:56,904 INFO CALH.N0000 OK
2026-06-02 18:03:56,952 INFO CALT.N0000 OK
2026-06-02 18:03:57,367 INFO CARG.N0000 OK
2026-06-02 18:03:57,370 INFO CBNK.N0000 OK
2026-06-02 18:03:57,721 INFO CINS.X0000 OK
2026-06-02 18:03:57,770 INFO CINS.N0000 OK
2026-06-02 18:03:57,806 INFO CCS.N0000 OK
2026-06-02 18:03:57,814 INFO BREW.N0000 OK
2026-06-02 18:03:57,816 INFO CIND.N0000 OK
2026-06-02 18:03:57,868 INFO CARS.N0000 OK
2026-06-02 18:03:57,871 INFO CFIN.N0000 OK
2026-06-02 18:03:57,873 INFO CABO.N0000 OK
2026-06-02 18:03:58,044 INFO GRAN.N0000 OK
2026-06-02 18:03:58,044 INFO GUAR.N0000 OK
2026-06-02 18:03:58,402 INFO CHL.N0000 OK
2026-06-02 18:03:58,902 INFO CHMX.N0000 OK
2026-06-02 18:03:58,928 INFO KZOO.N0000 OK
2026-06-02 18:03:58,931 INFO CWL.N0000 OK
2026-06-02 18:03:58,936 INFO CTC.N0000 OK
2026-06-02 18:03:58,945 INFO CHOT.N0000 OK
2026-06-02 18:03:58,966 INFO CINV.N0000 OK
2026-06-02 18:03:58,970 INFO LLUB.N0000 OK
2026-06-02 18:03:59,028 INFO CHL.X0000 OK
2026-06-02 18:03:59,040 INFO CTBL.N0000 OK
2026-06-02 18:03:59,083 INFO CDB.N0000 OK
2026-06-02 18:03:59,543 INFO CHOU.N0000 OK
2026-06-02 18:03:59,554 INFO CDB.X0000 OK
2026-06-02 18:03:59,580 INFO DOCK.N0000 OK
2026-06-02 18:03:59,639 INFO REEF.N0000 OK
2026-06-02 18:03:59,642 INFO PHAR.N0000 OK
2026-06-02 18:03:59,649 INFO COOP.N0000 OK
2026-06-02 18:03:59,673 INFO CFI.N0000 OK
2026-06-02 18:03:59,688 INFO CIT.N0000 OK
2026-06-02 18:03:59,709 INFO CLND.N0000 OK
2026-06-02 18:03:59,755 INFO COMB.N0000 OK
2026-06-02 18:04:00,150 INFO COMB.X0000 OK
2026-06-02 18:04:00,233 INFO COCR.N0000 OK
2026-06-02 18:04:00,242 INFO DPL.N0000 OK
2026-06-02 18:04:00,252 INFO COMD.N0000 OK
2026-06-02 18:04:00,267 INFO DFCC.N0000 OK
2026-06-02 18:04:00,279 INFO DIAL.N0000 OK
2026-06-02 18:04:00,294 INFO DIMO.N0000 OK
2026-06-02 18:04:00,330 INFO SOY.N0000 OK
2026-06-02 18:04:00,341 INFO PKME.N0000 OK
2026-06-02 18:04:00,395 INFO CALF.N0000 OK
2026-06-02 18:04:00,806 INFO CTEA.N0000 OK
2026-06-02 18:04:00,841 INFO DIST.N0000 OK
2026-06-02 18:04:00,903 INFO DIPD.N0000 OK
2026-06-02 18:04:00,917 INFO STAF.N0000 OK
2026-06-02 18:04:00,925 INFO ECL.N0000 OK
2026-06-02 18:04:01,277 INFO EBCR.N0000 OK
2026-06-02 18:04:01,307 INFO EAST.N0000 OK
2026-06-02 18:04:01,315 INFO EDEN.N0000 OK
2026-06-02 18:04:01,315 INFO EMER.N0000 OK
2026-06-02 18:04:01,319 INFO EML.N0000 OK
2026-06-02 18:04:01,753 INFO ELPL.N0000 OK
2026-06-02 18:04:01,761 INFO EXT.N0000 OK
2026-06-02 18:04:01,763 INFO ETWO.N0000 OK
2026-06-02 18:04:01,768 INFO PACK.N0000 OK
2026-06-02 18:04:01,775 INFO CFVF.N0000 OK
2026-06-02 18:04:01,892 INFO GHLL.N0000 OK
2026-06-02 18:04:01,944 INFO FCT.N0000 OK
2026-06-02 18:04:01,979 INFO GEST.N0000 OK
2026-06-02 18:04:02,022 INFO WAPO.N0000 OK
2026-06-02 18:04:02,539 INFO HNB.X0000 OK
2026-06-02 18:04:02,542 INFO HNB.N0000 OK
2026-06-02 18:04:02,567 INFO HAPU.N0000 OK
2026-06-02 18:04:02,626 INFO HPL.N0000 OK
2026-06-02 18:04:02,630 INFO MEL.N0000 OK
2026-06-02 18:04:02,632 INFO HAYC.N0000 OK
2026-06-02 18:04:02,634 INFO HARI.N0000 OK
2026-06-02 18:04:02,652 INFO MGT.N0000 OK
2026-06-02 18:04:02,958 INFO HEXP.N0000 OK
2026-06-02 18:04:02,974 INFO CONN.N0000 OK
2026-06-02 18:04:03,288 INFO HELA.N0000 OK
2026-06-02 18:04:03,350 INFO HAYL.N0000 OK
2026-06-02 18:04:04,017 INFO HHL.N0000 OK
2026-06-02 18:04:04,025 INFO CITH.N0000 OK
2026-06-02 18:04:04,136 INFO HASU.N0000 OK
2026-06-02 18:04:04,146 INFO HNBF.X0000 OK
2026-06-02 18:04:04,148 INFO HUNA.N0000 OK
2026-06-02 18:04:04,148 INFO HSIG.N0000 OK
2026-06-02 18:04:04,193 INFO HNBF.N0000 OK
2026-06-02 18:04:04,194 INFO HBS.N0000 OK
2026-06-02 18:04:04,210 INFO HDFC.N0000 OK
2026-06-02 18:04:04,215 INFO HOPL.N0000 OK
2026-06-02 18:04:04,726 INFO HVA.N0000 OK
2026-06-02 18:04:04,735 INFO HUNT.N0000 OK
2026-06-02 18:04:04,913 INFO ASPH.N0000 OK
2026-06-02 18:04:05,223 INFO JKH.N0000 OK
2026-06-02 18:04:05,232 INFO JAT.N0000 OK
2026-06-02 18:04:05,319 INFO BFN.N0000 OK
2026-06-02 18:04:05,334 INFO INME.N0000 OK
2026-06-02 18:04:05,343 INFO JINS.N0000 OK
2026-06-02 18:04:05,355 INFO JETS.N0000 OK
2026-06-02 18:04:05,358 INFO JFP.N0000 OK
2026-06-02 18:04:05,408 INFO JKL.N0000 OK
2026-06-02 18:04:05,416 INFO KHL.N0000 OK
2026-06-02 18:04:05,567 INFO KAHA.N0000 OK
2026-06-02 18:04:05,916 INFO KPHL.N0000 OK
2026-06-02 18:04:05,921 INFO KCAB.N0000 OK
2026-06-02 18:04:05,936 INFO KFP.N0000 OK
2026-06-02 18:04:05,960 INFO KDL.N0000 OK
2026-06-02 18:04:05,991 INFO KGAL.N0000 OK
2026-06-02 18:04:05,997 INFO TYRE.N0000 OK
2026-06-02 18:04:06,047 INFO KVAL.N0000 OK
2026-06-02 18:04:06,403 INFO LAMB.N0000 OK
2026-06-02 18:04:06,409 INFO KOTA.N0000 OK
2026-06-02 18:04:06,427 INFO CPRT.N0000 OK
2026-06-02 18:04:06,565 INFO LVEF.N0000 OK
2026-06-02 18:04:06,578 INFO ASHO.N0000 OK
2026-06-02 18:04:06,626 INFO LPRT.N0000 OK
2026-06-02 18:04:06,641 INFO LOLC.N0000 OK
2026-06-02 18:04:06,659 INFO LALU.N0000 OK
2026-06-02 18:04:06,689 INFO CERA.N0000 OK
2026-06-02 18:04:06,758 INFO LCBF.N0000 OK
2026-06-02 18:04:06,998 INFO LMF.N0000 OK
2026-06-02 18:04:07,063 INFO LIOC.N0000 OK
2026-06-02 18:04:07,096 INFO ASCO.N0000 OK
2026-06-02 18:04:07,189 INFO TILE.N0000 OK
2026-06-02 18:04:07,222 INFO LCEY.N0000 OK
2026-06-02 18:04:07,231 INFO LWL.N0000 OK
2026-06-02 18:04:07,235 INFO LVEN.N0000 OK
2026-06-02 18:04:07,327 INFO LDEV.N0000 OK
2026-06-02 18:04:08,101 INFO LGL.N0000 OK
2026-06-02 18:04:08,178 INFO LGIL.N0000 OK
2026-06-02 18:04:08,184 INFO LPL.N0000 OK
2026-06-02 18:04:08,214 INFO LGL.X0000 OK
2026-06-02 18:04:08,227 INFO LION.N0000 OK
2026-06-02 18:04:08,229 INFO SHAW.N0000 OK
2026-06-02 18:04:08,236 INFO LFIN.N0000 OK
2026-06-02 18:04:08,238 INFO LITE.N0000 OK
2026-06-02 18:04:08,256 INFO LPL.X0000 OK
2026-06-02 18:04:08,258 INFO LOFC.N0000 OK
2026-06-02 18:04:08,763 INFO HPFL.N0000 OK
2026-06-02 18:04:08,771 INFO LUMX.N0000 OK
2026-06-02 18:04:08,856 INFO MADU.N0000 OK
2026-06-02 18:04:08,878 INFO MFPE.N0000 OK
2026-06-02 18:04:09,236 INFO MAL.X0000 OK
2026-06-02 18:04:09,237 INFO MAL.N0000 OK
2026-06-02 18:04:09,273 INFO MCPL.N0000 OK
2026-06-02 18:04:09,275 INFO MASK.N0000 OK
2026-06-02 18:04:09,283 INFO MRH.N0000 OK
2026-06-02 18:04:09,288 INFO MARA.N0000 OK
2026-06-02 18:04:09,451 INFO MELS.N0000 OK
2026-06-02 18:04:09,454 INFO MSL.N0000 OK
2026-06-02 18:04:09,459 INFO MERC.N0000 OK
2026-06-02 18:04:09,529 INFO MBSL.N0000 OK
2026-06-02 18:04:09,893 INFO CSF.N0000 OK
2026-06-02 18:04:09,907 INFO MULL.N0000 OK
2026-06-02 18:04:09,971 INFO MDL.N0000 OK
2026-06-02 18:04:09,971 INFO NAMU.N0000 OK
2026-06-02 18:04:09,979 INFO NDB.N0000 OK
2026-06-02 18:04:10,007 INFO MHDL.N0000 OK
2026-06-02 18:04:10,726 INFO NTB.X0000 OK
2026-06-02 18:04:10,756 INFO PALM.N0000 OK
2026-06-02 18:04:10,767 INFO NTB.N0000 OK
2026-06-02 18:04:10,788 INFO ODEL.N0000 OK
2026-06-02 18:04:10,790 INFO NHL.N0000 OK
2026-06-02 18:04:10,793 INFO OFEQ.N0000 OK
2026-06-02 18:04:10,807 INFO PABC.N0000 OK
2026-06-02 18:04:10,834 INFO OSEA.N0000 OK
2026-06-02 18:04:10,836 INFO ONAL.N0000 OK
2026-06-02 18:04:10,839 INFO PAP.N0000 OK
2026-06-02 18:04:11,412 INFO PARA.N0000 OK
2026-06-02 18:04:11,418 INFO PLR.N0000 OK
2026-06-02 18:04:11,436 INFO PEG.N0000 OK
2026-06-02 18:04:11,454 INFO PINS.N0000 OK
2026-06-02 18:04:11,496 INFO PMB.N0000 OK
2026-06-02 18:04:11,503 INFO GLAS.N0000 OK
2026-06-02 18:04:11,507 INFO PLC.N0000 OK
2026-06-02 18:04:11,519 INFO CARE.N0000 OK
2026-06-02 18:04:11,884 INFO RGEM.N0000 OK
2026-06-02 18:04:11,947 INFO RIL.N0000 OK
2026-06-02 18:04:12,024 INFO RAL.N0000 OK
2026-06-02 18:04:12,081 INFO RFL.N0000 OK
2026-06-02 18:04:12,093 INFO RWSL.N0000 OK
2026-06-02 18:04:12,113 INFO RENU.N0000 OK
2026-06-02 18:04:12,149 INFO COCO.N0000 OK
2026-06-02 18:04:12,207 INFO COCO.X0000 OK
2026-06-02 18:04:12,209 INFO RHL.N0000 OK
2026-06-02 18:04:12,232 INFO RHL.X0000 OK
2026-06-02 18:04:12,608 INFO RICH.N0000 OK
2026-06-02 18:04:12,618 INFO HPWR.N0000 OK
2026-06-02 18:04:12,620 INFO RCH.N0000 OK
2026-06-02 18:04:12,740 INFO REXP.N0000 OK
2026-06-02 18:04:12,854 INFO RCL.N0000 OK
2026-06-02 18:04:13,237 INFO SIL.N0000 OK
2026-06-02 18:04:13,298 INFO SAMP.N0000 OK
2026-06-02 18:04:13,333 INFO RPBH.N0000 OK
2026-06-02 18:04:13,337 INFO SHOT.X0000 OK
2026-06-02 18:04:13,337 INFO SFCL.N0000 OK
2026-06-02 18:04:13,341 INFO SHOT.N0000 OK
2026-06-02 18:04:13,362 INFO SMOT.N0000 OK
2026-06-02 18:04:13,372 INFO SDB.N0000 OK
2026-06-02 18:04:13,381 INFO SDF.N0000 OK
2026-06-02 18:04:13,778 INFO SLND.N0000 OK
2026-06-02 18:04:13,881 INFO SEYB.X0000 OK
2026-06-02 18:04:13,889 INFO SEYB.N0000 OK
2026-06-02 18:04:13,968 INFO SIRA.N0000 OK
2026-06-02 18:04:13,977 INFO SFIN.N0000 OK
2026-06-02 18:04:13,982 INFO SINH.N0000 OK
2026-06-02 18:04:14,006 INFO CSD.N0000 OK
2026-06-02 18:04:14,038 INFO SIGV.N0000 OK
2026-06-02 18:04:14,042 INFO SINS.N0000 OK
2026-06-02 18:04:14,077 INFO SEMB.N0000 OK
2026-06-02 18:04:14,736 INFO AAIC.N0000 OK
2026-06-02 18:04:14,757 INFO SHL.N0000 OK
2026-06-02 18:04:14,873 INFO SUN.N0000 OK
2026-06-02 18:04:14,873 INFO SWAD.N0000 OK
2026-06-02 18:04:14,873 INFO PARQ.N0000 OK
2026-06-02 18:04:14,874 INFO SLTL.N0000 OK
2026-06-02 18:04:14,875 INFO SCAP.N0000 OK
2026-06-02 18:04:14,875 INFO SING.N0000 OK
2026-06-02 18:04:14,875 INFO SEMB.X0000 OK
2026-06-02 18:04:14,967 INFO CRL.N0000 OK
2026-06-02 18:04:15,776 INFO TSML.N0000 OK
2026-06-02 18:04:15,779 INFO TJL.N0000 OK
2026-06-02 18:04:15,782 INFO LHL.N0000 OK
2026-06-02 18:04:15,809 INFO CFLB.N0000 OK
2026-06-02 18:04:15,821 INFO TESS.X0000 OK
2026-06-02 18:04:15,827 INFO TESS.N0000 OK
2026-06-02 18:04:15,832 INFO TPL.N0000 OK
2026-06-02 18:04:15,872 INFO TANG.N0000 OK
2026-06-02 18:04:15,883 INFO TAJ.N0000 OK
2026-06-02 18:04:15,898 INFO AUTO.N0000 OK
2026-06-02 18:04:16,704 INFO TAFL.N0000 OK
2026-06-02 18:04:16,704 INFO TKYO.N0000 OK
2026-06-02 18:04:16,783 INFO SERV.N0000 OK
2026-06-02 18:04:16,790 INFO KHC.N0000 OK
2026-06-02 18:04:16,809 INFO RHTL.N0000 OK
2026-06-02 18:04:16,810 INFO LHCL.N0000 OK
2026-06-02 18:04:16,859 INFO TRAN.N0000 OK
2026-06-02 18:04:16,860 INFO UBF.N0000 OK
2026-06-02 18:04:16,882 INFO NEH.N0000 OK
2026-06-02 18:04:16,885 INFO TKYO.X0000 OK
2026-06-02 18:04:17,664 INFO VLL.N0000 OK
2026-06-02 18:04:17,671 INFO UAL.N0000 OK
2026-06-02 18:04:17,674 INFO VFIN.N0000 OK
2026-06-02 18:04:17,674 INFO UCAR.N0000 OK
2026-06-02 18:04:17,678 INFO VLL.X0000 OK
2026-06-02 18:04:17,680 INFO UML.N0000 OK
2026-06-02 18:04:17,683 INFO VPEL.N0000 OK
2026-06-02 18:04:17,735 INFO UBC.N0000 OK
2026-06-02 18:04:17,736 INFO UDPL.N0000 OK
2026-06-02 18:04:17,746 INFO VONE.N0000 OK
2026-06-02 18:04:18,783 INFO WATA.N0000 OK
2026-06-02 18:04:18,836 INFO WIND.N0000 OK
2026-06-02 18:04:18,839 INFO YORK.N0000 OK
2026-06-02 18:04:18,897 INFO WLTH.N0000 OK
2026-06-02 18:04:18,899 INFO JXG.N0000 OK
2026-06-02 18:04:18,904 INFO CITW.N0000 OK
2026-06-02 18:04:18,919 INFO Wrote 302 rows to /home/runner/work/cse-scraper/cse-scraper/data/2026-06-02/all_company_info_2026-06-02.csv
2026-06-02 18:04:18,919 INFO Symbols: 302, success: 302, failures: 0
