2026-05-22 16:22:40,061 INFO Saved: data/2026-05-22/tradeSummary_2026-05-22.json
2026-05-22 16:22:41,084 INFO Saved: data/2026-05-22/todaySharePrice_2026-05-22.json
2026-05-22 16:22:42,099 INFO Saved: data/2026-05-22/topGainers_2026-05-22.json
2026-05-22 16:22:43,119 INFO Saved: data/2026-05-22/topLooses_2026-05-22.json
2026-05-22 16:22:44,295 INFO Saved: data/2026-05-22/mostActiveTrades_2026-05-22.json
2026-05-22 16:22:45,308 INFO Saved: data/2026-05-22/marketSummery_2026-05-22.json
2026-05-22 16:22:46,405 INFO Saved: data/2026-05-22/aspiData_2026-05-22.json
2026-05-22 16:22:47,486 INFO Saved: data/2026-05-22/snpData_2026-05-22.json
2026-05-22 16:22:48,588 INFO Saved: data/2026-05-22/allSectors_2026-05-22.json
2026-05-22 16:22:50,432 INFO Saved: data/2026-05-22/detailedTrades_2026-05-22.json
2026-05-22 16:22:51,391 INFO Saved: data/2026-05-22/dailyMarketSummery_2026-05-22.json
2026-05-22 16:22:52,534 INFO Saved: data/2026-05-22/getContributors_2026-05-22.json
2026-05-22 16:22:53,647 INFO Saved: data/2026-05-22/getContributorsChart_2026-05-22.json
2026-05-22 16:22:53,647 INFO Saved 13 files (0 errors)
2026-05-22 16:22:55,497 INFO AGPL.N0000 OK
2026-05-22 16:22:55,550 INFO AGST.X0000 OK
2026-05-22 16:22:55,558 INFO ACL.N0000 OK
2026-05-22 16:22:55,581 INFO ACME.N0000 OK
2026-05-22 16:22:55,584 INFO AFSL.N0000 OK
2026-05-22 16:22:55,648 INFO AGST.N0000 OK
2026-05-22 16:22:55,649 INFO APLA.N0000 OK
2026-05-22 16:22:55,649 INFO AEL.N0000 OK
2026-05-22 16:22:55,655 INFO ABAN.N0000 OK
2026-05-22 16:22:55,659 INFO AGAL.N0000 OK
2026-05-22 16:22:56,776 INFO SPEN.N0000 OK
2026-05-22 16:22:56,831 INFO ABL.N0000 OK
2026-05-22 16:22:56,874 INFO AHUN.N0000 OK
2026-05-22 16:22:56,878 INFO ALUM.N0000 OK
2026-05-22 16:22:56,904 INFO GREG.N0000 OK
2026-05-22 16:22:56,909 INFO ATL.N0000 OK
2026-05-22 16:22:56,926 INFO ALLI.N0000 OK
2026-05-22 16:22:56,930 INFO TAP.N0000 OK
2026-05-22 16:22:56,933 INFO AFS.N0000 OK
2026-05-22 16:22:56,935 INFO ATLL.N0000 OK
2026-05-22 16:22:58,005 INFO ALHP.N0000 OK
2026-05-22 16:22:58,008 INFO ACAP.N0000 OK
2026-05-22 16:22:58,045 INFO AMSL.N0000 OK
2026-05-22 16:22:58,074 INFO AMCL.N0000 OK
2026-05-22 16:22:58,105 INFO AMF.N0000 OK
2026-05-22 16:22:58,108 INFO ASIR.N0000 OK
2026-05-22 16:22:58,119 INFO AHPL.N0000 OK
2026-05-22 16:22:58,124 INFO AINS.N0000 OK
2026-05-22 16:22:58,127 INFO AAF.N0000 OK
2026-05-22 16:22:58,133 INFO ASIY.N0000 OK
2026-05-22 16:22:59,071 INFO BLUE.N0000 OK
2026-05-22 16:22:59,095 INFO BFL.N0000 OK
2026-05-22 16:22:59,132 INFO BLI.N0000 OK
2026-05-22 16:22:59,139 INFO BOGA.N0000 OK
2026-05-22 16:22:59,150 INFO BLUE.X0000 OK
2026-05-22 16:22:59,197 INFO BRR.N0000 OK
2026-05-22 16:22:59,198 INFO BOPL.N0000 OK
2026-05-22 16:22:59,201 INFO BERU.N0000 OK
2026-05-22 16:22:59,232 INFO BALA.N0000 OK
2026-05-22 16:22:59,232 INFO BPPL.N0000 OK
2026-05-22 16:22:59,812 INFO BIL.N0000 OK
2026-05-22 16:22:59,858 INFO BRWN.N0000 OK
2026-05-22 16:23:00,283 INFO BUKI.N0000 OK
2026-05-22 16:23:00,332 INFO CIC.X0000 OK
2026-05-22 16:23:00,357 INFO COLO.N0000 OK
2026-05-22 16:23:00,403 INFO CTLD.N0000 OK
2026-05-22 16:23:00,408 INFO CTHR.N0000 OK
2026-05-22 16:23:00,410 INFO CWM.N0000 OK
2026-05-22 16:23:00,419 INFO CIC.N0000 OK
2026-05-22 16:23:00,425 INFO CSLK.N0000 OK
2026-05-22 16:23:00,626 INFO CALH.N0000 OK
2026-05-22 16:23:00,946 INFO CALT.N0000 OK
2026-05-22 16:23:01,081 INFO CARG.N0000 OK
2026-05-22 16:23:01,510 INFO BREW.N0000 OK
2026-05-22 16:23:01,533 INFO CABO.N0000 OK
2026-05-22 16:23:01,602 INFO CINS.N0000 OK
2026-05-22 16:23:01,622 INFO CINS.X0000 OK
2026-05-22 16:23:01,628 INFO CBNK.N0000 OK
2026-05-22 16:23:01,630 INFO CIND.N0000 OK
2026-05-22 16:23:01,640 INFO CFIN.N0000 OK
2026-05-22 16:23:01,643 INFO CARS.N0000 OK
2026-05-22 16:23:01,744 INFO CCS.N0000 OK
2026-05-22 16:23:02,200 INFO GRAN.N0000 OK
2026-05-22 16:23:02,284 INFO GUAR.N0000 OK
2026-05-22 16:23:02,319 INFO CHL.N0000 OK
2026-05-22 16:23:02,411 INFO CHL.X0000 OK
2026-05-22 16:23:02,459 INFO CHOT.N0000 OK
2026-05-22 16:23:02,466 INFO KZOO.N0000 OK
2026-05-22 16:23:02,478 INFO CINV.N0000 OK
2026-05-22 16:23:02,735 INFO CTC.N0000 OK
2026-05-22 16:23:02,763 INFO CHMX.N0000 OK
2026-05-22 16:23:02,771 INFO CTBL.N0000 OK
2026-05-22 16:23:03,314 INFO CHOU.N0000 OK
2026-05-22 16:23:03,405 INFO LLUB.N0000 OK
2026-05-22 16:23:03,451 INFO CDB.X0000 OK
2026-05-22 16:23:03,478 INFO CDB.N0000 OK
2026-05-22 16:23:03,480 INFO CWL.N0000 OK
2026-05-22 16:23:03,484 INFO REEF.N0000 OK
2026-05-22 16:23:03,487 INFO COOP.N0000 OK
2026-05-22 16:23:03,582 INFO PHAR.N0000 OK
2026-05-22 16:23:03,592 INFO CFI.N0000 OK
2026-05-22 16:23:03,604 INFO DOCK.N0000 OK
2026-05-22 16:23:04,114 INFO CIT.N0000 OK
2026-05-22 16:23:04,213 INFO CLND.N0000 OK
2026-05-22 16:23:04,264 INFO COMB.N0000 OK
2026-05-22 16:23:04,298 INFO COCR.N0000 OK
2026-05-22 16:23:04,332 INFO SOY.N0000 OK
2026-05-22 16:23:04,343 INFO COMB.X0000 OK
2026-05-22 16:23:04,363 INFO COMD.N0000 OK
2026-05-22 16:23:04,407 INFO DPL.N0000 OK
2026-05-22 16:23:04,421 INFO DFCC.N0000 OK
2026-05-22 16:23:04,423 INFO DIAL.N0000 OK
2026-05-22 16:23:04,925 INFO CALF.N0000 OK
2026-05-22 16:23:05,016 INFO DIMO.N0000 OK
2026-05-22 16:23:05,552 INFO DIPD.N0000 OK
2026-05-22 16:23:05,563 INFO ECL.N0000 OK
2026-05-22 16:23:05,569 INFO CTEA.N0000 OK
2026-05-22 16:23:05,569 INFO EBCR.N0000 OK
2026-05-22 16:23:05,605 INFO STAF.N0000 OK
2026-05-22 16:23:05,608 INFO PKME.N0000 OK
2026-05-22 16:23:05,612 INFO EML.N0000 OK
2026-05-22 16:23:05,636 INFO DIST.N0000 OK
2026-05-22 16:23:05,706 INFO EAST.N0000 OK
2026-05-22 16:23:06,102 INFO EMER.N0000 OK
2026-05-22 16:23:06,840 INFO WAPO.N0000 OK
2026-05-22 16:23:06,856 INFO CFVF.N0000 OK
2026-05-22 16:23:06,939 INFO GHLL.N0000 OK
2026-05-22 16:23:06,942 INFO ETWO.N0000 OK
2026-05-22 16:23:06,962 INFO FCT.N0000 OK
2026-05-22 16:23:06,984 INFO EXT.N0000 OK
2026-05-22 16:23:06,989 INFO EDEN.N0000 OK
2026-05-22 16:23:06,991 INFO ELPL.N0000 OK
2026-05-22 16:23:06,997 INFO GEST.N0000 OK
2026-05-22 16:23:07,007 INFO PACK.N0000 OK
2026-05-22 16:23:07,640 INFO MEL.N0000 OK
2026-05-22 16:23:07,676 INFO HAPU.N0000 OK
2026-05-22 16:23:07,763 INFO HNB.N0000 OK
2026-05-22 16:23:07,766 INFO HARI.N0000 OK
2026-05-22 16:23:07,794 INFO HNB.X0000 OK
2026-05-22 16:23:07,864 INFO HPL.N0000 OK
2026-05-22 16:23:07,868 INFO HAYC.N0000 OK
2026-05-22 16:23:07,871 INFO CONN.N0000 OK
2026-05-22 16:23:07,886 INFO MGT.N0000 OK
2026-05-22 16:23:07,966 INFO HEXP.N0000 OK
2026-05-22 16:23:08,437 INFO HAYL.N0000 OK
2026-05-22 16:23:08,472 INFO HELA.N0000 OK
2026-05-22 16:23:08,557 INFO HHL.N0000 OK
2026-05-22 16:23:08,565 INFO CITH.N0000 OK
2026-05-22 16:23:08,938 INFO HDFC.N0000 OK
2026-05-22 16:23:08,940 INFO HSIG.N0000 OK
2026-05-22 16:23:08,960 INFO HOPL.N0000 OK
2026-05-22 16:23:08,969 INFO HNBF.X0000 OK
2026-05-22 16:23:08,972 INFO HASU.N0000 OK
2026-05-22 16:23:08,992 INFO HNBF.N0000 OK
2026-05-22 16:23:09,211 INFO HBS.N0000 OK
2026-05-22 16:23:09,255 INFO HUNA.N0000 OK
2026-05-22 16:23:09,716 INFO HUNT.N0000 OK
2026-05-22 16:23:09,738 INFO HVA.N0000 OK
2026-05-22 16:23:09,762 INFO ASPH.N0000 OK
2026-05-22 16:23:09,775 INFO INME.N0000 OK
2026-05-22 16:23:09,803 INFO JAT.N0000 OK
2026-05-22 16:23:09,807 INFO JETS.N0000 OK
2026-05-22 16:23:09,817 INFO JINS.N0000 OK
2026-05-22 16:23:09,834 INFO BFN.N0000 OK
2026-05-22 16:23:09,999 INFO JKH.N0000 OK
2026-05-22 16:23:10,011 INFO JFP.N0000 OK
2026-05-22 16:23:10,523 INFO KHL.N0000 OK
2026-05-22 16:23:10,597 INFO JKL.N0000 OK
2026-05-22 16:23:10,621 INFO KAHA.N0000 OK
2026-05-22 16:23:10,632 INFO KPHL.N0000 OK
2026-05-22 16:23:10,635 INFO KFP.N0000 OK
2026-05-22 16:23:10,657 INFO KCAB.N0000 OK
2026-05-22 16:23:10,662 INFO KGAL.N0000 OK
2026-05-22 16:23:10,676 INFO TYRE.N0000 OK
2026-05-22 16:23:11,024 INFO KDL.N0000 OK
2026-05-22 16:23:11,183 INFO KVAL.N0000 OK
2026-05-22 16:23:11,347 INFO CPRT.N0000 OK
2026-05-22 16:23:11,390 INFO KOTA.N0000 OK
2026-05-22 16:23:11,463 INFO LOLC.N0000 OK
2026-05-22 16:23:11,470 INFO LVEF.N0000 OK
2026-05-22 16:23:11,490 INFO LAMB.N0000 OK
2026-05-22 16:23:11,508 INFO LALU.N0000 OK
2026-05-22 16:23:11,511 INFO LPRT.N0000 OK
2026-05-22 16:23:11,517 INFO ASHO.N0000 OK
2026-05-22 16:23:11,945 INFO CERA.N0000 OK
2026-05-22 16:23:12,002 INFO LCBF.N0000 OK
2026-05-22 16:23:12,139 INFO LIOC.N0000 OK
2026-05-22 16:23:12,170 INFO LMF.N0000 OK
2026-05-22 16:23:12,216 INFO TILE.N0000 OK
2026-05-22 16:23:12,277 INFO LCEY.N0000 OK
2026-05-22 16:23:12,302 INFO ASCO.N0000 OK
2026-05-22 16:23:12,346 INFO LVEN.N0000 OK
2026-05-22 16:23:12,349 INFO LDEV.N0000 OK
2026-05-22 16:23:12,367 INFO LWL.N0000 OK
2026-05-22 16:23:12,748 INFO LGL.N0000 OK
2026-05-22 16:23:12,799 INFO LGL.X0000 OK
2026-05-22 16:23:12,923 INFO LPL.N0000 OK
2026-05-22 16:23:12,957 INFO LPL.X0000 OK
2026-05-22 16:23:13,042 INFO LITE.N0000 OK
2026-05-22 16:23:13,058 INFO LFIN.N0000 OK
2026-05-22 16:23:13,113 INFO SHAW.N0000 OK
2026-05-22 16:23:13,165 INFO LOFC.N0000 OK
2026-05-22 16:23:13,188 INFO LGIL.N0000 OK
2026-05-22 16:23:13,189 INFO LION.N0000 OK
2026-05-22 16:23:13,525 INFO LUMX.N0000 OK
2026-05-22 16:23:13,569 INFO HPFL.N0000 OK
2026-05-22 16:23:13,728 INFO MADU.N0000 OK
2026-05-22 16:23:13,792 INFO MFPE.N0000 OK
2026-05-22 16:23:13,844 INFO MCPL.N0000 OK
2026-05-22 16:23:13,864 INFO MRH.N0000 OK
2026-05-22 16:23:13,951 INFO MAL.N0000 OK
2026-05-22 16:23:14,009 INFO MAL.X0000 OK
2026-05-22 16:23:14,013 INFO MARA.N0000 OK
2026-05-22 16:23:14,016 INFO MASK.N0000 OK
2026-05-22 16:23:14,371 INFO MELS.N0000 OK
2026-05-22 16:23:14,413 INFO MERC.N0000 OK
2026-05-22 16:23:14,578 INFO MSL.N0000 OK
2026-05-22 16:23:14,616 INFO MBSL.N0000 OK
2026-05-22 16:23:14,713 INFO MHDL.N0000 OK
2026-05-22 16:23:14,729 INFO MULL.N0000 OK
2026-05-22 16:23:14,747 INFO MDL.N0000 OK
2026-05-22 16:23:14,769 INFO CSF.N0000 OK
2026-05-22 16:23:14,820 INFO NAMU.N0000 OK
2026-05-22 16:23:14,861 INFO NDB.N0000 OK
2026-05-22 16:23:15,182 INFO NTB.N0000 OK
2026-05-22 16:23:15,222 INFO NTB.X0000 OK
2026-05-22 16:23:15,358 INFO NHL.N0000 OK
2026-05-22 16:23:15,431 INFO ODEL.N0000 OK
2026-05-22 16:23:15,476 INFO OFEQ.N0000 OK
2026-05-22 16:23:15,539 INFO ONAL.N0000 OK
2026-05-22 16:23:15,546 INFO OSEA.N0000 OK
2026-05-22 16:23:15,598 INFO PALM.N0000 OK
2026-05-22 16:23:15,623 INFO PABC.N0000 OK
2026-05-22 16:23:15,652 INFO PAP.N0000 OK
2026-05-22 16:23:16,001 INFO PARA.N0000 OK
2026-05-22 16:23:16,020 INFO PEG.N0000 OK
2026-05-22 16:23:16,164 INFO PINS.N0000 OK
2026-05-22 16:23:16,262 INFO PLC.N0000 OK
2026-05-22 16:23:16,275 INFO GLAS.N0000 OK
2026-05-22 16:23:16,380 INFO PMB.N0000 OK
2026-05-22 16:23:16,394 INFO PLR.N0000 OK
2026-05-22 16:23:16,421 INFO CARE.N0000 OK
2026-05-22 16:23:16,443 INFO RIL.N0000 OK
2026-05-22 16:23:16,518 INFO RGEM.N0000 OK
2026-05-22 16:23:16,804 INFO RWSL.N0000 OK
2026-05-22 16:23:16,829 INFO RFL.N0000 OK
2026-05-22 16:23:16,960 INFO RAL.N0000 OK
2026-05-22 16:23:17,049 INFO RENU.N0000 OK
2026-05-22 16:23:17,067 INFO COCO.N0000 OK
2026-05-22 16:23:17,153 INFO COCO.X0000 OK
2026-05-22 16:23:17,197 INFO RHL.N0000 OK
2026-05-22 16:23:17,204 INFO RHL.X0000 OK
2026-05-22 16:23:17,248 INFO RCH.N0000 OK
2026-05-22 16:23:17,302 INFO HPWR.N0000 OK
2026-05-22 16:23:17,590 INFO RICH.N0000 OK
2026-05-22 16:23:17,615 INFO REXP.N0000 OK
2026-05-22 16:23:17,762 INFO RCL.N0000 OK
2026-05-22 16:23:17,803 INFO SAMP.N0000 OK
2026-05-22 16:23:17,853 INFO RPBH.N0000 OK
2026-05-22 16:23:17,943 INFO SIL.N0000 OK
2026-05-22 16:23:17,997 INFO SDB.N0000 OK
2026-05-22 16:23:18,021 INFO SDF.N0000 OK
2026-05-22 16:23:18,056 INFO SMOT.N0000 OK
2026-05-22 16:23:18,080 INFO SFCL.N0000 OK
2026-05-22 16:23:18,387 INFO SHOT.N0000 OK
2026-05-22 16:23:18,402 INFO SHOT.X0000 OK
2026-05-22 16:23:18,574 INFO SEYB.N0000 OK
2026-05-22 16:23:18,655 INFO SLND.N0000 OK
2026-05-22 16:23:18,659 INFO SEYB.X0000 OK
2026-05-22 16:23:18,722 INFO CSD.N0000 OK
2026-05-22 16:23:18,807 INFO SIGV.N0000 OK
2026-05-22 16:23:18,852 INFO SINS.N0000 OK
2026-05-22 16:23:18,923 INFO SIRA.N0000 OK
2026-05-22 16:23:18,940 INFO SFIN.N0000 OK
2026-05-22 16:23:19,170 INFO SINH.N0000 OK
2026-05-22 16:23:19,269 INFO SEMB.N0000 OK
2026-05-22 16:23:19,376 INFO SEMB.X0000 OK
2026-05-22 16:23:19,474 INFO CRL.N0000 OK
2026-05-22 16:23:19,475 INFO SCAP.N0000 OK
2026-05-22 16:23:19,519 INFO SHL.N0000 OK
2026-05-22 16:23:19,579 INFO AAIC.N0000 OK
2026-05-22 16:23:19,644 INFO SLTL.N0000 OK
2026-05-22 16:23:19,662 INFO SING.N0000 OK
2026-05-22 16:23:19,755 INFO SUN.N0000 OK
2026-05-22 16:23:19,934 INFO SWAD.N0000 OK
2026-05-22 16:23:20,041 INFO PARQ.N0000 OK
2026-05-22 16:23:20,171 INFO TAJ.N0000 OK
2026-05-22 16:23:20,276 INFO TPL.N0000 OK
2026-05-22 16:23:20,307 INFO TANG.N0000 OK
2026-05-22 16:23:20,310 INFO TSML.N0000 OK
2026-05-22 16:23:20,375 INFO TJL.N0000 OK
2026-05-22 16:23:20,427 INFO TESS.N0000 OK
2026-05-22 16:23:20,490 INFO TESS.X0000 OK
2026-05-22 16:23:20,564 INFO LHL.N0000 OK
2026-05-22 16:23:20,742 INFO AUTO.N0000 OK
2026-05-22 16:23:20,968 INFO CFLB.N0000 OK
2026-05-22 16:23:20,987 INFO RHTL.N0000 OK
2026-05-22 16:23:21,069 INFO KHC.N0000 OK
2026-05-22 16:23:21,106 INFO SERV.N0000 OK
2026-05-22 16:23:21,112 INFO LHCL.N0000 OK
2026-05-22 16:23:21,181 INFO NEH.N0000 OK
2026-05-22 16:23:21,225 INFO TAFL.N0000 OK
2026-05-22 16:23:21,271 INFO TKYO.N0000 OK
2026-05-22 16:23:21,368 INFO TKYO.X0000 OK
2026-05-22 16:23:21,577 INFO TRAN.N0000 OK
2026-05-22 16:23:21,740 INFO UBF.N0000 OK
2026-05-22 16:23:21,759 INFO UDPL.N0000 OK
2026-05-22 16:23:21,869 INFO UAL.N0000 OK
2026-05-22 16:23:21,905 INFO UBC.N0000 OK
2026-05-22 16:23:21,910 INFO UCAR.N0000 OK
2026-05-22 16:23:22,021 INFO VFIN.N0000 OK
2026-05-22 16:23:22,085 INFO UML.N0000 OK
2026-05-22 16:23:22,176 INFO VONE.N0000 OK
2026-05-22 16:23:22,188 INFO VPEL.N0000 OK
2026-05-22 16:23:22,378 INFO VLL.N0000 OK
2026-05-22 16:23:22,537 INFO VLL.X0000 OK
2026-05-22 16:23:22,554 INFO CITW.N0000 OK
2026-05-22 16:23:22,641 INFO YORK.N0000 OK
2026-05-22 16:23:22,658 INFO WATA.N0000 OK
2026-05-22 16:23:22,693 INFO WIND.N0000 OK
2026-05-22 16:23:22,826 INFO WLTH.N0000 OK
2026-05-22 16:23:22,888 INFO JXG.N0000 OK
2026-05-22 16:23:22,906 INFO Wrote 302 rows to /home/runner/work/cse-scraper/cse-scraper/data/2026-05-22/all_company_info_2026-05-22.csv
2026-05-22 16:23:22,906 INFO Symbols: 302, success: 302, failures: 0
