2026-06-04 16:52:11,114 INFO Saved: data/2026-06-04/tradeSummary_2026-06-04.json
2026-06-04 16:52:12,199 INFO Saved: data/2026-06-04/todaySharePrice_2026-06-04.json
2026-06-04 16:52:13,173 INFO Saved: data/2026-06-04/topGainers_2026-06-04.json
2026-06-04 16:52:14,562 INFO Saved: data/2026-06-04/topLooses_2026-06-04.json
2026-06-04 16:52:15,763 INFO Saved: data/2026-06-04/mostActiveTrades_2026-06-04.json
2026-06-04 16:52:16,488 INFO Saved: data/2026-06-04/marketSummery_2026-06-04.json
2026-06-04 16:52:17,497 INFO Saved: data/2026-06-04/aspiData_2026-06-04.json
2026-06-04 16:52:18,544 INFO Saved: data/2026-06-04/snpData_2026-06-04.json
2026-06-04 16:52:19,926 INFO Saved: data/2026-06-04/allSectors_2026-06-04.json
2026-06-04 16:52:21,500 INFO Saved: data/2026-06-04/detailedTrades_2026-06-04.json
2026-06-04 16:52:22,558 INFO Saved: data/2026-06-04/dailyMarketSummery_2026-06-04.json
2026-06-04 16:52:23,347 INFO Saved: data/2026-06-04/getContributors_2026-06-04.json
2026-06-04 16:52:24,144 INFO Saved: data/2026-06-04/getContributorsChart_2026-06-04.json
2026-06-04 16:52:24,144 INFO Saved 13 files (0 errors)
2026-06-04 16:52:26,122 INFO AGST.X0000 OK
2026-06-04 16:52:26,176 INFO ACME.N0000 OK
2026-06-04 16:52:26,193 INFO AEL.N0000 OK
2026-06-04 16:52:26,198 INFO AGPL.N0000 OK
2026-06-04 16:52:26,216 INFO APLA.N0000 OK
2026-06-04 16:52:26,243 INFO AGAL.N0000 OK
2026-06-04 16:52:26,249 INFO ACL.N0000 OK
2026-06-04 16:52:26,251 INFO AFSL.N0000 OK
2026-06-04 16:52:26,254 INFO AGST.N0000 OK
2026-06-04 16:52:26,267 INFO ABAN.N0000 OK
2026-06-04 16:52:26,847 INFO AHUN.N0000 OK
2026-06-04 16:52:27,268 INFO TAP.N0000 OK
2026-06-04 16:52:27,339 INFO ATL.N0000 OK
2026-06-04 16:52:27,365 INFO GREG.N0000 OK
2026-06-04 16:52:27,372 INFO ABL.N0000 OK
2026-06-04 16:52:27,385 INFO AFS.N0000 OK
2026-06-04 16:52:27,388 INFO ATLL.N0000 OK
2026-06-04 16:52:27,443 INFO ALUM.N0000 OK
2026-06-04 16:52:27,444 INFO SPEN.N0000 OK
2026-06-04 16:52:27,502 INFO ALLI.N0000 OK
2026-06-04 16:52:27,925 INFO AMCL.N0000 OK
2026-06-04 16:52:27,996 INFO ALHP.N0000 OK
2026-06-04 16:52:28,136 INFO AINS.N0000 OK
2026-06-04 16:52:28,152 INFO AAF.N0000 OK
2026-06-04 16:52:28,645 INFO ACAP.N0000 OK
2026-06-04 16:52:28,672 INFO AMF.N0000 OK
2026-06-04 16:52:28,701 INFO AMSL.N0000 OK
2026-06-04 16:52:28,727 INFO ASIY.N0000 OK
2026-06-04 16:52:28,731 INFO AHPL.N0000 OK
2026-06-04 16:52:28,745 INFO ASIR.N0000 OK
2026-06-04 16:52:28,956 INFO BFL.N0000 OK
2026-06-04 16:52:29,047 INFO BPPL.N0000 OK
2026-06-04 16:52:29,059 INFO BRR.N0000 OK
2026-06-04 16:52:29,100 INFO BALA.N0000 OK
2026-06-04 16:52:29,815 INFO BOGA.N0000 OK
2026-06-04 16:52:29,836 INFO BLUE.X0000 OK
2026-06-04 16:52:29,872 INFO BLUE.N0000 OK
2026-06-04 16:52:29,874 INFO BLI.N0000 OK
2026-06-04 16:52:29,913 INFO BIL.N0000 OK
2026-06-04 16:52:29,916 INFO BUKI.N0000 OK
2026-06-04 16:52:29,930 INFO BRWN.N0000 OK
2026-06-04 16:52:29,963 INFO BERU.N0000 OK
2026-06-04 16:52:29,980 INFO BOPL.N0000 OK
2026-06-04 16:52:30,167 INFO CIC.N0000 OK
2026-06-04 16:52:30,603 INFO CIC.X0000 OK
2026-06-04 16:52:30,628 INFO COLO.N0000 OK
2026-06-04 16:52:30,674 INFO CTLD.N0000 OK
2026-06-04 16:52:30,680 INFO CTHR.N0000 OK
2026-06-04 16:52:30,736 INFO CSLK.N0000 OK
2026-06-04 16:52:30,746 INFO CWM.N0000 OK
2026-06-04 16:52:30,752 INFO CALH.N0000 OK
2026-06-04 16:52:31,012 INFO CALT.N0000 OK
2026-06-04 16:52:31,030 INFO CARG.N0000 OK
2026-06-04 16:52:31,034 INFO CBNK.N0000 OK
2026-06-04 16:52:31,390 INFO CABO.N0000 OK
2026-06-04 16:52:31,777 INFO BREW.N0000 OK
2026-06-04 16:52:31,795 INFO CINS.X0000 OK
2026-06-04 16:52:31,803 INFO CINS.N0000 OK
2026-06-04 16:52:31,806 INFO CARS.N0000 OK
2026-06-04 16:52:31,836 INFO CFIN.N0000 OK
2026-06-04 16:52:31,836 INFO CIND.N0000 OK
2026-06-04 16:52:32,106 INFO GUAR.N0000 OK
2026-06-04 16:52:32,127 INFO CCS.N0000 OK
2026-06-04 16:52:32,134 INFO GRAN.N0000 OK
2026-06-04 16:52:33,388 INFO CHL.X0000 OK
2026-06-04 16:52:33,429 INFO CINV.N0000 OK
2026-06-04 16:52:33,446 INFO KZOO.N0000 OK
2026-06-04 16:52:33,456 INFO CTBL.N0000 OK
2026-06-04 16:52:33,456 INFO CHOT.N0000 OK
2026-06-04 16:52:33,468 INFO LLUB.N0000 OK
2026-06-04 16:52:33,471 INFO CHL.N0000 OK
2026-06-04 16:52:33,480 INFO CHMX.N0000 OK
2026-06-04 16:52:33,489 INFO CWL.N0000 OK
2026-06-04 16:52:33,495 INFO CTC.N0000 OK
2026-06-04 16:52:34,194 INFO CDB.N0000 OK
2026-06-04 16:52:34,204 INFO CHOU.N0000 OK
2026-06-04 16:52:34,260 INFO CDB.X0000 OK
2026-06-04 16:52:34,290 INFO REEF.N0000 OK
2026-06-04 16:52:34,775 INFO DOCK.N0000 OK
2026-06-04 16:52:34,784 INFO CLND.N0000 OK
2026-06-04 16:52:34,824 INFO COOP.N0000 OK
2026-06-04 16:52:34,827 INFO CFI.N0000 OK
2026-06-04 16:52:34,839 INFO CIT.N0000 OK
2026-06-04 16:52:34,842 INFO PHAR.N0000 OK
2026-06-04 16:52:35,303 INFO COMD.N0000 OK
2026-06-04 16:52:35,306 INFO COMB.X0000 OK
2026-06-04 16:52:35,332 INFO COCR.N0000 OK
2026-06-04 16:52:35,332 INFO COMB.N0000 OK
2026-06-04 16:52:35,567 INFO DIAL.N0000 OK
2026-06-04 16:52:35,589 INFO SOY.N0000 OK
2026-06-04 16:52:35,591 INFO DPL.N0000 OK
2026-06-04 16:52:35,658 INFO DIMO.N0000 OK
2026-06-04 16:52:35,670 INFO DFCC.N0000 OK
2026-06-04 16:52:35,678 INFO CALF.N0000 OK
2026-06-04 16:52:36,109 INFO PKME.N0000 OK
2026-06-04 16:52:36,135 INFO CTEA.N0000 OK
2026-06-04 16:52:36,441 INFO ECL.N0000 OK
2026-06-04 16:52:36,538 INFO EML.N0000 OK
2026-06-04 16:52:36,548 INFO EAST.N0000 OK
2026-06-04 16:52:36,568 INFO EBCR.N0000 OK
2026-06-04 16:52:36,571 INFO DIPD.N0000 OK
2026-06-04 16:52:36,587 INFO STAF.N0000 OK
2026-06-04 16:52:36,590 INFO EMER.N0000 OK
2026-06-04 16:52:36,593 INFO DIST.N0000 OK
2026-06-04 16:52:36,924 INFO EDEN.N0000 OK
2026-06-04 16:52:36,927 INFO ELPL.N0000 OK
2026-06-04 16:52:37,243 INFO ETWO.N0000 OK
2026-06-04 16:52:37,342 INFO PACK.N0000 OK
2026-06-04 16:52:37,350 INFO EXT.N0000 OK
2026-06-04 16:52:37,634 INFO GHLL.N0000 OK
2026-06-04 16:52:37,702 INFO FCT.N0000 OK
2026-06-04 16:52:37,713 INFO GEST.N0000 OK
2026-06-04 16:52:37,733 INFO WAPO.N0000 OK
2026-06-04 16:52:37,751 INFO CFVF.N0000 OK
2026-06-04 16:52:37,754 INFO MEL.N0000 OK
2026-06-04 16:52:37,774 INFO HAPU.N0000 OK
2026-06-04 16:52:38,041 INFO HARI.N0000 OK
2026-06-04 16:52:38,141 INFO HNB.N0000 OK
2026-06-04 16:52:38,207 INFO HNB.X0000 OK
2026-06-04 16:52:38,427 INFO HPL.N0000 OK
2026-06-04 16:52:38,520 INFO HAYC.N0000 OK
2026-06-04 16:52:38,550 INFO HEXP.N0000 OK
2026-06-04 16:52:38,579 INFO HAYL.N0000 OK
2026-06-04 16:52:38,584 INFO MGT.N0000 OK
2026-06-04 16:52:38,665 INFO CONN.N0000 OK
2026-06-04 16:52:38,668 INFO HELA.N0000 OK
2026-06-04 16:52:38,855 INFO HHL.N0000 OK
2026-06-04 16:52:38,936 INFO CITH.N0000 OK
2026-06-04 16:52:39,002 INFO HASU.N0000 OK
2026-06-04 16:52:39,221 INFO HNBF.N0000 OK
2026-06-04 16:52:39,312 INFO HNBF.X0000 OK
2026-06-04 16:52:39,339 INFO HOPL.N0000 OK
2026-06-04 16:52:39,387 INFO HDFC.N0000 OK
2026-06-04 16:52:39,389 INFO HSIG.N0000 OK
2026-06-04 16:52:39,493 INFO HUNA.N0000 OK
2026-06-04 16:52:39,493 INFO HBS.N0000 OK
2026-06-04 16:52:39,573 INFO HUNT.N0000 OK
2026-06-04 16:52:39,727 INFO HVA.N0000 OK
2026-06-04 16:52:39,795 INFO ASPH.N0000 OK
2026-06-04 16:52:40,003 INFO INME.N0000 OK
2026-06-04 16:52:40,099 INFO BFN.N0000 OK
2026-06-04 16:52:40,125 INFO JINS.N0000 OK
2026-06-04 16:52:40,189 INFO JETS.N0000 OK
2026-06-04 16:52:40,198 INFO JAT.N0000 OK
2026-06-04 16:52:40,224 INFO JKH.N0000 OK
2026-06-04 16:52:40,301 INFO JFP.N0000 OK
2026-06-04 16:52:40,362 INFO KHL.N0000 OK
2026-06-04 16:52:40,572 INFO JKL.N0000 OK
2026-06-04 16:52:40,587 INFO KAHA.N0000 OK
2026-06-04 16:52:40,877 INFO KFP.N0000 OK
2026-06-04 16:52:40,916 INFO KGAL.N0000 OK
2026-06-04 16:52:40,934 INFO KPHL.N0000 OK
2026-06-04 16:52:41,012 INFO KCAB.N0000 OK
2026-06-04 16:52:41,062 INFO TYRE.N0000 OK
2026-06-04 16:52:41,065 INFO KVAL.N0000 OK
2026-06-04 16:52:41,079 INFO KDL.N0000 OK
2026-06-04 16:52:41,151 INFO CPRT.N0000 OK
2026-06-04 16:52:41,350 INFO LAMB.N0000 OK
2026-06-04 16:52:41,369 INFO KOTA.N0000 OK
2026-06-04 16:52:41,676 INFO LOLC.N0000 OK
2026-06-04 16:52:41,712 INFO LVEF.N0000 OK
2026-06-04 16:52:41,751 INFO LPRT.N0000 OK
2026-06-04 16:52:41,828 INFO LALU.N0000 OK
2026-06-04 16:52:41,891 INFO CERA.N0000 OK
2026-06-04 16:52:41,895 INFO LCBF.N0000 OK
2026-06-04 16:52:41,919 INFO ASHO.N0000 OK
2026-06-04 16:52:41,947 INFO LIOC.N0000 OK
2026-06-04 16:52:42,157 INFO LMF.N0000 OK
2026-06-04 16:52:42,164 INFO ASCO.N0000 OK
2026-06-04 16:52:42,478 INFO TILE.N0000 OK
2026-06-04 16:52:42,491 INFO LVEN.N0000 OK
2026-06-04 16:52:42,547 INFO LWL.N0000 OK
2026-06-04 16:52:42,618 INFO LCEY.N0000 OK
2026-06-04 16:52:42,633 INFO LGL.N0000 OK
2026-06-04 16:52:42,718 INFO LDEV.N0000 OK
2026-06-04 16:52:42,752 INFO LPL.N0000 OK
2026-06-04 16:52:42,760 INFO LGL.X0000 OK
2026-06-04 16:52:42,957 INFO LPL.X0000 OK
2026-06-04 16:52:42,976 INFO LITE.N0000 OK
2026-06-04 16:52:43,284 INFO LFIN.N0000 OK
2026-06-04 16:52:43,350 INFO LION.N0000 OK
2026-06-04 16:52:43,368 INFO SHAW.N0000 OK
2026-06-04 16:52:43,417 INFO LOFC.N0000 OK
2026-06-04 16:52:43,425 INFO LGIL.N0000 OK
2026-06-04 16:52:43,521 INFO HPFL.N0000 OK
2026-06-04 16:52:43,588 INFO LUMX.N0000 OK
2026-06-04 16:52:43,594 INFO MADU.N0000 OK
2026-06-04 16:52:43,754 INFO MFPE.N0000 OK
2026-06-04 16:52:43,768 INFO MCPL.N0000 OK
2026-06-04 16:52:44,078 INFO MRH.N0000 OK
2026-06-04 16:52:44,135 INFO MAL.N0000 OK
2026-06-04 16:52:44,170 INFO MAL.X0000 OK
2026-06-04 16:52:44,214 INFO MARA.N0000 OK
2026-06-04 16:52:44,217 INFO MASK.N0000 OK
2026-06-04 16:52:44,324 INFO MELS.N0000 OK
2026-06-04 16:52:44,394 INFO MERC.N0000 OK
2026-06-04 16:52:44,404 INFO MSL.N0000 OK
2026-06-04 16:52:44,568 INFO MBSL.N0000 OK
2026-06-04 16:52:44,580 INFO MHDL.N0000 OK
2026-06-04 16:52:44,894 INFO MULL.N0000 OK
2026-06-04 16:52:44,924 INFO MDL.N0000 OK
2026-06-04 16:52:44,942 INFO CSF.N0000 OK
2026-06-04 16:52:44,959 INFO NAMU.N0000 OK
2026-06-04 16:52:45,044 INFO NDB.N0000 OK
2026-06-04 16:52:45,142 INFO NTB.N0000 OK
2026-06-04 16:52:45,188 INFO NTB.X0000 OK
2026-06-04 16:52:45,204 INFO NHL.N0000 OK
2026-06-04 16:52:45,396 INFO ODEL.N0000 OK
2026-06-04 16:52:45,407 INFO OFEQ.N0000 OK
2026-06-04 16:52:45,691 INFO ONAL.N0000 OK
2026-06-04 16:52:45,740 INFO PALM.N0000 OK
2026-06-04 16:52:45,760 INFO OSEA.N0000 OK
2026-06-04 16:52:45,767 INFO PABC.N0000 OK
2026-06-04 16:52:45,846 INFO PAP.N0000 OK
2026-06-04 16:52:45,935 INFO PARA.N0000 OK
2026-06-04 16:52:45,987 INFO PEG.N0000 OK
2026-06-04 16:52:46,005 INFO PINS.N0000 OK
2026-06-04 16:52:46,199 INFO PLC.N0000 OK
2026-06-04 16:52:46,206 INFO GLAS.N0000 OK
2026-06-04 16:52:46,487 INFO PMB.N0000 OK
2026-06-04 16:52:46,534 INFO PLR.N0000 OK
2026-06-04 16:52:46,565 INFO CARE.N0000 OK
2026-06-04 16:52:46,574 INFO RIL.N0000 OK
2026-06-04 16:52:46,656 INFO RGEM.N0000 OK
2026-06-04 16:52:46,761 INFO RWSL.N0000 OK
2026-06-04 16:52:46,786 INFO RFL.N0000 OK
2026-06-04 16:52:46,808 INFO RAL.N0000 OK
2026-06-04 16:52:46,985 INFO RENU.N0000 OK
2026-06-04 16:52:47,006 INFO COCO.N0000 OK
2026-06-04 16:52:47,280 INFO COCO.X0000 OK
2026-06-04 16:52:47,326 INFO RHL.N0000 OK
2026-06-04 16:52:47,364 INFO RHL.X0000 OK
2026-06-04 16:52:47,376 INFO RCH.N0000 OK
2026-06-04 16:52:47,451 INFO HPWR.N0000 OK
2026-06-04 16:52:47,572 INFO RICH.N0000 OK
2026-06-04 16:52:47,577 INFO REXP.N0000 OK
2026-06-04 16:52:47,603 INFO RCL.N0000 OK
2026-06-04 16:52:47,762 INFO RPBH.N0000 OK
2026-06-04 16:52:47,784 INFO SAMP.N0000 OK
2026-06-04 16:52:48,163 INFO SMOT.N0000 OK
2026-06-04 16:52:48,227 INFO SIL.N0000 OK
2026-06-04 16:52:48,243 INFO SFCL.N0000 OK
2026-06-04 16:52:48,261 INFO SDB.N0000 OK
2026-06-04 16:52:48,266 INFO SDF.N0000 OK
2026-06-04 16:52:48,377 INFO SHOT.X0000 OK
2026-06-04 16:52:48,388 INFO SHOT.N0000 OK
2026-06-04 16:52:48,439 INFO SLND.N0000 OK
2026-06-04 16:52:48,561 INFO SEYB.N0000 OK
2026-06-04 16:52:48,588 INFO SEYB.X0000 OK
2026-06-04 16:52:48,954 INFO CSD.N0000 OK
2026-06-04 16:52:49,053 INFO SIRA.N0000 OK
2026-06-04 16:52:49,065 INFO SIGV.N0000 OK
2026-06-04 16:52:49,088 INFO SFIN.N0000 OK
2026-06-04 16:52:49,096 INFO SINS.N0000 OK
2026-06-04 16:52:49,142 INFO SINH.N0000 OK
2026-06-04 16:52:49,212 INFO SEMB.N0000 OK
2026-06-04 16:52:49,216 INFO SEMB.X0000 OK
2026-06-04 16:52:49,381 INFO SCAP.N0000 OK
2026-06-04 16:52:49,387 INFO CRL.N0000 OK
2026-06-04 16:52:49,675 INFO SHL.N0000 OK
2026-06-04 16:52:49,828 INFO SING.N0000 OK
2026-06-04 16:52:49,849 INFO AAIC.N0000 OK
2026-06-04 16:52:49,860 INFO SLTL.N0000 OK
2026-06-04 16:52:49,893 INFO SUN.N0000 OK
2026-06-04 16:52:49,909 INFO SWAD.N0000 OK
2026-06-04 16:52:50,026 INFO TAJ.N0000 OK
2026-06-04 16:52:50,029 INFO PARQ.N0000 OK
2026-06-04 16:52:50,261 INFO TANG.N0000 OK
2026-06-04 16:52:50,280 INFO TPL.N0000 OK
2026-06-04 16:52:50,487 INFO TSML.N0000 OK
2026-06-04 16:52:50,658 INFO TESS.N0000 OK
2026-06-04 16:52:50,663 INFO TJL.N0000 OK
2026-06-04 16:52:50,681 INFO TESS.X0000 OK
2026-06-04 16:52:50,684 INFO LHL.N0000 OK
2026-06-04 16:52:50,724 INFO AUTO.N0000 OK
2026-06-04 16:52:50,832 INFO CFLB.N0000 OK
2026-06-04 16:52:50,842 INFO RHTL.N0000 OK
2026-06-04 16:52:51,055 INFO KHC.N0000 OK
2026-06-04 16:52:51,073 INFO SERV.N0000 OK
2026-06-04 16:52:51,285 INFO LHCL.N0000 OK
2026-06-04 16:52:51,472 INFO NEH.N0000 OK
2026-06-04 16:52:51,492 INFO TKYO.X0000 OK
2026-06-04 16:52:51,509 INFO TAFL.N0000 OK
2026-06-04 16:52:51,514 INFO TKYO.N0000 OK
2026-06-04 16:52:51,548 INFO TRAN.N0000 OK
2026-06-04 16:52:51,635 INFO UBF.N0000 OK
2026-06-04 16:52:51,644 INFO UDPL.N0000 OK
2026-06-04 16:52:51,871 INFO UBC.N0000 OK
2026-06-04 16:52:51,875 INFO UAL.N0000 OK
2026-06-04 16:52:52,090 INFO UCAR.N0000 OK
2026-06-04 16:52:52,289 INFO UML.N0000 OK
2026-06-04 16:52:52,312 INFO VFIN.N0000 OK
2026-06-04 16:52:52,344 INFO VLL.N0000 OK
2026-06-04 16:52:52,349 INFO VONE.N0000 OK
2026-06-04 16:52:52,353 INFO VPEL.N0000 OK
2026-06-04 16:52:52,442 INFO CITW.N0000 OK
2026-06-04 16:52:52,444 INFO VLL.X0000 OK
2026-06-04 16:52:52,678 INFO WIND.N0000 OK
2026-06-04 16:52:52,679 INFO WATA.N0000 OK
2026-06-04 16:52:52,873 INFO YORK.N0000 OK
2026-06-04 16:52:53,084 INFO WLTH.N0000 OK
2026-06-04 16:52:53,132 INFO JXG.N0000 OK
2026-06-04 16:52:53,150 INFO Wrote 302 rows to /home/runner/work/cse-scraper/cse-scraper/data/2026-06-04/all_company_info_2026-06-04.csv
2026-06-04 16:52:53,150 INFO Symbols: 302, success: 302, failures: 0
