2026-07-15 15:23:58,324 INFO Saved: data/2026-07-15/tradeSummary_2026-07-15.json
2026-07-15 15:23:59,261 INFO Saved: data/2026-07-15/todaySharePrice_2026-07-15.json
2026-07-15 15:24:00,210 INFO Saved: data/2026-07-15/topGainers_2026-07-15.json
2026-07-15 15:24:00,989 INFO Saved: data/2026-07-15/topLooses_2026-07-15.json
2026-07-15 15:24:01,926 INFO Saved: data/2026-07-15/mostActiveTrades_2026-07-15.json
2026-07-15 15:24:02,457 INFO Saved: data/2026-07-15/marketSummery_2026-07-15.json
2026-07-15 15:24:03,554 INFO Saved: data/2026-07-15/aspiData_2026-07-15.json
2026-07-15 15:24:04,439 INFO Saved: data/2026-07-15/snpData_2026-07-15.json
2026-07-15 15:24:04,966 INFO Saved: data/2026-07-15/allSectors_2026-07-15.json
2026-07-15 15:24:06,183 INFO Saved: data/2026-07-15/detailedTrades_2026-07-15.json
2026-07-15 15:24:07,156 INFO Saved: data/2026-07-15/dailyMarketSummery_2026-07-15.json
2026-07-15 15:24:07,745 INFO Saved: data/2026-07-15/getContributors_2026-07-15.json
2026-07-15 15:24:08,340 INFO Saved: data/2026-07-15/getContributorsChart_2026-07-15.json
2026-07-15 15:24:08,340 INFO Saved 13 files (0 errors)
2026-07-15 15:24:09,843 INFO AGST.N0000 OK
2026-07-15 15:24:09,846 INFO AGAL.N0000 OK
2026-07-15 15:24:09,851 INFO APLA.N0000 OK
2026-07-15 15:24:09,853 INFO ACME.N0000 OK
2026-07-15 15:24:09,863 INFO AGPL.N0000 OK
2026-07-15 15:24:09,917 INFO AFSL.N0000 OK
2026-07-15 15:24:09,921 INFO AGST.X0000 OK
2026-07-15 15:24:09,928 INFO ABAN.N0000 OK
2026-07-15 15:24:09,933 INFO AEL.N0000 OK
2026-07-15 15:24:09,940 INFO ACL.N0000 OK
2026-07-15 15:24:10,407 INFO ALLI.N0000 OK
2026-07-15 15:24:10,419 INFO SPEN.N0000 OK
2026-07-15 15:24:10,462 INFO AFS.N0000 OK
2026-07-15 15:24:10,479 INFO AHUN.N0000 OK
2026-07-15 15:24:10,805 INFO GREG.N0000 OK
2026-07-15 15:24:10,807 INFO ABL.N0000 OK
2026-07-15 15:24:10,844 INFO ATL.N0000 OK
2026-07-15 15:24:10,856 INFO ALUM.N0000 OK
2026-07-15 15:24:10,859 INFO ATLL.N0000 OK
2026-07-15 15:24:10,867 INFO TAP.N0000 OK
2026-07-15 15:24:11,304 INFO ALHP.N0000 OK
2026-07-15 15:24:11,352 INFO AMCL.N0000 OK
2026-07-15 15:24:11,357 INFO AAF.N0000 OK
2026-07-15 15:24:11,482 INFO AINS.N0000 OK
2026-07-15 15:24:11,676 INFO ASIY.N0000 OK
2026-07-15 15:24:11,678 INFO AMF.N0000 OK
2026-07-15 15:24:11,691 INFO ACAP.N0000 OK
2026-07-15 15:24:11,693 INFO ASIR.N0000 OK
2026-07-15 15:24:11,736 INFO AMSL.N0000 OK
2026-07-15 15:24:11,814 INFO AHPL.N0000 OK
2026-07-15 15:24:11,885 INFO BFL.N0000 OK
2026-07-15 15:24:11,888 INFO BALA.N0000 OK
2026-07-15 15:24:11,933 INFO BPPL.N0000 OK
2026-07-15 15:24:12,354 INFO BRR.N0000 OK
2026-07-15 15:24:12,369 INFO BLI.N0000 OK
2026-07-15 15:24:12,372 INFO BLUE.X0000 OK
2026-07-15 15:24:12,375 INFO BERU.N0000 OK
2026-07-15 15:24:12,379 INFO BLUE.N0000 OK
2026-07-15 15:24:12,418 INFO BOGA.N0000 OK
2026-07-15 15:24:12,815 INFO BIL.N0000 OK
2026-07-15 15:24:12,817 INFO BRWN.N0000 OK
2026-07-15 15:24:12,822 INFO BUKI.N0000 OK
2026-07-15 15:24:12,878 INFO BOPL.N0000 OK
2026-07-15 15:24:12,880 INFO CIC.N0000 OK
2026-07-15 15:24:13,286 INFO CTLD.N0000 OK
2026-07-15 15:24:13,295 INFO CIC.X0000 OK
2026-07-15 15:24:13,317 INFO CTHR.N0000 OK
2026-07-15 15:24:13,343 INFO COLO.N0000 OK
2026-07-15 15:24:13,359 INFO CSLK.N0000 OK
2026-07-15 15:24:13,376 INFO CALH.N0000 OK
2026-07-15 15:24:13,382 INFO CWM.N0000 OK
2026-07-15 15:24:13,413 INFO CALT.N0000 OK
2026-07-15 15:24:13,474 INFO CARG.N0000 OK
2026-07-15 15:24:13,479 INFO CBNK.N0000 OK
2026-07-15 15:24:13,833 INFO CARS.N0000 OK
2026-07-15 15:24:13,850 INFO CFIN.N0000 OK
2026-07-15 15:24:13,870 INFO CIND.N0000 OK
2026-07-15 15:24:13,880 INFO CABO.N0000 OK
2026-07-15 15:24:13,914 INFO CINS.X0000 OK
2026-07-15 15:24:13,933 INFO CCS.N0000 OK
2026-07-15 15:24:13,947 INFO CINS.N0000 OK
2026-07-15 15:24:13,968 INFO BREW.N0000 OK
2026-07-15 15:24:14,009 INFO GRAN.N0000 OK
2026-07-15 15:24:14,019 INFO GUAR.N0000 OK
2026-07-15 15:24:14,689 INFO CINV.N0000 OK
2026-07-15 15:24:14,693 INFO CTBL.N0000 OK
2026-07-15 15:24:14,693 INFO CTC.N0000 OK
2026-07-15 15:24:14,698 INFO CHMX.N0000 OK
2026-07-15 15:24:14,710 INFO CHL.X0000 OK
2026-07-15 15:24:14,712 INFO CWL.N0000 OK
2026-07-15 15:24:14,720 INFO KZOO.N0000 OK
2026-07-15 15:24:14,769 INFO CHOT.N0000 OK
2026-07-15 15:24:14,774 INFO LLUB.N0000 OK
2026-07-15 15:24:14,791 INFO CHL.N0000 OK
2026-07-15 15:24:15,254 INFO CDB.N0000 OK
2026-07-15 15:24:15,271 INFO CHOU.N0000 OK
2026-07-15 15:24:15,296 INFO CDB.X0000 OK
2026-07-15 15:24:15,304 INFO COOP.N0000 OK
2026-07-15 15:24:15,340 INFO CLND.N0000 OK
2026-07-15 15:24:15,343 INFO CIT.N0000 OK
2026-07-15 15:24:15,351 INFO REEF.N0000 OK
2026-07-15 15:24:15,361 INFO PHAR.N0000 OK
2026-07-15 15:24:15,363 INFO DOCK.N0000 OK
2026-07-15 15:24:15,396 INFO CFI.N0000 OK
2026-07-15 15:24:15,789 INFO COMB.N0000 OK
2026-07-15 15:24:15,829 INFO COCR.N0000 OK
2026-07-15 15:24:15,832 INFO COMD.N0000 OK
2026-07-15 15:24:15,861 INFO COMB.X0000 OK
2026-07-15 15:24:15,899 INFO DPL.N0000 OK
2026-07-15 15:24:15,922 INFO CALF.N0000 OK
2026-07-15 15:24:15,932 INFO DIAL.N0000 OK
2026-07-15 15:24:15,948 INFO SOY.N0000 OK
2026-07-15 15:24:15,969 INFO DFCC.N0000 OK
2026-07-15 15:24:16,000 INFO DIMO.N0000 OK
2026-07-15 15:24:16,314 INFO PKME.N0000 OK
2026-07-15 15:24:16,427 INFO DIPD.N0000 OK
2026-07-15 15:24:16,432 INFO CTEA.N0000 OK
2026-07-15 15:24:16,482 INFO DIST.N0000 OK
2026-07-15 15:24:16,482 INFO EML.N0000 OK
2026-07-15 15:24:16,487 INFO STAF.N0000 OK
2026-07-15 15:24:16,495 INFO EAST.N0000 OK
2026-07-15 15:24:16,520 INFO ECL.N0000 OK
2026-07-15 15:24:16,526 INFO EMER.N0000 OK
2026-07-15 15:24:16,539 INFO EBCR.N0000 OK
2026-07-15 15:24:16,912 INFO EDEN.N0000 OK
2026-07-15 15:24:16,969 INFO ETWO.N0000 OK
2026-07-15 15:24:17,042 INFO ELPL.N0000 OK
2026-07-15 15:24:17,083 INFO GHLL.N0000 OK
2026-07-15 15:24:17,086 INFO GEST.N0000 OK
2026-07-15 15:24:17,089 INFO PACK.N0000 OK
2026-07-15 15:24:17,090 INFO CFVF.N0000 OK
2026-07-15 15:24:17,131 INFO EXT.N0000 OK
2026-07-15 15:24:17,149 INFO FCT.N0000 OK
2026-07-15 15:24:17,152 INFO WAPO.N0000 OK
2026-07-15 15:24:17,442 INFO MEL.N0000 OK
2026-07-15 15:24:17,496 INFO HAPU.N0000 OK
2026-07-15 15:24:17,603 INFO HARI.N0000 OK
2026-07-15 15:24:17,606 INFO HNB.N0000 OK
2026-07-15 15:24:18,004 INFO HNB.X0000 OK
2026-07-15 15:24:18,051 INFO HELA.N0000 OK
2026-07-15 15:24:18,062 INFO CONN.N0000 OK
2026-07-15 15:24:18,074 INFO HAYL.N0000 OK
2026-07-15 15:24:18,117 INFO MGT.N0000 OK
2026-07-15 15:24:18,119 INFO HAYC.N0000 OK
2026-07-15 15:24:18,125 INFO HPL.N0000 OK
2026-07-15 15:24:18,137 INFO HHL.N0000 OK
2026-07-15 15:24:18,137 INFO HEXP.N0000 OK
2026-07-15 15:24:18,141 INFO CITH.N0000 OK
2026-07-15 15:24:18,533 INFO HASU.N0000 OK
2026-07-15 15:24:18,578 INFO HNBF.N0000 OK
2026-07-15 15:24:18,601 INFO HOPL.N0000 OK
2026-07-15 15:24:18,662 INFO HNBF.X0000 OK
2026-07-15 15:24:18,672 INFO HDFC.N0000 OK
2026-07-15 15:24:18,694 INFO HBS.N0000 OK
2026-07-15 15:24:18,719 INFO HVA.N0000 OK
2026-07-15 15:24:18,721 INFO HSIG.N0000 OK
2026-07-15 15:24:18,767 INFO HUNA.N0000 OK
2026-07-15 15:24:18,774 INFO HUNT.N0000 OK
2026-07-15 15:24:19,120 INFO ASPH.N0000 OK
2026-07-15 15:24:19,123 INFO INME.N0000 OK
2026-07-15 15:24:19,128 INFO BFN.N0000 OK
2026-07-15 15:24:19,190 INFO JINS.N0000 OK
2026-07-15 15:24:19,204 INFO JAT.N0000 OK
2026-07-15 15:24:19,213 INFO JETS.N0000 OK
2026-07-15 15:24:19,255 INFO JFP.N0000 OK
2026-07-15 15:24:19,301 INFO KHL.N0000 OK
2026-07-15 15:24:19,308 INFO JKL.N0000 OK
2026-07-15 15:24:19,320 INFO JKH.N0000 OK
2026-07-15 15:24:19,669 INFO KFP.N0000 OK
2026-07-15 15:24:19,729 INFO KAHA.N0000 OK
2026-07-15 15:24:19,731 INFO KPHL.N0000 OK
2026-07-15 15:24:19,777 INFO KGAL.N0000 OK
2026-07-15 15:24:19,784 INFO KVAL.N0000 OK
2026-07-15 15:24:19,796 INFO KCAB.N0000 OK
2026-07-15 15:24:19,800 INFO TYRE.N0000 OK
2026-07-15 15:24:19,853 INFO CPRT.N0000 OK
2026-07-15 15:24:19,904 INFO KDL.N0000 OK
2026-07-15 15:24:19,914 INFO KOTA.N0000 OK
2026-07-15 15:24:20,254 INFO LAMB.N0000 OK
2026-07-15 15:24:20,349 INFO LVEF.N0000 OK
2026-07-15 15:24:20,352 INFO LOLC.N0000 OK
2026-07-15 15:24:20,403 INFO CERA.N0000 OK
2026-07-15 15:24:20,414 INFO LALU.N0000 OK
2026-07-15 15:24:20,416 INFO LPRT.N0000 OK
2026-07-15 15:24:20,426 INFO ASHO.N0000 OK
2026-07-15 15:24:20,445 INFO LCBF.N0000 OK
2026-07-15 15:24:20,489 INFO LIOC.N0000 OK
2026-07-15 15:24:20,501 INFO LMF.N0000 OK
2026-07-15 15:24:20,858 INFO ASCO.N0000 OK
2026-07-15 15:24:20,943 INFO TILE.N0000 OK
2026-07-15 15:24:20,945 INFO LVEN.N0000 OK
2026-07-15 15:24:20,962 INFO LDEV.N0000 OK
2026-07-15 15:24:20,997 INFO LWL.N0000 OK
2026-07-15 15:24:21,041 INFO LCEY.N0000 OK
2026-07-15 15:24:21,044 INFO LGL.N0000 OK
2026-07-15 15:24:21,053 INFO LGL.X0000 OK
2026-07-15 15:24:21,079 INFO LPL.N0000 OK
2026-07-15 15:24:21,087 INFO LPL.X0000 OK
2026-07-15 15:24:21,448 INFO LITE.N0000 OK
2026-07-15 15:24:21,474 INFO LFIN.N0000 OK
2026-07-15 15:24:21,484 INFO SHAW.N0000 OK
2026-07-15 15:24:21,521 INFO LOFC.N0000 OK
2026-07-15 15:24:21,555 INFO LION.N0000 OK
2026-07-15 15:24:21,582 INFO HPFL.N0000 OK
2026-07-15 15:24:21,596 INFO LUMX.N0000 OK
2026-07-15 15:24:21,659 INFO LGIL.N0000 OK
2026-07-15 15:24:21,688 INFO MADU.N0000 OK
2026-07-15 15:24:21,706 INFO MFPE.N0000 OK
2026-07-15 15:24:22,034 INFO MCPL.N0000 OK
2026-07-15 15:24:22,050 INFO MAL.X0000 OK
2026-07-15 15:24:22,056 INFO MAL.N0000 OK
2026-07-15 15:24:22,065 INFO MRH.N0000 OK
2026-07-15 15:24:22,124 INFO MASK.N0000 OK
2026-07-15 15:24:22,133 INFO MARA.N0000 OK
2026-07-15 15:24:22,136 INFO MELS.N0000 OK
2026-07-15 15:24:22,183 INFO MERC.N0000 OK
2026-07-15 15:24:22,275 INFO MSL.N0000 OK
2026-07-15 15:24:22,295 INFO MBSL.N0000 OK
2026-07-15 15:24:22,564 INFO MHDL.N0000 OK
2026-07-15 15:24:22,587 INFO MULL.N0000 OK
2026-07-15 15:24:22,593 INFO MDL.N0000 OK
2026-07-15 15:24:22,658 INFO CSF.N0000 OK
2026-07-15 15:24:22,665 INFO NAMU.N0000 OK
2026-07-15 15:24:22,707 INFO NTB.X0000 OK
2026-07-15 15:24:22,737 INFO NTB.N0000 OK
2026-07-15 15:24:22,752 INFO NDB.N0000 OK
2026-07-15 15:24:22,861 INFO NHL.N0000 OK
2026-07-15 15:24:22,874 INFO ODEL.N0000 OK
2026-07-15 15:24:23,115 INFO ONAL.N0000 OK
2026-07-15 15:24:23,153 INFO OFEQ.N0000 OK
2026-07-15 15:24:23,181 INFO OSEA.N0000 OK
2026-07-15 15:24:23,233 INFO PAP.N0000 OK
2026-07-15 15:24:23,247 INFO PALM.N0000 OK
2026-07-15 15:24:23,256 INFO PABC.N0000 OK
2026-07-15 15:24:23,326 INFO PARA.N0000 OK
2026-07-15 15:24:23,335 INFO PEG.N0000 OK
2026-07-15 15:24:23,407 INFO PLC.N0000 OK
2026-07-15 15:24:23,482 INFO PINS.N0000 OK
2026-07-15 15:24:23,689 INFO PMB.N0000 OK
2026-07-15 15:24:23,696 INFO GLAS.N0000 OK
2026-07-15 15:24:23,704 INFO PLR.N0000 OK
2026-07-15 15:24:23,780 INFO RIL.N0000 OK
2026-07-15 15:24:23,842 INFO RGEM.N0000 OK
2026-07-15 15:24:23,869 INFO CARE.N0000 OK
2026-07-15 15:24:23,916 INFO RWSL.N0000 OK
2026-07-15 15:24:23,921 INFO RFL.N0000 OK
2026-07-15 15:24:23,989 INFO RAL.N0000 OK
2026-07-15 15:24:24,067 INFO RENU.N0000 OK
2026-07-15 15:24:24,288 INFO COCO.N0000 OK
2026-07-15 15:24:24,288 INFO COCO.X0000 OK
2026-07-15 15:24:24,292 INFO RHL.N0000 OK
2026-07-15 15:24:24,378 INFO RHL.X0000 OK
2026-07-15 15:24:24,389 INFO HPWR.N0000 OK
2026-07-15 15:24:24,421 INFO RCH.N0000 OK
2026-07-15 15:24:24,505 INFO RICH.N0000 OK
2026-07-15 15:24:24,569 INFO RCL.N0000 OK
2026-07-15 15:24:24,579 INFO REXP.N0000 OK
2026-07-15 15:24:24,646 INFO RPBH.N0000 OK
2026-07-15 15:24:24,883 INFO SAMP.N0000 OK
2026-07-15 15:24:24,907 INFO SIL.N0000 OK
2026-07-15 15:24:24,910 INFO SDB.N0000 OK
2026-07-15 15:24:24,966 INFO SDF.N0000 OK
2026-07-15 15:24:24,985 INFO SMOT.N0000 OK
2026-07-15 15:24:25,007 INFO SFCL.N0000 OK
2026-07-15 15:24:25,083 INFO SHOT.N0000 OK
2026-07-15 15:24:25,161 INFO SHOT.X0000 OK
2026-07-15 15:24:25,168 INFO SLND.N0000 OK
2026-07-15 15:24:25,232 INFO SEYB.N0000 OK
2026-07-15 15:24:25,481 INFO SEYB.X0000 OK
2026-07-15 15:24:25,521 INFO SIRA.N0000 OK
2026-07-15 15:24:25,524 INFO CSD.N0000 OK
2026-07-15 15:24:25,595 INFO SINS.N0000 OK
2026-07-15 15:24:25,613 INFO SIGV.N0000 OK
2026-07-15 15:24:25,681 INFO SINH.N0000 OK
2026-07-15 15:24:25,688 INFO SFIN.N0000 OK
2026-07-15 15:24:25,839 INFO SEMB.X0000 OK
2026-07-15 15:24:25,842 INFO SEMB.N0000 OK
2026-07-15 15:24:25,844 INFO SCAP.N0000 OK
2026-07-15 15:24:26,071 INFO CRL.N0000 OK
2026-07-15 15:24:26,118 INFO AAIC.N0000 OK
2026-07-15 15:24:26,121 INFO SHL.N0000 OK
2026-07-15 15:24:26,138 INFO SING.N0000 OK
2026-07-15 15:24:26,177 INFO SLTL.N0000 OK
2026-07-15 15:24:26,266 INFO SUN.N0000 OK
2026-07-15 15:24:26,274 INFO SWAD.N0000 OK
2026-07-15 15:24:26,453 INFO TAJ.N0000 OK
2026-07-15 15:24:26,476 INFO PARQ.N0000 OK
2026-07-15 15:24:26,484 INFO TPL.N0000 OK
2026-07-15 15:24:26,675 INFO TANG.N0000 OK
2026-07-15 15:24:26,738 INFO TJL.N0000 OK
2026-07-15 15:24:26,740 INFO TSML.N0000 OK
2026-07-15 15:24:26,753 INFO TESS.N0000 OK
2026-07-15 15:24:26,768 INFO TESS.X0000 OK
2026-07-15 15:24:26,867 INFO LHL.N0000 OK
2026-07-15 15:24:26,870 INFO AUTO.N0000 OK
2026-07-15 15:24:27,035 INFO CFLB.N0000 OK
2026-07-15 15:24:27,067 INFO RHTL.N0000 OK
2026-07-15 15:24:27,120 INFO KHC.N0000 OK
2026-07-15 15:24:27,317 INFO SERV.N0000 OK
2026-07-15 15:24:27,348 INFO NEH.N0000 OK
2026-07-15 15:24:27,361 INFO TKYO.N0000 OK
2026-07-15 15:24:27,364 INFO LHCL.N0000 OK
2026-07-15 15:24:27,377 INFO TAFL.N0000 OK
2026-07-15 15:24:27,460 INFO TKYO.X0000 OK
2026-07-15 15:24:27,471 INFO TRAN.N0000 OK
2026-07-15 15:24:27,618 INFO UBF.N0000 OK
2026-07-15 15:24:27,646 INFO UDPL.N0000 OK
2026-07-15 15:24:27,702 INFO UAL.N0000 OK
2026-07-15 15:24:27,900 INFO UBC.N0000 OK
2026-07-15 15:24:27,903 INFO UML.N0000 OK
2026-07-15 15:24:27,956 INFO UCAR.N0000 OK
2026-07-15 15:24:27,970 INFO VONE.N0000 OK
2026-07-15 15:24:27,980 INFO VFIN.N0000 OK
2026-07-15 15:24:28,054 INFO VPEL.N0000 OK
2026-07-15 15:24:28,058 INFO VLL.N0000 OK
2026-07-15 15:24:28,202 INFO VLL.X0000 OK
2026-07-15 15:24:28,229 INFO CITW.N0000 OK
2026-07-15 15:24:28,280 INFO WATA.N0000 OK
2026-07-15 15:24:28,518 INFO WIND.N0000 OK
2026-07-15 15:24:28,540 INFO YORK.N0000 OK
2026-07-15 15:24:28,593 INFO WLTH.N0000 OK
2026-07-15 15:24:28,614 INFO JXG.N0000 OK
2026-07-15 15:24:28,630 INFO Wrote 302 rows to /home/runner/work/cse-scraper/cse-scraper/data/2026-07-15/all_company_info_2026-07-15.csv
2026-07-15 15:24:28,630 INFO Symbols: 302, success: 302, failures: 0
