2026-05-08 15:19:56,212 INFO Saved: data/2026-05-08/tradeSummary_2026-05-08.json
2026-05-08 15:19:57,444 INFO Saved: data/2026-05-08/todaySharePrice_2026-05-08.json
2026-05-08 15:19:58,559 INFO Saved: data/2026-05-08/topGainers_2026-05-08.json
2026-05-08 15:19:59,648 INFO Saved: data/2026-05-08/topLooses_2026-05-08.json
2026-05-08 15:20:01,124 INFO Saved: data/2026-05-08/mostActiveTrades_2026-05-08.json
2026-05-08 15:20:02,205 INFO Saved: data/2026-05-08/marketSummery_2026-05-08.json
2026-05-08 15:20:03,221 INFO Saved: data/2026-05-08/aspiData_2026-05-08.json
2026-05-08 15:20:04,197 INFO Saved: data/2026-05-08/snpData_2026-05-08.json
2026-05-08 15:20:05,284 INFO Saved: data/2026-05-08/allSectors_2026-05-08.json
2026-05-08 15:20:07,340 INFO Saved: data/2026-05-08/detailedTrades_2026-05-08.json
2026-05-08 15:20:11,634 INFO Saved: data/2026-05-08/dailyMarketSummery_2026-05-08.json
2026-05-08 15:20:12,729 INFO Saved: data/2026-05-08/getContributors_2026-05-08.json
2026-05-08 15:20:13,546 INFO Saved: data/2026-05-08/getContributorsChart_2026-05-08.json
2026-05-08 15:20:13,547 INFO Saved 13 files (0 errors)
2026-05-08 15:20:15,826 INFO ACME.N0000 OK
2026-05-08 15:20:15,835 INFO AFSL.N0000 OK
2026-05-08 15:20:15,853 INFO AGST.N0000 OK
2026-05-08 15:20:15,880 INFO AEL.N0000 OK
2026-05-08 15:20:15,974 INFO AGPL.N0000 OK
2026-05-08 15:20:15,986 INFO AGAL.N0000 OK
2026-05-08 15:20:15,991 INFO ACL.N0000 OK
2026-05-08 15:20:15,996 INFO ABAN.N0000 OK
2026-05-08 15:20:16,003 INFO AGST.X0000 OK
2026-05-08 15:20:16,018 INFO APLA.N0000 OK
2026-05-08 15:20:16,915 INFO ATL.N0000 OK
2026-05-08 15:20:16,918 INFO GREG.N0000 OK
2026-05-08 15:20:16,943 INFO ABL.N0000 OK
2026-05-08 15:20:16,945 INFO ALUM.N0000 OK
2026-05-08 15:20:16,959 INFO AHUN.N0000 OK
2026-05-08 15:20:16,962 INFO AFS.N0000 OK
2026-05-08 15:20:16,989 INFO ATLL.N0000 OK
2026-05-08 15:20:17,019 INFO ALLI.N0000 OK
2026-05-08 15:20:17,061 INFO SPEN.N0000 OK
2026-05-08 15:20:17,078 INFO TAP.N0000 OK
2026-05-08 15:20:18,031 INFO AHPL.N0000 OK
2026-05-08 15:20:18,071 INFO ACAP.N0000 OK
2026-05-08 15:20:18,098 INFO AAF.N0000 OK
2026-05-08 15:20:18,102 INFO AINS.N0000 OK
2026-05-08 15:20:18,107 INFO ASIY.N0000 OK
2026-05-08 15:20:18,109 INFO AMSL.N0000 OK
2026-05-08 15:20:18,152 INFO ALHP.N0000 OK
2026-05-08 15:20:18,152 INFO AMCL.N0000 OK
2026-05-08 15:20:18,158 INFO ASIR.N0000 OK
2026-05-08 15:20:18,177 INFO AMF.N0000 OK
2026-05-08 15:20:19,137 INFO BLI.N0000 OK
2026-05-08 15:20:19,169 INFO BLUE.N0000 OK
2026-05-08 15:20:19,172 INFO BRR.N0000 OK
2026-05-08 15:20:19,174 INFO BLUE.X0000 OK
2026-05-08 15:20:19,217 INFO BPPL.N0000 OK
2026-05-08 15:20:19,283 INFO BOGA.N0000 OK
2026-05-08 15:20:19,286 INFO BFL.N0000 OK
2026-05-08 15:20:19,296 INFO BALA.N0000 OK
2026-05-08 15:20:19,299 INFO BERU.N0000 OK
2026-05-08 15:20:19,305 INFO BOPL.N0000 OK
2026-05-08 15:20:20,318 INFO CTHR.N0000 OK
2026-05-08 15:20:20,338 INFO CWM.N0000 OK
2026-05-08 15:20:20,355 INFO COLO.N0000 OK
2026-05-08 15:20:20,358 INFO CIC.N0000 OK
2026-05-08 15:20:20,367 INFO CIC.X0000 OK
2026-05-08 15:20:20,389 INFO CTLD.N0000 OK
2026-05-08 15:20:20,486 INFO BIL.N0000 OK
2026-05-08 15:20:20,489 INFO BRWN.N0000 OK
2026-05-08 15:20:20,494 INFO CSLK.N0000 OK
2026-05-08 15:20:20,497 INFO BUKI.N0000 OK
2026-05-08 15:20:21,055 INFO CALH.N0000 OK
2026-05-08 15:20:21,642 INFO CARS.N0000 OK
2026-05-08 15:20:21,703 INFO CBNK.N0000 OK
2026-05-08 15:20:21,713 INFO CALT.N0000 OK
2026-05-08 15:20:21,717 INFO CINS.X0000 OK
2026-05-08 15:20:21,758 INFO CINS.N0000 OK
2026-05-08 15:20:21,798 INFO CIND.N0000 OK
2026-05-08 15:20:21,837 INFO CABO.N0000 OK
2026-05-08 15:20:21,841 INFO CFIN.N0000 OK
2026-05-08 15:20:21,887 INFO CARG.N0000 OK
2026-05-08 15:20:21,893 INFO BREW.N0000 OK
2026-05-08 15:20:22,513 INFO CCS.N0000 OK
2026-05-08 15:20:22,771 INFO CHL.X0000 OK
2026-05-08 15:20:22,815 INFO CHOT.N0000 OK
2026-05-08 15:20:22,932 INFO KZOO.N0000 OK
2026-05-08 15:20:22,946 INFO GRAN.N0000 OK
2026-05-08 15:20:22,966 INFO CTC.N0000 OK
2026-05-08 15:20:22,988 INFO CTBL.N0000 OK
2026-05-08 15:20:22,996 INFO CHL.N0000 OK
2026-05-08 15:20:23,007 INFO CINV.N0000 OK
2026-05-08 15:20:23,009 INFO GUAR.N0000 OK
2026-05-08 15:20:23,741 INFO COOP.N0000 OK
2026-05-08 15:20:23,774 INFO CDB.N0000 OK
2026-05-08 15:20:23,850 INFO CHOU.N0000 OK
2026-05-08 15:20:23,951 INFO REEF.N0000 OK
2026-05-08 15:20:23,954 INFO CHMX.N0000 OK
2026-05-08 15:20:23,965 INFO LLUB.N0000 OK
2026-05-08 15:20:23,975 INFO CWL.N0000 OK
2026-05-08 15:20:23,977 INFO CDB.X0000 OK
2026-05-08 15:20:24,180 INFO DOCK.N0000 OK
2026-05-08 15:20:24,247 INFO PHAR.N0000 OK
2026-05-08 15:20:24,487 INFO CFI.N0000 OK
2026-05-08 15:20:24,599 INFO CIT.N0000 OK
2026-05-08 15:20:24,708 INFO CLND.N0000 OK
2026-05-08 15:20:24,756 INFO COMB.X0000 OK
2026-05-08 15:20:24,793 INFO COMB.N0000 OK
2026-05-08 15:20:25,024 INFO COMD.N0000 OK
2026-05-08 15:20:25,027 INFO COCR.N0000 OK
2026-05-08 15:20:25,066 INFO DPL.N0000 OK
2026-05-08 15:20:25,102 INFO SOY.N0000 OK
2026-05-08 15:20:25,317 INFO DFCC.N0000 OK
2026-05-08 15:20:25,407 INFO DIAL.N0000 OK
2026-05-08 15:20:25,615 INFO CALF.N0000 OK
2026-05-08 15:20:25,654 INFO CTEA.N0000 OK
2026-05-08 15:20:25,705 INFO PKME.N0000 OK
2026-05-08 15:20:25,745 INFO DIMO.N0000 OK
2026-05-08 15:20:25,806 INFO DIPD.N0000 OK
2026-05-08 15:20:26,128 INFO EBCR.N0000 OK
2026-05-08 15:20:26,236 INFO STAF.N0000 OK
2026-05-08 15:20:26,267 INFO ECL.N0000 OK
2026-05-08 15:20:26,274 INFO DIST.N0000 OK
2026-05-08 15:20:26,403 INFO EML.N0000 OK
2026-05-08 15:20:26,535 INFO EAST.N0000 OK
2026-05-08 15:20:26,538 INFO EMER.N0000 OK
2026-05-08 15:20:26,556 INFO EDEN.N0000 OK
2026-05-08 15:20:26,721 INFO ELPL.N0000 OK
2026-05-08 15:20:26,824 INFO ETWO.N0000 OK
2026-05-08 15:20:27,181 INFO GHLL.N0000 OK
2026-05-08 15:20:27,269 INFO PACK.N0000 OK
2026-05-08 15:20:27,293 INFO GEST.N0000 OK
2026-05-08 15:20:27,297 INFO MEL.N0000 OK
2026-05-08 15:20:27,322 INFO WAPO.N0000 OK
2026-05-08 15:20:27,326 INFO CFVF.N0000 OK
2026-05-08 15:20:27,371 INFO EXT.N0000 OK
2026-05-08 15:20:27,384 INFO FCT.N0000 OK
2026-05-08 15:20:27,668 INFO HAPU.N0000 OK
2026-05-08 15:20:27,676 INFO HARI.N0000 OK
2026-05-08 15:20:28,014 INFO HNB.N0000 OK
2026-05-08 15:20:28,245 INFO HAYL.N0000 OK
2026-05-08 15:20:28,275 INFO HEXP.N0000 OK
2026-05-08 15:20:28,357 INFO HPL.N0000 OK
2026-05-08 15:20:28,375 INFO CONN.N0000 OK
2026-05-08 15:20:28,405 INFO MGT.N0000 OK
2026-05-08 15:20:28,461 INFO HAYC.N0000 OK
2026-05-08 15:20:28,463 INFO HNB.X0000 OK
2026-05-08 15:20:28,509 INFO HELA.N0000 OK
2026-05-08 15:20:28,531 INFO HHL.N0000 OK
2026-05-08 15:20:29,582 INFO HNBF.X0000 OK
2026-05-08 15:20:29,619 INFO HNBF.N0000 OK
2026-05-08 15:20:29,624 INFO HUNT.N0000 OK
2026-05-08 15:20:29,638 INFO CITH.N0000 OK
2026-05-08 15:20:29,655 INFO HUNA.N0000 OK
2026-05-08 15:20:29,687 INFO HDFC.N0000 OK
2026-05-08 15:20:29,741 INFO HOPL.N0000 OK
2026-05-08 15:20:29,753 INFO HASU.N0000 OK
2026-05-08 15:20:29,768 INFO HBS.N0000 OK
2026-05-08 15:20:29,775 INFO HSIG.N0000 OK
2026-05-08 15:20:30,289 INFO HVA.N0000 OK
2026-05-08 15:20:30,713 INFO JKH.N0000 OK
2026-05-08 15:20:30,762 INFO KHL.N0000 OK
2026-05-08 15:20:30,770 INFO JAT.N0000 OK
2026-05-08 15:20:30,774 INFO JINS.N0000 OK
2026-05-08 15:20:30,778 INFO JFP.N0000 OK
2026-05-08 15:20:30,794 INFO BFN.N0000 OK
2026-05-08 15:20:30,821 INFO ASPH.N0000 OK
2026-05-08 15:20:30,868 INFO INME.N0000 OK
2026-05-08 15:20:30,885 INFO JETS.N0000 OK
2026-05-08 15:20:31,114 INFO JKL.N0000 OK
2026-05-08 15:20:32,008 INFO KCAB.N0000 OK
2026-05-08 15:20:32,014 INFO CPRT.N0000 OK
2026-05-08 15:20:32,047 INFO KFP.N0000 OK
2026-05-08 15:20:32,085 INFO KDL.N0000 OK
2026-05-08 15:20:32,095 INFO KGAL.N0000 OK
2026-05-08 15:20:32,120 INFO KOTA.N0000 OK
2026-05-08 15:20:32,182 INFO KAHA.N0000 OK
2026-05-08 15:20:32,187 INFO KPHL.N0000 OK
2026-05-08 15:20:32,200 INFO KVAL.N0000 OK
2026-05-08 15:20:32,234 INFO TYRE.N0000 OK
2026-05-08 15:20:32,804 INFO LOLC.N0000 OK
2026-05-08 15:20:32,822 INFO LAMB.N0000 OK
2026-05-08 15:20:32,830 INFO LVEF.N0000 OK
2026-05-08 15:20:32,830 INFO LPRT.N0000 OK
2026-05-08 15:20:32,850 INFO ASHO.N0000 OK
2026-05-08 15:20:32,895 INFO LALU.N0000 OK
2026-05-08 15:20:32,956 INFO LIOC.N0000 OK
2026-05-08 15:20:32,969 INFO LMF.N0000 OK
2026-05-08 15:20:32,974 INFO CERA.N0000 OK
2026-05-08 15:20:33,052 INFO LCBF.N0000 OK
2026-05-08 15:20:33,574 INFO ASCO.N0000 OK
2026-05-08 15:20:33,917 INFO LGL.X0000 OK
2026-05-08 15:20:33,968 INFO LPL.X0000 OK
2026-05-08 15:20:34,029 INFO LCEY.N0000 OK
2026-05-08 15:20:34,030 INFO LGL.N0000 OK
2026-05-08 15:20:34,036 INFO LPL.N0000 OK
2026-05-08 15:20:34,041 INFO LWL.N0000 OK
2026-05-08 15:20:34,119 INFO LVEN.N0000 OK
2026-05-08 15:20:34,124 INFO LDEV.N0000 OK
2026-05-08 15:20:34,131 INFO TILE.N0000 OK
2026-05-08 15:20:34,279 INFO LITE.N0000 OK
2026-05-08 15:20:34,651 INFO LFIN.N0000 OK
2026-05-08 15:20:34,697 INFO SHAW.N0000 OK
2026-05-08 15:20:34,790 INFO LGIL.N0000 OK
2026-05-08 15:20:34,906 INFO LION.N0000 OK
2026-05-08 15:20:34,908 INFO LOFC.N0000 OK
2026-05-08 15:20:35,043 INFO LUMX.N0000 OK
2026-05-08 15:20:35,082 INFO MCPL.N0000 OK
2026-05-08 15:20:35,161 INFO MFPE.N0000 OK
2026-05-08 15:20:35,188 INFO MADU.N0000 OK
2026-05-08 15:20:35,191 INFO HPFL.N0000 OK
2026-05-08 15:20:35,454 INFO MRH.N0000 OK
2026-05-08 15:20:35,526 INFO MAL.N0000 OK
2026-05-08 15:20:35,626 INFO MAL.X0000 OK
2026-05-08 15:20:35,737 INFO MARA.N0000 OK
2026-05-08 15:20:35,768 INFO MASK.N0000 OK
2026-05-08 15:20:35,786 INFO MERC.N0000 OK
2026-05-08 15:20:35,822 INFO MELS.N0000 OK
2026-05-08 15:20:35,946 INFO MSL.N0000 OK
2026-05-08 15:20:36,027 INFO MHDL.N0000 OK
2026-05-08 15:20:36,035 INFO MBSL.N0000 OK
2026-05-08 15:20:36,297 INFO MULL.N0000 OK
2026-05-08 15:20:36,331 INFO NAMU.N0000 OK
2026-05-08 15:20:36,372 INFO MDL.N0000 OK
2026-05-08 15:20:36,438 INFO CSF.N0000 OK
2026-05-08 15:20:36,528 INFO NTB.N0000 OK
2026-05-08 15:20:36,632 INFO NDB.N0000 OK
2026-05-08 15:20:36,644 INFO NTB.X0000 OK
2026-05-08 15:20:36,734 INFO NHL.N0000 OK
2026-05-08 15:20:36,737 INFO ODEL.N0000 OK
2026-05-08 15:20:36,751 INFO OFEQ.N0000 OK
2026-05-08 15:20:37,062 INFO OSEA.N0000 OK
2026-05-08 15:20:37,118 INFO ONAL.N0000 OK
2026-05-08 15:20:37,189 INFO PABC.N0000 OK
2026-05-08 15:20:37,193 INFO PALM.N0000 OK
2026-05-08 15:20:37,308 INFO PAP.N0000 OK
2026-05-08 15:20:37,370 INFO PEG.N0000 OK
2026-05-08 15:20:37,448 INFO PARA.N0000 OK
2026-05-08 15:20:37,496 INFO PINS.N0000 OK
2026-05-08 15:20:37,601 INFO GLAS.N0000 OK
2026-05-08 15:20:37,615 INFO PLC.N0000 OK
2026-05-08 15:20:37,791 INFO PMB.N0000 OK
2026-05-08 15:20:37,895 INFO RIL.N0000 OK
2026-05-08 15:20:37,940 INFO PLR.N0000 OK
2026-05-08 15:20:38,015 INFO RGEM.N0000 OK
2026-05-08 15:20:38,055 INFO CARE.N0000 OK
2026-05-08 15:20:38,194 INFO RAL.N0000 OK
2026-05-08 15:20:38,213 INFO RWSL.N0000 OK
2026-05-08 15:20:38,246 INFO RFL.N0000 OK
2026-05-08 15:20:38,401 INFO COCO.N0000 OK
2026-05-08 15:20:38,421 INFO RENU.N0000 OK
2026-05-08 15:20:38,593 INFO RHL.N0000 OK
2026-05-08 15:20:38,636 INFO COCO.X0000 OK
2026-05-08 15:20:38,714 INFO RCH.N0000 OK
2026-05-08 15:20:38,717 INFO RHL.X0000 OK
2026-05-08 15:20:38,908 INFO HPWR.N0000 OK
2026-05-08 15:20:38,924 INFO REXP.N0000 OK
2026-05-08 15:20:38,937 INFO RICH.N0000 OK
2026-05-08 15:20:39,069 INFO RCL.N0000 OK
2026-05-08 15:20:39,141 INFO SAMP.N0000 OK
2026-05-08 15:20:39,185 INFO RPBH.N0000 OK
2026-05-08 15:20:39,400 INFO SIL.N0000 OK
2026-05-08 15:20:39,422 INFO SMOT.N0000 OK
2026-05-08 15:20:39,481 INFO SDB.N0000 OK
2026-05-08 15:20:39,549 INFO SDF.N0000 OK
2026-05-08 15:20:39,647 INFO SHOT.X0000 OK
2026-05-08 15:20:39,774 INFO SHOT.N0000 OK
2026-05-08 15:20:39,800 INFO SLND.N0000 OK
2026-05-08 15:20:39,874 INFO SEYB.N0000 OK
2026-05-08 15:20:39,894 INFO SFCL.N0000 OK
2026-05-08 15:20:39,998 INFO SEYB.X0000 OK
2026-05-08 15:20:40,150 INFO SIRA.N0000 OK
2026-05-08 15:20:40,203 INFO CSD.N0000 OK
2026-05-08 15:20:40,316 INFO SIGV.N0000 OK
2026-05-08 15:20:40,366 INFO SINS.N0000 OK
2026-05-08 15:20:40,460 INFO SFIN.N0000 OK
2026-05-08 15:20:40,537 INFO SEMB.N0000 OK
2026-05-08 15:20:40,553 INFO SINH.N0000 OK
2026-05-08 15:20:40,609 INFO SEMB.X0000 OK
2026-05-08 15:20:40,627 INFO SCAP.N0000 OK
2026-05-08 15:20:40,837 INFO CRL.N0000 OK
2026-05-08 15:20:40,876 INFO SHL.N0000 OK
2026-05-08 15:20:41,024 INFO AAIC.N0000 OK
2026-05-08 15:20:41,049 INFO SLTL.N0000 OK
2026-05-08 15:20:41,070 INFO SING.N0000 OK
2026-05-08 15:20:41,250 INFO SUN.N0000 OK
2026-05-08 15:20:41,289 INFO PARQ.N0000 OK
2026-05-08 15:20:41,319 INFO SWAD.N0000 OK
2026-05-08 15:20:41,343 INFO TAJ.N0000 OK
2026-05-08 15:20:41,353 INFO TPL.N0000 OK
2026-05-08 15:20:41,573 INFO TANG.N0000 OK
2026-05-08 15:20:41,576 INFO TSML.N0000 OK
2026-05-08 15:20:41,844 INFO TJL.N0000 OK
2026-05-08 15:20:41,862 INFO TESS.N0000 OK
2026-05-08 15:20:41,907 INFO TESS.X0000 OK
2026-05-08 15:20:42,058 INFO AUTO.N0000 OK
2026-05-08 15:20:42,064 INFO KHC.N0000 OK
2026-05-08 15:20:42,091 INFO RHTL.N0000 OK
2026-05-08 15:20:42,107 INFO CFLB.N0000 OK
2026-05-08 15:20:42,114 INFO LHL.N0000 OK
2026-05-08 15:20:42,391 INFO LHCL.N0000 OK
2026-05-08 15:20:42,433 INFO SERV.N0000 OK
2026-05-08 15:20:42,605 INFO NEH.N0000 OK
2026-05-08 15:20:42,633 INFO TKYO.N0000 OK
2026-05-08 15:20:42,730 INFO TAFL.N0000 OK
2026-05-08 15:20:42,806 INFO TRAN.N0000 OK
2026-05-08 15:20:42,851 INFO TKYO.X0000 OK
2026-05-08 15:20:42,955 INFO UBF.N0000 OK
2026-05-08 15:20:43,015 INFO UAL.N0000 OK
2026-05-08 15:20:43,042 INFO UDPL.N0000 OK
2026-05-08 15:20:43,120 INFO UBC.N0000 OK
2026-05-08 15:20:43,226 INFO UCAR.N0000 OK
2026-05-08 15:20:43,442 INFO VFIN.N0000 OK
2026-05-08 15:20:43,474 INFO UML.N0000 OK
2026-05-08 15:20:43,536 INFO VPEL.N0000 OK
2026-05-08 15:20:43,564 INFO VONE.N0000 OK
2026-05-08 15:20:43,652 INFO VLL.X0000 OK
2026-05-08 15:20:43,668 INFO VLL.N0000 OK
2026-05-08 15:20:43,796 INFO CITW.N0000 OK
2026-05-08 15:20:43,822 INFO WATA.N0000 OK
2026-05-08 15:20:43,829 INFO WIND.N0000 OK
2026-05-08 15:20:43,957 INFO YORK.N0000 OK
2026-05-08 15:20:44,253 INFO WLTH.N0000 OK
2026-05-08 15:20:44,299 INFO JXG.N0000 OK
2026-05-08 15:20:44,316 INFO Wrote 302 rows to /home/runner/work/cse-scraper/cse-scraper/data/2026-05-08/all_company_info_2026-05-08.csv
2026-05-08 15:20:44,316 INFO Symbols: 302, success: 302, failures: 0
