2026-06-23 16:25:34,948 INFO Saved: data/2026-06-23/tradeSummary_2026-06-23.json
2026-06-23 16:25:36,143 INFO Saved: data/2026-06-23/todaySharePrice_2026-06-23.json
2026-06-23 16:25:37,173 INFO Saved: data/2026-06-23/topGainers_2026-06-23.json
2026-06-23 16:25:38,177 INFO Saved: data/2026-06-23/topLooses_2026-06-23.json
2026-06-23 16:25:39,194 INFO Saved: data/2026-06-23/mostActiveTrades_2026-06-23.json
2026-06-23 16:25:40,190 INFO Saved: data/2026-06-23/marketSummery_2026-06-23.json
2026-06-23 16:25:40,907 INFO Saved: data/2026-06-23/aspiData_2026-06-23.json
2026-06-23 16:25:41,656 INFO Saved: data/2026-06-23/snpData_2026-06-23.json
2026-06-23 16:25:42,653 INFO Saved: data/2026-06-23/allSectors_2026-06-23.json
2026-06-23 16:25:44,214 INFO Saved: data/2026-06-23/detailedTrades_2026-06-23.json
2026-06-23 16:25:44,926 INFO Saved: data/2026-06-23/dailyMarketSummery_2026-06-23.json
2026-06-23 16:25:45,705 INFO Saved: data/2026-06-23/getContributors_2026-06-23.json
2026-06-23 16:25:46,721 INFO Saved: data/2026-06-23/getContributorsChart_2026-06-23.json
2026-06-23 16:25:46,721 INFO Saved 13 files (0 errors)
2026-06-23 16:25:48,214 INFO AGST.N0000 OK
2026-06-23 16:25:48,217 INFO ACME.N0000 OK
2026-06-23 16:25:48,260 INFO ACL.N0000 OK
2026-06-23 16:25:48,267 INFO AFSL.N0000 OK
2026-06-23 16:25:48,270 INFO APLA.N0000 OK
2026-06-23 16:25:48,293 INFO ABAN.N0000 OK
2026-06-23 16:25:48,298 INFO AGPL.N0000 OK
2026-06-23 16:25:48,301 INFO AGAL.N0000 OK
2026-06-23 16:25:48,304 INFO AEL.N0000 OK
2026-06-23 16:25:48,356 INFO AGST.X0000 OK
2026-06-23 16:25:49,576 INFO TAP.N0000 OK
2026-06-23 16:25:49,582 INFO ATLL.N0000 OK
2026-06-23 16:25:49,609 INFO ABL.N0000 OK
2026-06-23 16:25:49,617 INFO ALUM.N0000 OK
2026-06-23 16:25:49,621 INFO ALLI.N0000 OK
2026-06-23 16:25:49,627 INFO ATL.N0000 OK
2026-06-23 16:25:49,629 INFO AHUN.N0000 OK
2026-06-23 16:25:49,636 INFO AFS.N0000 OK
2026-06-23 16:25:49,639 INFO GREG.N0000 OK
2026-06-23 16:25:49,641 INFO SPEN.N0000 OK
2026-06-23 16:25:50,707 INFO AHPL.N0000 OK
2026-06-23 16:25:50,715 INFO ACAP.N0000 OK
2026-06-23 16:25:50,725 INFO ASIR.N0000 OK
2026-06-23 16:25:50,737 INFO ALHP.N0000 OK
2026-06-23 16:25:50,783 INFO AMF.N0000 OK
2026-06-23 16:25:50,796 INFO AMSL.N0000 OK
2026-06-23 16:25:50,805 INFO ASIY.N0000 OK
2026-06-23 16:25:50,817 INFO AMCL.N0000 OK
2026-06-23 16:25:50,839 INFO AINS.N0000 OK
2026-06-23 16:25:50,843 INFO AAF.N0000 OK
2026-06-23 16:25:51,470 INFO BPPL.N0000 OK
2026-06-23 16:25:51,821 INFO BLUE.X0000 OK
2026-06-23 16:25:51,834 INFO BLI.N0000 OK
2026-06-23 16:25:51,845 INFO BLUE.N0000 OK
2026-06-23 16:25:51,896 INFO BALA.N0000 OK
2026-06-23 16:25:51,902 INFO BOPL.N0000 OK
2026-06-23 16:25:51,948 INFO BOGA.N0000 OK
2026-06-23 16:25:51,949 INFO BERU.N0000 OK
2026-06-23 16:25:51,953 INFO BFL.N0000 OK
2026-06-23 16:25:51,958 INFO BRR.N0000 OK
2026-06-23 16:25:52,991 INFO CWM.N0000 OK
2026-06-23 16:25:53,049 INFO CSLK.N0000 OK
2026-06-23 16:25:53,064 INFO BIL.N0000 OK
2026-06-23 16:25:53,132 INFO COLO.N0000 OK
2026-06-23 16:25:53,144 INFO BUKI.N0000 OK
2026-06-23 16:25:53,146 INFO BRWN.N0000 OK
2026-06-23 16:25:53,147 INFO CTLD.N0000 OK
2026-06-23 16:25:53,151 INFO CTHR.N0000 OK
2026-06-23 16:25:53,168 INFO CIC.N0000 OK
2026-06-23 16:25:53,168 INFO CIC.X0000 OK
2026-06-23 16:25:53,786 INFO CALH.N0000 OK
2026-06-23 16:25:53,839 INFO CARG.N0000 OK
2026-06-23 16:25:53,846 INFO CALT.N0000 OK
2026-06-23 16:25:54,277 INFO CINS.N0000 OK
2026-06-23 16:25:54,287 INFO CFIN.N0000 OK
2026-06-23 16:25:54,305 INFO CIND.N0000 OK
2026-06-23 16:25:54,338 INFO CINS.X0000 OK
2026-06-23 16:25:54,367 INFO CABO.N0000 OK
2026-06-23 16:25:54,378 INFO CBNK.N0000 OK
2026-06-23 16:25:54,382 INFO CARS.N0000 OK
2026-06-23 16:25:54,863 INFO BREW.N0000 OK
2026-06-23 16:25:54,883 INFO GRAN.N0000 OK
2026-06-23 16:25:54,887 INFO CCS.N0000 OK
2026-06-23 16:25:55,053 INFO GUAR.N0000 OK
2026-06-23 16:25:55,852 INFO CINV.N0000 OK
2026-06-23 16:25:55,859 INFO LLUB.N0000 OK
2026-06-23 16:25:55,955 INFO CWL.N0000 OK
2026-06-23 16:25:55,991 INFO CHOT.N0000 OK
2026-06-23 16:25:56,014 INFO CHL.N0000 OK
2026-06-23 16:25:56,017 INFO KZOO.N0000 OK
2026-06-23 16:25:56,017 INFO CTBL.N0000 OK
2026-06-23 16:25:56,025 INFO CHL.X0000 OK
2026-06-23 16:25:56,027 INFO CHMX.N0000 OK
2026-06-23 16:25:56,030 INFO CTC.N0000 OK
2026-06-23 16:25:56,653 INFO CDB.N0000 OK
2026-06-23 16:25:56,661 INFO CDB.X0000 OK
2026-06-23 16:25:56,717 INFO REEF.N0000 OK
2026-06-23 16:25:57,034 INFO CHOU.N0000 OK
2026-06-23 16:25:57,147 INFO PHAR.N0000 OK
2026-06-23 16:25:57,162 INFO DOCK.N0000 OK
2026-06-23 16:25:57,165 INFO CLND.N0000 OK
2026-06-23 16:25:57,181 INFO CFI.N0000 OK
2026-06-23 16:25:57,184 INFO CIT.N0000 OK
2026-06-23 16:25:57,191 INFO COOP.N0000 OK
2026-06-23 16:25:57,370 INFO COMB.N0000 OK
2026-06-23 16:25:57,446 INFO COMB.X0000 OK
2026-06-23 16:25:58,016 INFO DIAL.N0000 OK
2026-06-23 16:25:58,018 INFO COCR.N0000 OK
2026-06-23 16:25:58,051 INFO DIMO.N0000 OK
2026-06-23 16:25:58,063 INFO CALF.N0000 OK
2026-06-23 16:25:58,064 INFO DFCC.N0000 OK
2026-06-23 16:25:58,082 INFO SOY.N0000 OK
2026-06-23 16:25:58,090 INFO DPL.N0000 OK
2026-06-23 16:25:58,096 INFO COMD.N0000 OK
2026-06-23 16:25:58,176 INFO PKME.N0000 OK
2026-06-23 16:25:58,487 INFO CTEA.N0000 OK
2026-06-23 16:25:58,738 INFO DIPD.N0000 OK
2026-06-23 16:25:58,754 INFO STAF.N0000 OK
2026-06-23 16:25:58,780 INFO DIST.N0000 OK
2026-06-23 16:26:03,194 INFO ECL.N0000 OK
2026-06-23 16:26:03,244 INFO ELPL.N0000 OK
2026-06-23 16:26:03,250 INFO PACK.N0000 OK
2026-06-23 16:26:03,266 INFO EBCR.N0000 OK
2026-06-23 16:26:03,271 INFO EMER.N0000 OK
2026-06-23 16:26:03,279 INFO ETWO.N0000 OK
2026-06-23 16:26:03,287 INFO EML.N0000 OK
2026-06-23 16:26:03,329 INFO EAST.N0000 OK
2026-06-23 16:26:03,338 INFO EXT.N0000 OK
2026-06-23 16:26:03,349 INFO EDEN.N0000 OK
2026-06-23 16:26:03,968 INFO CFVF.N0000 OK
2026-06-23 16:26:04,038 INFO FCT.N0000 OK
2026-06-23 16:26:04,064 INFO GHLL.N0000 OK
2026-06-23 16:26:04,067 INFO WAPO.N0000 OK
2026-06-23 16:26:04,384 INFO MEL.N0000 OK
2026-06-23 16:26:04,389 INFO HNB.N0000 OK
2026-06-23 16:26:04,421 INFO GEST.N0000 OK
2026-06-23 16:26:04,429 INFO HAPU.N0000 OK
2026-06-23 16:26:04,436 INFO HARI.N0000 OK
2026-06-23 16:26:04,441 INFO HNB.X0000 OK
2026-06-23 16:26:05,141 INFO HPL.N0000 OK
2026-06-23 16:26:05,145 INFO CONN.N0000 OK
2026-06-23 16:26:05,161 INFO MGT.N0000 OK
2026-06-23 16:26:05,201 INFO HAYC.N0000 OK
2026-06-23 16:26:05,208 INFO HEXP.N0000 OK
2026-06-23 16:26:05,506 INFO HAYL.N0000 OK
2026-06-23 16:26:05,526 INFO HHL.N0000 OK
2026-06-23 16:26:05,573 INFO CITH.N0000 OK
2026-06-23 16:26:05,602 INFO HASU.N0000 OK
2026-06-23 16:26:05,625 INFO HELA.N0000 OK
2026-06-23 16:26:05,961 INFO HNBF.X0000 OK
2026-06-23 16:26:05,963 INFO HNBF.N0000 OK
2026-06-23 16:26:05,985 INFO HOPL.N0000 OK
2026-06-23 16:26:06,003 INFO HSIG.N0000 OK
2026-06-23 16:26:06,320 INFO HDFC.N0000 OK
2026-06-23 16:26:06,341 INFO HUNA.N0000 OK
2026-06-23 16:26:06,362 INFO HBS.N0000 OK
2026-06-23 16:26:06,380 INFO HUNT.N0000 OK
2026-06-23 16:26:06,670 INFO ASPH.N0000 OK
2026-06-23 16:26:06,673 INFO HVA.N0000 OK
2026-06-23 16:26:06,722 INFO JINS.N0000 OK
2026-06-23 16:26:06,735 INFO JAT.N0000 OK
2026-06-23 16:26:06,773 INFO INME.N0000 OK
2026-06-23 16:26:06,777 INFO BFN.N0000 OK
2026-06-23 16:26:07,082 INFO JKH.N0000 OK
2026-06-23 16:26:07,099 INFO JETS.N0000 OK
2026-06-23 16:26:07,133 INFO JFP.N0000 OK
2026-06-23 16:26:07,148 INFO KHL.N0000 OK
2026-06-23 16:26:07,742 INFO KGAL.N0000 OK
2026-06-23 16:26:07,826 INFO TYRE.N0000 OK
2026-06-23 16:26:07,845 INFO KDL.N0000 OK
2026-06-23 16:26:07,866 INFO KCAB.N0000 OK
2026-06-23 16:26:07,871 INFO JKL.N0000 OK
2026-06-23 16:26:07,876 INFO KFP.N0000 OK
2026-06-23 16:26:07,878 INFO KAHA.N0000 OK
2026-06-23 16:26:07,878 INFO KPHL.N0000 OK
2026-06-23 16:26:07,927 INFO KVAL.N0000 OK
2026-06-23 16:26:07,946 INFO CPRT.N0000 OK
2026-06-23 16:26:08,514 INFO KOTA.N0000 OK
2026-06-23 16:26:08,603 INFO LAMB.N0000 OK
2026-06-23 16:26:08,611 INFO LOLC.N0000 OK
2026-06-23 16:26:08,640 INFO LVEF.N0000 OK
2026-06-23 16:26:09,256 INFO ASHO.N0000 OK
2026-06-23 16:26:09,263 INFO LALU.N0000 OK
2026-06-23 16:26:09,279 INFO LMF.N0000 OK
2026-06-23 16:26:09,345 INFO LCBF.N0000 OK
2026-06-23 16:26:09,359 INFO LPRT.N0000 OK
2026-06-23 16:26:09,385 INFO ASCO.N0000 OK
2026-06-23 16:26:09,430 INFO CERA.N0000 OK
2026-06-23 16:26:09,440 INFO LIOC.N0000 OK
2026-06-23 16:26:09,481 INFO LVEN.N0000 OK
2026-06-23 16:26:09,497 INFO TILE.N0000 OK
2026-06-23 16:26:09,990 INFO LWL.N0000 OK
2026-06-23 16:26:10,045 INFO LCEY.N0000 OK
2026-06-23 16:26:10,054 INFO LDEV.N0000 OK
2026-06-23 16:26:10,126 INFO LGL.N0000 OK
2026-06-23 16:26:10,131 INFO LGL.X0000 OK
2026-06-23 16:26:10,160 INFO LPL.N0000 OK
2026-06-23 16:26:10,213 INFO LPL.X0000 OK
2026-06-23 16:26:10,216 INFO LITE.N0000 OK
2026-06-23 16:26:10,256 INFO LFIN.N0000 OK
2026-06-23 16:26:10,261 INFO SHAW.N0000 OK
2026-06-23 16:26:10,767 INFO LION.N0000 OK
2026-06-23 16:26:10,809 INFO LOFC.N0000 OK
2026-06-23 16:26:10,827 INFO LGIL.N0000 OK
2026-06-23 16:26:10,909 INFO LUMX.N0000 OK
2026-06-23 16:26:10,922 INFO HPFL.N0000 OK
2026-06-23 16:26:10,951 INFO MADU.N0000 OK
2026-06-23 16:26:10,991 INFO MCPL.N0000 OK
2026-06-23 16:26:11,007 INFO MFPE.N0000 OK
2026-06-23 16:26:11,038 INFO MAL.N0000 OK
2026-06-23 16:26:11,043 INFO MRH.N0000 OK
2026-06-23 16:26:11,517 INFO MAL.X0000 OK
2026-06-23 16:26:11,597 INFO MARA.N0000 OK
2026-06-23 16:26:11,609 INFO MASK.N0000 OK
2026-06-23 16:26:11,619 INFO MELS.N0000 OK
2026-06-23 16:26:11,696 INFO MERC.N0000 OK
2026-06-23 16:26:11,699 INFO MBSL.N0000 OK
2026-06-23 16:26:11,716 INFO MSL.N0000 OK
2026-06-23 16:26:11,774 INFO MHDL.N0000 OK
2026-06-23 16:26:11,825 INFO MDL.N0000 OK
2026-06-23 16:26:11,835 INFO MULL.N0000 OK
2026-06-23 16:26:12,283 INFO NAMU.N0000 OK
2026-06-23 16:26:12,332 INFO NDB.N0000 OK
2026-06-23 16:26:12,333 INFO CSF.N0000 OK
2026-06-23 16:26:12,404 INFO NTB.N0000 OK
2026-06-23 16:26:12,480 INFO NHL.N0000 OK
2026-06-23 16:26:12,513 INFO NTB.X0000 OK
2026-06-23 16:26:12,517 INFO ODEL.N0000 OK
2026-06-23 16:26:12,545 INFO OFEQ.N0000 OK
2026-06-23 16:26:12,587 INFO ONAL.N0000 OK
2026-06-23 16:26:12,972 INFO OSEA.N0000 OK
2026-06-23 16:26:13,054 INFO PALM.N0000 OK
2026-06-23 16:26:13,110 INFO PAP.N0000 OK
2026-06-23 16:26:13,126 INFO PABC.N0000 OK
2026-06-23 16:26:13,164 INFO PARA.N0000 OK
2026-06-23 16:26:13,245 INFO PLC.N0000 OK
2026-06-23 16:26:13,250 INFO PEG.N0000 OK
2026-06-23 16:26:13,298 INFO PINS.N0000 OK
2026-06-23 16:26:13,303 INFO PMB.N0000 OK
2026-06-23 16:26:13,315 INFO GLAS.N0000 OK
2026-06-23 16:26:13,682 INFO PLR.N0000 OK
2026-06-23 16:26:13,831 INFO CARE.N0000 OK
2026-06-23 16:26:13,881 INFO RIL.N0000 OK
2026-06-23 16:26:13,895 INFO RGEM.N0000 OK
2026-06-23 16:26:13,925 INFO RWSL.N0000 OK
2026-06-23 16:26:13,968 INFO RAL.N0000 OK
2026-06-23 16:26:14,023 INFO RFL.N0000 OK
2026-06-23 16:26:14,069 INFO RENU.N0000 OK
2026-06-23 16:26:14,097 INFO COCO.N0000 OK
2026-06-23 16:26:14,100 INFO COCO.X0000 OK
2026-06-23 16:26:14,448 INFO RHL.N0000 OK
2026-06-23 16:26:14,612 INFO RHL.X0000 OK
2026-06-23 16:26:14,655 INFO RCH.N0000 OK
2026-06-23 16:26:14,662 INFO HPWR.N0000 OK
2026-06-23 16:26:14,703 INFO RICH.N0000 OK
2026-06-23 16:26:14,740 INFO REXP.N0000 OK
2026-06-23 16:26:14,781 INFO RCL.N0000 OK
2026-06-23 16:26:14,814 INFO SAMP.N0000 OK
2026-06-23 16:26:14,839 INFO RPBH.N0000 OK
2026-06-23 16:26:14,873 INFO SIL.N0000 OK
2026-06-23 16:26:15,218 INFO SDB.N0000 OK
2026-06-23 16:26:15,477 INFO SFCL.N0000 OK
2026-06-23 16:26:15,501 INFO SDF.N0000 OK
2026-06-23 16:26:15,524 INFO SHOT.N0000 OK
2026-06-23 16:26:15,527 INFO SMOT.N0000 OK
2026-06-23 16:26:15,530 INFO SHOT.X0000 OK
2026-06-23 16:26:15,587 INFO SLND.N0000 OK
2026-06-23 16:26:15,591 INFO SEYB.N0000 OK
2026-06-23 16:26:15,598 INFO SEYB.X0000 OK
2026-06-23 16:26:15,636 INFO CSD.N0000 OK
2026-06-23 16:26:15,990 INFO SIRA.N0000 OK
2026-06-23 16:26:16,261 INFO SIGV.N0000 OK
2026-06-23 16:26:16,270 INFO SINS.N0000 OK
2026-06-23 16:26:16,319 INFO SEMB.N0000 OK
2026-06-23 16:26:16,323 INFO SINH.N0000 OK
2026-06-23 16:26:16,326 INFO SFIN.N0000 OK
2026-06-23 16:26:16,386 INFO SCAP.N0000 OK
2026-06-23 16:26:16,392 INFO SEMB.X0000 OK
2026-06-23 16:26:16,411 INFO CRL.N0000 OK
2026-06-23 16:26:16,423 INFO SHL.N0000 OK
2026-06-23 16:26:16,757 INFO AAIC.N0000 OK
2026-06-23 16:26:16,982 INFO SLTL.N0000 OK
2026-06-23 16:26:16,985 INFO SING.N0000 OK
2026-06-23 16:26:17,038 INFO SUN.N0000 OK
2026-06-23 16:26:17,099 INFO SWAD.N0000 OK
2026-06-23 16:26:17,169 INFO TAJ.N0000 OK
2026-06-23 16:26:17,173 INFO TPL.N0000 OK
2026-06-23 16:26:17,188 INFO PARQ.N0000 OK
2026-06-23 16:26:17,191 INFO TANG.N0000 OK
2026-06-23 16:26:17,226 INFO TSML.N0000 OK
2026-06-23 16:26:17,529 INFO TJL.N0000 OK
2026-06-23 16:26:17,763 INFO TESS.X0000 OK
2026-06-23 16:26:17,767 INFO TESS.N0000 OK
2026-06-23 16:26:17,809 INFO LHL.N0000 OK
2026-06-23 16:26:17,846 INFO AUTO.N0000 OK
2026-06-23 16:26:17,992 INFO RHTL.N0000 OK
2026-06-23 16:26:17,994 INFO CFLB.N0000 OK
2026-06-23 16:26:17,994 INFO SERV.N0000 OK
2026-06-23 16:26:18,005 INFO LHCL.N0000 OK
2026-06-23 16:26:18,011 INFO KHC.N0000 OK
2026-06-23 16:26:18,311 INFO NEH.N0000 OK
2026-06-23 16:26:18,557 INFO TKYO.N0000 OK
2026-06-23 16:26:18,592 INFO TAFL.N0000 OK
2026-06-23 16:26:18,601 INFO TKYO.X0000 OK
2026-06-23 16:26:18,659 INFO TRAN.N0000 OK
2026-06-23 16:26:18,716 INFO UAL.N0000 OK
2026-06-23 16:26:18,838 INFO UBF.N0000 OK
2026-06-23 16:26:18,853 INFO UDPL.N0000 OK
2026-06-23 16:26:18,856 INFO UBC.N0000 OK
2026-06-23 16:26:18,878 INFO UCAR.N0000 OK
2026-06-23 16:26:19,081 INFO UML.N0000 OK
2026-06-23 16:26:19,329 INFO VFIN.N0000 OK
2026-06-23 16:26:19,361 INFO VONE.N0000 OK
2026-06-23 16:26:19,379 INFO VPEL.N0000 OK
2026-06-23 16:26:19,430 INFO VLL.N0000 OK
2026-06-23 16:26:19,547 INFO VLL.X0000 OK
2026-06-23 16:26:19,640 INFO CITW.N0000 OK
2026-06-23 16:26:19,652 INFO WIND.N0000 OK
2026-06-23 16:26:19,661 INFO YORK.N0000 OK
2026-06-23 16:26:19,670 INFO WATA.N0000 OK
2026-06-23 16:26:19,858 INFO WLTH.N0000 OK
2026-06-23 16:26:20,104 INFO JXG.N0000 OK
2026-06-23 16:26:20,120 INFO Wrote 302 rows to /home/runner/work/cse-scraper/cse-scraper/data/2026-06-23/all_company_info_2026-06-23.csv
2026-06-23 16:26:20,121 INFO Symbols: 302, success: 302, failures: 0
