2026-06-08 17:21:25,378 INFO Saved: data/2026-06-08/tradeSummary_2026-06-08.json
2026-06-08 17:21:26,042 INFO Saved: data/2026-06-08/todaySharePrice_2026-06-08.json
2026-06-08 17:21:26,989 INFO Saved: data/2026-06-08/topGainers_2026-06-08.json
2026-06-08 17:21:27,923 INFO Saved: data/2026-06-08/topLooses_2026-06-08.json
2026-06-08 17:21:28,972 INFO Saved: data/2026-06-08/mostActiveTrades_2026-06-08.json
2026-06-08 17:21:29,903 INFO Saved: data/2026-06-08/marketSummery_2026-06-08.json
2026-06-08 17:21:30,574 INFO Saved: data/2026-06-08/aspiData_2026-06-08.json
2026-06-08 17:21:31,244 INFO Saved: data/2026-06-08/snpData_2026-06-08.json
2026-06-08 17:21:32,314 INFO Saved: data/2026-06-08/allSectors_2026-06-08.json
2026-06-08 17:21:33,754 INFO Saved: data/2026-06-08/detailedTrades_2026-06-08.json
2026-06-08 17:21:34,667 INFO Saved: data/2026-06-08/dailyMarketSummery_2026-06-08.json
2026-06-08 17:21:35,409 INFO Saved: data/2026-06-08/getContributors_2026-06-08.json
2026-06-08 17:21:36,275 INFO Saved: data/2026-06-08/getContributorsChart_2026-06-08.json
2026-06-08 17:21:36,275 INFO Saved 13 files (0 errors)
2026-06-08 17:21:37,555 INFO APLA.N0000 OK
2026-06-08 17:21:37,659 INFO AGAL.N0000 OK
2026-06-08 17:21:37,696 INFO AFSL.N0000 OK
2026-06-08 17:21:37,720 INFO ABAN.N0000 OK
2026-06-08 17:21:37,731 INFO AGPL.N0000 OK
2026-06-08 17:21:37,743 INFO ACL.N0000 OK
2026-06-08 17:21:37,747 INFO AGST.X0000 OK
2026-06-08 17:21:37,750 INFO AEL.N0000 OK
2026-06-08 17:21:37,762 INFO AGST.N0000 OK
2026-06-08 17:21:37,764 INFO ACME.N0000 OK
2026-06-08 17:21:38,367 INFO AHUN.N0000 OK
2026-06-08 17:21:38,540 INFO ALUM.N0000 OK
2026-06-08 17:21:38,556 INFO ALLI.N0000 OK
2026-06-08 17:21:38,578 INFO AFS.N0000 OK
2026-06-08 17:21:38,596 INFO SPEN.N0000 OK
2026-06-08 17:21:38,627 INFO ABL.N0000 OK
2026-06-08 17:21:38,630 INFO ATLL.N0000 OK
2026-06-08 17:21:38,639 INFO ATL.N0000 OK
2026-06-08 17:21:38,785 INFO GREG.N0000 OK
2026-06-08 17:21:38,817 INFO TAP.N0000 OK
2026-06-08 17:21:39,092 INFO AMCL.N0000 OK
2026-06-08 17:21:39,208 INFO ALHP.N0000 OK
2026-06-08 17:21:39,275 INFO ACAP.N0000 OK
2026-06-08 17:21:39,322 INFO AINS.N0000 OK
2026-06-08 17:21:39,359 INFO AAF.N0000 OK
2026-06-08 17:21:39,364 INFO ASIY.N0000 OK
2026-06-08 17:21:40,037 INFO BLI.N0000 OK
2026-06-08 17:21:40,092 INFO BFL.N0000 OK
2026-06-08 17:21:40,155 INFO AHPL.N0000 OK
2026-06-08 17:21:40,158 INFO AMF.N0000 OK
2026-06-08 17:21:40,161 INFO BRR.N0000 OK
2026-06-08 17:21:40,163 INFO BPPL.N0000 OK
2026-06-08 17:21:40,177 INFO BALA.N0000 OK
2026-06-08 17:21:40,183 INFO AMSL.N0000 OK
2026-06-08 17:21:40,190 INFO ASIR.N0000 OK
2026-06-08 17:21:40,201 INFO BERU.N0000 OK
2026-06-08 17:21:40,754 INFO BLUE.N0000 OK
2026-06-08 17:21:40,887 INFO BLUE.X0000 OK
2026-06-08 17:21:40,931 INFO BOGA.N0000 OK
2026-06-08 17:21:40,939 INFO BOPL.N0000 OK
2026-06-08 17:21:41,152 INFO CIC.N0000 OK
2026-06-08 17:21:41,160 INFO BIL.N0000 OK
2026-06-08 17:21:41,181 INFO BUKI.N0000 OK
2026-06-08 17:21:41,242 INFO BRWN.N0000 OK
2026-06-08 17:21:41,245 INFO CIC.X0000 OK
2026-06-08 17:21:41,282 INFO COLO.N0000 OK
2026-06-08 17:21:41,509 INFO CTHR.N0000 OK
2026-06-08 17:21:41,643 INFO CTLD.N0000 OK
2026-06-08 17:21:41,690 INFO CWM.N0000 OK
2026-06-08 17:21:41,988 INFO CALT.N0000 OK
2026-06-08 17:21:41,991 INFO CARG.N0000 OK
2026-06-08 17:21:42,030 INFO CABO.N0000 OK
2026-06-08 17:21:42,033 INFO CSLK.N0000 OK
2026-06-08 17:21:42,036 INFO CALH.N0000 OK
2026-06-08 17:21:42,039 INFO CBNK.N0000 OK
2026-06-08 17:21:42,072 INFO CARS.N0000 OK
2026-06-08 17:21:42,259 INFO CFIN.N0000 OK
2026-06-08 17:21:42,394 INFO CIND.N0000 OK
2026-06-08 17:21:42,437 INFO CINS.N0000 OK
2026-06-08 17:21:42,715 INFO CCS.N0000 OK
2026-06-08 17:21:42,758 INFO GRAN.N0000 OK
2026-06-08 17:21:42,826 INFO BREW.N0000 OK
2026-06-08 17:21:42,842 INFO CINS.X0000 OK
2026-06-08 17:21:42,858 INFO CHL.X0000 OK
2026-06-08 17:21:42,868 INFO GUAR.N0000 OK
2026-06-08 17:21:42,872 INFO CHL.N0000 OK
2026-06-08 17:21:43,019 INFO CHOT.N0000 OK
2026-06-08 17:21:43,137 INFO CINV.N0000 OK
2026-06-08 17:21:43,471 INFO KZOO.N0000 OK
2026-06-08 17:21:43,486 INFO CTBL.N0000 OK
2026-06-08 17:21:43,501 INFO CTC.N0000 OK
2026-06-08 17:21:43,527 INFO LLUB.N0000 OK
2026-06-08 17:21:43,580 INFO CHMX.N0000 OK
2026-06-08 17:21:43,629 INFO CWL.N0000 OK
2026-06-08 17:21:43,658 INFO CDB.N0000 OK
2026-06-08 17:21:43,662 INFO CDB.X0000 OK
2026-06-08 17:21:43,760 INFO REEF.N0000 OK
2026-06-08 17:21:43,808 INFO CHOU.N0000 OK
2026-06-08 17:21:44,144 INFO COOP.N0000 OK
2026-06-08 17:21:44,248 INFO PHAR.N0000 OK
2026-06-08 17:21:44,256 INFO DOCK.N0000 OK
2026-06-08 17:21:44,294 INFO CFI.N0000 OK
2026-06-08 17:21:44,340 INFO CIT.N0000 OK
2026-06-08 17:21:44,405 INFO CLND.N0000 OK
2026-06-08 17:21:44,439 INFO COMB.X0000 OK
2026-06-08 17:21:44,445 INFO COMB.N0000 OK
2026-06-08 17:21:44,474 INFO COMD.N0000 OK
2026-06-08 17:21:44,515 INFO COCR.N0000 OK
2026-06-08 17:21:44,882 INFO SOY.N0000 OK
2026-06-08 17:21:45,014 INFO DPL.N0000 OK
2026-06-08 17:21:45,049 INFO DFCC.N0000 OK
2026-06-08 17:21:45,078 INFO DIAL.N0000 OK
2026-06-08 17:21:45,128 INFO CALF.N0000 OK
2026-06-08 17:21:45,144 INFO DIMO.N0000 OK
2026-06-08 17:21:45,209 INFO CTEA.N0000 OK
2026-06-08 17:21:45,229 INFO PKME.N0000 OK
2026-06-08 17:21:45,249 INFO DIPD.N0000 OK
2026-06-08 17:21:45,289 INFO DIST.N0000 OK
2026-06-08 17:21:45,624 INFO STAF.N0000 OK
2026-06-08 17:21:45,767 INFO ECL.N0000 OK
2026-06-08 17:21:45,794 INFO EBCR.N0000 OK
2026-06-08 17:21:45,856 INFO EML.N0000 OK
2026-06-08 17:21:45,915 INFO EAST.N0000 OK
2026-06-08 17:21:45,918 INFO EMER.N0000 OK
2026-06-08 17:21:46,000 INFO ETWO.N0000 OK
2026-06-08 17:21:46,013 INFO ELPL.N0000 OK
2026-06-08 17:21:46,016 INFO EDEN.N0000 OK
2026-06-08 17:21:46,066 INFO PACK.N0000 OK
2026-06-08 17:21:46,364 INFO EXT.N0000 OK
2026-06-08 17:21:46,542 INFO CFVF.N0000 OK
2026-06-08 17:21:46,563 INFO FCT.N0000 OK
2026-06-08 17:21:46,644 INFO GHLL.N0000 OK
2026-06-08 17:21:46,686 INFO WAPO.N0000 OK
2026-06-08 17:21:46,704 INFO GEST.N0000 OK
2026-06-08 17:21:46,757 INFO MEL.N0000 OK
2026-06-08 17:21:46,777 INFO HARI.N0000 OK
2026-06-08 17:21:46,781 INFO HNB.N0000 OK
2026-06-08 17:21:46,822 INFO HAPU.N0000 OK
2026-06-08 17:21:47,024 INFO HNB.X0000 OK
2026-06-08 17:21:47,235 INFO HAYC.N0000 OK
2026-06-08 17:21:47,282 INFO HPL.N0000 OK
2026-06-08 17:21:47,313 INFO MGT.N0000 OK
2026-06-08 17:21:47,373 INFO CONN.N0000 OK
2026-06-08 17:21:47,436 INFO HAYL.N0000 OK
2026-06-08 17:21:47,437 INFO HEXP.N0000 OK
2026-06-08 17:21:47,544 INFO HELA.N0000 OK
2026-06-08 17:21:47,566 INFO CITH.N0000 OK
2026-06-08 17:21:47,577 INFO HHL.N0000 OK
2026-06-08 17:21:47,784 INFO HASU.N0000 OK
2026-06-08 17:21:47,978 INFO HNBF.N0000 OK
2026-06-08 17:21:48,019 INFO HNBF.X0000 OK
2026-06-08 17:21:48,063 INFO HOPL.N0000 OK
2026-06-08 17:21:48,112 INFO HSIG.N0000 OK
2026-06-08 17:21:48,115 INFO HBS.N0000 OK
2026-06-08 17:21:48,198 INFO HDFC.N0000 OK
2026-06-08 17:21:48,315 INFO HUNA.N0000 OK
2026-06-08 17:21:48,345 INFO HUNT.N0000 OK
2026-06-08 17:21:48,367 INFO HVA.N0000 OK
2026-06-08 17:21:48,520 INFO ASPH.N0000 OK
2026-06-08 17:21:48,716 INFO INME.N0000 OK
2026-06-08 17:21:48,841 INFO BFN.N0000 OK
2026-06-08 17:21:48,876 INFO JINS.N0000 OK
2026-06-08 17:21:48,908 INFO JETS.N0000 OK
2026-06-08 17:21:48,913 INFO JAT.N0000 OK
2026-06-08 17:21:48,951 INFO JFP.N0000 OK
2026-06-08 17:21:48,989 INFO JKH.N0000 OK
2026-06-08 17:21:49,107 INFO KHL.N0000 OK
2026-06-08 17:21:49,148 INFO JKL.N0000 OK
2026-06-08 17:21:49,278 INFO KAHA.N0000 OK
2026-06-08 17:21:49,453 INFO KPHL.N0000 OK
2026-06-08 17:21:49,631 INFO KFP.N0000 OK
2026-06-08 17:21:49,652 INFO KDL.N0000 OK
2026-06-08 17:21:49,655 INFO KGAL.N0000 OK
2026-06-08 17:21:49,712 INFO KCAB.N0000 OK
2026-06-08 17:21:49,716 INFO KVAL.N0000 OK
2026-06-08 17:21:49,719 INFO TYRE.N0000 OK
2026-06-08 17:21:49,817 INFO KOTA.N0000 OK
2026-06-08 17:21:49,860 INFO CPRT.N0000 OK
2026-06-08 17:21:50,043 INFO LAMB.N0000 OK
2026-06-08 17:21:50,191 INFO LOLC.N0000 OK
2026-06-08 17:21:50,382 INFO LVEF.N0000 OK
2026-06-08 17:21:50,440 INFO LALU.N0000 OK
2026-06-08 17:21:50,452 INFO LPRT.N0000 OK
2026-06-08 17:21:50,503 INFO ASHO.N0000 OK
2026-06-08 17:21:50,520 INFO CERA.N0000 OK
2026-06-08 17:21:50,529 INFO LCBF.N0000 OK
2026-06-08 17:21:50,588 INFO LIOC.N0000 OK
2026-06-08 17:21:50,750 INFO LMF.N0000 OK
2026-06-08 17:21:50,794 INFO ASCO.N0000 OK
2026-06-08 17:21:50,942 INFO TILE.N0000 OK
2026-06-08 17:21:51,105 INFO LWL.N0000 OK
2026-06-08 17:21:51,124 INFO LVEN.N0000 OK
2026-06-08 17:21:51,190 INFO LCEY.N0000 OK
2026-06-08 17:21:51,304 INFO LGL.N0000 OK
2026-06-08 17:21:51,307 INFO LDEV.N0000 OK
2026-06-08 17:21:51,312 INFO LGL.X0000 OK
2026-06-08 17:21:51,381 INFO LPL.N0000 OK
2026-06-08 17:21:51,508 INFO LPL.X0000 OK
2026-06-08 17:21:51,575 INFO LITE.N0000 OK
2026-06-08 17:21:51,746 INFO LFIN.N0000 OK
2026-06-08 17:21:51,849 INFO SHAW.N0000 OK
2026-06-08 17:21:51,870 INFO LION.N0000 OK
2026-06-08 17:21:51,961 INFO LOFC.N0000 OK
2026-06-08 17:21:52,061 INFO HPFL.N0000 OK
2026-06-08 17:21:52,102 INFO LGIL.N0000 OK
2026-06-08 17:21:52,130 INFO LUMX.N0000 OK
2026-06-08 17:21:52,193 INFO MADU.N0000 OK
2026-06-08 17:21:52,275 INFO MFPE.N0000 OK
2026-06-08 17:21:52,312 INFO MCPL.N0000 OK
2026-06-08 17:21:52,466 INFO MRH.N0000 OK
2026-06-08 17:21:52,621 INFO MAL.X0000 OK
2026-06-08 17:21:52,682 INFO MAL.N0000 OK
2026-06-08 17:21:52,701 INFO MARA.N0000 OK
2026-06-08 17:21:52,810 INFO MASK.N0000 OK
2026-06-08 17:21:52,870 INFO MELS.N0000 OK
2026-06-08 17:21:52,891 INFO MERC.N0000 OK
2026-06-08 17:21:52,974 INFO MSL.N0000 OK
2026-06-08 17:21:53,037 INFO MBSL.N0000 OK
2026-06-08 17:21:53,054 INFO MHDL.N0000 OK
2026-06-08 17:21:53,210 INFO MULL.N0000 OK
2026-06-08 17:21:53,352 INFO NAMU.N0000 OK
2026-06-08 17:21:53,388 INFO MDL.N0000 OK
2026-06-08 17:21:53,393 INFO CSF.N0000 OK
2026-06-08 17:21:53,479 INFO NDB.N0000 OK
2026-06-08 17:21:53,533 INFO NTB.N0000 OK
2026-06-08 17:21:53,553 INFO NTB.X0000 OK
2026-06-08 17:21:53,720 INFO NHL.N0000 OK
2026-06-08 17:21:53,785 INFO ODEL.N0000 OK
2026-06-08 17:21:53,795 INFO OFEQ.N0000 OK
2026-06-08 17:21:53,987 INFO ONAL.N0000 OK
2026-06-08 17:21:54,019 INFO OSEA.N0000 OK
2026-06-08 17:21:54,230 INFO PABC.N0000 OK
2026-06-08 17:21:54,256 INFO PALM.N0000 OK
2026-06-08 17:21:54,262 INFO PAP.N0000 OK
2026-06-08 17:21:54,272 INFO PARA.N0000 OK
2026-06-08 17:21:54,357 INFO PEG.N0000 OK
2026-06-08 17:21:54,472 INFO PINS.N0000 OK
2026-06-08 17:21:54,577 INFO PLC.N0000 OK
2026-06-08 17:21:54,614 INFO GLAS.N0000 OK
2026-06-08 17:21:54,750 INFO PMB.N0000 OK
2026-06-08 17:21:54,788 INFO PLR.N0000 OK
2026-06-08 17:21:54,978 INFO CARE.N0000 OK
2026-06-08 17:21:55,047 INFO RGEM.N0000 OK
2026-06-08 17:21:55,054 INFO RIL.N0000 OK
2026-06-08 17:21:55,075 INFO RWSL.N0000 OK
2026-06-08 17:21:55,128 INFO RFL.N0000 OK
2026-06-08 17:21:55,135 INFO RAL.N0000 OK
2026-06-08 17:21:55,355 INFO COCO.N0000 OK
2026-06-08 17:21:55,366 INFO RENU.N0000 OK
2026-06-08 17:21:55,451 INFO RHL.N0000 OK
2026-06-08 17:21:55,506 INFO COCO.X0000 OK
2026-06-08 17:21:55,733 INFO RHL.X0000 OK
2026-06-08 17:21:55,803 INFO HPWR.N0000 OK
2026-06-08 17:21:55,811 INFO RCL.N0000 OK
2026-06-08 17:21:55,820 INFO RICH.N0000 OK
2026-06-08 17:21:55,842 INFO RCH.N0000 OK
2026-06-08 17:21:55,873 INFO REXP.N0000 OK
2026-06-08 17:21:56,040 INFO SAMP.N0000 OK
2026-06-08 17:21:56,102 INFO RPBH.N0000 OK
2026-06-08 17:21:56,198 INFO SIL.N0000 OK
2026-06-08 17:21:56,265 INFO SDB.N0000 OK
2026-06-08 17:21:56,479 INFO SDF.N0000 OK
2026-06-08 17:21:56,615 INFO SFCL.N0000 OK
2026-06-08 17:21:56,648 INFO SHOT.X0000 OK
2026-06-08 17:21:56,666 INFO SLND.N0000 OK
2026-06-08 17:21:56,677 INFO SHOT.N0000 OK
2026-06-08 17:21:56,678 INFO SMOT.N0000 OK
2026-06-08 17:21:56,724 INFO SEYB.N0000 OK
2026-06-08 17:21:56,776 INFO SEYB.X0000 OK
2026-06-08 17:21:56,938 INFO CSD.N0000 OK
2026-06-08 17:21:56,941 INFO SIRA.N0000 OK
2026-06-08 17:21:57,219 INFO SIGV.N0000 OK
2026-06-08 17:21:57,285 INFO SINS.N0000 OK
2026-06-08 17:21:57,394 INFO SFIN.N0000 OK
2026-06-08 17:21:57,463 INFO SINH.N0000 OK
2026-06-08 17:21:57,473 INFO SEMB.X0000 OK
2026-06-08 17:21:57,473 INFO SEMB.N0000 OK
2026-06-08 17:21:57,493 INFO SCAP.N0000 OK
2026-06-08 17:21:57,534 INFO CRL.N0000 OK
2026-06-08 17:21:57,691 INFO SHL.N0000 OK
2026-06-08 17:21:57,699 INFO AAIC.N0000 OK
2026-06-08 17:21:57,885 INFO SLTL.N0000 OK
2026-06-08 17:21:57,957 INFO SING.N0000 OK
2026-06-08 17:21:58,056 INFO SUN.N0000 OK
2026-06-08 17:21:58,232 INFO SWAD.N0000 OK
2026-06-08 17:21:58,272 INFO TAJ.N0000 OK
2026-06-08 17:21:58,287 INFO PARQ.N0000 OK
2026-06-08 17:21:58,299 INFO TPL.N0000 OK
2026-06-08 17:21:58,319 INFO TANG.N0000 OK
2026-06-08 17:21:58,457 INFO TSML.N0000 OK
2026-06-08 17:21:58,461 INFO TJL.N0000 OK
2026-06-08 17:21:58,618 INFO TESS.N0000 OK
2026-06-08 17:21:58,760 INFO TESS.X0000 OK
2026-06-08 17:21:58,802 INFO LHL.N0000 OK
2026-06-08 17:21:58,993 INFO AUTO.N0000 OK
2026-06-08 17:21:59,050 INFO CFLB.N0000 OK
2026-06-08 17:21:59,081 INFO RHTL.N0000 OK
2026-06-08 17:21:59,085 INFO KHC.N0000 OK
2026-06-08 17:21:59,088 INFO SERV.N0000 OK
2026-06-08 17:21:59,209 INFO LHCL.N0000 OK
2026-06-08 17:21:59,223 INFO NEH.N0000 OK
2026-06-08 17:21:59,366 INFO TAFL.N0000 OK
2026-06-08 17:21:59,428 INFO TKYO.N0000 OK
2026-06-08 17:21:59,551 INFO TKYO.X0000 OK
2026-06-08 17:21:59,742 INFO TRAN.N0000 OK
2026-06-08 17:21:59,802 INFO UBF.N0000 OK
2026-06-08 17:21:59,871 INFO UAL.N0000 OK
2026-06-08 17:21:59,884 INFO UBC.N0000 OK
2026-06-08 17:21:59,887 INFO UDPL.N0000 OK
2026-06-08 17:21:59,956 INFO UCAR.N0000 OK
2026-06-08 17:21:59,967 INFO UML.N0000 OK
2026-06-08 17:22:00,107 INFO VONE.N0000 OK
2026-06-08 17:22:00,115 INFO VFIN.N0000 OK
2026-06-08 17:22:00,301 INFO VPEL.N0000 OK
2026-06-08 17:22:00,491 INFO VLL.N0000 OK
2026-06-08 17:22:00,541 INFO VLL.X0000 OK
2026-06-08 17:22:00,667 INFO WIND.N0000 OK
2026-06-08 17:22:00,671 INFO CITW.N0000 OK
2026-06-08 17:22:00,679 INFO WATA.N0000 OK
2026-06-08 17:22:00,713 INFO YORK.N0000 OK
2026-06-08 17:22:00,748 INFO WLTH.N0000 OK
2026-06-08 17:22:00,865 INFO JXG.N0000 OK
2026-06-08 17:22:00,882 INFO Wrote 302 rows to /home/runner/work/cse-scraper/cse-scraper/data/2026-06-08/all_company_info_2026-06-08.csv
2026-06-08 17:22:00,882 INFO Symbols: 302, success: 302, failures: 0
