2026-07-24 15:23:09,714 INFO Saved: data/2026-07-24/tradeSummary_2026-07-24.json
2026-07-24 15:23:10,679 INFO Saved: data/2026-07-24/todaySharePrice_2026-07-24.json
2026-07-24 15:23:11,771 INFO Saved: data/2026-07-24/topGainers_2026-07-24.json
2026-07-24 15:23:12,776 INFO Saved: data/2026-07-24/topLooses_2026-07-24.json
2026-07-24 15:23:13,990 INFO Saved: data/2026-07-24/mostActiveTrades_2026-07-24.json
2026-07-24 15:23:15,085 INFO Saved: data/2026-07-24/marketSummery_2026-07-24.json
2026-07-24 15:23:16,061 INFO Saved: data/2026-07-24/aspiData_2026-07-24.json
2026-07-24 15:23:17,031 INFO Saved: data/2026-07-24/snpData_2026-07-24.json
2026-07-24 15:23:18,009 INFO Saved: data/2026-07-24/allSectors_2026-07-24.json
2026-07-24 15:23:19,176 INFO Saved: data/2026-07-24/detailedTrades_2026-07-24.json
2026-07-24 15:23:20,241 INFO Saved: data/2026-07-24/dailyMarketSummery_2026-07-24.json
2026-07-24 15:23:21,370 INFO Saved: data/2026-07-24/getContributors_2026-07-24.json
2026-07-24 15:23:22,461 INFO Saved: data/2026-07-24/getContributorsChart_2026-07-24.json
2026-07-24 15:23:22,462 INFO Saved 13 files (0 errors)
2026-07-24 15:23:23,883 INFO APLA.N0000 OK
2026-07-24 15:23:23,885 INFO ABAN.N0000 OK
2026-07-24 15:23:23,903 INFO ACL.N0000 OK
2026-07-24 15:23:23,921 INFO AFSL.N0000 OK
2026-07-24 15:23:24,263 INFO AGST.N0000 OK
2026-07-24 15:23:24,270 INFO AGAL.N0000 OK
2026-07-24 15:23:24,291 INFO AEL.N0000 OK
2026-07-24 15:23:24,296 INFO AGPL.N0000 OK
2026-07-24 15:23:24,301 INFO ACME.N0000 OK
2026-07-24 15:23:24,304 INFO AGST.X0000 OK
2026-07-24 15:23:24,940 INFO ALLI.N0000 OK
2026-07-24 15:23:24,946 INFO AHUN.N0000 OK
2026-07-24 15:23:24,966 INFO AFS.N0000 OK
2026-07-24 15:23:24,969 INFO SPEN.N0000 OK
2026-07-24 15:23:25,614 INFO ATLL.N0000 OK
2026-07-24 15:23:25,627 INFO TAP.N0000 OK
2026-07-24 15:23:25,649 INFO GREG.N0000 OK
2026-07-24 15:23:25,666 INFO ATL.N0000 OK
2026-07-24 15:23:25,672 INFO ABL.N0000 OK
2026-07-24 15:23:25,675 INFO ALUM.N0000 OK
2026-07-24 15:23:26,063 INFO ALHP.N0000 OK
2026-07-24 15:23:26,120 INFO AINS.N0000 OK
2026-07-24 15:23:26,204 INFO AAF.N0000 OK
2026-07-24 15:23:26,206 INFO AMCL.N0000 OK
2026-07-24 15:23:26,930 INFO ACAP.N0000 OK
2026-07-24 15:23:26,953 INFO ASIY.N0000 OK
2026-07-24 15:23:26,978 INFO AHPL.N0000 OK
2026-07-24 15:23:26,991 INFO AMSL.N0000 OK
2026-07-24 15:23:27,005 INFO AMF.N0000 OK
2026-07-24 15:23:27,010 INFO BPPL.N0000 OK
2026-07-24 15:23:27,028 INFO BFL.N0000 OK
2026-07-24 15:23:27,042 INFO ASIR.N0000 OK
2026-07-24 15:23:27,259 INFO BRR.N0000 OK
2026-07-24 15:23:27,268 INFO BALA.N0000 OK
2026-07-24 15:23:28,387 INFO BLUE.X0000 OK
2026-07-24 15:23:28,430 INFO BLUE.N0000 OK
2026-07-24 15:23:28,440 INFO BLI.N0000 OK
2026-07-24 15:23:28,505 INFO BOPL.N0000 OK
2026-07-24 15:23:28,539 INFO CIC.N0000 OK
2026-07-24 15:23:28,542 INFO BUKI.N0000 OK
2026-07-24 15:23:28,550 INFO BIL.N0000 OK
2026-07-24 15:23:28,553 INFO BRWN.N0000 OK
2026-07-24 15:23:28,566 INFO BERU.N0000 OK
2026-07-24 15:23:28,576 INFO BOGA.N0000 OK
2026-07-24 15:23:29,629 INFO CBNK.N0000 OK
2026-07-24 15:23:29,632 INFO CSLK.N0000 OK
2026-07-24 15:23:29,666 INFO COLO.N0000 OK
2026-07-24 15:23:29,677 INFO CALT.N0000 OK
2026-07-24 15:23:29,682 INFO CALH.N0000 OK
2026-07-24 15:23:29,682 INFO CWM.N0000 OK
2026-07-24 15:23:29,688 INFO CTHR.N0000 OK
2026-07-24 15:23:29,696 INFO CTLD.N0000 OK
2026-07-24 15:23:29,711 INFO CARG.N0000 OK
2026-07-24 15:23:29,717 INFO CIC.X0000 OK
2026-07-24 15:23:31,143 INFO CCS.N0000 OK
2026-07-24 15:23:31,171 INFO CARS.N0000 OK
2026-07-24 15:23:31,195 INFO CINS.X0000 OK
2026-07-24 15:23:31,238 INFO CFIN.N0000 OK
2026-07-24 15:23:31,264 INFO CINS.N0000 OK
2026-07-24 15:23:31,267 INFO GUAR.N0000 OK
2026-07-24 15:23:31,270 INFO CIND.N0000 OK
2026-07-24 15:23:31,277 INFO CABO.N0000 OK
2026-07-24 15:23:31,288 INFO BREW.N0000 OK
2026-07-24 15:23:31,293 INFO GRAN.N0000 OK
2026-07-24 15:23:32,299 INFO CINV.N0000 OK
2026-07-24 15:23:32,332 INFO CTBL.N0000 OK
2026-07-24 15:23:32,337 INFO CHOT.N0000 OK
2026-07-24 15:23:32,386 INFO CHL.X0000 OK
2026-07-24 15:23:32,397 INFO LLUB.N0000 OK
2026-07-24 15:23:32,404 INFO KZOO.N0000 OK
2026-07-24 15:23:32,412 INFO CHMX.N0000 OK
2026-07-24 15:23:32,415 INFO CTC.N0000 OK
2026-07-24 15:23:32,419 INFO CHL.N0000 OK
2026-07-24 15:23:32,422 INFO CWL.N0000 OK
2026-07-24 15:23:33,074 INFO CDB.N0000 OK
2026-07-24 15:23:33,395 INFO CHOU.N0000 OK
2026-07-24 15:23:33,461 INFO CDB.X0000 OK
2026-07-24 15:23:33,474 INFO CLND.N0000 OK
2026-07-24 15:23:33,486 INFO CFI.N0000 OK
2026-07-24 15:23:33,498 INFO PHAR.N0000 OK
2026-07-24 15:23:33,501 INFO CIT.N0000 OK
2026-07-24 15:23:33,519 INFO REEF.N0000 OK
2026-07-24 15:23:33,544 INFO DOCK.N0000 OK
2026-07-24 15:23:33,562 INFO COOP.N0000 OK
2026-07-24 15:23:33,849 INFO COMB.N0000 OK
2026-07-24 15:23:34,162 INFO COMB.X0000 OK
2026-07-24 15:23:34,227 INFO COCR.N0000 OK
2026-07-24 15:23:34,249 INFO COMD.N0000 OK
2026-07-24 15:23:34,264 INFO SOY.N0000 OK
2026-07-24 15:23:34,594 INFO DPL.N0000 OK
2026-07-24 15:23:34,596 INFO DIAL.N0000 OK
2026-07-24 15:23:34,614 INFO CALF.N0000 OK
2026-07-24 15:23:34,617 INFO DIMO.N0000 OK
2026-07-24 15:23:34,670 INFO DFCC.N0000 OK
2026-07-24 15:23:34,877 INFO PKME.N0000 OK
2026-07-24 15:23:35,245 INFO DIST.N0000 OK
2026-07-24 15:23:35,251 INFO DIPD.N0000 OK
2026-07-24 15:23:35,268 INFO STAF.N0000 OK
2026-07-24 15:23:35,271 INFO CTEA.N0000 OK
2026-07-24 15:23:35,699 INFO EDEN.N0000 OK
2026-07-24 15:23:35,766 INFO ECL.N0000 OK
2026-07-24 15:23:35,769 INFO EML.N0000 OK
2026-07-24 15:23:35,780 INFO EMER.N0000 OK
2026-07-24 15:23:35,802 INFO EAST.N0000 OK
2026-07-24 15:23:35,805 INFO EBCR.N0000 OK
2026-07-24 15:23:36,024 INFO ELPL.N0000 OK
2026-07-24 15:23:36,332 INFO PACK.N0000 OK
2026-07-24 15:23:36,343 INFO EXT.N0000 OK
2026-07-24 15:23:36,349 INFO ETWO.N0000 OK
2026-07-24 15:23:36,500 INFO CFVF.N0000 OK
2026-07-24 15:23:36,853 INFO MEL.N0000 OK
2026-07-24 15:23:36,926 INFO FCT.N0000 OK
2026-07-24 15:23:36,951 INFO WAPO.N0000 OK
2026-07-24 15:23:36,964 INFO HAPU.N0000 OK
2026-07-24 15:23:36,967 INFO GHLL.N0000 OK
2026-07-24 15:23:36,970 INFO GEST.N0000 OK
2026-07-24 15:23:37,124 INFO HARI.N0000 OK
2026-07-24 15:23:37,415 INFO HPL.N0000 OK
2026-07-24 15:23:37,427 INFO HNB.N0000 OK
2026-07-24 15:23:37,436 INFO HNB.X0000 OK
2026-07-24 15:23:37,882 INFO HELA.N0000 OK
2026-07-24 15:23:37,985 INFO MGT.N0000 OK
2026-07-24 15:23:37,987 INFO HAYC.N0000 OK
2026-07-24 15:23:37,997 INFO CONN.N0000 OK
2026-07-24 15:23:37,999 INFO HEXP.N0000 OK
2026-07-24 15:23:38,003 INFO HHL.N0000 OK
2026-07-24 15:23:38,003 INFO HAYL.N0000 OK
2026-07-24 15:23:38,210 INFO HASU.N0000 OK
2026-07-24 15:23:38,211 INFO CITH.N0000 OK
2026-07-24 15:23:38,843 INFO HUNA.N0000 OK
2026-07-24 15:23:38,883 INFO HNBF.N0000 OK
2026-07-24 15:23:38,886 INFO HSIG.N0000 OK
2026-07-24 15:23:38,894 INFO HNBF.X0000 OK
2026-07-24 15:23:38,901 INFO HBS.N0000 OK
2026-07-24 15:23:38,904 INFO HUNT.N0000 OK
2026-07-24 15:23:38,917 INFO HDFC.N0000 OK
2026-07-24 15:23:38,931 INFO HOPL.N0000 OK
2026-07-24 15:23:38,982 INFO HVA.N0000 OK
2026-07-24 15:23:38,989 INFO ASPH.N0000 OK
2026-07-24 15:23:39,599 INFO INME.N0000 OK
2026-07-24 15:23:39,718 INFO JKH.N0000 OK
2026-07-24 15:23:39,725 INFO JAT.N0000 OK
2026-07-24 15:23:39,726 INFO JINS.N0000 OK
2026-07-24 15:23:39,733 INFO JETS.N0000 OK
2026-07-24 15:23:39,755 INFO JFP.N0000 OK
2026-07-24 15:23:39,768 INFO BFN.N0000 OK
2026-07-24 15:23:39,781 INFO KHL.N0000 OK
2026-07-24 15:23:40,027 INFO JKL.N0000 OK
2026-07-24 15:23:40,049 INFO KAHA.N0000 OK
2026-07-24 15:23:40,362 INFO KPHL.N0000 OK
2026-07-24 15:23:40,490 INFO KFP.N0000 OK
2026-07-24 15:23:40,791 INFO KDL.N0000 OK
2026-07-24 15:23:40,898 INFO KVAL.N0000 OK
2026-07-24 15:23:40,907 INFO TYRE.N0000 OK
2026-07-24 15:23:40,908 INFO CPRT.N0000 OK
2026-07-24 15:23:40,910 INFO KCAB.N0000 OK
2026-07-24 15:23:40,932 INFO LAMB.N0000 OK
2026-07-24 15:23:40,934 INFO KGAL.N0000 OK
2026-07-24 15:23:40,935 INFO KOTA.N0000 OK
2026-07-24 15:23:41,132 INFO LOLC.N0000 OK
2026-07-24 15:23:42,025 INFO LCBF.N0000 OK
2026-07-24 15:23:42,028 INFO TILE.N0000 OK
2026-07-24 15:23:42,047 INFO LMF.N0000 OK
2026-07-24 15:23:42,102 INFO ASHO.N0000 OK
2026-07-24 15:23:42,118 INFO LVEF.N0000 OK
2026-07-24 15:23:42,120 INFO ASCO.N0000 OK
2026-07-24 15:23:42,123 INFO LIOC.N0000 OK
2026-07-24 15:23:42,129 INFO LALU.N0000 OK
2026-07-24 15:23:42,129 INFO LPRT.N0000 OK
2026-07-24 15:23:42,144 INFO CERA.N0000 OK
2026-07-24 15:23:42,752 INFO LWL.N0000 OK
2026-07-24 15:23:42,803 INFO LVEN.N0000 OK
2026-07-24 15:23:42,827 INFO LCEY.N0000 OK
2026-07-24 15:23:43,567 INFO LPL.N0000 OK
2026-07-24 15:23:43,621 INFO LGL.N0000 OK
2026-07-24 15:23:43,675 INFO LDEV.N0000 OK
2026-07-24 15:23:43,696 INFO LPL.X0000 OK
2026-07-24 15:23:43,705 INFO LITE.N0000 OK
2026-07-24 15:23:43,708 INFO SHAW.N0000 OK
2026-07-24 15:23:43,708 INFO LFIN.N0000 OK
2026-07-24 15:23:43,714 INFO LGL.X0000 OK
2026-07-24 15:23:43,724 INFO LION.N0000 OK
2026-07-24 15:23:43,931 INFO LOFC.N0000 OK
2026-07-24 15:23:44,345 INFO LGIL.N0000 OK
2026-07-24 15:23:44,379 INFO HPFL.N0000 OK
2026-07-24 15:23:44,439 INFO LUMX.N0000 OK
2026-07-24 15:23:44,471 INFO MADU.N0000 OK
2026-07-24 15:23:44,518 INFO MAL.N0000 OK
2026-07-24 15:23:44,541 INFO MRH.N0000 OK
2026-07-24 15:23:44,545 INFO MCPL.N0000 OK
2026-07-24 15:23:44,548 INFO MAL.X0000 OK
2026-07-24 15:23:44,551 INFO MFPE.N0000 OK
2026-07-24 15:23:44,703 INFO MARA.N0000 OK
2026-07-24 15:23:45,119 INFO MASK.N0000 OK
2026-07-24 15:23:45,621 INFO CSF.N0000 OK
2026-07-24 15:23:45,631 INFO NAMU.N0000 OK
2026-07-24 15:23:45,634 INFO MELS.N0000 OK
2026-07-24 15:23:45,671 INFO MERC.N0000 OK
2026-07-24 15:23:45,675 INFO MBSL.N0000 OK
2026-07-24 15:23:45,700 INFO MULL.N0000 OK
2026-07-24 15:23:45,700 INFO MSL.N0000 OK
2026-07-24 15:23:45,702 INFO MDL.N0000 OK
2026-07-24 15:23:45,708 INFO MHDL.N0000 OK
2026-07-24 15:23:46,135 INFO NDB.N0000 OK
2026-07-24 15:23:46,392 INFO NTB.N0000 OK
2026-07-24 15:23:46,886 INFO OFEQ.N0000 OK
2026-07-24 15:23:46,924 INFO ONAL.N0000 OK
2026-07-24 15:23:46,967 INFO NTB.X0000 OK
2026-07-24 15:23:46,979 INFO PALM.N0000 OK
2026-07-24 15:23:46,991 INFO OSEA.N0000 OK
2026-07-24 15:23:46,998 INFO PABC.N0000 OK
2026-07-24 15:23:47,002 INFO NHL.N0000 OK
2026-07-24 15:23:47,047 INFO ODEL.N0000 OK
2026-07-24 15:23:47,050 INFO PAP.N0000 OK
2026-07-24 15:23:47,191 INFO PARA.N0000 OK
2026-07-24 15:23:47,664 INFO PEG.N0000 OK
2026-07-24 15:23:47,694 INFO PINS.N0000 OK
2026-07-24 15:23:47,720 INFO PLR.N0000 OK
2026-07-24 15:23:47,741 INFO PLC.N0000 OK
2026-07-24 15:23:47,780 INFO GLAS.N0000 OK
2026-07-24 15:23:47,801 INFO PMB.N0000 OK
2026-07-24 15:23:47,842 INFO RIL.N0000 OK
2026-07-24 15:23:47,845 INFO CARE.N0000 OK
2026-07-24 15:23:47,847 INFO RGEM.N0000 OK
2026-07-24 15:23:48,266 INFO RWSL.N0000 OK
2026-07-24 15:23:48,437 INFO RFL.N0000 OK
2026-07-24 15:23:48,480 INFO RAL.N0000 OK
2026-07-24 15:23:48,485 INFO RENU.N0000 OK
2026-07-24 15:23:48,511 INFO COCO.N0000 OK
2026-07-24 15:23:48,531 INFO COCO.X0000 OK
2026-07-24 15:23:48,563 INFO RHL.N0000 OK
2026-07-24 15:23:48,643 INFO RHL.X0000 OK
2026-07-24 15:23:48,646 INFO HPWR.N0000 OK
2026-07-24 15:23:48,651 INFO RCH.N0000 OK
2026-07-24 15:23:49,037 INFO RICH.N0000 OK
2026-07-24 15:23:49,196 INFO RCL.N0000 OK
2026-07-24 15:23:49,204 INFO REXP.N0000 OK
2026-07-24 15:23:49,228 INFO SAMP.N0000 OK
2026-07-24 15:23:49,257 INFO RPBH.N0000 OK
2026-07-24 15:23:49,336 INFO SIL.N0000 OK
2026-07-24 15:23:49,341 INFO SDB.N0000 OK
2026-07-24 15:23:49,442 INFO SDF.N0000 OK
2026-07-24 15:23:49,454 INFO SMOT.N0000 OK
2026-07-24 15:23:49,461 INFO SFCL.N0000 OK
2026-07-24 15:23:49,822 INFO SHOT.N0000 OK
2026-07-24 15:23:49,981 INFO SLND.N0000 OK
2026-07-24 15:23:49,985 INFO SHOT.X0000 OK
2026-07-24 15:23:50,001 INFO SEYB.N0000 OK
2026-07-24 15:23:50,027 INFO SEYB.X0000 OK
2026-07-24 15:23:50,112 INFO CSD.N0000 OK
2026-07-24 15:23:50,115 INFO SIRA.N0000 OK
2026-07-24 15:23:50,242 INFO SINS.N0000 OK
2026-07-24 15:23:50,260 INFO SFIN.N0000 OK
2026-07-24 15:23:50,265 INFO SIGV.N0000 OK
2026-07-24 15:23:50,591 INFO SINH.N0000 OK
2026-07-24 15:23:50,774 INFO SEMB.X0000 OK
2026-07-24 15:23:50,777 INFO SEMB.N0000 OK
2026-07-24 15:23:50,783 INFO SCAP.N0000 OK
2026-07-24 15:23:50,807 INFO CRL.N0000 OK
2026-07-24 15:23:50,928 INFO AAIC.N0000 OK
2026-07-24 15:23:50,928 INFO SHL.N0000 OK
2026-07-24 15:23:50,954 INFO SLTL.N0000 OK
2026-07-24 15:23:50,983 INFO SUN.N0000 OK
2026-07-24 15:23:51,047 INFO SING.N0000 OK
2026-07-24 15:23:51,358 INFO SWAD.N0000 OK
2026-07-24 15:23:51,573 INFO TAJ.N0000 OK
2026-07-24 15:23:51,580 INFO TANG.N0000 OK
2026-07-24 15:23:51,584 INFO PARQ.N0000 OK
2026-07-24 15:23:51,596 INFO TPL.N0000 OK
2026-07-24 15:23:51,700 INFO TJL.N0000 OK
2026-07-24 15:23:51,703 INFO TSML.N0000 OK
2026-07-24 15:23:51,739 INFO TESS.N0000 OK
2026-07-24 15:23:51,761 INFO TESS.X0000 OK
2026-07-24 15:23:51,776 INFO LHL.N0000 OK
2026-07-24 15:23:52,131 INFO AUTO.N0000 OK
2026-07-24 15:23:52,363 INFO CFLB.N0000 OK
2026-07-24 15:23:52,386 INFO RHTL.N0000 OK
2026-07-24 15:23:52,399 INFO SERV.N0000 OK
2026-07-24 15:23:52,404 INFO KHC.N0000 OK
2026-07-24 15:23:52,422 INFO NEH.N0000 OK
2026-07-24 15:23:52,475 INFO TKYO.N0000 OK
2026-07-24 15:23:52,479 INFO LHCL.N0000 OK
2026-07-24 15:23:52,505 INFO TAFL.N0000 OK
2026-07-24 15:23:52,543 INFO TKYO.X0000 OK
2026-07-24 15:23:52,903 INFO TRAN.N0000 OK
2026-07-24 15:23:53,092 INFO UDPL.N0000 OK
2026-07-24 15:23:53,133 INFO UBF.N0000 OK
2026-07-24 15:23:53,139 INFO UCAR.N0000 OK
2026-07-24 15:23:53,191 INFO UBC.N0000 OK
2026-07-24 15:23:53,194 INFO UML.N0000 OK
2026-07-24 15:23:53,197 INFO UAL.N0000 OK
2026-07-24 15:23:53,249 INFO VFIN.N0000 OK
2026-07-24 15:23:53,550 INFO VPEL.N0000 OK
2026-07-24 15:23:53,552 INFO VONE.N0000 OK
2026-07-24 15:23:53,672 INFO VLL.N0000 OK
2026-07-24 15:23:53,867 INFO VLL.X0000 OK
2026-07-24 15:23:53,908 INFO CITW.N0000 OK
2026-07-24 15:23:53,911 INFO WATA.N0000 OK
2026-07-24 15:23:53,938 INFO WIND.N0000 OK
2026-07-24 15:23:53,960 INFO JXG.N0000 OK
2026-07-24 15:23:53,996 INFO WLTH.N0000 OK
2026-07-24 15:23:53,998 INFO YORK.N0000 OK
2026-07-24 15:23:54,015 INFO Wrote 302 rows to /home/runner/work/cse-scraper/cse-scraper/data/2026-07-24/all_company_info_2026-07-24.csv
2026-07-24 15:23:54,015 INFO Symbols: 302, success: 302, failures: 0
