2026-05-19 16:48:50,313 INFO Saved: data/2026-05-19/tradeSummary_2026-05-19.json
2026-05-19 16:48:51,331 INFO Saved: data/2026-05-19/todaySharePrice_2026-05-19.json
2026-05-19 16:48:52,389 INFO Saved: data/2026-05-19/topGainers_2026-05-19.json
2026-05-19 16:48:53,689 INFO Saved: data/2026-05-19/topLooses_2026-05-19.json
2026-05-19 16:48:54,439 INFO Saved: data/2026-05-19/mostActiveTrades_2026-05-19.json
2026-05-19 16:48:55,922 INFO Saved: data/2026-05-19/marketSummery_2026-05-19.json
2026-05-19 16:48:56,930 INFO Saved: data/2026-05-19/aspiData_2026-05-19.json
2026-05-19 16:48:57,959 INFO Saved: data/2026-05-19/snpData_2026-05-19.json
2026-05-19 16:48:58,981 INFO Saved: data/2026-05-19/allSectors_2026-05-19.json
2026-05-19 16:49:00,809 INFO Saved: data/2026-05-19/detailedTrades_2026-05-19.json
2026-05-19 16:49:03,751 INFO Saved: data/2026-05-19/dailyMarketSummery_2026-05-19.json
2026-05-19 16:49:04,941 INFO Saved: data/2026-05-19/getContributors_2026-05-19.json
2026-05-19 16:49:06,444 INFO Saved: data/2026-05-19/getContributorsChart_2026-05-19.json
2026-05-19 16:49:06,444 INFO Saved 13 files (0 errors)
2026-05-19 16:49:08,133 INFO ACME.N0000 OK
2026-05-19 16:49:08,177 INFO AEL.N0000 OK
2026-05-19 16:49:08,340 INFO ABAN.N0000 OK
2026-05-19 16:49:08,361 INFO AGST.N0000 OK
2026-05-19 16:49:08,379 INFO AGAL.N0000 OK
2026-05-19 16:49:08,386 INFO APLA.N0000 OK
2026-05-19 16:49:08,389 INFO AGST.X0000 OK
2026-05-19 16:49:08,398 INFO AFSL.N0000 OK
2026-05-19 16:49:08,408 INFO ACL.N0000 OK
2026-05-19 16:49:08,411 INFO AGPL.N0000 OK
2026-05-19 16:49:09,482 INFO ABL.N0000 OK
2026-05-19 16:49:09,485 INFO ALUM.N0000 OK
2026-05-19 16:49:09,518 INFO GREG.N0000 OK
2026-05-19 16:49:09,521 INFO TAP.N0000 OK
2026-05-19 16:49:09,564 INFO ALLI.N0000 OK
2026-05-19 16:49:09,577 INFO SPEN.N0000 OK
2026-05-19 16:49:09,595 INFO ATL.N0000 OK
2026-05-19 16:49:09,599 INFO ATLL.N0000 OK
2026-05-19 16:49:09,604 INFO AFS.N0000 OK
2026-05-19 16:49:09,606 INFO AHUN.N0000 OK
2026-05-19 16:49:10,621 INFO ALHP.N0000 OK
2026-05-19 16:49:10,649 INFO ACAP.N0000 OK
2026-05-19 16:49:10,715 INFO AMCL.N0000 OK
2026-05-19 16:49:10,718 INFO AHPL.N0000 OK
2026-05-19 16:49:10,784 INFO AAF.N0000 OK
2026-05-19 16:49:10,791 INFO AMSL.N0000 OK
2026-05-19 16:49:10,816 INFO AINS.N0000 OK
2026-05-19 16:49:10,820 INFO AMF.N0000 OK
2026-05-19 16:49:10,826 INFO ASIY.N0000 OK
2026-05-19 16:49:10,829 INFO ASIR.N0000 OK
2026-05-19 16:49:11,768 INFO BLUE.N0000 OK
2026-05-19 16:49:11,811 INFO BLUE.X0000 OK
2026-05-19 16:49:11,821 INFO BOPL.N0000 OK
2026-05-19 16:49:11,863 INFO BLI.N0000 OK
2026-05-19 16:49:11,891 INFO BPPL.N0000 OK
2026-05-19 16:49:11,896 INFO BERU.N0000 OK
2026-05-19 16:49:11,935 INFO BOGA.N0000 OK
2026-05-19 16:49:11,948 INFO BALA.N0000 OK
2026-05-19 16:49:11,960 INFO BFL.N0000 OK
2026-05-19 16:49:12,005 INFO BRR.N0000 OK
2026-05-19 16:49:12,902 INFO BIL.N0000 OK
2026-05-19 16:49:12,939 INFO COLO.N0000 OK
2026-05-19 16:49:12,982 INFO CTHR.N0000 OK
2026-05-19 16:49:12,986 INFO CTLD.N0000 OK
2026-05-19 16:49:12,991 INFO CWM.N0000 OK
2026-05-19 16:49:13,063 INFO CIC.N0000 OK
2026-05-19 16:49:13,067 INFO CSLK.N0000 OK
2026-05-19 16:49:13,067 INFO CIC.X0000 OK
2026-05-19 16:49:13,083 INFO BUKI.N0000 OK
2026-05-19 16:49:13,109 INFO BRWN.N0000 OK
2026-05-19 16:49:14,208 INFO CALT.N0000 OK
2026-05-19 16:49:14,305 INFO CIND.N0000 OK
2026-05-19 16:49:14,306 INFO CARG.N0000 OK
2026-05-19 16:49:14,321 INFO CARS.N0000 OK
2026-05-19 16:49:14,355 INFO CINS.N0000 OK
2026-05-19 16:49:14,358 INFO CBNK.N0000 OK
2026-05-19 16:49:14,359 INFO CABO.N0000 OK
2026-05-19 16:49:14,368 INFO CFIN.N0000 OK
2026-05-19 16:49:14,429 INFO CINS.X0000 OK
2026-05-19 16:49:14,430 INFO CALH.N0000 OK
2026-05-19 16:49:15,434 INFO BREW.N0000 OK
2026-05-19 16:49:15,474 INFO CCS.N0000 OK
2026-05-19 16:49:15,551 INFO GRAN.N0000 OK
2026-05-19 16:49:15,565 INFO KZOO.N0000 OK
2026-05-19 16:49:15,575 INFO CHOT.N0000 OK
2026-05-19 16:49:15,582 INFO CINV.N0000 OK
2026-05-19 16:49:15,600 INFO CHL.X0000 OK
2026-05-19 16:49:15,661 INFO CHL.N0000 OK
2026-05-19 16:49:15,664 INFO GUAR.N0000 OK
2026-05-19 16:49:15,664 INFO CTBL.N0000 OK
2026-05-19 16:49:16,672 INFO LLUB.N0000 OK
2026-05-19 16:49:16,674 INFO CTC.N0000 OK
2026-05-19 16:49:16,679 INFO CHOU.N0000 OK
2026-05-19 16:49:16,686 INFO COOP.N0000 OK
2026-05-19 16:49:16,692 INFO CDB.X0000 OK
2026-05-19 16:49:16,750 INFO CHMX.N0000 OK
2026-05-19 16:49:16,760 INFO REEF.N0000 OK
2026-05-19 16:49:16,769 INFO CWL.N0000 OK
2026-05-19 16:49:16,772 INFO PHAR.N0000 OK
2026-05-19 16:49:16,776 INFO CDB.N0000 OK
2026-05-19 16:49:17,427 INFO DOCK.N0000 OK
2026-05-19 16:49:17,552 INFO CLND.N0000 OK
2026-05-19 16:49:17,562 INFO COMB.N0000 OK
2026-05-19 16:49:17,562 INFO CIT.N0000 OK
2026-05-19 16:49:17,568 INFO CFI.N0000 OK
2026-05-19 16:49:17,602 INFO COCR.N0000 OK
2026-05-19 16:49:17,647 INFO DPL.N0000 OK
2026-05-19 16:49:17,653 INFO SOY.N0000 OK
2026-05-19 16:49:17,653 INFO COMB.X0000 OK
2026-05-19 16:49:17,659 INFO COMD.N0000 OK
2026-05-19 16:49:18,158 INFO DFCC.N0000 OK
2026-05-19 16:49:18,312 INFO DIAL.N0000 OK
2026-05-19 16:49:18,360 INFO CALF.N0000 OK
2026-05-19 16:49:18,386 INFO DIMO.N0000 OK
2026-05-19 16:49:18,663 INFO DIPD.N0000 OK
2026-05-19 16:49:18,686 INFO PKME.N0000 OK
2026-05-19 16:49:18,699 INFO STAF.N0000 OK
2026-05-19 16:49:18,710 INFO CTEA.N0000 OK
2026-05-19 16:49:18,733 INFO ECL.N0000 OK
2026-05-19 16:49:18,742 INFO DIST.N0000 OK
2026-05-19 16:49:18,968 INFO EBCR.N0000 OK
2026-05-19 16:49:19,118 INFO EML.N0000 OK
2026-05-19 16:49:19,184 INFO EAST.N0000 OK
2026-05-19 16:49:19,201 INFO EMER.N0000 OK
2026-05-19 16:49:19,476 INFO EDEN.N0000 OK
2026-05-19 16:49:19,518 INFO ETWO.N0000 OK
2026-05-19 16:49:19,525 INFO ELPL.N0000 OK
2026-05-19 16:49:19,534 INFO PACK.N0000 OK
2026-05-19 16:49:20,106 INFO EXT.N0000 OK
2026-05-19 16:49:20,119 INFO WAPO.N0000 OK
2026-05-19 16:49:20,129 INFO CFVF.N0000 OK
2026-05-19 16:49:20,139 INFO GHLL.N0000 OK
2026-05-19 16:49:20,147 INFO FCT.N0000 OK
2026-05-19 16:49:20,151 INFO GEST.N0000 OK
2026-05-19 16:49:20,210 INFO MEL.N0000 OK
2026-05-19 16:49:20,372 INFO HAPU.N0000 OK
2026-05-19 16:49:20,382 INFO HNB.N0000 OK
2026-05-19 16:49:20,394 INFO HARI.N0000 OK
2026-05-19 16:49:20,899 INFO HNB.X0000 OK
2026-05-19 16:49:20,971 INFO HPL.N0000 OK
2026-05-19 16:49:20,989 INFO HAYC.N0000 OK
2026-05-19 16:49:20,994 INFO CONN.N0000 OK
2026-05-19 16:49:21,016 INFO MGT.N0000 OK
2026-05-19 16:49:21,031 INFO HEXP.N0000 OK
2026-05-19 16:49:21,035 INFO HAYL.N0000 OK
2026-05-19 16:49:21,105 INFO HELA.N0000 OK
2026-05-19 16:49:21,128 INFO HHL.N0000 OK
2026-05-19 16:49:21,132 INFO CITH.N0000 OK
2026-05-19 16:49:22,127 INFO HNBF.N0000 OK
2026-05-19 16:49:22,174 INFO HASU.N0000 OK
2026-05-19 16:49:22,230 INFO HSIG.N0000 OK
2026-05-19 16:49:22,261 INFO HDFC.N0000 OK
2026-05-19 16:49:22,268 INFO HNBF.X0000 OK
2026-05-19 16:49:22,273 INFO HVA.N0000 OK
2026-05-19 16:49:22,281 INFO HOPL.N0000 OK
2026-05-19 16:49:22,299 INFO HUNT.N0000 OK
2026-05-19 16:49:22,310 INFO HBS.N0000 OK
2026-05-19 16:49:22,318 INFO HUNA.N0000 OK
2026-05-19 16:49:22,933 INFO ASPH.N0000 OK
2026-05-19 16:49:22,951 INFO BFN.N0000 OK
2026-05-19 16:49:22,963 INFO JINS.N0000 OK
2026-05-19 16:49:22,973 INFO INME.N0000 OK
2026-05-19 16:49:23,118 INFO JETS.N0000 OK
2026-05-19 16:49:23,161 INFO JFP.N0000 OK
2026-05-19 16:49:23,173 INFO JKH.N0000 OK
2026-05-19 16:49:23,176 INFO JAT.N0000 OK
2026-05-19 16:49:23,183 INFO KHL.N0000 OK
2026-05-19 16:49:23,408 INFO JKL.N0000 OK
2026-05-19 16:49:23,741 INFO KAHA.N0000 OK
2026-05-19 16:49:23,777 INFO KPHL.N0000 OK
2026-05-19 16:49:23,796 INFO KFP.N0000 OK
2026-05-19 16:49:23,814 INFO KGAL.N0000 OK
2026-05-19 16:49:23,926 INFO KCAB.N0000 OK
2026-05-19 16:49:23,932 INFO KDL.N0000 OK
2026-05-19 16:49:23,962 INFO TYRE.N0000 OK
2026-05-19 16:49:23,992 INFO CPRT.N0000 OK
2026-05-19 16:49:24,019 INFO KVAL.N0000 OK
2026-05-19 16:49:24,217 INFO KOTA.N0000 OK
2026-05-19 16:49:24,538 INFO LAMB.N0000 OK
2026-05-19 16:49:24,570 INFO LOLC.N0000 OK
2026-05-19 16:49:24,616 INFO LVEF.N0000 OK
2026-05-19 16:49:24,635 INFO LPRT.N0000 OK
2026-05-19 16:49:24,744 INFO LIOC.N0000 OK
2026-05-19 16:49:24,748 INFO ASHO.N0000 OK
2026-05-19 16:49:24,759 INFO LALU.N0000 OK
2026-05-19 16:49:24,780 INFO LCBF.N0000 OK
2026-05-19 16:49:24,787 INFO CERA.N0000 OK
2026-05-19 16:49:24,929 INFO LMF.N0000 OK
2026-05-19 16:49:25,336 INFO ASCO.N0000 OK
2026-05-19 16:49:25,955 INFO TILE.N0000 OK
2026-05-19 16:49:25,978 INFO LGL.N0000 OK
2026-05-19 16:49:26,071 INFO LPL.X0000 OK
2026-05-19 16:49:26,076 INFO LGL.X0000 OK
2026-05-19 16:49:26,086 INFO LVEN.N0000 OK
2026-05-19 16:49:26,089 INFO LWL.N0000 OK
2026-05-19 16:49:26,113 INFO LCEY.N0000 OK
2026-05-19 16:49:26,127 INFO LDEV.N0000 OK
2026-05-19 16:49:26,135 INFO LPL.N0000 OK
2026-05-19 16:49:26,167 INFO LITE.N0000 OK
2026-05-19 16:49:27,360 INFO HPFL.N0000 OK
2026-05-19 16:49:27,374 INFO MADU.N0000 OK
2026-05-19 16:49:27,404 INFO LGIL.N0000 OK
2026-05-19 16:49:27,415 INFO LION.N0000 OK
2026-05-19 16:49:27,419 INFO SHAW.N0000 OK
2026-05-19 16:49:27,431 INFO LUMX.N0000 OK
2026-05-19 16:49:27,440 INFO MFPE.N0000 OK
2026-05-19 16:49:27,444 INFO LOFC.N0000 OK
2026-05-19 16:49:27,449 INFO MCPL.N0000 OK
2026-05-19 16:49:27,455 INFO LFIN.N0000 OK
2026-05-19 16:49:28,151 INFO MRH.N0000 OK
2026-05-19 16:49:28,194 INFO MAL.X0000 OK
2026-05-19 16:49:28,235 INFO MAL.N0000 OK
2026-05-19 16:49:28,262 INFO MASK.N0000 OK
2026-05-19 16:49:28,272 INFO MARA.N0000 OK
2026-05-19 16:49:28,325 INFO MERC.N0000 OK
2026-05-19 16:49:28,336 INFO MSL.N0000 OK
2026-05-19 16:49:28,375 INFO MHDL.N0000 OK
2026-05-19 16:49:28,375 INFO MBSL.N0000 OK
2026-05-19 16:49:28,380 INFO MELS.N0000 OK
2026-05-19 16:49:28,948 INFO MULL.N0000 OK
2026-05-19 16:49:28,991 INFO MDL.N0000 OK
2026-05-19 16:49:29,003 INFO CSF.N0000 OK
2026-05-19 16:49:29,016 INFO NAMU.N0000 OK
2026-05-19 16:49:29,076 INFO NDB.N0000 OK
2026-05-19 16:49:29,133 INFO NTB.N0000 OK
2026-05-19 16:49:29,144 INFO NTB.X0000 OK
2026-05-19 16:49:29,199 INFO ODEL.N0000 OK
2026-05-19 16:49:29,215 INFO OFEQ.N0000 OK
2026-05-19 16:49:29,219 INFO NHL.N0000 OK
2026-05-19 16:49:29,751 INFO ONAL.N0000 OK
2026-05-19 16:49:29,816 INFO PALM.N0000 OK
2026-05-19 16:49:29,825 INFO OSEA.N0000 OK
2026-05-19 16:49:29,844 INFO PABC.N0000 OK
2026-05-19 16:49:29,882 INFO PAP.N0000 OK
2026-05-19 16:49:29,928 INFO PARA.N0000 OK
2026-05-19 16:49:29,945 INFO PEG.N0000 OK
2026-05-19 16:49:30,004 INFO PINS.N0000 OK
2026-05-19 16:49:30,015 INFO PLC.N0000 OK
2026-05-19 16:49:30,021 INFO GLAS.N0000 OK
2026-05-19 16:49:30,556 INFO PMB.N0000 OK
2026-05-19 16:49:30,557 INFO PLR.N0000 OK
2026-05-19 16:49:30,634 INFO CARE.N0000 OK
2026-05-19 16:49:30,676 INFO RIL.N0000 OK
2026-05-19 16:49:30,693 INFO RGEM.N0000 OK
2026-05-19 16:49:30,769 INFO RWSL.N0000 OK
2026-05-19 16:49:30,772 INFO RFL.N0000 OK
2026-05-19 16:49:30,846 INFO RAL.N0000 OK
2026-05-19 16:49:30,850 INFO RENU.N0000 OK
2026-05-19 16:49:30,859 INFO COCO.N0000 OK
2026-05-19 16:49:31,370 INFO COCO.X0000 OK
2026-05-19 16:49:31,372 INFO RHL.N0000 OK
2026-05-19 16:49:31,449 INFO RHL.X0000 OK
2026-05-19 16:49:31,487 INFO RCH.N0000 OK
2026-05-19 16:49:31,502 INFO HPWR.N0000 OK
2026-05-19 16:49:31,573 INFO RICH.N0000 OK
2026-05-19 16:49:31,583 INFO REXP.N0000 OK
2026-05-19 16:49:31,632 INFO SAMP.N0000 OK
2026-05-19 16:49:31,664 INFO RCL.N0000 OK
2026-05-19 16:49:31,684 INFO RPBH.N0000 OK
2026-05-19 16:49:32,174 INFO SIL.N0000 OK
2026-05-19 16:49:32,183 INFO SDB.N0000 OK
2026-05-19 16:49:32,294 INFO SMOT.N0000 OK
2026-05-19 16:49:32,310 INFO SFCL.N0000 OK
2026-05-19 16:49:32,338 INFO SDF.N0000 OK
2026-05-19 16:49:32,421 INFO SHOT.N0000 OK
2026-05-19 16:49:32,429 INFO SLND.N0000 OK
2026-05-19 16:49:32,451 INFO SHOT.X0000 OK
2026-05-19 16:49:32,487 INFO SEYB.N0000 OK
2026-05-19 16:49:32,515 INFO SEYB.X0000 OK
2026-05-19 16:49:33,005 INFO SIRA.N0000 OK
2026-05-19 16:49:33,011 INFO CSD.N0000 OK
2026-05-19 16:49:33,092 INFO SIGV.N0000 OK
2026-05-19 16:49:33,127 INFO SINS.N0000 OK
2026-05-19 16:49:33,167 INFO SFIN.N0000 OK
2026-05-19 16:49:33,239 INFO SINH.N0000 OK
2026-05-19 16:49:33,263 INFO SEMB.X0000 OK
2026-05-19 16:49:33,361 INFO SEMB.N0000 OK
2026-05-19 16:49:33,408 INFO SCAP.N0000 OK
2026-05-19 16:49:33,409 INFO CRL.N0000 OK
2026-05-19 16:49:33,809 INFO SHL.N0000 OK
2026-05-19 16:49:33,813 INFO AAIC.N0000 OK
2026-05-19 16:49:33,892 INFO SUN.N0000 OK
2026-05-19 16:49:33,915 INFO SLTL.N0000 OK
2026-05-19 16:49:33,942 INFO SING.N0000 OK
2026-05-19 16:49:34,030 INFO SWAD.N0000 OK
2026-05-19 16:49:34,080 INFO PARQ.N0000 OK
2026-05-19 16:49:34,175 INFO TAJ.N0000 OK
2026-05-19 16:49:34,240 INFO TPL.N0000 OK
2026-05-19 16:49:34,250 INFO TANG.N0000 OK
2026-05-19 16:49:34,618 INFO TJL.N0000 OK
2026-05-19 16:49:34,648 INFO TSML.N0000 OK
2026-05-19 16:49:34,699 INFO TESS.N0000 OK
2026-05-19 16:49:34,723 INFO TESS.X0000 OK
2026-05-19 16:49:34,762 INFO LHL.N0000 OK
2026-05-19 16:49:34,826 INFO AUTO.N0000 OK
2026-05-19 16:49:34,864 INFO CFLB.N0000 OK
2026-05-19 16:49:34,980 INFO RHTL.N0000 OK
2026-05-19 16:49:35,022 INFO KHC.N0000 OK
2026-05-19 16:49:35,063 INFO SERV.N0000 OK
2026-05-19 16:49:35,412 INFO LHCL.N0000 OK
2026-05-19 16:49:35,453 INFO NEH.N0000 OK
2026-05-19 16:49:35,527 INFO TAFL.N0000 OK
2026-05-19 16:49:35,530 INFO TKYO.N0000 OK
2026-05-19 16:49:35,546 INFO TKYO.X0000 OK
2026-05-19 16:49:35,609 INFO TRAN.N0000 OK
2026-05-19 16:49:35,678 INFO UBF.N0000 OK
2026-05-19 16:49:35,783 INFO UDPL.N0000 OK
2026-05-19 16:49:35,825 INFO UAL.N0000 OK
2026-05-19 16:49:35,889 INFO UBC.N0000 OK
2026-05-19 16:49:36,221 INFO UCAR.N0000 OK
2026-05-19 16:49:36,251 INFO UML.N0000 OK
2026-05-19 16:49:36,363 INFO VONE.N0000 OK
2026-05-19 16:49:36,367 INFO VFIN.N0000 OK
2026-05-19 16:49:36,380 INFO VPEL.N0000 OK
2026-05-19 16:49:36,458 INFO VLL.N0000 OK
2026-05-19 16:49:36,463 INFO VLL.X0000 OK
2026-05-19 16:49:36,593 INFO CITW.N0000 OK
2026-05-19 16:49:36,625 INFO WATA.N0000 OK
2026-05-19 16:49:36,682 INFO WIND.N0000 OK
2026-05-19 16:49:37,013 INFO YORK.N0000 OK
2026-05-19 16:49:37,054 INFO WLTH.N0000 OK
2026-05-19 16:49:37,179 INFO JXG.N0000 OK
2026-05-19 16:49:37,198 INFO Wrote 302 rows to /home/runner/work/cse-scraper/cse-scraper/data/2026-05-19/all_company_info_2026-05-19.csv
2026-05-19 16:49:37,198 INFO Symbols: 302, success: 302, failures: 0
