2026-07-03 15:51:19,669 INFO Saved: data/2026-07-03/tradeSummary_2026-07-03.json
2026-07-03 15:51:20,579 INFO Saved: data/2026-07-03/todaySharePrice_2026-07-03.json
2026-07-03 15:51:21,627 INFO Saved: data/2026-07-03/topGainers_2026-07-03.json
2026-07-03 15:51:22,300 INFO Saved: data/2026-07-03/topLooses_2026-07-03.json
2026-07-03 15:51:23,500 INFO Saved: data/2026-07-03/mostActiveTrades_2026-07-03.json
2026-07-03 15:51:24,417 INFO Saved: data/2026-07-03/marketSummery_2026-07-03.json
2026-07-03 15:51:25,075 INFO Saved: data/2026-07-03/aspiData_2026-07-03.json
2026-07-03 15:51:25,981 INFO Saved: data/2026-07-03/snpData_2026-07-03.json
2026-07-03 15:51:26,896 INFO Saved: data/2026-07-03/allSectors_2026-07-03.json
2026-07-03 15:51:27,979 INFO Saved: data/2026-07-03/detailedTrades_2026-07-03.json
2026-07-03 15:51:28,884 INFO Saved: data/2026-07-03/dailyMarketSummery_2026-07-03.json
2026-07-03 15:51:29,630 INFO Saved: data/2026-07-03/getContributors_2026-07-03.json
2026-07-03 15:51:30,357 INFO Saved: data/2026-07-03/getContributorsChart_2026-07-03.json
2026-07-03 15:51:30,357 INFO Saved 13 files (0 errors)
2026-07-03 15:51:32,126 INFO AGST.N0000 OK
2026-07-03 15:51:32,131 INFO AGST.X0000 OK
2026-07-03 15:51:32,153 INFO ACME.N0000 OK
2026-07-03 15:51:32,155 INFO AEL.N0000 OK
2026-07-03 15:51:32,160 INFO APLA.N0000 OK
2026-07-03 15:51:32,163 INFO AGAL.N0000 OK
2026-07-03 15:51:32,166 INFO AGPL.N0000 OK
2026-07-03 15:51:32,168 INFO AFSL.N0000 OK
2026-07-03 15:51:32,168 INFO ABAN.N0000 OK
2026-07-03 15:51:32,173 INFO ACL.N0000 OK
2026-07-03 15:51:32,855 INFO AHUN.N0000 OK
2026-07-03 15:51:32,872 INFO SPEN.N0000 OK
2026-07-03 15:51:32,883 INFO ALLI.N0000 OK
2026-07-03 15:51:33,188 INFO ATL.N0000 OK
2026-07-03 15:51:33,190 INFO TAP.N0000 OK
2026-07-03 15:51:33,193 INFO ALUM.N0000 OK
2026-07-03 15:51:33,234 INFO ATLL.N0000 OK
2026-07-03 15:51:33,239 INFO AFS.N0000 OK
2026-07-03 15:51:33,242 INFO GREG.N0000 OK
2026-07-03 15:51:33,253 INFO ABL.N0000 OK
2026-07-03 15:51:33,552 INFO ALHP.N0000 OK
2026-07-03 15:51:33,556 INFO AMCL.N0000 OK
2026-07-03 15:51:33,633 INFO AINS.N0000 OK
2026-07-03 15:51:34,321 INFO ACAP.N0000 OK
2026-07-03 15:51:34,381 INFO AMF.N0000 OK
2026-07-03 15:51:34,385 INFO AAF.N0000 OK
2026-07-03 15:51:34,387 INFO AMSL.N0000 OK
2026-07-03 15:51:34,393 INFO ASIR.N0000 OK
2026-07-03 15:51:34,396 INFO ASIY.N0000 OK
2026-07-03 15:51:34,400 INFO AHPL.N0000 OK
2026-07-03 15:51:34,807 INFO BFL.N0000 OK
2026-07-03 15:51:34,821 INFO BALA.N0000 OK
2026-07-03 15:51:34,849 INFO BPPL.N0000 OK
2026-07-03 15:51:35,429 INFO BLI.N0000 OK
2026-07-03 15:51:35,444 INFO BLUE.X0000 OK
2026-07-03 15:51:35,469 INFO BLUE.N0000 OK
2026-07-03 15:51:35,482 INFO BERU.N0000 OK
2026-07-03 15:51:35,566 INFO BOGA.N0000 OK
2026-07-03 15:51:35,572 INFO BRWN.N0000 OK
2026-07-03 15:51:35,580 INFO BOPL.N0000 OK
2026-07-03 15:51:35,592 INFO BRR.N0000 OK
2026-07-03 15:51:35,595 INFO BIL.N0000 OK
2026-07-03 15:51:35,604 INFO BUKI.N0000 OK
2026-07-03 15:51:36,172 INFO CIC.N0000 OK
2026-07-03 15:51:36,179 INFO CIC.X0000 OK
2026-07-03 15:51:36,211 INFO CTHR.N0000 OK
2026-07-03 15:51:36,213 INFO COLO.N0000 OK
2026-07-03 15:51:36,337 INFO CTLD.N0000 OK
2026-07-03 15:51:36,362 INFO CWM.N0000 OK
2026-07-03 15:51:36,382 INFO CSLK.N0000 OK
2026-07-03 15:51:36,408 INFO CARG.N0000 OK
2026-07-03 15:51:36,457 INFO CALT.N0000 OK
2026-07-03 15:51:36,461 INFO CALH.N0000 OK
2026-07-03 15:51:36,911 INFO CBNK.N0000 OK
2026-07-03 15:51:36,933 INFO CABO.N0000 OK
2026-07-03 15:51:36,951 INFO CFIN.N0000 OK
2026-07-03 15:51:37,046 INFO CARS.N0000 OK
2026-07-03 15:51:37,047 INFO CIND.N0000 OK
2026-07-03 15:51:37,105 INFO CINS.X0000 OK
2026-07-03 15:51:37,118 INFO BREW.N0000 OK
2026-07-03 15:51:37,132 INFO CINS.N0000 OK
2026-07-03 15:51:37,136 INFO CCS.N0000 OK
2026-07-03 15:51:37,211 INFO GRAN.N0000 OK
2026-07-03 15:51:37,663 INFO GUAR.N0000 OK
2026-07-03 15:51:37,682 INFO CHL.N0000 OK
2026-07-03 15:51:37,751 INFO CHL.X0000 OK
2026-07-03 15:51:37,792 INFO CHOT.N0000 OK
2026-07-03 15:51:37,819 INFO KZOO.N0000 OK
2026-07-03 15:51:37,870 INFO CINV.N0000 OK
2026-07-03 15:51:37,873 INFO CTC.N0000 OK
2026-07-03 15:51:37,874 INFO CHMX.N0000 OK
2026-07-03 15:51:37,881 INFO CTBL.N0000 OK
2026-07-03 15:51:37,924 INFO LLUB.N0000 OK
2026-07-03 15:51:38,406 INFO CDB.N0000 OK
2026-07-03 15:51:38,412 INFO CWL.N0000 OK
2026-07-03 15:51:38,478 INFO CHOU.N0000 OK
2026-07-03 15:51:38,500 INFO REEF.N0000 OK
2026-07-03 15:51:38,508 INFO CDB.X0000 OK
2026-07-03 15:51:38,656 INFO PHAR.N0000 OK
2026-07-03 15:51:38,666 INFO CIT.N0000 OK
2026-07-03 15:51:38,674 INFO DOCK.N0000 OK
2026-07-03 15:51:38,693 INFO CFI.N0000 OK
2026-07-03 15:51:38,709 INFO COOP.N0000 OK
2026-07-03 15:51:39,139 INFO COMB.N0000 OK
2026-07-03 15:51:39,142 INFO CLND.N0000 OK
2026-07-03 15:51:39,194 INFO COMB.X0000 OK
2026-07-03 15:51:39,238 INFO COCR.N0000 OK
2026-07-03 15:51:39,367 INFO COMD.N0000 OK
2026-07-03 15:51:39,401 INFO SOY.N0000 OK
2026-07-03 15:51:39,423 INFO DPL.N0000 OK
2026-07-03 15:51:39,441 INFO DFCC.N0000 OK
2026-07-03 15:51:39,459 INFO CALF.N0000 OK
2026-07-03 15:51:39,464 INFO DIAL.N0000 OK
2026-07-03 15:51:39,879 INFO DIMO.N0000 OK
2026-07-03 15:51:39,899 INFO PKME.N0000 OK
2026-07-03 15:51:39,902 INFO CTEA.N0000 OK
2026-07-03 15:51:39,960 INFO DIPD.N0000 OK
2026-07-03 15:51:40,081 INFO DIST.N0000 OK
2026-07-03 15:51:40,109 INFO STAF.N0000 OK
2026-07-03 15:51:40,157 INFO ECL.N0000 OK
2026-07-03 15:51:40,168 INFO EBCR.N0000 OK
2026-07-03 15:51:40,206 INFO EML.N0000 OK
2026-07-03 15:51:40,331 INFO EAST.N0000 OK
2026-07-03 15:51:40,579 INFO EDEN.N0000 OK
2026-07-03 15:51:40,614 INFO EMER.N0000 OK
2026-07-03 15:51:40,653 INFO ELPL.N0000 OK
2026-07-03 15:51:40,686 INFO ETWO.N0000 OK
2026-07-03 15:51:40,769 INFO EXT.N0000 OK
2026-07-03 15:51:40,796 INFO PACK.N0000 OK
2026-07-03 15:51:40,836 INFO FCT.N0000 OK
2026-07-03 15:51:40,876 INFO CFVF.N0000 OK
2026-07-03 15:51:41,018 INFO GHLL.N0000 OK
2026-07-03 15:51:41,038 INFO WAPO.N0000 OK
2026-07-03 15:51:41,235 INFO GEST.N0000 OK
2026-07-03 15:51:41,271 INFO MEL.N0000 OK
2026-07-03 15:51:41,345 INFO HAPU.N0000 OK
2026-07-03 15:51:41,397 INFO HARI.N0000 OK
2026-07-03 15:51:41,509 INFO HNB.N0000 OK
2026-07-03 15:51:41,534 INFO HNB.X0000 OK
2026-07-03 15:51:41,545 INFO HPL.N0000 OK
2026-07-03 15:51:41,582 INFO HAYC.N0000 OK
2026-07-03 15:51:41,708 INFO MGT.N0000 OK
2026-07-03 15:51:41,767 INFO HEXP.N0000 OK
2026-07-03 15:51:41,926 INFO HAYL.N0000 OK
2026-07-03 15:51:41,970 INFO CONN.N0000 OK
2026-07-03 15:51:42,002 INFO HELA.N0000 OK
2026-07-03 15:51:42,049 INFO HHL.N0000 OK
2026-07-03 15:51:42,219 INFO CITH.N0000 OK
2026-07-03 15:51:42,259 INFO HASU.N0000 OK
2026-07-03 15:51:42,277 INFO HNBF.N0000 OK
2026-07-03 15:51:42,298 INFO HNBF.X0000 OK
2026-07-03 15:51:42,427 INFO HOPL.N0000 OK
2026-07-03 15:51:42,483 INFO HSIG.N0000 OK
2026-07-03 15:51:42,645 INFO HDFC.N0000 OK
2026-07-03 15:51:42,676 INFO HBS.N0000 OK
2026-07-03 15:51:42,696 INFO HUNA.N0000 OK
2026-07-03 15:51:42,767 INFO HUNT.N0000 OK
2026-07-03 15:51:42,946 INFO HVA.N0000 OK
2026-07-03 15:51:42,980 INFO ASPH.N0000 OK
2026-07-03 15:51:42,993 INFO INME.N0000 OK
2026-07-03 15:51:43,010 INFO BFN.N0000 OK
2026-07-03 15:51:43,156 INFO JINS.N0000 OK
2026-07-03 15:51:43,223 INFO JAT.N0000 OK
2026-07-03 15:51:43,351 INFO JKH.N0000 OK
2026-07-03 15:51:43,384 INFO JETS.N0000 OK
2026-07-03 15:51:43,387 INFO JFP.N0000 OK
2026-07-03 15:51:43,485 INFO KHL.N0000 OK
2026-07-03 15:51:43,666 INFO JKL.N0000 OK
2026-07-03 15:51:43,697 INFO KAHA.N0000 OK
2026-07-03 15:51:43,725 INFO KPHL.N0000 OK
2026-07-03 15:51:43,740 INFO KFP.N0000 OK
2026-07-03 15:51:43,972 INFO KGAL.N0000 OK
2026-07-03 15:51:43,984 INFO KCAB.N0000 OK
2026-07-03 15:51:44,063 INFO KDL.N0000 OK
2026-07-03 15:51:44,065 INFO TYRE.N0000 OK
2026-07-03 15:51:44,142 INFO KVAL.N0000 OK
2026-07-03 15:51:44,199 INFO CPRT.N0000 OK
2026-07-03 15:51:44,378 INFO KOTA.N0000 OK
2026-07-03 15:51:44,403 INFO LAMB.N0000 OK
2026-07-03 15:51:44,446 INFO LOLC.N0000 OK
2026-07-03 15:51:44,466 INFO LVEF.N0000 OK
2026-07-03 15:51:44,696 INFO LPRT.N0000 OK
2026-07-03 15:51:44,712 INFO LALU.N0000 OK
2026-07-03 15:51:44,800 INFO ASHO.N0000 OK
2026-07-03 15:51:44,804 INFO CERA.N0000 OK
2026-07-03 15:51:44,850 INFO LCBF.N0000 OK
2026-07-03 15:51:44,914 INFO LIOC.N0000 OK
2026-07-03 15:51:45,096 INFO LMF.N0000 OK
2026-07-03 15:51:45,104 INFO TILE.N0000 OK
2026-07-03 15:51:45,109 INFO ASCO.N0000 OK
2026-07-03 15:51:45,225 INFO LVEN.N0000 OK
2026-07-03 15:51:45,420 INFO LWL.N0000 OK
2026-07-03 15:51:45,439 INFO LCEY.N0000 OK
2026-07-03 15:51:45,530 INFO LDEV.N0000 OK
2026-07-03 15:51:45,541 INFO LGL.N0000 OK
2026-07-03 15:51:45,572 INFO LGL.X0000 OK
2026-07-03 15:51:45,623 INFO LPL.N0000 OK
2026-07-03 15:51:45,833 INFO LPL.X0000 OK
2026-07-03 15:51:45,848 INFO LFIN.N0000 OK
2026-07-03 15:51:45,854 INFO LITE.N0000 OK
2026-07-03 15:51:45,977 INFO SHAW.N0000 OK
2026-07-03 15:51:46,138 INFO LION.N0000 OK
2026-07-03 15:51:46,148 INFO LOFC.N0000 OK
2026-07-03 15:51:46,250 INFO LGIL.N0000 OK
2026-07-03 15:51:46,269 INFO HPFL.N0000 OK
2026-07-03 15:51:46,333 INFO LUMX.N0000 OK
2026-07-03 15:51:46,342 INFO MADU.N0000 OK
2026-07-03 15:51:46,509 INFO MFPE.N0000 OK
2026-07-03 15:51:46,600 INFO MCPL.N0000 OK
2026-07-03 15:51:46,611 INFO MRH.N0000 OK
2026-07-03 15:51:46,683 INFO MAL.N0000 OK
2026-07-03 15:51:46,844 INFO MAL.X0000 OK
2026-07-03 15:51:46,866 INFO MARA.N0000 OK
2026-07-03 15:51:46,974 INFO MASK.N0000 OK
2026-07-03 15:51:46,984 INFO MELS.N0000 OK
2026-07-03 15:51:47,051 INFO MERC.N0000 OK
2026-07-03 15:51:47,059 INFO MSL.N0000 OK
2026-07-03 15:51:47,229 INFO MBSL.N0000 OK
2026-07-03 15:51:47,314 INFO MHDL.N0000 OK
2026-07-03 15:51:47,328 INFO MULL.N0000 OK
2026-07-03 15:51:47,557 INFO MDL.N0000 OK
2026-07-03 15:51:47,590 INFO CSF.N0000 OK
2026-07-03 15:51:47,623 INFO NAMU.N0000 OK
2026-07-03 15:51:47,700 INFO NDB.N0000 OK
2026-07-03 15:51:47,708 INFO NTB.N0000 OK
2026-07-03 15:51:47,778 INFO NTB.X0000 OK
2026-07-03 15:51:47,781 INFO NHL.N0000 OK
2026-07-03 15:51:47,947 INFO ODEL.N0000 OK
2026-07-03 15:51:48,026 INFO OFEQ.N0000 OK
2026-07-03 15:51:48,041 INFO ONAL.N0000 OK
2026-07-03 15:51:48,277 INFO OSEA.N0000 OK
2026-07-03 15:51:48,299 INFO PALM.N0000 OK
2026-07-03 15:51:48,345 INFO PABC.N0000 OK
2026-07-03 15:51:48,432 INFO PAP.N0000 OK
2026-07-03 15:51:48,435 INFO PARA.N0000 OK
2026-07-03 15:51:48,512 INFO PEG.N0000 OK
2026-07-03 15:51:48,526 INFO PINS.N0000 OK
2026-07-03 15:51:48,777 INFO GLAS.N0000 OK
2026-07-03 15:51:48,789 INFO PLC.N0000 OK
2026-07-03 15:51:48,813 INFO PMB.N0000 OK
2026-07-03 15:51:49,022 INFO RIL.N0000 OK
2026-07-03 15:51:49,033 INFO CARE.N0000 OK
2026-07-03 15:51:49,039 INFO PLR.N0000 OK
2026-07-03 15:51:49,291 INFO RAL.N0000 OK
2026-07-03 15:51:49,323 INFO RGEM.N0000 OK
2026-07-03 15:51:49,336 INFO RFL.N0000 OK
2026-07-03 15:51:49,339 INFO RWSL.N0000 OK
2026-07-03 15:51:49,547 INFO RENU.N0000 OK
2026-07-03 15:51:49,566 INFO COCO.X0000 OK
2026-07-03 15:51:49,571 INFO COCO.N0000 OK
2026-07-03 15:51:49,747 INFO RHL.N0000 OK
2026-07-03 15:51:49,778 INFO RHL.X0000 OK
2026-07-03 15:51:49,784 INFO RCH.N0000 OK
2026-07-03 15:51:50,018 INFO HPWR.N0000 OK
2026-07-03 15:51:50,072 INFO RICH.N0000 OK
2026-07-03 15:51:50,080 INFO REXP.N0000 OK
2026-07-03 15:51:50,101 INFO RCL.N0000 OK
2026-07-03 15:51:50,296 INFO RPBH.N0000 OK
2026-07-03 15:51:50,307 INFO SIL.N0000 OK
2026-07-03 15:51:50,379 INFO SAMP.N0000 OK
2026-07-03 15:51:50,458 INFO SDB.N0000 OK
2026-07-03 15:51:50,513 INFO SMOT.N0000 OK
2026-07-03 15:51:50,516 INFO SDF.N0000 OK
2026-07-03 15:51:50,760 INFO SFCL.N0000 OK
2026-07-03 15:51:50,833 INFO SHOT.N0000 OK
2026-07-03 15:51:50,837 INFO SHOT.X0000 OK
2026-07-03 15:51:50,840 INFO SLND.N0000 OK
2026-07-03 15:51:51,036 INFO SEYB.N0000 OK
2026-07-03 15:51:51,041 INFO SEYB.X0000 OK
2026-07-03 15:51:51,084 INFO CSD.N0000 OK
2026-07-03 15:51:51,172 INFO SIRA.N0000 OK
2026-07-03 15:51:51,259 INFO SINS.N0000 OK
2026-07-03 15:51:51,274 INFO SIGV.N0000 OK
2026-07-03 15:51:51,513 INFO SFIN.N0000 OK
2026-07-03 15:51:51,569 INFO SINH.N0000 OK
2026-07-03 15:51:51,591 INFO SEMB.X0000 OK
2026-07-03 15:51:51,594 INFO SEMB.N0000 OK
2026-07-03 15:51:51,777 INFO CRL.N0000 OK
2026-07-03 15:51:51,789 INFO SCAP.N0000 OK
2026-07-03 15:51:51,813 INFO SHL.N0000 OK
2026-07-03 15:51:51,881 INFO AAIC.N0000 OK
2026-07-03 15:51:57,123 INFO TPL.N0000 OK
2026-07-03 15:51:57,124 INFO SING.N0000 OK
2026-07-03 15:51:57,136 INFO TAJ.N0000 OK
2026-07-03 15:51:57,141 INFO TANG.N0000 OK
2026-07-03 15:51:57,165 INFO TSML.N0000 OK
2026-07-03 15:51:57,172 INFO SUN.N0000 OK
2026-07-03 15:51:57,182 INFO TJL.N0000 OK
2026-07-03 15:51:57,202 INFO PARQ.N0000 OK
2026-07-03 15:51:57,241 INFO SWAD.N0000 OK
2026-07-03 15:51:57,250 INFO SLTL.N0000 OK
2026-07-03 15:51:57,907 INFO TESS.N0000 OK
2026-07-03 15:51:57,929 INFO TESS.X0000 OK
2026-07-03 15:51:57,932 INFO LHL.N0000 OK
2026-07-03 15:51:57,935 INFO AUTO.N0000 OK
2026-07-03 15:51:58,000 INFO CFLB.N0000 OK
2026-07-03 15:51:58,011 INFO NEH.N0000 OK
2026-07-03 15:51:58,017 INFO SERV.N0000 OK
2026-07-03 15:51:58,023 INFO RHTL.N0000 OK
2026-07-03 15:51:58,031 INFO KHC.N0000 OK
2026-07-03 15:51:58,037 INFO LHCL.N0000 OK
2026-07-03 15:51:58,679 INFO TKYO.X0000 OK
2026-07-03 15:51:58,699 INFO TAFL.N0000 OK
2026-07-03 15:51:58,700 INFO TRAN.N0000 OK
2026-07-03 15:51:58,728 INFO TKYO.N0000 OK
2026-07-03 15:51:58,760 INFO UDPL.N0000 OK
2026-07-03 15:51:58,763 INFO UAL.N0000 OK
2026-07-03 15:51:58,861 INFO UBC.N0000 OK
2026-07-03 15:51:58,898 INFO UCAR.N0000 OK
2026-07-03 15:51:58,905 INFO UML.N0000 OK
2026-07-03 15:51:58,914 INFO UBF.N0000 OK
2026-07-03 15:51:59,410 INFO VFIN.N0000 OK
2026-07-03 15:51:59,461 INFO VONE.N0000 OK
2026-07-03 15:51:59,479 INFO VPEL.N0000 OK
2026-07-03 15:51:59,507 INFO VLL.N0000 OK
2026-07-03 15:51:59,521 INFO VLL.X0000 OK
2026-07-03 15:51:59,529 INFO CITW.N0000 OK
2026-07-03 15:51:59,613 INFO WATA.N0000 OK
2026-07-03 15:51:59,637 INFO WIND.N0000 OK
2026-07-03 15:51:59,672 INFO YORK.N0000 OK
2026-07-03 15:51:59,677 INFO WLTH.N0000 OK
2026-07-03 15:52:00,133 INFO JXG.N0000 OK
2026-07-03 15:52:00,150 INFO Wrote 302 rows to /home/runner/work/cse-scraper/cse-scraper/data/2026-07-03/all_company_info_2026-07-03.csv
2026-07-03 15:52:00,150 INFO Symbols: 302, success: 302, failures: 0
