2026-06-01 19:19:08,245 INFO Saved: data/2026-06-01/tradeSummary_2026-06-01.json
2026-06-01 19:19:09,230 INFO Saved: data/2026-06-01/todaySharePrice_2026-06-01.json
2026-06-01 19:19:10,351 INFO Saved: data/2026-06-01/topGainers_2026-06-01.json
2026-06-01 19:19:11,362 INFO Saved: data/2026-06-01/topLooses_2026-06-01.json
2026-06-01 19:19:12,423 INFO Saved: data/2026-06-01/mostActiveTrades_2026-06-01.json
2026-06-01 19:19:13,508 INFO Saved: data/2026-06-01/marketSummery_2026-06-01.json
2026-06-01 19:19:14,466 INFO Saved: data/2026-06-01/aspiData_2026-06-01.json
2026-06-01 19:19:16,009 INFO Saved: data/2026-06-01/snpData_2026-06-01.json
2026-06-01 19:19:17,194 INFO Saved: data/2026-06-01/allSectors_2026-06-01.json
2026-06-01 19:19:19,133 INFO Saved: data/2026-06-01/detailedTrades_2026-06-01.json
2026-06-01 19:19:20,130 INFO Saved: data/2026-06-01/dailyMarketSummery_2026-06-01.json
2026-06-01 19:19:20,958 INFO Saved: data/2026-06-01/getContributors_2026-06-01.json
2026-06-01 19:19:21,778 INFO Saved: data/2026-06-01/getContributorsChart_2026-06-01.json
2026-06-01 19:19:21,778 INFO Saved 13 files (0 errors)
2026-06-01 19:19:24,285 INFO APLA.N0000 OK
2026-06-01 19:19:24,307 INFO ACME.N0000 OK
2026-06-01 19:19:24,319 INFO AGST.N0000 OK
2026-06-01 19:19:24,327 INFO AGPL.N0000 OK
2026-06-01 19:19:24,344 INFO AEL.N0000 OK
2026-06-01 19:19:24,347 INFO AGST.X0000 OK
2026-06-01 19:19:24,358 INFO AGAL.N0000 OK
2026-06-01 19:19:24,366 INFO ABAN.N0000 OK
2026-06-01 19:19:24,378 INFO AFSL.N0000 OK
2026-06-01 19:19:24,383 INFO ACL.N0000 OK
2026-06-01 19:19:25,437 INFO TAP.N0000 OK
2026-06-01 19:19:25,472 INFO ATLL.N0000 OK
2026-06-01 19:19:25,510 INFO ALLI.N0000 OK
2026-06-01 19:19:25,541 INFO AFS.N0000 OK
2026-06-01 19:19:25,567 INFO ATL.N0000 OK
2026-06-01 19:19:25,572 INFO SPEN.N0000 OK
2026-06-01 19:19:25,575 INFO GREG.N0000 OK
2026-06-01 19:19:25,594 INFO ABL.N0000 OK
2026-06-01 19:19:25,597 INFO AHUN.N0000 OK
2026-06-01 19:19:25,600 INFO ALUM.N0000 OK
2026-06-01 19:19:26,656 INFO ACAP.N0000 OK
2026-06-01 19:19:26,722 INFO ALHP.N0000 OK
2026-06-01 19:19:26,771 INFO AMCL.N0000 OK
2026-06-01 19:19:26,777 INFO ASIR.N0000 OK
2026-06-01 19:19:26,794 INFO AMSL.N0000 OK
2026-06-01 19:19:26,809 INFO AINS.N0000 OK
2026-06-01 19:19:26,820 INFO AAF.N0000 OK
2026-06-01 19:19:26,831 INFO AHPL.N0000 OK
2026-06-01 19:19:26,833 INFO ASIY.N0000 OK
2026-06-01 19:19:26,836 INFO AMF.N0000 OK
2026-06-01 19:19:27,475 INFO BPPL.N0000 OK
2026-06-01 19:19:27,993 INFO BLI.N0000 OK
2026-06-01 19:19:28,016 INFO BLUE.X0000 OK
2026-06-01 19:19:28,026 INFO BLUE.N0000 OK
2026-06-01 19:19:28,063 INFO BOPL.N0000 OK
2026-06-01 19:19:28,087 INFO BOGA.N0000 OK
2026-06-01 19:19:28,100 INFO BALA.N0000 OK
2026-06-01 19:19:28,112 INFO BRR.N0000 OK
2026-06-01 19:19:28,137 INFO BERU.N0000 OK
2026-06-01 19:19:28,147 INFO BFL.N0000 OK
2026-06-01 19:19:28,683 INFO BRWN.N0000 OK
2026-06-01 19:19:28,811 INFO BIL.N0000 OK
2026-06-01 19:19:28,850 INFO BUKI.N0000 OK
2026-06-01 19:19:29,317 INFO CIC.N0000 OK
2026-06-01 19:19:29,324 INFO CSLK.N0000 OK
2026-06-01 19:19:29,333 INFO COLO.N0000 OK
2026-06-01 19:19:29,336 INFO CTLD.N0000 OK
2026-06-01 19:19:29,373 INFO CTHR.N0000 OK
2026-06-01 19:19:29,376 INFO CWM.N0000 OK
2026-06-01 19:19:29,377 INFO CIC.X0000 OK
2026-06-01 19:19:29,808 INFO CALT.N0000 OK
2026-06-01 19:19:29,825 INFO CARG.N0000 OK
2026-06-01 19:19:29,841 INFO CALH.N0000 OK
2026-06-01 19:19:30,127 INFO CABO.N0000 OK
2026-06-01 19:19:30,136 INFO CARS.N0000 OK
2026-06-01 19:19:30,136 INFO CBNK.N0000 OK
2026-06-01 19:19:30,425 INFO CINS.N0000 OK
2026-06-01 19:19:30,464 INFO CFIN.N0000 OK
2026-06-01 19:19:30,473 INFO CINS.X0000 OK
2026-06-01 19:19:30,478 INFO CIND.N0000 OK
2026-06-01 19:19:30,620 INFO BREW.N0000 OK
2026-06-01 19:19:30,889 INFO GRAN.N0000 OK
2026-06-01 19:19:30,907 INFO CCS.N0000 OK
2026-06-01 19:19:30,957 INFO GUAR.N0000 OK
2026-06-01 19:19:31,375 INFO CHL.N0000 OK
2026-06-01 19:19:31,379 INFO KZOO.N0000 OK
2026-06-01 19:19:31,384 INFO CINV.N0000 OK
2026-06-01 19:19:31,396 INFO CTBL.N0000 OK
2026-06-01 19:19:31,405 INFO CHOT.N0000 OK
2026-06-01 19:19:31,422 INFO CHL.X0000 OK
2026-06-01 19:19:31,948 INFO CTC.N0000 OK
2026-06-01 19:19:31,949 INFO CHMX.N0000 OK
2026-06-01 19:19:31,951 INFO LLUB.N0000 OK
2026-06-01 19:19:31,955 INFO CWL.N0000 OK
2026-06-01 19:19:32,467 INFO CHOU.N0000 OK
2026-06-01 19:19:32,564 INFO PHAR.N0000 OK
2026-06-01 19:19:32,605 INFO REEF.N0000 OK
2026-06-01 19:19:32,608 INFO CDB.X0000 OK
2026-06-01 19:19:32,617 INFO CDB.N0000 OK
2026-06-01 19:19:32,632 INFO COOP.N0000 OK
2026-06-01 19:19:33,356 INFO COMB.N0000 OK
2026-06-01 19:19:33,357 INFO DOCK.N0000 OK
2026-06-01 19:19:33,362 INFO CFI.N0000 OK
2026-06-01 19:19:33,365 INFO CIT.N0000 OK
2026-06-01 19:19:33,374 INFO COMB.X0000 OK
2026-06-01 19:19:33,379 INFO CLND.N0000 OK
2026-06-01 19:19:33,726 INFO COMD.N0000 OK
2026-06-01 19:19:33,730 INFO SOY.N0000 OK
2026-06-01 19:19:33,774 INFO DPL.N0000 OK
2026-06-01 19:19:33,779 INFO COCR.N0000 OK
2026-06-01 19:19:34,239 INFO DIAL.N0000 OK
2026-06-01 19:19:34,263 INFO DIMO.N0000 OK
2026-06-01 19:19:34,272 INFO PKME.N0000 OK
2026-06-01 19:19:34,279 INFO CTEA.N0000 OK
2026-06-01 19:19:34,283 INFO DFCC.N0000 OK
2026-06-01 19:19:34,305 INFO CALF.N0000 OK
2026-06-01 19:19:34,825 INFO STAF.N0000 OK
2026-06-01 19:19:34,829 INFO ECL.N0000 OK
2026-06-01 19:19:34,875 INFO DIPD.N0000 OK
2026-06-01 19:19:34,892 INFO DIST.N0000 OK
2026-06-01 19:19:35,064 INFO EBCR.N0000 OK
2026-06-01 19:19:35,128 INFO EML.N0000 OK
2026-06-01 19:19:35,140 INFO EMER.N0000 OK
2026-06-01 19:19:35,148 INFO EDEN.N0000 OK
2026-06-01 19:19:35,150 INFO EAST.N0000 OK
2026-06-01 19:19:35,232 INFO ELPL.N0000 OK
2026-06-01 19:19:35,642 INFO ETWO.N0000 OK
2026-06-01 19:19:35,658 INFO PACK.N0000 OK
2026-06-01 19:19:35,680 INFO EXT.N0000 OK
2026-06-01 19:19:35,688 INFO CFVF.N0000 OK
2026-06-01 19:19:35,850 INFO FCT.N0000 OK
2026-06-01 19:19:35,906 INFO MEL.N0000 OK
2026-06-01 19:19:35,950 INFO WAPO.N0000 OK
2026-06-01 19:19:35,953 INFO GHLL.N0000 OK
2026-06-01 19:19:35,984 INFO GEST.N0000 OK
2026-06-01 19:19:36,027 INFO HAPU.N0000 OK
2026-06-01 19:19:36,478 INFO HNB.N0000 OK
2026-06-01 19:19:36,481 INFO HARI.N0000 OK
2026-06-01 19:19:37,115 INFO HAYL.N0000 OK
2026-06-01 19:19:37,168 INFO HELA.N0000 OK
2026-06-01 19:19:37,184 INFO CONN.N0000 OK
2026-06-01 19:19:37,191 INFO HNB.X0000 OK
2026-06-01 19:19:37,193 INFO HAYC.N0000 OK
2026-06-01 19:19:37,197 INFO HEXP.N0000 OK
2026-06-01 19:19:37,205 INFO HPL.N0000 OK
2026-06-01 19:19:37,226 INFO MGT.N0000 OK
2026-06-01 19:19:37,280 INFO CITH.N0000 OK
2026-06-01 19:19:37,302 INFO HHL.N0000 OK
2026-06-01 19:19:37,890 INFO HASU.N0000 OK
2026-06-01 19:19:37,955 INFO HNBF.N0000 OK
2026-06-01 19:19:38,014 INFO HOPL.N0000 OK
2026-06-01 19:19:38,063 INFO HNBF.X0000 OK
2026-06-01 19:19:38,111 INFO HUNA.N0000 OK
2026-06-01 19:19:38,115 INFO HDFC.N0000 OK
2026-06-01 19:19:38,142 INFO HBS.N0000 OK
2026-06-01 19:19:38,145 INFO HSIG.N0000 OK
2026-06-01 19:19:38,171 INFO HVA.N0000 OK
2026-06-01 19:19:38,175 INFO HUNT.N0000 OK
2026-06-01 19:19:38,685 INFO ASPH.N0000 OK
2026-06-01 19:19:38,777 INFO INME.N0000 OK
2026-06-01 19:19:38,811 INFO BFN.N0000 OK
2026-06-01 19:19:38,873 INFO JINS.N0000 OK
2026-06-01 19:19:38,929 INFO JETS.N0000 OK
2026-06-01 19:19:38,934 INFO JAT.N0000 OK
2026-06-01 19:19:38,954 INFO JFP.N0000 OK
2026-06-01 19:19:38,972 INFO JKH.N0000 OK
2026-06-01 19:19:39,006 INFO JKL.N0000 OK
2026-06-01 19:19:39,018 INFO KHL.N0000 OK
2026-06-01 19:19:39,514 INFO KAHA.N0000 OK
2026-06-01 19:19:39,586 INFO KPHL.N0000 OK
2026-06-01 19:19:39,597 INFO KFP.N0000 OK
2026-06-01 19:19:39,671 INFO KGAL.N0000 OK
2026-06-01 19:19:39,735 INFO TYRE.N0000 OK
2026-06-01 19:19:39,785 INFO KVAL.N0000 OK
2026-06-01 19:19:39,788 INFO KCAB.N0000 OK
2026-06-01 19:19:40,014 INFO KDL.N0000 OK
2026-06-01 19:19:40,045 INFO KOTA.N0000 OK
2026-06-01 19:19:40,082 INFO CPRT.N0000 OK
2026-06-01 19:19:40,307 INFO LAMB.N0000 OK
2026-06-01 19:19:40,378 INFO LOLC.N0000 OK
2026-06-01 19:19:40,395 INFO LVEF.N0000 OK
2026-06-01 19:19:40,472 INFO LPRT.N0000 OK
2026-06-01 19:19:40,516 INFO LALU.N0000 OK
2026-06-01 19:19:40,586 INFO CERA.N0000 OK
2026-06-01 19:19:40,607 INFO ASHO.N0000 OK
2026-06-01 19:19:40,806 INFO LCBF.N0000 OK
2026-06-01 19:19:40,839 INFO LIOC.N0000 OK
2026-06-01 19:19:40,865 INFO LMF.N0000 OK
2026-06-01 19:19:41,106 INFO ASCO.N0000 OK
2026-06-01 19:19:41,165 INFO TILE.N0000 OK
2026-06-01 19:19:41,196 INFO LVEN.N0000 OK
2026-06-01 19:19:41,255 INFO LWL.N0000 OK
2026-06-01 19:19:41,320 INFO LCEY.N0000 OK
2026-06-01 19:19:41,371 INFO LDEV.N0000 OK
2026-06-01 19:19:41,391 INFO LGL.N0000 OK
2026-06-01 19:19:41,607 INFO LGL.X0000 OK
2026-06-01 19:19:41,632 INFO LPL.N0000 OK
2026-06-01 19:19:41,669 INFO LPL.X0000 OK
2026-06-01 19:19:41,924 INFO LITE.N0000 OK
2026-06-01 19:19:41,958 INFO LFIN.N0000 OK
2026-06-01 19:19:41,975 INFO SHAW.N0000 OK
2026-06-01 19:19:42,062 INFO LION.N0000 OK
2026-06-01 19:19:42,135 INFO LOFC.N0000 OK
2026-06-01 19:19:42,170 INFO LGIL.N0000 OK
2026-06-01 19:19:42,180 INFO HPFL.N0000 OK
2026-06-01 19:19:42,401 INFO LUMX.N0000 OK
2026-06-01 19:19:42,444 INFO MADU.N0000 OK
2026-06-01 19:19:42,450 INFO MFPE.N0000 OK
2026-06-01 19:19:42,726 INFO MCPL.N0000 OK
2026-06-01 19:19:42,777 INFO MRH.N0000 OK
2026-06-01 19:19:42,788 INFO MAL.N0000 OK
2026-06-01 19:19:42,862 INFO MAL.X0000 OK
2026-06-01 19:19:42,924 INFO MARA.N0000 OK
2026-06-01 19:19:42,962 INFO MASK.N0000 OK
2026-06-01 19:19:42,970 INFO MELS.N0000 OK
2026-06-01 19:19:43,197 INFO MERC.N0000 OK
2026-06-01 19:19:43,244 INFO MBSL.N0000 OK
2026-06-01 19:19:43,409 INFO MSL.N0000 OK
2026-06-01 19:19:43,539 INFO MHDL.N0000 OK
2026-06-01 19:19:43,586 INFO MDL.N0000 OK
2026-06-01 19:19:43,597 INFO MULL.N0000 OK
2026-06-01 19:19:43,640 INFO CSF.N0000 OK
2026-06-01 19:19:43,649 INFO NAMU.N0000 OK
2026-06-01 19:19:43,769 INFO NTB.N0000 OK
2026-06-01 19:19:43,800 INFO NDB.N0000 OK
2026-06-01 19:19:44,001 INFO NTB.X0000 OK
2026-06-01 19:19:44,026 INFO NHL.N0000 OK
2026-06-01 19:19:44,209 INFO ODEL.N0000 OK
2026-06-01 19:19:44,333 INFO OFEQ.N0000 OK
2026-06-01 19:19:44,399 INFO ONAL.N0000 OK
2026-06-01 19:19:44,414 INFO OSEA.N0000 OK
2026-06-01 19:19:44,427 INFO PALM.N0000 OK
2026-06-01 19:19:44,452 INFO PABC.N0000 OK
2026-06-01 19:19:44,566 INFO PAP.N0000 OK
2026-06-01 19:19:44,613 INFO PARA.N0000 OK
2026-06-01 19:19:44,795 INFO PEG.N0000 OK
2026-06-01 19:19:44,833 INFO PINS.N0000 OK
2026-06-01 19:19:45,016 INFO PLC.N0000 OK
2026-06-01 19:19:45,143 INFO GLAS.N0000 OK
2026-06-01 19:19:45,231 INFO PMB.N0000 OK
2026-06-01 19:19:45,238 INFO PLR.N0000 OK
2026-06-01 19:19:45,241 INFO CARE.N0000 OK
2026-06-01 19:19:45,264 INFO RIL.N0000 OK
2026-06-01 19:19:45,370 INFO RGEM.N0000 OK
2026-06-01 19:19:45,702 INFO RWSL.N0000 OK
2026-06-01 19:19:45,708 INFO RFL.N0000 OK
2026-06-01 19:19:45,721 INFO RAL.N0000 OK
2026-06-01 19:19:45,806 INFO RENU.N0000 OK
2026-06-01 19:19:45,972 INFO COCO.N0000 OK
2026-06-01 19:19:46,012 INFO RCH.N0000 OK
2026-06-01 19:19:46,062 INFO COCO.X0000 OK
2026-06-01 19:19:46,087 INFO RHL.N0000 OK
2026-06-01 19:19:46,090 INFO RHL.X0000 OK
2026-06-01 19:19:46,144 INFO HPWR.N0000 OK
2026-06-01 19:19:46,533 INFO RICH.N0000 OK
2026-06-01 19:19:46,540 INFO REXP.N0000 OK
2026-06-01 19:19:46,540 INFO RCL.N0000 OK
2026-06-01 19:19:46,617 INFO RPBH.N0000 OK
2026-06-01 19:19:46,786 INFO SAMP.N0000 OK
2026-06-01 19:19:46,834 INFO SIL.N0000 OK
2026-06-01 19:19:46,859 INFO SDB.N0000 OK
2026-06-01 19:19:46,911 INFO SMOT.N0000 OK
2026-06-01 19:19:46,915 INFO SDF.N0000 OK
2026-06-01 19:19:46,926 INFO SFCL.N0000 OK
2026-06-01 19:19:47,343 INFO SHOT.X0000 OK
2026-06-01 19:19:47,352 INFO SHOT.N0000 OK
2026-06-01 19:19:47,367 INFO SLND.N0000 OK
2026-06-01 19:19:47,412 INFO SEYB.N0000 OK
2026-06-01 19:19:47,587 INFO SEYB.X0000 OK
2026-06-01 19:19:47,649 INFO CSD.N0000 OK
2026-06-01 19:19:47,661 INFO SIRA.N0000 OK
2026-06-01 19:19:47,715 INFO SINS.N0000 OK
2026-06-01 19:19:47,722 INFO SIGV.N0000 OK
2026-06-01 19:19:47,726 INFO SFIN.N0000 OK
2026-06-01 19:19:48,150 INFO SINH.N0000 OK
2026-06-01 19:19:48,155 INFO SEMB.N0000 OK
2026-06-01 19:19:48,217 INFO SCAP.N0000 OK
2026-06-01 19:19:48,222 INFO SEMB.X0000 OK
2026-06-01 19:19:48,395 INFO CRL.N0000 OK
2026-06-01 19:19:48,460 INFO AAIC.N0000 OK
2026-06-01 19:19:48,463 INFO SING.N0000 OK
2026-06-01 19:19:48,472 INFO SHL.N0000 OK
2026-06-01 19:19:48,543 INFO SUN.N0000 OK
2026-06-01 19:19:48,547 INFO SLTL.N0000 OK
2026-06-01 19:19:48,941 INFO SWAD.N0000 OK
2026-06-01 19:19:48,963 INFO PARQ.N0000 OK
2026-06-01 19:19:49,022 INFO TAJ.N0000 OK
2026-06-01 19:19:49,026 INFO TPL.N0000 OK
2026-06-01 19:19:49,195 INFO TANG.N0000 OK
2026-06-01 19:19:49,276 INFO TJL.N0000 OK
2026-06-01 19:19:49,285 INFO TSML.N0000 OK
2026-06-01 19:19:49,289 INFO TESS.N0000 OK
2026-06-01 19:19:49,348 INFO LHL.N0000 OK
2026-06-01 19:19:49,351 INFO TESS.X0000 OK
2026-06-01 19:19:49,747 INFO CFLB.N0000 OK
2026-06-01 19:19:49,749 INFO AUTO.N0000 OK
2026-06-01 19:19:49,841 INFO KHC.N0000 OK
2026-06-01 19:19:49,843 INFO RHTL.N0000 OK
2026-06-01 19:19:49,992 INFO SERV.N0000 OK
2026-06-01 19:19:50,097 INFO LHCL.N0000 OK
2026-06-01 19:19:50,104 INFO NEH.N0000 OK
2026-06-01 19:19:50,111 INFO TAFL.N0000 OK
2026-06-01 19:19:50,150 INFO TKYO.N0000 OK
2026-06-01 19:19:50,160 INFO TKYO.X0000 OK
2026-06-01 19:19:50,554 INFO UBF.N0000 OK
2026-06-01 19:19:50,554 INFO TRAN.N0000 OK
2026-06-01 19:19:50,639 INFO UAL.N0000 OK
2026-06-01 19:19:50,650 INFO UDPL.N0000 OK
2026-06-01 19:19:50,801 INFO UBC.N0000 OK
2026-06-01 19:19:50,929 INFO UCAR.N0000 OK
2026-06-01 19:19:50,929 INFO VFIN.N0000 OK
2026-06-01 19:19:50,956 INFO UML.N0000 OK
2026-06-01 19:19:50,962 INFO VONE.N0000 OK
2026-06-01 19:19:50,976 INFO VPEL.N0000 OK
2026-06-01 19:19:51,365 INFO VLL.X0000 OK
2026-06-01 19:19:51,369 INFO VLL.N0000 OK
2026-06-01 19:19:51,446 INFO WATA.N0000 OK
2026-06-01 19:19:51,457 INFO CITW.N0000 OK
2026-06-01 19:19:51,601 INFO WIND.N0000 OK
2026-06-01 19:19:51,738 INFO YORK.N0000 OK
2026-06-01 19:19:51,740 INFO WLTH.N0000 OK
2026-06-01 19:19:51,747 INFO JXG.N0000 OK
2026-06-01 19:19:51,764 INFO Wrote 302 rows to /home/runner/work/cse-scraper/cse-scraper/data/2026-06-01/all_company_info_2026-06-01.csv
2026-06-01 19:19:51,764 INFO Symbols: 302, success: 302, failures: 0
