2026-06-17 16:53:12,540 INFO Saved: data/2026-06-17/tradeSummary_2026-06-17.json
2026-06-17 16:53:13,633 INFO Saved: data/2026-06-17/todaySharePrice_2026-06-17.json
2026-06-17 16:53:14,604 INFO Saved: data/2026-06-17/topGainers_2026-06-17.json
2026-06-17 16:53:15,805 INFO Saved: data/2026-06-17/topLooses_2026-06-17.json
2026-06-17 16:53:16,988 INFO Saved: data/2026-06-17/mostActiveTrades_2026-06-17.json
2026-06-17 16:53:22,212 INFO Saved: data/2026-06-17/marketSummery_2026-06-17.json
2026-06-17 16:53:23,260 INFO Saved: data/2026-06-17/aspiData_2026-06-17.json
2026-06-17 16:53:23,973 INFO Saved: data/2026-06-17/snpData_2026-06-17.json
2026-06-17 16:53:24,685 INFO Saved: data/2026-06-17/allSectors_2026-06-17.json
2026-06-17 16:53:25,856 INFO Saved: data/2026-06-17/detailedTrades_2026-06-17.json
2026-06-17 16:53:28,302 INFO Saved: data/2026-06-17/dailyMarketSummery_2026-06-17.json
2026-06-17 16:53:29,330 INFO Saved: data/2026-06-17/getContributors_2026-06-17.json
2026-06-17 16:53:30,490 INFO Saved: data/2026-06-17/getContributorsChart_2026-06-17.json
2026-06-17 16:53:30,490 INFO Saved 13 files (0 errors)
2026-06-17 16:53:31,859 INFO AEL.N0000 OK
2026-06-17 16:53:31,868 INFO APLA.N0000 OK
2026-06-17 16:53:31,882 INFO ACL.N0000 OK
2026-06-17 16:53:31,889 INFO AFSL.N0000 OK
2026-06-17 16:53:31,890 INFO ABAN.N0000 OK
2026-06-17 16:53:32,203 INFO ACME.N0000 OK
2026-06-17 16:53:32,208 INFO AGPL.N0000 OK
2026-06-17 16:53:32,211 INFO AGAL.N0000 OK
2026-06-17 16:53:32,212 INFO AGST.N0000 OK
2026-06-17 16:53:32,224 INFO AGST.X0000 OK
2026-06-17 16:53:32,958 INFO SPEN.N0000 OK
2026-06-17 16:53:32,989 INFO ALLI.N0000 OK
2026-06-17 16:53:32,999 INFO ALUM.N0000 OK
2026-06-17 16:53:33,003 INFO AFS.N0000 OK
2026-06-17 16:53:33,015 INFO AHUN.N0000 OK
2026-06-17 16:53:33,206 INFO ATL.N0000 OK
2026-06-17 16:53:33,284 INFO TAP.N0000 OK
2026-06-17 16:53:33,290 INFO ATLL.N0000 OK
2026-06-17 16:53:33,320 INFO GREG.N0000 OK
2026-06-17 16:53:33,324 INFO ABL.N0000 OK
2026-06-17 16:53:33,708 INFO ALHP.N0000 OK
2026-06-17 16:53:33,733 INFO AMCL.N0000 OK
2026-06-17 16:53:34,072 INFO ACAP.N0000 OK
2026-06-17 16:53:34,101 INFO AINS.N0000 OK
2026-06-17 16:53:34,119 INFO ASIY.N0000 OK
2026-06-17 16:53:34,122 INFO AAF.N0000 OK
2026-06-17 16:53:34,139 INFO AHPL.N0000 OK
2026-06-17 16:53:34,163 INFO ASIR.N0000 OK
2026-06-17 16:53:34,186 INFO AMF.N0000 OK
2026-06-17 16:53:34,204 INFO AMSL.N0000 OK
2026-06-17 16:53:34,844 INFO BPPL.N0000 OK
2026-06-17 16:53:34,879 INFO BFL.N0000 OK
2026-06-17 16:53:35,159 INFO BLI.N0000 OK
2026-06-17 16:53:35,195 INFO BLUE.N0000 OK
2026-06-17 16:53:35,200 INFO BLUE.X0000 OK
2026-06-17 16:53:35,209 INFO BERU.N0000 OK
2026-06-17 16:53:35,217 INFO BOGA.N0000 OK
2026-06-17 16:53:35,223 INFO BALA.N0000 OK
2026-06-17 16:53:35,233 INFO BOPL.N0000 OK
2026-06-17 16:53:35,302 INFO BRR.N0000 OK
2026-06-17 16:53:35,628 INFO BRWN.N0000 OK
2026-06-17 16:53:35,656 INFO BIL.N0000 OK
2026-06-17 16:53:36,260 INFO CIC.N0000 OK
2026-06-17 16:53:36,308 INFO BUKI.N0000 OK
2026-06-17 16:53:36,312 INFO CTHR.N0000 OK
2026-06-17 16:53:36,314 INFO CSLK.N0000 OK
2026-06-17 16:53:36,317 INFO CWM.N0000 OK
2026-06-17 16:53:36,333 INFO COLO.N0000 OK
2026-06-17 16:53:36,347 INFO CTLD.N0000 OK
2026-06-17 16:53:36,356 INFO CIC.X0000 OK
2026-06-17 16:53:36,412 INFO CALH.N0000 OK
2026-06-17 16:53:36,939 INFO CALT.N0000 OK
2026-06-17 16:53:37,026 INFO CARG.N0000 OK
2026-06-17 16:53:37,466 INFO CABO.N0000 OK
2026-06-17 16:53:37,491 INFO CARS.N0000 OK
2026-06-17 16:53:37,504 INFO CBNK.N0000 OK
2026-06-17 16:53:37,507 INFO BREW.N0000 OK
2026-06-17 16:53:37,511 INFO CFIN.N0000 OK
2026-06-17 16:53:37,523 INFO CIND.N0000 OK
2026-06-17 16:53:37,526 INFO CINS.N0000 OK
2026-06-17 16:53:37,527 INFO CINS.X0000 OK
2026-06-17 16:53:38,097 INFO CCS.N0000 OK
2026-06-17 16:53:38,154 INFO GRAN.N0000 OK
2026-06-17 16:53:38,238 INFO GUAR.N0000 OK
2026-06-17 16:53:38,709 INFO CHL.X0000 OK
2026-06-17 16:53:38,715 INFO CHL.N0000 OK
2026-06-17 16:53:38,721 INFO CTC.N0000 OK
2026-06-17 16:53:38,728 INFO CTBL.N0000 OK
2026-06-17 16:53:38,736 INFO CINV.N0000 OK
2026-06-17 16:53:38,754 INFO KZOO.N0000 OK
2026-06-17 16:53:38,758 INFO CHOT.N0000 OK
2026-06-17 16:53:38,882 INFO CHMX.N0000 OK
2026-06-17 16:53:39,431 INFO LLUB.N0000 OK
2026-06-17 16:53:39,432 INFO CWL.N0000 OK
2026-06-17 16:53:39,476 INFO CDB.N0000 OK
2026-06-17 16:53:39,706 INFO CHOU.N0000 OK
2026-06-17 16:53:39,866 INFO COOP.N0000 OK
2026-06-17 16:53:39,869 INFO CFI.N0000 OK
2026-06-17 16:53:39,873 INFO CDB.X0000 OK
2026-06-17 16:53:39,880 INFO DOCK.N0000 OK
2026-06-17 16:53:39,881 INFO REEF.N0000 OK
2026-06-17 16:53:39,956 INFO PHAR.N0000 OK
2026-06-17 16:53:40,186 INFO COMB.N0000 OK
2026-06-17 16:53:40,212 INFO CLND.N0000 OK
2026-06-17 16:53:40,228 INFO CIT.N0000 OK
2026-06-17 16:53:40,770 INFO DIAL.N0000 OK
2026-06-17 16:53:40,878 INFO COCR.N0000 OK
2026-06-17 16:53:40,881 INFO COMB.X0000 OK
2026-06-17 16:53:40,886 INFO COMD.N0000 OK
2026-06-17 16:53:40,892 INFO DFCC.N0000 OK
2026-06-17 16:53:40,934 INFO DPL.N0000 OK
2026-06-17 16:53:40,939 INFO SOY.N0000 OK
2026-06-17 16:53:40,997 INFO PKME.N0000 OK
2026-06-17 16:53:41,007 INFO DIMO.N0000 OK
2026-06-17 16:53:41,121 INFO CALF.N0000 OK
2026-06-17 16:53:41,549 INFO CTEA.N0000 OK
2026-06-17 16:53:41,708 INFO DIPD.N0000 OK
2026-06-17 16:53:41,709 INFO ECL.N0000 OK
2026-06-17 16:53:41,726 INFO DIST.N0000 OK
2026-06-17 16:53:41,731 INFO STAF.N0000 OK
2026-06-17 16:53:42,050 INFO EBCR.N0000 OK
2026-06-17 16:53:42,076 INFO EDEN.N0000 OK
2026-06-17 16:53:42,121 INFO EMER.N0000 OK
2026-06-17 16:53:42,129 INFO EML.N0000 OK
2026-06-17 16:53:42,134 INFO EAST.N0000 OK
2026-06-17 16:53:42,393 INFO ELPL.N0000 OK
2026-06-17 16:53:42,563 INFO PACK.N0000 OK
2026-06-17 16:53:42,584 INFO ETWO.N0000 OK
2026-06-17 16:53:43,029 INFO GHLL.N0000 OK
2026-06-17 16:53:43,045 INFO WAPO.N0000 OK
2026-06-17 16:53:43,077 INFO FCT.N0000 OK
2026-06-17 16:53:43,084 INFO MEL.N0000 OK
2026-06-17 16:53:43,089 INFO CFVF.N0000 OK
2026-06-17 16:53:43,114 INFO EXT.N0000 OK
2026-06-17 16:53:43,148 INFO GEST.N0000 OK
2026-06-17 16:53:43,180 INFO HAPU.N0000 OK
2026-06-17 16:53:43,362 INFO HARI.N0000 OK
2026-06-17 16:53:43,368 INFO HNB.N0000 OK
2026-06-17 16:53:43,829 INFO HPL.N0000 OK
2026-06-17 16:53:43,836 INFO MGT.N0000 OK
2026-06-17 16:53:43,875 INFO HAYC.N0000 OK
2026-06-17 16:53:43,884 INFO HELA.N0000 OK
2026-06-17 16:53:43,916 INFO HNB.X0000 OK
2026-06-17 16:53:43,922 INFO HEXP.N0000 OK
2026-06-17 16:53:43,926 INFO CONN.N0000 OK
2026-06-17 16:53:44,011 INFO HAYL.N0000 OK
2026-06-17 16:53:44,094 INFO HHL.N0000 OK
2026-06-17 16:53:44,159 INFO CITH.N0000 OK
2026-06-17 16:53:44,556 INFO HNBF.N0000 OK
2026-06-17 16:53:44,620 INFO HOPL.N0000 OK
2026-06-17 16:53:44,631 INFO HASU.N0000 OK
2026-06-17 16:53:44,691 INFO HNBF.X0000 OK
2026-06-17 16:53:44,728 INFO HSIG.N0000 OK
2026-06-17 16:53:44,742 INFO HUNA.N0000 OK
2026-06-17 16:53:44,749 INFO HBS.N0000 OK
2026-06-17 16:53:44,752 INFO HDFC.N0000 OK
2026-06-17 16:53:44,805 INFO HUNT.N0000 OK
2026-06-17 16:53:44,876 INFO HVA.N0000 OK
2026-06-17 16:53:45,358 INFO ASPH.N0000 OK
2026-06-17 16:53:45,421 INFO BFN.N0000 OK
2026-06-17 16:53:45,439 INFO INME.N0000 OK
2026-06-17 16:53:45,472 INFO JINS.N0000 OK
2026-06-17 16:53:45,569 INFO JAT.N0000 OK
2026-06-17 16:53:45,583 INFO JETS.N0000 OK
2026-06-17 16:53:45,595 INFO JFP.N0000 OK
2026-06-17 16:53:45,598 INFO JKH.N0000 OK
2026-06-17 16:53:45,634 INFO KHL.N0000 OK
2026-06-17 16:53:45,660 INFO JKL.N0000 OK
2026-06-17 16:53:46,152 INFO KAHA.N0000 OK
2026-06-17 16:53:46,221 INFO KFP.N0000 OK
2026-06-17 16:53:46,244 INFO KPHL.N0000 OK
2026-06-17 16:53:46,265 INFO KGAL.N0000 OK
2026-06-17 16:53:46,334 INFO KDL.N0000 OK
2026-06-17 16:53:46,369 INFO KCAB.N0000 OK
2026-06-17 16:53:46,408 INFO TYRE.N0000 OK
2026-06-17 16:53:46,413 INFO KVAL.N0000 OK
2026-06-17 16:53:47,006 INFO LAMB.N0000 OK
2026-06-17 16:53:47,054 INFO LVEF.N0000 OK
2026-06-17 16:53:47,058 INFO KOTA.N0000 OK
2026-06-17 16:53:47,090 INFO CPRT.N0000 OK
2026-06-17 16:53:47,098 INFO LPRT.N0000 OK
2026-06-17 16:53:47,125 INFO LALU.N0000 OK
2026-06-17 16:53:47,131 INFO LOLC.N0000 OK
2026-06-17 16:53:47,153 INFO ASHO.N0000 OK
2026-06-17 16:53:47,200 INFO LCBF.N0000 OK
2026-06-17 16:53:47,209 INFO CERA.N0000 OK
2026-06-17 16:53:47,775 INFO LIOC.N0000 OK
2026-06-17 16:53:47,800 INFO TILE.N0000 OK
2026-06-17 16:53:47,854 INFO ASCO.N0000 OK
2026-06-17 16:53:47,862 INFO LMF.N0000 OK
2026-06-17 16:53:47,889 INFO LVEN.N0000 OK
2026-06-17 16:53:47,903 INFO LWL.N0000 OK
2026-06-17 16:53:47,928 INFO LGL.N0000 OK
2026-06-17 16:53:47,938 INFO LCEY.N0000 OK
2026-06-17 16:53:47,953 INFO LDEV.N0000 OK
2026-06-17 16:53:47,986 INFO LGL.X0000 OK
2026-06-17 16:53:48,561 INFO LPL.N0000 OK
2026-06-17 16:53:48,571 INFO LPL.X0000 OK
2026-06-17 16:53:48,632 INFO LITE.N0000 OK
2026-06-17 16:53:48,644 INFO LFIN.N0000 OK
2026-06-17 16:53:48,662 INFO SHAW.N0000 OK
2026-06-17 16:53:48,685 INFO LION.N0000 OK
2026-06-17 16:53:48,718 INFO LOFC.N0000 OK
2026-06-17 16:53:48,721 INFO HPFL.N0000 OK
2026-06-17 16:53:48,740 INFO LGIL.N0000 OK
2026-06-17 16:53:48,751 INFO LUMX.N0000 OK
2026-06-17 16:53:49,337 INFO MADU.N0000 OK
2026-06-17 16:53:49,349 INFO MFPE.N0000 OK
2026-06-17 16:53:49,357 INFO MCPL.N0000 OK
2026-06-17 16:53:49,448 INFO MAL.N0000 OK
2026-06-17 16:53:49,494 INFO MRH.N0000 OK
2026-06-17 16:53:49,507 INFO MAL.X0000 OK
2026-06-17 16:53:49,510 INFO MASK.N0000 OK
2026-06-17 16:53:49,518 INFO MARA.N0000 OK
2026-06-17 16:53:49,527 INFO MERC.N0000 OK
2026-06-17 16:53:49,560 INFO MELS.N0000 OK
2026-06-17 16:53:50,114 INFO MSL.N0000 OK
2026-06-17 16:53:50,144 INFO MHDL.N0000 OK
2026-06-17 16:53:50,162 INFO MBSL.N0000 OK
2026-06-17 16:53:50,236 INFO MULL.N0000 OK
2026-06-17 16:53:50,278 INFO NAMU.N0000 OK
2026-06-17 16:53:50,281 INFO MDL.N0000 OK
2026-06-17 16:53:50,528 INFO CSF.N0000 OK
2026-06-17 16:53:50,562 INFO NTB.X0000 OK
2026-06-17 16:53:50,568 INFO NTB.N0000 OK
2026-06-17 16:53:50,577 INFO NDB.N0000 OK
2026-06-17 16:53:50,907 INFO NHL.N0000 OK
2026-06-17 16:53:50,927 INFO OFEQ.N0000 OK
2026-06-17 16:53:50,930 INFO ODEL.N0000 OK
2026-06-17 16:53:51,003 INFO ONAL.N0000 OK
2026-06-17 16:53:51,067 INFO PALM.N0000 OK
2026-06-17 16:53:51,077 INFO OSEA.N0000 OK
2026-06-17 16:53:51,274 INFO PAP.N0000 OK
2026-06-17 16:53:51,315 INFO PABC.N0000 OK
2026-06-17 16:53:51,361 INFO PEG.N0000 OK
2026-06-17 16:53:51,365 INFO PARA.N0000 OK
2026-06-17 16:53:51,703 INFO PLC.N0000 OK
2026-06-17 16:53:51,710 INFO GLAS.N0000 OK
2026-06-17 16:53:51,734 INFO PINS.N0000 OK
2026-06-17 16:53:51,774 INFO PMB.N0000 OK
2026-06-17 16:53:51,858 INFO PLR.N0000 OK
2026-06-17 16:53:51,937 INFO CARE.N0000 OK
2026-06-17 16:53:52,041 INFO RIL.N0000 OK
2026-06-17 16:53:52,094 INFO RGEM.N0000 OK
2026-06-17 16:53:52,142 INFO RWSL.N0000 OK
2026-06-17 16:53:52,151 INFO RFL.N0000 OK
2026-06-17 16:53:52,486 INFO RAL.N0000 OK
2026-06-17 16:53:52,516 INFO RENU.N0000 OK
2026-06-17 16:53:52,520 INFO COCO.N0000 OK
2026-06-17 16:53:52,553 INFO COCO.X0000 OK
2026-06-17 16:53:52,644 INFO RHL.N0000 OK
2026-06-17 16:53:52,747 INFO RHL.X0000 OK
2026-06-17 16:53:52,812 INFO RCH.N0000 OK
2026-06-17 16:53:53,439 INFO SAMP.N0000 OK
2026-06-17 16:53:53,506 INFO RCL.N0000 OK
2026-06-17 16:53:53,543 INFO RICH.N0000 OK
2026-06-17 16:53:53,557 INFO HPWR.N0000 OK
2026-06-17 16:53:53,580 INFO SIL.N0000 OK
2026-06-17 16:53:53,585 INFO SDB.N0000 OK
2026-06-17 16:53:53,585 INFO RPBH.N0000 OK
2026-06-17 16:53:53,586 INFO REXP.N0000 OK
2026-06-17 16:53:53,593 INFO SDF.N0000 OK
2026-06-17 16:53:53,638 INFO SMOT.N0000 OK
2026-06-17 16:53:54,224 INFO SFCL.N0000 OK
2026-06-17 16:53:54,276 INFO SHOT.N0000 OK
2026-06-17 16:53:54,344 INFO SLND.N0000 OK
2026-06-17 16:53:54,348 INFO SHOT.X0000 OK
2026-06-17 16:53:54,460 INFO SEYB.N0000 OK
2026-06-17 16:53:54,474 INFO SIRA.N0000 OK
2026-06-17 16:53:54,487 INFO CSD.N0000 OK
2026-06-17 16:53:54,490 INFO SEYB.X0000 OK
2026-06-17 16:53:54,496 INFO SINS.N0000 OK
2026-06-17 16:53:54,505 INFO SIGV.N0000 OK
2026-06-17 16:53:55,009 INFO SFIN.N0000 OK
2026-06-17 16:53:55,044 INFO SINH.N0000 OK
2026-06-17 16:53:55,129 INFO SEMB.X0000 OK
2026-06-17 16:53:55,138 INFO SEMB.N0000 OK
2026-06-17 16:53:55,230 INFO CRL.N0000 OK
2026-06-17 16:53:55,238 INFO SCAP.N0000 OK
2026-06-17 16:53:55,249 INFO SING.N0000 OK
2026-06-17 16:53:55,288 INFO SHL.N0000 OK
2026-06-17 16:53:55,308 INFO AAIC.N0000 OK
2026-06-17 16:53:55,376 INFO SLTL.N0000 OK
2026-06-17 16:53:55,813 INFO SUN.N0000 OK
2026-06-17 16:53:55,829 INFO SWAD.N0000 OK
2026-06-17 16:53:55,946 INFO PARQ.N0000 OK
2026-06-17 16:53:55,949 INFO TAJ.N0000 OK
2026-06-17 16:53:56,035 INFO TPL.N0000 OK
2026-06-17 16:53:56,046 INFO TSML.N0000 OK
2026-06-17 16:53:56,062 INFO TANG.N0000 OK
2026-06-17 16:53:56,092 INFO TJL.N0000 OK
2026-06-17 16:53:56,107 INFO TESS.N0000 OK
2026-06-17 16:53:56,172 INFO TESS.X0000 OK
2026-06-17 16:53:56,603 INFO LHL.N0000 OK
2026-06-17 16:53:56,636 INFO AUTO.N0000 OK
2026-06-17 16:53:56,723 INFO RHTL.N0000 OK
2026-06-17 16:53:56,740 INFO CFLB.N0000 OK
2026-06-17 16:53:56,839 INFO SERV.N0000 OK
2026-06-17 16:53:56,862 INFO KHC.N0000 OK
2026-06-17 16:53:56,869 INFO LHCL.N0000 OK
2026-06-17 16:53:56,881 INFO TKYO.N0000 OK
2026-06-17 16:53:56,896 INFO NEH.N0000 OK
2026-06-17 16:53:56,901 INFO TAFL.N0000 OK
2026-06-17 16:53:57,391 INFO TKYO.X0000 OK
2026-06-17 16:53:57,422 INFO TRAN.N0000 OK
2026-06-17 16:53:57,508 INFO UBF.N0000 OK
2026-06-17 16:53:57,511 INFO UDPL.N0000 OK
2026-06-17 16:53:57,688 INFO UAL.N0000 OK
2026-06-17 16:53:57,691 INFO UCAR.N0000 OK
2026-06-17 16:53:57,706 INFO VONE.N0000 OK
2026-06-17 16:53:57,726 INFO VFIN.N0000 OK
2026-06-17 16:53:57,730 INFO UBC.N0000 OK
2026-06-17 16:53:57,754 INFO UML.N0000 OK
2026-06-17 16:53:58,189 INFO VPEL.N0000 OK
2026-06-17 16:53:58,198 INFO VLL.N0000 OK
2026-06-17 16:53:58,291 INFO VLL.X0000 OK
2026-06-17 16:53:58,291 INFO CITW.N0000 OK
2026-06-17 16:53:58,482 INFO WIND.N0000 OK
2026-06-17 16:53:58,483 INFO WATA.N0000 OK
2026-06-17 16:53:58,543 INFO JXG.N0000 OK
2026-06-17 16:53:58,561 INFO YORK.N0000 OK
2026-06-17 16:53:58,580 INFO WLTH.N0000 OK
2026-06-17 16:53:58,598 INFO Wrote 302 rows to /home/runner/work/cse-scraper/cse-scraper/data/2026-06-17/all_company_info_2026-06-17.csv
2026-06-17 16:53:58,599 INFO Symbols: 302, success: 302, failures: 0
