2026-06-15 18:22:40,289 INFO Saved: data/2026-06-15/tradeSummary_2026-06-15.json
2026-06-15 18:22:41,170 INFO Saved: data/2026-06-15/todaySharePrice_2026-06-15.json
2026-06-15 18:22:42,013 INFO Saved: data/2026-06-15/topGainers_2026-06-15.json
2026-06-15 18:22:42,908 INFO Saved: data/2026-06-15/topLooses_2026-06-15.json
2026-06-15 18:22:43,497 INFO Saved: data/2026-06-15/mostActiveTrades_2026-06-15.json
2026-06-15 18:22:44,307 INFO Saved: data/2026-06-15/marketSummery_2026-06-15.json
2026-06-15 18:22:45,837 INFO Saved: data/2026-06-15/aspiData_2026-06-15.json
2026-06-15 18:22:46,409 INFO Saved: data/2026-06-15/snpData_2026-06-15.json
2026-06-15 18:22:46,986 INFO Saved: data/2026-06-15/allSectors_2026-06-15.json
2026-06-15 18:22:48,035 INFO Saved: data/2026-06-15/detailedTrades_2026-06-15.json
2026-06-15 18:22:48,600 INFO Saved: data/2026-06-15/dailyMarketSummery_2026-06-15.json
2026-06-15 18:22:49,566 INFO Saved: data/2026-06-15/getContributors_2026-06-15.json
2026-06-15 18:22:50,529 INFO Saved: data/2026-06-15/getContributorsChart_2026-06-15.json
2026-06-15 18:22:50,529 INFO Saved 13 files (0 errors)
2026-06-15 18:22:51,971 INFO ABAN.N0000 OK
2026-06-15 18:22:51,974 INFO ACME.N0000 OK
2026-06-15 18:22:52,059 INFO AEL.N0000 OK
2026-06-15 18:22:52,079 INFO AGAL.N0000 OK
2026-06-15 18:22:52,081 INFO ACL.N0000 OK
2026-06-15 18:22:52,101 INFO APLA.N0000 OK
2026-06-15 18:22:52,104 INFO AFSL.N0000 OK
2026-06-15 18:22:52,262 INFO AGST.X0000 OK
2026-06-15 18:22:52,272 INFO AGST.N0000 OK
2026-06-15 18:22:52,382 INFO AGPL.N0000 OK
2026-06-15 18:22:52,559 INFO SPEN.N0000 OK
2026-06-15 18:22:52,686 INFO AHUN.N0000 OK
2026-06-15 18:22:52,717 INFO ALLI.N0000 OK
2026-06-15 18:22:52,767 INFO AFS.N0000 OK
2026-06-15 18:22:52,798 INFO ALUM.N0000 OK
2026-06-15 18:22:53,159 INFO ATL.N0000 OK
2026-06-15 18:22:53,196 INFO TAP.N0000 OK
2026-06-15 18:22:53,210 INFO GREG.N0000 OK
2026-06-15 18:22:53,223 INFO ATLL.N0000 OK
2026-06-15 18:22:53,229 INFO AMCL.N0000 OK
2026-06-15 18:22:53,257 INFO ALHP.N0000 OK
2026-06-15 18:22:53,275 INFO ABL.N0000 OK
2026-06-15 18:22:53,367 INFO ACAP.N0000 OK
2026-06-15 18:22:53,375 INFO AINS.N0000 OK
2026-06-15 18:22:53,444 INFO AAF.N0000 OK
2026-06-15 18:22:53,852 INFO ASIY.N0000 OK
2026-06-15 18:22:53,904 INFO AHPL.N0000 OK
2026-06-15 18:22:53,973 INFO AMSL.N0000 OK
2026-06-15 18:22:53,976 INFO ASIR.N0000 OK
2026-06-15 18:22:54,006 INFO BFL.N0000 OK
2026-06-15 18:22:54,010 INFO BPPL.N0000 OK
2026-06-15 18:22:54,056 INFO BRR.N0000 OK
2026-06-15 18:22:54,061 INFO AMF.N0000 OK
2026-06-15 18:22:54,114 INFO BALA.N0000 OK
2026-06-15 18:22:54,130 INFO BERU.N0000 OK
2026-06-15 18:22:54,424 INFO BLI.N0000 OK
2026-06-15 18:22:54,477 INFO BLUE.X0000 OK
2026-06-15 18:22:54,590 INFO BLUE.N0000 OK
2026-06-15 18:22:54,701 INFO BOGA.N0000 OK
2026-06-15 18:22:54,704 INFO BOPL.N0000 OK
2026-06-15 18:22:54,777 INFO BIL.N0000 OK
2026-06-15 18:22:54,779 INFO BUKI.N0000 OK
2026-06-15 18:22:54,789 INFO CIC.X0000 OK
2026-06-15 18:22:54,802 INFO BRWN.N0000 OK
2026-06-15 18:22:54,804 INFO CIC.N0000 OK
2026-06-15 18:22:55,411 INFO CWM.N0000 OK
2026-06-15 18:22:55,582 INFO CARG.N0000 OK
2026-06-15 18:22:55,594 INFO CSLK.N0000 OK
2026-06-15 18:22:55,609 INFO CTLD.N0000 OK
2026-06-15 18:22:55,614 INFO CTHR.N0000 OK
2026-06-15 18:22:55,632 INFO CALT.N0000 OK
2026-06-15 18:22:55,719 INFO CABO.N0000 OK
2026-06-15 18:22:55,728 INFO CBNK.N0000 OK
2026-06-15 18:22:55,747 INFO COLO.N0000 OK
2026-06-15 18:22:55,784 INFO CALH.N0000 OK
2026-06-15 18:22:56,086 INFO CARS.N0000 OK
2026-06-15 18:22:56,301 INFO CFIN.N0000 OK
2026-06-15 18:22:56,358 INFO CINS.X0000 OK
2026-06-15 18:22:56,367 INFO CINS.N0000 OK
2026-06-15 18:22:56,385 INFO CIND.N0000 OK
2026-06-15 18:22:56,391 INFO BREW.N0000 OK
2026-06-15 18:22:56,426 INFO CCS.N0000 OK
2026-06-15 18:22:56,469 INFO GRAN.N0000 OK
2026-06-15 18:22:56,472 INFO CHL.N0000 OK
2026-06-15 18:22:56,478 INFO GUAR.N0000 OK
2026-06-15 18:22:56,806 INFO CHL.X0000 OK
2026-06-15 18:22:56,975 INFO CHOT.N0000 OK
2026-06-15 18:22:57,060 INFO CINV.N0000 OK
2026-06-15 18:22:57,083 INFO KZOO.N0000 OK
2026-06-15 18:22:57,113 INFO CTBL.N0000 OK
2026-06-15 18:22:57,159 INFO CTC.N0000 OK
2026-06-15 18:22:57,163 INFO CHMX.N0000 OK
2026-06-15 18:22:57,196 INFO LLUB.N0000 OK
2026-06-15 18:22:57,207 INFO CWL.N0000 OK
2026-06-15 18:22:57,215 INFO CDB.N0000 OK
2026-06-15 18:22:57,465 INFO CDB.X0000 OK
2026-06-15 18:22:57,634 INFO REEF.N0000 OK
2026-06-15 18:22:57,712 INFO CHOU.N0000 OK
2026-06-15 18:22:57,732 INFO COOP.N0000 OK
2026-06-15 18:22:57,766 INFO PHAR.N0000 OK
2026-06-15 18:22:57,798 INFO DOCK.N0000 OK
2026-06-15 18:22:57,880 INFO CLND.N0000 OK
2026-06-15 18:22:57,888 INFO CIT.N0000 OK
2026-06-15 18:22:57,925 INFO COMB.N0000 OK
2026-06-15 18:22:57,983 INFO CFI.N0000 OK
2026-06-15 18:22:58,124 INFO COMB.X0000 OK
2026-06-15 18:22:58,285 INFO COCR.N0000 OK
2026-06-15 18:22:58,370 INFO COMD.N0000 OK
2026-06-15 18:22:58,383 INFO SOY.N0000 OK
2026-06-15 18:22:58,431 INFO DPL.N0000 OK
2026-06-15 18:22:58,458 INFO DFCC.N0000 OK
2026-06-15 18:22:58,461 INFO DIAL.N0000 OK
2026-06-15 18:22:58,586 INFO DIMO.N0000 OK
2026-06-15 18:22:58,600 INFO CALF.N0000 OK
2026-06-15 18:22:58,666 INFO PKME.N0000 OK
2026-06-15 18:22:58,781 INFO CTEA.N0000 OK
2026-06-15 18:22:58,945 INFO DIPD.N0000 OK
2026-06-15 18:22:59,045 INFO STAF.N0000 OK
2026-06-15 18:22:59,050 INFO DIST.N0000 OK
2026-06-15 18:22:59,153 INFO EML.N0000 OK
2026-06-15 18:22:59,164 INFO EBCR.N0000 OK
2026-06-15 18:22:59,165 INFO ECL.N0000 OK
2026-06-15 18:22:59,266 INFO EAST.N0000 OK
2026-06-15 18:22:59,316 INFO EMER.N0000 OK
2026-06-15 18:22:59,332 INFO EDEN.N0000 OK
2026-06-15 18:22:59,455 INFO ELPL.N0000 OK
2026-06-15 18:22:59,604 INFO ETWO.N0000 OK
2026-06-15 18:22:59,722 INFO PACK.N0000 OK
2026-06-15 18:22:59,725 INFO EXT.N0000 OK
2026-06-15 18:22:59,762 INFO GHLL.N0000 OK
2026-06-15 18:22:59,837 INFO CFVF.N0000 OK
2026-06-15 18:22:59,838 INFO FCT.N0000 OK
2026-06-15 18:22:59,927 INFO WAPO.N0000 OK
2026-06-15 18:22:59,974 INFO GEST.N0000 OK
2026-06-15 18:22:59,983 INFO MEL.N0000 OK
2026-06-15 18:23:00,118 INFO HAPU.N0000 OK
2026-06-15 18:23:00,259 INFO HARI.N0000 OK
2026-06-15 18:23:00,397 INFO HNB.N0000 OK
2026-06-15 18:23:00,412 INFO HNB.X0000 OK
2026-06-15 18:23:00,419 INFO HPL.N0000 OK
2026-06-15 18:23:00,507 INFO HAYC.N0000 OK
2026-06-15 18:23:00,513 INFO MGT.N0000 OK
2026-06-15 18:23:00,589 INFO HEXP.N0000 OK
2026-06-15 18:23:00,647 INFO CONN.N0000 OK
2026-06-15 18:23:00,649 INFO HAYL.N0000 OK
2026-06-15 18:23:00,791 INFO HELA.N0000 OK
2026-06-15 18:23:00,934 INFO HHL.N0000 OK
2026-06-15 18:23:00,980 INFO CITH.N0000 OK
2026-06-15 18:23:01,087 INFO HASU.N0000 OK
2026-06-15 18:23:01,105 INFO HNBF.N0000 OK
2026-06-15 18:23:01,174 INFO HNBF.X0000 OK
2026-06-15 18:23:01,177 INFO HOPL.N0000 OK
2026-06-15 18:23:01,251 INFO HSIG.N0000 OK
2026-06-15 18:23:01,338 INFO HBS.N0000 OK
2026-06-15 18:23:01,371 INFO HDFC.N0000 OK
2026-06-15 18:23:01,453 INFO HUNA.N0000 OK
2026-06-15 18:23:01,596 INFO HUNT.N0000 OK
2026-06-15 18:23:01,654 INFO HVA.N0000 OK
2026-06-15 18:23:01,729 INFO INME.N0000 OK
2026-06-15 18:23:01,738 INFO ASPH.N0000 OK
2026-06-15 18:23:01,843 INFO BFN.N0000 OK
2026-06-15 18:23:01,850 INFO JINS.N0000 OK
2026-06-15 18:23:01,902 INFO JAT.N0000 OK
2026-06-15 18:23:01,988 INFO JETS.N0000 OK
2026-06-15 18:23:02,035 INFO JFP.N0000 OK
2026-06-15 18:23:02,113 INFO JKH.N0000 OK
2026-06-15 18:23:02,248 INFO KHL.N0000 OK
2026-06-15 18:23:02,358 INFO JKL.N0000 OK
2026-06-15 18:23:02,413 INFO KAHA.N0000 OK
2026-06-15 18:23:02,429 INFO KPHL.N0000 OK
2026-06-15 18:23:02,520 INFO KGAL.N0000 OK
2026-06-15 18:23:02,549 INFO KFP.N0000 OK
2026-06-15 18:23:02,553 INFO KCAB.N0000 OK
2026-06-15 18:23:02,687 INFO KDL.N0000 OK
2026-06-15 18:23:02,728 INFO TYRE.N0000 OK
2026-06-15 18:23:02,731 INFO KVAL.N0000 OK
2026-06-15 18:23:02,906 INFO CPRT.N0000 OK
2026-06-15 18:23:03,031 INFO KOTA.N0000 OK
2026-06-15 18:23:03,040 INFO LAMB.N0000 OK
2026-06-15 18:23:03,090 INFO LOLC.N0000 OK
2026-06-15 18:23:03,249 INFO LALU.N0000 OK
2026-06-15 18:23:03,253 INFO LVEF.N0000 OK
2026-06-15 18:23:03,256 INFO LPRT.N0000 OK
2026-06-15 18:23:03,337 INFO ASHO.N0000 OK
2026-06-15 18:23:03,413 INFO LCBF.N0000 OK
2026-06-15 18:23:03,423 INFO CERA.N0000 OK
2026-06-15 18:23:03,624 INFO LIOC.N0000 OK
2026-06-15 18:23:03,729 INFO ASCO.N0000 OK
2026-06-15 18:23:03,733 INFO LMF.N0000 OK
2026-06-15 18:23:03,771 INFO TILE.N0000 OK
2026-06-15 18:23:03,955 INFO LCEY.N0000 OK
2026-06-15 18:23:03,956 INFO LVEN.N0000 OK
2026-06-15 18:23:03,989 INFO LGL.N0000 OK
2026-06-15 18:23:04,026 INFO LDEV.N0000 OK
2026-06-15 18:23:04,073 INFO LWL.N0000 OK
2026-06-15 18:23:04,103 INFO LGL.X0000 OK
2026-06-15 18:23:04,284 INFO LPL.N0000 OK
2026-06-15 18:23:04,423 INFO LITE.N0000 OK
2026-06-15 18:23:04,430 INFO LFIN.N0000 OK
2026-06-15 18:23:04,443 INFO LPL.X0000 OK
2026-06-15 18:23:04,653 INFO LION.N0000 OK
2026-06-15 18:23:04,664 INFO SHAW.N0000 OK
2026-06-15 18:23:04,697 INFO LOFC.N0000 OK
2026-06-15 18:23:04,716 INFO LGIL.N0000 OK
2026-06-15 18:23:04,760 INFO LUMX.N0000 OK
2026-06-15 18:23:04,764 INFO HPFL.N0000 OK
2026-06-15 18:23:04,983 INFO MADU.N0000 OK
2026-06-15 18:23:05,105 INFO MCPL.N0000 OK
2026-06-15 18:23:05,122 INFO MFPE.N0000 OK
2026-06-15 18:23:05,151 INFO MRH.N0000 OK
2026-06-15 18:23:05,412 INFO MARA.N0000 OK
2026-06-15 18:23:05,414 INFO MASK.N0000 OK
2026-06-15 18:23:05,420 INFO MAL.X0000 OK
2026-06-15 18:23:05,430 INFO MAL.N0000 OK
2026-06-15 18:23:05,454 INFO MERC.N0000 OK
2026-06-15 18:23:05,513 INFO MELS.N0000 OK
2026-06-15 18:23:05,663 INFO MSL.N0000 OK
2026-06-15 18:23:05,763 INFO MBSL.N0000 OK
2026-06-15 18:23:05,793 INFO MHDL.N0000 OK
2026-06-15 18:23:05,827 INFO MULL.N0000 OK
2026-06-15 18:23:06,086 INFO CSF.N0000 OK
2026-06-15 18:23:06,155 INFO MDL.N0000 OK
2026-06-15 18:23:06,158 INFO NAMU.N0000 OK
2026-06-15 18:23:06,192 INFO NDB.N0000 OK
2026-06-15 18:23:06,200 INFO NTB.N0000 OK
2026-06-15 18:23:06,224 INFO NTB.X0000 OK
2026-06-15 18:23:06,330 INFO NHL.N0000 OK
2026-06-15 18:23:06,441 INFO ODEL.N0000 OK
2026-06-15 18:23:06,471 INFO OFEQ.N0000 OK
2026-06-15 18:23:06,515 INFO ONAL.N0000 OK
2026-06-15 18:23:06,765 INFO OSEA.N0000 OK
2026-06-15 18:23:06,853 INFO PABC.N0000 OK
2026-06-15 18:23:06,892 INFO PALM.N0000 OK
2026-06-15 18:23:06,906 INFO PAP.N0000 OK
2026-06-15 18:23:06,919 INFO PARA.N0000 OK
2026-06-15 18:23:06,941 INFO PEG.N0000 OK
2026-06-15 18:23:07,015 INFO PINS.N0000 OK
2026-06-15 18:23:07,131 INFO PLC.N0000 OK
2026-06-15 18:23:07,140 INFO GLAS.N0000 OK
2026-06-15 18:23:07,206 INFO PMB.N0000 OK
2026-06-15 18:23:07,483 INFO PLR.N0000 OK
2026-06-15 18:23:07,511 INFO CARE.N0000 OK
2026-06-15 18:23:07,603 INFO RGEM.N0000 OK
2026-06-15 18:23:07,638 INFO RIL.N0000 OK
2026-06-15 18:23:07,651 INFO RWSL.N0000 OK
2026-06-15 18:23:07,666 INFO RFL.N0000 OK
2026-06-15 18:23:07,704 INFO RAL.N0000 OK
2026-06-15 18:23:07,796 INFO RENU.N0000 OK
2026-06-15 18:23:07,849 INFO COCO.N0000 OK
2026-06-15 18:23:07,985 INFO COCO.X0000 OK
2026-06-15 18:23:08,155 INFO RHL.N0000 OK
2026-06-15 18:23:08,320 INFO RHL.X0000 OK
2026-06-15 18:23:08,351 INFO RCH.N0000 OK
2026-06-15 18:23:08,378 INFO RICH.N0000 OK
2026-06-15 18:23:08,385 INFO HPWR.N0000 OK
2026-06-15 18:23:08,401 INFO REXP.N0000 OK
2026-06-15 18:23:08,415 INFO RCL.N0000 OK
2026-06-15 18:23:08,493 INFO RPBH.N0000 OK
2026-06-15 18:23:08,561 INFO SAMP.N0000 OK
2026-06-15 18:23:08,677 INFO SIL.N0000 OK
2026-06-15 18:23:08,855 INFO SDB.N0000 OK
2026-06-15 18:23:09,010 INFO SMOT.N0000 OK
2026-06-15 18:23:09,032 INFO SDF.N0000 OK
2026-06-15 18:23:09,098 INFO SFCL.N0000 OK
2026-06-15 18:23:09,111 INFO SHOT.N0000 OK
2026-06-15 18:23:09,114 INFO SLND.N0000 OK
2026-06-15 18:23:09,162 INFO SEYB.N0000 OK
2026-06-15 18:23:09,182 INFO SHOT.X0000 OK
2026-06-15 18:23:09,233 INFO SEYB.X0000 OK
2026-06-15 18:23:09,341 INFO CSD.N0000 OK
2026-06-15 18:23:09,546 INFO SIRA.N0000 OK
2026-06-15 18:23:09,680 INFO SIGV.N0000 OK
2026-06-15 18:23:09,725 INFO SINS.N0000 OK
2026-06-15 18:23:09,771 INFO SFIN.N0000 OK
2026-06-15 18:23:09,823 INFO SINH.N0000 OK
2026-06-15 18:23:09,826 INFO SEMB.X0000 OK
2026-06-15 18:23:09,841 INFO SEMB.N0000 OK
2026-06-15 18:23:09,872 INFO SCAP.N0000 OK
2026-06-15 18:23:09,896 INFO CRL.N0000 OK
2026-06-15 18:23:10,030 INFO SHL.N0000 OK
2026-06-15 18:23:10,208 INFO AAIC.N0000 OK
2026-06-15 18:23:10,297 INFO SING.N0000 OK
2026-06-15 18:23:10,338 INFO SLTL.N0000 OK
2026-06-15 18:23:10,338 INFO SUN.N0000 OK
2026-06-15 18:23:10,537 INFO SWAD.N0000 OK
2026-06-15 18:23:10,547 INFO PARQ.N0000 OK
2026-06-15 18:23:10,561 INFO TAJ.N0000 OK
2026-06-15 18:23:10,593 INFO TPL.N0000 OK
2026-06-15 18:23:10,596 INFO TANG.N0000 OK
2026-06-15 18:23:10,686 INFO TSML.N0000 OK
2026-06-15 18:23:10,924 INFO TJL.N0000 OK
2026-06-15 18:23:10,978 INFO TESS.N0000 OK
2026-06-15 18:23:11,029 INFO LHL.N0000 OK
2026-06-15 18:23:11,046 INFO TESS.X0000 OK
2026-06-15 18:23:11,249 INFO AUTO.N0000 OK
2026-06-15 18:23:11,259 INFO CFLB.N0000 OK
2026-06-15 18:23:11,292 INFO RHTL.N0000 OK
2026-06-15 18:23:11,310 INFO KHC.N0000 OK
2026-06-15 18:23:11,321 INFO SERV.N0000 OK
2026-06-15 18:23:11,347 INFO LHCL.N0000 OK
2026-06-15 18:23:11,610 INFO NEH.N0000 OK
2026-06-15 18:23:11,672 INFO TAFL.N0000 OK
2026-06-15 18:23:11,702 INFO TKYO.N0000 OK
2026-06-15 18:23:11,738 INFO TKYO.X0000 OK
2026-06-15 18:23:11,935 INFO TRAN.N0000 OK
2026-06-15 18:23:11,992 INFO UBF.N0000 OK
2026-06-15 18:23:11,996 INFO UDPL.N0000 OK
2026-06-15 18:23:12,025 INFO UBC.N0000 OK
2026-06-15 18:23:12,061 INFO UCAR.N0000 OK
2026-06-15 18:23:12,090 INFO UAL.N0000 OK
2026-06-15 18:23:12,269 INFO UML.N0000 OK
2026-06-15 18:23:12,324 INFO VFIN.N0000 OK
2026-06-15 18:23:12,353 INFO VONE.N0000 OK
2026-06-15 18:23:12,396 INFO VPEL.N0000 OK
2026-06-15 18:23:12,607 INFO VLL.N0000 OK
2026-06-15 18:23:12,682 INFO VLL.X0000 OK
2026-06-15 18:23:12,701 INFO WATA.N0000 OK
2026-06-15 18:23:12,709 INFO CITW.N0000 OK
2026-06-15 18:23:12,752 INFO WIND.N0000 OK
2026-06-15 18:23:12,765 INFO YORK.N0000 OK
2026-06-15 18:23:12,939 INFO WLTH.N0000 OK
2026-06-15 18:23:12,987 INFO JXG.N0000 OK
2026-06-15 18:23:13,003 INFO Wrote 302 rows to /home/runner/work/cse-scraper/cse-scraper/data/2026-06-15/all_company_info_2026-06-15.csv
2026-06-15 18:23:13,003 INFO Symbols: 302, success: 302, failures: 0
