2026-05-26 17:23:59,759 INFO Saved: data/2026-05-26/tradeSummary_2026-05-26.json
2026-05-26 17:24:00,679 INFO Saved: data/2026-05-26/todaySharePrice_2026-05-26.json
2026-05-26 17:24:01,636 INFO Saved: data/2026-05-26/topGainers_2026-05-26.json
2026-05-26 17:24:02,662 INFO Saved: data/2026-05-26/topLooses_2026-05-26.json
2026-05-26 17:24:04,055 INFO Saved: data/2026-05-26/mostActiveTrades_2026-05-26.json
2026-05-26 17:24:05,010 INFO Saved: data/2026-05-26/marketSummery_2026-05-26.json
2026-05-26 17:24:05,692 INFO Saved: data/2026-05-26/aspiData_2026-05-26.json
2026-05-26 17:24:06,377 INFO Saved: data/2026-05-26/snpData_2026-05-26.json
2026-05-26 17:24:07,398 INFO Saved: data/2026-05-26/allSectors_2026-05-26.json
2026-05-26 17:24:08,577 INFO Saved: data/2026-05-26/detailedTrades_2026-05-26.json
2026-05-26 17:24:09,249 INFO Saved: data/2026-05-26/dailyMarketSummery_2026-05-26.json
2026-05-26 17:24:10,003 INFO Saved: data/2026-05-26/getContributors_2026-05-26.json
2026-05-26 17:24:10,735 INFO Saved: data/2026-05-26/getContributorsChart_2026-05-26.json
2026-05-26 17:24:10,735 INFO Saved 13 files (0 errors)
2026-05-26 17:24:12,191 INFO ACL.N0000 OK
2026-05-26 17:24:12,264 INFO ABAN.N0000 OK
2026-05-26 17:24:12,292 INFO APLA.N0000 OK
2026-05-26 17:24:12,304 INFO AEL.N0000 OK
2026-05-26 17:24:12,353 INFO AFSL.N0000 OK
2026-05-26 17:24:12,377 INFO AGPL.N0000 OK
2026-05-26 17:24:12,382 INFO AGST.X0000 OK
2026-05-26 17:24:12,388 INFO AGAL.N0000 OK
2026-05-26 17:24:12,390 INFO ACME.N0000 OK
2026-05-26 17:24:12,393 INFO AGST.N0000 OK
2026-05-26 17:24:13,269 INFO ALUM.N0000 OK
2026-05-26 17:24:13,284 INFO ATLL.N0000 OK
2026-05-26 17:24:13,298 INFO ALLI.N0000 OK
2026-05-26 17:24:13,337 INFO AHUN.N0000 OK
2026-05-26 17:24:13,343 INFO SPEN.N0000 OK
2026-05-26 17:24:13,348 INFO AFS.N0000 OK
2026-05-26 17:24:13,354 INFO TAP.N0000 OK
2026-05-26 17:24:13,374 INFO ABL.N0000 OK
2026-05-26 17:24:13,382 INFO ATL.N0000 OK
2026-05-26 17:24:13,385 INFO GREG.N0000 OK
2026-05-26 17:24:13,955 INFO ALHP.N0000 OK
2026-05-26 17:24:13,998 INFO AMCL.N0000 OK
2026-05-26 17:24:14,028 INFO ACAP.N0000 OK
2026-05-26 17:24:14,089 INFO AINS.N0000 OK
2026-05-26 17:24:14,123 INFO ASIY.N0000 OK
2026-05-26 17:24:14,130 INFO AAF.N0000 OK
2026-05-26 17:24:14,633 INFO AHPL.N0000 OK
2026-05-26 17:24:14,650 INFO AMF.N0000 OK
2026-05-26 17:24:14,662 INFO ASIR.N0000 OK
2026-05-26 17:24:14,665 INFO AMSL.N0000 OK
2026-05-26 17:24:14,696 INFO BPPL.N0000 OK
2026-05-26 17:24:15,187 INFO BLI.N0000 OK
2026-05-26 17:24:15,264 INFO BALA.N0000 OK
2026-05-26 17:24:15,274 INFO BFL.N0000 OK
2026-05-26 17:24:15,280 INFO BERU.N0000 OK
2026-05-26 17:24:15,293 INFO BRR.N0000 OK
2026-05-26 17:24:15,311 INFO BLUE.X0000 OK
2026-05-26 17:24:15,320 INFO BLUE.N0000 OK
2026-05-26 17:24:15,402 INFO BOGA.N0000 OK
2026-05-26 17:24:15,645 INFO BOPL.N0000 OK
2026-05-26 17:24:15,658 INFO BRWN.N0000 OK
2026-05-26 17:24:15,923 INFO BIL.N0000 OK
2026-05-26 17:24:15,964 INFO CIC.N0000 OK
2026-05-26 17:24:16,007 INFO BUKI.N0000 OK
2026-05-26 17:24:16,030 INFO CIC.X0000 OK
2026-05-26 17:24:16,052 INFO COLO.N0000 OK
2026-05-26 17:24:16,526 INFO CSLK.N0000 OK
2026-05-26 17:24:16,546 INFO CALH.N0000 OK
2026-05-26 17:24:16,589 INFO CTLD.N0000 OK
2026-05-26 17:24:16,592 INFO CWM.N0000 OK
2026-05-26 17:24:16,617 INFO CTHR.N0000 OK
2026-05-26 17:24:16,700 INFO CALT.N0000 OK
2026-05-26 17:24:16,706 INFO CARG.N0000 OK
2026-05-26 17:24:16,757 INFO CBNK.N0000 OK
2026-05-26 17:24:16,764 INFO CABO.N0000 OK
2026-05-26 17:24:16,776 INFO CARS.N0000 OK
2026-05-26 17:24:17,284 INFO CFIN.N0000 OK
2026-05-26 17:24:17,292 INFO CIND.N0000 OK
2026-05-26 17:24:17,342 INFO CINS.N0000 OK
2026-05-26 17:24:17,345 INFO CINS.X0000 OK
2026-05-26 17:24:17,359 INFO BREW.N0000 OK
2026-05-26 17:24:17,470 INFO GRAN.N0000 OK
2026-05-26 17:24:17,524 INFO GUAR.N0000 OK
2026-05-26 17:24:17,544 INFO CHL.N0000 OK
2026-05-26 17:24:17,556 INFO CCS.N0000 OK
2026-05-26 17:24:17,616 INFO CHL.X0000 OK
2026-05-26 17:24:18,011 INFO CHOT.N0000 OK
2026-05-26 17:24:18,051 INFO CINV.N0000 OK
2026-05-26 17:24:18,091 INFO CTBL.N0000 OK
2026-05-26 17:24:18,109 INFO KZOO.N0000 OK
2026-05-26 17:24:18,117 INFO CTC.N0000 OK
2026-05-26 17:24:18,190 INFO CHMX.N0000 OK
2026-05-26 17:24:18,218 INFO CDB.N0000 OK
2026-05-26 17:24:18,254 INFO LLUB.N0000 OK
2026-05-26 17:24:18,272 INFO CWL.N0000 OK
2026-05-26 17:24:18,337 INFO CDB.X0000 OK
2026-05-26 17:24:18,716 INFO CHOU.N0000 OK
2026-05-26 17:24:18,731 INFO REEF.N0000 OK
2026-05-26 17:24:18,843 INFO COOP.N0000 OK
2026-05-26 17:24:18,858 INFO DOCK.N0000 OK
2026-05-26 17:24:18,867 INFO PHAR.N0000 OK
2026-05-26 17:24:18,925 INFO CFI.N0000 OK
2026-05-26 17:24:18,929 INFO CIT.N0000 OK
2026-05-26 17:24:18,970 INFO CLND.N0000 OK
2026-05-26 17:24:19,012 INFO COMB.N0000 OK
2026-05-26 17:24:19,083 INFO COMB.X0000 OK
2026-05-26 17:24:19,394 INFO COCR.N0000 OK
2026-05-26 17:24:19,468 INFO COMD.N0000 OK
2026-05-26 17:24:19,568 INFO SOY.N0000 OK
2026-05-26 17:24:19,596 INFO DIAL.N0000 OK
2026-05-26 17:24:19,602 INFO DPL.N0000 OK
2026-05-26 17:24:19,636 INFO DFCC.N0000 OK
2026-05-26 17:24:19,673 INFO CALF.N0000 OK
2026-05-26 17:24:19,676 INFO PKME.N0000 OK
2026-05-26 17:24:19,696 INFO DIMO.N0000 OK
2026-05-26 17:24:19,803 INFO CTEA.N0000 OK
2026-05-26 17:24:20,154 INFO DIPD.N0000 OK
2026-05-26 17:24:20,200 INFO DIST.N0000 OK
2026-05-26 17:24:20,360 INFO STAF.N0000 OK
2026-05-26 17:24:20,382 INFO EBCR.N0000 OK
2026-05-26 17:24:20,385 INFO ECL.N0000 OK
2026-05-26 17:24:20,393 INFO EML.N0000 OK
2026-05-26 17:24:20,421 INFO EMER.N0000 OK
2026-05-26 17:24:20,425 INFO EAST.N0000 OK
2026-05-26 17:24:20,439 INFO EDEN.N0000 OK
2026-05-26 17:24:20,524 INFO ELPL.N0000 OK
2026-05-26 17:24:20,930 INFO PACK.N0000 OK
2026-05-26 17:24:20,933 INFO ETWO.N0000 OK
2026-05-26 17:24:21,106 INFO GHLL.N0000 OK
2026-05-26 17:24:21,128 INFO MEL.N0000 OK
2026-05-26 17:24:21,169 INFO GEST.N0000 OK
2026-05-26 17:24:21,203 INFO WAPO.N0000 OK
2026-05-26 17:24:21,214 INFO EXT.N0000 OK
2026-05-26 17:24:21,252 INFO HAPU.N0000 OK
2026-05-26 17:24:21,265 INFO CFVF.N0000 OK
2026-05-26 17:24:21,268 INFO FCT.N0000 OK
2026-05-26 17:24:21,686 INFO HARI.N0000 OK
2026-05-26 17:24:21,690 INFO HNB.N0000 OK
2026-05-26 17:24:21,879 INFO HPL.N0000 OK
2026-05-26 17:24:21,912 INFO HAYC.N0000 OK
2026-05-26 17:24:21,941 INFO HNB.X0000 OK
2026-05-26 17:24:21,987 INFO MGT.N0000 OK
2026-05-26 17:24:21,996 INFO CONN.N0000 OK
2026-05-26 17:24:22,002 INFO HEXP.N0000 OK
2026-05-26 17:24:22,025 INFO HAYL.N0000 OK
2026-05-26 17:24:22,028 INFO HELA.N0000 OK
2026-05-26 17:24:22,381 INFO HHL.N0000 OK
2026-05-26 17:24:22,453 INFO CITH.N0000 OK
2026-05-26 17:24:22,616 INFO HASU.N0000 OK
2026-05-26 17:24:22,683 INFO HNBF.X0000 OK
2026-05-26 17:24:22,694 INFO HNBF.N0000 OK
2026-05-26 17:24:22,729 INFO HOPL.N0000 OK
2026-05-26 17:24:22,785 INFO HSIG.N0000 OK
2026-05-26 17:24:22,790 INFO HUNA.N0000 OK
2026-05-26 17:24:22,806 INFO HBS.N0000 OK
2026-05-26 17:24:22,808 INFO HDFC.N0000 OK
2026-05-26 17:24:23,115 INFO HUNT.N0000 OK
2026-05-26 17:24:23,170 INFO HVA.N0000 OK
2026-05-26 17:24:23,363 INFO ASPH.N0000 OK
2026-05-26 17:24:23,458 INFO JINS.N0000 OK
2026-05-26 17:24:23,470 INFO BFN.N0000 OK
2026-05-26 17:24:23,559 INFO JAT.N0000 OK
2026-05-26 17:24:23,559 INFO JETS.N0000 OK
2026-05-26 17:24:23,564 INFO INME.N0000 OK
2026-05-26 17:24:23,590 INFO JFP.N0000 OK
2026-05-26 17:24:23,663 INFO JKH.N0000 OK
2026-05-26 17:24:23,993 INFO KHL.N0000 OK
2026-05-26 17:24:23,995 INFO JKL.N0000 OK
2026-05-26 17:24:24,114 INFO KAHA.N0000 OK
2026-05-26 17:24:24,137 INFO KFP.N0000 OK
2026-05-26 17:24:24,174 INFO KPHL.N0000 OK
2026-05-26 17:24:24,293 INFO KGAL.N0000 OK
2026-05-26 17:24:24,328 INFO KDL.N0000 OK
2026-05-26 17:24:24,338 INFO KCAB.N0000 OK
2026-05-26 17:24:24,345 INFO TYRE.N0000 OK
2026-05-26 17:24:24,366 INFO KVAL.N0000 OK
2026-05-26 17:24:24,768 INFO KOTA.N0000 OK
2026-05-26 17:24:24,795 INFO CPRT.N0000 OK
2026-05-26 17:24:24,832 INFO LAMB.N0000 OK
2026-05-26 17:24:24,866 INFO LOLC.N0000 OK
2026-05-26 17:24:24,915 INFO LVEF.N0000 OK
2026-05-26 17:24:25,006 INFO LPRT.N0000 OK
2026-05-26 17:24:25,021 INFO ASHO.N0000 OK
2026-05-26 17:24:25,079 INFO LALU.N0000 OK
2026-05-26 17:24:25,086 INFO CERA.N0000 OK
2026-05-26 17:24:25,177 INFO LCBF.N0000 OK
2026-05-26 17:24:25,473 INFO LMF.N0000 OK
2026-05-26 17:24:25,490 INFO LIOC.N0000 OK
2026-05-26 17:24:25,541 INFO TILE.N0000 OK
2026-05-26 17:24:25,585 INFO ASCO.N0000 OK
2026-05-26 17:24:25,671 INFO LVEN.N0000 OK
2026-05-26 17:24:25,678 INFO LWL.N0000 OK
2026-05-26 17:24:25,689 INFO LCEY.N0000 OK
2026-05-26 17:24:25,845 INFO LDEV.N0000 OK
2026-05-26 17:24:25,852 INFO LGL.N0000 OK
2026-05-26 17:24:25,922 INFO LGL.X0000 OK
2026-05-26 17:24:26,212 INFO LPL.N0000 OK
2026-05-26 17:24:26,272 INFO LPL.X0000 OK
2026-05-26 17:24:26,319 INFO LITE.N0000 OK
2026-05-26 17:24:26,382 INFO LFIN.N0000 OK
2026-05-26 17:24:26,420 INFO SHAW.N0000 OK
2026-05-26 17:24:26,445 INFO LOFC.N0000 OK
2026-05-26 17:24:26,448 INFO LION.N0000 OK
2026-05-26 17:24:26,583 INFO LGIL.N0000 OK
2026-05-26 17:24:26,626 INFO HPFL.N0000 OK
2026-05-26 17:24:26,670 INFO LUMX.N0000 OK
2026-05-26 17:24:26,954 INFO MADU.N0000 OK
2026-05-26 17:24:27,034 INFO MFPE.N0000 OK
2026-05-26 17:24:27,068 INFO MCPL.N0000 OK
2026-05-26 17:24:27,140 INFO MAL.N0000 OK
2026-05-26 17:24:27,235 INFO MRH.N0000 OK
2026-05-26 17:24:27,238 INFO MAL.X0000 OK
2026-05-26 17:24:27,242 INFO MARA.N0000 OK
2026-05-26 17:24:27,358 INFO MASK.N0000 OK
2026-05-26 17:24:27,402 INFO MELS.N0000 OK
2026-05-26 17:24:27,444 INFO MERC.N0000 OK
2026-05-26 17:24:27,614 INFO MSL.N0000 OK
2026-05-26 17:24:27,782 INFO MBSL.N0000 OK
2026-05-26 17:24:27,828 INFO MHDL.N0000 OK
2026-05-26 17:24:27,870 INFO MULL.N0000 OK
2026-05-26 17:24:27,925 INFO CSF.N0000 OK
2026-05-26 17:24:27,973 INFO NAMU.N0000 OK
2026-05-26 17:24:28,024 INFO MDL.N0000 OK
2026-05-26 17:24:28,078 INFO NDB.N0000 OK
2026-05-26 17:24:28,167 INFO NTB.X0000 OK
2026-05-26 17:24:28,174 INFO NTB.N0000 OK
2026-05-26 17:24:28,396 INFO NHL.N0000 OK
2026-05-26 17:24:28,512 INFO ODEL.N0000 OK
2026-05-26 17:24:28,565 INFO OFEQ.N0000 OK
2026-05-26 17:24:28,626 INFO ONAL.N0000 OK
2026-05-26 17:24:28,651 INFO OSEA.N0000 OK
2026-05-26 17:24:28,717 INFO PALM.N0000 OK
2026-05-26 17:24:28,742 INFO PABC.N0000 OK
2026-05-26 17:24:28,805 INFO PAP.N0000 OK
2026-05-26 17:24:28,924 INFO PEG.N0000 OK
2026-05-26 17:24:28,927 INFO PARA.N0000 OK
2026-05-26 17:24:29,141 INFO PINS.N0000 OK
2026-05-26 17:24:29,227 INFO GLAS.N0000 OK
2026-05-26 17:24:29,243 INFO PLC.N0000 OK
2026-05-26 17:24:29,329 INFO PLR.N0000 OK
2026-05-26 17:24:29,360 INFO PMB.N0000 OK
2026-05-26 17:24:29,441 INFO CARE.N0000 OK
2026-05-26 17:24:29,471 INFO RIL.N0000 OK
2026-05-26 17:24:29,484 INFO RGEM.N0000 OK
2026-05-26 17:24:29,673 INFO RWSL.N0000 OK
2026-05-26 17:24:29,694 INFO RFL.N0000 OK
2026-05-26 17:24:29,825 INFO RAL.N0000 OK
2026-05-26 17:24:29,962 INFO RENU.N0000 OK
2026-05-26 17:24:29,989 INFO COCO.N0000 OK
2026-05-26 17:24:30,078 INFO COCO.X0000 OK
2026-05-26 17:24:30,089 INFO RHL.N0000 OK
2026-05-26 17:24:30,193 INFO RHL.X0000 OK
2026-05-26 17:24:30,226 INFO RCH.N0000 OK
2026-05-26 17:24:30,229 INFO HPWR.N0000 OK
2026-05-26 17:24:30,414 INFO RICH.N0000 OK
2026-05-26 17:24:30,531 INFO REXP.N0000 OK
2026-05-26 17:24:30,544 INFO RCL.N0000 OK
2026-05-26 17:24:30,683 INFO RPBH.N0000 OK
2026-05-26 17:24:30,710 INFO SAMP.N0000 OK
2026-05-26 17:24:30,791 INFO SIL.N0000 OK
2026-05-26 17:24:30,899 INFO SDB.N0000 OK
2026-05-26 17:24:30,973 INFO SDF.N0000 OK
2026-05-26 17:24:30,976 INFO SMOT.N0000 OK
2026-05-26 17:24:30,991 INFO SFCL.N0000 OK
2026-05-26 17:24:31,142 INFO SHOT.N0000 OK
2026-05-26 17:24:31,293 INFO SHOT.X0000 OK
2026-05-26 17:24:31,299 INFO SLND.N0000 OK
2026-05-26 17:24:31,414 INFO SEYB.N0000 OK
2026-05-26 17:24:31,452 INFO SEYB.X0000 OK
2026-05-26 17:24:31,519 INFO CSD.N0000 OK
2026-05-26 17:24:31,556 INFO SIRA.N0000 OK
2026-05-26 17:24:31,718 INFO SINS.N0000 OK
2026-05-26 17:24:31,727 INFO SIGV.N0000 OK
2026-05-26 17:24:31,748 INFO SFIN.N0000 OK
2026-05-26 17:24:31,899 INFO SINH.N0000 OK
2026-05-26 17:24:32,040 INFO SEMB.N0000 OK
2026-05-26 17:24:32,043 INFO SEMB.X0000 OK
2026-05-26 17:24:32,164 INFO SCAP.N0000 OK
2026-05-26 17:24:32,183 INFO CRL.N0000 OK
2026-05-26 17:24:32,248 INFO SHL.N0000 OK
2026-05-26 17:24:32,312 INFO AAIC.N0000 OK
2026-05-26 17:24:32,383 INFO SLTL.N0000 OK
2026-05-26 17:24:32,437 INFO SUN.N0000 OK
2026-05-26 17:24:32,447 INFO SING.N0000 OK
2026-05-26 17:24:32,623 INFO SWAD.N0000 OK
2026-05-26 17:24:32,710 INFO PARQ.N0000 OK
2026-05-26 17:24:32,775 INFO TAJ.N0000 OK
2026-05-26 17:24:32,932 INFO TPL.N0000 OK
2026-05-26 17:24:32,933 INFO TANG.N0000 OK
2026-05-26 17:24:33,016 INFO TSML.N0000 OK
2026-05-26 17:24:33,027 INFO TJL.N0000 OK
2026-05-26 17:24:33,104 INFO TESS.N0000 OK
2026-05-26 17:24:33,218 INFO TESS.X0000 OK
2026-05-26 17:24:33,219 INFO LHL.N0000 OK
2026-05-26 17:24:33,352 INFO AUTO.N0000 OK
2026-05-26 17:24:33,430 INFO CFLB.N0000 OK
2026-05-26 17:24:33,608 INFO RHTL.N0000 OK
2026-05-26 17:24:33,670 INFO SERV.N0000 OK
2026-05-26 17:24:33,727 INFO KHC.N0000 OK
2026-05-26 17:24:33,749 INFO LHCL.N0000 OK
2026-05-26 17:24:33,755 INFO NEH.N0000 OK
2026-05-26 17:24:33,828 INFO TAFL.N0000 OK
2026-05-26 17:24:33,895 INFO TKYO.N0000 OK
2026-05-26 17:24:33,966 INFO TKYO.X0000 OK
2026-05-26 17:24:34,105 INFO TRAN.N0000 OK
2026-05-26 17:24:34,158 INFO UBF.N0000 OK
2026-05-26 17:24:34,359 INFO UDPL.N0000 OK
2026-05-26 17:24:34,430 INFO UAL.N0000 OK
2026-05-26 17:24:34,445 INFO UML.N0000 OK
2026-05-26 17:24:34,468 INFO UBC.N0000 OK
2026-05-26 17:24:34,497 INFO UCAR.N0000 OK
2026-05-26 17:24:34,572 INFO VFIN.N0000 OK
2026-05-26 17:24:34,635 INFO VONE.N0000 OK
2026-05-26 17:24:34,699 INFO VPEL.N0000 OK
2026-05-26 17:24:34,837 INFO VLL.N0000 OK
2026-05-26 17:24:34,903 INFO VLL.X0000 OK
2026-05-26 17:24:35,102 INFO CITW.N0000 OK
2026-05-26 17:24:35,163 INFO WATA.N0000 OK
2026-05-26 17:24:35,182 INFO WIND.N0000 OK
2026-05-26 17:24:35,198 INFO YORK.N0000 OK
2026-05-26 17:24:35,233 INFO WLTH.N0000 OK
2026-05-26 17:24:35,323 INFO JXG.N0000 OK
2026-05-26 17:24:35,339 INFO Wrote 302 rows to /home/runner/work/cse-scraper/cse-scraper/data/2026-05-26/all_company_info_2026-05-26.csv
2026-05-26 17:24:35,340 INFO Symbols: 302, success: 302, failures: 0
