2026-05-14 16:08:39,235 INFO Saved: data/2026-05-14/tradeSummary_2026-05-14.json
2026-05-14 16:08:39,787 INFO Saved: data/2026-05-14/todaySharePrice_2026-05-14.json
2026-05-14 16:08:40,942 INFO Saved: data/2026-05-14/topGainers_2026-05-14.json
2026-05-14 16:08:41,756 INFO Saved: data/2026-05-14/topLooses_2026-05-14.json
2026-05-14 16:08:42,632 INFO Saved: data/2026-05-14/mostActiveTrades_2026-05-14.json
2026-05-14 16:08:43,548 INFO Saved: data/2026-05-14/marketSummery_2026-05-14.json
2026-05-14 16:08:44,415 INFO Saved: data/2026-05-14/aspiData_2026-05-14.json
2026-05-14 16:08:45,454 INFO Saved: data/2026-05-14/snpData_2026-05-14.json
2026-05-14 16:08:46,252 INFO Saved: data/2026-05-14/allSectors_2026-05-14.json
2026-05-14 16:08:47,258 INFO Saved: data/2026-05-14/detailedTrades_2026-05-14.json
2026-05-14 16:08:49,416 INFO Saved: data/2026-05-14/dailyMarketSummery_2026-05-14.json
2026-05-14 16:08:50,075 INFO Saved: data/2026-05-14/getContributors_2026-05-14.json
2026-05-14 16:08:50,704 INFO Saved: data/2026-05-14/getContributorsChart_2026-05-14.json
2026-05-14 16:08:50,704 INFO Saved 13 files (0 errors)
2026-05-14 16:08:52,376 INFO AEL.N0000 OK
2026-05-14 16:08:52,412 INFO ACL.N0000 OK
2026-05-14 16:08:52,424 INFO ABAN.N0000 OK
2026-05-14 16:08:52,432 INFO AGPL.N0000 OK
2026-05-14 16:08:52,512 INFO AGST.N0000 OK
2026-05-14 16:08:52,542 INFO AGST.X0000 OK
2026-05-14 16:08:52,559 INFO APLA.N0000 OK
2026-05-14 16:08:52,574 INFO AGAL.N0000 OK
2026-05-14 16:08:52,575 INFO ACME.N0000 OK
2026-05-14 16:08:52,575 INFO AFSL.N0000 OK
2026-05-14 16:08:53,580 INFO GREG.N0000 OK
2026-05-14 16:08:53,589 INFO ALUM.N0000 OK
2026-05-14 16:08:53,636 INFO SPEN.N0000 OK
2026-05-14 16:08:53,641 INFO ATL.N0000 OK
2026-05-14 16:08:53,651 INFO ABL.N0000 OK
2026-05-14 16:08:53,683 INFO ATLL.N0000 OK
2026-05-14 16:08:53,683 INFO AFS.N0000 OK
2026-05-14 16:08:53,773 INFO ALLI.N0000 OK
2026-05-14 16:08:53,841 INFO AHUN.N0000 OK
2026-05-14 16:08:53,865 INFO TAP.N0000 OK
2026-05-14 16:08:55,026 INFO ALHP.N0000 OK
2026-05-14 16:08:55,065 INFO ACAP.N0000 OK
2026-05-14 16:08:55,084 INFO AMCL.N0000 OK
2026-05-14 16:08:55,130 INFO AMSL.N0000 OK
2026-05-14 16:08:55,166 INFO ASIR.N0000 OK
2026-05-14 16:08:55,169 INFO AAF.N0000 OK
2026-05-14 16:08:55,199 INFO AMF.N0000 OK
2026-05-14 16:08:55,206 INFO AINS.N0000 OK
2026-05-14 16:08:55,209 INFO ASIY.N0000 OK
2026-05-14 16:08:55,211 INFO AHPL.N0000 OK
2026-05-14 16:08:55,687 INFO BFL.N0000 OK
2026-05-14 16:08:55,691 INFO BPPL.N0000 OK
2026-05-14 16:08:55,855 INFO BALA.N0000 OK
2026-05-14 16:08:56,166 INFO BLI.N0000 OK
2026-05-14 16:08:56,180 INFO BLUE.N0000 OK
2026-05-14 16:08:56,183 INFO BLUE.X0000 OK
2026-05-14 16:08:56,257 INFO BRR.N0000 OK
2026-05-14 16:08:56,271 INFO BOGA.N0000 OK
2026-05-14 16:08:56,290 INFO BOPL.N0000 OK
2026-05-14 16:08:56,297 INFO BERU.N0000 OK
2026-05-14 16:08:56,342 INFO BIL.N0000 OK
2026-05-14 16:08:56,365 INFO BRWN.N0000 OK
2026-05-14 16:08:56,490 INFO BUKI.N0000 OK
2026-05-14 16:08:56,721 INFO CIC.N0000 OK
2026-05-14 16:08:56,837 INFO CIC.X0000 OK
2026-05-14 16:08:56,847 INFO COLO.N0000 OK
2026-05-14 16:08:57,180 INFO CALT.N0000 OK
2026-05-14 16:08:57,267 INFO CWM.N0000 OK
2026-05-14 16:08:57,326 INFO CTLD.N0000 OK
2026-05-14 16:08:57,345 INFO CARG.N0000 OK
2026-05-14 16:08:57,350 INFO CALH.N0000 OK
2026-05-14 16:08:57,358 INFO CTHR.N0000 OK
2026-05-14 16:08:57,371 INFO CSLK.N0000 OK
2026-05-14 16:08:57,766 INFO CABO.N0000 OK
2026-05-14 16:08:57,781 INFO CBNK.N0000 OK
2026-05-14 16:08:57,797 INFO CARS.N0000 OK
2026-05-14 16:08:57,832 INFO CFIN.N0000 OK
2026-05-14 16:08:57,892 INFO CIND.N0000 OK
2026-05-14 16:08:57,963 INFO CINS.N0000 OK
2026-05-14 16:08:58,040 INFO CCS.N0000 OK
2026-05-14 16:08:58,055 INFO BREW.N0000 OK
2026-05-14 16:08:58,058 INFO CINS.X0000 OK
2026-05-14 16:08:58,064 INFO GRAN.N0000 OK
2026-05-14 16:08:58,404 INFO GUAR.N0000 OK
2026-05-14 16:08:58,412 INFO CHL.N0000 OK
2026-05-14 16:08:58,432 INFO CHL.X0000 OK
2026-05-14 16:08:58,861 INFO KZOO.N0000 OK
2026-05-14 16:08:58,862 INFO CTC.N0000 OK
2026-05-14 16:08:58,872 INFO CHMX.N0000 OK
2026-05-14 16:08:58,878 INFO LLUB.N0000 OK
2026-05-14 16:08:58,892 INFO CHOT.N0000 OK
2026-05-14 16:08:58,942 INFO CINV.N0000 OK
2026-05-14 16:08:58,949 INFO CTBL.N0000 OK
2026-05-14 16:08:59,073 INFO CDB.N0000 OK
2026-05-14 16:08:59,089 INFO CWL.N0000 OK
2026-05-14 16:08:59,105 INFO CDB.X0000 OK
2026-05-14 16:08:59,453 INFO CHOU.N0000 OK
2026-05-14 16:08:59,481 INFO DOCK.N0000 OK
2026-05-14 16:08:59,542 INFO REEF.N0000 OK
2026-05-14 16:08:59,582 INFO COOP.N0000 OK
2026-05-14 16:08:59,593 INFO CFI.N0000 OK
2026-05-14 16:08:59,618 INFO CIT.N0000 OK
2026-05-14 16:08:59,695 INFO PHAR.N0000 OK
2026-05-14 16:08:59,715 INFO CLND.N0000 OK
2026-05-14 16:08:59,742 INFO COMB.N0000 OK
2026-05-14 16:08:59,754 INFO COMB.X0000 OK
2026-05-14 16:09:00,070 INFO COCR.N0000 OK
2026-05-14 16:09:00,185 INFO SOY.N0000 OK
2026-05-14 16:09:00,211 INFO DPL.N0000 OK
2026-05-14 16:09:00,227 INFO COMD.N0000 OK
2026-05-14 16:09:00,244 INFO DFCC.N0000 OK
2026-05-14 16:09:00,249 INFO DIAL.N0000 OK
2026-05-14 16:09:00,356 INFO CALF.N0000 OK
2026-05-14 16:09:00,372 INFO DIMO.N0000 OK
2026-05-14 16:09:00,415 INFO PKME.N0000 OK
2026-05-14 16:09:00,417 INFO CTEA.N0000 OK
2026-05-14 16:09:00,624 INFO DIPD.N0000 OK
2026-05-14 16:09:00,923 INFO DIST.N0000 OK
2026-05-14 16:09:00,944 INFO STAF.N0000 OK
2026-05-14 16:09:00,964 INFO EBCR.N0000 OK
2026-05-14 16:09:00,970 INFO ECL.N0000 OK
2026-05-14 16:09:01,004 INFO ELPL.N0000 OK
2026-05-14 16:09:01,008 INFO EAST.N0000 OK
2026-05-14 16:09:01,021 INFO EML.N0000 OK
2026-05-14 16:09:01,039 INFO EMER.N0000 OK
2026-05-14 16:09:01,069 INFO EDEN.N0000 OK
2026-05-14 16:09:01,269 INFO ETWO.N0000 OK
2026-05-14 16:09:01,549 INFO PACK.N0000 OK
2026-05-14 16:09:01,576 INFO EXT.N0000 OK
2026-05-14 16:09:01,584 INFO WAPO.N0000 OK
2026-05-14 16:09:01,589 INFO GHLL.N0000 OK
2026-05-14 16:09:01,608 INFO FCT.N0000 OK
2026-05-14 16:09:01,615 INFO CFVF.N0000 OK
2026-05-14 16:09:01,692 INFO MEL.N0000 OK
2026-05-14 16:09:01,693 INFO GEST.N0000 OK
2026-05-14 16:09:01,719 INFO HAPU.N0000 OK
2026-05-14 16:09:01,995 INFO HARI.N0000 OK
2026-05-14 16:09:02,178 INFO HNB.N0000 OK
2026-05-14 16:09:02,197 INFO HNB.X0000 OK
2026-05-14 16:09:02,290 INFO HPL.N0000 OK
2026-05-14 16:09:02,295 INFO HAYC.N0000 OK
2026-05-14 16:09:02,318 INFO MGT.N0000 OK
2026-05-14 16:09:02,376 INFO HEXP.N0000 OK
2026-05-14 16:09:02,382 INFO CONN.N0000 OK
2026-05-14 16:09:02,412 INFO HELA.N0000 OK
2026-05-14 16:09:02,427 INFO HAYL.N0000 OK
2026-05-14 16:09:02,552 INFO HHL.N0000 OK
2026-05-14 16:09:02,740 INFO CITH.N0000 OK
2026-05-14 16:09:02,865 INFO HASU.N0000 OK
2026-05-14 16:09:02,870 INFO HNBF.N0000 OK
2026-05-14 16:09:03,000 INFO HNBF.X0000 OK
2026-05-14 16:09:03,044 INFO HSIG.N0000 OK
2026-05-14 16:09:03,067 INFO HDFC.N0000 OK
2026-05-14 16:09:03,089 INFO HOPL.N0000 OK
2026-05-14 16:09:03,090 INFO HBS.N0000 OK
2026-05-14 16:09:03,097 INFO HUNA.N0000 OK
2026-05-14 16:09:03,150 INFO HUNT.N0000 OK
2026-05-14 16:09:03,369 INFO HVA.N0000 OK
2026-05-14 16:09:03,561 INFO INME.N0000 OK
2026-05-14 16:09:03,587 INFO JINS.N0000 OK
2026-05-14 16:09:03,597 INFO ASPH.N0000 OK
2026-05-14 16:09:03,632 INFO BFN.N0000 OK
2026-05-14 16:09:03,698 INFO KHL.N0000 OK
2026-05-14 16:09:03,714 INFO JAT.N0000 OK
2026-05-14 16:09:03,757 INFO JETS.N0000 OK
2026-05-14 16:09:03,762 INFO JFP.N0000 OK
2026-05-14 16:09:03,782 INFO JKH.N0000 OK
2026-05-14 16:09:04,005 INFO JKL.N0000 OK
2026-05-14 16:09:04,163 INFO KFP.N0000 OK
2026-05-14 16:09:04,208 INFO KAHA.N0000 OK
2026-05-14 16:09:04,241 INFO KPHL.N0000 OK
2026-05-14 16:09:04,275 INFO KGAL.N0000 OK
2026-05-14 16:09:04,335 INFO KCAB.N0000 OK
2026-05-14 16:09:04,338 INFO KDL.N0000 OK
2026-05-14 16:09:04,343 INFO TYRE.N0000 OK
2026-05-14 16:09:04,415 INFO KVAL.N0000 OK
2026-05-14 16:09:04,443 INFO CPRT.N0000 OK
2026-05-14 16:09:04,711 INFO KOTA.N0000 OK
2026-05-14 16:09:04,759 INFO LOLC.N0000 OK
2026-05-14 16:09:04,794 INFO LVEF.N0000 OK
2026-05-14 16:09:04,809 INFO LAMB.N0000 OK
2026-05-14 16:09:04,930 INFO LPRT.N0000 OK
2026-05-14 16:09:04,985 INFO LALU.N0000 OK
2026-05-14 16:09:05,023 INFO CERA.N0000 OK
2026-05-14 16:09:05,030 INFO ASHO.N0000 OK
2026-05-14 16:09:05,032 INFO LIOC.N0000 OK
2026-05-14 16:09:05,108 INFO LCBF.N0000 OK
2026-05-14 16:09:05,439 INFO LMF.N0000 OK
2026-05-14 16:09:05,444 INFO TILE.N0000 OK
2026-05-14 16:09:05,553 INFO LVEN.N0000 OK
2026-05-14 16:09:05,556 INFO LWL.N0000 OK
2026-05-14 16:09:05,568 INFO ASCO.N0000 OK
2026-05-14 16:09:05,610 INFO LGL.N0000 OK
2026-05-14 16:09:05,654 INFO LCEY.N0000 OK
2026-05-14 16:09:05,687 INFO LGL.X0000 OK
2026-05-14 16:09:05,698 INFO LDEV.N0000 OK
2026-05-14 16:09:05,755 INFO LPL.N0000 OK
2026-05-14 16:09:06,114 INFO LPL.X0000 OK
2026-05-14 16:09:06,242 INFO SHAW.N0000 OK
2026-05-14 16:09:06,259 INFO LFIN.N0000 OK
2026-05-14 16:09:06,262 INFO LION.N0000 OK
2026-05-14 16:09:06,290 INFO LOFC.N0000 OK
2026-05-14 16:09:06,314 INFO LGIL.N0000 OK
2026-05-14 16:09:06,339 INFO LITE.N0000 OK
2026-05-14 16:09:06,367 INFO HPFL.N0000 OK
2026-05-14 16:09:06,368 INFO LUMX.N0000 OK
2026-05-14 16:09:06,428 INFO MADU.N0000 OK
2026-05-14 16:09:06,677 INFO MFPE.N0000 OK
2026-05-14 16:09:06,870 INFO MCPL.N0000 OK
2026-05-14 16:09:06,891 INFO MAL.X0000 OK
2026-05-14 16:09:06,932 INFO MELS.N0000 OK
2026-05-14 16:09:06,945 INFO MAL.N0000 OK
2026-05-14 16:09:06,990 INFO MASK.N0000 OK
2026-05-14 16:09:07,035 INFO MRH.N0000 OK
2026-05-14 16:09:07,064 INFO MARA.N0000 OK
2026-05-14 16:09:07,070 INFO MERC.N0000 OK
2026-05-14 16:09:07,080 INFO MSL.N0000 OK
2026-05-14 16:09:07,233 INFO MBSL.N0000 OK
2026-05-14 16:09:07,509 INFO MHDL.N0000 OK
2026-05-14 16:09:07,543 INFO MULL.N0000 OK
2026-05-14 16:09:07,547 INFO CSF.N0000 OK
2026-05-14 16:09:07,595 INFO MDL.N0000 OK
2026-05-14 16:09:07,603 INFO NAMU.N0000 OK
2026-05-14 16:09:07,643 INFO NTB.X0000 OK
2026-05-14 16:09:07,667 INFO NDB.N0000 OK
2026-05-14 16:09:07,737 INFO NHL.N0000 OK
2026-05-14 16:09:07,746 INFO NTB.N0000 OK
2026-05-14 16:09:07,865 INFO ODEL.N0000 OK
2026-05-14 16:09:08,143 INFO OFEQ.N0000 OK
2026-05-14 16:09:08,190 INFO PABC.N0000 OK
2026-05-14 16:09:08,197 INFO OSEA.N0000 OK
2026-05-14 16:09:08,200 INFO ONAL.N0000 OK
2026-05-14 16:09:08,221 INFO PARA.N0000 OK
2026-05-14 16:09:08,257 INFO PALM.N0000 OK
2026-05-14 16:09:08,277 INFO PAP.N0000 OK
2026-05-14 16:09:08,316 INFO PEG.N0000 OK
2026-05-14 16:09:08,394 INFO PINS.N0000 OK
2026-05-14 16:09:08,495 INFO PLC.N0000 OK
2026-05-14 16:09:08,785 INFO GLAS.N0000 OK
2026-05-14 16:09:08,793 INFO PLR.N0000 OK
2026-05-14 16:09:08,946 INFO RIL.N0000 OK
2026-05-14 16:09:08,985 INFO CARE.N0000 OK
2026-05-14 16:09:09,003 INFO RWSL.N0000 OK
2026-05-14 16:09:09,011 INFO PMB.N0000 OK
2026-05-14 16:09:09,077 INFO RAL.N0000 OK
2026-05-14 16:09:09,157 INFO RGEM.N0000 OK
2026-05-14 16:09:09,175 INFO RFL.N0000 OK
2026-05-14 16:09:09,325 INFO RENU.N0000 OK
2026-05-14 16:09:09,429 INFO COCO.N0000 OK
2026-05-14 16:09:09,441 INFO COCO.X0000 OK
2026-05-14 16:09:09,578 INFO HPWR.N0000 OK
2026-05-14 16:09:09,581 INFO RHL.N0000 OK
2026-05-14 16:09:09,650 INFO RHL.X0000 OK
2026-05-14 16:09:09,683 INFO RCH.N0000 OK
2026-05-14 16:09:09,727 INFO RICH.N0000 OK
2026-05-14 16:09:09,730 INFO RCL.N0000 OK
2026-05-14 16:09:09,784 INFO REXP.N0000 OK
2026-05-14 16:09:09,955 INFO RPBH.N0000 OK
2026-05-14 16:09:09,987 INFO SAMP.N0000 OK
2026-05-14 16:09:10,078 INFO SIL.N0000 OK
2026-05-14 16:09:10,213 INFO SDB.N0000 OK
2026-05-14 16:09:10,240 INFO SDF.N0000 OK
2026-05-14 16:09:10,285 INFO SMOT.N0000 OK
2026-05-14 16:09:10,315 INFO SFCL.N0000 OK
2026-05-14 16:09:10,370 INFO SHOT.X0000 OK
2026-05-14 16:09:10,402 INFO SHOT.N0000 OK
2026-05-14 16:09:10,424 INFO SLND.N0000 OK
2026-05-14 16:09:10,594 INFO SEYB.N0000 OK
2026-05-14 16:09:10,627 INFO SEYB.X0000 OK
2026-05-14 16:09:10,721 INFO CSD.N0000 OK
2026-05-14 16:09:10,794 INFO SIRA.N0000 OK
2026-05-14 16:09:10,873 INFO SIGV.N0000 OK
2026-05-14 16:09:10,943 INFO SINS.N0000 OK
2026-05-14 16:09:10,967 INFO SFIN.N0000 OK
2026-05-14 16:09:10,999 INFO SINH.N0000 OK
2026-05-14 16:09:11,045 INFO SEMB.N0000 OK
2026-05-14 16:09:11,050 INFO SEMB.X0000 OK
2026-05-14 16:09:11,237 INFO SCAP.N0000 OK
2026-05-14 16:09:11,264 INFO CRL.N0000 OK
2026-05-14 16:09:11,351 INFO SHL.N0000 OK
2026-05-14 16:09:11,429 INFO SLTL.N0000 OK
2026-05-14 16:09:11,430 INFO AAIC.N0000 OK
2026-05-14 16:09:11,502 INFO SING.N0000 OK
2026-05-14 16:09:11,517 INFO SUN.N0000 OK
2026-05-14 16:09:11,608 INFO PARQ.N0000 OK
2026-05-14 16:09:11,642 INFO SWAD.N0000 OK
2026-05-14 16:09:11,701 INFO TAJ.N0000 OK
2026-05-14 16:09:11,887 INFO TPL.N0000 OK
2026-05-14 16:09:11,894 INFO TANG.N0000 OK
2026-05-14 16:09:11,968 INFO TSML.N0000 OK
2026-05-14 16:09:12,076 INFO TJL.N0000 OK
2026-05-14 16:09:12,098 INFO TESS.N0000 OK
2026-05-14 16:09:12,157 INFO LHL.N0000 OK
2026-05-14 16:09:12,160 INFO TESS.X0000 OK
2026-05-14 16:09:12,269 INFO CFLB.N0000 OK
2026-05-14 16:09:12,380 INFO AUTO.N0000 OK
2026-05-14 16:09:12,506 INFO RHTL.N0000 OK
2026-05-14 16:09:12,549 INFO KHC.N0000 OK
2026-05-14 16:09:12,553 INFO SERV.N0000 OK
2026-05-14 16:09:12,633 INFO LHCL.N0000 OK
2026-05-14 16:09:12,719 INFO NEH.N0000 OK
2026-05-14 16:09:12,733 INFO TAFL.N0000 OK
2026-05-14 16:09:12,825 INFO TKYO.N0000 OK
2026-05-14 16:09:12,889 INFO TRAN.N0000 OK
2026-05-14 16:09:12,898 INFO TKYO.X0000 OK
2026-05-14 16:09:13,046 INFO UBF.N0000 OK
2026-05-14 16:09:13,166 INFO UDPL.N0000 OK
2026-05-14 16:09:13,185 INFO UBC.N0000 OK
2026-05-14 16:09:13,224 INFO UAL.N0000 OK
2026-05-14 16:09:13,271 INFO UCAR.N0000 OK
2026-05-14 16:09:13,347 INFO UML.N0000 OK
2026-05-14 16:09:13,355 INFO VFIN.N0000 OK
2026-05-14 16:09:13,443 INFO VPEL.N0000 OK
2026-05-14 16:09:13,455 INFO VONE.N0000 OK
2026-05-14 16:09:13,461 INFO VLL.N0000 OK
2026-05-14 16:09:13,680 INFO VLL.X0000 OK
2026-05-14 16:09:13,738 INFO WATA.N0000 OK
2026-05-14 16:09:13,773 INFO WIND.N0000 OK
2026-05-14 16:09:13,794 INFO CITW.N0000 OK
2026-05-14 16:09:13,914 INFO JXG.N0000 OK
2026-05-14 16:09:13,927 INFO YORK.N0000 OK
2026-05-14 16:09:13,984 INFO WLTH.N0000 OK
2026-05-14 16:09:14,001 INFO Wrote 302 rows to /home/runner/work/cse-scraper/cse-scraper/data/2026-05-14/all_company_info_2026-05-14.csv
2026-05-14 16:09:14,001 INFO Symbols: 302, success: 302, failures: 0
