2026-07-02 16:03:57,753 INFO Saved: data/2026-07-02/tradeSummary_2026-07-02.json
2026-07-02 16:03:59,035 INFO Saved: data/2026-07-02/todaySharePrice_2026-07-02.json
2026-07-02 16:04:00,100 INFO Saved: data/2026-07-02/topGainers_2026-07-02.json
2026-07-02 16:04:01,566 INFO Saved: data/2026-07-02/topLooses_2026-07-02.json
2026-07-02 16:04:02,602 INFO Saved: data/2026-07-02/mostActiveTrades_2026-07-02.json
2026-07-02 16:04:03,696 INFO Saved: data/2026-07-02/marketSummery_2026-07-02.json
2026-07-02 16:04:04,689 INFO Saved: data/2026-07-02/aspiData_2026-07-02.json
2026-07-02 16:04:05,414 INFO Saved: data/2026-07-02/snpData_2026-07-02.json
2026-07-02 16:04:06,445 INFO Saved: data/2026-07-02/allSectors_2026-07-02.json
2026-07-02 16:04:07,631 INFO Saved: data/2026-07-02/detailedTrades_2026-07-02.json
2026-07-02 16:04:08,350 INFO Saved: data/2026-07-02/dailyMarketSummery_2026-07-02.json
2026-07-02 16:04:09,135 INFO Saved: data/2026-07-02/getContributors_2026-07-02.json
2026-07-02 16:04:10,229 INFO Saved: data/2026-07-02/getContributorsChart_2026-07-02.json
2026-07-02 16:04:10,229 INFO Saved 13 files (0 errors)
2026-07-02 16:04:11,542 INFO AGST.N0000 OK
2026-07-02 16:04:11,545 INFO ACME.N0000 OK
2026-07-02 16:04:11,600 INFO APLA.N0000 OK
2026-07-02 16:04:11,604 INFO ACL.N0000 OK
2026-07-02 16:04:11,607 INFO AGAL.N0000 OK
2026-07-02 16:04:11,610 INFO AGPL.N0000 OK
2026-07-02 16:04:11,638 INFO AFSL.N0000 OK
2026-07-02 16:04:11,641 INFO AGST.X0000 OK
2026-07-02 16:04:11,658 INFO AEL.N0000 OK
2026-07-02 16:04:11,699 INFO ABAN.N0000 OK
2026-07-02 16:04:12,616 INFO ALUM.N0000 OK
2026-07-02 16:04:12,616 INFO ALLI.N0000 OK
2026-07-02 16:04:12,621 INFO GREG.N0000 OK
2026-07-02 16:04:12,655 INFO ABL.N0000 OK
2026-07-02 16:04:12,658 INFO AFS.N0000 OK
2026-07-02 16:04:12,673 INFO TAP.N0000 OK
2026-07-02 16:04:12,676 INFO ATL.N0000 OK
2026-07-02 16:04:12,681 INFO AHUN.N0000 OK
2026-07-02 16:04:12,726 INFO ATLL.N0000 OK
2026-07-02 16:04:12,727 INFO SPEN.N0000 OK
2026-07-02 16:04:13,369 INFO AMCL.N0000 OK
2026-07-02 16:04:13,378 INFO ALHP.N0000 OK
2026-07-02 16:04:13,409 INFO AINS.N0000 OK
2026-07-02 16:04:14,189 INFO BPPL.N0000 OK
2026-07-02 16:04:14,207 INFO ASIY.N0000 OK
2026-07-02 16:04:14,231 INFO AAF.N0000 OK
2026-07-02 16:04:14,234 INFO AHPL.N0000 OK
2026-07-02 16:04:14,236 INFO BFL.N0000 OK
2026-07-02 16:04:14,239 INFO ACAP.N0000 OK
2026-07-02 16:04:14,254 INFO AMF.N0000 OK
2026-07-02 16:04:14,262 INFO AMSL.N0000 OK
2026-07-02 16:04:14,298 INFO ASIR.N0000 OK
2026-07-02 16:04:14,427 INFO BALA.N0000 OK
2026-07-02 16:04:14,916 INFO BRR.N0000 OK
2026-07-02 16:04:14,985 INFO BERU.N0000 OK
2026-07-02 16:04:15,428 INFO BLI.N0000 OK
2026-07-02 16:04:15,432 INFO BLUE.X0000 OK
2026-07-02 16:04:15,449 INFO BIL.N0000 OK
2026-07-02 16:04:15,453 INFO BLUE.N0000 OK
2026-07-02 16:04:15,474 INFO BUKI.N0000 OK
2026-07-02 16:04:15,499 INFO BRWN.N0000 OK
2026-07-02 16:04:15,520 INFO BOPL.N0000 OK
2026-07-02 16:04:15,528 INFO BOGA.N0000 OK
2026-07-02 16:04:15,653 INFO CIC.N0000 OK
2026-07-02 16:04:15,759 INFO CIC.X0000 OK
2026-07-02 16:04:16,512 INFO CALH.N0000 OK
2026-07-02 16:04:16,519 INFO CBNK.N0000 OK
2026-07-02 16:04:16,550 INFO CALT.N0000 OK
2026-07-02 16:04:16,557 INFO CTHR.N0000 OK
2026-07-02 16:04:16,561 INFO CWM.N0000 OK
2026-07-02 16:04:16,569 INFO CTLD.N0000 OK
2026-07-02 16:04:16,597 INFO CARG.N0000 OK
2026-07-02 16:04:16,607 INFO CSLK.N0000 OK
2026-07-02 16:04:16,622 INFO COLO.N0000 OK
2026-07-02 16:04:16,800 INFO CABO.N0000 OK
2026-07-02 16:04:17,243 INFO CARS.N0000 OK
2026-07-02 16:04:17,303 INFO CINS.N0000 OK
2026-07-02 16:04:17,315 INFO CFIN.N0000 OK
2026-07-02 16:04:17,356 INFO BREW.N0000 OK
2026-07-02 16:04:17,372 INFO GUAR.N0000 OK
2026-07-02 16:04:17,382 INFO CIND.N0000 OK
2026-07-02 16:04:17,402 INFO CINS.X0000 OK
2026-07-02 16:04:17,410 INFO CCS.N0000 OK
2026-07-02 16:04:17,417 INFO GRAN.N0000 OK
2026-07-02 16:04:17,782 INFO CHL.N0000 OK
2026-07-02 16:04:17,964 INFO CHL.X0000 OK
2026-07-02 16:04:18,026 INFO CHOT.N0000 OK
2026-07-02 16:04:18,323 INFO CWL.N0000 OK
2026-07-02 16:04:18,377 INFO CHMX.N0000 OK
2026-07-02 16:04:18,405 INFO CTBL.N0000 OK
2026-07-02 16:04:18,409 INFO CTC.N0000 OK
2026-07-02 16:04:18,411 INFO LLUB.N0000 OK
2026-07-02 16:04:18,456 INFO KZOO.N0000 OK
2026-07-02 16:04:18,458 INFO CINV.N0000 OK
2026-07-02 16:04:18,502 INFO CDB.N0000 OK
2026-07-02 16:04:18,687 INFO CDB.X0000 OK
2026-07-02 16:04:18,803 INFO REEF.N0000 OK
2026-07-02 16:04:19,043 INFO CHOU.N0000 OK
2026-07-02 16:04:19,094 INFO COOP.N0000 OK
2026-07-02 16:04:19,166 INFO CFI.N0000 OK
2026-07-02 16:04:19,208 INFO DOCK.N0000 OK
2026-07-02 16:04:19,252 INFO CLND.N0000 OK
2026-07-02 16:04:19,266 INFO PHAR.N0000 OK
2026-07-02 16:04:19,277 INFO CIT.N0000 OK
2026-07-02 16:04:19,578 INFO COMB.X0000 OK
2026-07-02 16:04:19,581 INFO COMB.N0000 OK
2026-07-02 16:04:19,812 INFO COMD.N0000 OK
2026-07-02 16:04:19,863 INFO COCR.N0000 OK
2026-07-02 16:04:19,874 INFO SOY.N0000 OK
2026-07-02 16:04:20,229 INFO CALF.N0000 OK
2026-07-02 16:04:20,233 INFO DFCC.N0000 OK
2026-07-02 16:04:20,240 INFO DIAL.N0000 OK
2026-07-02 16:04:20,244 INFO DIMO.N0000 OK
2026-07-02 16:04:20,324 INFO DPL.N0000 OK
2026-07-02 16:04:20,382 INFO PKME.N0000 OK
2026-07-02 16:04:20,394 INFO CTEA.N0000 OK
2026-07-02 16:04:20,535 INFO DIPD.N0000 OK
2026-07-02 16:04:20,599 INFO STAF.N0000 OK
2026-07-02 16:04:20,650 INFO DIST.N0000 OK
2026-07-02 16:04:21,027 INFO ECL.N0000 OK
2026-07-02 16:04:21,817 INFO EDEN.N0000 OK
2026-07-02 16:04:21,825 INFO EML.N0000 OK
2026-07-02 16:04:21,839 INFO EBCR.N0000 OK
2026-07-02 16:04:21,848 INFO EAST.N0000 OK
2026-07-02 16:04:21,867 INFO EMER.N0000 OK
2026-07-02 16:04:21,879 INFO PACK.N0000 OK
2026-07-02 16:04:21,885 INFO ELPL.N0000 OK
2026-07-02 16:04:21,902 INFO EXT.N0000 OK
2026-07-02 16:04:21,906 INFO CFVF.N0000 OK
2026-07-02 16:04:21,929 INFO ETWO.N0000 OK
2026-07-02 16:04:22,625 INFO WAPO.N0000 OK
2026-07-02 16:04:22,629 INFO GHLL.N0000 OK
2026-07-02 16:04:22,668 INFO FCT.N0000 OK
2026-07-02 16:04:22,912 INFO HNB.X0000 OK
2026-07-02 16:04:22,922 INFO HARI.N0000 OK
2026-07-02 16:04:22,930 INFO HPL.N0000 OK
2026-07-02 16:04:22,986 INFO GEST.N0000 OK
2026-07-02 16:04:22,989 INFO MEL.N0000 OK
2026-07-02 16:04:22,999 INFO HNB.N0000 OK
2026-07-02 16:04:23,005 INFO HAPU.N0000 OK
2026-07-02 16:04:23,358 INFO MGT.N0000 OK
2026-07-02 16:04:23,363 INFO HAYC.N0000 OK
2026-07-02 16:04:23,456 INFO HEXP.N0000 OK
2026-07-02 16:04:23,632 INFO CONN.N0000 OK
2026-07-02 16:04:23,940 INFO HHL.N0000 OK
2026-07-02 16:04:24,001 INFO HNBF.N0000 OK
2026-07-02 16:04:24,006 INFO HAYL.N0000 OK
2026-07-02 16:04:24,011 INFO HELA.N0000 OK
2026-07-02 16:04:24,039 INFO CITH.N0000 OK
2026-07-02 16:04:24,046 INFO HASU.N0000 OK
2026-07-02 16:04:24,093 INFO HNBF.X0000 OK
2026-07-02 16:04:24,096 INFO HOPL.N0000 OK
2026-07-02 16:04:24,248 INFO HSIG.N0000 OK
2026-07-02 16:04:24,350 INFO HDFC.N0000 OK
2026-07-02 16:04:24,720 INFO HBS.N0000 OK
2026-07-02 16:04:24,733 INFO HUNA.N0000 OK
2026-07-02 16:04:24,813 INFO HUNT.N0000 OK
2026-07-02 16:04:24,816 INFO HVA.N0000 OK
2026-07-02 16:04:24,820 INFO INME.N0000 OK
2026-07-02 16:04:24,828 INFO JINS.N0000 OK
2026-07-02 16:04:24,837 INFO ASPH.N0000 OK
2026-07-02 16:04:24,873 INFO BFN.N0000 OK
2026-07-02 16:04:24,973 INFO JAT.N0000 OK
2026-07-02 16:04:25,408 INFO JETS.N0000 OK
2026-07-02 16:04:25,451 INFO JFP.N0000 OK
2026-07-02 16:04:25,517 INFO JKH.N0000 OK
2026-07-02 16:04:25,598 INFO JKL.N0000 OK
2026-07-02 16:04:25,630 INFO KAHA.N0000 OK
2026-07-02 16:04:25,647 INFO KHL.N0000 OK
2026-07-02 16:04:25,665 INFO KPHL.N0000 OK
2026-07-02 16:04:25,676 INFO KFP.N0000 OK
2026-07-02 16:04:25,679 INFO KGAL.N0000 OK
2026-07-02 16:04:25,755 INFO KCAB.N0000 OK
2026-07-02 16:04:26,693 INFO TYRE.N0000 OK
2026-07-02 16:04:26,762 INFO LVEF.N0000 OK
2026-07-02 16:04:26,765 INFO CPRT.N0000 OK
2026-07-02 16:04:26,768 INFO KVAL.N0000 OK
2026-07-02 16:04:26,771 INFO KDL.N0000 OK
2026-07-02 16:04:26,780 INFO LAMB.N0000 OK
2026-07-02 16:04:26,803 INFO LPRT.N0000 OK
2026-07-02 16:04:26,823 INFO LOLC.N0000 OK
2026-07-02 16:04:26,841 INFO LALU.N0000 OK
2026-07-02 16:04:26,852 INFO KOTA.N0000 OK
2026-07-02 16:04:27,467 INFO ASHO.N0000 OK
2026-07-02 16:04:27,557 INFO LCBF.N0000 OK
2026-07-02 16:04:27,560 INFO LIOC.N0000 OK
2026-07-02 16:04:27,607 INFO LVEN.N0000 OK
2026-07-02 16:04:27,610 INFO CERA.N0000 OK
2026-07-02 16:04:27,630 INFO LMF.N0000 OK
2026-07-02 16:04:27,669 INFO LCEY.N0000 OK
2026-07-02 16:04:27,678 INFO TILE.N0000 OK
2026-07-02 16:04:27,684 INFO LWL.N0000 OK
2026-07-02 16:04:27,712 INFO ASCO.N0000 OK
2026-07-02 16:04:28,194 INFO LDEV.N0000 OK
2026-07-02 16:04:28,291 INFO LGL.N0000 OK
2026-07-02 16:04:28,341 INFO LPL.X0000 OK
2026-07-02 16:04:28,388 INFO LGL.X0000 OK
2026-07-02 16:04:28,491 INFO LPL.N0000 OK
2026-07-02 16:04:28,519 INFO LION.N0000 OK
2026-07-02 16:04:28,526 INFO SHAW.N0000 OK
2026-07-02 16:04:28,529 INFO LFIN.N0000 OK
2026-07-02 16:04:28,550 INFO LITE.N0000 OK
2026-07-02 16:04:28,556 INFO LOFC.N0000 OK
2026-07-02 16:04:28,911 INFO LGIL.N0000 OK
2026-07-02 16:04:29,105 INFO HPFL.N0000 OK
2026-07-02 16:04:29,108 INFO MADU.N0000 OK
2026-07-02 16:04:29,151 INFO LUMX.N0000 OK
2026-07-02 16:04:29,272 INFO MRH.N0000 OK
2026-07-02 16:04:29,272 INFO MCPL.N0000 OK
2026-07-02 16:04:29,295 INFO MFPE.N0000 OK
2026-07-02 16:04:29,297 INFO MARA.N0000 OK
2026-07-02 16:04:29,301 INFO MAL.X0000 OK
2026-07-02 16:04:29,398 INFO MAL.N0000 OK
2026-07-02 16:04:29,628 INFO MASK.N0000 OK
2026-07-02 16:04:29,838 INFO MELS.N0000 OK
2026-07-02 16:04:29,841 INFO MERC.N0000 OK
2026-07-02 16:04:29,876 INFO MSL.N0000 OK
2026-07-02 16:04:30,020 INFO MBSL.N0000 OK
2026-07-02 16:04:30,036 INFO NAMU.N0000 OK
2026-07-02 16:04:30,051 INFO MULL.N0000 OK
2026-07-02 16:04:30,071 INFO MHDL.N0000 OK
2026-07-02 16:04:30,111 INFO MDL.N0000 OK
2026-07-02 16:04:30,129 INFO CSF.N0000 OK
2026-07-02 16:04:30,351 INFO NDB.N0000 OK
2026-07-02 16:04:30,579 INFO NTB.N0000 OK
2026-07-02 16:04:30,625 INFO NTB.X0000 OK
2026-07-02 16:04:30,653 INFO NHL.N0000 OK
2026-07-02 16:04:30,748 INFO ODEL.N0000 OK
2026-07-02 16:04:30,776 INFO ONAL.N0000 OK
2026-07-02 16:04:30,791 INFO OSEA.N0000 OK
2026-07-02 16:04:30,818 INFO OFEQ.N0000 OK
2026-07-02 16:04:30,853 INFO PABC.N0000 OK
2026-07-02 16:04:30,889 INFO PALM.N0000 OK
2026-07-02 16:04:31,074 INFO PAP.N0000 OK
2026-07-02 16:04:31,298 INFO PARA.N0000 OK
2026-07-02 16:04:31,346 INFO PEG.N0000 OK
2026-07-02 16:04:31,431 INFO PINS.N0000 OK
2026-07-02 16:04:31,528 INFO PLC.N0000 OK
2026-07-02 16:04:31,562 INFO GLAS.N0000 OK
2026-07-02 16:04:31,573 INFO CARE.N0000 OK
2026-07-02 16:04:31,596 INFO PMB.N0000 OK
2026-07-02 16:04:31,624 INFO PLR.N0000 OK
2026-07-02 16:04:31,662 INFO RIL.N0000 OK
2026-07-02 16:04:31,792 INFO RGEM.N0000 OK
2026-07-02 16:04:32,066 INFO RFL.N0000 OK
2026-07-02 16:04:32,075 INFO RWSL.N0000 OK
2026-07-02 16:04:32,151 INFO RAL.N0000 OK
2026-07-02 16:04:32,248 INFO RENU.N0000 OK
2026-07-02 16:04:32,295 INFO COCO.N0000 OK
2026-07-02 16:04:32,348 INFO RHL.X0000 OK
2026-07-02 16:04:32,351 INFO COCO.X0000 OK
2026-07-02 16:04:32,373 INFO RHL.N0000 OK
2026-07-02 16:04:32,435 INFO RCH.N0000 OK
2026-07-02 16:04:32,515 INFO HPWR.N0000 OK
2026-07-02 16:04:32,793 INFO RICH.N0000 OK
2026-07-02 16:04:32,800 INFO REXP.N0000 OK
2026-07-02 16:04:32,925 INFO RCL.N0000 OK
2026-07-02 16:04:32,973 INFO RPBH.N0000 OK
2026-07-02 16:04:33,015 INFO SAMP.N0000 OK
2026-07-02 16:04:33,084 INFO SIL.N0000 OK
2026-07-02 16:04:33,136 INFO SDB.N0000 OK
2026-07-02 16:04:33,151 INFO SDF.N0000 OK
2026-07-02 16:04:33,165 INFO SMOT.N0000 OK
2026-07-02 16:04:33,239 INFO SFCL.N0000 OK
2026-07-02 16:04:33,580 INFO SHOT.X0000 OK
2026-07-02 16:04:33,637 INFO SHOT.N0000 OK
2026-07-02 16:04:33,744 INFO SEYB.N0000 OK
2026-07-02 16:04:33,782 INFO SEYB.X0000 OK
2026-07-02 16:04:33,802 INFO CSD.N0000 OK
2026-07-02 16:04:33,857 INFO SLND.N0000 OK
2026-07-02 16:04:33,860 INFO SIRA.N0000 OK
2026-07-02 16:04:33,876 INFO SIGV.N0000 OK
2026-07-02 16:04:33,888 INFO SINS.N0000 OK
2026-07-02 16:04:33,957 INFO SFIN.N0000 OK
2026-07-02 16:04:34,301 INFO SINH.N0000 OK
2026-07-02 16:04:34,419 INFO SEMB.N0000 OK
2026-07-02 16:04:34,528 INFO SEMB.X0000 OK
2026-07-02 16:04:34,554 INFO SCAP.N0000 OK
2026-07-02 16:04:34,572 INFO CRL.N0000 OK
2026-07-02 16:04:34,606 INFO AAIC.N0000 OK
2026-07-02 16:04:34,615 INFO SLTL.N0000 OK
2026-07-02 16:04:34,623 INFO SING.N0000 OK
2026-07-02 16:04:34,638 INFO SHL.N0000 OK
2026-07-02 16:04:34,682 INFO SUN.N0000 OK
2026-07-02 16:04:35,018 INFO SWAD.N0000 OK
2026-07-02 16:04:35,139 INFO PARQ.N0000 OK
2026-07-02 16:04:35,249 INFO TAJ.N0000 OK
2026-07-02 16:04:35,271 INFO TPL.N0000 OK
2026-07-02 16:04:35,354 INFO TANG.N0000 OK
2026-07-02 16:04:35,367 INFO TESS.N0000 OK
2026-07-02 16:04:35,370 INFO TESS.X0000 OK
2026-07-02 16:04:35,409 INFO TSML.N0000 OK
2026-07-02 16:04:35,422 INFO TJL.N0000 OK
2026-07-02 16:04:35,477 INFO LHL.N0000 OK
2026-07-02 16:04:35,813 INFO AUTO.N0000 OK
2026-07-02 16:04:35,931 INFO CFLB.N0000 OK
2026-07-02 16:04:35,967 INFO RHTL.N0000 OK
2026-07-02 16:04:35,992 INFO KHC.N0000 OK
2026-07-02 16:04:36,081 INFO SERV.N0000 OK
2026-07-02 16:04:36,106 INFO NEH.N0000 OK
2026-07-02 16:04:36,169 INFO LHCL.N0000 OK
2026-07-02 16:04:36,197 INFO TKYO.X0000 OK
2026-07-02 16:04:36,221 INFO TAFL.N0000 OK
2026-07-02 16:04:36,225 INFO TKYO.N0000 OK
2026-07-02 16:04:36,587 INFO TRAN.N0000 OK
2026-07-02 16:04:36,661 INFO UBF.N0000 OK
2026-07-02 16:04:36,683 INFO UDPL.N0000 OK
2026-07-02 16:04:36,771 INFO UAL.N0000 OK
2026-07-02 16:04:36,820 INFO UCAR.N0000 OK
2026-07-02 16:04:36,854 INFO UBC.N0000 OK
2026-07-02 16:04:36,960 INFO UML.N0000 OK
2026-07-02 16:04:36,978 INFO VFIN.N0000 OK
2026-07-02 16:04:37,009 INFO VONE.N0000 OK
2026-07-02 16:04:37,017 INFO VPEL.N0000 OK
2026-07-02 16:04:37,361 INFO VLL.N0000 OK
2026-07-02 16:04:37,381 INFO VLL.X0000 OK
2026-07-02 16:04:37,454 INFO CITW.N0000 OK
2026-07-02 16:04:37,546 INFO WATA.N0000 OK
2026-07-02 16:04:37,569 INFO YORK.N0000 OK
2026-07-02 16:04:37,594 INFO WIND.N0000 OK
2026-07-02 16:04:37,700 INFO JXG.N0000 OK
2026-07-02 16:04:37,731 INFO WLTH.N0000 OK
2026-07-02 16:04:37,749 INFO Wrote 302 rows to /home/runner/work/cse-scraper/cse-scraper/data/2026-07-02/all_company_info_2026-07-02.csv
2026-07-02 16:04:37,749 INFO Symbols: 302, success: 302, failures: 0
