2026-07-08 16:00:47,746 INFO Saved: data/2026-07-08/tradeSummary_2026-07-08.json
2026-07-08 16:00:48,685 INFO Saved: data/2026-07-08/todaySharePrice_2026-07-08.json
2026-07-08 16:00:49,499 INFO Saved: data/2026-07-08/topGainers_2026-07-08.json
2026-07-08 16:00:50,451 INFO Saved: data/2026-07-08/topLooses_2026-07-08.json
2026-07-08 16:00:51,566 INFO Saved: data/2026-07-08/mostActiveTrades_2026-07-08.json
2026-07-08 16:00:52,477 INFO Saved: data/2026-07-08/marketSummery_2026-07-08.json
2026-07-08 16:00:53,384 INFO Saved: data/2026-07-08/aspiData_2026-07-08.json
2026-07-08 16:00:53,933 INFO Saved: data/2026-07-08/snpData_2026-07-08.json
2026-07-08 16:00:54,477 INFO Saved: data/2026-07-08/allSectors_2026-07-08.json
2026-07-08 16:00:55,749 INFO Saved: data/2026-07-08/detailedTrades_2026-07-08.json
2026-07-08 16:00:56,614 INFO Saved: data/2026-07-08/dailyMarketSummery_2026-07-08.json
2026-07-08 16:00:57,501 INFO Saved: data/2026-07-08/getContributors_2026-07-08.json
2026-07-08 16:00:58,431 INFO Saved: data/2026-07-08/getContributorsChart_2026-07-08.json
2026-07-08 16:00:58,431 INFO Saved 13 files (0 errors)
2026-07-08 16:00:59,588 INFO AFSL.N0000 OK
2026-07-08 16:00:59,610 INFO AGAL.N0000 OK
2026-07-08 16:00:59,704 INFO AGST.X0000 OK
2026-07-08 16:00:59,713 INFO AGPL.N0000 OK
2026-07-08 16:00:59,745 INFO ABAN.N0000 OK
2026-07-08 16:00:59,752 INFO AEL.N0000 OK
2026-07-08 16:00:59,816 INFO APLA.N0000 OK
2026-07-08 16:00:59,846 INFO AGST.N0000 OK
2026-07-08 16:00:59,876 INFO ACME.N0000 OK
2026-07-08 16:00:59,892 INFO ACL.N0000 OK
2026-07-08 16:01:00,154 INFO SPEN.N0000 OK
2026-07-08 16:01:00,220 INFO AHUN.N0000 OK
2026-07-08 16:01:00,268 INFO AFS.N0000 OK
2026-07-08 16:01:00,303 INFO ABL.N0000 OK
2026-07-08 16:01:00,332 INFO ALLI.N0000 OK
2026-07-08 16:01:00,422 INFO ALUM.N0000 OK
2026-07-08 16:01:00,450 INFO ATLL.N0000 OK
2026-07-08 16:01:00,457 INFO TAP.N0000 OK
2026-07-08 16:01:00,524 INFO ATL.N0000 OK
2026-07-08 16:01:00,537 INFO GREG.N0000 OK
2026-07-08 16:01:00,744 INFO AMCL.N0000 OK
2026-07-08 16:01:00,765 INFO ALHP.N0000 OK
2026-07-08 16:01:00,845 INFO AINS.N0000 OK
2026-07-08 16:01:00,933 INFO AAF.N0000 OK
2026-07-08 16:01:01,297 INFO AMF.N0000 OK
2026-07-08 16:01:01,316 INFO ACAP.N0000 OK
2026-07-08 16:01:01,327 INFO AMSL.N0000 OK
2026-07-08 16:01:01,378 INFO AHPL.N0000 OK
2026-07-08 16:01:01,395 INFO ASIY.N0000 OK
2026-07-08 16:01:01,418 INFO BPPL.N0000 OK
2026-07-08 16:01:01,419 INFO ASIR.N0000 OK
2026-07-08 16:01:01,970 INFO BFL.N0000 OK
2026-07-08 16:01:01,995 INFO BALA.N0000 OK
2026-07-08 16:01:02,020 INFO BLUE.X0000 OK
2026-07-08 16:01:02,045 INFO BLI.N0000 OK
2026-07-08 16:01:02,050 INFO BLUE.N0000 OK
2026-07-08 16:01:02,052 INFO BERU.N0000 OK
2026-07-08 16:01:02,058 INFO BRR.N0000 OK
2026-07-08 16:01:02,727 INFO CIC.N0000 OK
2026-07-08 16:01:02,738 INFO BUKI.N0000 OK
2026-07-08 16:01:02,743 INFO CTHR.N0000 OK
2026-07-08 16:01:02,746 INFO COLO.N0000 OK
2026-07-08 16:01:02,783 INFO BOPL.N0000 OK
2026-07-08 16:01:02,786 INFO CIC.X0000 OK
2026-07-08 16:01:02,786 INFO BOGA.N0000 OK
2026-07-08 16:01:02,792 INFO BRWN.N0000 OK
2026-07-08 16:01:02,795 INFO BIL.N0000 OK
2026-07-08 16:01:02,813 INFO CTLD.N0000 OK
2026-07-08 16:01:03,279 INFO CWM.N0000 OK
2026-07-08 16:01:03,341 INFO CSLK.N0000 OK
2026-07-08 16:01:03,352 INFO CALH.N0000 OK
2026-07-08 16:01:03,399 INFO CALT.N0000 OK
2026-07-08 16:01:03,405 INFO CARS.N0000 OK
2026-07-08 16:01:03,424 INFO CABO.N0000 OK
2026-07-08 16:01:03,427 INFO CIND.N0000 OK
2026-07-08 16:01:03,435 INFO CARG.N0000 OK
2026-07-08 16:01:03,437 INFO CBNK.N0000 OK
2026-07-08 16:01:03,441 INFO CFIN.N0000 OK
2026-07-08 16:01:03,823 INFO CINS.N0000 OK
2026-07-08 16:01:03,886 INFO CINS.X0000 OK
2026-07-08 16:01:03,905 INFO BREW.N0000 OK
2026-07-08 16:01:04,294 INFO CHL.N0000 OK
2026-07-08 16:01:04,303 INFO CHOT.N0000 OK
2026-07-08 16:01:04,305 INFO CCS.N0000 OK
2026-07-08 16:01:04,335 INFO CHL.X0000 OK
2026-07-08 16:01:04,404 INFO GUAR.N0000 OK
2026-07-08 16:01:04,414 INFO CINV.N0000 OK
2026-07-08 16:01:04,442 INFO KZOO.N0000 OK
2026-07-08 16:01:04,451 INFO CTBL.N0000 OK
2026-07-08 16:01:04,482 INFO GRAN.N0000 OK
2026-07-08 16:01:04,533 INFO CTC.N0000 OK
2026-07-08 16:01:04,872 INFO CHMX.N0000 OK
2026-07-08 16:01:04,880 INFO LLUB.N0000 OK
2026-07-08 16:01:04,918 INFO CDB.N0000 OK
2026-07-08 16:01:04,975 INFO CWL.N0000 OK
2026-07-08 16:01:05,002 INFO CHOU.N0000 OK
2026-07-08 16:01:05,038 INFO REEF.N0000 OK
2026-07-08 16:01:05,041 INFO COOP.N0000 OK
2026-07-08 16:01:05,041 INFO PHAR.N0000 OK
2026-07-08 16:01:05,045 INFO CDB.X0000 OK
2026-07-08 16:01:05,090 INFO DOCK.N0000 OK
2026-07-08 16:01:05,437 INFO CFI.N0000 OK
2026-07-08 16:01:05,446 INFO CIT.N0000 OK
2026-07-08 16:01:05,469 INFO CLND.N0000 OK
2026-07-08 16:01:05,548 INFO COMB.X0000 OK
2026-07-08 16:01:05,609 INFO COMB.N0000 OK
2026-07-08 16:01:05,627 INFO DPL.N0000 OK
2026-07-08 16:01:05,650 INFO COMD.N0000 OK
2026-07-08 16:01:05,658 INFO DFCC.N0000 OK
2026-07-08 16:01:05,662 INFO SOY.N0000 OK
2026-07-08 16:01:05,678 INFO COCR.N0000 OK
2026-07-08 16:01:06,050 INFO CALF.N0000 OK
2026-07-08 16:01:06,064 INFO DIAL.N0000 OK
2026-07-08 16:01:06,115 INFO DIMO.N0000 OK
2026-07-08 16:01:06,153 INFO CTEA.N0000 OK
2026-07-08 16:01:06,167 INFO PKME.N0000 OK
2026-07-08 16:01:06,209 INFO DIST.N0000 OK
2026-07-08 16:01:06,229 INFO DIPD.N0000 OK
2026-07-08 16:01:06,234 INFO ECL.N0000 OK
2026-07-08 16:01:06,250 INFO STAF.N0000 OK
2026-07-08 16:01:06,263 INFO EBCR.N0000 OK
2026-07-08 16:01:06,610 INFO EML.N0000 OK
2026-07-08 16:01:06,628 INFO EAST.N0000 OK
2026-07-08 16:01:06,668 INFO EMER.N0000 OK
2026-07-08 16:01:06,705 INFO EDEN.N0000 OK
2026-07-08 16:01:06,715 INFO ELPL.N0000 OK
2026-07-08 16:01:06,810 INFO PACK.N0000 OK
2026-07-08 16:01:06,825 INFO FCT.N0000 OK
2026-07-08 16:01:06,849 INFO ETWO.N0000 OK
2026-07-08 16:01:06,905 INFO CFVF.N0000 OK
2026-07-08 16:01:06,915 INFO EXT.N0000 OK
2026-07-08 16:01:07,157 INFO GHLL.N0000 OK
2026-07-08 16:01:07,173 INFO WAPO.N0000 OK
2026-07-08 16:01:07,290 INFO GEST.N0000 OK
2026-07-08 16:01:07,305 INFO MEL.N0000 OK
2026-07-08 16:01:07,360 INFO HARI.N0000 OK
2026-07-08 16:01:07,375 INFO HNB.N0000 OK
2026-07-08 16:01:07,384 INFO HAPU.N0000 OK
2026-07-08 16:01:07,467 INFO HPL.N0000 OK
2026-07-08 16:01:07,472 INFO HAYC.N0000 OK
2026-07-08 16:01:07,479 INFO HNB.X0000 OK
2026-07-08 16:01:07,728 INFO HEXP.N0000 OK
2026-07-08 16:01:07,806 INFO MGT.N0000 OK
2026-07-08 16:01:07,850 INFO CONN.N0000 OK
2026-07-08 16:01:07,912 INFO HELA.N0000 OK
2026-07-08 16:01:07,935 INFO HHL.N0000 OK
2026-07-08 16:01:07,939 INFO CITH.N0000 OK
2026-07-08 16:01:07,944 INFO HAYL.N0000 OK
2026-07-08 16:01:08,035 INFO HASU.N0000 OK
2026-07-08 16:01:08,051 INFO HNBF.N0000 OK
2026-07-08 16:01:08,180 INFO HNBF.X0000 OK
2026-07-08 16:01:08,275 INFO HOPL.N0000 OK
2026-07-08 16:01:08,399 INFO HDFC.N0000 OK
2026-07-08 16:01:08,438 INFO HSIG.N0000 OK
2026-07-08 16:01:08,505 INFO HUNA.N0000 OK
2026-07-08 16:01:08,512 INFO HUNT.N0000 OK
2026-07-08 16:01:08,541 INFO HBS.N0000 OK
2026-07-08 16:01:08,594 INFO HVA.N0000 OK
2026-07-08 16:01:08,599 INFO INME.N0000 OK
2026-07-08 16:01:08,636 INFO ASPH.N0000 OK
2026-07-08 16:01:08,724 INFO BFN.N0000 OK
2026-07-08 16:01:08,823 INFO JINS.N0000 OK
2026-07-08 16:01:08,948 INFO JAT.N0000 OK
2026-07-08 16:01:08,983 INFO JETS.N0000 OK
2026-07-08 16:01:09,069 INFO JKH.N0000 OK
2026-07-08 16:01:09,072 INFO JFP.N0000 OK
2026-07-08 16:01:09,113 INFO KHL.N0000 OK
2026-07-08 16:01:09,140 INFO JKL.N0000 OK
2026-07-08 16:01:09,160 INFO KAHA.N0000 OK
2026-07-08 16:01:09,179 INFO KPHL.N0000 OK
2026-07-08 16:01:09,280 INFO KFP.N0000 OK
2026-07-08 16:01:09,466 INFO KGAL.N0000 OK
2026-07-08 16:01:09,509 INFO KCAB.N0000 OK
2026-07-08 16:01:09,600 INFO TYRE.N0000 OK
2026-07-08 16:01:09,627 INFO KVAL.N0000 OK
2026-07-08 16:01:09,641 INFO KDL.N0000 OK
2026-07-08 16:01:09,727 INFO LOLC.N0000 OK
2026-07-08 16:01:09,729 INFO LAMB.N0000 OK
2026-07-08 16:01:09,750 INFO CPRT.N0000 OK
2026-07-08 16:01:09,771 INFO KOTA.N0000 OK
2026-07-08 16:01:09,843 INFO LVEF.N0000 OK
2026-07-08 16:01:10,013 INFO LPRT.N0000 OK
2026-07-08 16:01:10,134 INFO LALU.N0000 OK
2026-07-08 16:01:10,196 INFO LCBF.N0000 OK
2026-07-08 16:01:10,214 INFO ASHO.N0000 OK
2026-07-08 16:01:10,253 INFO CERA.N0000 OK
2026-07-08 16:01:10,378 INFO ASCO.N0000 OK
2026-07-08 16:01:10,380 INFO LIOC.N0000 OK
2026-07-08 16:01:10,390 INFO LVEN.N0000 OK
2026-07-08 16:01:10,395 INFO LMF.N0000 OK
2026-07-08 16:01:10,407 INFO TILE.N0000 OK
2026-07-08 16:01:10,632 INFO LWL.N0000 OK
2026-07-08 16:01:10,741 INFO LCEY.N0000 OK
2026-07-08 16:01:10,770 INFO LGL.N0000 OK
2026-07-08 16:01:10,799 INFO LGL.X0000 OK
2026-07-08 16:01:10,821 INFO LDEV.N0000 OK
2026-07-08 16:01:10,965 INFO LPL.N0000 OK
2026-07-08 16:01:10,987 INFO LPL.X0000 OK
2026-07-08 16:01:10,996 INFO LFIN.N0000 OK
2026-07-08 16:01:11,070 INFO LITE.N0000 OK
2026-07-08 16:01:11,081 INFO SHAW.N0000 OK
2026-07-08 16:01:11,203 INFO LION.N0000 OK
2026-07-08 16:01:11,289 INFO LOFC.N0000 OK
2026-07-08 16:01:11,332 INFO LGIL.N0000 OK
2026-07-08 16:01:11,407 INFO HPFL.N0000 OK
2026-07-08 16:01:11,437 INFO LUMX.N0000 OK
2026-07-08 16:01:11,536 INFO MADU.N0000 OK
2026-07-08 16:01:11,614 INFO MCPL.N0000 OK
2026-07-08 16:01:11,620 INFO MFPE.N0000 OK
2026-07-08 16:01:11,624 INFO MRH.N0000 OK
2026-07-08 16:01:11,630 INFO MAL.N0000 OK
2026-07-08 16:01:11,747 INFO MAL.X0000 OK
2026-07-08 16:01:11,830 INFO MARA.N0000 OK
2026-07-08 16:01:11,878 INFO MASK.N0000 OK
2026-07-08 16:01:11,962 INFO MELS.N0000 OK
2026-07-08 16:01:11,988 INFO MERC.N0000 OK
2026-07-08 16:01:12,082 INFO MSL.N0000 OK
2026-07-08 16:01:12,187 INFO MBSL.N0000 OK
2026-07-08 16:01:12,193 INFO MHDL.N0000 OK
2026-07-08 16:01:12,215 INFO MDL.N0000 OK
2026-07-08 16:01:12,218 INFO MULL.N0000 OK
2026-07-08 16:01:12,290 INFO NAMU.N0000 OK
2026-07-08 16:01:12,380 INFO CSF.N0000 OK
2026-07-08 16:01:12,420 INFO NDB.N0000 OK
2026-07-08 16:01:12,506 INFO NTB.N0000 OK
2026-07-08 16:01:12,556 INFO NTB.X0000 OK
2026-07-08 16:01:12,626 INFO NHL.N0000 OK
2026-07-08 16:01:12,746 INFO ODEL.N0000 OK
2026-07-08 16:01:12,777 INFO ONAL.N0000 OK
2026-07-08 16:01:12,788 INFO OSEA.N0000 OK
2026-07-08 16:01:12,845 INFO OFEQ.N0000 OK
2026-07-08 16:01:12,849 INFO PALM.N0000 OK
2026-07-08 16:01:12,969 INFO PAP.N0000 OK
2026-07-08 16:01:12,998 INFO PABC.N0000 OK
2026-07-08 16:01:13,048 INFO PARA.N0000 OK
2026-07-08 16:01:13,103 INFO PEG.N0000 OK
2026-07-08 16:01:13,250 INFO PINS.N0000 OK
2026-07-08 16:01:13,378 INFO PLC.N0000 OK
2026-07-08 16:01:13,402 INFO PLR.N0000 OK
2026-07-08 16:01:13,451 INFO GLAS.N0000 OK
2026-07-08 16:01:13,464 INFO PMB.N0000 OK
2026-07-08 16:01:13,520 INFO RIL.N0000 OK
2026-07-08 16:01:13,536 INFO CARE.N0000 OK
2026-07-08 16:01:13,606 INFO RGEM.N0000 OK
2026-07-08 16:01:13,608 INFO RWSL.N0000 OK
2026-07-08 16:01:13,786 INFO RFL.N0000 OK
2026-07-08 16:01:13,850 INFO RAL.N0000 OK
2026-07-08 16:01:13,987 INFO RENU.N0000 OK
2026-07-08 16:01:14,009 INFO COCO.N0000 OK
2026-07-08 16:01:14,012 INFO RHL.N0000 OK
2026-07-08 16:01:14,074 INFO COCO.X0000 OK
2026-07-08 16:01:14,130 INFO RHL.X0000 OK
2026-07-08 16:01:14,144 INFO RCH.N0000 OK
2026-07-08 16:01:14,178 INFO HPWR.N0000 OK
2026-07-08 16:01:14,331 INFO REXP.N0000 OK
2026-07-08 16:01:14,365 INFO RICH.N0000 OK
2026-07-08 16:01:14,542 INFO RCL.N0000 OK
2026-07-08 16:01:14,574 INFO SAMP.N0000 OK
2026-07-08 16:01:14,577 INFO SIL.N0000 OK
2026-07-08 16:01:14,632 INFO RPBH.N0000 OK
2026-07-08 16:01:14,688 INFO SDF.N0000 OK
2026-07-08 16:01:14,695 INFO SDB.N0000 OK
2026-07-08 16:01:14,698 INFO SMOT.N0000 OK
2026-07-08 16:01:14,816 INFO SFCL.N0000 OK
2026-07-08 16:01:14,951 INFO SHOT.N0000 OK
2026-07-08 16:01:14,989 INFO SHOT.X0000 OK
2026-07-08 16:01:15,087 INFO SLND.N0000 OK
2026-07-08 16:01:15,151 INFO SEYB.X0000 OK
2026-07-08 16:01:15,202 INFO SEYB.N0000 OK
2026-07-08 16:01:15,243 INFO CSD.N0000 OK
2026-07-08 16:01:15,267 INFO SINS.N0000 OK
2026-07-08 16:01:15,269 INFO SIGV.N0000 OK
2026-07-08 16:01:15,311 INFO SIRA.N0000 OK
2026-07-08 16:01:15,431 INFO SFIN.N0000 OK
2026-07-08 16:01:15,563 INFO SINH.N0000 OK
2026-07-08 16:01:15,624 INFO SEMB.N0000 OK
2026-07-08 16:01:15,704 INFO SEMB.X0000 OK
2026-07-08 16:01:15,767 INFO SCAP.N0000 OK
2026-07-08 16:01:15,812 INFO CRL.N0000 OK
2026-07-08 16:01:15,826 INFO AAIC.N0000 OK
2026-07-08 16:01:15,829 INFO SLTL.N0000 OK
2026-07-08 16:01:15,859 INFO SING.N0000 OK
2026-07-08 16:01:15,870 INFO SHL.N0000 OK
2026-07-08 16:01:15,982 INFO SUN.N0000 OK
2026-07-08 16:01:16,109 INFO SWAD.N0000 OK
2026-07-08 16:01:16,246 INFO PARQ.N0000 OK
2026-07-08 16:01:16,319 INFO TAJ.N0000 OK
2026-07-08 16:01:16,381 INFO TPL.N0000 OK
2026-07-08 16:01:16,386 INFO TANG.N0000 OK
2026-07-08 16:01:16,391 INFO TSML.N0000 OK
2026-07-08 16:01:16,405 INFO TJL.N0000 OK
2026-07-08 16:01:16,425 INFO TESS.N0000 OK
2026-07-08 16:01:16,435 INFO TESS.X0000 OK
2026-07-08 16:01:16,607 INFO LHL.N0000 OK
2026-07-08 16:01:16,655 INFO AUTO.N0000 OK
2026-07-08 16:01:16,865 INFO RHTL.N0000 OK
2026-07-08 16:01:16,907 INFO CFLB.N0000 OK
2026-07-08 16:01:16,988 INFO NEH.N0000 OK
2026-07-08 16:01:17,035 INFO SERV.N0000 OK
2026-07-08 16:01:17,039 INFO KHC.N0000 OK
2026-07-08 16:01:17,060 INFO TKYO.N0000 OK
2026-07-08 16:01:17,078 INFO TAFL.N0000 OK
2026-07-08 16:01:17,115 INFO LHCL.N0000 OK
2026-07-08 16:01:17,264 INFO TKYO.X0000 OK
2026-07-08 16:01:17,293 INFO TRAN.N0000 OK
2026-07-08 16:01:17,479 INFO UBF.N0000 OK
2026-07-08 16:01:17,529 INFO UDPL.N0000 OK
2026-07-08 16:01:17,533 INFO UAL.N0000 OK
2026-07-08 16:01:17,600 INFO UBC.N0000 OK
2026-07-08 16:01:17,660 INFO VONE.N0000 OK
2026-07-08 16:01:17,703 INFO UCAR.N0000 OK
2026-07-08 16:01:17,707 INFO VFIN.N0000 OK
2026-07-08 16:01:17,716 INFO UML.N0000 OK
2026-07-08 16:01:17,860 INFO VLL.N0000 OK
2026-07-08 16:01:17,895 INFO VPEL.N0000 OK
2026-07-08 16:01:18,100 INFO VLL.X0000 OK
2026-07-08 16:01:18,144 INFO WIND.N0000 OK
2026-07-08 16:01:18,167 INFO CITW.N0000 OK
2026-07-08 16:01:18,169 INFO WATA.N0000 OK
2026-07-08 16:01:18,277 INFO YORK.N0000 OK
2026-07-08 16:01:18,345 INFO JXG.N0000 OK
2026-07-08 16:01:18,346 INFO WLTH.N0000 OK
2026-07-08 16:01:18,362 INFO Wrote 302 rows to /home/runner/work/cse-scraper/cse-scraper/data/2026-07-08/all_company_info_2026-07-08.csv
2026-07-08 16:01:18,362 INFO Symbols: 302, success: 302, failures: 0
