2026-05-06 16:00:33,295 INFO Saved: data/2026-05-06/tradeSummary_2026-05-06.json
2026-05-06 16:00:34,310 INFO Saved: data/2026-05-06/todaySharePrice_2026-05-06.json
2026-05-06 16:00:35,654 INFO Saved: data/2026-05-06/topGainers_2026-05-06.json
2026-05-06 16:00:36,742 INFO Saved: data/2026-05-06/topLooses_2026-05-06.json
2026-05-06 16:00:38,033 INFO Saved: data/2026-05-06/mostActiveTrades_2026-05-06.json
2026-05-06 16:00:39,046 INFO Saved: data/2026-05-06/marketSummery_2026-05-06.json
2026-05-06 16:00:39,776 INFO Saved: data/2026-05-06/aspiData_2026-05-06.json
2026-05-06 16:00:41,000 INFO Saved: data/2026-05-06/snpData_2026-05-06.json
2026-05-06 16:00:41,728 INFO Saved: data/2026-05-06/allSectors_2026-05-06.json
2026-05-06 16:00:43,489 INFO Saved: data/2026-05-06/detailedTrades_2026-05-06.json
2026-05-06 16:00:45,712 INFO Saved: data/2026-05-06/dailyMarketSummery_2026-05-06.json
2026-05-06 16:00:46,957 INFO Saved: data/2026-05-06/getContributors_2026-05-06.json
2026-05-06 16:00:47,801 INFO Saved: data/2026-05-06/getContributorsChart_2026-05-06.json
2026-05-06 16:00:47,801 INFO Saved 13 files (0 errors)
2026-05-06 16:00:49,580 INFO AGST.X0000 OK
2026-05-06 16:00:49,581 INFO AGST.N0000 OK
2026-05-06 16:00:49,744 INFO ACME.N0000 OK
2026-05-06 16:00:49,745 INFO AGAL.N0000 OK
2026-05-06 16:00:49,750 INFO ACL.N0000 OK
2026-05-06 16:00:49,753 INFO APLA.N0000 OK
2026-05-06 16:00:49,762 INFO ABAN.N0000 OK
2026-05-06 16:00:49,769 INFO AEL.N0000 OK
2026-05-06 16:00:49,772 INFO AFSL.N0000 OK
2026-05-06 16:00:49,780 INFO AGPL.N0000 OK
2026-05-06 16:00:50,797 INFO ATLL.N0000 OK
2026-05-06 16:00:50,800 INFO SPEN.N0000 OK
2026-05-06 16:00:50,830 INFO AFS.N0000 OK
2026-05-06 16:00:50,838 INFO ABL.N0000 OK
2026-05-06 16:00:50,908 INFO ATL.N0000 OK
2026-05-06 16:00:50,934 INFO GREG.N0000 OK
2026-05-06 16:00:50,995 INFO TAP.N0000 OK
2026-05-06 16:00:51,003 INFO AHUN.N0000 OK
2026-05-06 16:00:51,018 INFO ALLI.N0000 OK
2026-05-06 16:00:51,021 INFO ALUM.N0000 OK
2026-05-06 16:00:52,081 INFO AMSL.N0000 OK
2026-05-06 16:00:52,087 INFO ASIR.N0000 OK
2026-05-06 16:00:52,104 INFO ACAP.N0000 OK
2026-05-06 16:00:52,108 INFO AMCL.N0000 OK
2026-05-06 16:00:52,120 INFO AAF.N0000 OK
2026-05-06 16:00:52,128 INFO ALHP.N0000 OK
2026-05-06 16:00:52,217 INFO AMF.N0000 OK
2026-05-06 16:00:52,247 INFO AINS.N0000 OK
2026-05-06 16:00:52,267 INFO ASIY.N0000 OK
2026-05-06 16:00:52,273 INFO AHPL.N0000 OK
2026-05-06 16:00:53,209 INFO BOGA.N0000 OK
2026-05-06 16:00:53,227 INFO BLUE.X0000 OK
2026-05-06 16:00:53,239 INFO BOPL.N0000 OK
2026-05-06 16:00:53,241 INFO BALA.N0000 OK
2026-05-06 16:00:53,244 INFO BLI.N0000 OK
2026-05-06 16:00:53,247 INFO BLUE.N0000 OK
2026-05-06 16:00:53,342 INFO BPPL.N0000 OK
2026-05-06 16:00:53,385 INFO BRR.N0000 OK
2026-05-06 16:00:53,400 INFO BERU.N0000 OK
2026-05-06 16:00:53,415 INFO BFL.N0000 OK
2026-05-06 16:00:54,655 INFO BUKI.N0000 OK
2026-05-06 16:00:54,667 INFO BRWN.N0000 OK
2026-05-06 16:00:54,675 INFO CWM.N0000 OK
2026-05-06 16:00:54,678 INFO BIL.N0000 OK
2026-05-06 16:00:54,698 INFO CTHR.N0000 OK
2026-05-06 16:00:54,798 INFO CTLD.N0000 OK
2026-05-06 16:00:54,817 INFO CIC.N0000 OK
2026-05-06 16:00:54,817 INFO CSLK.N0000 OK
2026-05-06 16:00:54,829 INFO COLO.N0000 OK
2026-05-06 16:00:54,858 INFO CIC.X0000 OK
2026-05-06 16:00:55,840 INFO CARG.N0000 OK
2026-05-06 16:00:55,880 INFO CALT.N0000 OK
2026-05-06 16:00:55,898 INFO CARS.N0000 OK
2026-05-06 16:00:55,971 INFO CINS.X0000 OK
2026-05-06 16:00:56,030 INFO CBNK.N0000 OK
2026-05-06 16:00:56,033 INFO CABO.N0000 OK
2026-05-06 16:00:56,069 INFO CALH.N0000 OK
2026-05-06 16:00:56,110 INFO CINS.N0000 OK
2026-05-06 16:00:56,151 INFO CIND.N0000 OK
2026-05-06 16:00:56,153 INFO CFIN.N0000 OK
2026-05-06 16:00:57,161 INFO BREW.N0000 OK
2026-05-06 16:00:57,171 INFO CCS.N0000 OK
2026-05-06 16:00:57,190 INFO CHL.X0000 OK
2026-05-06 16:00:57,298 INFO GUAR.N0000 OK
2026-05-06 16:00:57,302 INFO GRAN.N0000 OK
2026-05-06 16:00:57,305 INFO CTBL.N0000 OK
2026-05-06 16:00:57,307 INFO KZOO.N0000 OK
2026-05-06 16:00:57,321 INFO CHOT.N0000 OK
2026-05-06 16:00:57,361 INFO CINV.N0000 OK
2026-05-06 16:00:57,376 INFO CHL.N0000 OK
2026-05-06 16:00:58,275 INFO CWL.N0000 OK
2026-05-06 16:00:58,282 INFO CHOU.N0000 OK
2026-05-06 16:00:58,284 INFO CHMX.N0000 OK
2026-05-06 16:00:58,297 INFO REEF.N0000 OK
2026-05-06 16:00:58,397 INFO CTC.N0000 OK
2026-05-06 16:00:58,448 INFO PHAR.N0000 OK
2026-05-06 16:00:58,454 INFO LLUB.N0000 OK
2026-05-06 16:00:58,457 INFO CDB.X0000 OK
2026-05-06 16:00:58,492 INFO CDB.N0000 OK
2026-05-06 16:00:58,504 INFO COOP.N0000 OK
2026-05-06 16:00:59,364 INFO DOCK.N0000 OK
2026-05-06 16:00:59,388 INFO CIT.N0000 OK
2026-05-06 16:00:59,391 INFO COMB.N0000 OK
2026-05-06 16:00:59,406 INFO COMD.N0000 OK
2026-05-06 16:00:59,514 INFO COMB.X0000 OK
2026-05-06 16:00:59,524 INFO SOY.N0000 OK
2026-05-06 16:00:59,538 INFO COCR.N0000 OK
2026-05-06 16:00:59,584 INFO DPL.N0000 OK
2026-05-06 16:00:59,587 INFO CLND.N0000 OK
2026-05-06 16:00:59,589 INFO CFI.N0000 OK
2026-05-06 16:01:00,075 INFO DFCC.N0000 OK
2026-05-06 16:01:00,440 INFO CTEA.N0000 OK
2026-05-06 16:01:00,454 INFO DIMO.N0000 OK
2026-05-06 16:01:00,524 INFO CALF.N0000 OK
2026-05-06 16:01:00,539 INFO DIPD.N0000 OK
2026-05-06 16:01:00,618 INFO STAF.N0000 OK
2026-05-06 16:01:00,663 INFO PKME.N0000 OK
2026-05-06 16:01:00,698 INFO DIST.N0000 OK
2026-05-06 16:01:00,719 INFO DIAL.N0000 OK
2026-05-06 16:01:00,746 INFO ECL.N0000 OK
2026-05-06 16:01:00,895 INFO EBCR.N0000 OK
2026-05-06 16:01:01,175 INFO EML.N0000 OK
2026-05-06 16:01:01,180 INFO EAST.N0000 OK
2026-05-06 16:01:01,383 INFO ETWO.N0000 OK
2026-05-06 16:01:01,430 INFO EXT.N0000 OK
2026-05-06 16:01:01,458 INFO ELPL.N0000 OK
2026-05-06 16:01:01,483 INFO EDEN.N0000 OK
2026-05-06 16:01:01,486 INFO EMER.N0000 OK
2026-05-06 16:01:01,584 INFO PACK.N0000 OK
2026-05-06 16:01:01,601 INFO CFVF.N0000 OK
2026-05-06 16:01:01,899 INFO GHLL.N0000 OK
2026-05-06 16:01:02,014 INFO FCT.N0000 OK
2026-05-06 16:01:02,544 INFO HNB.X0000 OK
2026-05-06 16:01:02,548 INFO HARI.N0000 OK
2026-05-06 16:01:02,557 INFO HNB.N0000 OK
2026-05-06 16:01:02,678 INFO WAPO.N0000 OK
2026-05-06 16:01:02,731 INFO HAPU.N0000 OK
2026-05-06 16:01:02,783 INFO GEST.N0000 OK
2026-05-06 16:01:02,789 INFO MEL.N0000 OK
2026-05-06 16:01:02,822 INFO HPL.N0000 OK
2026-05-06 16:01:02,851 INFO HAYC.N0000 OK
2026-05-06 16:01:02,926 INFO MGT.N0000 OK
2026-05-06 16:01:03,256 INFO HEXP.N0000 OK
2026-05-06 16:01:03,698 INFO CITH.N0000 OK
2026-05-06 16:01:03,701 INFO CONN.N0000 OK
2026-05-06 16:01:03,716 INFO HELA.N0000 OK
2026-05-06 16:01:03,719 INFO HHL.N0000 OK
2026-05-06 16:01:03,725 INFO HASU.N0000 OK
2026-05-06 16:01:03,752 INFO HNBF.N0000 OK
2026-05-06 16:01:03,767 INFO HNBF.X0000 OK
2026-05-06 16:01:03,774 INFO HAYL.N0000 OK
2026-05-06 16:01:03,853 INFO HOPL.N0000 OK
2026-05-06 16:01:04,073 INFO HSIG.N0000 OK
2026-05-06 16:01:04,784 INFO HVA.N0000 OK
2026-05-06 16:01:04,796 INFO HBS.N0000 OK
2026-05-06 16:01:04,805 INFO HDFC.N0000 OK
2026-05-06 16:01:04,819 INFO INME.N0000 OK
2026-05-06 16:01:04,823 INFO BFN.N0000 OK
2026-05-06 16:01:05,060 INFO ASPH.N0000 OK
2026-05-06 16:01:05,072 INFO HUNT.N0000 OK
2026-05-06 16:01:05,086 INFO JAT.N0000 OK
2026-05-06 16:01:05,149 INFO JINS.N0000 OK
2026-05-06 16:01:05,278 INFO HUNA.N0000 OK
2026-05-06 16:01:05,515 INFO JETS.N0000 OK
2026-05-06 16:01:05,544 INFO JFP.N0000 OK
2026-05-06 16:01:05,557 INFO JKH.N0000 OK
2026-05-06 16:01:05,570 INFO JKL.N0000 OK
2026-05-06 16:01:05,716 INFO KHL.N0000 OK
2026-05-06 16:01:05,933 INFO KAHA.N0000 OK
2026-05-06 16:01:06,070 INFO KCAB.N0000 OK
2026-05-06 16:01:06,101 INFO KGAL.N0000 OK
2026-05-06 16:01:06,104 INFO KFP.N0000 OK
2026-05-06 16:01:06,267 INFO KPHL.N0000 OK
2026-05-06 16:01:06,283 INFO KDL.N0000 OK
2026-05-06 16:01:06,439 INFO KVAL.N0000 OK
2026-05-06 16:01:06,446 INFO TYRE.N0000 OK
2026-05-06 16:01:06,449 INFO KOTA.N0000 OK
2026-05-06 16:01:06,489 INFO CPRT.N0000 OK
2026-05-06 16:01:06,775 INFO LAMB.N0000 OK
2026-05-06 16:01:06,973 INFO LALU.N0000 OK
2026-05-06 16:01:06,974 INFO LPRT.N0000 OK
2026-05-06 16:01:07,004 INFO LVEF.N0000 OK
2026-05-06 16:01:07,072 INFO LOLC.N0000 OK
2026-05-06 16:01:07,130 INFO ASHO.N0000 OK
2026-05-06 16:01:07,143 INFO CERA.N0000 OK
2026-05-06 16:01:07,178 INFO LIOC.N0000 OK
2026-05-06 16:01:07,196 INFO LMF.N0000 OK
2026-05-06 16:01:07,317 INFO LCBF.N0000 OK
2026-05-06 16:01:07,693 INFO ASCO.N0000 OK
2026-05-06 16:01:07,865 INFO TILE.N0000 OK
2026-05-06 16:01:07,897 INFO LGL.X0000 OK
2026-05-06 16:01:07,956 INFO LWL.N0000 OK
2026-05-06 16:01:08,036 INFO LVEN.N0000 OK
2026-05-06 16:01:08,071 INFO LCEY.N0000 OK
2026-05-06 16:01:08,122 INFO LDEV.N0000 OK
2026-05-06 16:01:08,182 INFO LGL.N0000 OK
2026-05-06 16:01:08,196 INFO LPL.N0000 OK
2026-05-06 16:01:08,242 INFO LPL.X0000 OK
2026-05-06 16:01:08,578 INFO LFIN.N0000 OK
2026-05-06 16:01:08,673 INFO LION.N0000 OK
2026-05-06 16:01:08,708 INFO LITE.N0000 OK
2026-05-06 16:01:08,832 INFO HPFL.N0000 OK
2026-05-06 16:01:08,973 INFO SHAW.N0000 OK
2026-05-06 16:01:08,976 INFO LGIL.N0000 OK
2026-05-06 16:01:09,000 INFO LOFC.N0000 OK
2026-05-06 16:01:09,173 INFO MADU.N0000 OK
2026-05-06 16:01:09,179 INFO MFPE.N0000 OK
2026-05-06 16:01:09,252 INFO LUMX.N0000 OK
2026-05-06 16:01:09,413 INFO MAL.N0000 OK
2026-05-06 16:01:09,504 INFO MRH.N0000 OK
2026-05-06 16:01:09,543 INFO MCPL.N0000 OK
2026-05-06 16:01:09,557 INFO MAL.X0000 OK
2026-05-06 16:01:09,723 INFO MARA.N0000 OK
2026-05-06 16:01:09,942 INFO MELS.N0000 OK
2026-05-06 16:01:09,992 INFO MBSL.N0000 OK
2026-05-06 16:01:10,091 INFO MASK.N0000 OK
2026-05-06 16:01:10,117 INFO MSL.N0000 OK
2026-05-06 16:01:10,317 INFO MERC.N0000 OK
2026-05-06 16:01:10,443 INFO CSF.N0000 OK
2026-05-06 16:01:10,461 INFO MHDL.N0000 OK
2026-05-06 16:01:10,529 INFO MULL.N0000 OK
2026-05-06 16:01:10,560 INFO NAMU.N0000 OK
2026-05-06 16:01:10,621 INFO MDL.N0000 OK
2026-05-06 16:01:10,647 INFO NDB.N0000 OK
2026-05-06 16:01:10,832 INFO NTB.N0000 OK
2026-05-06 16:01:11,024 INFO NTB.X0000 OK
2026-05-06 16:01:11,091 INFO NHL.N0000 OK
2026-05-06 16:01:11,198 INFO ODEL.N0000 OK
2026-05-06 16:01:11,647 INFO OSEA.N0000 OK
2026-05-06 16:01:11,783 INFO PABC.N0000 OK
2026-05-06 16:01:11,786 INFO OFEQ.N0000 OK
2026-05-06 16:01:11,877 INFO ONAL.N0000 OK
2026-05-06 16:01:11,880 INFO PALM.N0000 OK
2026-05-06 16:01:11,922 INFO PARA.N0000 OK
2026-05-06 16:01:12,008 INFO PAP.N0000 OK
2026-05-06 16:01:12,020 INFO PEG.N0000 OK
2026-05-06 16:01:12,083 INFO PINS.N0000 OK
2026-05-06 16:01:12,088 INFO PLC.N0000 OK
2026-05-06 16:01:12,586 INFO GLAS.N0000 OK
2026-05-06 16:01:12,608 INFO CARE.N0000 OK
2026-05-06 16:01:12,698 INFO PLR.N0000 OK
2026-05-06 16:01:12,702 INFO PMB.N0000 OK
2026-05-06 16:01:12,877 INFO RGEM.N0000 OK
2026-05-06 16:01:12,893 INFO RWSL.N0000 OK
2026-05-06 16:01:12,896 INFO RIL.N0000 OK
2026-05-06 16:01:12,972 INFO RFL.N0000 OK
2026-05-06 16:01:13,003 INFO RAL.N0000 OK
2026-05-06 16:01:13,023 INFO RENU.N0000 OK
2026-05-06 16:01:13,313 INFO COCO.N0000 OK
2026-05-06 16:01:13,543 INFO COCO.X0000 OK
2026-05-06 16:01:13,563 INFO RHL.X0000 OK
2026-05-06 16:01:13,615 INFO RHL.N0000 OK
2026-05-06 16:01:13,635 INFO HPWR.N0000 OK
2026-05-06 16:01:13,701 INFO RCL.N0000 OK
2026-05-06 16:01:13,718 INFO RCH.N0000 OK
2026-05-06 16:01:13,752 INFO RICH.N0000 OK
2026-05-06 16:01:13,870 INFO RPBH.N0000 OK
2026-05-06 16:01:13,901 INFO REXP.N0000 OK
2026-05-06 16:01:14,361 INFO SAMP.N0000 OK
2026-05-06 16:01:14,480 INFO SIL.N0000 OK
2026-05-06 16:01:14,488 INFO SDB.N0000 OK
2026-05-06 16:01:14,903 INFO SDF.N0000 OK
2026-05-06 16:01:14,907 INFO SMOT.N0000 OK
2026-05-06 16:01:14,940 INFO SFCL.N0000 OK
2026-05-06 16:01:14,945 INFO SEYB.N0000 OK
2026-05-06 16:01:14,966 INFO SHOT.X0000 OK
2026-05-06 16:01:14,972 INFO SHOT.N0000 OK
2026-05-06 16:01:14,977 INFO SLND.N0000 OK
2026-05-06 16:01:15,226 INFO SEYB.X0000 OK
2026-05-06 16:01:15,466 INFO CSD.N0000 OK
2026-05-06 16:01:15,551 INFO SIRA.N0000 OK
2026-05-06 16:01:15,725 INFO SIGV.N0000 OK
2026-05-06 16:01:16,001 INFO SFIN.N0000 OK
2026-05-06 16:01:16,109 INFO SCAP.N0000 OK
2026-05-06 16:01:16,118 INFO SINH.N0000 OK
2026-05-06 16:01:16,142 INFO SEMB.N0000 OK
2026-05-06 16:01:16,196 INFO SEMB.X0000 OK
2026-05-06 16:01:16,214 INFO SINS.N0000 OK
2026-05-06 16:01:16,801 INFO SHL.N0000 OK
2026-05-06 16:01:16,812 INFO SLTL.N0000 OK
2026-05-06 16:01:16,839 INFO AAIC.N0000 OK
2026-05-06 16:01:16,866 INFO CRL.N0000 OK
2026-05-06 16:01:17,088 INFO PARQ.N0000 OK
2026-05-06 16:01:17,096 INFO SUN.N0000 OK
2026-05-06 16:01:17,108 INFO SING.N0000 OK
2026-05-06 16:01:17,176 INFO TPL.N0000 OK
2026-05-06 16:01:17,217 INFO TAJ.N0000 OK
2026-05-06 16:01:17,219 INFO SWAD.N0000 OK
2026-05-06 16:01:17,836 INFO TESS.X0000 OK
2026-05-06 16:01:17,920 INFO TANG.N0000 OK
2026-05-06 16:01:17,953 INFO TSML.N0000 OK
2026-05-06 16:01:18,026 INFO TESS.N0000 OK
2026-05-06 16:01:18,029 INFO TJL.N0000 OK
2026-05-06 16:01:18,440 INFO LHL.N0000 OK
2026-05-06 16:01:18,443 INFO AUTO.N0000 OK
2026-05-06 16:01:18,480 INFO KHC.N0000 OK
2026-05-06 16:01:18,521 INFO RHTL.N0000 OK
2026-05-06 16:01:18,609 INFO CFLB.N0000 OK
2026-05-06 16:01:18,639 INFO LHCL.N0000 OK
2026-05-06 16:01:18,648 INFO SERV.N0000 OK
2026-05-06 16:01:19,032 INFO TAFL.N0000 OK
2026-05-06 16:01:19,052 INFO TKYO.N0000 OK
2026-05-06 16:01:19,149 INFO NEH.N0000 OK
2026-05-06 16:01:19,533 INFO UAL.N0000 OK
2026-05-06 16:01:19,563 INFO UDPL.N0000 OK
2026-05-06 16:01:19,567 INFO UBC.N0000 OK
2026-05-06 16:01:19,570 INFO UCAR.N0000 OK
2026-05-06 16:01:19,573 INFO UBF.N0000 OK
2026-05-06 16:01:19,639 INFO TRAN.N0000 OK
2026-05-06 16:01:19,647 INFO TKYO.X0000 OK
2026-05-06 16:01:20,239 INFO UML.N0000 OK
2026-05-06 16:01:20,316 INFO VONE.N0000 OK
2026-05-06 16:01:20,354 INFO VFIN.N0000 OK
2026-05-06 16:01:21,295 INFO VLL.N0000 OK
2026-05-06 16:01:21,303 INFO VPEL.N0000 OK
2026-05-06 16:01:21,310 INFO WLTH.N0000 OK
2026-05-06 16:01:21,340 INFO JXG.N0000 OK
2026-05-06 16:01:21,344 INFO WATA.N0000 OK
2026-05-06 16:01:21,346 INFO VLL.X0000 OK
2026-05-06 16:01:21,415 INFO CITW.N0000 OK
2026-05-06 16:01:21,419 INFO YORK.N0000 OK
2026-05-06 16:01:21,426 INFO WIND.N0000 OK
2026-05-06 16:01:21,443 INFO Wrote 302 rows to /home/runner/work/cse-scraper/cse-scraper/data/2026-05-06/all_company_info_2026-05-06.csv
2026-05-06 16:01:21,443 INFO Symbols: 302, success: 302, failures: 0
