2026-05-15 16:02:08,988 INFO Saved: data/2026-05-15/tradeSummary_2026-05-15.json
2026-05-15 16:02:09,616 INFO Saved: data/2026-05-15/todaySharePrice_2026-05-15.json
2026-05-15 16:02:10,808 INFO Saved: data/2026-05-15/topGainers_2026-05-15.json
2026-05-15 16:02:11,949 INFO Saved: data/2026-05-15/topLooses_2026-05-15.json
2026-05-15 16:02:12,804 INFO Saved: data/2026-05-15/mostActiveTrades_2026-05-15.json
2026-05-15 16:02:14,068 INFO Saved: data/2026-05-15/marketSummery_2026-05-15.json
2026-05-15 16:02:15,169 INFO Saved: data/2026-05-15/aspiData_2026-05-15.json
2026-05-15 16:02:15,762 INFO Saved: data/2026-05-15/snpData_2026-05-15.json
2026-05-15 16:02:16,360 INFO Saved: data/2026-05-15/allSectors_2026-05-15.json
2026-05-15 16:02:17,415 INFO Saved: data/2026-05-15/detailedTrades_2026-05-15.json
2026-05-15 16:02:20,710 INFO Saved: data/2026-05-15/dailyMarketSummery_2026-05-15.json
2026-05-15 16:02:21,402 INFO Saved: data/2026-05-15/getContributors_2026-05-15.json
2026-05-15 16:02:22,074 INFO Saved: data/2026-05-15/getContributorsChart_2026-05-15.json
2026-05-15 16:02:22,074 INFO Saved 13 files (0 errors)
2026-05-15 16:02:23,369 INFO ACL.N0000 OK
2026-05-15 16:02:23,461 INFO AEL.N0000 OK
2026-05-15 16:02:23,513 INFO AGST.N0000 OK
2026-05-15 16:02:23,516 INFO AFSL.N0000 OK
2026-05-15 16:02:23,519 INFO AGST.X0000 OK
2026-05-15 16:02:23,522 INFO ACME.N0000 OK
2026-05-15 16:02:23,575 INFO AGPL.N0000 OK
2026-05-15 16:02:23,594 INFO ABAN.N0000 OK
2026-05-15 16:02:23,597 INFO APLA.N0000 OK
2026-05-15 16:02:23,611 INFO AGAL.N0000 OK
2026-05-15 16:02:24,036 INFO AHUN.N0000 OK
2026-05-15 16:02:24,121 INFO SPEN.N0000 OK
2026-05-15 16:02:24,242 INFO GREG.N0000 OK
2026-05-15 16:02:24,302 INFO ALLI.N0000 OK
2026-05-15 16:02:24,305 INFO AFS.N0000 OK
2026-05-15 16:02:24,321 INFO ABL.N0000 OK
2026-05-15 16:02:24,338 INFO ALUM.N0000 OK
2026-05-15 16:02:24,344 INFO ATL.N0000 OK
2026-05-15 16:02:24,365 INFO TAP.N0000 OK
2026-05-15 16:02:24,431 INFO ATLL.N0000 OK
2026-05-15 16:02:24,677 INFO AMCL.N0000 OK
2026-05-15 16:02:24,718 INFO ALHP.N0000 OK
2026-05-15 16:02:24,908 INFO AAF.N0000 OK
2026-05-15 16:02:24,930 INFO ACAP.N0000 OK
2026-05-15 16:02:24,931 INFO AINS.N0000 OK
2026-05-15 16:02:24,970 INFO ASIR.N0000 OK
2026-05-15 16:02:25,030 INFO ASIY.N0000 OK
2026-05-15 16:02:25,117 INFO AMSL.N0000 OK
2026-05-15 16:02:25,132 INFO AMF.N0000 OK
2026-05-15 16:02:25,152 INFO AHPL.N0000 OK
2026-05-15 16:02:25,343 INFO BPPL.N0000 OK
2026-05-15 16:02:25,403 INFO BFL.N0000 OK
2026-05-15 16:02:25,561 INFO BLI.N0000 OK
2026-05-15 16:02:25,600 INFO BALA.N0000 OK
2026-05-15 16:02:25,615 INFO BRR.N0000 OK
2026-05-15 16:02:25,623 INFO BLUE.X0000 OK
2026-05-15 16:02:25,642 INFO BERU.N0000 OK
2026-05-15 16:02:25,721 INFO BLUE.N0000 OK
2026-05-15 16:02:25,844 INFO BOPL.N0000 OK
2026-05-15 16:02:25,853 INFO BOGA.N0000 OK
2026-05-15 16:02:25,994 INFO BIL.N0000 OK
2026-05-15 16:02:26,009 INFO BRWN.N0000 OK
2026-05-15 16:02:26,247 INFO BUKI.N0000 OK
2026-05-15 16:02:26,303 INFO COLO.N0000 OK
2026-05-15 16:02:26,306 INFO CIC.N0000 OK
2026-05-15 16:02:26,327 INFO CTHR.N0000 OK
2026-05-15 16:02:26,331 INFO CIC.X0000 OK
2026-05-15 16:02:26,393 INFO CTLD.N0000 OK
2026-05-15 16:02:26,533 INFO CSLK.N0000 OK
2026-05-15 16:02:26,638 INFO CWM.N0000 OK
2026-05-15 16:02:26,649 INFO CALT.N0000 OK
2026-05-15 16:02:26,720 INFO CALH.N0000 OK
2026-05-15 16:02:26,957 INFO CARG.N0000 OK
2026-05-15 16:02:27,015 INFO CBNK.N0000 OK
2026-05-15 16:02:27,052 INFO CABO.N0000 OK
2026-05-15 16:02:27,072 INFO CARS.N0000 OK
2026-05-15 16:02:27,116 INFO CFIN.N0000 OK
2026-05-15 16:02:27,129 INFO CIND.N0000 OK
2026-05-15 16:02:27,228 INFO CINS.N0000 OK
2026-05-15 16:02:27,312 INFO CINS.X0000 OK
2026-05-15 16:02:27,316 INFO BREW.N0000 OK
2026-05-15 16:02:27,322 INFO CCS.N0000 OK
2026-05-15 16:02:27,615 INFO GRAN.N0000 OK
2026-05-15 16:02:27,671 INFO GUAR.N0000 OK
2026-05-15 16:02:27,728 INFO CHL.N0000 OK
2026-05-15 16:02:27,734 INFO CHL.X0000 OK
2026-05-15 16:02:27,799 INFO CHOT.N0000 OK
2026-05-15 16:02:27,852 INFO CINV.N0000 OK
2026-05-15 16:02:27,902 INFO KZOO.N0000 OK
2026-05-15 16:02:28,001 INFO CTC.N0000 OK
2026-05-15 16:02:28,026 INFO CHMX.N0000 OK
2026-05-15 16:02:28,042 INFO CTBL.N0000 OK
2026-05-15 16:02:28,334 INFO CWL.N0000 OK
2026-05-15 16:02:28,382 INFO LLUB.N0000 OK
2026-05-15 16:02:28,400 INFO CDB.N0000 OK
2026-05-15 16:02:28,404 INFO CDB.X0000 OK
2026-05-15 16:02:28,442 INFO CHOU.N0000 OK
2026-05-15 16:02:28,469 INFO REEF.N0000 OK
2026-05-15 16:02:28,555 INFO COOP.N0000 OK
2026-05-15 16:02:28,660 INFO PHAR.N0000 OK
2026-05-15 16:02:28,683 INFO DOCK.N0000 OK
2026-05-15 16:02:28,709 INFO CFI.N0000 OK
2026-05-15 16:02:29,060 INFO CLND.N0000 OK
2026-05-15 16:02:29,082 INFO COMB.N0000 OK
2026-05-15 16:02:29,108 INFO COMB.X0000 OK
2026-05-15 16:02:29,129 INFO COCR.N0000 OK
2026-05-15 16:02:29,146 INFO CIT.N0000 OK
2026-05-15 16:02:29,154 INFO COMD.N0000 OK
2026-05-15 16:02:29,194 INFO SOY.N0000 OK
2026-05-15 16:02:29,300 INFO DIAL.N0000 OK
2026-05-15 16:02:29,326 INFO DPL.N0000 OK
2026-05-15 16:02:29,369 INFO DFCC.N0000 OK
2026-05-15 16:02:29,721 INFO CALF.N0000 OK
2026-05-15 16:02:29,730 INFO CTEA.N0000 OK
2026-05-15 16:02:29,744 INFO DIPD.N0000 OK
2026-05-15 16:02:29,750 INFO DIMO.N0000 OK
2026-05-15 16:02:29,753 INFO DIST.N0000 OK
2026-05-15 16:02:29,764 INFO PKME.N0000 OK
2026-05-15 16:02:29,864 INFO STAF.N0000 OK
2026-05-15 16:02:29,906 INFO ECL.N0000 OK
2026-05-15 16:02:29,998 INFO EBCR.N0000 OK
2026-05-15 16:02:30,043 INFO EML.N0000 OK
2026-05-15 16:02:30,407 INFO EAST.N0000 OK
2026-05-15 16:02:30,450 INFO EXT.N0000 OK
2026-05-15 16:02:30,453 INFO PACK.N0000 OK
2026-05-15 16:02:30,494 INFO CFVF.N0000 OK
2026-05-15 16:02:30,502 INFO EMER.N0000 OK
2026-05-15 16:02:30,513 INFO ELPL.N0000 OK
2026-05-15 16:02:30,515 INFO EDEN.N0000 OK
2026-05-15 16:02:30,540 INFO ETWO.N0000 OK
2026-05-15 16:02:30,638 INFO GHLL.N0000 OK
2026-05-15 16:02:30,668 INFO FCT.N0000 OK
2026-05-15 16:02:31,067 INFO WAPO.N0000 OK
2026-05-15 16:02:31,079 INFO HAPU.N0000 OK
2026-05-15 16:02:31,139 INFO GEST.N0000 OK
2026-05-15 16:02:31,250 INFO HNB.X0000 OK
2026-05-15 16:02:31,252 INFO HARI.N0000 OK
2026-05-15 16:02:31,270 INFO HNB.N0000 OK
2026-05-15 16:02:31,317 INFO MEL.N0000 OK
2026-05-15 16:02:31,330 INFO HAYC.N0000 OK
2026-05-15 16:02:31,353 INFO MGT.N0000 OK
2026-05-15 16:02:31,356 INFO HPL.N0000 OK
2026-05-15 16:02:31,673 INFO CONN.N0000 OK
2026-05-15 16:02:31,731 INFO HAYL.N0000 OK
2026-05-15 16:02:31,736 INFO HEXP.N0000 OK
2026-05-15 16:02:31,860 INFO HHL.N0000 OK
2026-05-15 16:02:31,866 INFO HELA.N0000 OK
2026-05-15 16:02:31,875 INFO CITH.N0000 OK
2026-05-15 16:02:31,915 INFO HASU.N0000 OK
2026-05-15 16:02:31,937 INFO HNBF.N0000 OK
2026-05-15 16:02:31,965 INFO HOPL.N0000 OK
2026-05-15 16:02:31,969 INFO HNBF.X0000 OK
2026-05-15 16:02:32,267 INFO HSIG.N0000 OK
2026-05-15 16:02:32,339 INFO HBS.N0000 OK
2026-05-15 16:02:32,414 INFO HDFC.N0000 OK
2026-05-15 16:02:32,456 INFO HUNA.N0000 OK
2026-05-15 16:02:32,477 INFO HVA.N0000 OK
2026-05-15 16:02:32,549 INFO HUNT.N0000 OK
2026-05-15 16:02:32,561 INFO BFN.N0000 OK
2026-05-15 16:02:32,566 INFO JINS.N0000 OK
2026-05-15 16:02:32,586 INFO ASPH.N0000 OK
2026-05-15 16:02:32,609 INFO INME.N0000 OK
2026-05-15 16:02:32,942 INFO JAT.N0000 OK
2026-05-15 16:02:33,004 INFO JETS.N0000 OK
2026-05-15 16:02:33,040 INFO JKH.N0000 OK
2026-05-15 16:02:33,118 INFO JFP.N0000 OK
2026-05-15 16:02:33,145 INFO KHL.N0000 OK
2026-05-15 16:02:33,169 INFO KAHA.N0000 OK
2026-05-15 16:02:33,174 INFO KPHL.N0000 OK
2026-05-15 16:02:33,204 INFO KGAL.N0000 OK
2026-05-15 16:02:33,244 INFO JKL.N0000 OK
2026-05-15 16:02:33,275 INFO KFP.N0000 OK
2026-05-15 16:02:33,610 INFO KCAB.N0000 OK
2026-05-15 16:02:33,669 INFO TYRE.N0000 OK
2026-05-15 16:02:33,694 INFO KVAL.N0000 OK
2026-05-15 16:02:33,712 INFO KDL.N0000 OK
2026-05-15 16:02:33,734 INFO CPRT.N0000 OK
2026-05-15 16:02:33,772 INFO LAMB.N0000 OK
2026-05-15 16:02:33,861 INFO KOTA.N0000 OK
2026-05-15 16:02:33,918 INFO LOLC.N0000 OK
2026-05-15 16:02:33,933 INFO LVEF.N0000 OK
2026-05-15 16:02:33,955 INFO LPRT.N0000 OK
2026-05-15 16:02:34,262 INFO ASHO.N0000 OK
2026-05-15 16:02:34,273 INFO LALU.N0000 OK
2026-05-15 16:02:34,347 INFO LIOC.N0000 OK
2026-05-15 16:02:34,356 INFO CERA.N0000 OK
2026-05-15 16:02:34,360 INFO LMF.N0000 OK
2026-05-15 16:02:34,385 INFO LCBF.N0000 OK
2026-05-15 16:02:34,536 INFO LVEN.N0000 OK
2026-05-15 16:02:34,536 INFO TILE.N0000 OK
2026-05-15 16:02:34,545 INFO ASCO.N0000 OK
2026-05-15 16:02:34,629 INFO LWL.N0000 OK
2026-05-15 16:02:34,926 INFO LCEY.N0000 OK
2026-05-15 16:02:34,933 INFO LDEV.N0000 OK
2026-05-15 16:02:34,959 INFO LGL.N0000 OK
2026-05-15 16:02:35,056 INFO LGL.X0000 OK
2026-05-15 16:02:35,070 INFO LPL.X0000 OK
2026-05-15 16:02:35,072 INFO LPL.N0000 OK
2026-05-15 16:02:35,224 INFO LFIN.N0000 OK
2026-05-15 16:02:35,227 INFO SHAW.N0000 OK
2026-05-15 16:02:35,239 INFO LITE.N0000 OK
2026-05-15 16:02:35,293 INFO LION.N0000 OK
2026-05-15 16:02:35,599 INFO LOFC.N0000 OK
2026-05-15 16:02:35,614 INFO LGIL.N0000 OK
2026-05-15 16:02:35,632 INFO HPFL.N0000 OK
2026-05-15 16:02:35,734 INFO LUMX.N0000 OK
2026-05-15 16:02:35,771 INFO MADU.N0000 OK
2026-05-15 16:02:35,779 INFO MFPE.N0000 OK
2026-05-15 16:02:35,914 INFO MRH.N0000 OK
2026-05-15 16:02:35,922 INFO MCPL.N0000 OK
2026-05-15 16:02:35,928 INFO MAL.X0000 OK
2026-05-15 16:02:35,945 INFO MAL.N0000 OK
2026-05-15 16:02:36,278 INFO MARA.N0000 OK
2026-05-15 16:02:36,331 INFO MELS.N0000 OK
2026-05-15 16:02:36,335 INFO MASK.N0000 OK
2026-05-15 16:02:36,431 INFO MERC.N0000 OK
2026-05-15 16:02:36,436 INFO MSL.N0000 OK
2026-05-15 16:02:36,500 INFO MBSL.N0000 OK
2026-05-15 16:02:36,611 INFO MULL.N0000 OK
2026-05-15 16:02:36,627 INFO MHDL.N0000 OK
2026-05-15 16:02:36,650 INFO MDL.N0000 OK
2026-05-15 16:02:36,664 INFO NAMU.N0000 OK
2026-05-15 16:02:36,866 INFO CSF.N0000 OK
2026-05-15 16:02:36,932 INFO NDB.N0000 OK
2026-05-15 16:02:37,048 INFO NTB.N0000 OK
2026-05-15 16:02:37,140 INFO NTB.X0000 OK
2026-05-15 16:02:37,143 INFO NHL.N0000 OK
2026-05-15 16:02:37,183 INFO ODEL.N0000 OK
2026-05-15 16:02:37,307 INFO OFEQ.N0000 OK
2026-05-15 16:02:37,313 INFO ONAL.N0000 OK
2026-05-15 16:02:37,347 INFO OSEA.N0000 OK
2026-05-15 16:02:37,358 INFO PALM.N0000 OK
2026-05-15 16:02:37,561 INFO PABC.N0000 OK
2026-05-15 16:02:37,588 INFO PAP.N0000 OK
2026-05-15 16:02:37,705 INFO PARA.N0000 OK
2026-05-15 16:02:37,842 INFO PEG.N0000 OK
2026-05-15 16:02:37,845 INFO PINS.N0000 OK
2026-05-15 16:02:37,867 INFO PLC.N0000 OK
2026-05-15 16:02:37,967 INFO PLR.N0000 OK
2026-05-15 16:02:37,990 INFO GLAS.N0000 OK
2026-05-15 16:02:37,993 INFO PMB.N0000 OK
2026-05-15 16:02:38,054 INFO CARE.N0000 OK
2026-05-15 16:02:38,243 INFO RIL.N0000 OK
2026-05-15 16:02:38,278 INFO RGEM.N0000 OK
2026-05-15 16:02:38,365 INFO RWSL.N0000 OK
2026-05-15 16:02:38,541 INFO RFL.N0000 OK
2026-05-15 16:02:38,564 INFO RAL.N0000 OK
2026-05-15 16:02:38,573 INFO RENU.N0000 OK
2026-05-15 16:02:38,658 INFO COCO.N0000 OK
2026-05-15 16:02:38,703 INFO COCO.X0000 OK
2026-05-15 16:02:38,705 INFO RHL.N0000 OK
2026-05-15 16:02:38,771 INFO RHL.X0000 OK
2026-05-15 16:02:38,903 INFO RCH.N0000 OK
2026-05-15 16:02:38,951 INFO HPWR.N0000 OK
2026-05-15 16:02:39,080 INFO RICH.N0000 OK
2026-05-15 16:02:39,229 INFO REXP.N0000 OK
2026-05-15 16:02:39,244 INFO SAMP.N0000 OK
2026-05-15 16:02:39,251 INFO RCL.N0000 OK
2026-05-15 16:02:39,275 INFO RPBH.N0000 OK
2026-05-15 16:02:39,397 INFO SIL.N0000 OK
2026-05-15 16:02:39,409 INFO SDB.N0000 OK
2026-05-15 16:02:39,453 INFO SDF.N0000 OK
2026-05-15 16:02:39,589 INFO SMOT.N0000 OK
2026-05-15 16:02:39,637 INFO SFCL.N0000 OK
2026-05-15 16:02:39,747 INFO SHOT.N0000 OK
2026-05-15 16:02:39,912 INFO SHOT.X0000 OK
2026-05-15 16:02:39,952 INFO SEYB.N0000 OK
2026-05-15 16:02:39,953 INFO SLND.N0000 OK
2026-05-15 16:02:39,987 INFO SEYB.X0000 OK
2026-05-15 16:02:40,084 INFO CSD.N0000 OK
2026-05-15 16:02:40,107 INFO SIRA.N0000 OK
2026-05-15 16:02:40,126 INFO SIGV.N0000 OK
2026-05-15 16:02:40,257 INFO SINS.N0000 OK
2026-05-15 16:02:40,310 INFO SFIN.N0000 OK
2026-05-15 16:02:40,421 INFO SINH.N0000 OK
2026-05-15 16:02:40,586 INFO SEMB.N0000 OK
2026-05-15 16:02:40,660 INFO SEMB.X0000 OK
2026-05-15 16:02:40,665 INFO SCAP.N0000 OK
2026-05-15 16:02:40,676 INFO CRL.N0000 OK
2026-05-15 16:02:40,756 INFO SHL.N0000 OK
2026-05-15 16:02:40,773 INFO AAIC.N0000 OK
2026-05-15 16:02:40,815 INFO SLTL.N0000 OK
2026-05-15 16:02:40,845 INFO SING.N0000 OK
2026-05-15 16:02:40,972 INFO SUN.N0000 OK
2026-05-15 16:02:41,080 INFO SWAD.N0000 OK
2026-05-15 16:02:41,258 INFO PARQ.N0000 OK
2026-05-15 16:02:41,359 INFO TPL.N0000 OK
2026-05-15 16:02:41,363 INFO TAJ.N0000 OK
2026-05-15 16:02:41,377 INFO TANG.N0000 OK
2026-05-15 16:02:41,445 INFO TSML.N0000 OK
2026-05-15 16:02:41,456 INFO TJL.N0000 OK
2026-05-15 16:02:41,516 INFO TESS.N0000 OK
2026-05-15 16:02:41,533 INFO TESS.X0000 OK
2026-05-15 16:02:41,633 INFO LHL.N0000 OK
2026-05-15 16:02:41,757 INFO AUTO.N0000 OK
2026-05-15 16:02:41,930 INFO CFLB.N0000 OK
2026-05-15 16:02:42,047 INFO RHTL.N0000 OK
2026-05-15 16:02:42,073 INFO SERV.N0000 OK
2026-05-15 16:02:42,076 INFO KHC.N0000 OK
2026-05-15 16:02:42,115 INFO NEH.N0000 OK
2026-05-15 16:02:42,127 INFO LHCL.N0000 OK
2026-05-15 16:02:42,178 INFO TAFL.N0000 OK
2026-05-15 16:02:42,223 INFO TKYO.N0000 OK
2026-05-15 16:02:42,303 INFO TKYO.X0000 OK
2026-05-15 16:02:42,443 INFO TRAN.N0000 OK
2026-05-15 16:02:42,661 INFO UBF.N0000 OK
2026-05-15 16:02:42,697 INFO UDPL.N0000 OK
2026-05-15 16:02:42,708 INFO UCAR.N0000 OK
2026-05-15 16:02:42,758 INFO UAL.N0000 OK
2026-05-15 16:02:42,761 INFO UBC.N0000 OK
2026-05-15 16:02:42,837 INFO UML.N0000 OK
2026-05-15 16:02:42,862 INFO VFIN.N0000 OK
2026-05-15 16:02:42,884 INFO VONE.N0000 OK
2026-05-15 16:02:42,962 INFO VPEL.N0000 OK
2026-05-15 16:02:43,099 INFO VLL.N0000 OK
2026-05-15 16:02:43,325 INFO VLL.X0000 OK
2026-05-15 16:02:43,408 INFO WATA.N0000 OK
2026-05-15 16:02:43,430 INFO CITW.N0000 OK
2026-05-15 16:02:43,432 INFO YORK.N0000 OK
2026-05-15 16:02:43,452 INFO WIND.N0000 OK
2026-05-15 16:02:43,532 INFO WLTH.N0000 OK
2026-05-15 16:02:43,533 INFO JXG.N0000 OK
2026-05-15 16:02:43,552 INFO Wrote 302 rows to /home/runner/work/cse-scraper/cse-scraper/data/2026-05-15/all_company_info_2026-05-15.csv
2026-05-15 16:02:43,552 INFO Symbols: 302, success: 302, failures: 0
