2026-07-22 15:38:24,124 INFO Saved: data/2026-07-22/tradeSummary_2026-07-22.json
2026-07-22 15:38:25,070 INFO Saved: data/2026-07-22/todaySharePrice_2026-07-22.json
2026-07-22 15:38:25,663 INFO Saved: data/2026-07-22/topGainers_2026-07-22.json
2026-07-22 15:38:26,798 INFO Saved: data/2026-07-22/topLooses_2026-07-22.json
2026-07-22 15:38:27,667 INFO Saved: data/2026-07-22/mostActiveTrades_2026-07-22.json
2026-07-22 15:38:28,476 INFO Saved: data/2026-07-22/marketSummery_2026-07-22.json
2026-07-22 15:38:29,020 INFO Saved: data/2026-07-22/aspiData_2026-07-22.json
2026-07-22 15:38:29,585 INFO Saved: data/2026-07-22/snpData_2026-07-22.json
2026-07-22 15:38:30,591 INFO Saved: data/2026-07-22/allSectors_2026-07-22.json
2026-07-22 15:38:31,822 INFO Saved: data/2026-07-22/detailedTrades_2026-07-22.json
2026-07-22 15:38:32,611 INFO Saved: data/2026-07-22/dailyMarketSummery_2026-07-22.json
2026-07-22 15:38:33,227 INFO Saved: data/2026-07-22/getContributors_2026-07-22.json
2026-07-22 15:38:33,845 INFO Saved: data/2026-07-22/getContributorsChart_2026-07-22.json
2026-07-22 15:38:33,845 INFO Saved 13 files (0 errors)
2026-07-22 15:38:35,574 INFO AGPL.N0000 OK
2026-07-22 15:38:35,595 INFO ABAN.N0000 OK
2026-07-22 15:38:35,684 INFO ACME.N0000 OK
2026-07-22 15:38:35,690 INFO APLA.N0000 OK
2026-07-22 15:38:35,690 INFO AEL.N0000 OK
2026-07-22 15:38:35,701 INFO AGAL.N0000 OK
2026-07-22 15:38:35,703 INFO ACL.N0000 OK
2026-07-22 15:38:35,705 INFO AGST.X0000 OK
2026-07-22 15:38:35,716 INFO AGST.N0000 OK
2026-07-22 15:38:35,719 INFO AFSL.N0000 OK
2026-07-22 15:38:36,185 INFO AHUN.N0000 OK
2026-07-22 15:38:36,212 INFO SPEN.N0000 OK
2026-07-22 15:38:36,603 INFO ATL.N0000 OK
2026-07-22 15:38:36,695 INFO ABL.N0000 OK
2026-07-22 15:38:36,708 INFO ALLI.N0000 OK
2026-07-22 15:38:36,720 INFO TAP.N0000 OK
2026-07-22 15:38:36,726 INFO GREG.N0000 OK
2026-07-22 15:38:36,737 INFO ATLL.N0000 OK
2026-07-22 15:38:36,768 INFO ALUM.N0000 OK
2026-07-22 15:38:36,771 INFO AFS.N0000 OK
2026-07-22 15:38:36,775 INFO ALHP.N0000 OK
2026-07-22 15:38:36,835 INFO AMCL.N0000 OK
2026-07-22 15:38:37,427 INFO AAF.N0000 OK
2026-07-22 15:38:37,484 INFO ACAP.N0000 OK
2026-07-22 15:38:37,526 INFO AMF.N0000 OK
2026-07-22 15:38:37,552 INFO ASIR.N0000 OK
2026-07-22 15:38:37,573 INFO AINS.N0000 OK
2026-07-22 15:38:37,581 INFO BFL.N0000 OK
2026-07-22 15:38:37,597 INFO AHPL.N0000 OK
2026-07-22 15:38:37,607 INFO AMSL.N0000 OK
2026-07-22 15:38:37,680 INFO ASIY.N0000 OK
2026-07-22 15:38:37,684 INFO BPPL.N0000 OK
2026-07-22 15:38:38,657 INFO BLUE.N0000 OK
2026-07-22 15:38:38,660 INFO BRWN.N0000 OK
2026-07-22 15:38:38,663 INFO BLUE.X0000 OK
2026-07-22 15:38:38,671 INFO BLI.N0000 OK
2026-07-22 15:38:38,725 INFO BERU.N0000 OK
2026-07-22 15:38:38,726 INFO BOPL.N0000 OK
2026-07-22 15:38:38,745 INFO BRR.N0000 OK
2026-07-22 15:38:38,766 INFO BIL.N0000 OK
2026-07-22 15:38:38,777 INFO BOGA.N0000 OK
2026-07-22 15:38:38,777 INFO BALA.N0000 OK
2026-07-22 15:38:39,650 INFO CIC.X0000 OK
2026-07-22 15:38:39,681 INFO CIC.N0000 OK
2026-07-22 15:38:39,748 INFO CSLK.N0000 OK
2026-07-22 15:38:39,754 INFO BUKI.N0000 OK
2026-07-22 15:38:39,781 INFO CTHR.N0000 OK
2026-07-22 15:38:39,815 INFO CTLD.N0000 OK
2026-07-22 15:38:39,819 INFO COLO.N0000 OK
2026-07-22 15:38:39,821 INFO CALH.N0000 OK
2026-07-22 15:38:39,824 INFO CWM.N0000 OK
2026-07-22 15:38:39,863 INFO CALT.N0000 OK
2026-07-22 15:38:40,683 INFO CFIN.N0000 OK
2026-07-22 15:38:40,685 INFO CCS.N0000 OK
2026-07-22 15:38:40,758 INFO CINS.X0000 OK
2026-07-22 15:38:40,761 INFO CBNK.N0000 OK
2026-07-22 15:38:40,814 INFO CABO.N0000 OK
2026-07-22 15:38:40,826 INFO CARG.N0000 OK
2026-07-22 15:38:40,829 INFO CARS.N0000 OK
2026-07-22 15:38:40,832 INFO CIND.N0000 OK
2026-07-22 15:38:40,867 INFO CINS.N0000 OK
2026-07-22 15:38:40,875 INFO BREW.N0000 OK
2026-07-22 15:38:41,319 INFO GRAN.N0000 OK
2026-07-22 15:38:41,325 INFO GUAR.N0000 OK
2026-07-22 15:38:41,398 INFO CHL.N0000 OK
2026-07-22 15:38:42,141 INFO CHMX.N0000 OK
2026-07-22 15:38:42,285 INFO CTC.N0000 OK
2026-07-22 15:38:42,291 INFO CDB.N0000 OK
2026-07-22 15:38:42,297 INFO CINV.N0000 OK
2026-07-22 15:38:42,309 INFO CTBL.N0000 OK
2026-07-22 15:38:42,325 INFO LLUB.N0000 OK
2026-07-22 15:38:42,325 INFO CHOT.N0000 OK
2026-07-22 15:38:42,355 INFO KZOO.N0000 OK
2026-07-22 15:38:42,408 INFO CWL.N0000 OK
2026-07-22 15:38:42,427 INFO CHL.X0000 OK
2026-07-22 15:38:42,687 INFO CDB.X0000 OK
2026-07-22 15:38:42,863 INFO CHOU.N0000 OK
2026-07-22 15:38:42,936 INFO REEF.N0000 OK
2026-07-22 15:38:43,006 INFO CFI.N0000 OK
2026-07-22 15:38:43,009 INFO DOCK.N0000 OK
2026-07-22 15:38:43,021 INFO COMB.N0000 OK
2026-07-22 15:38:43,087 INFO CIT.N0000 OK
2026-07-22 15:38:43,244 INFO COMB.X0000 OK
2026-07-22 15:38:43,304 INFO COOP.N0000 OK
2026-07-22 15:38:43,307 INFO CLND.N0000 OK
2026-07-22 15:38:43,309 INFO PHAR.N0000 OK
2026-07-22 15:38:43,564 INFO COCR.N0000 OK
2026-07-22 15:38:43,605 INFO COMD.N0000 OK
2026-07-22 15:38:43,610 INFO DFCC.N0000 OK
2026-07-22 15:38:43,652 INFO DPL.N0000 OK
2026-07-22 15:38:43,681 INFO SOY.N0000 OK
2026-07-22 15:38:43,736 INFO DIAL.N0000 OK
2026-07-22 15:38:43,931 INFO CALF.N0000 OK
2026-07-22 15:38:44,018 INFO PKME.N0000 OK
2026-07-22 15:38:44,023 INFO DIMO.N0000 OK
2026-07-22 15:38:44,039 INFO CTEA.N0000 OK
2026-07-22 15:38:44,215 INFO DIPD.N0000 OK
2026-07-22 15:38:44,263 INFO DIST.N0000 OK
2026-07-22 15:38:44,292 INFO ECL.N0000 OK
2026-07-22 15:38:44,363 INFO STAF.N0000 OK
2026-07-22 15:38:44,369 INFO EML.N0000 OK
2026-07-22 15:38:44,448 INFO EBCR.N0000 OK
2026-07-22 15:38:44,570 INFO EAST.N0000 OK
2026-07-22 15:38:44,581 INFO EDEN.N0000 OK
2026-07-22 15:38:44,663 INFO EMER.N0000 OK
2026-07-22 15:38:44,705 INFO ELPL.N0000 OK
2026-07-22 15:38:44,818 INFO PACK.N0000 OK
2026-07-22 15:38:44,890 INFO ETWO.N0000 OK
2026-07-22 15:38:44,934 INFO EXT.N0000 OK
2026-07-22 15:38:45,014 INFO CFVF.N0000 OK
2026-07-22 15:38:45,033 INFO FCT.N0000 OK
2026-07-22 15:38:45,084 INFO GHLL.N0000 OK
2026-07-22 15:38:45,209 INFO MEL.N0000 OK
2026-07-22 15:38:45,221 INFO GEST.N0000 OK
2026-07-22 15:38:45,245 INFO WAPO.N0000 OK
2026-07-22 15:38:45,339 INFO HAPU.N0000 OK
2026-07-22 15:38:45,462 INFO HARI.N0000 OK
2026-07-22 15:38:45,522 INFO HNB.N0000 OK
2026-07-22 15:38:45,525 INFO HNB.X0000 OK
2026-07-22 15:38:45,650 INFO HPL.N0000 OK
2026-07-22 15:38:45,668 INFO HAYC.N0000 OK
2026-07-22 15:38:45,735 INFO MGT.N0000 OK
2026-07-22 15:38:45,858 INFO CONN.N0000 OK
2026-07-22 15:38:45,869 INFO HAYL.N0000 OK
2026-07-22 15:38:45,890 INFO HELA.N0000 OK
2026-07-22 15:38:45,954 INFO HEXP.N0000 OK
2026-07-22 15:38:46,127 INFO HHL.N0000 OK
2026-07-22 15:38:46,163 INFO CITH.N0000 OK
2026-07-22 15:38:46,187 INFO HASU.N0000 OK
2026-07-22 15:38:46,254 INFO HNBF.N0000 OK
2026-07-22 15:38:46,297 INFO HNBF.X0000 OK
2026-07-22 15:38:46,339 INFO HOPL.N0000 OK
2026-07-22 15:38:46,460 INFO HSIG.N0000 OK
2026-07-22 15:38:46,502 INFO HDFC.N0000 OK
2026-07-22 15:38:46,544 INFO HBS.N0000 OK
2026-07-22 15:38:46,558 INFO HUNA.N0000 OK
2026-07-22 15:38:46,732 INFO HUNT.N0000 OK
2026-07-22 15:38:46,781 INFO HVA.N0000 OK
2026-07-22 15:38:46,815 INFO ASPH.N0000 OK
2026-07-22 15:38:46,887 INFO JINS.N0000 OK
2026-07-22 15:38:46,930 INFO INME.N0000 OK
2026-07-22 15:38:46,933 INFO BFN.N0000 OK
2026-07-22 15:38:47,082 INFO JAT.N0000 OK
2026-07-22 15:38:47,156 INFO JETS.N0000 OK
2026-07-22 15:38:47,169 INFO JFP.N0000 OK
2026-07-22 15:38:47,190 INFO JKH.N0000 OK
2026-07-22 15:38:47,370 INFO KHL.N0000 OK
2026-07-22 15:38:47,384 INFO JKL.N0000 OK
2026-07-22 15:38:47,420 INFO KAHA.N0000 OK
2026-07-22 15:38:47,495 INFO KPHL.N0000 OK
2026-07-22 15:38:47,579 INFO KFP.N0000 OK
2026-07-22 15:38:47,606 INFO KGAL.N0000 OK
2026-07-22 15:38:47,707 INFO KCAB.N0000 OK
2026-07-22 15:38:47,740 INFO KDL.N0000 OK
2026-07-22 15:38:47,766 INFO TYRE.N0000 OK
2026-07-22 15:38:47,801 INFO KVAL.N0000 OK
2026-07-22 15:38:47,950 INFO KOTA.N0000 OK
2026-07-22 15:38:47,997 INFO CPRT.N0000 OK
2026-07-22 15:38:48,028 INFO LAMB.N0000 OK
2026-07-22 15:38:48,103 INFO LOLC.N0000 OK
2026-07-22 15:38:48,186 INFO LVEF.N0000 OK
2026-07-22 15:38:48,244 INFO LPRT.N0000 OK
2026-07-22 15:38:48,354 INFO LALU.N0000 OK
2026-07-22 15:38:48,387 INFO ASHO.N0000 OK
2026-07-22 15:38:48,429 INFO LCBF.N0000 OK
2026-07-22 15:38:48,495 INFO CERA.N0000 OK
2026-07-22 15:38:48,587 INFO LIOC.N0000 OK
2026-07-22 15:38:48,645 INFO LMF.N0000 OK
2026-07-22 15:38:48,736 INFO TILE.N0000 OK
2026-07-22 15:38:48,739 INFO ASCO.N0000 OK
2026-07-22 15:38:48,804 INFO LVEN.N0000 OK
2026-07-22 15:38:48,865 INFO LWL.N0000 OK
2026-07-22 15:38:48,987 INFO LCEY.N0000 OK
2026-07-22 15:38:49,074 INFO LDEV.N0000 OK
2026-07-22 15:38:49,130 INFO LGL.X0000 OK
2026-07-22 15:38:49,145 INFO LGL.N0000 OK
2026-07-22 15:38:49,232 INFO LPL.N0000 OK
2026-07-22 15:38:49,268 INFO LPL.X0000 OK
2026-07-22 15:38:49,292 INFO LFIN.N0000 OK
2026-07-22 15:38:49,376 INFO LITE.N0000 OK
2026-07-22 15:38:49,417 INFO SHAW.N0000 OK
2026-07-22 15:38:49,473 INFO LION.N0000 OK
2026-07-22 15:38:49,603 INFO LOFC.N0000 OK
2026-07-22 15:38:49,717 INFO LGIL.N0000 OK
2026-07-22 15:38:49,753 INFO HPFL.N0000 OK
2026-07-22 15:38:49,770 INFO LUMX.N0000 OK
2026-07-22 15:38:49,868 INFO MADU.N0000 OK
2026-07-22 15:38:49,933 INFO MCPL.N0000 OK
2026-07-22 15:38:49,936 INFO MFPE.N0000 OK
2026-07-22 15:38:49,978 INFO MRH.N0000 OK
2026-07-22 15:38:50,027 INFO MAL.N0000 OK
2026-07-22 15:38:50,058 INFO MAL.X0000 OK
2026-07-22 15:38:50,376 INFO MASK.N0000 OK
2026-07-22 15:38:50,395 INFO MARA.N0000 OK
2026-07-22 15:38:50,401 INFO MERC.N0000 OK
2026-07-22 15:38:50,411 INFO MELS.N0000 OK
2026-07-22 15:38:50,468 INFO MSL.N0000 OK
2026-07-22 15:38:50,607 INFO MBSL.N0000 OK
2026-07-22 15:38:50,626 INFO MULL.N0000 OK
2026-07-22 15:38:50,643 INFO MDL.N0000 OK
2026-07-22 15:38:50,686 INFO NAMU.N0000 OK
2026-07-22 15:38:50,846 INFO MHDL.N0000 OK
2026-07-22 15:38:50,923 INFO CSF.N0000 OK
2026-07-22 15:38:51,045 INFO NDB.N0000 OK
2026-07-22 15:38:51,047 INFO NTB.N0000 OK
2026-07-22 15:38:51,053 INFO NTB.X0000 OK
2026-07-22 15:38:51,101 INFO NHL.N0000 OK
2026-07-22 15:38:51,219 INFO ODEL.N0000 OK
2026-07-22 15:38:51,255 INFO OFEQ.N0000 OK
2026-07-22 15:38:51,289 INFO ONAL.N0000 OK
2026-07-22 15:38:51,324 INFO OSEA.N0000 OK
2026-07-22 15:38:51,474 INFO PALM.N0000 OK
2026-07-22 15:38:51,556 INFO PABC.N0000 OK
2026-07-22 15:38:51,687 INFO PEG.N0000 OK
2026-07-22 15:38:51,722 INFO PAP.N0000 OK
2026-07-22 15:38:51,736 INFO PARA.N0000 OK
2026-07-22 15:38:51,759 INFO PLC.N0000 OK
2026-07-22 15:38:51,797 INFO GLAS.N0000 OK
2026-07-22 15:38:51,823 INFO PINS.N0000 OK
2026-07-22 15:38:51,925 INFO PMB.N0000 OK
2026-07-22 15:38:51,941 INFO PLR.N0000 OK
2026-07-22 15:38:52,087 INFO CARE.N0000 OK
2026-07-22 15:38:52,172 INFO RIL.N0000 OK
2026-07-22 15:38:52,295 INFO RGEM.N0000 OK
2026-07-22 15:38:52,362 INFO RWSL.N0000 OK
2026-07-22 15:38:52,392 INFO RFL.N0000 OK
2026-07-22 15:38:52,392 INFO RAL.N0000 OK
2026-07-22 15:38:52,432 INFO RENU.N0000 OK
2026-07-22 15:38:52,461 INFO COCO.N0000 OK
2026-07-22 15:38:52,530 INFO COCO.X0000 OK
2026-07-22 15:38:52,548 INFO RHL.N0000 OK
2026-07-22 15:38:52,699 INFO RHL.X0000 OK
2026-07-22 15:38:52,801 INFO RCH.N0000 OK
2026-07-22 15:38:52,903 INFO HPWR.N0000 OK
2026-07-22 15:38:52,981 INFO RICH.N0000 OK
2026-07-22 15:38:53,035 INFO RCL.N0000 OK
2026-07-22 15:38:53,039 INFO REXP.N0000 OK
2026-07-22 15:38:53,049 INFO RPBH.N0000 OK
2026-07-22 15:38:53,093 INFO SAMP.N0000 OK
2026-07-22 15:38:53,135 INFO SIL.N0000 OK
2026-07-22 15:38:53,175 INFO SDB.N0000 OK
2026-07-22 15:38:53,327 INFO SDF.N0000 OK
2026-07-22 15:38:53,444 INFO SMOT.N0000 OK
2026-07-22 15:38:53,510 INFO SFCL.N0000 OK
2026-07-22 15:38:53,665 INFO SHOT.N0000 OK
2026-07-22 15:38:53,705 INFO SEYB.N0000 OK
2026-07-22 15:38:53,708 INFO SLND.N0000 OK
2026-07-22 15:38:53,725 INFO SHOT.X0000 OK
2026-07-22 15:38:53,753 INFO SEYB.X0000 OK
2026-07-22 15:38:53,768 INFO CSD.N0000 OK
2026-07-22 15:38:53,788 INFO SIRA.N0000 OK
2026-07-22 15:38:53,946 INFO SIGV.N0000 OK
2026-07-22 15:38:54,141 INFO SFIN.N0000 OK
2026-07-22 15:38:54,172 INFO SINS.N0000 OK
2026-07-22 15:38:54,267 INFO SINH.N0000 OK
2026-07-22 15:38:54,351 INFO SEMB.N0000 OK
2026-07-22 15:38:54,364 INFO SCAP.N0000 OK
2026-07-22 15:38:54,378 INFO SEMB.X0000 OK
2026-07-22 15:38:54,383 INFO CRL.N0000 OK
2026-07-22 15:38:54,411 INFO SHL.N0000 OK
2026-07-22 15:38:54,420 INFO AAIC.N0000 OK
2026-07-22 15:38:54,495 INFO SLTL.N0000 OK
2026-07-22 15:38:54,699 INFO SING.N0000 OK
2026-07-22 15:38:54,798 INFO SUN.N0000 OK
2026-07-22 15:38:54,901 INFO SWAD.N0000 OK
2026-07-22 15:38:55,015 INFO PARQ.N0000 OK
2026-07-22 15:38:55,020 INFO TANG.N0000 OK
2026-07-22 15:38:55,027 INFO TAJ.N0000 OK
2026-07-22 15:38:55,065 INFO TPL.N0000 OK
2026-07-22 15:38:55,068 INFO TSML.N0000 OK
2026-07-22 15:38:55,070 INFO TJL.N0000 OK
2026-07-22 15:38:55,116 INFO TESS.N0000 OK
2026-07-22 15:38:55,344 INFO TESS.X0000 OK
2026-07-22 15:38:55,399 INFO LHL.N0000 OK
2026-07-22 15:38:55,529 INFO AUTO.N0000 OK
2026-07-22 15:38:55,643 INFO RHTL.N0000 OK
2026-07-22 15:38:55,666 INFO CFLB.N0000 OK
2026-07-22 15:38:55,677 INFO KHC.N0000 OK
2026-07-22 15:38:55,710 INFO SERV.N0000 OK
2026-07-22 15:38:55,734 INFO TAFL.N0000 OK
2026-07-22 15:38:55,737 INFO LHCL.N0000 OK
2026-07-22 15:38:55,761 INFO NEH.N0000 OK
2026-07-22 15:38:55,907 INFO TKYO.N0000 OK
2026-07-22 15:38:56,048 INFO TKYO.X0000 OK
2026-07-22 15:38:56,155 INFO TRAN.N0000 OK
2026-07-22 15:38:56,218 INFO UDPL.N0000 OK
2026-07-22 15:38:56,333 INFO UAL.N0000 OK
2026-07-22 15:38:56,339 INFO UBF.N0000 OK
2026-07-22 15:38:56,361 INFO UBC.N0000 OK
2026-07-22 15:38:56,391 INFO UCAR.N0000 OK
2026-07-22 15:38:56,417 INFO VFIN.N0000 OK
2026-07-22 15:38:56,419 INFO UML.N0000 OK
2026-07-22 15:38:56,455 INFO VONE.N0000 OK
2026-07-22 15:38:56,682 INFO VPEL.N0000 OK
2026-07-22 15:38:56,769 INFO VLL.N0000 OK
2026-07-22 15:38:56,852 INFO VLL.X0000 OK
2026-07-22 15:38:56,968 INFO CITW.N0000 OK
2026-07-22 15:38:56,998 INFO WIND.N0000 OK
2026-07-22 15:38:56,999 INFO WATA.N0000 OK
2026-07-22 15:38:57,022 INFO YORK.N0000 OK
2026-07-22 15:38:57,056 INFO JXG.N0000 OK
2026-07-22 15:38:57,075 INFO WLTH.N0000 OK
2026-07-22 15:38:57,092 INFO Wrote 302 rows to /home/runner/work/cse-scraper/cse-scraper/data/2026-07-22/all_company_info_2026-07-22.csv
2026-07-22 15:38:57,092 INFO Symbols: 302, success: 302, failures: 0
