2026-05-27 17:17:30,757 INFO Saved: data/2026-05-27/tradeSummary_2026-05-27.json
2026-05-27 17:17:32,260 INFO Saved: data/2026-05-27/todaySharePrice_2026-05-27.json
2026-05-27 17:17:33,259 INFO Saved: data/2026-05-27/topGainers_2026-05-27.json
2026-05-27 17:17:34,612 INFO Saved: data/2026-05-27/topLooses_2026-05-27.json
2026-05-27 17:17:35,652 INFO Saved: data/2026-05-27/mostActiveTrades_2026-05-27.json
2026-05-27 17:17:36,403 INFO Saved: data/2026-05-27/marketSummery_2026-05-27.json
2026-05-27 17:17:37,130 INFO Saved: data/2026-05-27/aspiData_2026-05-27.json
2026-05-27 17:17:38,167 INFO Saved: data/2026-05-27/snpData_2026-05-27.json
2026-05-27 17:17:38,913 INFO Saved: data/2026-05-27/allSectors_2026-05-27.json
2026-05-27 17:17:40,517 INFO Saved: data/2026-05-27/detailedTrades_2026-05-27.json
2026-05-27 17:17:43,044 INFO Saved: data/2026-05-27/dailyMarketSummery_2026-05-27.json
2026-05-27 17:17:43,865 INFO Saved: data/2026-05-27/getContributors_2026-05-27.json
2026-05-27 17:17:45,109 INFO Saved: data/2026-05-27/getContributorsChart_2026-05-27.json
2026-05-27 17:17:45,109 INFO Saved 13 files (0 errors)
2026-05-27 17:17:46,961 INFO AGST.N0000 OK
2026-05-27 17:17:46,972 INFO AEL.N0000 OK
2026-05-27 17:17:46,979 INFO AGST.X0000 OK
2026-05-27 17:17:46,983 INFO ACL.N0000 OK
2026-05-27 17:17:47,016 INFO APLA.N0000 OK
2026-05-27 17:17:47,027 INFO AGPL.N0000 OK
2026-05-27 17:17:47,027 INFO ABAN.N0000 OK
2026-05-27 17:17:47,032 INFO ACME.N0000 OK
2026-05-27 17:17:47,042 INFO AGAL.N0000 OK
2026-05-27 17:17:47,060 INFO AFSL.N0000 OK
2026-05-27 17:17:47,705 INFO AHUN.N0000 OK
2026-05-27 17:17:48,105 INFO ABL.N0000 OK
2026-05-27 17:17:48,124 INFO ALUM.N0000 OK
2026-05-27 17:17:48,218 INFO TAP.N0000 OK
2026-05-27 17:17:48,276 INFO ATLL.N0000 OK
2026-05-27 17:17:48,277 INFO GREG.N0000 OK
2026-05-27 17:17:48,278 INFO ALLI.N0000 OK
2026-05-27 17:17:48,301 INFO SPEN.N0000 OK
2026-05-27 17:17:48,322 INFO ATL.N0000 OK
2026-05-27 17:17:48,363 INFO AFS.N0000 OK
2026-05-27 17:17:48,763 INFO AMCL.N0000 OK
2026-05-27 17:17:49,417 INFO AMF.N0000 OK
2026-05-27 17:17:49,461 INFO ASIY.N0000 OK
2026-05-27 17:17:49,474 INFO AHPL.N0000 OK
2026-05-27 17:17:49,481 INFO ASIR.N0000 OK
2026-05-27 17:17:49,498 INFO AMSL.N0000 OK
2026-05-27 17:17:49,500 INFO AAF.N0000 OK
2026-05-27 17:17:49,507 INFO ACAP.N0000 OK
2026-05-27 17:17:49,514 INFO ALHP.N0000 OK
2026-05-27 17:17:49,557 INFO AINS.N0000 OK
2026-05-27 17:17:49,822 INFO BPPL.N0000 OK
2026-05-27 17:17:50,221 INFO BFL.N0000 OK
2026-05-27 17:17:50,699 INFO BLI.N0000 OK
2026-05-27 17:17:50,702 INFO BLUE.X0000 OK
2026-05-27 17:17:50,703 INFO BLUE.N0000 OK
2026-05-27 17:17:50,734 INFO BRR.N0000 OK
2026-05-27 17:17:50,746 INFO BERU.N0000 OK
2026-05-27 17:17:50,760 INFO BRWN.N0000 OK
2026-05-27 17:17:50,778 INFO BOPL.N0000 OK
2026-05-27 17:17:50,785 INFO BALA.N0000 OK
2026-05-27 17:17:50,807 INFO BOGA.N0000 OK
2026-05-27 17:17:50,963 INFO BIL.N0000 OK
2026-05-27 17:17:51,533 INFO BUKI.N0000 OK
2026-05-27 17:17:51,553 INFO CIC.N0000 OK
2026-05-27 17:17:51,560 INFO CIC.X0000 OK
2026-05-27 17:17:52,150 INFO CALT.N0000 OK
2026-05-27 17:17:52,151 INFO CTHR.N0000 OK
2026-05-27 17:17:52,189 INFO CTLD.N0000 OK
2026-05-27 17:17:52,195 INFO CALH.N0000 OK
2026-05-27 17:17:52,198 INFO COLO.N0000 OK
2026-05-27 17:17:52,209 INFO CWM.N0000 OK
2026-05-27 17:17:52,221 INFO CSLK.N0000 OK
2026-05-27 17:17:52,715 INFO CABO.N0000 OK
2026-05-27 17:17:52,739 INFO CBNK.N0000 OK
2026-05-27 17:17:52,747 INFO CARG.N0000 OK
2026-05-27 17:17:53,447 INFO BREW.N0000 OK
2026-05-27 17:17:53,564 INFO CINS.N0000 OK
2026-05-27 17:17:53,578 INFO CIND.N0000 OK
2026-05-27 17:17:53,604 INFO CFIN.N0000 OK
2026-05-27 17:17:53,614 INFO GRAN.N0000 OK
2026-05-27 17:17:53,634 INFO CINS.X0000 OK
2026-05-27 17:17:53,637 INFO CCS.N0000 OK
2026-05-27 17:17:53,641 INFO CARS.N0000 OK
2026-05-27 17:17:53,918 INFO GUAR.N0000 OK
2026-05-27 17:17:53,929 INFO CHL.N0000 OK
2026-05-27 17:17:54,220 INFO CHL.X0000 OK
2026-05-27 17:17:54,672 INFO CTBL.N0000 OK
2026-05-27 17:17:54,681 INFO LLUB.N0000 OK
2026-05-27 17:17:54,731 INFO CHMX.N0000 OK
2026-05-27 17:17:54,751 INFO KZOO.N0000 OK
2026-05-27 17:17:54,760 INFO CINV.N0000 OK
2026-05-27 17:17:54,769 INFO CHOT.N0000 OK
2026-05-27 17:17:54,783 INFO CTC.N0000 OK
2026-05-27 17:17:54,799 INFO CWL.N0000 OK
2026-05-27 17:17:55,238 INFO CDB.N0000 OK
2026-05-27 17:17:55,244 INFO CDB.X0000 OK
2026-05-27 17:17:55,520 INFO REEF.N0000 OK
2026-05-27 17:17:55,958 INFO CHOU.N0000 OK
2026-05-27 17:17:56,001 INFO COOP.N0000 OK
2026-05-27 17:17:56,055 INFO DOCK.N0000 OK
2026-05-27 17:17:56,059 INFO PHAR.N0000 OK
2026-05-27 17:17:56,062 INFO CLND.N0000 OK
2026-05-27 17:17:56,099 INFO CFI.N0000 OK
2026-05-27 17:17:56,102 INFO COMB.N0000 OK
2026-05-27 17:17:56,109 INFO CIT.N0000 OK
2026-05-27 17:17:56,115 INFO COMB.X0000 OK
2026-05-27 17:17:56,313 INFO COCR.N0000 OK
2026-05-27 17:17:56,784 INFO COMD.N0000 OK
2026-05-27 17:17:57,149 INFO DIPD.N0000 OK
2026-05-27 17:17:57,250 INFO SOY.N0000 OK
2026-05-27 17:17:57,269 INFO DFCC.N0000 OK
2026-05-27 17:17:57,334 INFO DPL.N0000 OK
2026-05-27 17:17:57,338 INFO DIMO.N0000 OK
2026-05-27 17:17:57,343 INFO DIAL.N0000 OK
2026-05-27 17:17:57,346 INFO CTEA.N0000 OK
2026-05-27 17:17:57,353 INFO PKME.N0000 OK
2026-05-27 17:17:57,355 INFO CALF.N0000 OK
2026-05-27 17:17:57,686 INFO DIST.N0000 OK
2026-05-27 17:17:57,956 INFO STAF.N0000 OK
2026-05-27 17:17:58,179 INFO EBCR.N0000 OK
2026-05-27 17:17:58,207 INFO ECL.N0000 OK
2026-05-27 17:17:58,227 INFO EML.N0000 OK
2026-05-27 17:17:58,576 INFO EMER.N0000 OK
2026-05-27 17:17:58,636 INFO PACK.N0000 OK
2026-05-27 17:17:58,652 INFO EAST.N0000 OK
2026-05-27 17:17:58,658 INFO ELPL.N0000 OK
2026-05-27 17:17:58,677 INFO EDEN.N0000 OK
2026-05-27 17:17:58,699 INFO ETWO.N0000 OK
2026-05-27 17:17:58,764 INFO EXT.N0000 OK
2026-05-27 17:17:58,992 INFO CFVF.N0000 OK
2026-05-27 17:17:59,014 INFO FCT.N0000 OK
2026-05-27 17:17:59,068 INFO GHLL.N0000 OK
2026-05-27 17:17:59,403 INFO WAPO.N0000 OK
2026-05-27 17:17:59,498 INFO GEST.N0000 OK
2026-05-27 17:17:59,527 INFO HNB.N0000 OK
2026-05-27 17:17:59,529 INFO HAPU.N0000 OK
2026-05-27 17:17:59,536 INFO HARI.N0000 OK
2026-05-27 17:17:59,544 INFO MEL.N0000 OK
2026-05-27 17:17:59,615 INFO HNB.X0000 OK
2026-05-27 17:18:00,214 INFO MGT.N0000 OK
2026-05-27 17:18:00,223 INFO HAYC.N0000 OK
2026-05-27 17:18:00,257 INFO HPL.N0000 OK
2026-05-27 17:18:00,319 INFO HHL.N0000 OK
2026-05-27 17:18:00,323 INFO CITH.N0000 OK
2026-05-27 17:18:00,340 INFO HEXP.N0000 OK
2026-05-27 17:18:00,354 INFO CONN.N0000 OK
2026-05-27 17:18:00,409 INFO HELA.N0000 OK
2026-05-27 17:18:00,431 INFO HASU.N0000 OK
2026-05-27 17:18:00,434 INFO HAYL.N0000 OK
2026-05-27 17:18:01,056 INFO HNBF.N0000 OK
2026-05-27 17:18:01,068 INFO HNBF.X0000 OK
2026-05-27 17:18:01,132 INFO HOPL.N0000 OK
2026-05-27 17:18:01,168 INFO HSIG.N0000 OK
2026-05-27 17:18:01,506 INFO HBS.N0000 OK
2026-05-27 17:18:01,567 INFO HUNA.N0000 OK
2026-05-27 17:18:01,585 INFO ASPH.N0000 OK
2026-05-27 17:18:01,622 INFO HVA.N0000 OK
2026-05-27 17:18:01,632 INFO HDFC.N0000 OK
2026-05-27 17:18:01,644 INFO HUNT.N0000 OK
2026-05-27 17:18:01,886 INFO INME.N0000 OK
2026-05-27 17:18:01,894 INFO BFN.N0000 OK
2026-05-27 17:18:02,291 INFO JAT.N0000 OK
2026-05-27 17:18:02,317 INFO JINS.N0000 OK
2026-05-27 17:18:02,381 INFO JKH.N0000 OK
2026-05-27 17:18:02,438 INFO JFP.N0000 OK
2026-05-27 17:18:02,469 INFO KHL.N0000 OK
2026-05-27 17:18:02,500 INFO JETS.N0000 OK
2026-05-27 17:18:03,556 INFO KDL.N0000 OK
2026-05-27 17:18:03,642 INFO KVAL.N0000 OK
2026-05-27 17:18:03,693 INFO KCAB.N0000 OK
2026-05-27 17:18:03,696 INFO KAHA.N0000 OK
2026-05-27 17:18:03,706 INFO KPHL.N0000 OK
2026-05-27 17:18:03,711 INFO KGAL.N0000 OK
2026-05-27 17:18:03,745 INFO JKL.N0000 OK
2026-05-27 17:18:03,762 INFO KFP.N0000 OK
2026-05-27 17:18:03,763 INFO CPRT.N0000 OK
2026-05-27 17:18:03,780 INFO TYRE.N0000 OK
2026-05-27 17:18:04,415 INFO KOTA.N0000 OK
2026-05-27 17:18:04,487 INFO LAMB.N0000 OK
2026-05-27 17:18:04,546 INFO LOLC.N0000 OK
2026-05-27 17:18:04,848 INFO LPRT.N0000 OK
2026-05-27 17:18:04,910 INFO ASHO.N0000 OK
2026-05-27 17:18:04,972 INFO LCBF.N0000 OK
2026-05-27 17:18:04,977 INFO CERA.N0000 OK
2026-05-27 17:18:04,985 INFO LALU.N0000 OK
2026-05-27 17:18:04,993 INFO LIOC.N0000 OK
2026-05-27 17:18:05,013 INFO LVEF.N0000 OK
2026-05-27 17:18:05,313 INFO LMF.N0000 OK
2026-05-27 17:18:05,384 INFO ASCO.N0000 OK
2026-05-27 17:18:05,452 INFO TILE.N0000 OK
2026-05-27 17:18:05,682 INFO LVEN.N0000 OK
2026-05-27 17:18:05,749 INFO LWL.N0000 OK
2026-05-27 17:18:05,855 INFO LDEV.N0000 OK
2026-05-27 17:18:05,911 INFO LCEY.N0000 OK
2026-05-27 17:18:05,914 INFO LGL.X0000 OK
2026-05-27 17:18:05,971 INFO LPL.N0000 OK
2026-05-27 17:18:05,992 INFO LGL.N0000 OK
2026-05-27 17:18:06,122 INFO LPL.X0000 OK
2026-05-27 17:18:06,229 INFO LITE.N0000 OK
2026-05-27 17:18:06,280 INFO LFIN.N0000 OK
2026-05-27 17:18:06,549 INFO SHAW.N0000 OK
2026-05-27 17:18:06,553 INFO LION.N0000 OK
2026-05-27 17:18:06,738 INFO HPFL.N0000 OK
2026-05-27 17:18:06,744 INFO LOFC.N0000 OK
2026-05-27 17:18:06,768 INFO LGIL.N0000 OK
2026-05-27 17:18:06,809 INFO MADU.N0000 OK
2026-05-27 17:18:06,828 INFO LUMX.N0000 OK
2026-05-27 17:18:06,929 INFO MFPE.N0000 OK
2026-05-27 17:18:07,028 INFO MCPL.N0000 OK
2026-05-27 17:18:07,069 INFO MRH.N0000 OK
2026-05-27 17:18:07,354 INFO MAL.X0000 OK
2026-05-27 17:18:07,413 INFO MAL.N0000 OK
2026-05-27 17:18:07,585 INFO MARA.N0000 OK
2026-05-27 17:18:07,600 INFO MASK.N0000 OK
2026-05-27 17:18:07,615 INFO MELS.N0000 OK
2026-05-27 17:18:07,648 INFO MERC.N0000 OK
2026-05-27 17:18:07,680 INFO MSL.N0000 OK
2026-05-27 17:18:07,746 INFO MBSL.N0000 OK
2026-05-27 17:18:07,834 INFO MHDL.N0000 OK
2026-05-27 17:18:07,902 INFO MULL.N0000 OK
2026-05-27 17:18:08,188 INFO MDL.N0000 OK
2026-05-27 17:18:08,216 INFO NAMU.N0000 OK
2026-05-27 17:18:08,335 INFO CSF.N0000 OK
2026-05-27 17:18:08,410 INFO NDB.N0000 OK
2026-05-27 17:18:08,469 INFO NTB.N0000 OK
2026-05-27 17:18:08,502 INFO NTB.X0000 OK
2026-05-27 17:18:08,507 INFO NHL.N0000 OK
2026-05-27 17:18:08,590 INFO ODEL.N0000 OK
2026-05-27 17:18:08,633 INFO OFEQ.N0000 OK
2026-05-27 17:18:08,726 INFO ONAL.N0000 OK
2026-05-27 17:18:09,028 INFO OSEA.N0000 OK
2026-05-27 17:18:09,032 INFO PALM.N0000 OK
2026-05-27 17:18:09,183 INFO PABC.N0000 OK
2026-05-27 17:18:09,230 INFO PAP.N0000 OK
2026-05-27 17:18:09,299 INFO PARA.N0000 OK
2026-05-27 17:18:09,310 INFO PINS.N0000 OK
2026-05-27 17:18:09,345 INFO PEG.N0000 OK
2026-05-27 17:18:09,438 INFO PLC.N0000 OK
2026-05-27 17:18:09,474 INFO GLAS.N0000 OK
2026-05-27 17:18:09,541 INFO PMB.N0000 OK
2026-05-27 17:18:09,879 INFO PLR.N0000 OK
2026-05-27 17:18:09,883 INFO CARE.N0000 OK
2026-05-27 17:18:10,028 INFO RIL.N0000 OK
2026-05-27 17:18:10,043 INFO RGEM.N0000 OK
2026-05-27 17:18:10,123 INFO RFL.N0000 OK
2026-05-27 17:18:10,137 INFO RWSL.N0000 OK
2026-05-27 17:18:10,174 INFO RAL.N0000 OK
2026-05-27 17:18:10,267 INFO COCO.N0000 OK
2026-05-27 17:18:10,299 INFO RENU.N0000 OK
2026-05-27 17:18:10,340 INFO COCO.X0000 OK
2026-05-27 17:18:10,738 INFO RHL.N0000 OK
2026-05-27 17:18:10,739 INFO RHL.X0000 OK
2026-05-27 17:18:10,860 INFO HPWR.N0000 OK
2026-05-27 17:18:10,860 INFO RCH.N0000 OK
2026-05-27 17:18:10,945 INFO RICH.N0000 OK
2026-05-27 17:18:10,989 INFO REXP.N0000 OK
2026-05-27 17:18:10,997 INFO RCL.N0000 OK
2026-05-27 17:18:11,026 INFO SAMP.N0000 OK
2026-05-27 17:18:11,075 INFO RPBH.N0000 OK
2026-05-27 17:18:11,136 INFO SIL.N0000 OK
2026-05-27 17:18:11,555 INFO SDB.N0000 OK
2026-05-27 17:18:11,603 INFO SDF.N0000 OK
2026-05-27 17:18:11,695 INFO SFCL.N0000 OK
2026-05-27 17:18:11,718 INFO SMOT.N0000 OK
2026-05-27 17:18:11,756 INFO SHOT.N0000 OK
2026-05-27 17:18:11,820 INFO SHOT.X0000 OK
2026-05-27 17:18:11,851 INFO SEYB.N0000 OK
2026-05-27 17:18:11,855 INFO SLND.N0000 OK
2026-05-27 17:18:11,881 INFO SEYB.X0000 OK
2026-05-27 17:18:11,979 INFO CSD.N0000 OK
2026-05-27 17:18:12,411 INFO SIRA.N0000 OK
2026-05-27 17:18:12,447 INFO SIGV.N0000 OK
2026-05-27 17:18:12,513 INFO SINS.N0000 OK
2026-05-27 17:18:12,546 INFO SFIN.N0000 OK
2026-05-27 17:18:12,602 INFO SINH.N0000 OK
2026-05-27 17:18:12,611 INFO SEMB.N0000 OK
2026-05-27 17:18:12,691 INFO SEMB.X0000 OK
2026-05-27 17:18:12,701 INFO CRL.N0000 OK
2026-05-27 17:18:12,709 INFO SCAP.N0000 OK
2026-05-27 17:18:12,800 INFO SHL.N0000 OK
2026-05-27 17:18:13,229 INFO AAIC.N0000 OK
2026-05-27 17:18:13,232 INFO SING.N0000 OK
2026-05-27 17:18:13,299 INFO SLTL.N0000 OK
2026-05-27 17:18:13,367 INFO SUN.N0000 OK
2026-05-27 17:18:13,439 INFO PARQ.N0000 OK
2026-05-27 17:18:13,442 INFO SWAD.N0000 OK
2026-05-27 17:18:13,529 INFO TAJ.N0000 OK
2026-05-27 17:18:13,558 INFO TANG.N0000 OK
2026-05-27 17:18:13,564 INFO TPL.N0000 OK
2026-05-27 17:18:13,611 INFO TSML.N0000 OK
2026-05-27 17:18:14,074 INFO TJL.N0000 OK
2026-05-27 17:18:14,078 INFO TESS.N0000 OK
2026-05-27 17:18:14,124 INFO TESS.X0000 OK
2026-05-27 17:18:14,182 INFO LHL.N0000 OK
2026-05-27 17:18:14,237 INFO AUTO.N0000 OK
2026-05-27 17:18:14,242 INFO CFLB.N0000 OK
2026-05-27 17:18:14,342 INFO RHTL.N0000 OK
2026-05-27 17:18:14,405 INFO KHC.N0000 OK
2026-05-27 17:18:14,415 INFO SERV.N0000 OK
2026-05-27 17:18:14,431 INFO LHCL.N0000 OK
2026-05-27 17:18:14,902 INFO TAFL.N0000 OK
2026-05-27 17:18:14,936 INFO NEH.N0000 OK
2026-05-27 17:18:14,940 INFO TKYO.N0000 OK
2026-05-27 17:18:15,014 INFO TKYO.X0000 OK
2026-05-27 17:18:15,025 INFO TRAN.N0000 OK
2026-05-27 17:18:15,051 INFO UBF.N0000 OK
2026-05-27 17:18:15,142 INFO UDPL.N0000 OK
2026-05-27 17:18:15,222 INFO UBC.N0000 OK
2026-05-27 17:18:15,229 INFO UAL.N0000 OK
2026-05-27 17:18:15,254 INFO UCAR.N0000 OK
2026-05-27 17:18:15,733 INFO UML.N0000 OK
2026-05-27 17:18:15,756 INFO VFIN.N0000 OK
2026-05-27 17:18:15,765 INFO VONE.N0000 OK
2026-05-27 17:18:15,821 INFO VPEL.N0000 OK
2026-05-27 17:18:15,828 INFO VLL.N0000 OK
2026-05-27 17:18:15,849 INFO VLL.X0000 OK
2026-05-27 17:18:15,951 INFO CITW.N0000 OK
2026-05-27 17:18:16,017 INFO WIND.N0000 OK
2026-05-27 17:18:16,047 INFO YORK.N0000 OK
2026-05-27 17:18:16,049 INFO WATA.N0000 OK
2026-05-27 17:18:16,547 INFO JXG.N0000 OK
2026-05-27 17:18:16,553 INFO WLTH.N0000 OK
2026-05-27 17:18:16,571 INFO Wrote 302 rows to /home/runner/work/cse-scraper/cse-scraper/data/2026-05-27/all_company_info_2026-05-27.csv
2026-05-27 17:18:16,571 INFO Symbols: 302, success: 302, failures: 0
