2026-07-16 15:36:55,487 INFO Saved: data/2026-07-16/tradeSummary_2026-07-16.json
2026-07-16 15:36:56,453 INFO Saved: data/2026-07-16/todaySharePrice_2026-07-16.json
2026-07-16 15:36:57,408 INFO Saved: data/2026-07-16/topGainers_2026-07-16.json
2026-07-16 15:36:58,445 INFO Saved: data/2026-07-16/topLooses_2026-07-16.json
2026-07-16 15:36:59,382 INFO Saved: data/2026-07-16/mostActiveTrades_2026-07-16.json
2026-07-16 15:37:00,064 INFO Saved: data/2026-07-16/marketSummery_2026-07-16.json
2026-07-16 15:37:00,755 INFO Saved: data/2026-07-16/aspiData_2026-07-16.json
2026-07-16 15:37:01,903 INFO Saved: data/2026-07-16/snpData_2026-07-16.json
2026-07-16 15:37:02,699 INFO Saved: data/2026-07-16/allSectors_2026-07-16.json
2026-07-16 15:37:03,697 INFO Saved: data/2026-07-16/detailedTrades_2026-07-16.json
2026-07-16 15:37:07,085 INFO Saved: data/2026-07-16/dailyMarketSummery_2026-07-16.json
2026-07-16 15:37:08,091 INFO Saved: data/2026-07-16/getContributors_2026-07-16.json
2026-07-16 15:37:09,071 INFO Saved: data/2026-07-16/getContributorsChart_2026-07-16.json
2026-07-16 15:37:09,071 INFO Saved 13 files (0 errors)
2026-07-16 15:37:10,546 INFO AGST.N0000 OK
2026-07-16 15:37:10,553 INFO AFSL.N0000 OK
2026-07-16 15:37:10,561 INFO ACL.N0000 OK
2026-07-16 15:37:10,567 INFO ABAN.N0000 OK
2026-07-16 15:37:10,570 INFO APLA.N0000 OK
2026-07-16 15:37:10,672 INFO AGST.X0000 OK
2026-07-16 15:37:10,673 INFO AGPL.N0000 OK
2026-07-16 15:37:10,682 INFO ACME.N0000 OK
2026-07-16 15:37:10,707 INFO AEL.N0000 OK
2026-07-16 15:37:10,712 INFO AGAL.N0000 OK
2026-07-16 15:37:11,313 INFO SPEN.N0000 OK
2026-07-16 15:37:11,318 INFO AHUN.N0000 OK
2026-07-16 15:37:12,014 INFO ATLL.N0000 OK
2026-07-16 15:37:12,075 INFO ALUM.N0000 OK
2026-07-16 15:37:12,097 INFO AMCL.N0000 OK
2026-07-16 15:37:12,101 INFO GREG.N0000 OK
2026-07-16 15:37:12,106 INFO ALLI.N0000 OK
2026-07-16 15:37:12,119 INFO ALHP.N0000 OK
2026-07-16 15:37:12,119 INFO TAP.N0000 OK
2026-07-16 15:37:12,139 INFO ABL.N0000 OK
2026-07-16 15:37:12,139 INFO AFS.N0000 OK
2026-07-16 15:37:12,202 INFO ATL.N0000 OK
2026-07-16 15:37:13,022 INFO ACAP.N0000 OK
2026-07-16 15:37:13,054 INFO AMSL.N0000 OK
2026-07-16 15:37:13,142 INFO AHPL.N0000 OK
2026-07-16 15:37:13,182 INFO AAF.N0000 OK
2026-07-16 15:37:13,198 INFO AMF.N0000 OK
2026-07-16 15:37:13,228 INFO BPPL.N0000 OK
2026-07-16 15:37:13,228 INFO ASIR.N0000 OK
2026-07-16 15:37:13,233 INFO ASIY.N0000 OK
2026-07-16 15:37:13,276 INFO BFL.N0000 OK
2026-07-16 15:37:13,288 INFO AINS.N0000 OK
2026-07-16 15:37:13,700 INFO BALA.N0000 OK
2026-07-16 15:37:13,808 INFO BRR.N0000 OK
2026-07-16 15:37:13,872 INFO BLI.N0000 OK
2026-07-16 15:37:13,905 INFO BLUE.X0000 OK
2026-07-16 15:37:13,946 INFO BERU.N0000 OK
2026-07-16 15:37:13,954 INFO BOPL.N0000 OK
2026-07-16 15:37:13,959 INFO BLUE.N0000 OK
2026-07-16 15:37:13,974 INFO BOGA.N0000 OK
2026-07-16 15:37:13,986 INFO BRWN.N0000 OK
2026-07-16 15:37:13,989 INFO BIL.N0000 OK
2026-07-16 15:37:14,447 INFO BUKI.N0000 OK
2026-07-16 15:37:14,494 INFO CIC.N0000 OK
2026-07-16 15:37:14,920 INFO CIC.X0000 OK
2026-07-16 15:37:14,940 INFO CTLD.N0000 OK
2026-07-16 15:37:15,012 INFO CWM.N0000 OK
2026-07-16 15:37:15,024 INFO CALH.N0000 OK
2026-07-16 15:37:15,027 INFO CALT.N0000 OK
2026-07-16 15:37:15,034 INFO CSLK.N0000 OK
2026-07-16 15:37:15,037 INFO CTHR.N0000 OK
2026-07-16 15:37:15,100 INFO COLO.N0000 OK
2026-07-16 15:37:15,201 INFO CARG.N0000 OK
2026-07-16 15:37:15,313 INFO CBNK.N0000 OK
2026-07-16 15:37:15,615 INFO CARS.N0000 OK
2026-07-16 15:37:15,677 INFO CABO.N0000 OK
2026-07-16 15:37:15,690 INFO CFIN.N0000 OK
2026-07-16 15:37:15,821 INFO CIND.N0000 OK
2026-07-16 15:37:15,827 INFO BREW.N0000 OK
2026-07-16 15:37:15,849 INFO CINS.X0000 OK
2026-07-16 15:37:15,852 INFO CINS.N0000 OK
2026-07-16 15:37:15,874 INFO CCS.N0000 OK
2026-07-16 15:37:15,945 INFO GRAN.N0000 OK
2026-07-16 15:37:16,136 INFO GUAR.N0000 OK
2026-07-16 15:37:16,299 INFO CHL.N0000 OK
2026-07-16 15:37:16,365 INFO CHL.X0000 OK
2026-07-16 15:37:16,460 INFO CHOT.N0000 OK
2026-07-16 15:37:16,487 INFO CINV.N0000 OK
2026-07-16 15:37:16,756 INFO KZOO.N0000 OK
2026-07-16 15:37:17,402 INFO CDB.X0000 OK
2026-07-16 15:37:17,405 INFO REEF.N0000 OK
2026-07-16 15:37:17,460 INFO COOP.N0000 OK
2026-07-16 15:37:17,466 INFO CHOU.N0000 OK
2026-07-16 15:37:17,532 INFO CDB.N0000 OK
2026-07-16 15:37:17,546 INFO LLUB.N0000 OK
2026-07-16 15:37:17,547 INFO CWL.N0000 OK
2026-07-16 15:37:17,552 INFO CTBL.N0000 OK
2026-07-16 15:37:17,555 INFO CHMX.N0000 OK
2026-07-16 15:37:17,566 INFO CTC.N0000 OK
2026-07-16 15:37:18,129 INFO PHAR.N0000 OK
2026-07-16 15:37:18,164 INFO CIT.N0000 OK
2026-07-16 15:37:18,179 INFO DOCK.N0000 OK
2026-07-16 15:37:18,217 INFO CFI.N0000 OK
2026-07-16 15:37:18,248 INFO CLND.N0000 OK
2026-07-16 15:37:18,276 INFO COMB.N0000 OK
2026-07-16 15:37:18,284 INFO COMD.N0000 OK
2026-07-16 15:37:18,288 INFO COCR.N0000 OK
2026-07-16 15:37:18,350 INFO COMB.X0000 OK
2026-07-16 15:37:18,421 INFO SOY.N0000 OK
2026-07-16 15:37:18,847 INFO DIAL.N0000 OK
2026-07-16 15:37:18,850 INFO DPL.N0000 OK
2026-07-16 15:37:18,884 INFO DFCC.N0000 OK
2026-07-16 15:37:18,919 INFO DIMO.N0000 OK
2026-07-16 15:37:18,955 INFO CALF.N0000 OK
2026-07-16 15:37:18,989 INFO CTEA.N0000 OK
2026-07-16 15:37:19,020 INFO DIST.N0000 OK
2026-07-16 15:37:19,043 INFO PKME.N0000 OK
2026-07-16 15:37:19,046 INFO DIPD.N0000 OK
2026-07-16 15:37:19,086 INFO STAF.N0000 OK
2026-07-16 15:37:19,577 INFO ECL.N0000 OK
2026-07-16 15:37:19,666 INFO EAST.N0000 OK
2026-07-16 15:37:19,675 INFO EBCR.N0000 OK
2026-07-16 15:37:19,678 INFO EMER.N0000 OK
2026-07-16 15:37:19,682 INFO EDEN.N0000 OK
2026-07-16 15:37:19,694 INFO EML.N0000 OK
2026-07-16 15:37:19,743 INFO ELPL.N0000 OK
2026-07-16 15:37:19,777 INFO EXT.N0000 OK
2026-07-16 15:37:19,792 INFO PACK.N0000 OK
2026-07-16 15:37:19,851 INFO ETWO.N0000 OK
2026-07-16 15:37:20,255 INFO CFVF.N0000 OK
2026-07-16 15:37:20,452 INFO FCT.N0000 OK
2026-07-16 15:37:20,472 INFO WAPO.N0000 OK
2026-07-16 15:37:20,475 INFO GHLL.N0000 OK
2026-07-16 15:37:20,478 INFO GEST.N0000 OK
2026-07-16 15:37:21,190 INFO HNB.N0000 OK
2026-07-16 15:37:21,202 INFO HARI.N0000 OK
2026-07-16 15:37:21,241 INFO MEL.N0000 OK
2026-07-16 15:37:21,253 INFO HAYC.N0000 OK
2026-07-16 15:37:21,256 INFO HEXP.N0000 OK
2026-07-16 15:37:21,265 INFO MGT.N0000 OK
2026-07-16 15:37:21,272 INFO HAPU.N0000 OK
2026-07-16 15:37:21,275 INFO HNB.X0000 OK
2026-07-16 15:37:21,322 INFO HPL.N0000 OK
2026-07-16 15:37:21,325 INFO CONN.N0000 OK
2026-07-16 15:37:21,900 INFO HELA.N0000 OK
2026-07-16 15:37:21,954 INFO HAYL.N0000 OK
2026-07-16 15:37:21,964 INFO CITH.N0000 OK
2026-07-16 15:37:21,984 INFO HHL.N0000 OK
2026-07-16 15:37:22,043 INFO HASU.N0000 OK
2026-07-16 15:37:22,046 INFO HNBF.X0000 OK
2026-07-16 15:37:22,071 INFO HDFC.N0000 OK
2026-07-16 15:37:22,072 INFO HOPL.N0000 OK
2026-07-16 15:37:22,118 INFO HNBF.N0000 OK
2026-07-16 15:37:22,123 INFO HSIG.N0000 OK
2026-07-16 15:37:22,573 INFO HBS.N0000 OK
2026-07-16 15:37:22,627 INFO HUNA.N0000 OK
2026-07-16 15:37:22,716 INFO HVA.N0000 OK
2026-07-16 15:37:22,726 INFO HUNT.N0000 OK
2026-07-16 15:37:22,765 INFO INME.N0000 OK
2026-07-16 15:37:22,819 INFO BFN.N0000 OK
2026-07-16 15:37:22,833 INFO JETS.N0000 OK
2026-07-16 15:37:22,836 INFO ASPH.N0000 OK
2026-07-16 15:37:22,841 INFO JAT.N0000 OK
2026-07-16 15:37:22,863 INFO JINS.N0000 OK
2026-07-16 15:37:23,304 INFO JFP.N0000 OK
2026-07-16 15:37:23,354 INFO JKH.N0000 OK
2026-07-16 15:37:23,438 INFO KHL.N0000 OK
2026-07-16 15:37:23,514 INFO KAHA.N0000 OK
2026-07-16 15:37:23,540 INFO KPHL.N0000 OK
2026-07-16 15:37:23,546 INFO JKL.N0000 OK
2026-07-16 15:37:23,566 INFO KGAL.N0000 OK
2026-07-16 15:37:23,569 INFO KFP.N0000 OK
2026-07-16 15:37:23,574 INFO KCAB.N0000 OK
2026-07-16 15:37:23,691 INFO TYRE.N0000 OK
2026-07-16 15:37:24,026 INFO KDL.N0000 OK
2026-07-16 15:37:24,032 INFO KVAL.N0000 OK
2026-07-16 15:37:24,185 INFO CPRT.N0000 OK
2026-07-16 15:37:24,237 INFO KOTA.N0000 OK
2026-07-16 15:37:24,244 INFO LOLC.N0000 OK
2026-07-16 15:37:24,253 INFO LAMB.N0000 OK
2026-07-16 15:37:24,337 INFO LVEF.N0000 OK
2026-07-16 15:37:24,369 INFO LPRT.N0000 OK
2026-07-16 15:37:24,385 INFO LALU.N0000 OK
2026-07-16 15:37:24,417 INFO ASHO.N0000 OK
2026-07-16 15:37:24,725 INFO CERA.N0000 OK
2026-07-16 15:37:24,813 INFO LCBF.N0000 OK
2026-07-16 15:37:24,920 INFO LMF.N0000 OK
2026-07-16 15:37:24,935 INFO LIOC.N0000 OK
2026-07-16 15:37:24,955 INFO TILE.N0000 OK
2026-07-16 15:37:24,958 INFO ASCO.N0000 OK
2026-07-16 15:37:25,063 INFO LCEY.N0000 OK
2026-07-16 15:37:25,090 INFO LVEN.N0000 OK
2026-07-16 15:37:25,096 INFO LDEV.N0000 OK
2026-07-16 15:37:25,133 INFO LWL.N0000 OK
2026-07-16 15:37:25,402 INFO LGL.N0000 OK
2026-07-16 15:37:25,560 INFO LGL.X0000 OK
2026-07-16 15:37:25,595 INFO LPL.N0000 OK
2026-07-16 15:37:25,611 INFO LPL.X0000 OK
2026-07-16 15:37:25,657 INFO LFIN.N0000 OK
2026-07-16 15:37:25,660 INFO LITE.N0000 OK
2026-07-16 15:37:25,787 INFO LION.N0000 OK
2026-07-16 15:37:25,791 INFO SHAW.N0000 OK
2026-07-16 15:37:25,795 INFO LOFC.N0000 OK
2026-07-16 15:37:25,824 INFO LGIL.N0000 OK
2026-07-16 15:37:26,070 INFO HPFL.N0000 OK
2026-07-16 15:37:26,243 INFO LUMX.N0000 OK
2026-07-16 15:37:26,304 INFO MFPE.N0000 OK
2026-07-16 15:37:26,348 INFO MADU.N0000 OK
2026-07-16 15:37:26,366 INFO MRH.N0000 OK
2026-07-16 15:37:26,416 INFO MCPL.N0000 OK
2026-07-16 15:37:26,521 INFO MARA.N0000 OK
2026-07-16 15:37:26,538 INFO MAL.X0000 OK
2026-07-16 15:37:26,558 INFO MAL.N0000 OK
2026-07-16 15:37:26,578 INFO MASK.N0000 OK
2026-07-16 15:37:26,741 INFO MELS.N0000 OK
2026-07-16 15:37:26,908 INFO MERC.N0000 OK
2026-07-16 15:37:26,974 INFO MSL.N0000 OK
2026-07-16 15:37:27,094 INFO MBSL.N0000 OK
2026-07-16 15:37:27,109 INFO MHDL.N0000 OK
2026-07-16 15:37:27,135 INFO MULL.N0000 OK
2026-07-16 15:37:27,216 INFO MDL.N0000 OK
2026-07-16 15:37:27,270 INFO NDB.N0000 OK
2026-07-16 15:37:27,278 INFO CSF.N0000 OK
2026-07-16 15:37:27,290 INFO NAMU.N0000 OK
2026-07-16 15:37:27,467 INFO NTB.N0000 OK
2026-07-16 15:37:27,568 INFO NTB.X0000 OK
2026-07-16 15:37:27,649 INFO NHL.N0000 OK
2026-07-16 15:37:27,759 INFO ODEL.N0000 OK
2026-07-16 15:37:27,830 INFO OFEQ.N0000 OK
2026-07-16 15:37:27,857 INFO ONAL.N0000 OK
2026-07-16 15:37:27,963 INFO OSEA.N0000 OK
2026-07-16 15:37:27,980 INFO PALM.N0000 OK
2026-07-16 15:37:27,986 INFO PAP.N0000 OK
2026-07-16 15:37:28,067 INFO PABC.N0000 OK
2026-07-16 15:37:28,188 INFO PARA.N0000 OK
2026-07-16 15:37:28,280 INFO PEG.N0000 OK
2026-07-16 15:37:28,353 INFO PINS.N0000 OK
2026-07-16 15:37:28,500 INFO PLC.N0000 OK
2026-07-16 15:37:28,504 INFO GLAS.N0000 OK
2026-07-16 15:37:28,589 INFO PMB.N0000 OK
2026-07-16 15:37:28,627 INFO PLR.N0000 OK
2026-07-16 15:37:28,689 INFO RIL.N0000 OK
2026-07-16 15:37:28,713 INFO CARE.N0000 OK
2026-07-16 15:37:28,740 INFO RGEM.N0000 OK
2026-07-16 15:37:28,860 INFO RWSL.N0000 OK
2026-07-16 15:37:29,007 INFO RFL.N0000 OK
2026-07-16 15:37:29,024 INFO RAL.N0000 OK
2026-07-16 15:37:29,197 INFO RENU.N0000 OK
2026-07-16 15:37:29,255 INFO COCO.N0000 OK
2026-07-16 15:37:29,299 INFO RHL.N0000 OK
2026-07-16 15:37:29,323 INFO COCO.X0000 OK
2026-07-16 15:37:29,361 INFO RHL.X0000 OK
2026-07-16 15:37:29,371 INFO RCH.N0000 OK
2026-07-16 15:37:29,477 INFO HPWR.N0000 OK
2026-07-16 15:37:29,531 INFO RICH.N0000 OK
2026-07-16 15:37:29,712 INFO REXP.N0000 OK
2026-07-16 15:37:29,765 INFO RCL.N0000 OK
2026-07-16 15:37:29,934 INFO SAMP.N0000 OK
2026-07-16 15:37:29,942 INFO RPBH.N0000 OK
2026-07-16 15:37:29,992 INFO SDB.N0000 OK
2026-07-16 15:37:30,030 INFO SDF.N0000 OK
2026-07-16 15:37:30,071 INFO SIL.N0000 OK
2026-07-16 15:37:30,102 INFO SMOT.N0000 OK
2026-07-16 15:37:30,160 INFO SFCL.N0000 OK
2026-07-16 15:37:30,255 INFO SHOT.N0000 OK
2026-07-16 15:37:30,446 INFO SLND.N0000 OK
2026-07-16 15:37:30,446 INFO SHOT.X0000 OK
2026-07-16 15:37:30,622 INFO SEYB.X0000 OK
2026-07-16 15:37:30,625 INFO SEYB.N0000 OK
2026-07-16 15:37:30,659 INFO CSD.N0000 OK
2026-07-16 15:37:30,756 INFO SIRA.N0000 OK
2026-07-16 15:37:30,759 INFO SIGV.N0000 OK
2026-07-16 15:37:30,777 INFO SINS.N0000 OK
2026-07-16 15:37:30,894 INFO SFIN.N0000 OK
2026-07-16 15:37:31,005 INFO SINH.N0000 OK
2026-07-16 15:37:31,200 INFO SEMB.N0000 OK
2026-07-16 15:37:31,209 INFO SEMB.X0000 OK
2026-07-16 15:37:31,369 INFO SCAP.N0000 OK
2026-07-16 15:37:31,374 INFO CRL.N0000 OK
2026-07-16 15:37:31,389 INFO SHL.N0000 OK
2026-07-16 15:37:31,460 INFO AAIC.N0000 OK
2026-07-16 15:37:31,463 INFO SING.N0000 OK
2026-07-16 15:37:31,477 INFO SLTL.N0000 OK
2026-07-16 15:37:31,614 INFO SUN.N0000 OK
2026-07-16 15:37:31,745 INFO SWAD.N0000 OK
2026-07-16 15:37:31,896 INFO TAJ.N0000 OK
2026-07-16 15:37:31,899 INFO PARQ.N0000 OK
2026-07-16 15:37:32,062 INFO TANG.N0000 OK
2026-07-16 15:37:32,105 INFO TPL.N0000 OK
2026-07-16 15:37:32,105 INFO TSML.N0000 OK
2026-07-16 15:37:32,160 INFO TJL.N0000 OK
2026-07-16 15:37:32,169 INFO TESS.N0000 OK
2026-07-16 15:37:32,227 INFO TESS.X0000 OK
2026-07-16 15:37:32,282 INFO LHL.N0000 OK
2026-07-16 15:37:32,459 INFO AUTO.N0000 OK
2026-07-16 15:37:32,578 INFO CFLB.N0000 OK
2026-07-16 15:37:32,625 INFO RHTL.N0000 OK
2026-07-16 15:37:32,806 INFO KHC.N0000 OK
2026-07-16 15:37:32,860 INFO LHCL.N0000 OK
2026-07-16 15:37:32,881 INFO NEH.N0000 OK
2026-07-16 15:37:32,884 INFO SERV.N0000 OK
2026-07-16 15:37:32,920 INFO TAFL.N0000 OK
2026-07-16 15:37:32,945 INFO TKYO.X0000 OK
2026-07-16 15:37:32,972 INFO TKYO.N0000 OK
2026-07-16 15:37:33,134 INFO TRAN.N0000 OK
2026-07-16 15:37:33,306 INFO UDPL.N0000 OK
2026-07-16 15:37:33,313 INFO UBF.N0000 OK
2026-07-16 15:37:33,481 INFO UAL.N0000 OK
2026-07-16 15:37:33,585 INFO UCAR.N0000 OK
2026-07-16 15:37:33,588 INFO UML.N0000 OK
2026-07-16 15:37:33,594 INFO UBC.N0000 OK
2026-07-16 15:37:33,604 INFO VFIN.N0000 OK
2026-07-16 15:37:33,657 INFO VPEL.N0000 OK
2026-07-16 15:37:33,672 INFO VONE.N0000 OK
2026-07-16 15:37:33,888 INFO VLL.N0000 OK
2026-07-16 15:37:34,067 INFO VLL.X0000 OK
2026-07-16 15:37:34,107 INFO CITW.N0000 OK
2026-07-16 15:37:34,158 INFO WATA.N0000 OK
2026-07-16 15:37:34,304 INFO WIND.N0000 OK
2026-07-16 15:37:34,318 INFO JXG.N0000 OK
2026-07-16 15:37:34,386 INFO WLTH.N0000 OK
2026-07-16 15:37:34,387 INFO YORK.N0000 OK
2026-07-16 15:37:34,404 INFO Wrote 302 rows to /home/runner/work/cse-scraper/cse-scraper/data/2026-07-16/all_company_info_2026-07-16.csv
2026-07-16 15:37:34,404 INFO Symbols: 302, success: 302, failures: 0
