2026-06-19 16:30:51,663 INFO Saved: data/2026-06-19/tradeSummary_2026-06-19.json
2026-06-19 16:30:53,594 INFO Saved: data/2026-06-19/todaySharePrice_2026-06-19.json
2026-06-19 16:30:54,987 INFO Saved: data/2026-06-19/topGainers_2026-06-19.json
2026-06-19 16:30:56,075 INFO Saved: data/2026-06-19/topLooses_2026-06-19.json
2026-06-19 16:30:56,757 INFO Saved: data/2026-06-19/mostActiveTrades_2026-06-19.json
2026-06-19 16:30:57,423 INFO Saved: data/2026-06-19/marketSummery_2026-06-19.json
2026-06-19 16:30:58,402 INFO Saved: data/2026-06-19/aspiData_2026-06-19.json
2026-06-19 16:30:59,093 INFO Saved: data/2026-06-19/snpData_2026-06-19.json
2026-06-19 16:31:00,265 INFO Saved: data/2026-06-19/allSectors_2026-06-19.json
2026-06-19 16:31:01,627 INFO Saved: data/2026-06-19/detailedTrades_2026-06-19.json
2026-06-19 16:31:02,545 INFO Saved: data/2026-06-19/dailyMarketSummery_2026-06-19.json
2026-06-19 16:31:03,589 INFO Saved: data/2026-06-19/getContributors_2026-06-19.json
2026-06-19 16:31:04,714 INFO Saved: data/2026-06-19/getContributorsChart_2026-06-19.json
2026-06-19 16:31:04,714 INFO Saved 13 files (0 errors)
2026-06-19 16:31:05,974 INFO AFSL.N0000 OK
2026-06-19 16:31:06,009 INFO ABAN.N0000 OK
2026-06-19 16:31:06,492 INFO AGPL.N0000 OK
2026-06-19 16:31:06,618 INFO ACL.N0000 OK
2026-06-19 16:31:06,626 INFO APLA.N0000 OK
2026-06-19 16:31:06,632 INFO AGAL.N0000 OK
2026-06-19 16:31:06,634 INFO AGST.X0000 OK
2026-06-19 16:31:06,642 INFO AGST.N0000 OK
2026-06-19 16:31:06,663 INFO AEL.N0000 OK
2026-06-19 16:31:06,665 INFO ACME.N0000 OK
2026-06-19 16:31:06,721 INFO AHUN.N0000 OK
2026-06-19 16:31:07,227 INFO SPEN.N0000 OK
2026-06-19 16:31:07,228 INFO ALLI.N0000 OK
2026-06-19 16:31:07,352 INFO AFS.N0000 OK
2026-06-19 16:31:07,572 INFO ATLL.N0000 OK
2026-06-19 16:31:07,658 INFO ATL.N0000 OK
2026-06-19 16:31:07,659 INFO TAP.N0000 OK
2026-06-19 16:31:07,669 INFO ALUM.N0000 OK
2026-06-19 16:31:07,709 INFO AMCL.N0000 OK
2026-06-19 16:31:07,722 INFO GREG.N0000 OK
2026-06-19 16:31:07,726 INFO ABL.N0000 OK
2026-06-19 16:31:07,915 INFO ALHP.N0000 OK
2026-06-19 16:31:07,953 INFO AINS.N0000 OK
2026-06-19 16:31:08,095 INFO AAF.N0000 OK
2026-06-19 16:31:08,260 INFO ACAP.N0000 OK
2026-06-19 16:31:08,365 INFO ASIR.N0000 OK
2026-06-19 16:31:08,406 INFO AHPL.N0000 OK
2026-06-19 16:31:08,418 INFO ASIY.N0000 OK
2026-06-19 16:31:08,464 INFO AMF.N0000 OK
2026-06-19 16:31:08,480 INFO AMSL.N0000 OK
2026-06-19 16:31:08,488 INFO BPPL.N0000 OK
2026-06-19 16:31:08,598 INFO BFL.N0000 OK
2026-06-19 16:31:08,696 INFO BALA.N0000 OK
2026-06-19 16:31:08,821 INFO BRR.N0000 OK
2026-06-19 16:31:08,998 INFO BERU.N0000 OK
2026-06-19 16:31:09,049 INFO BLI.N0000 OK
2026-06-19 16:31:09,076 INFO BLUE.X0000 OK
2026-06-19 16:31:09,088 INFO BLUE.N0000 OK
2026-06-19 16:31:09,182 INFO BOPL.N0000 OK
2026-06-19 16:31:09,229 INFO BOGA.N0000 OK
2026-06-19 16:31:09,260 INFO BRWN.N0000 OK
2026-06-19 16:31:09,328 INFO BIL.N0000 OK
2026-06-19 16:31:09,454 INFO BUKI.N0000 OK
2026-06-19 16:31:09,555 INFO CIC.N0000 OK
2026-06-19 16:31:09,750 INFO CIC.X0000 OK
2026-06-19 16:31:09,776 INFO CTLD.N0000 OK
2026-06-19 16:31:09,779 INFO COLO.N0000 OK
2026-06-19 16:31:09,815 INFO CTHR.N0000 OK
2026-06-19 16:31:09,850 INFO CWM.N0000 OK
2026-06-19 16:31:09,975 INFO CSLK.N0000 OK
2026-06-19 16:31:09,990 INFO CALH.N0000 OK
2026-06-19 16:31:10,075 INFO CALT.N0000 OK
2026-06-19 16:31:10,121 INFO CARG.N0000 OK
2026-06-19 16:31:10,300 INFO CBNK.N0000 OK
2026-06-19 16:31:10,487 INFO CABO.N0000 OK
2026-06-19 16:31:10,596 INFO CINS.N0000 OK
2026-06-19 16:31:10,598 INFO CIND.N0000 OK
2026-06-19 16:31:10,599 INFO CARS.N0000 OK
2026-06-19 16:31:10,603 INFO CFIN.N0000 OK
2026-06-19 16:31:10,671 INFO BREW.N0000 OK
2026-06-19 16:31:10,732 INFO CINS.X0000 OK
2026-06-19 16:31:10,814 INFO CCS.N0000 OK
2026-06-19 16:31:10,887 INFO GRAN.N0000 OK
2026-06-19 16:31:11,011 INFO GUAR.N0000 OK
2026-06-19 16:31:11,223 INFO CHL.N0000 OK
2026-06-19 16:31:11,357 INFO CHOT.N0000 OK
2026-06-19 16:31:11,399 INFO KZOO.N0000 OK
2026-06-19 16:31:11,402 INFO CINV.N0000 OK
2026-06-19 16:31:11,411 INFO CHL.X0000 OK
2026-06-19 16:31:11,420 INFO CTBL.N0000 OK
2026-06-19 16:31:11,472 INFO CTC.N0000 OK
2026-06-19 16:31:11,535 INFO CHMX.N0000 OK
2026-06-19 16:31:11,688 INFO CWL.N0000 OK
2026-06-19 16:31:11,709 INFO LLUB.N0000 OK
2026-06-19 16:31:11,976 INFO CDB.N0000 OK
2026-06-19 16:31:12,082 INFO CDB.X0000 OK
2026-06-19 16:31:12,118 INFO CHOU.N0000 OK
2026-06-19 16:31:12,157 INFO REEF.N0000 OK
2026-06-19 16:31:12,200 INFO PHAR.N0000 OK
2026-06-19 16:31:12,210 INFO COOP.N0000 OK
2026-06-19 16:31:12,225 INFO DOCK.N0000 OK
2026-06-19 16:31:12,297 INFO CFI.N0000 OK
2026-06-19 16:31:12,421 INFO CIT.N0000 OK
2026-06-19 16:31:12,438 INFO CLND.N0000 OK
2026-06-19 16:31:12,712 INFO COMB.N0000 OK
2026-06-19 16:31:12,812 INFO COMB.X0000 OK
2026-06-19 16:31:12,839 INFO COMD.N0000 OK
2026-06-19 16:31:12,855 INFO COCR.N0000 OK
2026-06-19 16:31:12,913 INFO DPL.N0000 OK
2026-06-19 16:31:12,970 INFO SOY.N0000 OK
2026-06-19 16:31:12,973 INFO DFCC.N0000 OK
2026-06-19 16:31:12,976 INFO DIAL.N0000 OK
2026-06-19 16:31:13,112 INFO DIMO.N0000 OK
2026-06-19 16:31:13,159 INFO CALF.N0000 OK
2026-06-19 16:31:13,385 INFO PKME.N0000 OK
2026-06-19 16:31:13,509 INFO DIPD.N0000 OK
2026-06-19 16:31:13,539 INFO CTEA.N0000 OK
2026-06-19 16:31:13,578 INFO DIST.N0000 OK
2026-06-19 16:31:13,651 INFO STAF.N0000 OK
2026-06-19 16:31:13,704 INFO ECL.N0000 OK
2026-06-19 16:31:13,728 INFO EBCR.N0000 OK
2026-06-19 16:31:13,737 INFO EML.N0000 OK
2026-06-19 16:31:13,854 INFO EMER.N0000 OK
2026-06-19 16:31:13,874 INFO EAST.N0000 OK
2026-06-19 16:31:14,116 INFO EDEN.N0000 OK
2026-06-19 16:31:14,242 INFO ELPL.N0000 OK
2026-06-19 16:31:14,279 INFO ETWO.N0000 OK
2026-06-19 16:31:14,305 INFO PACK.N0000 OK
2026-06-19 16:31:14,394 INFO EXT.N0000 OK
2026-06-19 16:31:14,455 INFO CFVF.N0000 OK
2026-06-19 16:31:14,475 INFO FCT.N0000 OK
2026-06-19 16:31:14,487 INFO GHLL.N0000 OK
2026-06-19 16:31:14,583 INFO WAPO.N0000 OK
2026-06-19 16:31:14,599 INFO GEST.N0000 OK
2026-06-19 16:31:14,858 INFO MEL.N0000 OK
2026-06-19 16:31:14,924 INFO HAPU.N0000 OK
2026-06-19 16:31:14,943 INFO HARI.N0000 OK
2026-06-19 16:31:15,038 INFO HNB.N0000 OK
2026-06-19 16:31:15,120 INFO HNB.X0000 OK
2026-06-19 16:31:15,135 INFO HPL.N0000 OK
2026-06-19 16:31:15,146 INFO HAYC.N0000 OK
2026-06-19 16:31:15,224 INFO MGT.N0000 OK
2026-06-19 16:31:15,268 INFO HEXP.N0000 OK
2026-06-19 16:31:15,330 INFO CONN.N0000 OK
2026-06-19 16:31:15,538 INFO HAYL.N0000 OK
2026-06-19 16:31:15,597 INFO HELA.N0000 OK
2026-06-19 16:31:15,610 INFO HHL.N0000 OK
2026-06-19 16:31:15,700 INFO CITH.N0000 OK
2026-06-19 16:31:15,815 INFO HNBF.N0000 OK
2026-06-19 16:31:15,851 INFO HASU.N0000 OK
2026-06-19 16:31:15,883 INFO HNBF.X0000 OK
2026-06-19 16:31:15,965 INFO HOPL.N0000 OK
2026-06-19 16:31:16,005 INFO HSIG.N0000 OK
2026-06-19 16:31:16,067 INFO HDFC.N0000 OK
2026-06-19 16:31:16,261 INFO HBS.N0000 OK
2026-06-19 16:31:16,338 INFO HUNA.N0000 OK
2026-06-19 16:31:16,345 INFO HUNT.N0000 OK
2026-06-19 16:31:16,425 INFO HVA.N0000 OK
2026-06-19 16:31:16,552 INFO ASPH.N0000 OK
2026-06-19 16:31:16,556 INFO INME.N0000 OK
2026-06-19 16:31:16,588 INFO BFN.N0000 OK
2026-06-19 16:31:16,700 INFO JINS.N0000 OK
2026-06-19 16:31:16,748 INFO JAT.N0000 OK
2026-06-19 16:31:16,801 INFO JETS.N0000 OK
2026-06-19 16:31:16,926 INFO JFP.N0000 OK
2026-06-19 16:31:17,017 INFO JKH.N0000 OK
2026-06-19 16:31:17,091 INFO KHL.N0000 OK
2026-06-19 16:31:17,098 INFO JKL.N0000 OK
2026-06-19 16:31:17,302 INFO KAHA.N0000 OK
2026-06-19 16:31:17,314 INFO KPHL.N0000 OK
2026-06-19 16:31:17,335 INFO KFP.N0000 OK
2026-06-19 16:31:17,430 INFO KGAL.N0000 OK
2026-06-19 16:31:17,538 INFO KCAB.N0000 OK
2026-06-19 16:31:17,549 INFO TYRE.N0000 OK
2026-06-19 16:31:17,588 INFO KVAL.N0000 OK
2026-06-19 16:31:17,698 INFO KDL.N0000 OK
2026-06-19 16:31:17,779 INFO CPRT.N0000 OK
2026-06-19 16:31:17,846 INFO KOTA.N0000 OK
2026-06-19 16:31:17,987 INFO LAMB.N0000 OK
2026-06-19 16:31:18,026 INFO LVEF.N0000 OK
2026-06-19 16:31:18,088 INFO LOLC.N0000 OK
2026-06-19 16:31:18,164 INFO LPRT.N0000 OK
2026-06-19 16:31:18,234 INFO LALU.N0000 OK
2026-06-19 16:31:18,248 INFO ASHO.N0000 OK
2026-06-19 16:31:18,330 INFO CERA.N0000 OK
2026-06-19 16:31:18,447 INFO LCBF.N0000 OK
2026-06-19 16:31:18,510 INFO LIOC.N0000 OK
2026-06-19 16:31:18,579 INFO LMF.N0000 OK
2026-06-19 16:31:18,724 INFO ASCO.N0000 OK
2026-06-19 16:31:18,758 INFO TILE.N0000 OK
2026-06-19 16:31:18,763 INFO LVEN.N0000 OK
2026-06-19 16:31:18,909 INFO LWL.N0000 OK
2026-06-19 16:31:18,926 INFO LCEY.N0000 OK
2026-06-19 16:31:18,929 INFO LDEV.N0000 OK
2026-06-19 16:31:19,145 INFO LGL.N0000 OK
2026-06-19 16:31:19,179 INFO LGL.X0000 OK
2026-06-19 16:31:19,244 INFO LPL.N0000 OK
2026-06-19 16:31:19,310 INFO LPL.X0000 OK
2026-06-19 16:31:19,388 INFO LITE.N0000 OK
2026-06-19 16:31:19,509 INFO LFIN.N0000 OK
2026-06-19 16:31:19,512 INFO SHAW.N0000 OK
2026-06-19 16:31:19,638 INFO LION.N0000 OK
2026-06-19 16:31:19,686 INFO LGIL.N0000 OK
2026-06-19 16:31:19,691 INFO LOFC.N0000 OK
2026-06-19 16:31:19,876 INFO HPFL.N0000 OK
2026-06-19 16:31:19,915 INFO LUMX.N0000 OK
2026-06-19 16:31:19,979 INFO MADU.N0000 OK
2026-06-19 16:31:20,038 INFO MFPE.N0000 OK
2026-06-19 16:31:20,130 INFO MCPL.N0000 OK
2026-06-19 16:31:20,245 INFO MAL.N0000 OK
2026-06-19 16:31:20,376 INFO MRH.N0000 OK
2026-06-19 16:31:20,390 INFO MAL.X0000 OK
2026-06-19 16:31:20,454 INFO MARA.N0000 OK
2026-06-19 16:31:20,457 INFO MASK.N0000 OK
2026-06-19 16:31:20,625 INFO MELS.N0000 OK
2026-06-19 16:31:20,646 INFO MERC.N0000 OK
2026-06-19 16:31:20,660 INFO MSL.N0000 OK
2026-06-19 16:31:20,816 INFO MBSL.N0000 OK
2026-06-19 16:31:20,880 INFO MHDL.N0000 OK
2026-06-19 16:31:21,004 INFO MULL.N0000 OK
2026-06-19 16:31:21,107 INFO MDL.N0000 OK
2026-06-19 16:31:21,147 INFO CSF.N0000 OK
2026-06-19 16:31:21,165 INFO NAMU.N0000 OK
2026-06-19 16:31:21,262 INFO NDB.N0000 OK
2026-06-19 16:31:21,355 INFO NTB.N0000 OK
2026-06-19 16:31:21,376 INFO NTB.X0000 OK
2026-06-19 16:31:21,444 INFO NHL.N0000 OK
2026-06-19 16:31:21,561 INFO ODEL.N0000 OK
2026-06-19 16:31:21,637 INFO OFEQ.N0000 OK
2026-06-19 16:31:21,763 INFO ONAL.N0000 OK
2026-06-19 16:31:21,767 INFO OSEA.N0000 OK
2026-06-19 16:31:21,881 INFO PALM.N0000 OK
2026-06-19 16:31:21,894 INFO PABC.N0000 OK
2026-06-19 16:31:22,013 INFO PAP.N0000 OK
2026-06-19 16:31:22,035 INFO PARA.N0000 OK
2026-06-19 16:31:22,119 INFO PEG.N0000 OK
2026-06-19 16:31:22,169 INFO PINS.N0000 OK
2026-06-19 16:31:22,295 INFO PLC.N0000 OK
2026-06-19 16:31:22,336 INFO GLAS.N0000 OK
2026-06-19 16:31:22,447 INFO PLR.N0000 OK
2026-06-19 16:31:22,503 INFO PMB.N0000 OK
2026-06-19 16:31:22,618 INFO CARE.N0000 OK
2026-06-19 16:31:22,623 INFO RIL.N0000 OK
2026-06-19 16:31:22,702 INFO RWSL.N0000 OK
2026-06-19 16:31:22,738 INFO RGEM.N0000 OK
2026-06-19 16:31:22,855 INFO RFL.N0000 OK
2026-06-19 16:31:22,893 INFO RAL.N0000 OK
2026-06-19 16:31:23,000 INFO RENU.N0000 OK
2026-06-19 16:31:23,007 INFO COCO.N0000 OK
2026-06-19 16:31:23,186 INFO COCO.X0000 OK
2026-06-19 16:31:23,237 INFO RHL.N0000 OK
2026-06-19 16:31:23,364 INFO RHL.X0000 OK
2026-06-19 16:31:23,418 INFO RCH.N0000 OK
2026-06-19 16:31:23,475 INFO RICH.N0000 OK
2026-06-19 16:31:23,482 INFO HPWR.N0000 OK
2026-06-19 16:31:23,607 INFO REXP.N0000 OK
2026-06-19 16:31:23,624 INFO RCL.N0000 OK
2026-06-19 16:31:23,752 INFO RPBH.N0000 OK
2026-06-19 16:31:23,786 INFO SAMP.N0000 OK
2026-06-19 16:31:23,915 INFO SIL.N0000 OK
2026-06-19 16:31:23,972 INFO SDB.N0000 OK
2026-06-19 16:31:24,086 INFO SDF.N0000 OK
2026-06-19 16:31:24,148 INFO SMOT.N0000 OK
2026-06-19 16:31:24,221 INFO SHOT.N0000 OK
2026-06-19 16:31:24,227 INFO SFCL.N0000 OK
2026-06-19 16:31:24,346 INFO SHOT.X0000 OK
2026-06-19 16:31:24,350 INFO SLND.N0000 OK
2026-06-19 16:31:24,485 INFO SEYB.N0000 OK
2026-06-19 16:31:24,511 INFO SEYB.X0000 OK
2026-06-19 16:31:24,683 INFO CSD.N0000 OK
2026-06-19 16:31:24,750 INFO SIRA.N0000 OK
2026-06-19 16:31:24,828 INFO SINS.N0000 OK
2026-06-19 16:31:24,842 INFO SIGV.N0000 OK
2026-06-19 16:31:24,970 INFO SFIN.N0000 OK
2026-06-19 16:31:24,974 INFO SINH.N0000 OK
2026-06-19 16:31:25,096 INFO SEMB.X0000 OK
2026-06-19 16:31:25,110 INFO SEMB.N0000 OK
2026-06-19 16:31:25,217 INFO SCAP.N0000 OK
2026-06-19 16:31:25,239 INFO CRL.N0000 OK
2026-06-19 16:31:25,351 INFO SHL.N0000 OK
2026-06-19 16:31:25,494 INFO AAIC.N0000 OK
2026-06-19 16:31:25,510 INFO SLTL.N0000 OK
2026-06-19 16:31:25,524 INFO SING.N0000 OK
2026-06-19 16:31:25,656 INFO SUN.N0000 OK
2026-06-19 16:31:25,657 INFO SWAD.N0000 OK
2026-06-19 16:31:25,764 INFO PARQ.N0000 OK
2026-06-19 16:31:25,837 INFO TAJ.N0000 OK
2026-06-19 16:31:25,892 INFO TPL.N0000 OK
2026-06-19 16:31:25,979 INFO TANG.N0000 OK
2026-06-19 16:31:26,026 INFO TSML.N0000 OK
2026-06-19 16:31:26,224 INFO TESS.N0000 OK
2026-06-19 16:31:26,232 INFO TJL.N0000 OK
2026-06-19 16:31:26,292 INFO TESS.X0000 OK
2026-06-19 16:31:26,375 INFO AUTO.N0000 OK
2026-06-19 16:31:26,395 INFO LHL.N0000 OK
2026-06-19 16:31:26,507 INFO CFLB.N0000 OK
2026-06-19 16:31:26,564 INFO RHTL.N0000 OK
2026-06-19 16:31:26,622 INFO KHC.N0000 OK
2026-06-19 16:31:26,706 INFO SERV.N0000 OK
2026-06-19 16:31:26,753 INFO LHCL.N0000 OK
2026-06-19 16:31:26,970 INFO TKYO.N0000 OK
2026-06-19 16:31:26,976 INFO TAFL.N0000 OK
2026-06-19 16:31:26,984 INFO NEH.N0000 OK
2026-06-19 16:31:27,101 INFO TKYO.X0000 OK
2026-06-19 16:31:27,118 INFO TRAN.N0000 OK
2026-06-19 16:31:27,242 INFO UDPL.N0000 OK
2026-06-19 16:31:27,246 INFO UBF.N0000 OK
2026-06-19 16:31:27,367 INFO UAL.N0000 OK
2026-06-19 16:31:27,443 INFO UBC.N0000 OK
2026-06-19 16:31:27,508 INFO UCAR.N0000 OK
2026-06-19 16:31:27,712 INFO UML.N0000 OK
2026-06-19 16:31:27,723 INFO VFIN.N0000 OK
2026-06-19 16:31:27,739 INFO VONE.N0000 OK
2026-06-19 16:31:27,785 INFO VPEL.N0000 OK
2026-06-19 16:31:27,863 INFO VLL.N0000 OK
2026-06-19 16:31:27,968 INFO VLL.X0000 OK
2026-06-19 16:31:28,005 INFO CITW.N0000 OK
2026-06-19 16:31:28,096 INFO WATA.N0000 OK
2026-06-19 16:31:28,108 INFO WIND.N0000 OK
2026-06-19 16:31:28,256 INFO YORK.N0000 OK
2026-06-19 16:31:28,462 INFO WLTH.N0000 OK
2026-06-19 16:31:28,466 INFO JXG.N0000 OK
2026-06-19 16:31:28,483 INFO Wrote 302 rows to /home/runner/work/cse-scraper/cse-scraper/data/2026-06-19/all_company_info_2026-06-19.csv
2026-06-19 16:31:28,483 INFO Symbols: 302, success: 302, failures: 0
