2026-06-16 18:25:47,599 INFO Saved: data/2026-06-16/tradeSummary_2026-06-16.json
2026-06-16 18:25:48,608 INFO Saved: data/2026-06-16/todaySharePrice_2026-06-16.json
2026-06-16 18:25:49,621 INFO Saved: data/2026-06-16/topGainers_2026-06-16.json
2026-06-16 18:25:50,616 INFO Saved: data/2026-06-16/topLooses_2026-06-16.json
2026-06-16 18:25:51,348 INFO Saved: data/2026-06-16/mostActiveTrades_2026-06-16.json
2026-06-16 18:25:52,319 INFO Saved: data/2026-06-16/marketSummery_2026-06-16.json
2026-06-16 18:25:53,077 INFO Saved: data/2026-06-16/aspiData_2026-06-16.json
2026-06-16 18:25:54,075 INFO Saved: data/2026-06-16/snpData_2026-06-16.json
2026-06-16 18:25:55,090 INFO Saved: data/2026-06-16/allSectors_2026-06-16.json
2026-06-16 18:25:56,609 INFO Saved: data/2026-06-16/detailedTrades_2026-06-16.json
2026-06-16 18:25:59,024 INFO Saved: data/2026-06-16/dailyMarketSummery_2026-06-16.json
2026-06-16 18:26:00,083 INFO Saved: data/2026-06-16/getContributors_2026-06-16.json
2026-06-16 18:26:00,911 INFO Saved: data/2026-06-16/getContributorsChart_2026-06-16.json
2026-06-16 18:26:00,911 INFO Saved 13 files (0 errors)
2026-06-16 18:26:03,194 INFO AGAL.N0000 OK
2026-06-16 18:26:03,219 INFO ACME.N0000 OK
2026-06-16 18:26:03,222 INFO AGPL.N0000 OK
2026-06-16 18:26:03,226 INFO ABAN.N0000 OK
2026-06-16 18:26:03,230 INFO APLA.N0000 OK
2026-06-16 18:26:03,246 INFO ACL.N0000 OK
2026-06-16 18:26:03,250 INFO AGST.X0000 OK
2026-06-16 18:26:03,254 INFO AGST.N0000 OK
2026-06-16 18:26:03,265 INFO AEL.N0000 OK
2026-06-16 18:26:03,269 INFO AFSL.N0000 OK
2026-06-16 18:26:04,278 INFO TAP.N0000 OK
2026-06-16 18:26:04,429 INFO ATL.N0000 OK
2026-06-16 18:26:04,432 INFO AFS.N0000 OK
2026-06-16 18:26:04,442 INFO ALLI.N0000 OK
2026-06-16 18:26:04,493 INFO ABL.N0000 OK
2026-06-16 18:26:04,497 INFO ATLL.N0000 OK
2026-06-16 18:26:04,500 INFO AHUN.N0000 OK
2026-06-16 18:26:04,507 INFO GREG.N0000 OK
2026-06-16 18:26:04,509 INFO SPEN.N0000 OK
2026-06-16 18:26:04,513 INFO ALUM.N0000 OK
2026-06-16 18:26:05,082 INFO AMCL.N0000 OK
2026-06-16 18:26:05,532 INFO AHPL.N0000 OK
2026-06-16 18:26:05,575 INFO ACAP.N0000 OK
2026-06-16 18:26:05,609 INFO AAF.N0000 OK
2026-06-16 18:26:05,624 INFO ALHP.N0000 OK
2026-06-16 18:26:05,640 INFO AMF.N0000 OK
2026-06-16 18:26:05,642 INFO ASIY.N0000 OK
2026-06-16 18:26:05,700 INFO ASIR.N0000 OK
2026-06-16 18:26:05,717 INFO AINS.N0000 OK
2026-06-16 18:26:05,727 INFO AMSL.N0000 OK
2026-06-16 18:26:05,894 INFO BPPL.N0000 OK
2026-06-16 18:26:06,324 INFO BFL.N0000 OK
2026-06-16 18:26:06,375 INFO BALA.N0000 OK
2026-06-16 18:26:06,792 INFO BLUE.N0000 OK
2026-06-16 18:26:06,803 INFO BLI.N0000 OK
2026-06-16 18:26:06,842 INFO BLUE.X0000 OK
2026-06-16 18:26:06,847 INFO BRR.N0000 OK
2026-06-16 18:26:06,892 INFO BERU.N0000 OK
2026-06-16 18:26:06,905 INFO BRWN.N0000 OK
2026-06-16 18:26:06,947 INFO BOPL.N0000 OK
2026-06-16 18:26:06,947 INFO BOGA.N0000 OK
2026-06-16 18:26:07,745 INFO COLO.N0000 OK
2026-06-16 18:26:07,747 INFO CTHR.N0000 OK
2026-06-16 18:26:07,754 INFO CIC.X0000 OK
2026-06-16 18:26:07,758 INFO BIL.N0000 OK
2026-06-16 18:26:07,777 INFO CIC.N0000 OK
2026-06-16 18:26:07,801 INFO BUKI.N0000 OK
2026-06-16 18:26:08,082 INFO CWM.N0000 OK
2026-06-16 18:26:08,143 INFO CALH.N0000 OK
2026-06-16 18:26:08,151 INFO CTLD.N0000 OK
2026-06-16 18:26:08,205 INFO CSLK.N0000 OK
2026-06-16 18:26:08,600 INFO CABO.N0000 OK
2026-06-16 18:26:08,604 INFO CALT.N0000 OK
2026-06-16 18:26:08,618 INFO CARG.N0000 OK
2026-06-16 18:26:08,638 INFO CARS.N0000 OK
2026-06-16 18:26:08,648 INFO CBNK.N0000 OK
2026-06-16 18:26:08,841 INFO CIND.N0000 OK
2026-06-16 18:26:08,843 INFO CFIN.N0000 OK
2026-06-16 18:26:08,914 INFO BREW.N0000 OK
2026-06-16 18:26:08,944 INFO CINS.N0000 OK
2026-06-16 18:26:09,036 INFO CINS.X0000 OK
2026-06-16 18:26:09,418 INFO CCS.N0000 OK
2026-06-16 18:26:09,767 INFO GRAN.N0000 OK
2026-06-16 18:26:09,773 INFO GUAR.N0000 OK
2026-06-16 18:26:09,812 INFO CINV.N0000 OK
2026-06-16 18:26:09,830 INFO CHL.N0000 OK
2026-06-16 18:26:09,843 INFO KZOO.N0000 OK
2026-06-16 18:26:09,843 INFO CHOT.N0000 OK
2026-06-16 18:26:09,861 INFO CTBL.N0000 OK
2026-06-16 18:26:09,866 INFO CHL.X0000 OK
2026-06-16 18:26:09,882 INFO CTC.N0000 OK
2026-06-16 18:26:10,210 INFO CHMX.N0000 OK
2026-06-16 18:26:10,895 INFO DOCK.N0000 OK
2026-06-16 18:26:10,941 INFO CDB.X0000 OK
2026-06-16 18:26:10,959 INFO CHOU.N0000 OK
2026-06-16 18:26:10,969 INFO LLUB.N0000 OK
2026-06-16 18:26:10,982 INFO REEF.N0000 OK
2026-06-16 18:26:11,001 INFO COOP.N0000 OK
2026-06-16 18:26:11,017 INFO CDB.N0000 OK
2026-06-16 18:26:11,021 INFO CWL.N0000 OK
2026-06-16 18:26:11,024 INFO PHAR.N0000 OK
2026-06-16 18:26:11,039 INFO CFI.N0000 OK
2026-06-16 18:26:11,974 INFO COCR.N0000 OK
2026-06-16 18:26:11,981 INFO DIAL.N0000 OK
2026-06-16 18:26:12,054 INFO DPL.N0000 OK
2026-06-16 18:26:12,096 INFO DFCC.N0000 OK
2026-06-16 18:26:12,121 INFO COMB.X0000 OK
2026-06-16 18:26:12,130 INFO COMB.N0000 OK
2026-06-16 18:26:12,133 INFO COMD.N0000 OK
2026-06-16 18:26:12,138 INFO CLND.N0000 OK
2026-06-16 18:26:12,160 INFO SOY.N0000 OK
2026-06-16 18:26:12,160 INFO CIT.N0000 OK
2026-06-16 18:26:12,773 INFO DIMO.N0000 OK
2026-06-16 18:26:12,777 INFO CALF.N0000 OK
2026-06-16 18:26:12,836 INFO PKME.N0000 OK
2026-06-16 18:26:13,212 INFO DIST.N0000 OK
2026-06-16 18:26:13,265 INFO DIPD.N0000 OK
2026-06-16 18:26:13,326 INFO EBCR.N0000 OK
2026-06-16 18:26:13,331 INFO ECL.N0000 OK
2026-06-16 18:26:13,331 INFO CTEA.N0000 OK
2026-06-16 18:26:13,334 INFO STAF.N0000 OK
2026-06-16 18:26:13,338 INFO EML.N0000 OK
2026-06-16 18:26:13,576 INFO EMER.N0000 OK
2026-06-16 18:26:13,624 INFO EAST.N0000 OK
2026-06-16 18:26:13,634 INFO EDEN.N0000 OK
2026-06-16 18:26:14,588 INFO ELPL.N0000 OK
2026-06-16 18:26:14,591 INFO MEL.N0000 OK
2026-06-16 18:26:14,594 INFO CFVF.N0000 OK
2026-06-16 18:26:14,689 INFO WAPO.N0000 OK
2026-06-16 18:26:14,706 INFO GEST.N0000 OK
2026-06-16 18:26:14,711 INFO EXT.N0000 OK
2026-06-16 18:26:14,715 INFO FCT.N0000 OK
2026-06-16 18:26:14,719 INFO GHLL.N0000 OK
2026-06-16 18:26:14,739 INFO ETWO.N0000 OK
2026-06-16 18:26:14,750 INFO PACK.N0000 OK
2026-06-16 18:26:15,377 INFO HAPU.N0000 OK
2026-06-16 18:26:15,381 INFO HARI.N0000 OK
2026-06-16 18:26:16,273 INFO HPL.N0000 OK
2026-06-16 18:26:16,278 INFO HNB.N0000 OK
2026-06-16 18:26:16,282 INFO MGT.N0000 OK
2026-06-16 18:26:16,296 INFO CONN.N0000 OK
2026-06-16 18:26:16,300 INFO HNB.X0000 OK
2026-06-16 18:26:16,323 INFO HELA.N0000 OK
2026-06-16 18:26:16,353 INFO HAYL.N0000 OK
2026-06-16 18:26:16,361 INFO HAYC.N0000 OK
2026-06-16 18:26:16,368 INFO HEXP.N0000 OK
2026-06-16 18:26:16,368 INFO HHL.N0000 OK
2026-06-16 18:26:17,073 INFO CITH.N0000 OK
2026-06-16 18:26:17,087 INFO HASU.N0000 OK
2026-06-16 18:26:17,692 INFO HUNT.N0000 OK
2026-06-16 18:26:17,696 INFO HUNA.N0000 OK
2026-06-16 18:26:17,718 INFO HDFC.N0000 OK
2026-06-16 18:26:17,769 INFO HOPL.N0000 OK
2026-06-16 18:26:17,773 INFO HSIG.N0000 OK
2026-06-16 18:26:17,776 INFO HBS.N0000 OK
2026-06-16 18:26:17,782 INFO HNBF.X0000 OK
2026-06-16 18:26:17,785 INFO HNBF.N0000 OK
2026-06-16 18:26:17,896 INFO HVA.N0000 OK
2026-06-16 18:26:17,930 INFO ASPH.N0000 OK
2026-06-16 18:26:18,519 INFO JINS.N0000 OK
2026-06-16 18:26:18,540 INFO BFN.N0000 OK
2026-06-16 18:26:18,547 INFO INME.N0000 OK
2026-06-16 18:26:18,555 INFO JKH.N0000 OK
2026-06-16 18:26:18,598 INFO JETS.N0000 OK
2026-06-16 18:26:18,616 INFO JFP.N0000 OK
2026-06-16 18:26:18,619 INFO JAT.N0000 OK
2026-06-16 18:26:18,643 INFO KHL.N0000 OK
2026-06-16 18:26:18,686 INFO JKL.N0000 OK
2026-06-16 18:26:18,730 INFO KAHA.N0000 OK
2026-06-16 18:26:19,303 INFO KPHL.N0000 OK
2026-06-16 18:26:19,338 INFO KGAL.N0000 OK
2026-06-16 18:26:19,365 INFO KFP.N0000 OK
2026-06-16 18:26:19,380 INFO KCAB.N0000 OK
2026-06-16 18:26:19,380 INFO KDL.N0000 OK
2026-06-16 18:26:19,418 INFO TYRE.N0000 OK
2026-06-16 18:26:19,422 INFO KVAL.N0000 OK
2026-06-16 18:26:19,444 INFO CPRT.N0000 OK
2026-06-16 18:26:19,469 INFO KOTA.N0000 OK
2026-06-16 18:26:19,513 INFO LAMB.N0000 OK
2026-06-16 18:26:20,090 INFO LOLC.N0000 OK
2026-06-16 18:26:20,128 INFO LVEF.N0000 OK
2026-06-16 18:26:20,155 INFO LPRT.N0000 OK
2026-06-16 18:26:20,189 INFO ASHO.N0000 OK
2026-06-16 18:26:20,215 INFO LALU.N0000 OK
2026-06-16 18:26:20,226 INFO CERA.N0000 OK
2026-06-16 18:26:20,402 INFO LMF.N0000 OK
2026-06-16 18:26:20,454 INFO LIOC.N0000 OK
2026-06-16 18:26:20,480 INFO LCBF.N0000 OK
2026-06-16 18:26:20,484 INFO ASCO.N0000 OK
2026-06-16 18:26:20,881 INFO TILE.N0000 OK
2026-06-16 18:26:20,935 INFO LVEN.N0000 OK
2026-06-16 18:26:20,992 INFO LWL.N0000 OK
2026-06-16 18:26:20,996 INFO LCEY.N0000 OK
2026-06-16 18:26:21,016 INFO LDEV.N0000 OK
2026-06-16 18:26:21,032 INFO LGL.N0000 OK
2026-06-16 18:26:21,592 INFO LGL.X0000 OK
2026-06-16 18:26:21,600 INFO LITE.N0000 OK
2026-06-16 18:26:21,608 INFO LPL.N0000 OK
2026-06-16 18:26:21,632 INFO LPL.X0000 OK
2026-06-16 18:26:21,672 INFO LFIN.N0000 OK
2026-06-16 18:26:21,730 INFO SHAW.N0000 OK
2026-06-16 18:26:21,816 INFO LOFC.N0000 OK
2026-06-16 18:26:21,825 INFO LION.N0000 OK
2026-06-16 18:26:21,846 INFO HPFL.N0000 OK
2026-06-16 18:26:21,862 INFO LGIL.N0000 OK
2026-06-16 18:26:22,893 INFO MELS.N0000 OK
2026-06-16 18:26:22,986 INFO MRH.N0000 OK
2026-06-16 18:26:22,992 INFO MARA.N0000 OK
2026-06-16 18:26:23,000 INFO MADU.N0000 OK
2026-06-16 18:26:23,041 INFO MAL.N0000 OK
2026-06-16 18:26:23,043 INFO MFPE.N0000 OK
2026-06-16 18:26:23,050 INFO MASK.N0000 OK
2026-06-16 18:26:23,054 INFO MCPL.N0000 OK
2026-06-16 18:26:23,055 INFO LUMX.N0000 OK
2026-06-16 18:26:23,061 INFO MAL.X0000 OK
2026-06-16 18:26:23,682 INFO MERC.N0000 OK
2026-06-16 18:26:23,791 INFO MSL.N0000 OK
2026-06-16 18:26:23,832 INFO MBSL.N0000 OK
2026-06-16 18:26:23,842 INFO MHDL.N0000 OK
2026-06-16 18:26:23,846 INFO CSF.N0000 OK
2026-06-16 18:26:23,872 INFO NAMU.N0000 OK
2026-06-16 18:26:23,885 INFO MDL.N0000 OK
2026-06-16 18:26:23,890 INFO MULL.N0000 OK
2026-06-16 18:26:24,196 INFO NDB.N0000 OK
2026-06-16 18:26:24,214 INFO NTB.N0000 OK
2026-06-16 18:26:24,467 INFO NTB.X0000 OK
2026-06-16 18:26:24,607 INFO NHL.N0000 OK
2026-06-16 18:26:24,613 INFO OSEA.N0000 OK
2026-06-16 18:26:24,649 INFO ODEL.N0000 OK
2026-06-16 18:26:24,657 INFO ONAL.N0000 OK
2026-06-16 18:26:24,670 INFO OFEQ.N0000 OK
2026-06-16 18:26:24,681 INFO PALM.N0000 OK
2026-06-16 18:26:24,707 INFO PABC.N0000 OK
2026-06-16 18:26:24,996 INFO PAP.N0000 OK
2026-06-16 18:26:25,012 INFO PARA.N0000 OK
2026-06-16 18:26:25,422 INFO PLC.N0000 OK
2026-06-16 18:26:25,457 INFO PEG.N0000 OK
2026-06-16 18:26:25,495 INFO CARE.N0000 OK
2026-06-16 18:26:25,506 INFO PMB.N0000 OK
2026-06-16 18:26:25,523 INFO PLR.N0000 OK
2026-06-16 18:26:25,537 INFO RIL.N0000 OK
2026-06-16 18:26:25,550 INFO PINS.N0000 OK
2026-06-16 18:26:25,645 INFO GLAS.N0000 OK
2026-06-16 18:26:25,712 INFO RGEM.N0000 OK
2026-06-16 18:26:25,806 INFO RWSL.N0000 OK
2026-06-16 18:26:26,216 INFO RFL.N0000 OK
2026-06-16 18:26:26,250 INFO RAL.N0000 OK
2026-06-16 18:26:26,308 INFO RENU.N0000 OK
2026-06-16 18:26:26,317 INFO COCO.N0000 OK
2026-06-16 18:26:26,334 INFO COCO.X0000 OK
2026-06-16 18:26:26,364 INFO RHL.N0000 OK
2026-06-16 18:26:26,377 INFO RHL.X0000 OK
2026-06-16 18:26:26,425 INFO RCH.N0000 OK
2026-06-16 18:26:26,503 INFO HPWR.N0000 OK
2026-06-16 18:26:26,600 INFO RICH.N0000 OK
2026-06-16 18:26:27,027 INFO REXP.N0000 OK
2026-06-16 18:26:27,036 INFO SAMP.N0000 OK
2026-06-16 18:26:27,040 INFO RCL.N0000 OK
2026-06-16 18:26:27,102 INFO RPBH.N0000 OK
2026-06-16 18:26:27,134 INFO SIL.N0000 OK
2026-06-16 18:26:27,159 INFO SDB.N0000 OK
2026-06-16 18:26:27,176 INFO SDF.N0000 OK
2026-06-16 18:26:27,205 INFO SMOT.N0000 OK
2026-06-16 18:26:27,293 INFO SFCL.N0000 OK
2026-06-16 18:26:27,379 INFO SHOT.N0000 OK
2026-06-16 18:26:27,836 INFO SHOT.X0000 OK
2026-06-16 18:26:27,866 INFO SEYB.N0000 OK
2026-06-16 18:26:27,900 INFO SLND.N0000 OK
2026-06-16 18:26:27,904 INFO SEYB.X0000 OK
2026-06-16 18:26:27,962 INFO SIGV.N0000 OK
2026-06-16 18:26:27,969 INFO SIRA.N0000 OK
2026-06-16 18:26:27,985 INFO SINS.N0000 OK
2026-06-16 18:26:27,992 INFO CSD.N0000 OK
2026-06-16 18:26:28,109 INFO SFIN.N0000 OK
2026-06-16 18:26:28,160 INFO SINH.N0000 OK
2026-06-16 18:26:28,647 INFO SEMB.N0000 OK
2026-06-16 18:26:28,685 INFO SEMB.X0000 OK
2026-06-16 18:26:28,734 INFO CRL.N0000 OK
2026-06-16 18:26:28,742 INFO SCAP.N0000 OK
2026-06-16 18:26:28,760 INFO SING.N0000 OK
2026-06-16 18:26:28,784 INFO SHL.N0000 OK
2026-06-16 18:26:28,797 INFO AAIC.N0000 OK
2026-06-16 18:26:28,817 INFO SLTL.N0000 OK
2026-06-16 18:26:28,896 INFO SUN.N0000 OK
2026-06-16 18:26:28,951 INFO SWAD.N0000 OK
2026-06-16 18:26:29,424 INFO PARQ.N0000 OK
2026-06-16 18:26:29,459 INFO TAJ.N0000 OK
2026-06-16 18:26:29,555 INFO TPL.N0000 OK
2026-06-16 18:26:29,576 INFO TANG.N0000 OK
2026-06-16 18:26:29,582 INFO TSML.N0000 OK
2026-06-16 18:26:29,604 INFO TJL.N0000 OK
2026-06-16 18:26:29,608 INFO TESS.N0000 OK
2026-06-16 18:26:29,616 INFO TESS.X0000 OK
2026-06-16 18:26:29,680 INFO LHL.N0000 OK
2026-06-16 18:26:29,743 INFO AUTO.N0000 OK
2026-06-16 18:26:30,221 INFO CFLB.N0000 OK
2026-06-16 18:26:30,240 INFO RHTL.N0000 OK
2026-06-16 18:26:30,347 INFO KHC.N0000 OK
2026-06-16 18:26:30,381 INFO LHCL.N0000 OK
2026-06-16 18:26:30,385 INFO SERV.N0000 OK
2026-06-16 18:26:30,439 INFO NEH.N0000 OK
2026-06-16 18:26:30,444 INFO TKYO.N0000 OK
2026-06-16 18:26:30,449 INFO TAFL.N0000 OK
2026-06-16 18:26:30,461 INFO TKYO.X0000 OK
2026-06-16 18:26:30,531 INFO TRAN.N0000 OK
2026-06-16 18:26:31,028 INFO UDPL.N0000 OK
2026-06-16 18:26:31,095 INFO UBF.N0000 OK
2026-06-16 18:26:31,126 INFO UAL.N0000 OK
2026-06-16 18:26:31,179 INFO UCAR.N0000 OK
2026-06-16 18:26:31,196 INFO UBC.N0000 OK
2026-06-16 18:26:31,239 INFO UML.N0000 OK
2026-06-16 18:26:31,258 INFO VFIN.N0000 OK
2026-06-16 18:26:31,258 INFO VONE.N0000 OK
2026-06-16 18:26:31,514 INFO VLL.N0000 OK
2026-06-16 18:26:31,517 INFO VPEL.N0000 OK
2026-06-16 18:26:31,814 INFO VLL.X0000 OK
2026-06-16 18:26:31,878 INFO CITW.N0000 OK
2026-06-16 18:26:31,917 INFO WATA.N0000 OK
2026-06-16 18:26:31,961 INFO WIND.N0000 OK
2026-06-16 18:26:31,981 INFO YORK.N0000 OK
2026-06-16 18:26:32,021 INFO WLTH.N0000 OK
2026-06-16 18:26:32,041 INFO JXG.N0000 OK
2026-06-16 18:26:32,059 INFO Wrote 302 rows to /home/runner/work/cse-scraper/cse-scraper/data/2026-06-16/all_company_info_2026-06-16.csv
2026-06-16 18:26:32,060 INFO Symbols: 302, success: 302, failures: 0
