2026-05-29 17:31:59,931 INFO Saved: data/2026-05-29/tradeSummary_2026-05-29.json
2026-05-29 17:32:00,942 INFO Saved: data/2026-05-29/todaySharePrice_2026-05-29.json
2026-05-29 17:32:02,078 INFO Saved: data/2026-05-29/topGainers_2026-05-29.json
2026-05-29 17:32:03,336 INFO Saved: data/2026-05-29/topLooses_2026-05-29.json
2026-05-29 17:32:05,245 INFO Saved: data/2026-05-29/mostActiveTrades_2026-05-29.json
2026-05-29 17:32:06,248 INFO Saved: data/2026-05-29/marketSummery_2026-05-29.json
2026-05-29 17:32:07,391 INFO Saved: data/2026-05-29/aspiData_2026-05-29.json
2026-05-29 17:32:08,260 INFO Saved: data/2026-05-29/snpData_2026-05-29.json
2026-05-29 17:32:09,245 INFO Saved: data/2026-05-29/allSectors_2026-05-29.json
2026-05-29 17:32:10,631 INFO Saved: data/2026-05-29/detailedTrades_2026-05-29.json
2026-05-29 17:32:11,552 INFO Saved: data/2026-05-29/dailyMarketSummery_2026-05-29.json
2026-05-29 17:32:12,645 INFO Saved: data/2026-05-29/getContributors_2026-05-29.json
2026-05-29 17:32:13,373 INFO Saved: data/2026-05-29/getContributorsChart_2026-05-29.json
2026-05-29 17:32:13,373 INFO Saved 13 files (0 errors)
2026-05-29 17:32:14,903 INFO AFSL.N0000 OK
2026-05-29 17:32:14,948 INFO ABAN.N0000 OK
2026-05-29 17:32:15,041 INFO AGST.N0000 OK
2026-05-29 17:32:15,061 INFO AEL.N0000 OK
2026-05-29 17:32:15,069 INFO AGPL.N0000 OK
2026-05-29 17:32:15,114 INFO AGAL.N0000 OK
2026-05-29 17:32:15,123 INFO ACL.N0000 OK
2026-05-29 17:32:15,125 INFO APLA.N0000 OK
2026-05-29 17:32:15,134 INFO ACME.N0000 OK
2026-05-29 17:32:15,136 INFO AGST.X0000 OK
2026-05-29 17:32:16,084 INFO AHUN.N0000 OK
2026-05-29 17:32:16,110 INFO TAP.N0000 OK
2026-05-29 17:32:16,110 INFO AFS.N0000 OK
2026-05-29 17:32:16,150 INFO GREG.N0000 OK
2026-05-29 17:32:16,164 INFO ATL.N0000 OK
2026-05-29 17:32:16,170 INFO SPEN.N0000 OK
2026-05-29 17:32:16,183 INFO ATLL.N0000 OK
2026-05-29 17:32:16,186 INFO ABL.N0000 OK
2026-05-29 17:32:16,186 INFO ALUM.N0000 OK
2026-05-29 17:32:16,191 INFO ALLI.N0000 OK
2026-05-29 17:32:16,752 INFO ALHP.N0000 OK
2026-05-29 17:32:16,763 INFO AMCL.N0000 OK
2026-05-29 17:32:16,837 INFO AINS.N0000 OK
2026-05-29 17:32:17,388 INFO ACAP.N0000 OK
2026-05-29 17:32:17,417 INFO BFL.N0000 OK
2026-05-29 17:32:17,425 INFO AHPL.N0000 OK
2026-05-29 17:32:17,431 INFO ASIR.N0000 OK
2026-05-29 17:32:17,497 INFO ASIY.N0000 OK
2026-05-29 17:32:17,518 INFO AMSL.N0000 OK
2026-05-29 17:32:17,519 INFO BPPL.N0000 OK
2026-05-29 17:32:17,523 INFO AMF.N0000 OK
2026-05-29 17:32:17,557 INFO AAF.N0000 OK
2026-05-29 17:32:17,919 INFO BALA.N0000 OK
2026-05-29 17:32:18,084 INFO BLI.N0000 OK
2026-05-29 17:32:18,087 INFO BRR.N0000 OK
2026-05-29 17:32:18,088 INFO BLUE.X0000 OK
2026-05-29 17:32:18,119 INFO BERU.N0000 OK
2026-05-29 17:32:18,132 INFO BLUE.N0000 OK
2026-05-29 17:32:18,521 INFO BRWN.N0000 OK
2026-05-29 17:32:18,531 INFO BOPL.N0000 OK
2026-05-29 17:32:18,546 INFO BOGA.N0000 OK
2026-05-29 17:32:18,554 INFO BIL.N0000 OK
2026-05-29 17:32:18,628 INFO BUKI.N0000 OK
2026-05-29 17:32:18,754 INFO CIC.N0000 OK
2026-05-29 17:32:18,803 INFO CIC.X0000 OK
2026-05-29 17:32:18,851 INFO CTHR.N0000 OK
2026-05-29 17:32:18,855 INFO CTLD.N0000 OK
2026-05-29 17:32:18,861 INFO COLO.N0000 OK
2026-05-29 17:32:19,225 INFO CWM.N0000 OK
2026-05-29 17:32:19,265 INFO CSLK.N0000 OK
2026-05-29 17:32:19,607 INFO CALH.N0000 OK
2026-05-29 17:32:19,673 INFO CFIN.N0000 OK
2026-05-29 17:32:19,683 INFO CIND.N0000 OK
2026-05-29 17:32:19,695 INFO CABO.N0000 OK
2026-05-29 17:32:19,717 INFO CALT.N0000 OK
2026-05-29 17:32:19,721 INFO CARG.N0000 OK
2026-05-29 17:32:19,730 INFO CBNK.N0000 OK
2026-05-29 17:32:19,737 INFO CARS.N0000 OK
2026-05-29 17:32:19,940 INFO CINS.N0000 OK
2026-05-29 17:32:19,958 INFO CINS.X0000 OK
2026-05-29 17:32:21,563 INFO KZOO.N0000 OK
2026-05-29 17:32:21,642 INFO CCS.N0000 OK
2026-05-29 17:32:21,663 INFO CHOT.N0000 OK
2026-05-29 17:32:21,685 INFO CTBL.N0000 OK
2026-05-29 17:32:21,708 INFO CHL.X0000 OK
2026-05-29 17:32:21,718 INFO CINV.N0000 OK
2026-05-29 17:32:21,722 INFO CHL.N0000 OK
2026-05-29 17:32:21,725 INFO GRAN.N0000 OK
2026-05-29 17:32:21,727 INFO BREW.N0000 OK
2026-05-29 17:32:21,733 INFO GUAR.N0000 OK
2026-05-29 17:32:22,266 INFO CTC.N0000 OK
2026-05-29 17:32:22,765 INFO CDB.X0000 OK
2026-05-29 17:32:22,774 INFO CHOU.N0000 OK
2026-05-29 17:32:22,852 INFO CDB.N0000 OK
2026-05-29 17:32:22,860 INFO COOP.N0000 OK
2026-05-29 17:32:22,888 INFO CHMX.N0000 OK
2026-05-29 17:32:22,893 INFO PHAR.N0000 OK
2026-05-29 17:32:22,910 INFO REEF.N0000 OK
2026-05-29 17:32:22,917 INFO CWL.N0000 OK
2026-05-29 17:32:22,921 INFO LLUB.N0000 OK
2026-05-29 17:32:22,975 INFO DOCK.N0000 OK
2026-05-29 17:32:23,490 INFO CFI.N0000 OK
2026-05-29 17:32:23,494 INFO CIT.N0000 OK
2026-05-29 17:32:23,533 INFO COMB.X0000 OK
2026-05-29 17:32:23,563 INFO COMB.N0000 OK
2026-05-29 17:32:23,573 INFO CLND.N0000 OK
2026-05-29 17:32:23,618 INFO COCR.N0000 OK
2026-05-29 17:32:23,952 INFO SOY.N0000 OK
2026-05-29 17:32:23,961 INFO COMD.N0000 OK
2026-05-29 17:32:23,970 INFO DPL.N0000 OK
2026-05-29 17:32:23,987 INFO DFCC.N0000 OK
2026-05-29 17:32:24,130 INFO DIAL.N0000 OK
2026-05-29 17:32:24,200 INFO CALF.N0000 OK
2026-05-29 17:32:24,223 INFO DIMO.N0000 OK
2026-05-29 17:32:24,274 INFO CTEA.N0000 OK
2026-05-29 17:32:24,295 INFO PKME.N0000 OK
2026-05-29 17:32:24,308 INFO DIPD.N0000 OK
2026-05-29 17:32:24,689 INFO DIST.N0000 OK
2026-05-29 17:32:24,705 INFO EBCR.N0000 OK
2026-05-29 17:32:24,715 INFO STAF.N0000 OK
2026-05-29 17:32:24,730 INFO ECL.N0000 OK
2026-05-29 17:32:25,269 INFO EAST.N0000 OK
2026-05-29 17:32:25,327 INFO EML.N0000 OK
2026-05-29 17:32:25,328 INFO ELPL.N0000 OK
2026-05-29 17:32:25,344 INFO EMER.N0000 OK
2026-05-29 17:32:25,347 INFO ETWO.N0000 OK
2026-05-29 17:32:25,350 INFO EDEN.N0000 OK
2026-05-29 17:32:25,391 INFO PACK.N0000 OK
2026-05-29 17:32:25,432 INFO EXT.N0000 OK
2026-05-29 17:32:25,454 INFO FCT.N0000 OK
2026-05-29 17:32:25,480 INFO CFVF.N0000 OK
2026-05-29 17:32:25,925 INFO GHLL.N0000 OK
2026-05-29 17:32:26,083 INFO WAPO.N0000 OK
2026-05-29 17:32:26,104 INFO GEST.N0000 OK
2026-05-29 17:32:26,106 INFO HNB.X0000 OK
2026-05-29 17:32:26,147 INFO MEL.N0000 OK
2026-05-29 17:32:26,158 INFO HARI.N0000 OK
2026-05-29 17:32:26,161 INFO HAPU.N0000 OK
2026-05-29 17:32:26,177 INFO HPL.N0000 OK
2026-05-29 17:32:26,179 INFO HNB.N0000 OK
2026-05-29 17:32:26,209 INFO HAYC.N0000 OK
2026-05-29 17:32:26,624 INFO MGT.N0000 OK
2026-05-29 17:32:26,778 INFO HEXP.N0000 OK
2026-05-29 17:32:26,841 INFO CONN.N0000 OK
2026-05-29 17:32:26,844 INFO HHL.N0000 OK
2026-05-29 17:32:26,851 INFO HAYL.N0000 OK
2026-05-29 17:32:26,867 INFO HELA.N0000 OK
2026-05-29 17:32:26,897 INFO CITH.N0000 OK
2026-05-29 17:32:26,923 INFO HASU.N0000 OK
2026-05-29 17:32:26,932 INFO HNBF.X0000 OK
2026-05-29 17:32:26,947 INFO HNBF.N0000 OK
2026-05-29 17:32:27,322 INFO HOPL.N0000 OK
2026-05-29 17:32:27,492 INFO HSIG.N0000 OK
2026-05-29 17:32:27,573 INFO HDFC.N0000 OK
2026-05-29 17:32:27,621 INFO HBS.N0000 OK
2026-05-29 17:32:27,624 INFO HUNT.N0000 OK
2026-05-29 17:32:27,635 INFO HUNA.N0000 OK
2026-05-29 17:32:27,673 INFO HVA.N0000 OK
2026-05-29 17:32:27,695 INFO ASPH.N0000 OK
2026-05-29 17:32:27,705 INFO BFN.N0000 OK
2026-05-29 17:32:27,712 INFO INME.N0000 OK
2026-05-29 17:32:28,046 INFO JINS.N0000 OK
2026-05-29 17:32:28,211 INFO JAT.N0000 OK
2026-05-29 17:32:28,293 INFO JETS.N0000 OK
2026-05-29 17:32:28,376 INFO JKH.N0000 OK
2026-05-29 17:32:28,428 INFO KHL.N0000 OK
2026-05-29 17:32:28,453 INFO JKL.N0000 OK
2026-05-29 17:32:28,509 INFO JFP.N0000 OK
2026-05-29 17:32:28,512 INFO KAHA.N0000 OK
2026-05-29 17:32:28,516 INFO KFP.N0000 OK
2026-05-29 17:32:28,582 INFO KPHL.N0000 OK
2026-05-29 17:32:28,780 INFO KGAL.N0000 OK
2026-05-29 17:32:28,842 INFO KCAB.N0000 OK
2026-05-29 17:32:28,995 INFO TYRE.N0000 OK
2026-05-29 17:32:29,062 INFO KDL.N0000 OK
2026-05-29 17:32:29,144 INFO KVAL.N0000 OK
2026-05-29 17:32:29,166 INFO CPRT.N0000 OK
2026-05-29 17:32:29,275 INFO LOLC.N0000 OK
2026-05-29 17:32:29,296 INFO KOTA.N0000 OK
2026-05-29 17:32:29,300 INFO LAMB.N0000 OK
2026-05-29 17:32:29,323 INFO LVEF.N0000 OK
2026-05-29 17:32:29,486 INFO LPRT.N0000 OK
2026-05-29 17:32:29,557 INFO LALU.N0000 OK
2026-05-29 17:32:29,685 INFO ASHO.N0000 OK
2026-05-29 17:32:29,799 INFO CERA.N0000 OK
2026-05-29 17:32:29,846 INFO LCBF.N0000 OK
2026-05-29 17:32:29,857 INFO LIOC.N0000 OK
2026-05-29 17:32:29,944 INFO TILE.N0000 OK
2026-05-29 17:32:29,990 INFO LMF.N0000 OK
2026-05-29 17:32:30,034 INFO ASCO.N0000 OK
2026-05-29 17:32:30,042 INFO LVEN.N0000 OK
2026-05-29 17:32:30,113 INFO LWL.N0000 OK
2026-05-29 17:32:30,181 INFO LCEY.N0000 OK
2026-05-29 17:32:30,400 INFO LDEV.N0000 OK
2026-05-29 17:32:30,428 INFO LGL.N0000 OK
2026-05-29 17:32:30,547 INFO LGL.X0000 OK
2026-05-29 17:32:30,593 INFO LPL.N0000 OK
2026-05-29 17:32:30,660 INFO LPL.X0000 OK
2026-05-29 17:32:30,663 INFO LFIN.N0000 OK
2026-05-29 17:32:30,688 INFO LITE.N0000 OK
2026-05-29 17:32:30,746 INFO SHAW.N0000 OK
2026-05-29 17:32:30,810 INFO LION.N0000 OK
2026-05-29 17:32:30,878 INFO LOFC.N0000 OK
2026-05-29 17:32:31,117 INFO HPFL.N0000 OK
2026-05-29 17:32:31,123 INFO LGIL.N0000 OK
2026-05-29 17:32:31,257 INFO LUMX.N0000 OK
2026-05-29 17:32:31,308 INFO MADU.N0000 OK
2026-05-29 17:32:31,375 INFO MRH.N0000 OK
2026-05-29 17:32:31,400 INFO MFPE.N0000 OK
2026-05-29 17:32:31,420 INFO MCPL.N0000 OK
2026-05-29 17:32:31,430 INFO MAL.N0000 OK
2026-05-29 17:32:31,549 INFO MAL.X0000 OK
2026-05-29 17:32:31,581 INFO MARA.N0000 OK
2026-05-29 17:32:31,825 INFO MELS.N0000 OK
2026-05-29 17:32:31,835 INFO MASK.N0000 OK
2026-05-29 17:32:31,949 INFO MERC.N0000 OK
2026-05-29 17:32:32,012 INFO MSL.N0000 OK
2026-05-29 17:32:32,094 INFO MBSL.N0000 OK
2026-05-29 17:32:32,099 INFO MHDL.N0000 OK
2026-05-29 17:32:32,138 INFO MULL.N0000 OK
2026-05-29 17:32:32,162 INFO MDL.N0000 OK
2026-05-29 17:32:32,217 INFO CSF.N0000 OK
2026-05-29 17:32:32,254 INFO NAMU.N0000 OK
2026-05-29 17:32:32,535 INFO NDB.N0000 OK
2026-05-29 17:32:32,539 INFO NTB.N0000 OK
2026-05-29 17:32:32,642 INFO NTB.X0000 OK
2026-05-29 17:32:32,708 INFO NHL.N0000 OK
2026-05-29 17:32:32,817 INFO ODEL.N0000 OK
2026-05-29 17:32:32,847 INFO OFEQ.N0000 OK
2026-05-29 17:32:32,920 INFO OSEA.N0000 OK
2026-05-29 17:32:32,971 INFO ONAL.N0000 OK
2026-05-29 17:32:32,992 INFO PALM.N0000 OK
2026-05-29 17:32:33,002 INFO PABC.N0000 OK
2026-05-29 17:32:33,241 INFO PAP.N0000 OK
2026-05-29 17:32:33,244 INFO PARA.N0000 OK
2026-05-29 17:32:33,314 INFO PEG.N0000 OK
2026-05-29 17:32:33,430 INFO PINS.N0000 OK
2026-05-29 17:32:33,510 INFO PLC.N0000 OK
2026-05-29 17:32:33,565 INFO GLAS.N0000 OK
2026-05-29 17:32:33,608 INFO PMB.N0000 OK
2026-05-29 17:32:33,681 INFO PLR.N0000 OK
2026-05-29 17:32:33,696 INFO CARE.N0000 OK
2026-05-29 17:32:33,721 INFO RIL.N0000 OK
2026-05-29 17:32:33,955 INFO RGEM.N0000 OK
2026-05-29 17:32:33,960 INFO RWSL.N0000 OK
2026-05-29 17:32:34,007 INFO RFL.N0000 OK
2026-05-29 17:32:34,120 INFO RAL.N0000 OK
2026-05-29 17:32:34,214 INFO RENU.N0000 OK
2026-05-29 17:32:34,262 INFO COCO.N0000 OK
2026-05-29 17:32:34,321 INFO COCO.X0000 OK
2026-05-29 17:32:34,390 INFO RHL.X0000 OK
2026-05-29 17:32:34,424 INFO RHL.N0000 OK
2026-05-29 17:32:34,440 INFO RCH.N0000 OK
2026-05-29 17:32:34,665 INFO RICH.N0000 OK
2026-05-29 17:32:34,673 INFO HPWR.N0000 OK
2026-05-29 17:32:34,711 INFO REXP.N0000 OK
2026-05-29 17:32:34,822 INFO RCL.N0000 OK
2026-05-29 17:32:34,914 INFO RPBH.N0000 OK
2026-05-29 17:32:34,975 INFO SAMP.N0000 OK
2026-05-29 17:32:35,057 INFO SIL.N0000 OK
2026-05-29 17:32:35,081 INFO SMOT.N0000 OK
2026-05-29 17:32:35,099 INFO SDB.N0000 OK
2026-05-29 17:32:35,147 INFO SDF.N0000 OK
2026-05-29 17:32:35,365 INFO SFCL.N0000 OK
2026-05-29 17:32:35,388 INFO SHOT.N0000 OK
2026-05-29 17:32:35,423 INFO SHOT.X0000 OK
2026-05-29 17:32:35,555 INFO SLND.N0000 OK
2026-05-29 17:32:35,615 INFO SEYB.N0000 OK
2026-05-29 17:32:35,662 INFO SEYB.X0000 OK
2026-05-29 17:32:35,763 INFO CSD.N0000 OK
2026-05-29 17:32:35,777 INFO SIRA.N0000 OK
2026-05-29 17:32:35,807 INFO SIGV.N0000 OK
2026-05-29 17:32:35,846 INFO SINS.N0000 OK
2026-05-29 17:32:36,083 INFO SINH.N0000 OK
2026-05-29 17:32:36,105 INFO SFIN.N0000 OK
2026-05-29 17:32:36,153 INFO SEMB.N0000 OK
2026-05-29 17:32:36,256 INFO SEMB.X0000 OK
2026-05-29 17:32:36,370 INFO CRL.N0000 OK
2026-05-29 17:32:36,417 INFO SCAP.N0000 OK
2026-05-29 17:32:36,477 INFO SING.N0000 OK
2026-05-29 17:32:36,486 INFO SHL.N0000 OK
2026-05-29 17:32:36,498 INFO SLTL.N0000 OK
2026-05-29 17:32:36,535 INFO AAIC.N0000 OK
2026-05-29 17:32:36,779 INFO SUN.N0000 OK
2026-05-29 17:32:36,798 INFO SWAD.N0000 OK
2026-05-29 17:32:36,846 INFO PARQ.N0000 OK
2026-05-29 17:32:36,954 INFO TAJ.N0000 OK
2026-05-29 17:32:37,061 INFO TPL.N0000 OK
2026-05-29 17:32:37,130 INFO TANG.N0000 OK
2026-05-29 17:32:37,231 INFO TSML.N0000 OK
2026-05-29 17:32:37,246 INFO TJL.N0000 OK
2026-05-29 17:32:37,252 INFO TESS.N0000 OK
2026-05-29 17:32:37,253 INFO TESS.X0000 OK
2026-05-29 17:32:37,520 INFO AUTO.N0000 OK
2026-05-29 17:32:37,540 INFO LHL.N0000 OK
2026-05-29 17:32:37,564 INFO CFLB.N0000 OK
2026-05-29 17:32:37,663 INFO RHTL.N0000 OK
2026-05-29 17:32:37,810 INFO KHC.N0000 OK
2026-05-29 17:32:37,825 INFO SERV.N0000 OK
2026-05-29 17:32:37,949 INFO LHCL.N0000 OK
2026-05-29 17:32:37,992 INFO NEH.N0000 OK
2026-05-29 17:32:38,001 INFO TAFL.N0000 OK
2026-05-29 17:32:38,056 INFO TKYO.N0000 OK
2026-05-29 17:32:38,216 INFO TKYO.X0000 OK
2026-05-29 17:32:38,250 INFO TRAN.N0000 OK
2026-05-29 17:32:38,275 INFO UBF.N0000 OK
2026-05-29 17:32:38,363 INFO UDPL.N0000 OK
2026-05-29 17:32:38,512 INFO UAL.N0000 OK
2026-05-29 17:32:38,518 INFO UBC.N0000 OK
2026-05-29 17:32:38,628 INFO UML.N0000 OK
2026-05-29 17:32:38,680 INFO UCAR.N0000 OK
2026-05-29 17:32:38,683 INFO VONE.N0000 OK
2026-05-29 17:32:38,713 INFO VFIN.N0000 OK
2026-05-29 17:32:38,950 INFO VPEL.N0000 OK
2026-05-29 17:32:38,955 INFO VLL.N0000 OK
2026-05-29 17:32:38,981 INFO VLL.X0000 OK
2026-05-29 17:32:39,093 INFO CITW.N0000 OK
2026-05-29 17:32:39,219 INFO WATA.N0000 OK
2026-05-29 17:32:39,221 INFO WIND.N0000 OK
2026-05-29 17:32:39,323 INFO YORK.N0000 OK
2026-05-29 17:32:39,400 INFO WLTH.N0000 OK
2026-05-29 17:32:39,402 INFO JXG.N0000 OK
2026-05-29 17:32:39,418 INFO Wrote 302 rows to /home/runner/work/cse-scraper/cse-scraper/data/2026-05-29/all_company_info_2026-05-29.csv
2026-05-29 17:32:39,418 INFO Symbols: 302, success: 302, failures: 0
