2026-06-10 16:56:18,640 INFO Saved: data/2026-06-10/tradeSummary_2026-06-10.json
2026-06-10 16:56:19,568 INFO Saved: data/2026-06-10/todaySharePrice_2026-06-10.json
2026-06-10 16:56:20,235 INFO Saved: data/2026-06-10/topGainers_2026-06-10.json
2026-06-10 16:56:21,715 INFO Saved: data/2026-06-10/topLooses_2026-06-10.json
2026-06-10 16:56:22,622 INFO Saved: data/2026-06-10/mostActiveTrades_2026-06-10.json
2026-06-10 16:56:23,569 INFO Saved: data/2026-06-10/marketSummery_2026-06-10.json
2026-06-10 16:56:25,248 INFO Saved: data/2026-06-10/aspiData_2026-06-10.json
2026-06-10 16:56:25,909 INFO Saved: data/2026-06-10/snpData_2026-06-10.json
2026-06-10 16:56:26,580 INFO Saved: data/2026-06-10/allSectors_2026-06-10.json
2026-06-10 16:56:27,681 INFO Saved: data/2026-06-10/detailedTrades_2026-06-10.json
2026-06-10 16:56:29,967 INFO Saved: data/2026-06-10/dailyMarketSummery_2026-06-10.json
2026-06-10 16:56:30,692 INFO Saved: data/2026-06-10/getContributors_2026-06-10.json
2026-06-10 16:56:31,907 INFO Saved: data/2026-06-10/getContributorsChart_2026-06-10.json
2026-06-10 16:56:31,907 INFO Saved 13 files (0 errors)
2026-06-10 16:56:33,593 INFO AGST.N0000 OK
2026-06-10 16:56:33,602 INFO AGST.X0000 OK
2026-06-10 16:56:33,618 INFO AEL.N0000 OK
2026-06-10 16:56:33,620 INFO AFSL.N0000 OK
2026-06-10 16:56:33,623 INFO ACME.N0000 OK
2026-06-10 16:56:33,636 INFO ABAN.N0000 OK
2026-06-10 16:56:33,660 INFO APLA.N0000 OK
2026-06-10 16:56:33,663 INFO ACL.N0000 OK
2026-06-10 16:56:33,671 INFO AGPL.N0000 OK
2026-06-10 16:56:33,675 INFO AGAL.N0000 OK
2026-06-10 16:56:34,615 INFO ALUM.N0000 OK
2026-06-10 16:56:34,702 INFO GREG.N0000 OK
2026-06-10 16:56:34,704 INFO AHUN.N0000 OK
2026-06-10 16:56:34,739 INFO SPEN.N0000 OK
2026-06-10 16:56:34,741 INFO AFS.N0000 OK
2026-06-10 16:56:34,747 INFO ATLL.N0000 OK
2026-06-10 16:56:34,761 INFO ALLI.N0000 OK
2026-06-10 16:56:34,762 INFO ABL.N0000 OK
2026-06-10 16:56:34,764 INFO TAP.N0000 OK
2026-06-10 16:56:34,769 INFO ATL.N0000 OK
2026-06-10 16:56:35,343 INFO AMCL.N0000 OK
2026-06-10 16:56:35,409 INFO ALHP.N0000 OK
2026-06-10 16:56:35,709 INFO AAF.N0000 OK
2026-06-10 16:56:35,756 INFO ACAP.N0000 OK
2026-06-10 16:56:35,785 INFO ASIY.N0000 OK
2026-06-10 16:56:35,798 INFO AMF.N0000 OK
2026-06-10 16:56:35,802 INFO AMSL.N0000 OK
2026-06-10 16:56:35,807 INFO ASIR.N0000 OK
2026-06-10 16:56:35,815 INFO AINS.N0000 OK
2026-06-10 16:56:35,884 INFO AHPL.N0000 OK
2026-06-10 16:56:36,085 INFO BPPL.N0000 OK
2026-06-10 16:56:36,141 INFO BFL.N0000 OK
2026-06-10 16:56:36,431 INFO BALA.N0000 OK
2026-06-10 16:56:36,484 INFO BRR.N0000 OK
2026-06-10 16:56:36,503 INFO BLUE.N0000 OK
2026-06-10 16:56:36,516 INFO BLI.N0000 OK
2026-06-10 16:56:36,522 INFO BERU.N0000 OK
2026-06-10 16:56:36,527 INFO BLUE.X0000 OK
2026-06-10 16:56:36,563 INFO BOGA.N0000 OK
2026-06-10 16:56:36,922 INFO BIL.N0000 OK
2026-06-10 16:56:37,040 INFO BOPL.N0000 OK
2026-06-10 16:56:37,078 INFO BRWN.N0000 OK
2026-06-10 16:56:37,663 INFO CIC.N0000 OK
2026-06-10 16:56:37,691 INFO BUKI.N0000 OK
2026-06-10 16:56:37,734 INFO CIC.X0000 OK
2026-06-10 16:56:37,739 INFO CTHR.N0000 OK
2026-06-10 16:56:37,743 INFO COLO.N0000 OK
2026-06-10 16:56:37,765 INFO CWM.N0000 OK
2026-06-10 16:56:37,775 INFO CTLD.N0000 OK
2026-06-10 16:56:37,778 INFO CSLK.N0000 OK
2026-06-10 16:56:38,262 INFO CALT.N0000 OK
2026-06-10 16:56:38,270 INFO CALH.N0000 OK
2026-06-10 16:56:38,424 INFO CARG.N0000 OK
2026-06-10 16:56:38,458 INFO CBNK.N0000 OK
2026-06-10 16:56:38,497 INFO CABO.N0000 OK
2026-06-10 16:56:38,542 INFO CIND.N0000 OK
2026-06-10 16:56:38,547 INFO CINS.N0000 OK
2026-06-10 16:56:38,551 INFO CINS.X0000 OK
2026-06-10 16:56:38,551 INFO CARS.N0000 OK
2026-06-10 16:56:38,552 INFO CFIN.N0000 OK
2026-06-10 16:56:38,990 INFO BREW.N0000 OK
2026-06-10 16:56:38,998 INFO CCS.N0000 OK
2026-06-10 16:56:39,174 INFO GRAN.N0000 OK
2026-06-10 16:56:39,177 INFO GUAR.N0000 OK
2026-06-10 16:56:39,261 INFO KZOO.N0000 OK
2026-06-10 16:56:39,264 INFO CHL.N0000 OK
2026-06-10 16:56:39,297 INFO CHL.X0000 OK
2026-06-10 16:56:39,326 INFO CHOT.N0000 OK
2026-06-10 16:56:39,360 INFO CTBL.N0000 OK
2026-06-10 16:56:39,406 INFO CINV.N0000 OK
2026-06-10 16:56:39,731 INFO CHMX.N0000 OK
2026-06-10 16:56:39,795 INFO CTC.N0000 OK
2026-06-10 16:56:39,929 INFO CWL.N0000 OK
2026-06-10 16:56:39,992 INFO LLUB.N0000 OK
2026-06-10 16:56:40,005 INFO CDB.N0000 OK
2026-06-10 16:56:40,008 INFO CDB.X0000 OK
2026-06-10 16:56:40,142 INFO PHAR.N0000 OK
2026-06-10 16:56:40,172 INFO CHOU.N0000 OK
2026-06-10 16:56:40,173 INFO REEF.N0000 OK
2026-06-10 16:56:40,177 INFO COOP.N0000 OK
2026-06-10 16:56:40,453 INFO DOCK.N0000 OK
2026-06-10 16:56:40,517 INFO CFI.N0000 OK
2026-06-10 16:56:40,657 INFO CIT.N0000 OK
2026-06-10 16:56:40,716 INFO CLND.N0000 OK
2026-06-10 16:56:40,759 INFO COMB.X0000 OK
2026-06-10 16:56:40,761 INFO COMB.N0000 OK
2026-06-10 16:56:40,896 INFO COCR.N0000 OK
2026-06-10 16:56:40,912 INFO COMD.N0000 OK
2026-06-10 16:56:40,928 INFO DPL.N0000 OK
2026-06-10 16:56:40,932 INFO SOY.N0000 OK
2026-06-10 16:56:41,195 INFO DFCC.N0000 OK
2026-06-10 16:56:41,250 INFO DIAL.N0000 OK
2026-06-10 16:56:41,394 INFO CALF.N0000 OK
2026-06-10 16:56:41,446 INFO DIMO.N0000 OK
2026-06-10 16:56:41,496 INFO PKME.N0000 OK
2026-06-10 16:56:41,509 INFO CTEA.N0000 OK
2026-06-10 16:56:41,634 INFO DIPD.N0000 OK
2026-06-10 16:56:41,649 INFO DIST.N0000 OK
2026-06-10 16:56:41,657 INFO ECL.N0000 OK
2026-06-10 16:56:41,675 INFO STAF.N0000 OK
2026-06-10 16:56:41,932 INFO EBCR.N0000 OK
2026-06-10 16:56:41,974 INFO EML.N0000 OK
2026-06-10 16:56:42,124 INFO EAST.N0000 OK
2026-06-10 16:56:42,169 INFO EMER.N0000 OK
2026-06-10 16:56:42,212 INFO EDEN.N0000 OK
2026-06-10 16:56:42,298 INFO ELPL.N0000 OK
2026-06-10 16:56:42,375 INFO ETWO.N0000 OK
2026-06-10 16:56:42,407 INFO PACK.N0000 OK
2026-06-10 16:56:42,427 INFO CFVF.N0000 OK
2026-06-10 16:56:42,430 INFO EXT.N0000 OK
2026-06-10 16:56:42,660 INFO FCT.N0000 OK
2026-06-10 16:56:42,703 INFO GHLL.N0000 OK
2026-06-10 16:56:42,902 INFO GEST.N0000 OK
2026-06-10 16:56:42,906 INFO MEL.N0000 OK
2026-06-10 16:56:42,959 INFO WAPO.N0000 OK
2026-06-10 16:56:43,044 INFO HAPU.N0000 OK
2026-06-10 16:56:43,113 INFO HARI.N0000 OK
2026-06-10 16:56:43,138 INFO HNB.N0000 OK
2026-06-10 16:56:43,173 INFO HPL.N0000 OK
2026-06-10 16:56:43,178 INFO HNB.X0000 OK
2026-06-10 16:56:43,368 INFO MGT.N0000 OK
2026-06-10 16:56:43,395 INFO HAYC.N0000 OK
2026-06-10 16:56:43,634 INFO HEXP.N0000 OK
2026-06-10 16:56:43,639 INFO CONN.N0000 OK
2026-06-10 16:56:43,688 INFO HAYL.N0000 OK
2026-06-10 16:56:43,781 INFO HELA.N0000 OK
2026-06-10 16:56:43,802 INFO CITH.N0000 OK
2026-06-10 16:56:43,834 INFO HHL.N0000 OK
2026-06-10 16:56:43,911 INFO HASU.N0000 OK
2026-06-10 16:56:43,915 INFO HNBF.N0000 OK
2026-06-10 16:56:44,115 INFO HNBF.X0000 OK
2026-06-10 16:56:44,124 INFO HOPL.N0000 OK
2026-06-10 16:56:44,377 INFO HSIG.N0000 OK
2026-06-10 16:56:44,382 INFO HDFC.N0000 OK
2026-06-10 16:56:44,415 INFO HBS.N0000 OK
2026-06-10 16:56:44,510 INFO HUNA.N0000 OK
2026-06-10 16:56:44,521 INFO HUNT.N0000 OK
2026-06-10 16:56:44,558 INFO HVA.N0000 OK
2026-06-10 16:56:44,653 INFO ASPH.N0000 OK
2026-06-10 16:56:44,656 INFO INME.N0000 OK
2026-06-10 16:56:44,855 INFO BFN.N0000 OK
2026-06-10 16:56:44,893 INFO JINS.N0000 OK
2026-06-10 16:56:45,115 INFO JAT.N0000 OK
2026-06-10 16:56:45,123 INFO JETS.N0000 OK
2026-06-10 16:56:45,172 INFO JKH.N0000 OK
2026-06-10 16:56:45,187 INFO JFP.N0000 OK
2026-06-10 16:56:45,254 INFO KHL.N0000 OK
2026-06-10 16:56:45,291 INFO JKL.N0000 OK
2026-06-10 16:56:45,406 INFO KAHA.N0000 OK
2026-06-10 16:56:45,413 INFO KPHL.N0000 OK
2026-06-10 16:56:45,593 INFO KFP.N0000 OK
2026-06-10 16:56:45,622 INFO KGAL.N0000 OK
2026-06-10 16:56:45,794 INFO KCAB.N0000 OK
2026-06-10 16:56:45,858 INFO TYRE.N0000 OK
2026-06-10 16:56:45,890 INFO KDL.N0000 OK
2026-06-10 16:56:45,927 INFO KVAL.N0000 OK
2026-06-10 16:56:45,975 INFO CPRT.N0000 OK
2026-06-10 16:56:46,012 INFO KOTA.N0000 OK
2026-06-10 16:56:46,159 INFO LOLC.N0000 OK
2026-06-10 16:56:46,161 INFO LAMB.N0000 OK
2026-06-10 16:56:46,269 INFO LVEF.N0000 OK
2026-06-10 16:56:46,346 INFO LPRT.N0000 OK
2026-06-10 16:56:46,538 INFO LALU.N0000 OK
2026-06-10 16:56:46,572 INFO ASHO.N0000 OK
2026-06-10 16:56:46,616 INFO CERA.N0000 OK
2026-06-10 16:56:46,659 INFO LCBF.N0000 OK
2026-06-10 16:56:46,693 INFO LIOC.N0000 OK
2026-06-10 16:56:46,732 INFO LMF.N0000 OK
2026-06-10 16:56:46,893 INFO ASCO.N0000 OK
2026-06-10 16:56:46,898 INFO TILE.N0000 OK
2026-06-10 16:56:46,991 INFO LVEN.N0000 OK
2026-06-10 16:56:47,085 INFO LWL.N0000 OK
2026-06-10 16:56:47,260 INFO LCEY.N0000 OK
2026-06-10 16:56:47,299 INFO LDEV.N0000 OK
2026-06-10 16:56:47,333 INFO LGL.N0000 OK
2026-06-10 16:56:47,383 INFO LGL.X0000 OK
2026-06-10 16:56:47,432 INFO LPL.N0000 OK
2026-06-10 16:56:47,455 INFO LPL.X0000 OK
2026-06-10 16:56:47,626 INFO LITE.N0000 OK
2026-06-10 16:56:47,633 INFO LFIN.N0000 OK
2026-06-10 16:56:47,720 INFO SHAW.N0000 OK
2026-06-10 16:56:47,812 INFO LION.N0000 OK
2026-06-10 16:56:47,918 INFO LOFC.N0000 OK
2026-06-10 16:56:48,020 INFO LGIL.N0000 OK
2026-06-10 16:56:48,064 INFO HPFL.N0000 OK
2026-06-10 16:56:48,100 INFO LUMX.N0000 OK
2026-06-10 16:56:48,157 INFO MADU.N0000 OK
2026-06-10 16:56:48,180 INFO MFPE.N0000 OK
2026-06-10 16:56:48,355 INFO MCPL.N0000 OK
2026-06-10 16:56:48,362 INFO MRH.N0000 OK
2026-06-10 16:56:48,441 INFO MAL.N0000 OK
2026-06-10 16:56:48,536 INFO MAL.X0000 OK
2026-06-10 16:56:48,652 INFO MARA.N0000 OK
2026-06-10 16:56:48,747 INFO MASK.N0000 OK
2026-06-10 16:56:48,792 INFO MELS.N0000 OK
2026-06-10 16:56:48,828 INFO MERC.N0000 OK
2026-06-10 16:56:48,887 INFO MSL.N0000 OK
2026-06-10 16:56:48,901 INFO MBSL.N0000 OK
2026-06-10 16:56:49,094 INFO MULL.N0000 OK
2026-06-10 16:56:49,100 INFO MHDL.N0000 OK
2026-06-10 16:56:49,158 INFO MDL.N0000 OK
2026-06-10 16:56:49,258 INFO NAMU.N0000 OK
2026-06-10 16:56:49,338 INFO CSF.N0000 OK
2026-06-10 16:56:49,471 INFO NDB.N0000 OK
2026-06-10 16:56:49,507 INFO NTB.N0000 OK
2026-06-10 16:56:49,543 INFO NTB.X0000 OK
2026-06-10 16:56:49,618 INFO NHL.N0000 OK
2026-06-10 16:56:49,621 INFO ODEL.N0000 OK
2026-06-10 16:56:49,836 INFO OFEQ.N0000 OK
2026-06-10 16:56:49,848 INFO ONAL.N0000 OK
2026-06-10 16:56:49,881 INFO OSEA.N0000 OK
2026-06-10 16:56:49,983 INFO PALM.N0000 OK
2026-06-10 16:56:50,065 INFO PABC.N0000 OK
2026-06-10 16:56:50,207 INFO PAP.N0000 OK
2026-06-10 16:56:50,226 INFO PARA.N0000 OK
2026-06-10 16:56:50,267 INFO PEG.N0000 OK
2026-06-10 16:56:50,300 INFO PLC.N0000 OK
2026-06-10 16:56:50,355 INFO PINS.N0000 OK
2026-06-10 16:56:50,577 INFO GLAS.N0000 OK
2026-06-10 16:56:50,598 INFO PMB.N0000 OK
2026-06-10 16:56:50,622 INFO PLR.N0000 OK
2026-06-10 16:56:50,705 INFO CARE.N0000 OK
2026-06-10 16:56:50,792 INFO RIL.N0000 OK
2026-06-10 16:56:50,944 INFO RGEM.N0000 OK
2026-06-10 16:56:50,948 INFO RWSL.N0000 OK
2026-06-10 16:56:51,004 INFO RFL.N0000 OK
2026-06-10 16:56:51,026 INFO RAL.N0000 OK
2026-06-10 16:56:51,083 INFO RENU.N0000 OK
2026-06-10 16:56:51,316 INFO COCO.N0000 OK
2026-06-10 16:56:51,331 INFO COCO.X0000 OK
2026-06-10 16:56:51,428 INFO RHL.N0000 OK
2026-06-10 16:56:51,428 INFO RHL.X0000 OK
2026-06-10 16:56:51,518 INFO RCH.N0000 OK
2026-06-10 16:56:51,685 INFO HPWR.N0000 OK
2026-06-10 16:56:51,692 INFO RICH.N0000 OK
2026-06-10 16:56:51,718 INFO REXP.N0000 OK
2026-06-10 16:56:51,745 INFO RCL.N0000 OK
2026-06-10 16:56:51,917 INFO RPBH.N0000 OK
2026-06-10 16:56:52,033 INFO SAMP.N0000 OK
2026-06-10 16:56:52,047 INFO SIL.N0000 OK
2026-06-10 16:56:52,168 INFO SDB.N0000 OK
2026-06-10 16:56:52,180 INFO SDF.N0000 OK
2026-06-10 16:56:52,239 INFO SMOT.N0000 OK
2026-06-10 16:56:52,377 INFO SHOT.N0000 OK
2026-06-10 16:56:52,407 INFO SFCL.N0000 OK
2026-06-10 16:56:52,440 INFO SHOT.X0000 OK
2026-06-10 16:56:52,496 INFO SLND.N0000 OK
2026-06-10 16:56:52,646 INFO SEYB.N0000 OK
2026-06-10 16:56:52,761 INFO SEYB.X0000 OK
2026-06-10 16:56:52,771 INFO CSD.N0000 OK
2026-06-10 16:56:52,903 INFO SIRA.N0000 OK
2026-06-10 16:56:52,909 INFO SIGV.N0000 OK
2026-06-10 16:56:52,973 INFO SINS.N0000 OK
2026-06-10 16:56:53,135 INFO SFIN.N0000 OK
2026-06-10 16:56:53,184 INFO SINH.N0000 OK
2026-06-10 16:56:53,209 INFO SEMB.N0000 OK
2026-06-10 16:56:53,237 INFO SEMB.X0000 OK
2026-06-10 16:56:53,383 INFO SCAP.N0000 OK
2026-06-10 16:56:53,513 INFO SHL.N0000 OK
2026-06-10 16:56:53,561 INFO CRL.N0000 OK
2026-06-10 16:56:53,644 INFO AAIC.N0000 OK
2026-06-10 16:56:53,707 INFO SING.N0000 OK
2026-06-10 16:56:53,738 INFO SLTL.N0000 OK
2026-06-10 16:56:53,863 INFO SUN.N0000 OK
2026-06-10 16:56:53,944 INFO SWAD.N0000 OK
2026-06-10 16:56:53,957 INFO PARQ.N0000 OK
2026-06-10 16:56:53,986 INFO TAJ.N0000 OK
2026-06-10 16:56:54,121 INFO TPL.N0000 OK
2026-06-10 16:56:54,256 INFO TANG.N0000 OK
2026-06-10 16:56:54,291 INFO TSML.N0000 OK
2026-06-10 16:56:54,469 INFO TESS.X0000 OK
2026-06-10 16:56:54,518 INFO TESS.N0000 OK
2026-06-10 16:56:54,522 INFO TJL.N0000 OK
2026-06-10 16:56:54,596 INFO LHL.N0000 OK
2026-06-10 16:56:54,691 INFO AUTO.N0000 OK
2026-06-10 16:56:54,710 INFO CFLB.N0000 OK
2026-06-10 16:56:54,738 INFO RHTL.N0000 OK
2026-06-10 16:56:54,865 INFO KHC.N0000 OK
2026-06-10 16:56:54,983 INFO SERV.N0000 OK
2026-06-10 16:56:55,023 INFO LHCL.N0000 OK
2026-06-10 16:56:55,208 INFO NEH.N0000 OK
2026-06-10 16:56:55,290 INFO TAFL.N0000 OK
2026-06-10 16:56:55,294 INFO TKYO.N0000 OK
2026-06-10 16:56:55,332 INFO TKYO.X0000 OK
2026-06-10 16:56:55,441 INFO UBF.N0000 OK
2026-06-10 16:56:55,444 INFO TRAN.N0000 OK
2026-06-10 16:56:55,488 INFO UDPL.N0000 OK
2026-06-10 16:56:55,595 INFO UAL.N0000 OK
2026-06-10 16:56:55,750 INFO UCAR.N0000 OK
2026-06-10 16:56:55,795 INFO UBC.N0000 OK
2026-06-10 16:56:56,032 INFO VFIN.N0000 OK
2026-06-10 16:56:56,050 INFO VONE.N0000 OK
2026-06-10 16:56:56,086 INFO VPEL.N0000 OK
2026-06-10 16:56:56,088 INFO UML.N0000 OK
2026-06-10 16:56:56,179 INFO VLL.X0000 OK
2026-06-10 16:56:56,193 INFO VLL.N0000 OK
2026-06-10 16:56:56,225 INFO CITW.N0000 OK
2026-06-10 16:56:56,321 INFO WATA.N0000 OK
2026-06-10 16:56:56,411 INFO WIND.N0000 OK
2026-06-10 16:56:56,520 INFO YORK.N0000 OK
2026-06-10 16:56:56,709 INFO JXG.N0000 OK
2026-06-10 16:56:56,776 INFO WLTH.N0000 OK
2026-06-10 16:56:56,790 INFO Wrote 302 rows to /home/runner/work/cse-scraper/cse-scraper/data/2026-06-10/all_company_info_2026-06-10.csv
2026-06-10 16:56:56,790 INFO Symbols: 302, success: 302, failures: 0
