2026-05-21 16:37:22,543 INFO Saved: data/2026-05-21/tradeSummary_2026-05-21.json
2026-05-21 16:37:23,420 INFO Saved: data/2026-05-21/todaySharePrice_2026-05-21.json
2026-05-21 16:37:24,502 INFO Saved: data/2026-05-21/topGainers_2026-05-21.json
2026-05-21 16:37:25,412 INFO Saved: data/2026-05-21/topLooses_2026-05-21.json
2026-05-21 16:37:26,038 INFO Saved: data/2026-05-21/mostActiveTrades_2026-05-21.json
2026-05-21 16:37:26,636 INFO Saved: data/2026-05-21/marketSummery_2026-05-21.json
2026-05-21 16:37:27,234 INFO Saved: data/2026-05-21/aspiData_2026-05-21.json
2026-05-21 16:37:27,844 INFO Saved: data/2026-05-21/snpData_2026-05-21.json
2026-05-21 16:37:29,286 INFO Saved: data/2026-05-21/allSectors_2026-05-21.json
2026-05-21 16:37:30,340 INFO Saved: data/2026-05-21/detailedTrades_2026-05-21.json
2026-05-21 16:37:32,211 INFO Saved: data/2026-05-21/dailyMarketSummery_2026-05-21.json
2026-05-21 16:37:32,875 INFO Saved: data/2026-05-21/getContributors_2026-05-21.json
2026-05-21 16:37:33,556 INFO Saved: data/2026-05-21/getContributorsChart_2026-05-21.json
2026-05-21 16:37:33,556 INFO Saved 13 files (0 errors)
2026-05-21 16:37:35,781 INFO AFSL.N0000 OK
2026-05-21 16:37:35,873 INFO AGST.N0000 OK
2026-05-21 16:37:35,873 INFO ABAN.N0000 OK
2026-05-21 16:37:35,879 INFO AGAL.N0000 OK
2026-05-21 16:37:35,889 INFO APLA.N0000 OK
2026-05-21 16:37:35,911 INFO AEL.N0000 OK
2026-05-21 16:37:35,921 INFO ACL.N0000 OK
2026-05-21 16:37:35,929 INFO ACME.N0000 OK
2026-05-21 16:37:36,002 INFO AGST.X0000 OK
2026-05-21 16:37:36,004 INFO AGPL.N0000 OK
2026-05-21 16:37:36,463 INFO AHUN.N0000 OK
2026-05-21 16:37:36,573 INFO AFS.N0000 OK
2026-05-21 16:37:36,612 INFO ATLL.N0000 OK
2026-05-21 16:37:36,635 INFO ALUM.N0000 OK
2026-05-21 16:37:36,637 INFO ABL.N0000 OK
2026-05-21 16:37:36,643 INFO ATL.N0000 OK
2026-05-21 16:37:36,664 INFO SPEN.N0000 OK
2026-05-21 16:37:36,762 INFO ALLI.N0000 OK
2026-05-21 16:37:37,668 INFO AAF.N0000 OK
2026-05-21 16:37:37,716 INFO AHPL.N0000 OK
2026-05-21 16:37:37,770 INFO ASIR.N0000 OK
2026-05-21 16:37:37,772 INFO AINS.N0000 OK
2026-05-21 16:37:37,773 INFO AMCL.N0000 OK
2026-05-21 16:37:37,773 INFO ASIY.N0000 OK
2026-05-21 16:37:37,815 INFO ALHP.N0000 OK
2026-05-21 16:37:37,817 INFO ACAP.N0000 OK
2026-05-21 16:37:37,868 INFO TAP.N0000 OK
2026-05-21 16:37:37,927 INFO GREG.N0000 OK
2026-05-21 16:37:38,349 INFO AMSL.N0000 OK
2026-05-21 16:37:38,391 INFO AMF.N0000 OK
2026-05-21 16:37:38,437 INFO BFL.N0000 OK
2026-05-21 16:37:38,452 INFO BLUE.X0000 OK
2026-05-21 16:37:38,457 INFO BPPL.N0000 OK
2026-05-21 16:37:38,500 INFO BALA.N0000 OK
2026-05-21 16:37:38,511 INFO BLUE.N0000 OK
2026-05-21 16:37:38,537 INFO BLI.N0000 OK
2026-05-21 16:37:38,608 INFO BRR.N0000 OK
2026-05-21 16:37:38,613 INFO BERU.N0000 OK
2026-05-21 16:37:39,059 INFO BOGA.N0000 OK
2026-05-21 16:37:39,070 INFO BOPL.N0000 OK
2026-05-21 16:37:39,139 INFO BIL.N0000 OK
2026-05-21 16:37:39,141 INFO BRWN.N0000 OK
2026-05-21 16:37:39,175 INFO CIC.N0000 OK
2026-05-21 16:37:39,181 INFO BUKI.N0000 OK
2026-05-21 16:37:39,211 INFO CIC.X0000 OK
2026-05-21 16:37:39,215 INFO COLO.N0000 OK
2026-05-21 16:37:39,280 INFO CTHR.N0000 OK
2026-05-21 16:37:39,293 INFO CTLD.N0000 OK
2026-05-21 16:37:39,753 INFO CWM.N0000 OK
2026-05-21 16:37:39,765 INFO CSLK.N0000 OK
2026-05-21 16:37:39,813 INFO CALT.N0000 OK
2026-05-21 16:37:39,831 INFO CALH.N0000 OK
2026-05-21 16:37:39,881 INFO CBNK.N0000 OK
2026-05-21 16:37:39,914 INFO CARG.N0000 OK
2026-05-21 16:37:39,927 INFO CARS.N0000 OK
2026-05-21 16:37:39,929 INFO CABO.N0000 OK
2026-05-21 16:37:39,940 INFO CFIN.N0000 OK
2026-05-21 16:37:39,973 INFO CIND.N0000 OK
2026-05-21 16:37:40,398 INFO BREW.N0000 OK
2026-05-21 16:37:40,453 INFO CINS.N0000 OK
2026-05-21 16:37:40,557 INFO GRAN.N0000 OK
2026-05-21 16:37:40,616 INFO GUAR.N0000 OK
2026-05-21 16:37:40,642 INFO CHL.X0000 OK
2026-05-21 16:37:40,645 INFO CHOT.N0000 OK
2026-05-21 16:37:40,648 INFO CHL.N0000 OK
2026-05-21 16:37:40,662 INFO CINV.N0000 OK
2026-05-21 16:37:40,752 INFO CINS.X0000 OK
2026-05-21 16:37:40,815 INFO CCS.N0000 OK
2026-05-21 16:37:41,053 INFO KZOO.N0000 OK
2026-05-21 16:37:41,110 INFO CTBL.N0000 OK
2026-05-21 16:37:41,219 INFO CTC.N0000 OK
2026-05-21 16:37:41,326 INFO CHMX.N0000 OK
2026-05-21 16:37:41,362 INFO CDB.N0000 OK
2026-05-21 16:37:41,362 INFO LLUB.N0000 OK
2026-05-21 16:37:41,368 INFO CWL.N0000 OK
2026-05-21 16:37:41,421 INFO REEF.N0000 OK
2026-05-21 16:37:41,424 INFO CDB.X0000 OK
2026-05-21 16:37:41,427 INFO CHOU.N0000 OK
2026-05-21 16:37:41,728 INFO COOP.N0000 OK
2026-05-21 16:37:41,796 INFO PHAR.N0000 OK
2026-05-21 16:37:41,882 INFO DOCK.N0000 OK
2026-05-21 16:37:42,028 INFO CLND.N0000 OK
2026-05-21 16:37:42,094 INFO CFI.N0000 OK
2026-05-21 16:37:42,124 INFO COCR.N0000 OK
2026-05-21 16:37:42,159 INFO COMB.X0000 OK
2026-05-21 16:37:42,173 INFO COMD.N0000 OK
2026-05-21 16:37:42,176 INFO CIT.N0000 OK
2026-05-21 16:37:42,182 INFO COMB.N0000 OK
2026-05-21 16:37:42,396 INFO SOY.N0000 OK
2026-05-21 16:37:42,458 INFO DPL.N0000 OK
2026-05-21 16:37:42,562 INFO DFCC.N0000 OK
2026-05-21 16:37:42,656 INFO DIAL.N0000 OK
2026-05-21 16:37:42,767 INFO DIPD.N0000 OK
2026-05-21 16:37:42,808 INFO DIMO.N0000 OK
2026-05-21 16:37:42,812 INFO CALF.N0000 OK
2026-05-21 16:37:42,854 INFO PKME.N0000 OK
2026-05-21 16:37:42,865 INFO CTEA.N0000 OK
2026-05-21 16:37:42,888 INFO DIST.N0000 OK
2026-05-21 16:37:43,071 INFO STAF.N0000 OK
2026-05-21 16:37:43,144 INFO ECL.N0000 OK
2026-05-21 16:37:43,361 INFO EBCR.N0000 OK
2026-05-21 16:37:43,373 INFO EML.N0000 OK
2026-05-21 16:37:43,527 INFO EDEN.N0000 OK
2026-05-21 16:37:43,541 INFO EAST.N0000 OK
2026-05-21 16:37:43,585 INFO EMER.N0000 OK
2026-05-21 16:37:43,588 INFO ELPL.N0000 OK
2026-05-21 16:37:43,606 INFO PACK.N0000 OK
2026-05-21 16:37:43,638 INFO ETWO.N0000 OK
2026-05-21 16:37:43,768 INFO EXT.N0000 OK
2026-05-21 16:37:43,832 INFO CFVF.N0000 OK
2026-05-21 16:37:44,041 INFO GHLL.N0000 OK
2026-05-21 16:37:44,070 INFO FCT.N0000 OK
2026-05-21 16:37:44,185 INFO WAPO.N0000 OK
2026-05-21 16:37:44,216 INFO GEST.N0000 OK
2026-05-21 16:37:44,284 INFO HAPU.N0000 OK
2026-05-21 16:37:44,304 INFO MEL.N0000 OK
2026-05-21 16:37:44,306 INFO HARI.N0000 OK
2026-05-21 16:37:44,333 INFO HNB.N0000 OK
2026-05-21 16:37:44,441 INFO HNB.X0000 OK
2026-05-21 16:37:44,488 INFO HPL.N0000 OK
2026-05-21 16:37:44,707 INFO HAYC.N0000 OK
2026-05-21 16:37:44,726 INFO MGT.N0000 OK
2026-05-21 16:37:44,878 INFO HEXP.N0000 OK
2026-05-21 16:37:44,921 INFO CONN.N0000 OK
2026-05-21 16:37:44,937 INFO CITH.N0000 OK
2026-05-21 16:37:44,994 INFO HAYL.N0000 OK
2026-05-21 16:37:45,003 INFO HHL.N0000 OK
2026-05-21 16:37:45,024 INFO HASU.N0000 OK
2026-05-21 16:37:45,046 INFO HELA.N0000 OK
2026-05-21 16:37:45,153 INFO HNBF.N0000 OK
2026-05-21 16:37:45,377 INFO HNBF.X0000 OK
2026-05-21 16:37:45,407 INFO HOPL.N0000 OK
2026-05-21 16:37:45,545 INFO HSIG.N0000 OK
2026-05-21 16:37:45,590 INFO HDFC.N0000 OK
2026-05-21 16:37:45,628 INFO HBS.N0000 OK
2026-05-21 16:37:45,666 INFO HUNA.N0000 OK
2026-05-21 16:37:45,706 INFO HVA.N0000 OK
2026-05-21 16:37:45,719 INFO HUNT.N0000 OK
2026-05-21 16:37:45,724 INFO ASPH.N0000 OK
2026-05-21 16:37:45,822 INFO INME.N0000 OK
2026-05-21 16:37:45,988 INFO JINS.N0000 OK
2026-05-21 16:37:46,061 INFO BFN.N0000 OK
2026-05-21 16:37:46,201 INFO JAT.N0000 OK
2026-05-21 16:37:46,248 INFO JKH.N0000 OK
2026-05-21 16:37:46,250 INFO JETS.N0000 OK
2026-05-21 16:37:46,284 INFO KHL.N0000 OK
2026-05-21 16:37:46,310 INFO JFP.N0000 OK
2026-05-21 16:37:46,398 INFO KAHA.N0000 OK
2026-05-21 16:37:46,401 INFO JKL.N0000 OK
2026-05-21 16:37:46,484 INFO KPHL.N0000 OK
2026-05-21 16:37:46,656 INFO KFP.N0000 OK
2026-05-21 16:37:46,740 INFO KGAL.N0000 OK
2026-05-21 16:37:46,876 INFO KDL.N0000 OK
2026-05-21 16:37:46,914 INFO KVAL.N0000 OK
2026-05-21 16:37:46,915 INFO KCAB.N0000 OK
2026-05-21 16:37:46,930 INFO TYRE.N0000 OK
2026-05-21 16:37:46,989 INFO CPRT.N0000 OK
2026-05-21 16:37:47,061 INFO LAMB.N0000 OK
2026-05-21 16:37:47,063 INFO KOTA.N0000 OK
2026-05-21 16:37:47,152 INFO LOLC.N0000 OK
2026-05-21 16:37:47,310 INFO LVEF.N0000 OK
2026-05-21 16:37:47,401 INFO LPRT.N0000 OK
2026-05-21 16:37:47,548 INFO LALU.N0000 OK
2026-05-21 16:37:47,598 INFO CERA.N0000 OK
2026-05-21 16:37:47,605 INFO ASHO.N0000 OK
2026-05-21 16:37:47,619 INFO LCBF.N0000 OK
2026-05-21 16:37:47,653 INFO LIOC.N0000 OK
2026-05-21 16:37:47,749 INFO LMF.N0000 OK
2026-05-21 16:37:47,752 INFO ASCO.N0000 OK
2026-05-21 16:37:47,814 INFO TILE.N0000 OK
2026-05-21 16:37:47,963 INFO LVEN.N0000 OK
2026-05-21 16:37:48,050 INFO LWL.N0000 OK
2026-05-21 16:37:48,215 INFO LCEY.N0000 OK
2026-05-21 16:37:48,311 INFO LGL.N0000 OK
2026-05-21 16:37:48,328 INFO LDEV.N0000 OK
2026-05-21 16:37:48,353 INFO LGL.X0000 OK
2026-05-21 16:37:48,358 INFO LPL.N0000 OK
2026-05-21 16:37:48,416 INFO LITE.N0000 OK
2026-05-21 16:37:48,426 INFO LPL.X0000 OK
2026-05-21 16:37:48,487 INFO LFIN.N0000 OK
2026-05-21 16:37:48,631 INFO SHAW.N0000 OK
2026-05-21 16:37:48,704 INFO LION.N0000 OK
2026-05-21 16:37:48,921 INFO LOFC.N0000 OK
2026-05-21 16:37:48,998 INFO LGIL.N0000 OK
2026-05-21 16:37:49,003 INFO HPFL.N0000 OK
2026-05-21 16:37:49,032 INFO LUMX.N0000 OK
2026-05-21 16:37:49,052 INFO MADU.N0000 OK
2026-05-21 16:37:49,085 INFO MFPE.N0000 OK
2026-05-21 16:37:49,087 INFO MCPL.N0000 OK
2026-05-21 16:37:49,140 INFO MRH.N0000 OK
2026-05-21 16:37:49,302 INFO MAL.N0000 OK
2026-05-21 16:37:49,345 INFO MAL.X0000 OK
2026-05-21 16:37:49,589 INFO MELS.N0000 OK
2026-05-21 16:37:49,639 INFO MARA.N0000 OK
2026-05-21 16:37:49,656 INFO MASK.N0000 OK
2026-05-21 16:37:49,738 INFO MERC.N0000 OK
2026-05-21 16:37:49,741 INFO MSL.N0000 OK
2026-05-21 16:37:49,778 INFO MHDL.N0000 OK
2026-05-21 16:37:49,781 INFO MBSL.N0000 OK
2026-05-21 16:37:49,809 INFO MULL.N0000 OK
2026-05-21 16:37:49,961 INFO MDL.N0000 OK
2026-05-21 16:37:50,007 INFO NAMU.N0000 OK
2026-05-21 16:37:50,179 INFO CSF.N0000 OK
2026-05-21 16:37:50,216 INFO NDB.N0000 OK
2026-05-21 16:37:50,325 INFO NTB.N0000 OK
2026-05-21 16:37:50,400 INFO NTB.X0000 OK
2026-05-21 16:37:50,418 INFO NHL.N0000 OK
2026-05-21 16:37:50,447 INFO ODEL.N0000 OK
2026-05-21 16:37:50,461 INFO OFEQ.N0000 OK
2026-05-21 16:37:50,467 INFO ONAL.N0000 OK
2026-05-21 16:37:50,626 INFO OSEA.N0000 OK
2026-05-21 16:37:50,695 INFO PALM.N0000 OK
2026-05-21 16:37:50,856 INFO PABC.N0000 OK
2026-05-21 16:37:50,893 INFO PAP.N0000 OK
2026-05-21 16:37:51,101 INFO PINS.N0000 OK
2026-05-21 16:37:51,109 INFO PARA.N0000 OK
2026-05-21 16:37:51,120 INFO PEG.N0000 OK
2026-05-21 16:37:51,148 INFO PLC.N0000 OK
2026-05-21 16:37:51,157 INFO GLAS.N0000 OK
2026-05-21 16:37:51,163 INFO PMB.N0000 OK
2026-05-21 16:37:51,293 INFO PLR.N0000 OK
2026-05-21 16:37:51,368 INFO CARE.N0000 OK
2026-05-21 16:37:51,538 INFO RIL.N0000 OK
2026-05-21 16:37:51,575 INFO RGEM.N0000 OK
2026-05-21 16:37:51,766 INFO RWSL.N0000 OK
2026-05-21 16:37:51,775 INFO RFL.N0000 OK
2026-05-21 16:37:51,787 INFO RAL.N0000 OK
2026-05-21 16:37:51,838 INFO RENU.N0000 OK
2026-05-21 16:37:51,841 INFO COCO.N0000 OK
2026-05-21 16:37:51,865 INFO COCO.X0000 OK
2026-05-21 16:37:51,948 INFO RHL.N0000 OK
2026-05-21 16:37:52,035 INFO RHL.X0000 OK
2026-05-21 16:37:52,216 INFO RCH.N0000 OK
2026-05-21 16:37:52,258 INFO HPWR.N0000 OK
2026-05-21 16:37:52,423 INFO RICH.N0000 OK
2026-05-21 16:37:52,447 INFO RCL.N0000 OK
2026-05-21 16:37:52,450 INFO REXP.N0000 OK
2026-05-21 16:37:52,523 INFO SIL.N0000 OK
2026-05-21 16:37:52,524 INFO SAMP.N0000 OK
2026-05-21 16:37:52,536 INFO RPBH.N0000 OK
2026-05-21 16:37:52,612 INFO SDB.N0000 OK
2026-05-21 16:37:52,695 INFO SDF.N0000 OK
2026-05-21 16:37:52,869 INFO SMOT.N0000 OK
2026-05-21 16:37:52,918 INFO SFCL.N0000 OK
2026-05-21 16:37:53,096 INFO SHOT.N0000 OK
2026-05-21 16:37:53,115 INFO SHOT.X0000 OK
2026-05-21 16:37:53,119 INFO SLND.N0000 OK
2026-05-21 16:37:53,190 INFO SEYB.X0000 OK
2026-05-21 16:37:53,206 INFO CSD.N0000 OK
2026-05-21 16:37:53,221 INFO SEYB.N0000 OK
2026-05-21 16:37:53,273 INFO SIRA.N0000 OK
2026-05-21 16:37:53,353 INFO SIGV.N0000 OK
2026-05-21 16:37:53,525 INFO SINS.N0000 OK
2026-05-21 16:37:53,591 INFO SFIN.N0000 OK
2026-05-21 16:37:53,757 INFO SINH.N0000 OK
2026-05-21 16:37:53,802 INFO SEMB.X0000 OK
2026-05-21 16:37:53,827 INFO SEMB.N0000 OK
2026-05-21 16:37:53,855 INFO SCAP.N0000 OK
2026-05-21 16:37:53,874 INFO SHL.N0000 OK
2026-05-21 16:37:53,892 INFO CRL.N0000 OK
2026-05-21 16:37:53,933 INFO AAIC.N0000 OK
2026-05-21 16:37:54,008 INFO SLTL.N0000 OK
2026-05-21 16:37:54,111 INFO SING.N0000 OK
2026-05-21 16:37:54,244 INFO SUN.N0000 OK
2026-05-21 16:37:54,382 INFO SWAD.N0000 OK
2026-05-21 16:37:54,461 INFO PARQ.N0000 OK
2026-05-21 16:37:54,511 INFO TAJ.N0000 OK
2026-05-21 16:37:54,547 INFO TPL.N0000 OK
2026-05-21 16:37:54,566 INFO TSML.N0000 OK
2026-05-21 16:37:54,566 INFO TANG.N0000 OK
2026-05-21 16:37:54,613 INFO TJL.N0000 OK
2026-05-21 16:37:54,669 INFO TESS.N0000 OK
2026-05-21 16:37:54,765 INFO TESS.X0000 OK
2026-05-21 16:37:54,905 INFO LHL.N0000 OK
2026-05-21 16:37:55,079 INFO AUTO.N0000 OK
2026-05-21 16:37:55,128 INFO CFLB.N0000 OK
2026-05-21 16:37:55,168 INFO RHTL.N0000 OK
2026-05-21 16:37:55,216 INFO KHC.N0000 OK
2026-05-21 16:37:55,273 INFO LHCL.N0000 OK
2026-05-21 16:37:55,296 INFO SERV.N0000 OK
2026-05-21 16:37:55,321 INFO NEH.N0000 OK
2026-05-21 16:37:55,345 INFO TAFL.N0000 OK
2026-05-21 16:37:55,423 INFO TKYO.N0000 OK
2026-05-21 16:37:55,565 INFO TKYO.X0000 OK
2026-05-21 16:37:55,734 INFO TRAN.N0000 OK
2026-05-21 16:37:55,783 INFO UBF.N0000 OK
2026-05-21 16:37:55,828 INFO UDPL.N0000 OK
2026-05-21 16:37:55,901 INFO UAL.N0000 OK
2026-05-21 16:37:55,941 INFO UBC.N0000 OK
2026-05-21 16:37:55,966 INFO UCAR.N0000 OK
2026-05-21 16:37:56,006 INFO VFIN.N0000 OK
2026-05-21 16:37:56,022 INFO UML.N0000 OK
2026-05-21 16:37:56,073 INFO VONE.N0000 OK
2026-05-21 16:37:56,232 INFO VPEL.N0000 OK
2026-05-21 16:37:56,397 INFO VLL.N0000 OK
2026-05-21 16:37:56,435 INFO VLL.X0000 OK
2026-05-21 16:37:56,483 INFO CITW.N0000 OK
2026-05-21 16:37:56,562 INFO WATA.N0000 OK
2026-05-21 16:37:56,599 INFO WIND.N0000 OK
2026-05-21 16:37:56,615 INFO YORK.N0000 OK
2026-05-21 16:37:56,679 INFO JXG.N0000 OK
2026-05-21 16:37:56,680 INFO WLTH.N0000 OK
2026-05-21 16:37:56,694 INFO Wrote 302 rows to /home/runner/work/cse-scraper/cse-scraper/data/2026-05-21/all_company_info_2026-05-21.csv
2026-05-21 16:37:56,694 INFO Symbols: 302, success: 302, failures: 0
