2026-07-13 16:29:23,373 INFO Saved: data/2026-07-13/tradeSummary_2026-07-13.json
2026-07-13 16:29:24,377 INFO Saved: data/2026-07-13/todaySharePrice_2026-07-13.json
2026-07-13 16:29:25,499 INFO Saved: data/2026-07-13/topGainers_2026-07-13.json
2026-07-13 16:29:26,937 INFO Saved: data/2026-07-13/topLooses_2026-07-13.json
2026-07-13 16:29:28,108 INFO Saved: data/2026-07-13/mostActiveTrades_2026-07-13.json
2026-07-13 16:29:29,101 INFO Saved: data/2026-07-13/marketSummery_2026-07-13.json
2026-07-13 16:29:30,123 INFO Saved: data/2026-07-13/aspiData_2026-07-13.json
2026-07-13 16:29:31,120 INFO Saved: data/2026-07-13/snpData_2026-07-13.json
2026-07-13 16:29:31,825 INFO Saved: data/2026-07-13/allSectors_2026-07-13.json
2026-07-13 16:29:33,249 INFO Saved: data/2026-07-13/detailedTrades_2026-07-13.json
2026-07-13 16:29:33,951 INFO Saved: data/2026-07-13/dailyMarketSummery_2026-07-13.json
2026-07-13 16:29:35,098 INFO Saved: data/2026-07-13/getContributors_2026-07-13.json
2026-07-13 16:29:40,314 INFO Saved: data/2026-07-13/getContributorsChart_2026-07-13.json
2026-07-13 16:29:40,314 INFO Saved 13 files (0 errors)
2026-07-13 16:29:41,915 INFO ABAN.N0000 OK
2026-07-13 16:29:41,959 INFO APLA.N0000 OK
2026-07-13 16:29:41,966 INFO AFSL.N0000 OK
2026-07-13 16:29:41,981 INFO AEL.N0000 OK
2026-07-13 16:29:41,986 INFO AGST.N0000 OK
2026-07-13 16:29:42,049 INFO AGAL.N0000 OK
2026-07-13 16:29:42,061 INFO AGST.X0000 OK
2026-07-13 16:29:42,083 INFO ACL.N0000 OK
2026-07-13 16:29:42,086 INFO ACME.N0000 OK
2026-07-13 16:29:42,095 INFO AGPL.N0000 OK
2026-07-13 16:29:42,697 INFO AHUN.N0000 OK
2026-07-13 16:29:42,707 INFO ALUM.N0000 OK
2026-07-13 16:29:42,756 INFO AFS.N0000 OK
2026-07-13 16:29:42,777 INFO SPEN.N0000 OK
2026-07-13 16:29:42,787 INFO ALLI.N0000 OK
2026-07-13 16:29:43,081 INFO ABL.N0000 OK
2026-07-13 16:29:43,094 INFO ATL.N0000 OK
2026-07-13 16:29:43,094 INFO GREG.N0000 OK
2026-07-13 16:29:43,178 INFO TAP.N0000 OK
2026-07-13 16:29:43,213 INFO ATLL.N0000 OK
2026-07-13 16:29:43,443 INFO AMCL.N0000 OK
2026-07-13 16:29:43,733 INFO ALHP.N0000 OK
2026-07-13 16:29:43,738 INFO ACAP.N0000 OK
2026-07-13 16:29:43,740 INFO AAF.N0000 OK
2026-07-13 16:29:43,795 INFO AINS.N0000 OK
2026-07-13 16:29:43,869 INFO ASIY.N0000 OK
2026-07-13 16:29:44,097 INFO AHPL.N0000 OK
2026-07-13 16:29:44,105 INFO AMSL.N0000 OK
2026-07-13 16:29:44,107 INFO ASIR.N0000 OK
2026-07-13 16:29:44,172 INFO AMF.N0000 OK
2026-07-13 16:29:44,453 INFO BALA.N0000 OK
2026-07-13 16:29:44,465 INFO BFL.N0000 OK
2026-07-13 16:29:44,467 INFO BPPL.N0000 OK
2026-07-13 16:29:44,748 INFO BERU.N0000 OK
2026-07-13 16:29:44,759 INFO BRR.N0000 OK
2026-07-13 16:29:44,760 INFO BLI.N0000 OK
2026-07-13 16:29:45,183 INFO BOGA.N0000 OK
2026-07-13 16:29:45,206 INFO BRWN.N0000 OK
2026-07-13 16:29:45,211 INFO BLUE.X0000 OK
2026-07-13 16:29:45,216 INFO BLUE.N0000 OK
2026-07-13 16:29:45,231 INFO BUKI.N0000 OK
2026-07-13 16:29:45,231 INFO BOPL.N0000 OK
2026-07-13 16:29:45,334 INFO BIL.N0000 OK
2026-07-13 16:29:45,465 INFO CIC.N0000 OK
2026-07-13 16:29:45,539 INFO CIC.X0000 OK
2026-07-13 16:29:45,560 INFO COLO.N0000 OK
2026-07-13 16:29:45,896 INFO CTHR.N0000 OK
2026-07-13 16:29:46,001 INFO CTLD.N0000 OK
2026-07-13 16:29:46,252 INFO CBNK.N0000 OK
2026-07-13 16:29:46,263 INFO CWM.N0000 OK
2026-07-13 16:29:46,271 INFO CSLK.N0000 OK
2026-07-13 16:29:46,273 INFO CARG.N0000 OK
2026-07-13 16:29:46,276 INFO CABO.N0000 OK
2026-07-13 16:29:46,304 INFO CALT.N0000 OK
2026-07-13 16:29:46,356 INFO CALH.N0000 OK
2026-07-13 16:29:46,546 INFO CARS.N0000 OK
2026-07-13 16:29:46,698 INFO CFIN.N0000 OK
2026-07-13 16:29:46,708 INFO CIND.N0000 OK
2026-07-13 16:29:47,015 INFO CCS.N0000 OK
2026-07-13 16:29:47,018 INFO GRAN.N0000 OK
2026-07-13 16:29:47,064 INFO CINS.N0000 OK
2026-07-13 16:29:47,073 INFO CINS.X0000 OK
2026-07-13 16:29:47,101 INFO BREW.N0000 OK
2026-07-13 16:29:47,202 INFO GUAR.N0000 OK
2026-07-13 16:29:47,547 INFO CHL.X0000 OK
2026-07-13 16:29:47,550 INFO CINV.N0000 OK
2026-07-13 16:29:47,677 INFO CHOT.N0000 OK
2026-07-13 16:29:47,684 INFO CHL.N0000 OK
2026-07-13 16:29:47,735 INFO CTBL.N0000 OK
2026-07-13 16:29:47,740 INFO KZOO.N0000 OK
2026-07-13 16:29:47,900 INFO CHMX.N0000 OK
2026-07-13 16:29:47,906 INFO CTC.N0000 OK
2026-07-13 16:29:47,979 INFO LLUB.N0000 OK
2026-07-13 16:29:48,223 INFO CWL.N0000 OK
2026-07-13 16:29:48,624 INFO COOP.N0000 OK
2026-07-13 16:29:48,628 INFO CDB.X0000 OK
2026-07-13 16:29:48,630 INFO CHOU.N0000 OK
2026-07-13 16:29:48,648 INFO CFI.N0000 OK
2026-07-13 16:29:48,650 INFO CDB.N0000 OK
2026-07-13 16:29:48,681 INFO PHAR.N0000 OK
2026-07-13 16:29:48,686 INFO REEF.N0000 OK
2026-07-13 16:29:48,699 INFO DOCK.N0000 OK
2026-07-13 16:29:49,477 INFO DFCC.N0000 OK
2026-07-13 16:29:49,501 INFO DPL.N0000 OK
2026-07-13 16:29:49,506 INFO CIT.N0000 OK
2026-07-13 16:29:49,568 INFO SOY.N0000 OK
2026-07-13 16:29:49,582 INFO COMB.X0000 OK
2026-07-13 16:29:49,597 INFO COCR.N0000 OK
2026-07-13 16:29:49,600 INFO DIAL.N0000 OK
2026-07-13 16:29:49,606 INFO COMB.N0000 OK
2026-07-13 16:29:49,609 INFO CLND.N0000 OK
2026-07-13 16:29:49,614 INFO COMD.N0000 OK
2026-07-13 16:29:50,630 INFO DIPD.N0000 OK
2026-07-13 16:29:50,647 INFO PKME.N0000 OK
2026-07-13 16:29:50,653 INFO DIST.N0000 OK
2026-07-13 16:29:50,656 INFO DIMO.N0000 OK
2026-07-13 16:29:50,704 INFO CTEA.N0000 OK
2026-07-13 16:29:50,706 INFO CALF.N0000 OK
2026-07-13 16:29:50,712 INFO EBCR.N0000 OK
2026-07-13 16:29:50,714 INFO STAF.N0000 OK
2026-07-13 16:29:50,732 INFO ECL.N0000 OK
2026-07-13 16:29:50,761 INFO EML.N0000 OK
2026-07-13 16:29:51,363 INFO EMER.N0000 OK
2026-07-13 16:29:51,385 INFO ELPL.N0000 OK
2026-07-13 16:29:51,413 INFO EAST.N0000 OK
2026-07-13 16:29:51,438 INFO ETWO.N0000 OK
2026-07-13 16:29:51,442 INFO EDEN.N0000 OK
2026-07-13 16:29:51,465 INFO FCT.N0000 OK
2026-07-13 16:29:51,504 INFO PACK.N0000 OK
2026-07-13 16:29:51,506 INFO CFVF.N0000 OK
2026-07-13 16:29:51,549 INFO GHLL.N0000 OK
2026-07-13 16:29:51,551 INFO EXT.N0000 OK
2026-07-13 16:29:52,456 INFO HNB.N0000 OK
2026-07-13 16:29:52,510 INFO HPL.N0000 OK
2026-07-13 16:29:52,529 INFO MGT.N0000 OK
2026-07-13 16:29:52,548 INFO HARI.N0000 OK
2026-07-13 16:29:52,551 INFO GEST.N0000 OK
2026-07-13 16:29:52,554 INFO WAPO.N0000 OK
2026-07-13 16:29:52,554 INFO HAPU.N0000 OK
2026-07-13 16:29:52,574 INFO MEL.N0000 OK
2026-07-13 16:29:52,590 INFO HNB.X0000 OK
2026-07-13 16:29:52,598 INFO HAYC.N0000 OK
2026-07-13 16:29:53,478 INFO HNBF.X0000 OK
2026-07-13 16:29:53,531 INFO CONN.N0000 OK
2026-07-13 16:29:53,534 INFO HHL.N0000 OK
2026-07-13 16:29:53,537 INFO HAYL.N0000 OK
2026-07-13 16:29:53,550 INFO HELA.N0000 OK
2026-07-13 16:29:53,553 INFO CITH.N0000 OK
2026-07-13 16:29:53,553 INFO HOPL.N0000 OK
2026-07-13 16:29:53,557 INFO HASU.N0000 OK
2026-07-13 16:29:53,559 INFO HNBF.N0000 OK
2026-07-13 16:29:53,612 INFO HEXP.N0000 OK
2026-07-13 16:29:54,184 INFO HSIG.N0000 OK
2026-07-13 16:29:54,637 INFO BFN.N0000 OK
2026-07-13 16:29:54,639 INFO ASPH.N0000 OK
2026-07-13 16:29:54,648 INFO HVA.N0000 OK
2026-07-13 16:29:54,658 INFO INME.N0000 OK
2026-07-13 16:29:54,676 INFO HUNT.N0000 OK
2026-07-13 16:29:54,683 INFO HUNA.N0000 OK
2026-07-13 16:29:54,718 INFO JINS.N0000 OK
2026-07-13 16:29:54,725 INFO HBS.N0000 OK
2026-07-13 16:29:54,731 INFO HDFC.N0000 OK
2026-07-13 16:29:55,240 INFO JAT.N0000 OK
2026-07-13 16:29:56,171 INFO JKH.N0000 OK
2026-07-13 16:29:56,174 INFO JKL.N0000 OK
2026-07-13 16:29:56,177 INFO KPHL.N0000 OK
2026-07-13 16:29:56,177 INFO KHL.N0000 OK
2026-07-13 16:29:56,182 INFO KFP.N0000 OK
2026-07-13 16:29:56,221 INFO KAHA.N0000 OK
2026-07-13 16:29:56,241 INFO JETS.N0000 OK
2026-07-13 16:29:56,243 INFO JFP.N0000 OK
2026-07-13 16:29:56,259 INFO KGAL.N0000 OK
2026-07-13 16:29:56,268 INFO KCAB.N0000 OK
2026-07-13 16:29:57,235 INFO KOTA.N0000 OK
2026-07-13 16:29:57,302 INFO LVEF.N0000 OK
2026-07-13 16:29:57,324 INFO CPRT.N0000 OK
2026-07-13 16:29:57,325 INFO KVAL.N0000 OK
2026-07-13 16:29:57,326 INFO LPRT.N0000 OK
2026-07-13 16:29:57,331 INFO KDL.N0000 OK
2026-07-13 16:29:57,333 INFO TYRE.N0000 OK
2026-07-13 16:29:57,373 INFO LALU.N0000 OK
2026-07-13 16:29:57,385 INFO LOLC.N0000 OK
2026-07-13 16:29:57,397 INFO LAMB.N0000 OK
2026-07-13 16:29:58,551 INFO LMF.N0000 OK
2026-07-13 16:29:58,632 INFO LCBF.N0000 OK
2026-07-13 16:29:58,637 INFO ASHO.N0000 OK
2026-07-13 16:29:58,650 INFO LIOC.N0000 OK
2026-07-13 16:29:58,652 INFO LVEN.N0000 OK
2026-07-13 16:29:58,678 INFO TILE.N0000 OK
2026-07-13 16:29:58,681 INFO LWL.N0000 OK
2026-07-13 16:29:58,711 INFO CERA.N0000 OK
2026-07-13 16:29:58,748 INFO ASCO.N0000 OK
2026-07-13 16:29:58,749 INFO LCEY.N0000 OK
2026-07-13 16:29:59,624 INFO LPL.N0000 OK
2026-07-13 16:29:59,634 INFO LOFC.N0000 OK
2026-07-13 16:29:59,644 INFO LGL.N0000 OK
2026-07-13 16:29:59,661 INFO LPL.X0000 OK
2026-07-13 16:29:59,664 INFO SHAW.N0000 OK
2026-07-13 16:29:59,717 INFO LFIN.N0000 OK
2026-07-13 16:29:59,738 INFO LION.N0000 OK
2026-07-13 16:29:59,747 INFO LGL.X0000 OK
2026-07-13 16:29:59,750 INFO LDEV.N0000 OK
2026-07-13 16:29:59,750 INFO LITE.N0000 OK
2026-07-13 16:30:00,679 INFO MRH.N0000 OK
2026-07-13 16:30:00,683 INFO MFPE.N0000 OK
2026-07-13 16:30:00,696 INFO MARA.N0000 OK
2026-07-13 16:30:00,729 INFO MADU.N0000 OK
2026-07-13 16:30:00,730 INFO MCPL.N0000 OK
2026-07-13 16:30:00,734 INFO LGIL.N0000 OK
2026-07-13 16:30:00,740 INFO MAL.X0000 OK
2026-07-13 16:30:00,833 INFO HPFL.N0000 OK
2026-07-13 16:30:00,915 INFO MAL.N0000 OK
2026-07-13 16:30:00,923 INFO LUMX.N0000 OK
2026-07-13 16:30:01,980 INFO MDL.N0000 OK
2026-07-13 16:30:01,987 INFO CSF.N0000 OK
2026-07-13 16:30:01,992 INFO MBSL.N0000 OK
2026-07-13 16:30:01,995 INFO MASK.N0000 OK
2026-07-13 16:30:01,997 INFO MSL.N0000 OK
2026-07-13 16:30:02,025 INFO MERC.N0000 OK
2026-07-13 16:30:02,076 INFO MULL.N0000 OK
2026-07-13 16:30:02,103 INFO MHDL.N0000 OK
2026-07-13 16:30:02,168 INFO NAMU.N0000 OK
2026-07-13 16:30:02,178 INFO MELS.N0000 OK
2026-07-13 16:30:03,083 INFO ODEL.N0000 OK
2026-07-13 16:30:03,086 INFO PABC.N0000 OK
2026-07-13 16:30:03,112 INFO OSEA.N0000 OK
2026-07-13 16:30:03,116 INFO NDB.N0000 OK
2026-07-13 16:30:03,118 INFO PALM.N0000 OK
2026-07-13 16:30:03,210 INFO NTB.N0000 OK
2026-07-13 16:30:03,240 INFO NHL.N0000 OK
2026-07-13 16:30:03,272 INFO NTB.X0000 OK
2026-07-13 16:30:03,286 INFO ONAL.N0000 OK
2026-07-13 16:30:03,286 INFO OFEQ.N0000 OK
2026-07-13 16:30:04,231 INFO PAP.N0000 OK
2026-07-13 16:30:04,258 INFO RIL.N0000 OK
2026-07-13 16:30:04,273 INFO PEG.N0000 OK
2026-07-13 16:30:04,277 INFO PINS.N0000 OK
2026-07-13 16:30:04,279 INFO PLR.N0000 OK
2026-07-13 16:30:04,353 INFO PMB.N0000 OK
2026-07-13 16:30:04,366 INFO PARA.N0000 OK
2026-07-13 16:30:04,384 INFO PLC.N0000 OK
2026-07-13 16:30:04,384 INFO CARE.N0000 OK
2026-07-13 16:30:04,431 INFO GLAS.N0000 OK
2026-07-13 16:30:04,995 INFO RGEM.N0000 OK
2026-07-13 16:30:05,281 INFO RHL.N0000 OK
2026-07-13 16:30:05,321 INFO RHL.X0000 OK
2026-07-13 16:30:05,352 INFO COCO.N0000 OK
2026-07-13 16:30:05,384 INFO RCH.N0000 OK
2026-07-13 16:30:05,403 INFO RFL.N0000 OK
2026-07-13 16:30:05,407 INFO RENU.N0000 OK
2026-07-13 16:30:05,459 INFO COCO.X0000 OK
2026-07-13 16:30:05,466 INFO RAL.N0000 OK
2026-07-13 16:30:05,466 INFO RWSL.N0000 OK
2026-07-13 16:30:05,787 INFO HPWR.N0000 OK
2026-07-13 16:30:06,396 INFO SIL.N0000 OK
2026-07-13 16:30:06,425 INFO SDB.N0000 OK
2026-07-13 16:30:06,428 INFO SDF.N0000 OK
2026-07-13 16:30:06,450 INFO SAMP.N0000 OK
2026-07-13 16:30:06,468 INFO RCL.N0000 OK
2026-07-13 16:30:06,498 INFO SFCL.N0000 OK
2026-07-13 16:30:06,514 INFO REXP.N0000 OK
2026-07-13 16:30:06,524 INFO RPBH.N0000 OK
2026-07-13 16:30:06,527 INFO SMOT.N0000 OK
2026-07-13 16:30:06,529 INFO RICH.N0000 OK
2026-07-13 16:30:07,111 INFO SHOT.N0000 OK
2026-07-13 16:30:07,697 INFO SLND.N0000 OK
2026-07-13 16:30:07,700 INFO SIGV.N0000 OK
2026-07-13 16:30:07,712 INFO SIRA.N0000 OK
2026-07-13 16:30:07,745 INFO SFIN.N0000 OK
2026-07-13 16:30:07,748 INFO SHOT.X0000 OK
2026-07-13 16:30:07,762 INFO SEYB.X0000 OK
2026-07-13 16:30:07,765 INFO CSD.N0000 OK
2026-07-13 16:30:07,767 INFO SINS.N0000 OK
2026-07-13 16:30:07,797 INFO SEYB.N0000 OK
2026-07-13 16:30:07,812 INFO SINH.N0000 OK
2026-07-13 16:30:08,430 INFO SEMB.N0000 OK
2026-07-13 16:30:09,088 INFO SLTL.N0000 OK
2026-07-13 16:30:09,089 INFO SEMB.X0000 OK
2026-07-13 16:30:09,113 INFO SCAP.N0000 OK
2026-07-13 16:30:09,126 INFO SHL.N0000 OK
2026-07-13 16:30:09,129 INFO SING.N0000 OK
2026-07-13 16:30:09,131 INFO SUN.N0000 OK
2026-07-13 16:30:09,134 INFO SWAD.N0000 OK
2026-07-13 16:30:09,139 INFO AAIC.N0000 OK
2026-07-13 16:30:09,146 INFO PARQ.N0000 OK
2026-07-13 16:30:09,214 INFO CRL.N0000 OK
2026-07-13 16:30:09,807 INFO TPL.N0000 OK
2026-07-13 16:30:09,863 INFO TANG.N0000 OK
2026-07-13 16:30:09,880 INFO TAJ.N0000 OK
2026-07-13 16:30:10,125 INFO TJL.N0000 OK
2026-07-13 16:30:10,158 INFO TESS.X0000 OK
2026-07-13 16:30:10,206 INFO TSML.N0000 OK
2026-07-13 16:30:10,246 INFO TESS.N0000 OK
2026-07-13 16:30:10,246 INFO CFLB.N0000 OK
2026-07-13 16:30:10,267 INFO AUTO.N0000 OK
2026-07-13 16:30:10,270 INFO LHL.N0000 OK
2026-07-13 16:30:10,592 INFO SERV.N0000 OK
2026-07-13 16:30:10,595 INFO RHTL.N0000 OK
2026-07-13 16:30:10,656 INFO KHC.N0000 OK
2026-07-13 16:30:11,722 INFO LHCL.N0000 OK
2026-07-13 16:30:11,725 INFO TKYO.N0000 OK
2026-07-13 16:30:11,727 INFO UDPL.N0000 OK
2026-07-13 16:30:11,739 INFO TKYO.X0000 OK
2026-07-13 16:30:11,742 INFO UBF.N0000 OK
2026-07-13 16:30:11,757 INFO TRAN.N0000 OK
2026-07-13 16:30:11,788 INFO NEH.N0000 OK
2026-07-13 16:30:11,811 INFO UAL.N0000 OK
2026-07-13 16:30:11,813 INFO TAFL.N0000 OK
2026-07-13 16:30:11,818 INFO UBC.N0000 OK
2026-07-13 16:30:13,224 INFO VFIN.N0000 OK
2026-07-13 16:30:13,230 INFO UML.N0000 OK
2026-07-13 16:30:13,251 INFO WIND.N0000 OK
2026-07-13 16:30:13,263 INFO VONE.N0000 OK
2026-07-13 16:30:13,279 INFO UCAR.N0000 OK
2026-07-13 16:30:13,306 INFO WATA.N0000 OK
2026-07-13 16:30:13,328 INFO CITW.N0000 OK
2026-07-13 16:30:13,330 INFO VLL.X0000 OK
2026-07-13 16:30:13,389 INFO VLL.N0000 OK
2026-07-13 16:30:13,400 INFO VPEL.N0000 OK
2026-07-13 16:30:14,317 INFO JXG.N0000 OK
2026-07-13 16:30:14,320 INFO YORK.N0000 OK
2026-07-13 16:30:14,385 INFO WLTH.N0000 OK
2026-07-13 16:30:14,401 INFO Wrote 302 rows to /home/runner/work/cse-scraper/cse-scraper/data/2026-07-13/all_company_info_2026-07-13.csv
2026-07-13 16:30:14,401 INFO Symbols: 302, success: 302, failures: 0
